
HepPDT-ParticleDataTable-begin
             *****  ParticleDataTable  *****
             Table Name : Pythia Table
                  ( 520 entries )
PARTICLE NAME                 ID  CHARGE COLOR SPIN: J  S   L   MASS                     WIDTH                    LIFETIME
p_diffrbar-             -9912212      -1     0  0.5    0    0  0.00000e+00+/-0.00000e+00  0.0000e+00+/-0.0000e+00  0.0000e+00+/-0.0000e+00
n_diffrbar0             -9912112       0     0  0.5    0    0  0.00000e+00+/-0.00000e+00  0.0000e+00+/-0.0000e+00  0.0000e+00+/-0.0000e+00
pi_diffr-               -9910211      -1     0    0    0    0  0.00000e+00+/-0.00000e+00  0.0000e+00+/-0.0000e+00  0.0000e+00+/-0.0000e+00
H_R--                   -9900042      -2     0    0    0    0  2.00000e+02+/-0.00000e+00  8.8001e-01+/-0.0000e+00  7.4796e-25+/-0.0000e+00
H_L--                   -9900041      -2     0    0    0    0  2.00000e+02+/-0.00000e+00  8.8161e-01+/-0.0000e+00  7.4660e-25+/-0.0000e+00
W_R-                    -9900024      -1     0    1    0    0  7.50000e+02+/-0.00000e+00  1.9339e+01+/-0.0000e+00  3.4035e-26+/-0.0000e+00
nu_Rtaubar              -9900016       0     0  0.5    0    0  7.50000e+02+/-0.00000e+00  0.0000e+00+/-0.0000e+00  0.0000e+00+/-0.0000e+00
nu_Rmubar               -9900014       0     0  0.5    0    0  7.50000e+02+/-0.00000e+00  0.0000e+00+/-0.0000e+00  0.0000e+00+/-0.0000e+00
nu_Rebar                -9900012       0     0  0.5    0    0  7.50000e+02+/-0.00000e+00  0.0000e+00+/-0.0000e+00  0.0000e+00+/-0.0000e+00
a_0-                    -9000211      -1     0    0    0    0  9.83500e-01+/-0.00000e+00  6.0000e-02+/-0.0000e+00  1.0970e-23+/-0.0000e+00
nu*_ebar0               -4000012       0     0  0.5    0    0  4.00000e+02+/-0.00000e+00  4.1917e-01+/-0.0000e+00  1.5703e-24+/-0.0000e+00
e*bar+                  -4000011       1     0  0.5    0    0  4.00000e+02+/-0.00000e+00  4.2901e-01+/-0.0000e+00  1.5343e-24+/-0.0000e+00
u*bar                   -4000002 -0.6667     1  0.5    0    0  4.00000e+02+/-0.00000e+00  2.6550e+00+/-0.0000e+00  2.4792e-25+/-0.0000e+00
d*bar                   -4000001  0.3333     1  0.5    0    0  4.00000e+02+/-0.00000e+00  2.6517e+00+/-0.0000e+00  2.4822e-25+/-0.0000e+00
rho_tc-                 -3000213      -1     0    1    1    0  2.10000e+02+/-0.00000e+00  6.4973e-01+/-0.0000e+00  1.0131e-24+/-0.0000e+00
pi_tc-                  -3000211      -1     0    0    0    0  1.10000e+02+/-0.00000e+00  1.0500e-02+/-0.0000e+00  6.2687e-23+/-0.0000e+00
~nu_tauRbar             -2000016       0     0  0.5    0    0  5.00000e+02+/-0.00000e+00  0.0000e+00+/-0.0000e+00  0.0000e+00+/-0.0000e+00
~tau_2+                 -2000015       1     0  0.5    0    0  5.00000e+02+/-0.00000e+00  1.0000e+00+/-0.0000e+00  6.5821e-25+/-0.0000e+00
~nu_muRbar              -2000014       0     0  0.5    0    0  5.00000e+02+/-0.00000e+00  0.0000e+00+/-0.0000e+00  0.0000e+00+/-0.0000e+00
~mu_R+                  -2000013       1     0  0.5    0    0  5.00000e+02+/-0.00000e+00  1.0000e+00+/-0.0000e+00  6.5821e-25+/-0.0000e+00
~nu_eRbar               -2000012       0     0  0.5    0    0  5.00000e+02+/-0.00000e+00  0.0000e+00+/-0.0000e+00  0.0000e+00+/-0.0000e+00
~e_R+                   -2000011       1     0  0.5    0    0  5.00000e+02+/-0.00000e+00  1.0000e+00+/-0.0000e+00  6.5821e-25+/-0.0000e+00
~t_2bar                 -2000006 -0.6667     1  0.5    0    0  5.00000e+02+/-0.00000e+00  1.0000e+00+/-0.0000e+00  6.5821e-25+/-0.0000e+00
~b_2bar                 -2000005  0.3333     1  0.5    0    0  5.00000e+02+/-0.00000e+00  1.0000e+00+/-0.0000e+00  6.5821e-25+/-0.0000e+00
~c_Rbar                 -2000004 -0.6667     1  0.5    0    0  5.00000e+02+/-0.00000e+00  1.0000e+00+/-0.0000e+00  6.5821e-25+/-0.0000e+00
~s_Rbar                 -2000003  0.3333     1  0.5    0    0  5.00000e+02+/-0.00000e+00  1.0000e+00+/-0.0000e+00  6.5821e-25+/-0.0000e+00
~u_Rbar                 -2000002 -0.6667     1  0.5    0    0  5.00000e+02+/-0.00000e+00  1.0000e+00+/-0.0000e+00  6.5821e-25+/-0.0000e+00
~d_Rbar                 -2000001  0.3333     1  0.5    0    0  5.00000e+02+/-0.00000e+00  1.0000e+00+/-0.0000e+00  6.5821e-25+/-0.0000e+00
~chi_2-                 -1000037      -1     0    0    0    0  5.00000e+02+/-0.00000e+00  1.0000e+00+/-0.0000e+00  6.5821e-25+/-0.0000e+00
~chi_1-                 -1000024      -1     0    1    0    0  5.00000e+02+/-0.00000e+00  1.0000e+00+/-0.0000e+00  6.5821e-25+/-0.0000e+00
~nu_tauLbar             -1000016       0     0  0.5    0    0  5.00000e+02+/-0.00000e+00  1.0000e+00+/-0.0000e+00  6.5821e-25+/-0.0000e+00
~tau_1+                 -1000015       1     0  0.5    0    0  5.00000e+02+/-0.00000e+00  1.0000e+00+/-0.0000e+00  6.5821e-25+/-0.0000e+00
~nu_muLbar              -1000014       0     0  0.5    0    0  5.00000e+02+/-0.00000e+00  1.0000e+00+/-0.0000e+00  6.5821e-25+/-0.0000e+00
~mu_L+                  -1000013       1     0  0.5    0    0  5.00000e+02+/-0.00000e+00  1.0000e+00+/-0.0000e+00  6.5821e-25+/-0.0000e+00
~nu_eLbar               -1000012       0     0  0.5    0    0  5.00000e+02+/-0.00000e+00  1.0000e+00+/-0.0000e+00  6.5821e-25+/-0.0000e+00
~e_L+                   -1000011       1     0  0.5    0    0  5.00000e+02+/-0.00000e+00  1.0000e+00+/-0.0000e+00  6.5821e-25+/-0.0000e+00
~t_1bar                 -1000006 -0.6667     1  0.5    0    0  5.00000e+02+/-0.00000e+00  1.0000e+00+/-0.0000e+00  6.5821e-25+/-0.0000e+00
~b_1bar                 -1000005  0.3333     1  0.5    0    0  5.00000e+02+/-0.00000e+00  1.0000e+00+/-0.0000e+00  6.5821e-25+/-0.0000e+00
~c_Lbar                 -1000004 -0.6667     1  0.5    0    0  5.00000e+02+/-0.00000e+00  1.0000e+00+/-0.0000e+00  6.5821e-25+/-0.0000e+00
~s_Lbar                 -1000003  0.3333     1  0.5    0    0  5.00000e+02+/-0.00000e+00  1.0000e+00+/-0.0000e+00  6.5821e-25+/-0.0000e+00
~u_Lbar                 -1000002 -0.6667     1  0.5    0    0  5.00000e+02+/-0.00000e+00  1.0000e+00+/-0.0000e+00  6.5821e-25+/-0.0000e+00
~d_Lbar                 -1000001  0.3333     1  0.5    0    0  5.00000e+02+/-0.00000e+00  1.0000e+00+/-0.0000e+00  6.5821e-25+/-0.0000e+00
B*_1c-                    -20543      -1     0    1    1    1  7.30000e+00+/-0.00000e+00  5.0000e-02+/-0.0000e+00  1.3164e-23+/-0.0000e+00
B*_1sbar0                 -20533       0     0    1    1    1  6.02000e+00+/-0.00000e+00  5.0000e-02+/-0.0000e+00  1.3164e-23+/-0.0000e+00
B*_1-                     -20523      -1     0    1    1    1  5.78000e+00+/-0.00000e+00  5.0000e-02+/-0.0000e+00  1.3164e-23+/-0.0000e+00
B*_1bar0                  -20513       0     0    1    1    1  5.78000e+00+/-0.00000e+00  5.0000e-02+/-0.0000e+00  1.3164e-23+/-0.0000e+00
D*_1s-                    -20433      -1     0    1    1    1  2.56000e+00+/-0.00000e+00  5.0000e-02+/-0.0000e+00  1.3164e-23+/-0.0000e+00
D*_1bar0                  -20423       0     0    1    1    1  2.37200e+00+/-0.00000e+00  5.0000e-02+/-0.0000e+00  1.3164e-23+/-0.0000e+00
D*_1-                     -20413      -1     0    1    1    1  2.37200e+00+/-0.00000e+00  5.0000e-02+/-0.0000e+00  1.3164e-23+/-0.0000e+00
K*_1-                     -20323      -1     0    1    1    1  1.40200e+00+/-0.00000e+00  1.7400e-01+/-0.0000e+00  3.7828e-24+/-0.0000e+00
K*_1bar0                  -20313       0     0    1    1    1  1.40200e+00+/-0.00000e+00  1.7400e-01+/-0.0000e+00  3.7828e-24+/-0.0000e+00
a_1-                      -20213      -1     0    1    1    1  1.23000e+00+/-0.00000e+00  4.0000e-01+/-0.0000e+00  1.6455e-24+/-0.0000e+00
B_1c-                     -10543      -1     0    1    0    1  7.30000e+00+/-0.00000e+00  5.0000e-02+/-0.0000e+00  1.3164e-23+/-0.0000e+00
B*_0c-                    -10541      -1     0    0    1    1  7.25000e+00+/-0.00000e+00  5.0000e-02+/-0.0000e+00  1.3164e-23+/-0.0000e+00
B_1sbar0                  -10533       0     0    1    0    1  5.97000e+00+/-0.00000e+00  5.0000e-02+/-0.0000e+00  1.3164e-23+/-0.0000e+00
B*_0sbar0                 -10531       0     0    0    1    1  5.92000e+00+/-0.00000e+00  5.0000e-02+/-0.0000e+00  1.3164e-23+/-0.0000e+00
B_1-                      -10523      -1     0    1    0    1  5.73000e+00+/-0.00000e+00  5.0000e-02+/-0.0000e+00  1.3164e-23+/-0.0000e+00
B*_0-                     -10521      -1     0    0    1    1  5.68000e+00+/-0.00000e+00  5.0000e-02+/-0.0000e+00  1.3164e-23+/-0.0000e+00
B_1bar0                   -10513       0     0    1    0    1  5.73000e+00+/-0.00000e+00  5.0000e-02+/-0.0000e+00  1.3164e-23+/-0.0000e+00
B*_0bar0                  -10511       0     0    0    1    1  5.68000e+00+/-0.00000e+00  5.0000e-02+/-0.0000e+00  1.3164e-23+/-0.0000e+00
D_1s-                     -10433      -1     0    1    0    1  2.53600e+00+/-0.00000e+00  0.0000e+00+/-0.0000e+00  0.0000e+00+/-0.0000e+00
D*_0s-                    -10431      -1     0    0    1    1  2.50000e+00+/-0.00000e+00  5.0000e-02+/-0.0000e+00  1.3164e-23+/-0.0000e+00
D_1bar0                   -10423       0     0    1    0    1  2.42400e+00+/-0.00000e+00  2.0000e-02+/-0.0000e+00  3.2911e-23+/-0.0000e+00
D*_0bar0                  -10421       0     0    0    1    1  2.27200e+00+/-0.00000e+00  5.0000e-02+/-0.0000e+00  1.3164e-23+/-0.0000e+00
D_1-                      -10413      -1     0    1    0    1  2.42400e+00+/-0.00000e+00  2.0000e-02+/-0.0000e+00  3.2911e-23+/-0.0000e+00
D*_0-                     -10411      -1     0    0    1    1  2.27200e+00+/-0.00000e+00  5.0000e-02+/-0.0000e+00  1.3164e-23+/-0.0000e+00
K_1-                      -10323      -1     0    1    0    1  1.29000e+00+/-0.00000e+00  9.0000e-02+/-0.0000e+00  7.3135e-24+/-0.0000e+00
K*_0-                     -10321      -1     0    0    1    1  1.42900e+00+/-0.00000e+00  2.8700e-01+/-0.0000e+00  2.2934e-24+/-0.0000e+00
K_1bar0                   -10313       0     0    1    0    1  1.29000e+00+/-0.00000e+00  9.0000e-02+/-0.0000e+00  7.3135e-24+/-0.0000e+00
K*_0bar0                  -10311       0     0    0    1    1  1.42900e+00+/-0.00000e+00  2.8700e-01+/-0.0000e+00  2.2934e-24+/-0.0000e+00
b_1-                      -10213      -1     0    1    0    1  1.23100e+00+/-0.00000e+00  1.4200e-01+/-0.0000e+00  4.6353e-24+/-0.0000e+00
Omega*_bbbbar+             -5554       1     0  1.5    0    0  1.51106e+01+/-0.00000e+00  1.7008e-24+/-0.0000e+00  3.8700e-01+/-0.0000e+00
Omega*_bbcbar0             -5544       0     0  1.5    0    0  1.17115e+01+/-0.00000e+00  1.7008e-24+/-0.0000e+00  3.8700e-01+/-0.0000e+00
Omega_bbcbar0              -5542       0     0  0.5    0    0  1.17077e+01+/-0.00000e+00  1.7008e-24+/-0.0000e+00  3.8700e-01+/-0.0000e+00
Omega*_bbbar+              -5534       1     0  1.5    0    0  1.06143e+01+/-0.00000e+00  1.7008e-24+/-0.0000e+00  3.8700e-01+/-0.0000e+00
Omega_bbbar+               -5532       1     0  0.5    0    0  1.06021e+01+/-0.00000e+00  1.7008e-24+/-0.0000e+00  3.8700e-01+/-0.0000e+00
Xi*_bbbar0                 -5524       0     0  1.5    0    0  1.04414e+01+/-0.00000e+00  1.7008e-24+/-0.0000e+00  3.8700e-01+/-0.0000e+00
Xi_bbbar0                  -5522       0     0  0.5    0    0  1.04227e+01+/-0.00000e+00  1.7008e-24+/-0.0000e+00  3.8700e-01+/-0.0000e+00
Xi*_bbbar+                 -5514       1     0  1.5    0    0  1.04414e+01+/-0.00000e+00  1.7008e-24+/-0.0000e+00  3.8700e-01+/-0.0000e+00
Xi_bbbar+                  -5512       1     0  0.5    0    0  1.04227e+01+/-0.00000e+00  1.7008e-24+/-0.0000e+00  3.8700e-01+/-0.0000e+00
bb_1bar                    -5503  0.6667     -1    1    0    0  1.00735e+01+/-0.00000e+00  0.0000e+00+/-0.0000e+00  0.0000e+00+/-0.0000e+00
Omega*_bccbar-             -5444      -1     0  1.5    0    0  8.31325e+00+/-0.00000e+00  1.7008e-24+/-0.0000e+00  3.8700e-01+/-0.0000e+00
Omega_bccbar-              -5442      -1     0  0.5    0    0  8.30945e+00+/-0.00000e+00  1.7008e-24+/-0.0000e+00  3.8700e-01+/-0.0000e+00
Omega*_bcbar0              -5434       0     0  1.5    0    0  7.21900e+00+/-0.00000e+00  1.7008e-24+/-0.0000e+00  3.8700e-01+/-0.0000e+00
Omega'_bcba                -5432       0     0  0.5    0    0  7.21101e+00+/-0.00000e+00  1.7008e-24+/-0.0000e+00  3.8700e-01+/-0.0000e+00
Xi*_bcbar-                 -5424      -1     0  1.5    0    0  7.04850e+00+/-0.00000e+00  1.7008e-24+/-0.0000e+00  3.8700e-01+/-0.0000e+00
Xi'_bcbar-                 -5422      -1     0  0.5    0    0  7.03724e+00+/-0.00000e+00  1.7008e-24+/-0.0000e+00  3.8700e-01+/-0.0000e+00
Xi*_bcbar0                 -5414       0     0  1.5    0    0  7.04850e+00+/-0.00000e+00  1.7008e-24+/-0.0000e+00  3.8700e-01+/-0.0000e+00
Xi'_bcbar0                 -5412       0     0  0.5    0    0  7.03724e+00+/-0.00000e+00  1.7008e-24+/-0.0000e+00  3.8700e-01+/-0.0000e+00
bc_1bar                    -5403 -0.3333     -1    1    0    0  6.67397e+00+/-0.00000e+00  0.0000e+00+/-0.0000e+00  0.0000e+00+/-0.0000e+00
bc_0bar                    -5401 -0.3333     -1    0    0    0  6.67143e+00+/-0.00000e+00  0.0000e+00+/-0.0000e+00  0.0000e+00+/-0.0000e+00
Omega_bcbar0               -5342       0     0  0.5    0    0  7.19099e+00+/-0.00000e+00  1.7008e-24+/-0.0000e+00  3.8700e-01+/-0.0000e+00
Omega*_bbar+               -5334       1     0  1.5    0    0  6.13000e+00+/-0.00000e+00  0.0000e+00+/-0.0000e+00  0.0000e+00+/-0.0000e+00
Omega_bbar+                -5332       1     0  0.5    0    0  6.12000e+00+/-0.00000e+00  1.7008e-24+/-0.0000e+00  3.8700e-01+/-0.0000e+00
Xi*_bbar0                  -5324       0     0  1.5    0    0  5.97000e+00+/-0.00000e+00  0.0000e+00+/-0.0000e+00  0.0000e+00+/-0.0000e+00
Xi'_bbar0                  -5322       0     0  0.5    0    0  5.96000e+00+/-0.00000e+00  0.0000e+00+/-0.0000e+00  0.0000e+00+/-0.0000e+00
Xi*_bbar+                  -5314       1     0  1.5    0    0  5.97000e+00+/-0.00000e+00  0.0000e+00+/-0.0000e+00  0.0000e+00+/-0.0000e+00
Xi'_bbar+                  -5312       1     0  0.5    0    0  5.96000e+00+/-0.00000e+00  0.0000e+00+/-0.0000e+00  0.0000e+00+/-0.0000e+00
bs_1bar                    -5303  0.6667     -1    1    0    0  5.57536e+00+/-0.00000e+00  0.0000e+00+/-0.0000e+00  0.0000e+00+/-0.0000e+00
bs_0bar                    -5301  0.6667     -1    0    0    0  5.56725e+00+/-0.00000e+00  0.0000e+00+/-0.0000e+00  0.0000e+00+/-0.0000e+00
Xi_bcbar-                  -5242      -1     0  0.5    0    0  7.00575e+00+/-0.00000e+00  1.7008e-24+/-0.0000e+00  3.8700e-01+/-0.0000e+00
Xi_bbar0                   -5232       0     0  0.5    0    0  5.84000e+00+/-0.00000e+00  1.7008e-24+/-0.0000e+00  3.8700e-01+/-0.0000e+00
Sigma*_bbar-               -5224      -1     0  1.5    0    0  5.81000e+00+/-0.00000e+00  0.0000e+00+/-0.0000e+00  0.0000e+00+/-0.0000e+00
Sigma_bbar-                -5222      -1     0  0.5    0    0  5.80000e+00+/-0.00000e+00  0.0000e+00+/-0.0000e+00  0.0000e+00+/-0.0000e+00
Sigma*_bbar0               -5214       0     0  1.5    0    0  5.81000e+00+/-0.00000e+00  0.0000e+00+/-0.0000e+00  0.0000e+00+/-0.0000e+00
Sigma_bbar0                -5212       0     0  0.5    0    0  5.80000e+00+/-0.00000e+00  0.0000e+00+/-0.0000e+00  0.0000e+00+/-0.0000e+00
bu_1bar                    -5203 -0.3333     -1    1    0    0  5.40145e+00+/-0.00000e+00  0.0000e+00+/-0.0000e+00  0.0000e+00+/-0.0000e+00
bu_0bar                    -5201 -0.3333     -1    0    0    0  5.38897e+00+/-0.00000e+00  0.0000e+00+/-0.0000e+00  0.0000e+00+/-0.0000e+00
Xi_bcbar0                  -5142       0     0  0.5    0    0  7.00575e+00+/-0.00000e+00  1.7008e-24+/-0.0000e+00  3.8700e-01+/-0.0000e+00
Xi_bbar+                   -5132       1     0  0.5    0    0  5.84000e+00+/-0.00000e+00  1.7008e-24+/-0.0000e+00  3.8700e-01+/-0.0000e+00
Lambda_bbar0               -5122       0     0  0.5    0    0  5.64100e+00+/-0.00000e+00  1.9246e-24+/-0.0000e+00  3.4200e-01+/-0.0000e+00
Sigma*_bbar+               -5114       1     0  1.5    0    0  5.81000e+00+/-0.00000e+00  0.0000e+00+/-0.0000e+00  0.0000e+00+/-0.0000e+00
Sigma_bbar+                -5112       1     0  0.5    0    0  5.80000e+00+/-0.00000e+00  0.0000e+00+/-0.0000e+00  0.0000e+00+/-0.0000e+00
bd_1bar                    -5103  0.6667     -1    1    0    0  5.40145e+00+/-0.00000e+00  0.0000e+00+/-0.0000e+00  0.0000e+00+/-0.0000e+00
bd_0bar                    -5101  0.6667     -1    0    0    0  5.38897e+00+/-0.00000e+00  0.0000e+00+/-0.0000e+00  0.0000e+00+/-0.0000e+00
Omega*_cccbar-             -4444      -2     0  1.5    0    0  4.91594e+00+/-0.00000e+00  6.5821e-24+/-0.0000e+00  1.0000e-01+/-0.0000e+00
Omega*_ccbar-              -4434      -1     0  1.5    0    0  3.82466e+00+/-0.00000e+00  6.5821e-24+/-0.0000e+00  1.0000e-01+/-0.0000e+00
Omega_ccbar-               -4432      -1     0  0.5    0    0  3.78663e+00+/-0.00000e+00  6.5821e-24+/-0.0000e+00  1.0000e-01+/-0.0000e+00
Xi*_ccbar--                -4424      -2     0  1.5    0    0  3.65648e+00+/-0.00000e+00  6.5821e-24+/-0.0000e+00  1.0000e-01+/-0.0000e+00
Xi_ccbar--                 -4422      -2     0  0.5    0    0  3.59798e+00+/-0.00000e+00  6.5821e-24+/-0.0000e+00  1.0000e-01+/-0.0000e+00
Xi*_ccbar-                 -4414      -1     0  1.5    0    0  3.65648e+00+/-0.00000e+00  6.5821e-24+/-0.0000e+00  1.0000e-01+/-0.0000e+00
Xi_ccbar-                  -4412      -1     0  0.5    0    0  3.59798e+00+/-0.00000e+00  6.5821e-24+/-0.0000e+00  1.0000e-01+/-0.0000e+00
cc_1bar                    -4403  -1.333     -1    1    0    0  3.27531e+00+/-0.00000e+00  0.0000e+00+/-0.0000e+00  0.0000e+00+/-0.0000e+00
Omega*_cbar0               -4334       0     0  1.5    0    0  2.80000e+00+/-0.00000e+00  0.0000e+00+/-0.0000e+00  0.0000e+00+/-0.0000e+00
Omega_cbar0                -4332       0     0  0.5    0    0  2.70400e+00+/-0.00000e+00  3.4643e-23+/-0.0000e+00  1.9000e-02+/-0.0000e+00
Xi*_cbar-                  -4324      -1     0  1.5    0    0  2.63000e+00+/-0.00000e+00  0.0000e+00+/-0.0000e+00  0.0000e+00+/-0.0000e+00
Xi'_cbar-                  -4322      -1     0  0.5    0    0  2.55000e+00+/-0.00000e+00  0.0000e+00+/-0.0000e+00  0.0000e+00+/-0.0000e+00
Xi*_cbar0                  -4314       0     0  1.5    0    0  2.63000e+00+/-0.00000e+00  0.0000e+00+/-0.0000e+00  0.0000e+00+/-0.0000e+00
Xi'_cbar0                  -4312       0     0  0.5    0    0  2.55000e+00+/-0.00000e+00  0.0000e+00+/-0.0000e+00  0.0000e+00+/-0.0000e+00
cs_1bar                    -4303 -0.3333     -1    1    0    0  2.17967e+00+/-0.00000e+00  0.0000e+00+/-0.0000e+00  0.0000e+00+/-0.0000e+00
cs_0bar                    -4301 -0.3333     -1    0    0    0  2.15432e+00+/-0.00000e+00  0.0000e+00+/-0.0000e+00  0.0000e+00+/-0.0000e+00
Xi_cbar-                   -4232      -1     0  0.5    0    0  2.46560e+00+/-0.00000e+00  6.2095e-24+/-0.0000e+00  1.0600e-01+/-0.0000e+00
Sigma*_cbar--              -4224      -2     0  1.5    0    0  2.50000e+00+/-0.00000e+00  0.0000e+00+/-0.0000e+00  0.0000e+00+/-0.0000e+00
Sigma_cbar--               -4222      -2     0  0.5    0    0  2.45290e+00+/-0.00000e+00  0.0000e+00+/-0.0000e+00  0.0000e+00+/-0.0000e+00
Sigma*_cbar-               -4214      -1     0  1.5    0    0  2.50000e+00+/-0.00000e+00  0.0000e+00+/-0.0000e+00  0.0000e+00+/-0.0000e+00
Sigma_cbar-                -4212      -1     0  0.5    0    0  2.45350e+00+/-0.00000e+00  0.0000e+00+/-0.0000e+00  0.0000e+00+/-0.0000e+00
cu_1bar                    -4203  -1.333     -1    1    0    0  2.00808e+00+/-0.00000e+00  0.0000e+00+/-0.0000e+00  0.0000e+00+/-0.0000e+00
cu_0bar                    -4201  -1.333     -1    0    0    0  1.96908e+00+/-0.00000e+00  0.0000e+00+/-0.0000e+00  0.0000e+00+/-0.0000e+00
Xi_cbar0                   -4132       0     0  0.5    0    0  2.47030e+00+/-0.00000e+00  2.2697e-23+/-0.0000e+00  2.9000e-02+/-0.0000e+00
Lambda_cbar-               -4122      -1     0  0.5    0    0  2.28490e+00+/-0.00000e+00  1.0651e-23+/-0.0000e+00  6.1800e-02+/-0.0000e+00
Sigma*_cbar0               -4114       0     0  1.5    0    0  2.50000e+00+/-0.00000e+00  0.0000e+00+/-0.0000e+00  0.0000e+00+/-0.0000e+00
Sigma_cbar0                -4112       0     0  0.5    0    0  2.45210e+00+/-0.00000e+00  0.0000e+00+/-0.0000e+00  0.0000e+00+/-0.0000e+00
cd_1bar                    -4103 -0.3333     -1    1    0    0  2.00808e+00+/-0.00000e+00  0.0000e+00+/-0.0000e+00  0.0000e+00+/-0.0000e+00
cd_0bar                    -4101 -0.3333     -1    0    0    0  1.96908e+00+/-0.00000e+00  0.0000e+00+/-0.0000e+00  0.0000e+00+/-0.0000e+00
Omegabar+                  -3334       1     0  1.5    0    0  1.67245e+00+/-0.00000e+00  2.6757e-26+/-0.0000e+00  0.0000e+00+/-0.0000e+00
Xi*bar0                    -3324       0     0  1.5    0    0  1.53180e+00+/-0.00000e+00  9.1000e-03+/-0.0000e+00  7.2331e-23+/-0.0000e+00
Xibar0                     -3322       0     0  0.5    0    0  1.31490e+00+/-0.00000e+00  7.5570e-27+/-0.0000e+00  0.0000e+00+/-0.0000e+00
Xi*bar+                    -3314       1     0  1.5    0    0  1.53500e+00+/-0.00000e+00  9.9000e-03+/-0.0000e+00  6.6486e-23+/-0.0000e+00
Xibar+                     -3312       1     0  0.5    0    0  1.32130e+00+/-0.00000e+00  1.3406e-26+/-0.0000e+00  0.0000e+00+/-0.0000e+00
ss_1bar                    -3303  0.6667     -1    1    0    0  1.09361e+00+/-0.00000e+00  0.0000e+00+/-0.0000e+00  0.0000e+00+/-0.0000e+00
Sigma*bar-                 -3224      -1     0  1.5    0    0  1.38280e+00+/-0.00000e+00  3.5800e-02+/-0.0000e+00  1.8386e-23+/-0.0000e+00
Sigmabar-                  -3222      -1     0  0.5    0    0  1.18937e+00+/-0.00000e+00  2.7471e-26+/-0.0000e+00  0.0000e+00+/-0.0000e+00
Sigma*bar0                 -3214       0     0  1.5    0    0  1.38370e+00+/-0.00000e+00  3.6000e-02+/-0.0000e+00  1.8284e-23+/-0.0000e+00
Sigmabar0                  -3212       0     0  0.5    0    0  1.19255e+00+/-0.00000e+00  0.0000e+00+/-0.0000e+00  0.0000e+00+/-0.0000e+00
su_1bar                    -3203 -0.3333     -1    1    0    0  9.29530e-01+/-0.00000e+00  0.0000e+00+/-0.0000e+00  0.0000e+00+/-0.0000e+00
su_0bar                    -3201 -0.3333     -1    0    0    0  8.04730e-01+/-0.00000e+00  0.0000e+00+/-0.0000e+00  0.0000e+00+/-0.0000e+00
Lambdabar0                 -3122       0     0  0.5    0    0  1.11568e+00+/-0.00000e+00  8.3445e-27+/-0.0000e+00  0.0000e+00+/-0.0000e+00
Sigma*bar+                 -3114       1     0  1.5    0    0  1.38720e+00+/-0.00000e+00  3.9400e-02+/-0.0000e+00  1.6706e-23+/-0.0000e+00
Sigmabar+                  -3112       1     0  0.5    0    0  1.19744e+00+/-0.00000e+00  1.4845e-26+/-0.0000e+00  0.0000e+00+/-0.0000e+00
sd_1bar                    -3103  0.6667     -1    1    0    0  9.29530e-01+/-0.00000e+00  0.0000e+00+/-0.0000e+00  0.0000e+00+/-0.0000e+00
sd_0bar                    -3101  0.6667     -1    0    0    0  8.04730e-01+/-0.00000e+00  0.0000e+00+/-0.0000e+00  0.0000e+00+/-0.0000e+00
Deltabar--                 -2224      -2     0  1.5    0    0  1.23100e+00+/-0.00000e+00  1.2000e-01+/-0.0000e+00  5.4851e-24+/-0.0000e+00
Deltabar-                  -2214      -1     0  1.5    0    0  1.23200e+00+/-0.00000e+00  1.2000e-01+/-0.0000e+00  5.4851e-24+/-0.0000e+00
pbar-                      -2212      -1     0  0.5    0    0  9.38270e-01+/-0.00000e+00  0.0000e+00+/-0.0000e+00  0.0000e+00+/-0.0000e+00
uu_1bar                    -2203  -1.333     -1    1    0    0  7.71330e-01+/-0.00000e+00  0.0000e+00+/-0.0000e+00  0.0000e+00+/-0.0000e+00
Deltabar0                  -2114       0     0  1.5    0    0  1.23300e+00+/-0.00000e+00  1.2000e-01+/-0.0000e+00  5.4851e-24+/-0.0000e+00
nbar0                      -2112       0     0  0.5    0    0  9.39570e-01+/-0.00000e+00  0.0000e+00+/-0.0000e+00  0.0000e+00+/-0.0000e+00
ud_1bar                    -2103 -0.3333     -1    1    0    0  7.71330e-01+/-0.00000e+00  0.0000e+00+/-0.0000e+00  0.0000e+00+/-0.0000e+00
ud_0bar                    -2101 -0.3333     -1    0    0    0  5.79330e-01+/-0.00000e+00  0.0000e+00+/-0.0000e+00  0.0000e+00+/-0.0000e+00
Deltabar+                  -1114       1     0  1.5    0    0  1.23400e+00+/-0.00000e+00  1.2000e-01+/-0.0000e+00  5.4851e-24+/-0.0000e+00
dd_1bar                    -1103  0.6667     -1    1    0    0  7.71330e-01+/-0.00000e+00  0.0000e+00+/-0.0000e+00  0.0000e+00+/-0.0000e+00
B*_2c-                      -545      -1     0    2    1    1  7.35000e+00+/-0.00000e+00  2.0000e-02+/-0.0000e+00  3.2911e-23+/-0.0000e+00
B*_c-                       -543      -1     0    1    1    0  6.60200e+00+/-0.00000e+00  0.0000e+00+/-0.0000e+00  0.0000e+00+/-0.0000e+00
B_c-                        -541      -1     0    0    0    0  6.59400e+00+/-0.00000e+00  4.3881e-24+/-0.0000e+00  1.5000e-01+/-0.0000e+00
B*_2sbar0                   -535       0     0    2    1    1  6.07000e+00+/-0.00000e+00  2.0000e-02+/-0.0000e+00  3.2911e-23+/-0.0000e+00
B*_sbar0                    -533       0     0    1    1    0  5.41630e+00+/-0.00000e+00  0.0000e+00+/-0.0000e+00  0.0000e+00+/-0.0000e+00
B_sbar0                     -531       0     0    0    0    0  5.36930e+00+/-0.00000e+00  1.3628e-24+/-0.0000e+00  4.8300e-01+/-0.0000e+00
B*_2-                       -525      -1     0    2    1    1  5.83000e+00+/-0.00000e+00  2.0000e-02+/-0.0000e+00  3.2911e-23+/-0.0000e+00
B*-                         -523      -1     0    1    1    0  5.32480e+00+/-0.00000e+00  0.0000e+00+/-0.0000e+00  0.0000e+00+/-0.0000e+00
B-                          -521      -1     0    0    0    0  5.27890e+00+/-0.00000e+00  1.4247e-24+/-0.0000e+00  4.6200e-01+/-0.0000e+00
B*_2bar0                    -515       0     0    2    1    1  5.83000e+00+/-0.00000e+00  2.0000e-02+/-0.0000e+00  3.2911e-23+/-0.0000e+00
B*bar0                      -513       0     0    1    1    0  5.32480e+00+/-0.00000e+00  0.0000e+00+/-0.0000e+00  0.0000e+00+/-0.0000e+00
Bbar0                       -511       0     0    0    0    0  5.27920e+00+/-0.00000e+00  1.4064e-24+/-0.0000e+00  4.6800e-01+/-0.0000e+00
D*_2s-                      -435      -1     0    2    1    1  2.57350e+00+/-0.00000e+00  1.5000e-02+/-0.0000e+00  4.3881e-23+/-0.0000e+00
D*_s-                       -433      -1     0    1    1    0  2.11240e+00+/-0.00000e+00  0.0000e+00+/-0.0000e+00  0.0000e+00+/-0.0000e+00
D_s-                        -431      -1     0    0    0    0  1.96850e+00+/-0.00000e+00  4.7015e-24+/-0.0000e+00  1.4000e-01+/-0.0000e+00
D*_2bar0                    -425       0     0    2    1    1  2.46000e+00+/-0.00000e+00  2.3000e-02+/-0.0000e+00  2.8618e-23+/-0.0000e+00
D*bar0                      -423       0     0    1    1    0  2.00670e+00+/-0.00000e+00  0.0000e+00+/-0.0000e+00  0.0000e+00+/-0.0000e+00
Dbar0                       -421       0     0    0    0    0  1.86450e+00+/-0.00000e+00  5.2911e-24+/-0.0000e+00  1.2440e-01+/-0.0000e+00
D*_2-                       -415      -1     0    2    1    1  2.46000e+00+/-0.00000e+00  2.3000e-02+/-0.0000e+00  2.8618e-23+/-0.0000e+00
D*-                         -413      -1     0    1    1    0  2.01000e+00+/-0.00000e+00  0.0000e+00+/-0.0000e+00  0.0000e+00+/-0.0000e+00
D-                          -411      -1     0    0    0    0  1.86930e+00+/-0.00000e+00  2.0764e-24+/-0.0000e+00  3.1700e-01+/-0.0000e+00
K*_2-                       -325      -1     0    2    1    1  1.42500e+00+/-0.00000e+00  9.8000e-02+/-0.0000e+00  6.7164e-24+/-0.0000e+00
K*-                         -323      -1     0    1    1    0  8.91600e-01+/-0.00000e+00  4.9800e-02+/-0.0000e+00  1.3217e-23+/-0.0000e+00
K-                          -321      -1     0    0    0    0  4.93600e-01+/-0.00000e+00  1.7746e-28+/-0.0000e+00  0.0000e+00+/-0.0000e+00
K*_2bar0                    -315       0     0    2    1    1  1.43200e+00+/-0.00000e+00  1.0900e-01+/-0.0000e+00  6.0386e-24+/-0.0000e+00
K*bar0                      -313       0     0    1    1    0  8.96100e-01+/-0.00000e+00  5.0500e-02+/-0.0000e+00  1.3034e-23+/-0.0000e+00
Kbar0                       -311       0     0    0    0    0  4.97670e-01+/-0.00000e+00  0.0000e+00+/-0.0000e+00  0.0000e+00+/-0.0000e+00
a_2-                        -215      -1     0    2    1    1  1.31800e+00+/-0.00000e+00  1.0700e-01+/-0.0000e+00  6.1515e-24+/-0.0000e+00
rho-                        -213      -1     0    1    1    0  7.66900e-01+/-0.00000e+00  1.4900e-01+/-0.0000e+00  4.4175e-24+/-0.0000e+00
pi-                         -211      -1     0    0    0    0  1.39570e-01+/-0.00000e+00  8.4337e-29+/-0.0000e+00  0.0000e+00+/-0.0000e+00
b-hadronbar                  -85  0.3333     0    0    0    0  5.00000e+00+/-0.00000e+00  1.7008e-24+/-0.0000e+00  3.8700e-01+/-0.0000e+00
c-hadronbar                  -84 -0.6667     0    0    0    0  2.00000e+00+/-0.00000e+00  6.5821e-24+/-0.0000e+00  1.0000e-01+/-0.0000e+00
rndmflavbar                  -82       0     0    0    0    0  0.00000e+00+/-0.00000e+00  0.0000e+00+/-0.0000e+00  0.0000e+00+/-0.0000e+00
LQ_uebar                     -42  0.3333     1    0    0    0  2.00000e+02+/-0.00000e+00  3.9162e-01+/-0.0000e+00  1.6807e-24+/-0.0000e+00
Rbar0                        -41       0     0    0    0    0  5.00000e+03+/-0.00000e+00  4.1746e+02+/-0.0000e+00  1.5767e-27+/-0.0000e+00
H-                           -37      -1     0    0    0    0  3.00000e+02+/-0.00000e+00  5.7597e+00+/-0.0000e+00  1.1428e-25+/-0.0000e+00
W'-                          -34      -1     0    0    0    0  5.00000e+02+/-0.00000e+00  1.6671e+01+/-0.0000e+00  3.9483e-26+/-0.0000e+00
W-                           -24      -1     0    1    0    0  8.03300e+01+/-0.00000e+00  2.0700e+00+/-0.0000e+00  3.1797e-25+/-0.0000e+00
nu'_taubar                   -18       0     0    0    0    0  0.00000e+00+/-0.00000e+00  0.0000e+00+/-0.0000e+00  0.0000e+00+/-0.0000e+00
tau'+                        -17       1     0    0    0    0  4.00000e+02+/-0.00000e+00  0.0000e+00+/-0.0000e+00  0.0000e+00+/-0.0000e+00
nu_taubar                    -16       0     0  0.5    0    0  0.00000e+00+/-0.00000e+00  0.0000e+00+/-0.0000e+00  0.0000e+00+/-0.0000e+00
tau+                         -15       1     0  0.5    0    0  1.77700e+00+/-0.00000e+00  7.5483e-24+/-0.0000e+00  8.7200e-02+/-0.0000e+00
nu_mubar                     -14       0     0  0.5    0    0  0.00000e+00+/-0.00000e+00  0.0000e+00+/-0.0000e+00  0.0000e+00+/-0.0000e+00
mu+                          -13       1     0  0.5    0    0  1.05660e-01+/-0.00000e+00  9.9933e-31+/-0.0000e+00  0.0000e+00+/-0.0000e+00
nu_ebar                      -12       0     0  0.5    0    0  0.00000e+00+/-0.00000e+00  0.0000e+00+/-0.0000e+00  0.0000e+00+/-0.0000e+00
e+                           -11       1     0  0.5    0    0  5.10000e-04+/-0.00000e+00  0.0000e+00+/-0.0000e+00  0.0000e+00+/-0.0000e+00
t'bar                         -8 -0.6667     1    0    0    0  4.00000e+02+/-0.00000e+00  0.0000e+00+/-0.0000e+00  0.0000e+00+/-0.0000e+00
b'bar                         -7  0.3333     1    0    0    0  4.00000e+02+/-0.00000e+00  0.0000e+00+/-0.0000e+00  0.0000e+00+/-0.0000e+00
tbar                          -6 -0.6667     1  0.5    0    0  1.75000e+02+/-0.00000e+00  1.3988e+00+/-0.0000e+00  4.7054e-25+/-0.0000e+00
bbar                          -5  0.3333     1  0.5    0    0  4.80000e+00+/-0.00000e+00  0.0000e+00+/-0.0000e+00  0.0000e+00+/-0.0000e+00
cbar                          -4 -0.6667     1  0.5    0    0  1.50000e+00+/-0.00000e+00  0.0000e+00+/-0.0000e+00  0.0000e+00+/-0.0000e+00
sbar                          -3  0.3333     1  0.5    0    0  5.00000e-01+/-0.00000e+00  0.0000e+00+/-0.0000e+00  0.0000e+00+/-0.0000e+00
ubar                          -2 -0.6667     1  0.5    0    0  3.30000e-01+/-0.00000e+00  0.0000e+00+/-0.0000e+00  0.0000e+00+/-0.0000e+00
dbar                          -1  0.3333     1  0.5    0    0  3.30000e-01+/-0.00000e+00  0.0000e+00+/-0.0000e+00  0.0000e+00+/-0.0000e+00
d                              1 -0.3333     1  0.5    0    0  3.30000e-01+/-0.00000e+00  0.0000e+00+/-0.0000e+00  0.0000e+00+/-0.0000e+00
u                              2  0.6667     1  0.5    0    0  3.30000e-01+/-0.00000e+00  0.0000e+00+/-0.0000e+00  0.0000e+00+/-0.0000e+00
s                              3 -0.3333     1  0.5    0    0  5.00000e-01+/-0.00000e+00  0.0000e+00+/-0.0000e+00  0.0000e+00+/-0.0000e+00
c                              4  0.6667     1  0.5    0    0  1.50000e+00+/-0.00000e+00  0.0000e+00+/-0.0000e+00  0.0000e+00+/-0.0000e+00
b                              5 -0.3333     1  0.5    0    0  4.80000e+00+/-0.00000e+00  0.0000e+00+/-0.0000e+00  0.0000e+00+/-0.0000e+00
t                              6  0.6667     1  0.5    0    0  1.75000e+02+/-0.00000e+00  1.3988e+00+/-0.0000e+00  4.7054e-25+/-0.0000e+00
b'                             7 -0.3333     1    0    0    0  4.00000e+02+/-0.00000e+00  0.0000e+00+/-0.0000e+00  0.0000e+00+/-0.0000e+00
t'                             8  0.6667     1    0    0    0  4.00000e+02+/-0.00000e+00  0.0000e+00+/-0.0000e+00  0.0000e+00+/-0.0000e+00
e-                            11      -1     0  0.5    0    0  5.10000e-04+/-0.00000e+00  0.0000e+00+/-0.0000e+00  0.0000e+00+/-0.0000e+00
nu_e                          12       0     0  0.5    0    0  0.00000e+00+/-0.00000e+00  0.0000e+00+/-0.0000e+00  0.0000e+00+/-0.0000e+00
mu-                           13      -1     0  0.5    0    0  1.05660e-01+/-0.00000e+00  9.9933e-31+/-0.0000e+00  0.0000e+00+/-0.0000e+00
nu_mu                         14       0     0  0.5    0    0  0.00000e+00+/-0.00000e+00  0.0000e+00+/-0.0000e+00  0.0000e+00+/-0.0000e+00
tau-                          15      -1     0  0.5    0    0  1.77700e+00+/-0.00000e+00  7.5483e-24+/-0.0000e+00  8.7200e-02+/-0.0000e+00
nu_tau                        16       0     0  0.5    0    0  0.00000e+00+/-0.00000e+00  0.0000e+00+/-0.0000e+00  0.0000e+00+/-0.0000e+00
tau'-                         17      -1     0    0    0    0  4.00000e+02+/-0.00000e+00  0.0000e+00+/-0.0000e+00  0.0000e+00+/-0.0000e+00
nu'_tau                       18       0     0    0    0    0  0.00000e+00+/-0.00000e+00  0.0000e+00+/-0.0000e+00  0.0000e+00+/-0.0000e+00
g                             21       0     2    1    0    0  0.00000e+00+/-0.00000e+00  0.0000e+00+/-0.0000e+00  0.0000e+00+/-0.0000e+00
gamma                         22       0     0    1    0    0  0.00000e+00+/-0.00000e+00  0.0000e+00+/-0.0000e+00  0.0000e+00+/-0.0000e+00
Z0                            23       0     0    1    0    0  9.11870e+01+/-0.00000e+00  2.4801e+00+/-0.0000e+00  2.6540e-25+/-0.0000e+00
W+                            24       1     0    1    0    0  8.03300e+01+/-0.00000e+00  2.0700e+00+/-0.0000e+00  3.1797e-25+/-0.0000e+00
h0                            25       0     0    0    0    0  8.00000e+01+/-0.00000e+00  2.3700e-03+/-0.0000e+00  2.7773e-22+/-0.0000e+00
Z'0                           32       0     0    0    0    0  5.00000e+02+/-0.00000e+00  1.4548e+01+/-0.0000e+00  4.5243e-26+/-0.0000e+00
Z"0                           33       0     0    0    0    0  9.00000e+02+/-0.00000e+00  0.0000e+00+/-0.0000e+00  0.0000e+00+/-0.0000e+00
W'+                           34       1     0    0    0    0  5.00000e+02+/-0.00000e+00  1.6671e+01+/-0.0000e+00  3.9483e-26+/-0.0000e+00
H0                            35       0     0    0    0    0  3.00000e+02+/-0.00000e+00  8.4284e+00+/-0.0000e+00  7.8094e-26+/-0.0000e+00
A0                            36       0     0    0    0    0  3.00000e+02+/-0.00000e+00  4.9203e+00+/-0.0000e+00  1.3378e-25+/-0.0000e+00
H+                            37       1     0    0    0    0  3.00000e+02+/-0.00000e+00  5.7597e+00+/-0.0000e+00  1.1428e-25+/-0.0000e+00
R0                            41       0     0    0    0    0  5.00000e+03+/-0.00000e+00  4.1746e+02+/-0.0000e+00  1.5767e-27+/-0.0000e+00
LQ_ue                         42 -0.3333     1    0    0    0  2.00000e+02+/-0.00000e+00  3.9162e-01+/-0.0000e+00  1.6807e-24+/-0.0000e+00
specflav                      81       0     0    0    0    0  0.00000e+00+/-0.00000e+00  0.0000e+00+/-0.0000e+00  0.0000e+00+/-0.0000e+00
rndmflav                      82       0     0    0    0    0  0.00000e+00+/-0.00000e+00  0.0000e+00+/-0.0000e+00  0.0000e+00+/-0.0000e+00
phasespa                      83       0     0    0    0    0  1.00000e+00+/-0.00000e+00  0.0000e+00+/-0.0000e+00  0.0000e+00+/-0.0000e+00
c-hadron                      84  0.6667     0    0    0    0  2.00000e+00+/-0.00000e+00  6.5821e-24+/-0.0000e+00  1.0000e-01+/-0.0000e+00
b-hadron                      85 -0.3333     0    0    0    0  5.00000e+00+/-0.00000e+00  1.7008e-24+/-0.0000e+00  3.8700e-01+/-0.0000e+00
cluster                       91       0     0    0    0    0  0.00000e+00+/-0.00000e+00  0.0000e+00+/-0.0000e+00  0.0000e+00+/-0.0000e+00
string                        92       0     0    0    0    0  0.00000e+00+/-0.00000e+00  0.0000e+00+/-0.0000e+00  0.0000e+00+/-0.0000e+00
indep.                        93       0     0    0    0    0  0.00000e+00+/-0.00000e+00  0.0000e+00+/-0.0000e+00  0.0000e+00+/-0.0000e+00
CMshower                      94       0     0    0    0    0  0.00000e+00+/-0.00000e+00  0.0000e+00+/-0.0000e+00  0.0000e+00+/-0.0000e+00
SPHEaxis                      95       0     0    0    0    0  0.00000e+00+/-0.00000e+00  0.0000e+00+/-0.0000e+00  0.0000e+00+/-0.0000e+00
THRUaxis                      96       0     0    0    0    0  0.00000e+00+/-0.00000e+00  0.0000e+00+/-0.0000e+00  0.0000e+00+/-0.0000e+00
CLUSjet                       97       0     0    0    0    0  0.00000e+00+/-0.00000e+00  0.0000e+00+/-0.0000e+00  0.0000e+00+/-0.0000e+00
CELLjet                       98       0     0    0    0    0  0.00000e+00+/-0.00000e+00  0.0000e+00+/-0.0000e+00  0.0000e+00+/-0.0000e+00
table                         99       0     0    0    0    0  0.00000e+00+/-0.00000e+00  0.0000e+00+/-0.0000e+00  0.0000e+00+/-0.0000e+00
reggeon                      110       0     0    0    0    0  0.00000e+00+/-0.00000e+00  0.0000e+00+/-0.0000e+00  0.0000e+00+/-0.0000e+00
pi0                          111       0     0    0    0    0  1.34980e-01+/-0.00000e+00  2.1940e-20+/-0.0000e+00  3.0000e-05+/-0.0000e+00
rho0                         113       0     0    1    1    0  7.68500e-01+/-0.00000e+00  1.5100e-01+/-0.0000e+00  4.3590e-24+/-0.0000e+00
a_20                         115       0     0    2    1    1  1.31800e+00+/-0.00000e+00  1.0700e-01+/-0.0000e+00  6.1515e-24+/-0.0000e+00
K_L0                         130       0     0    0    0    0  4.97670e-01+/-0.00000e+00  4.2465e-29+/-0.0000e+00  0.0000e+00+/-0.0000e+00
pi+                          211       1     0    0    0    0  1.39570e-01+/-0.00000e+00  8.4337e-29+/-0.0000e+00  0.0000e+00+/-0.0000e+00
rho+                         213       1     0    1    1    0  7.66900e-01+/-0.00000e+00  1.4900e-01+/-0.0000e+00  4.4175e-24+/-0.0000e+00
a_2+                         215       1     0    2    1    1  1.31800e+00+/-0.00000e+00  1.0700e-01+/-0.0000e+00  6.1515e-24+/-0.0000e+00
eta                          221       0     0    0    0    0  5.47450e-01+/-0.00000e+00  0.0000e+00+/-0.0000e+00  0.0000e+00+/-0.0000e+00
omega                        223       0     0    1    1    0  7.81940e-01+/-0.00000e+00  8.4300e-03+/-0.0000e+00  7.8080e-23+/-0.0000e+00
f_2                          225       0     0    2    1    1  1.27500e+00+/-0.00000e+00  1.8500e-01+/-0.0000e+00  3.5579e-24+/-0.0000e+00
K_S0                         310       0     0    0    0    0  4.97670e-01+/-0.00000e+00  2.4595e-26+/-0.0000e+00  0.0000e+00+/-0.0000e+00
K0                           311       0     0    0    0    0  4.97670e-01+/-0.00000e+00  0.0000e+00+/-0.0000e+00  0.0000e+00+/-0.0000e+00
K*0                          313       0     0    1    1    0  8.96100e-01+/-0.00000e+00  5.0500e-02+/-0.0000e+00  1.3034e-23+/-0.0000e+00
K*_20                        315       0     0    2    1    1  1.43200e+00+/-0.00000e+00  1.0900e-01+/-0.0000e+00  6.0386e-24+/-0.0000e+00
K+                           321       1     0    0    0    0  4.93600e-01+/-0.00000e+00  1.7746e-28+/-0.0000e+00  0.0000e+00+/-0.0000e+00
K*+                          323       1     0    1    1    0  8.91600e-01+/-0.00000e+00  4.9800e-02+/-0.0000e+00  1.3217e-23+/-0.0000e+00
K*_2+                        325       1     0    2    1    1  1.42500e+00+/-0.00000e+00  9.8000e-02+/-0.0000e+00  6.7164e-24+/-0.0000e+00
eta'                         331       0     0    0    0    0  9.57770e-01+/-0.00000e+00  2.0000e-04+/-0.0000e+00  3.2911e-21+/-0.0000e+00
phi                          333       0     0    1    1    0  1.01940e+00+/-0.00000e+00  4.4300e-03+/-0.0000e+00  1.4858e-22+/-0.0000e+00
f'_2                         335       0     0    2    1    1  1.52500e+00+/-0.00000e+00  7.6000e-02+/-0.0000e+00  8.6607e-24+/-0.0000e+00
D+                           411       1     0    0    0    0  1.86930e+00+/-0.00000e+00  2.0764e-24+/-0.0000e+00  3.1700e-01+/-0.0000e+00
D*+                          413       1     0    1    1    0  2.01000e+00+/-0.00000e+00  0.0000e+00+/-0.0000e+00  0.0000e+00+/-0.0000e+00
D*_2+                        415       1     0    2    1    1  2.46000e+00+/-0.00000e+00  2.3000e-02+/-0.0000e+00  2.8618e-23+/-0.0000e+00
D0                           421       0     0    0    0    0  1.86450e+00+/-0.00000e+00  5.2911e-24+/-0.0000e+00  1.2440e-01+/-0.0000e+00
D*0                          423       0     0    1    1    0  2.00670e+00+/-0.00000e+00  0.0000e+00+/-0.0000e+00  0.0000e+00+/-0.0000e+00
D*_20                        425       0     0    2    1    1  2.46000e+00+/-0.00000e+00  2.3000e-02+/-0.0000e+00  2.8618e-23+/-0.0000e+00
D_s+                         431       1     0    0    0    0  1.96850e+00+/-0.00000e+00  4.7015e-24+/-0.0000e+00  1.4000e-01+/-0.0000e+00
D*_s+                        433       1     0    1    1    0  2.11240e+00+/-0.00000e+00  0.0000e+00+/-0.0000e+00  0.0000e+00+/-0.0000e+00
D*_2s+                       435       1     0    2    1    1  2.57350e+00+/-0.00000e+00  1.5000e-02+/-0.0000e+00  4.3881e-23+/-0.0000e+00
eta_c                        441       0     0    0    0    0  2.97980e+00+/-0.00000e+00  1.3000e-03+/-0.0000e+00  5.0632e-22+/-0.0000e+00
J/psi                        443       0     0    1    1    0  3.09688e+00+/-0.00000e+00  0.0000e+00+/-0.0000e+00  0.0000e+00+/-0.0000e+00
chi_2c                       445       0     0    2    1    1  3.55620e+00+/-0.00000e+00  2.0000e-03+/-0.0000e+00  3.2911e-22+/-0.0000e+00
B0                           511       0     0    0    0    0  5.27920e+00+/-0.00000e+00  1.4064e-24+/-0.0000e+00  4.6800e-01+/-0.0000e+00
B*0                          513       0     0    1    1    0  5.32480e+00+/-0.00000e+00  0.0000e+00+/-0.0000e+00  0.0000e+00+/-0.0000e+00
B*_20                        515       0     0    2    1    1  5.83000e+00+/-0.00000e+00  2.0000e-02+/-0.0000e+00  3.2911e-23+/-0.0000e+00
B+                           521       1     0    0    0    0  5.27890e+00+/-0.00000e+00  1.4247e-24+/-0.0000e+00  4.6200e-01+/-0.0000e+00
B*+                          523       1     0    1    1    0  5.32480e+00+/-0.00000e+00  0.0000e+00+/-0.0000e+00  0.0000e+00+/-0.0000e+00
B*_2+                        525       1     0    2    1    1  5.83000e+00+/-0.00000e+00  2.0000e-02+/-0.0000e+00  3.2911e-23+/-0.0000e+00
B_s0                         531       0     0    0    0    0  5.36930e+00+/-0.00000e+00  1.3628e-24+/-0.0000e+00  4.8300e-01+/-0.0000e+00
B*_s0                        533       0     0    1    1    0  5.41630e+00+/-0.00000e+00  0.0000e+00+/-0.0000e+00  0.0000e+00+/-0.0000e+00
B*_2s0                       535       0     0    2    1    1  6.07000e+00+/-0.00000e+00  2.0000e-02+/-0.0000e+00  3.2911e-23+/-0.0000e+00
B_c+                         541       1     0    0    0    0  6.59400e+00+/-0.00000e+00  4.3881e-24+/-0.0000e+00  1.5000e-01+/-0.0000e+00
B*_c+                        543       1     0    1    1    0  6.60200e+00+/-0.00000e+00  0.0000e+00+/-0.0000e+00  0.0000e+00+/-0.0000e+00
B*_2c+                       545       1     0    2    1    1  7.35000e+00+/-0.00000e+00  2.0000e-02+/-0.0000e+00  3.2911e-23+/-0.0000e+00
eta_b                        551       0     0    0    0    0  9.40000e+00+/-0.00000e+00  0.0000e+00+/-0.0000e+00  0.0000e+00+/-0.0000e+00
Upsilon                      553       0     0    1    1    0  9.46030e+00+/-0.00000e+00  0.0000e+00+/-0.0000e+00  0.0000e+00+/-0.0000e+00
chi_2b                       555       0     0    2    1    1  9.91320e+00+/-0.00000e+00  0.0000e+00+/-0.0000e+00  0.0000e+00+/-0.0000e+00
pomeron                      990       0     0    0    0    0  0.00000e+00+/-0.00000e+00  0.0000e+00+/-0.0000e+00  0.0000e+00+/-0.0000e+00
dd_1                        1103 -0.6667     -1    1    0    0  7.71330e-01+/-0.00000e+00  0.0000e+00+/-0.0000e+00  0.0000e+00+/-0.0000e+00
Delta-                      1114      -1     0  1.5    0    0  1.23400e+00+/-0.00000e+00  1.2000e-01+/-0.0000e+00  5.4851e-24+/-0.0000e+00
ud_0                        2101  0.3333     -1    0    0    0  5.79330e-01+/-0.00000e+00  0.0000e+00+/-0.0000e+00  0.0000e+00+/-0.0000e+00
ud_1                        2103  0.3333     -1    1    0    0  7.71330e-01+/-0.00000e+00  0.0000e+00+/-0.0000e+00  0.0000e+00+/-0.0000e+00
n0                          2112       0     0  0.5    0    0  9.39570e-01+/-0.00000e+00  0.0000e+00+/-0.0000e+00  0.0000e+00+/-0.0000e+00
Delta0                      2114       0     0  1.5    0    0  1.23300e+00+/-0.00000e+00  1.2000e-01+/-0.0000e+00  5.4851e-24+/-0.0000e+00
u_1                        2203   1.333     -1    1    0    0  7.71330e-01+/-0.00000e+00  0.0000e+00+/-0.0000e+00  0.0000e+00+/-0.0000e+00
p+                          2212       1     0  0.5    0    0  9.38270e-01+/-0.00000e+00  0.0000e+00+/-0.0000e+00  0.0000e+00+/-0.0000e+00
Delta+                      2214       1     0  1.5    0    0  1.23200e+00+/-0.00000e+00  1.2000e-01+/-0.0000e+00  5.4851e-24+/-0.0000e+00
Delta++                     2224       2     0  1.5    0    0  1.23100e+00+/-0.00000e+00  1.2000e-01+/-0.0000e+00  5.4851e-24+/-0.0000e+00
sd_0                        3101 -0.6667     -1    0    0    0  8.04730e-01+/-0.00000e+00  0.0000e+00+/-0.0000e+00  0.0000e+00+/-0.0000e+00
sd_1                        3103 -0.6667     -1    1    0    0  9.29530e-01+/-0.00000e+00  0.0000e+00+/-0.0000e+00  0.0000e+00+/-0.0000e+00
Sigma-                      3112      -1     0  0.5    0    0  1.19744e+00+/-0.00000e+00  1.4845e-26+/-0.0000e+00  0.0000e+00+/-0.0000e+00
Sigma*-                     3114      -1     0  1.5    0    0  1.38720e+00+/-0.00000e+00  3.9400e-02+/-0.0000e+00  1.6706e-23+/-0.0000e+00
Lambda0                     3122       0     0  0.5    0    0  1.11568e+00+/-0.00000e+00  8.3445e-27+/-0.0000e+00  0.0000e+00+/-0.0000e+00
su_0                        3201  0.3333     -1    0    0    0  8.04730e-01+/-0.00000e+00  0.0000e+00+/-0.0000e+00  0.0000e+00+/-0.0000e+00
su_1                        3203  0.3333     -1    1    0    0  9.29530e-01+/-0.00000e+00  0.0000e+00+/-0.0000e+00  0.0000e+00+/-0.0000e+00
Sigma0                      3212       0     0  0.5    0    0  1.19255e+00+/-0.00000e+00  0.0000e+00+/-0.0000e+00  0.0000e+00+/-0.0000e+00
Sigma*0                     3214       0     0  1.5    0    0  1.38370e+00+/-0.00000e+00  3.6000e-02+/-0.0000e+00  1.8284e-23+/-0.0000e+00
Sigma+                      3222       1     0  0.5    0    0  1.18937e+00+/-0.00000e+00  2.7471e-26+/-0.0000e+00  0.0000e+00+/-0.0000e+00
Sigma*+                     3224       1     0  1.5    0    0  1.38280e+00+/-0.00000e+00  3.5800e-02+/-0.0000e+00  1.8386e-23+/-0.0000e+00
ss_1                        3303 -0.6667     -1    1    0    0  1.09361e+00+/-0.00000e+00  0.0000e+00+/-0.0000e+00  0.0000e+00+/-0.0000e+00
Xi-                         3312      -1     0  0.5    0    0  1.32130e+00+/-0.00000e+00  1.3406e-26+/-0.0000e+00  0.0000e+00+/-0.0000e+00
Xi*-                        3314      -1     0  1.5    0    0  1.53500e+00+/-0.00000e+00  9.9000e-03+/-0.0000e+00  6.6486e-23+/-0.0000e+00
Xi0                         3322       0     0  0.5    0    0  1.31490e+00+/-0.00000e+00  7.5570e-27+/-0.0000e+00  0.0000e+00+/-0.0000e+00
Xi*0                        3324       0     0  1.5    0    0  1.53180e+00+/-0.00000e+00  9.1000e-03+/-0.0000e+00  7.2331e-23+/-0.0000e+00
Omega-                      3334      -1     0  1.5    0    0  1.67245e+00+/-0.00000e+00  2.6757e-26+/-0.0000e+00  0.0000e+00+/-0.0000e+00
cd_0                        4101  0.3333     -1    0    0    0  1.96908e+00+/-0.00000e+00  0.0000e+00+/-0.0000e+00  0.0000e+00+/-0.0000e+00
cd_1                        4103  0.3333     -1    1    0    0  2.00808e+00+/-0.00000e+00  0.0000e+00+/-0.0000e+00  0.0000e+00+/-0.0000e+00
Sigma_c0                    4112       0     0  0.5    0    0  2.45210e+00+/-0.00000e+00  0.0000e+00+/-0.0000e+00  0.0000e+00+/-0.0000e+00
Sigma*_c0                   4114       0     0  1.5    0    0  2.50000e+00+/-0.00000e+00  0.0000e+00+/-0.0000e+00  0.0000e+00+/-0.0000e+00
Lambda_c+                   4122       1     0  0.5    0    0  2.28490e+00+/-0.00000e+00  1.0651e-23+/-0.0000e+00  6.1800e-02+/-0.0000e+00
Xi_c0                       4132       0     0  0.5    0    0  2.47030e+00+/-0.00000e+00  2.2697e-23+/-0.0000e+00  2.9000e-02+/-0.0000e+00
cu_0                        4201   1.333     -1    0    0    0  1.96908e+00+/-0.00000e+00  0.0000e+00+/-0.0000e+00  0.0000e+00+/-0.0000e+00
cu_1                        4203   1.333     -1    1    0    0  2.00808e+00+/-0.00000e+00  0.0000e+00+/-0.0000e+00  0.0000e+00+/-0.0000e+00
Sigma_c+                    4212       1     0  0.5    0    0  2.45350e+00+/-0.00000e+00  0.0000e+00+/-0.0000e+00  0.0000e+00+/-0.0000e+00
Sigma*_c+                   4214       1     0  1.5    0    0  2.50000e+00+/-0.00000e+00  0.0000e+00+/-0.0000e+00  0.0000e+00+/-0.0000e+00
Sigma_c++                   4222       2     0  0.5    0    0  2.45290e+00+/-0.00000e+00  0.0000e+00+/-0.0000e+00  0.0000e+00+/-0.0000e+00
Sigma*_c++                  4224       2     0  1.5    0    0  2.50000e+00+/-0.00000e+00  0.0000e+00+/-0.0000e+00  0.0000e+00+/-0.0000e+00
Xi_c+                       4232       1     0  0.5    0    0  2.46560e+00+/-0.00000e+00  6.2095e-24+/-0.0000e+00  1.0600e-01+/-0.0000e+00
cs_0                        4301  0.3333     -1    0    0    0  2.15432e+00+/-0.00000e+00  0.0000e+00+/-0.0000e+00  0.0000e+00+/-0.0000e+00
cs_1                        4303  0.3333     -1    1    0    0  2.17967e+00+/-0.00000e+00  0.0000e+00+/-0.0000e+00  0.0000e+00+/-0.0000e+00
Xi'_c0                      4312       0     0  0.5    0    0  2.55000e+00+/-0.00000e+00  0.0000e+00+/-0.0000e+00  0.0000e+00+/-0.0000e+00
Xi*_c0                      4314       0     0  1.5    0    0  2.63000e+00+/-0.00000e+00  0.0000e+00+/-0.0000e+00  0.0000e+00+/-0.0000e+00
Xi'_c+                      4322       1     0  0.5    0    0  2.55000e+00+/-0.00000e+00  0.0000e+00+/-0.0000e+00  0.0000e+00+/-0.0000e+00
Xi*_c+                      4324       1     0  1.5    0    0  2.63000e+00+/-0.00000e+00  0.0000e+00+/-0.0000e+00  0.0000e+00+/-0.0000e+00
Omega_c0                    4332       0     0  0.5    0    0  2.70400e+00+/-0.00000e+00  3.4643e-23+/-0.0000e+00  1.9000e-02+/-0.0000e+00
Omega*_c0                   4334       0     0  1.5    0    0  2.80000e+00+/-0.00000e+00  0.0000e+00+/-0.0000e+00  0.0000e+00+/-0.0000e+00
cc_1                        4403   1.333     -1    1    0    0  3.27531e+00+/-0.00000e+00  0.0000e+00+/-0.0000e+00  0.0000e+00+/-0.0000e+00
Xi_cc+                      4412       1     0  0.5    0    0  3.59798e+00+/-0.00000e+00  6.5821e-24+/-0.0000e+00  1.0000e-01+/-0.0000e+00
Xi*_cc+                     4414       1     0  1.5    0    0  3.65648e+00+/-0.00000e+00  6.5821e-24+/-0.0000e+00  1.0000e-01+/-0.0000e+00
Xi_cc++                     4422       2     0  0.5    0    0  3.59798e+00+/-0.00000e+00  6.5821e-24+/-0.0000e+00  1.0000e-01+/-0.0000e+00
Xi*_cc++                    4424       2     0  1.5    0    0  3.65648e+00+/-0.00000e+00  6.5821e-24+/-0.0000e+00  1.0000e-01+/-0.0000e+00
Omega_cc+                   4432       1     0  0.5    0    0  3.78663e+00+/-0.00000e+00  6.5821e-24+/-0.0000e+00  1.0000e-01+/-0.0000e+00
Omega*_cc+                  4434       1     0  1.5    0    0  3.82466e+00+/-0.00000e+00  6.5821e-24+/-0.0000e+00  1.0000e-01+/-0.0000e+00
Omega*_ccc++                4444       2     0  1.5    0    0  4.91594e+00+/-0.00000e+00  6.5821e-24+/-0.0000e+00  1.0000e-01+/-0.0000e+00
bd_0                        5101 -0.6667     -1    0    0    0  5.38897e+00+/-0.00000e+00  0.0000e+00+/-0.0000e+00  0.0000e+00+/-0.0000e+00
bd_1                        5103 -0.6667     -1    1    0    0  5.40145e+00+/-0.00000e+00  0.0000e+00+/-0.0000e+00  0.0000e+00+/-0.0000e+00
Sigma_b-                    5112      -1     0  0.5    0    0  5.80000e+00+/-0.00000e+00  0.0000e+00+/-0.0000e+00  0.0000e+00+/-0.0000e+00
Sigma*_b-                   5114      -1     0  1.5    0    0  5.81000e+00+/-0.00000e+00  0.0000e+00+/-0.0000e+00  0.0000e+00+/-0.0000e+00
Lambda_b0                   5122       0     0  0.5    0    0  5.64100e+00+/-0.00000e+00  1.9246e-24+/-0.0000e+00  3.4200e-01+/-0.0000e+00
Xi_b-                       5132      -1     0  0.5    0    0  5.84000e+00+/-0.00000e+00  1.7008e-24+/-0.0000e+00  3.8700e-01+/-0.0000e+00
Xi_bc0                      5142       0     0  0.5    0    0  7.00575e+00+/-0.00000e+00  1.7008e-24+/-0.0000e+00  3.8700e-01+/-0.0000e+00
bu_0                        5201  0.3333     -1    0    0    0  5.38897e+00+/-0.00000e+00  0.0000e+00+/-0.0000e+00  0.0000e+00+/-0.0000e+00
bu_1                        5203  0.3333     -1    1    0    0  5.40145e+00+/-0.00000e+00  0.0000e+00+/-0.0000e+00  0.0000e+00+/-0.0000e+00
Sigma_b0                    5212       0     0  0.5    0    0  5.80000e+00+/-0.00000e+00  0.0000e+00+/-0.0000e+00  0.0000e+00+/-0.0000e+00
Sigma*_b0                   5214       0     0  1.5    0    0  5.81000e+00+/-0.00000e+00  0.0000e+00+/-0.0000e+00  0.0000e+00+/-0.0000e+00
Sigma_b+                    5222       1     0  0.5    0    0  5.80000e+00+/-0.00000e+00  0.0000e+00+/-0.0000e+00  0.0000e+00+/-0.0000e+00
Sigma*_b+                   5224       1     0  1.5    0    0  5.81000e+00+/-0.00000e+00  0.0000e+00+/-0.0000e+00  0.0000e+00+/-0.0000e+00
Xi_b0                       5232       0     0  0.5    0    0  5.84000e+00+/-0.00000e+00  1.7008e-24+/-0.0000e+00  3.8700e-01+/-0.0000e+00
Xi_bc+                      5242       1     0  0.5    0    0  7.00575e+00+/-0.00000e+00  1.7008e-24+/-0.0000e+00  3.8700e-01+/-0.0000e+00
bs_0                        5301 -0.6667     -1    0    0    0  5.56725e+00+/-0.00000e+00  0.0000e+00+/-0.0000e+00  0.0000e+00+/-0.0000e+00
bs_1                        5303 -0.6667     -1    1    0    0  5.57536e+00+/-0.00000e+00  0.0000e+00+/-0.0000e+00  0.0000e+00+/-0.0000e+00
Xi'_b-                      5312      -1     0  0.5    0    0  5.96000e+00+/-0.00000e+00  0.0000e+00+/-0.0000e+00  0.0000e+00+/-0.0000e+00
Xi*_b-                      5314      -1     0  1.5    0    0  5.97000e+00+/-0.00000e+00  0.0000e+00+/-0.0000e+00  0.0000e+00+/-0.0000e+00
Xi'_b0                      5322       0     0  0.5    0    0  5.96000e+00+/-0.00000e+00  0.0000e+00+/-0.0000e+00  0.0000e+00+/-0.0000e+00
Xi*_b0                      5324       0     0  1.5    0    0  5.97000e+00+/-0.00000e+00  0.0000e+00+/-0.0000e+00  0.0000e+00+/-0.0000e+00
Omega_b-                    5332      -1     0  0.5    0    0  6.12000e+00+/-0.00000e+00  1.7008e-24+/-0.0000e+00  3.8700e-01+/-0.0000e+00
Omega*_b-                   5334      -1     0  1.5    0    0  6.13000e+00+/-0.00000e+00  0.0000e+00+/-0.0000e+00  0.0000e+00+/-0.0000e+00
Omega_bc0                   5342       0     0  0.5    0    0  7.19099e+00+/-0.00000e+00  1.7008e-24+/-0.0000e+00  3.8700e-01+/-0.0000e+00
bc_0                        5401  0.3333     -1    0    0    0  6.67143e+00+/-0.00000e+00  0.0000e+00+/-0.0000e+00  0.0000e+00+/-0.0000e+00
bc_1                        5403  0.3333     -1    1    0    0  6.67397e+00+/-0.00000e+00  0.0000e+00+/-0.0000e+00  0.0000e+00+/-0.0000e+00
Xi'_bc0                     5412       0     0  0.5    0    0  7.03724e+00+/-0.00000e+00  1.7008e-24+/-0.0000e+00  3.8700e-01+/-0.0000e+00
Xi*_bc0                     5414       0     0  1.5    0    0  7.04850e+00+/-0.00000e+00  1.7008e-24+/-0.0000e+00  3.8700e-01+/-0.0000e+00
Xi'_bc+                     5422       1     0  0.5    0    0  7.03724e+00+/-0.00000e+00  1.7008e-24+/-0.0000e+00  3.8700e-01+/-0.0000e+00
Xi*_bc+                     5424       1     0  1.5    0    0  7.04850e+00+/-0.00000e+00  1.7008e-24+/-0.0000e+00  3.8700e-01+/-0.0000e+00
Omega'_bc0                  5432       0     0  0.5    0    0  7.21101e+00+/-0.00000e+00  1.7008e-24+/-0.0000e+00  3.8700e-01+/-0.0000e+00
Omega*_bc0                  5434       0     0  1.5    0    0  7.21900e+00+/-0.00000e+00  1.7008e-24+/-0.0000e+00  3.8700e-01+/-0.0000e+00
Omega_bcc+                  5442       1     0  0.5    0    0  8.30945e+00+/-0.00000e+00  1.7008e-24+/-0.0000e+00  3.8700e-01+/-0.0000e+00
Omega*_bcc+                 5444       1     0  1.5    0    0  8.31325e+00+/-0.00000e+00  1.7008e-24+/-0.0000e+00  3.8700e-01+/-0.0000e+00
bb_1                        5503 -0.6667     -1    1    0    0  1.00735e+01+/-0.00000e+00  0.0000e+00+/-0.0000e+00  0.0000e+00+/-0.0000e+00
Xi_bb-                      5512      -1     0  0.5    0    0  1.04227e+01+/-0.00000e+00  1.7008e-24+/-0.0000e+00  3.8700e-01+/-0.0000e+00
Xi*_bb-                     5514      -1     0  1.5    0    0  1.04414e+01+/-0.00000e+00  1.7008e-24+/-0.0000e+00  3.8700e-01+/-0.0000e+00
Xi_bb0                      5522       0     0  0.5    0    0  1.04227e+01+/-0.00000e+00  1.7008e-24+/-0.0000e+00  3.8700e-01+/-0.0000e+00
Xi*_bb0                     5524       0     0  1.5    0    0  1.04414e+01+/-0.00000e+00  1.7008e-24+/-0.0000e+00  3.8700e-01+/-0.0000e+00
Omega_bb-                   5532      -1     0  0.5    0    0  1.06021e+01+/-0.00000e+00  1.7008e-24+/-0.0000e+00  3.8700e-01+/-0.0000e+00
Omega*_bb-                  5534      -1     0  1.5    0    0  1.06143e+01+/-0.00000e+00  1.7008e-24+/-0.0000e+00  3.8700e-01+/-0.0000e+00
Omega_bbc0                  5542       0     0  0.5    0    0  1.17077e+01+/-0.00000e+00  1.7008e-24+/-0.0000e+00  3.8700e-01+/-0.0000e+00
Omega*_bbc0                 5544       0     0  1.5    0    0  1.17115e+01+/-0.00000e+00  1.7008e-24+/-0.0000e+00  3.8700e-01+/-0.0000e+00
Omega*_bbb-                 5554      -1     0  1.5    0    0  1.51106e+01+/-0.00000e+00  1.7008e-24+/-0.0000e+00  3.8700e-01+/-0.0000e+00
b_10                       10113       0     0    1    0    1  1.23100e+00+/-0.00000e+00  1.4200e-01+/-0.0000e+00  4.6353e-24+/-0.0000e+00
b_1+                       10213       1     0    1    0    1  1.23100e+00+/-0.00000e+00  1.4200e-01+/-0.0000e+00  4.6353e-24+/-0.0000e+00
f'_0                       10221       0     0    0    1    1  1.40000e+00+/-0.00000e+00  2.5000e-01+/-0.0000e+00  2.6328e-24+/-0.0000e+00
h_1                        10223       0     0    1    0    1  1.17000e+00+/-0.00000e+00  3.6000e-01+/-0.0000e+00  1.8284e-24+/-0.0000e+00
K*_00                      10311       0     0    0    1    1  1.42900e+00+/-0.00000e+00  2.8700e-01+/-0.0000e+00  2.2934e-24+/-0.0000e+00
K_10                       10313       0     0    1    0    1  1.29000e+00+/-0.00000e+00  9.0000e-02+/-0.0000e+00  7.3135e-24+/-0.0000e+00
K*_0+                      10321       1     0    0    1    1  1.42900e+00+/-0.00000e+00  2.8700e-01+/-0.0000e+00  2.2934e-24+/-0.0000e+00
K_1+                       10323       1     0    1    0    1  1.29000e+00+/-0.00000e+00  9.0000e-02+/-0.0000e+00  7.3135e-24+/-0.0000e+00
h'_1                       10333       0     0    1    0    1  1.40000e+00+/-0.00000e+00  8.0000e-02+/-0.0000e+00  8.2276e-24+/-0.0000e+00
D*_0+                      10411       1     0    0    1    1  2.27200e+00+/-0.00000e+00  5.0000e-02+/-0.0000e+00  1.3164e-23+/-0.0000e+00
D_1+                       10413       1     0    1    0    1  2.42400e+00+/-0.00000e+00  2.0000e-02+/-0.0000e+00  3.2911e-23+/-0.0000e+00
D*_00                      10421       0     0    0    1    1  2.27200e+00+/-0.00000e+00  5.0000e-02+/-0.0000e+00  1.3164e-23+/-0.0000e+00
D_10                       10423       0     0    1    0    1  2.42400e+00+/-0.00000e+00  2.0000e-02+/-0.0000e+00  3.2911e-23+/-0.0000e+00
D*_0s+                     10431       1     0    0    1    1  2.50000e+00+/-0.00000e+00  5.0000e-02+/-0.0000e+00  1.3164e-23+/-0.0000e+00
D_1s+                      10433       1     0    1    0    1  2.53600e+00+/-0.00000e+00  0.0000e+00+/-0.0000e+00  0.0000e+00+/-0.0000e+00
chi_0c                     10441       0     0    0    1    1  3.41510e+00+/-0.00000e+00  1.4000e-02+/-0.0000e+00  4.7015e-23+/-0.0000e+00
h_1c                       10443       0     0    1    0    1  3.46000e+00+/-0.00000e+00  1.0000e-02+/-0.0000e+00  6.5821e-23+/-0.0000e+00
B*_00                      10511       0     0    0    1    1  5.68000e+00+/-0.00000e+00  5.0000e-02+/-0.0000e+00  1.3164e-23+/-0.0000e+00
B_10                       10513       0     0    1    0    1  5.73000e+00+/-0.00000e+00  5.0000e-02+/-0.0000e+00  1.3164e-23+/-0.0000e+00
B*_0+                      10521       1     0    0    1    1  5.68000e+00+/-0.00000e+00  5.0000e-02+/-0.0000e+00  1.3164e-23+/-0.0000e+00
B_1+                       10523       1     0    1    0    1  5.73000e+00+/-0.00000e+00  5.0000e-02+/-0.0000e+00  1.3164e-23+/-0.0000e+00
B*_0s0                     10531       0     0    0    1    1  5.92000e+00+/-0.00000e+00  5.0000e-02+/-0.0000e+00  1.3164e-23+/-0.0000e+00
B_1s0                      10533       0     0    1    0    1  5.97000e+00+/-0.00000e+00  5.0000e-02+/-0.0000e+00  1.3164e-23+/-0.0000e+00
B*_0c+                     10541       1     0    0    1    1  7.25000e+00+/-0.00000e+00  5.0000e-02+/-0.0000e+00  1.3164e-23+/-0.0000e+00
B_1c+                      10543       1     0    1    0    1  7.30000e+00+/-0.00000e+00  5.0000e-02+/-0.0000e+00  1.3164e-23+/-0.0000e+00
chi_0b                     10551       0     0    0    1    1  9.85980e+00+/-0.00000e+00  0.0000e+00+/-0.0000e+00  0.0000e+00+/-0.0000e+00
h_1b                       10553       0     0    1    0    1  9.87500e+00+/-0.00000e+00  1.0000e-02+/-0.0000e+00  6.5821e-23+/-0.0000e+00
a_10                       20113       0     0    1    1    1  1.23000e+00+/-0.00000e+00  4.0000e-01+/-0.0000e+00  1.6455e-24+/-0.0000e+00
a_1+                       20213       1     0    1    1    1  1.23000e+00+/-0.00000e+00  4.0000e-01+/-0.0000e+00  1.6455e-24+/-0.0000e+00
f_1                        20223       0     0    1    1    1  1.28200e+00+/-0.00000e+00  2.5000e-02+/-0.0000e+00  2.6328e-23+/-0.0000e+00
K*_10                      20313       0     0    1    1    1  1.40200e+00+/-0.00000e+00  1.7400e-01+/-0.0000e+00  3.7828e-24+/-0.0000e+00
K*_1+                      20323       1     0    1    1    1  1.40200e+00+/-0.00000e+00  1.7400e-01+/-0.0000e+00  3.7828e-24+/-0.0000e+00
f'_1                       20333       0     0    1    1    1  1.42700e+00+/-0.00000e+00  5.3000e-02+/-0.0000e+00  1.2419e-23+/-0.0000e+00
D*_1+                      20413       1     0    1    1    1  2.37200e+00+/-0.00000e+00  5.0000e-02+/-0.0000e+00  1.3164e-23+/-0.0000e+00
D*_10                      20423       0     0    1    1    1  2.37200e+00+/-0.00000e+00  5.0000e-02+/-0.0000e+00  1.3164e-23+/-0.0000e+00
D*_1s+                     20433       1     0    1    1    1  2.56000e+00+/-0.00000e+00  5.0000e-02+/-0.0000e+00  1.3164e-23+/-0.0000e+00
chi_1c                     20443       0     0    1    1    1  3.51060e+00+/-0.00000e+00  9.0000e-04+/-0.0000e+00  7.3135e-22+/-0.0000e+00
B*_10                      20513       0     0    1    1    1  5.78000e+00+/-0.00000e+00  5.0000e-02+/-0.0000e+00  1.3164e-23+/-0.0000e+00
B*_1+                      20523       1     0    1    1    1  5.78000e+00+/-0.00000e+00  5.0000e-02+/-0.0000e+00  1.3164e-23+/-0.0000e+00
B*_1s0                     20533       0     0    1    1    1  6.02000e+00+/-0.00000e+00  5.0000e-02+/-0.0000e+00  1.3164e-23+/-0.0000e+00
B*_1c+                     20543       1     0    1    1    1  7.30000e+00+/-0.00000e+00  5.0000e-02+/-0.0000e+00  1.3164e-23+/-0.0000e+00
chi_1b                     20553       0     0    1    1    1  9.89190e+00+/-0.00000e+00  0.0000e+00+/-0.0000e+00  0.0000e+00+/-0.0000e+00
psi'                      100443       0     0    1    1    0  3.68600e+00+/-0.00000e+00  0.0000e+00+/-0.0000e+00  0.0000e+00+/-0.0000e+00
Upsilon'                  100553       0     0    1    1    0  1.00233e+01+/-0.00000e+00  0.0000e+00+/-0.0000e+00  0.0000e+00+/-0.0000e+00
~d_L                     1000001 -0.3333     1  0.5    0    0  5.00000e+02+/-0.00000e+00  1.0000e+00+/-0.0000e+00  6.5821e-25+/-0.0000e+00
~u_L                     1000002  0.6667     1  0.5    0    0  5.00000e+02+/-0.00000e+00  1.0000e+00+/-0.0000e+00  6.5821e-25+/-0.0000e+00
~s_L                     1000003 -0.3333     1  0.5    0    0  5.00000e+02+/-0.00000e+00  1.0000e+00+/-0.0000e+00  6.5821e-25+/-0.0000e+00
~c_L                     1000004  0.6667     1  0.5    0    0  5.00000e+02+/-0.00000e+00  1.0000e+00+/-0.0000e+00  6.5821e-25+/-0.0000e+00
~b_1                     1000005 -0.3333     1  0.5    0    0  5.00000e+02+/-0.00000e+00  1.0000e+00+/-0.0000e+00  6.5821e-25+/-0.0000e+00
~t_1                     1000006  0.6667     1  0.5    0    0  5.00000e+02+/-0.00000e+00  1.0000e+00+/-0.0000e+00  6.5821e-25+/-0.0000e+00
~e_L-                    1000011      -1     0  0.5    0    0  5.00000e+02+/-0.00000e+00  1.0000e+00+/-0.0000e+00  6.5821e-25+/-0.0000e+00
~nu_eL                   1000012       0     0  0.5    0    0  5.00000e+02+/-0.00000e+00  1.0000e+00+/-0.0000e+00  6.5821e-25+/-0.0000e+00
~mu_L-                   1000013      -1     0  0.5    0    0  5.00000e+02+/-0.00000e+00  1.0000e+00+/-0.0000e+00  6.5821e-25+/-0.0000e+00
~nu_muL                  1000014       0     0  0.5    0    0  5.00000e+02+/-0.00000e+00  1.0000e+00+/-0.0000e+00  6.5821e-25+/-0.0000e+00
~tau_1-                  1000015      -1     0  0.5    0    0  5.00000e+02+/-0.00000e+00  1.0000e+00+/-0.0000e+00  6.5821e-25+/-0.0000e+00
~nu_tauL                 1000016       0     0  0.5    0    0  5.00000e+02+/-0.00000e+00  1.0000e+00+/-0.0000e+00  6.5821e-25+/-0.0000e+00
~g                       1000021       0     2    1    0    0  5.00000e+02+/-0.00000e+00  1.0000e+00+/-0.0000e+00  6.5821e-25+/-0.0000e+00
~chi_10                  1000022       0     0    1    0    0  5.00000e+02+/-0.00000e+00  1.0000e+00+/-0.0000e+00  6.5821e-25+/-0.0000e+00
~chi_20                  1000023       0     0    1    0    0  5.00000e+02+/-0.00000e+00  1.0000e+00+/-0.0000e+00  6.5821e-25+/-0.0000e+00
~chi_1+                  1000024       1     0    1    0    0  5.00000e+02+/-0.00000e+00  1.0000e+00+/-0.0000e+00  6.5821e-25+/-0.0000e+00
~chi_30                  1000025       0     0    0    0    0  5.00000e+02+/-0.00000e+00  1.0000e+00+/-0.0000e+00  6.5821e-25+/-0.0000e+00
~chi_40                  1000035       0     0    0    0    0  5.00000e+02+/-0.00000e+00  1.0000e+00+/-0.0000e+00  6.5821e-25+/-0.0000e+00
~chi_2+                  1000037       1     0    0    0    0  5.00000e+02+/-0.00000e+00  1.0000e+00+/-0.0000e+00  6.5821e-25+/-0.0000e+00
~gravitino               1000039       0     0    0    0    0  5.00000e+02+/-0.00000e+00  0.0000e+00+/-0.0000e+00  0.0000e+00+/-0.0000e+00
~d_R                     2000001 -0.3333     1  0.5    0    0  5.00000e+02+/-0.00000e+00  1.0000e+00+/-0.0000e+00  6.5821e-25+/-0.0000e+00
~u_R                     2000002  0.6667     1  0.5    0    0  5.00000e+02+/-0.00000e+00  1.0000e+00+/-0.0000e+00  6.5821e-25+/-0.0000e+00
~s_R                     2000003 -0.3333     1  0.5    0    0  5.00000e+02+/-0.00000e+00  1.0000e+00+/-0.0000e+00  6.5821e-25+/-0.0000e+00
~c_R                     2000004  0.6667     1  0.5    0    0  5.00000e+02+/-0.00000e+00  1.0000e+00+/-0.0000e+00  6.5821e-25+/-0.0000e+00
~b_2                     2000005 -0.3333     1  0.5    0    0  5.00000e+02+/-0.00000e+00  1.0000e+00+/-0.0000e+00  6.5821e-25+/-0.0000e+00
~t_2                     2000006  0.6667     1  0.5    0    0  5.00000e+02+/-0.00000e+00  1.0000e+00+/-0.0000e+00  6.5821e-25+/-0.0000e+00
~e_R-                    2000011      -1     0  0.5    0    0  5.00000e+02+/-0.00000e+00  1.0000e+00+/-0.0000e+00  6.5821e-25+/-0.0000e+00
~nu_eR                   2000012       0     0  0.5    0    0  5.00000e+02+/-0.00000e+00  0.0000e+00+/-0.0000e+00  0.0000e+00+/-0.0000e+00
~mu_R-                   2000013      -1     0  0.5    0    0  5.00000e+02+/-0.00000e+00  1.0000e+00+/-0.0000e+00  6.5821e-25+/-0.0000e+00
~nu_muR                  2000014       0     0  0.5    0    0  5.00000e+02+/-0.00000e+00  0.0000e+00+/-0.0000e+00  0.0000e+00+/-0.0000e+00
~tau_2-                  2000015      -1     0  0.5    0    0  5.00000e+02+/-0.00000e+00  1.0000e+00+/-0.0000e+00  6.5821e-25+/-0.0000e+00
~nu_tauR                 2000016       0     0  0.5    0    0  5.00000e+02+/-0.00000e+00  0.0000e+00+/-0.0000e+00  0.0000e+00+/-0.0000e+00
pi_tc0                   3000111       0     0    0    0    0  1.10000e+02+/-0.00000e+00  4.1040e-02+/-0.0000e+00  1.6038e-23+/-0.0000e+00
rho_tc0                  3000113       0     0    1    1    0  2.10000e+02+/-0.00000e+00  8.2101e-01+/-0.0000e+00  8.0171e-25+/-0.0000e+00
pi_tc+                   3000211       1     0    0    0    0  1.10000e+02+/-0.00000e+00  1.0500e-02+/-0.0000e+00  6.2687e-23+/-0.0000e+00
rho_tc+                  3000213       1     0    1    1    0  2.10000e+02+/-0.00000e+00  6.4973e-01+/-0.0000e+00  1.0131e-24+/-0.0000e+00
eta_tc0                  3000221       0     2    0    0    0  3.50000e+02+/-0.00000e+00  1.0158e-01+/-0.0000e+00  6.4797e-24+/-0.0000e+00
omega_tc                 3000223       0     0    1    1    0  2.10000e+02+/-0.00000e+00  1.5750e-01+/-0.0000e+00  4.1791e-24+/-0.0000e+00
pi'_tc0                  3100111       0     0    0    0    0  1.10000e+02+/-0.00000e+00  2.8070e-02+/-0.0000e+00  2.3449e-23+/-0.0000e+00
d*                       4000001 -0.3333     1  0.5    0    0  4.00000e+02+/-0.00000e+00  2.6517e+00+/-0.0000e+00  2.4822e-25+/-0.0000e+00
u*                       4000002  0.6667     1  0.5    0    0  4.00000e+02+/-0.00000e+00  2.6550e+00+/-0.0000e+00  2.4792e-25+/-0.0000e+00
e*-                      4000011      -1     0  0.5    0    0  4.00000e+02+/-0.00000e+00  4.2901e-01+/-0.0000e+00  1.5343e-24+/-0.0000e+00
nu*_e0                   4000012       0     0  0.5    0    0  4.00000e+02+/-0.00000e+00  4.1917e-01+/-0.0000e+00  1.5703e-24+/-0.0000e+00
a_00                     9000111       0     0    0    0    0  9.83500e-01+/-0.00000e+00  6.0000e-02+/-0.0000e+00  1.0970e-23+/-0.0000e+00
a_0+                     9000211       1     0    0    0    0  9.83500e-01+/-0.00000e+00  6.0000e-02+/-0.0000e+00  1.0970e-23+/-0.0000e+00
nu_Re                    9900012       0     0  0.5    0    0  7.50000e+02+/-0.00000e+00  0.0000e+00+/-0.0000e+00  0.0000e+00+/-0.0000e+00
nu_Rmu                   9900014       0     0  0.5    0    0  7.50000e+02+/-0.00000e+00  0.0000e+00+/-0.0000e+00  0.0000e+00+/-0.0000e+00
nu_Rtau                  9900016       0     0  0.5    0    0  7.50000e+02+/-0.00000e+00  0.0000e+00+/-0.0000e+00  0.0000e+00+/-0.0000e+00
W_R+                     9900024       1     0    1    0    0  7.50000e+02+/-0.00000e+00  1.9339e+01+/-0.0000e+00  3.4035e-26+/-0.0000e+00
H_L++                    9900041       2     0    0    0    0  2.00000e+02+/-0.00000e+00  8.8161e-01+/-0.0000e+00  7.4660e-25+/-0.0000e+00
H_R++                    9900042       2     0    0    0    0  2.00000e+02+/-0.00000e+00  8.8001e-01+/-0.0000e+00  7.4796e-25+/-0.0000e+00
rho_diff0                9910113       0     0    1    0    0  0.00000e+00+/-0.00000e+00  0.0000e+00+/-0.0000e+00  0.0000e+00+/-0.0000e+00
pi_diffr+                9910211       1     0    0    0    0  0.00000e+00+/-0.00000e+00  0.0000e+00+/-0.0000e+00  0.0000e+00+/-0.0000e+00
omega_di                 9910223       0     0    1    0    0  0.00000e+00+/-0.00000e+00  0.0000e+00+/-0.0000e+00  0.0000e+00+/-0.0000e+00
phi_diff                 9910333       0     0    1    0    0  0.00000e+00+/-0.00000e+00  0.0000e+00+/-0.0000e+00  0.0000e+00+/-0.0000e+00
J/psi_di                 9910443       0     0    1    0    0  0.00000e+00+/-0.00000e+00  0.0000e+00+/-0.0000e+00  0.0000e+00+/-0.0000e+00
n_diffr0                 9912112       0     0  0.5    0    0  0.00000e+00+/-0.00000e+00  0.0000e+00+/-0.0000e+00  0.0000e+00+/-0.0000e+00
p_diffr+                 9912212       1     0  0.5    0    0  0.00000e+00+/-0.00000e+00  0.0000e+00+/-0.0000e+00  0.0000e+00+/-0.0000e+00
HepPDT-ParticleDataTable-end
