#
#                              ======================
#                              | THE SUSYHIT OUTPUT |
#                              ======================
#
#
#              ------------------------------------------------------
#              |     This is the output of the SUSY-HIT package     |
#              |  created by A.Djouadi, M.Muehlleitner and M.Spira. |
#              |  In case of problems with SUSY-HIT email to        |
#              |           margarete.muehlleitner@cern.ch           |
#              |           michael.spira@psi.ch                     |
#              |           abdelhak.djouadi@cern.ch                 |
#              ------------------------------------------------------
#
#              ------------------------------------------------------
#              |  SUSY Les Houches Accord - MSSM Spectrum + Decays  |
#              |              based on the decay programs           |
#              |                                                    |
#              |                     SDECAY 1.2                     |
#              |                                                    |
#              |  Authors: M.Muhlleitner, A.Djouadi and Y.Mambrini  |
#              |  Ref.:    Comput.Phys.Commun.168(2005)46           |
#              |           [hep-ph/0311167]                         |
#              |                                                    |
#              |                     HDECAY 3.200                   |
#              |                                                    |
#              |  By: A.Djouadi,J.Kalinowski,M.Muhlleitner,M.Spira  |
#              |  Ref.:    Comput.Phys.Commun.108(1998)56           |
#              |           [hep-ph/9704448]                         |
#              |                                                    |
#              |                                                    |
#              |  If not stated otherwise all DRbar couplings and   |
#              |  soft SUSY breaking masses are given at the scale  |
#              |  Q=  0.50189069E+03
#              |                                                    |
#              ------------------------------------------------------
#
#  CMS point: LM3
#  Charged lepton ID signs in the HDECAY (last 4) blocks are corrected by Sezen (by hand) 02/07/07
#  A0 value added to block MINPAR by Sezen (by hand) since SUSYHIT does not write A0 values for A0 = 0
#  04/07/07
#
BLOCK DCINFO  # Decay Program information
     1   SDECAY/HDECAY # decay calculator
     2   1.2   /3.200  # version number
#
BLOCK SPINFO  # Spectrum calculator information
     1   SOFTSUSY    # spectrum calculator                 
     2   2.0.11         # version number                   
#
BLOCK MODSEL  # Model selection
     1     1   #  sugra                                            
#
BLOCK SMINPUTS  # Standard Model inputs
         1     1.27908953E+02   # alpha_em^-1(M_Z)^MSbar
         2     1.16639000E-05   # G_F [GeV^-2]
         3     1.17200000E-01   # alpha_S(M_Z)^MSbar
         4     9.11876000E+01   # M_Z pole mass
         5     4.20000000E+00   # mb(mb)^MSbar
         6     1.72500000E+02   # mt pole mass
         7     1.77700000E+00   # mtau pole mass
#
BLOCK MINPAR  # Input parameters - minimal models
         1     3.30000000E+02   # m0                  
         2     2.40000000E+02   # m12                 
         3     2.00000000E+01   # tanb                
         4     1.00000000E+00   # sign(mu)            
         5     0.00000000E+00   # A0
#
BLOCK MASS  # Mass Spectrum
# PDG code           mass       particle
        24     8.04000267E+01   # W+
        25     1.10244280E+02   # h
        35     4.49856749E+02   # H
        36     4.49862319E+02   # A
        37     4.57291891E+02   # H+
         5     4.82427405E+00   # b-quark pole mass calculated from mb(mb)_Msbar
   1000001     6.25573540E+02   # ~d_L
   2000001     6.06967414E+02   # ~d_R
   1000002     6.18559503E+02   # ~u_L
   2000002     6.09994548E+02   # ~u_R
   1000003     6.25573540E+02   # ~s_L
   2000003     6.06967414E+02   # ~s_R
   1000004     6.18559503E+02   # ~c_L
   2000004     6.09994548E+02   # ~c_R
   1000005     5.48291142E+02   # ~b_1
   2000005     5.96133030E+02   # ~b_2
   1000006     4.44458107E+02   # ~t_1
   2000006     6.06481868E+02   # ~t_2
   1000011     3.69609924E+02   # ~e_L
   2000011     3.44410688E+02   # ~e_R
   1000012     3.59924274E+02   # ~nu_eL
   1000013     3.69609924E+02   # ~mu_L
   2000013     3.44410688E+02   # ~mu_R
   1000014     3.59924274E+02   # ~nu_muL
   1000015     3.23481658E+02   # ~tau_1
   2000015     3.70069108E+02   # ~tau_2
   1000016     3.53674494E+02   # ~nu_tauL
   1000021     5.97465772E+02   # ~g
   1000022     9.38487570E+01   # ~chi_10
   1000023     1.73309167E+02   # ~chi_20
   1000025    -3.29580470E+02   # ~chi_30
   1000035     3.47057108E+02   # ~chi_40
   1000024     1.74125422E+02   # ~chi_1+
   1000037     3.45431441E+02   # ~chi_2+
#
BLOCK NMIX  # Neutralino Mixing Matrix
  1  1     9.82686114E-01   # N_11
  1  2    -5.46454255E-02   # N_12
  1  3     1.67438061E-01   # N_13
  1  4    -5.75010861E-02   # N_14
  2  1     1.15196299E-01   # N_21
  2  2     9.25754763E-01   # N_22
  2  3    -3.12421590E-01   # N_23
  2  4     1.79166627E-01   # N_24
  3  1    -7.05186160E-02   # N_31
  3  2     1.04817688E-01   # N_32
  3  3     6.92123834E-01   # N_33
  3  4     7.10637021E-01   # N_34
  4  1    -1.26826413E-01   # N_41
  4  2     3.59173005E-01   # N_42
  4  3     6.28746248E-01   # N_43
  4  4    -6.77929177E-01   # N_44
#
BLOCK UMIX  # Chargino Mixing Matrix U
  1  1     8.91757281E-01   # U_11
  1  2    -4.52514036E-01   # U_12
  2  1     4.52514036E-01   # U_21
  2  2     8.91757281E-01   # U_22
#
BLOCK VMIX  # Chargino Mixing Matrix V
  1  1     9.64589315E-01   # V_11
  1  2    -2.63756428E-01   # V_12
  2  1     2.63756428E-01   # V_21
  2  2     9.64589315E-01   # V_22
#
BLOCK STOPMIX  # Stop Mixing Matrix
  1  1     4.97860239E-01   # cos(theta_t)
  1  2     8.67257276E-01   # sin(theta_t)
  2  1    -8.67257276E-01   # -sin(theta_t)
  2  2     4.97860239E-01   # cos(theta_t)
#
BLOCK SBOTMIX  # Sbottom Mixing Matrix
  1  1     9.50049110E-01   # cos(theta_b)
  1  2     3.12100446E-01   # sin(theta_b)
  2  1    -3.12100446E-01   # -sin(theta_b)
  2  2     9.50049110E-01   # cos(theta_b)
#
BLOCK STAUMIX  # Stau Mixing Matrix
  1  1     3.89064632E-01   # cos(theta_tau)
  1  2     9.21210460E-01   # sin(theta_tau)
  2  1    -9.21210460E-01   # -sin(theta_tau)
  2  2     3.89064632E-01   # cos(theta_tau)
#
BLOCK ALPHA  # Higgs mixing
          -5.53102489E-02   # Mixing angle in the neutral Higgs boson sector
#
BLOCK HMIX Q=  5.01890692E+02  # DRbar Higgs Parameters
         1     3.18940366E+02   # mu(Q)MSSM           
         2     1.95379136E+01   # tan                 
         3     2.44786426E+02   # higgs               
         4     2.18307771E+05   # mA^2(Q)MSSM         
#
BLOCK GAUGE Q=  5.01890692E+02  # The gauge couplings
     1     3.60938075E-01   # gprime(Q) DRbar
     2     6.45954904E-01   # g(Q) DRbar
     3     1.09386195E+00   # g3(Q) DRbar
#
BLOCK AU Q=  5.01890692E+02  # The trilinear couplings
  1  1     0.00000000E+00   # A_u(Q) DRbar
  2  2     0.00000000E+00   # A_c(Q) DRbar
  3  3    -4.49803772E+02   # A_t(Q) DRbar
#
BLOCK AD Q=  5.01890692E+02  # The trilinear couplings
  1  1     0.00000000E+00   # A_d(Q) DRbar
  2  2     0.00000000E+00   # A_s(Q) DRbar
  3  3    -6.56059988E+02   # A_b(Q) DRbar
#
BLOCK AE Q=  5.01890692E+02  # The trilinear couplings
  1  1     0.00000000E+00   # A_e(Q) DRbar
  2  2     0.00000000E+00   # A_mu(Q) DRbar
  3  3    -1.33778005E+02   # A_tau(Q) DRbar
#
BLOCK Yu Q=  5.01890692E+02  # The Yukawa couplings
  1  1     0.00000000E+00   # y_u(Q) DRbar
  2  2     0.00000000E+00   # y_c(Q) DRbar
  3  3     8.76244761E-01   # y_t(Q) DRbar
#
BLOCK Yd Q=  5.01890692E+02  # The Yukawa couplings
  1  1     0.00000000E+00   # y_d(Q) DRbar
  2  2     0.00000000E+00   # y_s(Q) DRbar
  3  3     2.68671521E-01   # y_b(Q) DRbar
#
BLOCK Ye Q=  5.01890692E+02  # The Yukawa couplings
  1  1     0.00000000E+00   # y_e(Q) DRbar
  2  2     0.00000000E+00   # y_mu(Q) DRbar
  3  3     2.03247111E-01   # y_tau(Q) DRbar
#
BLOCK MSOFT Q=  5.01890692E+02  # The soft SUSY breaking masses at the scale Q
         1     9.75558708E+01   # M_1(Q)              
         2     1.83994626E+02   # M_2(Q)              
         3     5.61022616E+02   # M_3(Q)              
        21     1.03860218E+05   # mH1^2(Q)            
        22    -1.02610645E+05   # mH2^2(Q)            
        31     3.65547147E+02   # meL(Q)              
        32     3.65547147E+02   # mmuL(Q)             
        33     3.59489026E+02   # mtauL(Q)            
        34     3.41158398E+02   # meR(Q)              
        35     3.41158398E+02   # mmuR(Q)             
        36     3.27942774E+02   # mtauR(Q)            
        41     6.05493826E+02   # mqL1(Q)             
        42     6.05493826E+02   # mqL2(Q)             
        43     5.34864289E+02   # mqL3(Q)             
        44     5.91287228E+02   # muR(Q)              
        45     5.91287228E+02   # mcR(Q)              
        46     4.49247418E+02   # mtR(Q)              
        47     5.86237736E+02   # mdR(Q)              
        48     5.86237736E+02   # msR(Q)              
        49     5.72380716E+02   # mbR(Q)              
#
#
#
#                             =================
#                             |The decay table|
#                             =================
#
# - The QCD corrections to the decays gluino -> squark  + quark
#                                     squark -> gaugino + quark_prime
#                                     squark -> squark_prime + Higgs
#                                     squark -> gluino  + quark
#   are included.
#
# - The multi-body decays for the inos, stops and sbottoms are included.
#
# - The loop induced decays for the gluino, neutralinos and stops
#   are included.
#
# - The SUSY decays of the top quark are included.
#
#
#         PDG            Width
DECAY         6     1.44838035E+00   # top decays
#          BR         NDA      ID1       ID2
     1.00000000E+00    2           5        24   # BR(t ->  b    W+)
#
#         PDG            Width
DECAY   1000021     3.09925352E-01   # gluino decays
#          BR         NDA      ID1       ID2
     5.00000000E-01    2     1000005        -5   # BR(~g -> ~b_1  bb)
     5.00000000E-01    2    -1000005         5   # BR(~g -> ~b_1* b )
#
#         PDG            Width
DECAY   1000006     3.26822320E+00   # stop1 decays
#          BR         NDA      ID1       ID2
     1.69625499E-01    2     1000022         6   # BR(~t_1 -> ~chi_10 t )
     1.37266506E-01    2     1000023         6   # BR(~t_1 -> ~chi_20 t )
     5.14483574E-01    2     1000024         5   # BR(~t_1 -> ~chi_1+ b )
     1.78624421E-01    2     1000037         5   # BR(~t_1 -> ~chi_2+ b )
#
#         PDG            Width
DECAY   2000006     9.16360352E+00   # stop2 decays
#          BR         NDA      ID1       ID2
     2.08185597E-02    2     1000022         6   # BR(~t_2 -> ~chi_10 t )
     8.44532915E-02    2     1000023         6   # BR(~t_2 -> ~chi_20 t )
     9.20294074E-02    2     1000025         6   # BR(~t_2 -> ~chi_30 t )
     2.76205086E-01    2     1000035         6   # BR(~t_2 -> ~chi_40 t )
     2.03506634E-01    2     1000024         5   # BR(~t_2 -> ~chi_1+ b )
     2.17336367E-01    2     1000037         5   # BR(~t_2 -> ~chi_2+ b )
     2.85268822E-02    2     1000006        25   # BR(~t_2 -> ~t_1    h )
     7.71237716E-02    2     1000006        23   # BR(~t_2 -> ~t_1    Z )
#
#         PDG            Width
DECAY   1000005     6.10351474E+00   # sbottom1 decays
#          BR         NDA      ID1       ID2
     3.71686760E-02    2     1000022         5   # BR(~b_1 -> ~chi_10 b )
     2.54191515E-01    2     1000023         5   # BR(~b_1 -> ~chi_20 b )
     2.11441341E-02    2     1000025         5   # BR(~b_1 -> ~chi_30 b )
     2.30991829E-02    2     1000035         5   # BR(~b_1 -> ~chi_40 b )
     3.62524215E-01    2    -1000024         6   # BR(~b_1 -> ~chi_1- t )
     2.67591072E-01    2    -1000037         6   # BR(~b_1 -> ~chi_2- t )
     3.42812048E-02    2     1000006       -24   # BR(~b_1 -> ~t_1    W-)
#
#         PDG            Width
DECAY   2000005     1.81918674E+00   # sbottom2 decays
#          BR         NDA      ID1       ID2
     1.24777574E-01    2     1000022         5   # BR(~b_2 -> ~chi_10 b )
     2.35685436E-02    2     1000023         5   # BR(~b_2 -> ~chi_20 b )
     1.26410239E-01    2     1000025         5   # BR(~b_2 -> ~chi_30 b )
     1.42679960E-01    2     1000035         5   # BR(~b_2 -> ~chi_40 b )
     3.32501852E-02    2    -1000024         6   # BR(~b_2 -> ~chi_1- t )
     4.76524528E-01    2    -1000037         6   # BR(~b_2 -> ~chi_2- t )
     7.27889701E-02    2     1000006       -24   # BR(~b_2 -> ~t_1    W-)
#
#         PDG            Width
DECAY   1000002     6.44670869E+00   # sup_L decays
#          BR         NDA      ID1       ID2
     5.99353217E-03    2     1000022         2   # BR(~u_L -> ~chi_10 u)
     2.94510449E-01    2     1000023         2   # BR(~u_L -> ~chi_20 u)
     1.74113431E-03    2     1000025         2   # BR(~u_L -> ~chi_30 u)
     2.15089663E-02    2     1000035         2   # BR(~u_L -> ~chi_40 u)
     6.09953533E-01    2     1000024         1   # BR(~u_L -> ~chi_1+ d)
     2.67886870E-02    2     1000037         1   # BR(~u_L -> ~chi_2+ d)
     3.95036989E-02    2     1000021         2   # BR(~u_L -> ~g      u)
#
#         PDG            Width
DECAY   2000002     1.36198011E+00   # sup_R decays
#          BR         NDA      ID1       ID2
     9.10521149E-01    2     1000022         2   # BR(~u_R -> ~chi_10 u)
     1.12580620E-02    2     1000023         2   # BR(~u_R -> ~chi_20 u)
     2.61835565E-03    2     1000025         2   # BR(~u_R -> ~chi_30 u)
     7.78479748E-03    2     1000035         2   # BR(~u_R -> ~chi_40 u)
     6.78176359E-02    2     1000021         2   # BR(~u_R -> ~g      u)
#
#         PDG            Width
DECAY   1000001     6.46515703E+00   # sdown_L decays
#          BR         NDA      ID1       ID2
     2.07090045E-02    2     1000022         1   # BR(~d_L -> ~chi_10 d)
     2.71323365E-01    2     1000023         1   # BR(~d_L -> ~chi_20 d)
     2.95072941E-03    2     1000025         1   # BR(~d_L -> ~chi_30 d)
     2.87351493E-02    2     1000035         1   # BR(~d_L -> ~chi_40 d)
     5.26959084E-01    2    -1000024         2   # BR(~d_L -> ~chi_1- u)
     8.09240050E-02    2    -1000037         2   # BR(~d_L -> ~chi_2- u)
     6.83986628E-02    2     1000021         1   # BR(~d_L -> ~g      d)
#
#         PDG            Width
DECAY   2000001     3.69599937E-01   # sdown_R decays
#          BR         NDA      ID1       ID2
     8.35059209E-01    2     1000022         1   # BR(~d_R -> ~chi_10 d)
     1.03126096E-02    2     1000023         1   # BR(~d_R -> ~chi_20 d)
     2.38387708E-03    2     1000025         1   # BR(~d_R -> ~chi_30 d)
     7.07894752E-03    2     1000035         1   # BR(~d_R -> ~chi_40 d)
     1.45165357E-01    2     1000021         1   # BR(~d_R -> ~g      d)
#
#         PDG            Width
DECAY   1000004     6.44670869E+00   # scharm_L decays
#          BR         NDA      ID1       ID2
     5.99353217E-03    2     1000022         4   # BR(~c_L -> ~chi_10 c)
     2.94510449E-01    2     1000023         4   # BR(~c_L -> ~chi_20 c)
     1.74113431E-03    2     1000025         4   # BR(~c_L -> ~chi_30 c)
     2.15089663E-02    2     1000035         4   # BR(~c_L -> ~chi_40 c)
     6.09953533E-01    2     1000024         3   # BR(~c_L -> ~chi_1+ s)
     2.67886870E-02    2     1000037         3   # BR(~c_L -> ~chi_2+ s)
     3.95036989E-02    2     1000021         4   # BR(~c_L -> ~g      c)
#
#         PDG            Width
DECAY   2000004     1.36198011E+00   # scharm_R decays
#          BR         NDA      ID1       ID2
     9.10521149E-01    2     1000022         4   # BR(~c_R -> ~chi_10 c)
     1.12580620E-02    2     1000023         4   # BR(~c_R -> ~chi_20 c)
     2.61835565E-03    2     1000025         4   # BR(~c_R -> ~chi_30 c)
     7.78479748E-03    2     1000035         4   # BR(~c_R -> ~chi_40 c)
     6.78176359E-02    2     1000021         4   # BR(~c_R -> ~g      c)
#
#         PDG            Width
DECAY   1000003     6.46515703E+00   # sstrange_L decays
#          BR         NDA      ID1       ID2
     2.07090045E-02    2     1000022         3   # BR(~s_L -> ~chi_10 s)
     2.71323365E-01    2     1000023         3   # BR(~s_L -> ~chi_20 s)
     2.95072941E-03    2     1000025         3   # BR(~s_L -> ~chi_30 s)
     2.87351493E-02    2     1000035         3   # BR(~s_L -> ~chi_40 s)
     5.26959084E-01    2    -1000024         4   # BR(~s_L -> ~chi_1- c)
     8.09240050E-02    2    -1000037         4   # BR(~s_L -> ~chi_2- c)
     6.83986628E-02    2     1000021         3   # BR(~s_L -> ~g      s)
#
#         PDG            Width
DECAY   2000003     3.69599937E-01   # sstrange_R decays
#          BR         NDA      ID1       ID2
     8.35059209E-01    2     1000022         3   # BR(~s_R -> ~chi_10 s)
     1.03126096E-02    2     1000023         3   # BR(~s_R -> ~chi_20 s)
     2.38387708E-03    2     1000025         3   # BR(~s_R -> ~chi_30 s)
     7.07894752E-03    2     1000035         3   # BR(~s_R -> ~chi_40 s)
     1.45165357E-01    2     1000021         3   # BR(~s_R -> ~g      s)
#
#         PDG            Width
DECAY   1000011     2.73273022E+00   # selectron_L decays
#          BR         NDA      ID1       ID2
     1.20116970E-01    2     1000022        11   # BR(~e_L -> ~chi_10 e-)
     3.34941573E-01    2     1000023        11   # BR(~e_L -> ~chi_20 e-)
     1.00825804E-04    2     1000025        11   # BR(~e_L -> ~chi_30 e-)
     6.53164526E-04    2     1000035        11   # BR(~e_L -> ~chi_40 e-)
     5.40505401E-01    2    -1000024        12   # BR(~e_L -> ~chi_1- nu_e)
     3.68206503E-03    2    -1000037        12   # BR(~e_L -> ~chi_2- nu_e)
#
#         PDG            Width
DECAY   2000011     1.49074300E+00   # selectron_R decays
#          BR         NDA      ID1       ID2
     9.91094987E-01    2     1000022        11   # BR(~e_R -> ~chi_10 e-)
     8.86272620E-03    2     1000023        11   # BR(~e_R -> ~chi_20 e-)
     4.22867128E-05    2     1000025        11   # BR(~e_R -> ~chi_30 e-)
#
#         PDG            Width
DECAY   1000013     2.73273022E+00   # smuon_L decays
#          BR         NDA      ID1       ID2
     1.20116970E-01    2     1000022        13   # BR(~mu_L -> ~chi_10 mu-)
     3.34941573E-01    2     1000023        13   # BR(~mu_L -> ~chi_20 mu-)
     1.00825804E-04    2     1000025        13   # BR(~mu_L -> ~chi_30 mu-)
     6.53164526E-04    2     1000035        13   # BR(~mu_L -> ~chi_40 mu-)
     5.40505401E-01    2    -1000024        14   # BR(~mu_L -> ~chi_1- nu_mu)
     3.68206503E-03    2    -1000037        14   # BR(~mu_L -> ~chi_2- nu_mu)
#
#         PDG            Width
DECAY   2000013     1.49074300E+00   # smuon_R decays
#          BR         NDA      ID1       ID2
     9.91094987E-01    2     1000022        13   # BR(~mu_R -> ~chi_10 mu-)
     8.86272620E-03    2     1000023        13   # BR(~mu_R -> ~chi_20 mu-)
     4.22867128E-05    2     1000025        13   # BR(~mu_R -> ~chi_30 mu-)
#
#         PDG            Width
DECAY   1000015     1.73033343E+00   # stau_1 decays
#          BR         NDA      ID1       ID2
     7.15287744E-01    2     1000022        15   # BR(~tau_1 -> ~chi_10  tau-)
     1.05758891E-01    2     1000023        15   # BR(~tau_1 -> ~chi_20  tau-)
     1.78953365E-01    2    -1000024        16   # BR(~tau_1 -> ~chi_1-  nu_tau)
#
#         PDG            Width
DECAY   2000015     2.32564349E+00   # stau_2 decays
#          BR         NDA      ID1       ID2
     2.09558795E-01    2     1000022        15   # BR(~tau_2 -> ~chi_10  tau-)
     3.08382443E-01    2     1000023        15   # BR(~tau_2 -> ~chi_20  tau-)
     3.57300785E-03    2     1000025        15   # BR(~tau_2 -> ~chi_30  tau-)
     2.44352534E-03    2     1000035        15   # BR(~tau_2 -> ~chi_40  tau-)
     4.69986326E-01    2    -1000024        16   # BR(~tau_2 -> ~chi_1-  nu_tau)
     6.05590221E-03    2    -1000037        16   # BR(~tau_2 -> ~chi_2-  nu_tau)
#
#         PDG            Width
DECAY   1000012     2.76141815E+00   # snu_eL decays
#          BR         NDA      ID1       ID2
     1.71286334E-01    2     1000022        12   # BR(~nu_eL -> ~chi_10 nu_e)
     2.36844797E-01    2     1000023        12   # BR(~nu_eL -> ~chi_20 nu_e)
     2.93502213E-04    2     1000025        12   # BR(~nu_eL -> ~chi_30 nu_e)
     4.93329599E-04    2     1000035        12   # BR(~nu_eL -> ~chi_40 nu_e)
     5.90613334E-01    2     1000024        11   # BR(~nu_eL -> ~chi_1+ e-)
     4.68703306E-04    2     1000037        11   # BR(~nu_eL -> ~chi_2+ e-)
#
#         PDG            Width
DECAY   1000014     2.76141815E+00   # snu_muL decays
#          BR         NDA      ID1       ID2
     1.71286334E-01    2     1000022        14   # BR(~nu_muL -> ~chi_10 nu_mu)
     2.36844797E-01    2     1000023        14   # BR(~nu_muL -> ~chi_20 nu_mu)
     2.93502213E-04    2     1000025        14   # BR(~nu_muL -> ~chi_30 nu_mu)
     4.93329599E-04    2     1000035        14   # BR(~nu_muL -> ~chi_40 nu_mu)
     5.90613334E-01    2     1000024        13   # BR(~nu_muL -> ~chi_1+ mu-)
     4.68703306E-04    2     1000037        13   # BR(~nu_muL -> ~chi_2+ mu-)
#
#         PDG            Width
DECAY   1000016     2.69215314E+00   # snu_tauL decays
#          BR         NDA      ID1       ID2
     1.71745620E-01    2     1000022        16   # BR(~nu_tauL -> ~chi_10 nu_tau)
     2.33609504E-01    2     1000023        16   # BR(~nu_tauL -> ~chi_20 nu_tau)
     1.96442605E-04    2     1000025        16   # BR(~nu_tauL -> ~chi_30 nu_tau)
     1.38575470E-04    2     1000035        16   # BR(~nu_tauL -> ~chi_40 nu_tau)
     5.93903588E-01    2     1000024        15   # BR(~nu_tauL -> ~chi_1+ tau-)
     4.06269323E-04    2     1000037        15   # BR(~nu_tauL -> ~chi_2+ tau-)
#
#         PDG            Width
DECAY   1000024     7.04838494E-04   # chargino1+ decays
#           BR         NDA      ID1       ID2       ID3
     3.37178969E-01    3     1000022         2        -1   # BR(~chi_1+ -> ~chi_10 u    db)
     7.47680120E-10    3     1000023         2        -1   # BR(~chi_1+ -> ~chi_20 u    db)
     3.37178969E-01    3     1000022         4        -3   # BR(~chi_1+ -> ~chi_10 c    sb)
     7.47680120E-10    3     1000023         4        -3   # BR(~chi_1+ -> ~chi_20 c    sb)
     1.06799105E-01    3     1000022       -11        12   # BR(~chi_1+ -> ~chi_10 e+   nu_e)
     2.59537615E-10    3     1000023       -11        12   # BR(~chi_1+ -> ~chi_20 e+   nu_e)
     1.06799105E-01    3     1000022       -13        14   # BR(~chi_1+ -> ~chi_10 mu+  nu_mu)
     2.59537615E-10    3     1000023       -13        14   # BR(~chi_1+ -> ~chi_20 mu+  nu_mu)
     1.12043851E-01    3     1000022       -15        16   # BR(~chi_1+ -> ~chi_10 tau+ nu_tau)
#
#         PDG            Width
DECAY   1000037     1.38947111E+00   # chargino2+ decays
#          BR         NDA      ID1       ID2
     1.06137469E-04    2    -1000015        16   # BR(~chi_2+ -> ~tau_1+  nu_tau)
     3.05021409E-01    2     1000024        23   # BR(~chi_2+ -> ~chi_1+  Z )
     1.01157917E-01    2     1000022        24   # BR(~chi_2+ -> ~chi_10  W+)
     3.86532182E-01    2     1000023        24   # BR(~chi_2+ -> ~chi_20  W+)
     2.07182355E-01    2     1000024        25   # BR(~chi_2+ -> ~chi_1+  h )
#
#         PDG            Width
DECAY   1000022     0.00000000E+00   # neutralino1 decays
#
#         PDG            Width
DECAY   1000023     2.35403251E-05   # neutralino2 decays
#          BR         NDA      ID1       ID2
     4.55831101E-04    2     1000022        22   # BR(~chi_20 -> ~chi_10 gam)
#           BR         NDA      ID1       ID2       ID3
     1.41008557E-01    3     1000022        -2         2   # BR(~chi_20 -> ~chi_10 ub      u)
     1.86456665E-01    3     1000022        -1         1   # BR(~chi_20 -> ~chi_10 db      d)
     1.41008557E-01    3     1000022        -4         4   # BR(~chi_20 -> ~chi_10 cb      c)
     1.86456665E-01    3     1000022        -3         3   # BR(~chi_20 -> ~chi_10 sb      s)
     1.91941035E-01    3     1000022        -5         5   # BR(~chi_20 -> ~chi_10 bb      b)
     1.51491707E-02    3     1000022       -11        11   # BR(~chi_20 -> ~chi_10 e+      e-)
     1.51491707E-02    3     1000022       -13        13   # BR(~chi_20 -> ~chi_10 mu+     mu-)
     2.31333308E-02    3     1000022       -15        15   # BR(~chi_20 -> ~chi_10 tau+    tau-)
     3.35220605E-02    3     1000022       -12        12   # BR(~chi_20 -> ~chi_10 nu_eb   nu_e)
     3.35220605E-02    3     1000022       -14        14   # BR(~chi_20 -> ~chi_10 nu_mub  nu_mu)
     3.21968973E-02    3     1000022       -16        16   # BR(~chi_20 -> ~chi_10 nu_taub nu_tau)
#
#         PDG            Width
DECAY   1000025     1.38640823E+00   # neutralino3 decays
#          BR         NDA      ID1       ID2
     1.34916776E-01    2     1000022        23   # BR(~chi_30 -> ~chi_10   Z )
     2.12183616E-01    2     1000023        23   # BR(~chi_30 -> ~chi_20   Z )
     3.07974316E-01    2     1000024       -24   # BR(~chi_30 -> ~chi_1+   W-)
     3.07974316E-01    2    -1000024        24   # BR(~chi_30 -> ~chi_1-   W+)
     2.66187422E-02    2     1000022        25   # BR(~chi_30 -> ~chi_10   h )
     1.02537947E-02    2     1000023        25   # BR(~chi_30 -> ~chi_20   h )
     3.92190647E-05    2     1000015       -15   # BR(~chi_30 -> ~tau_1-   tau+)
     3.92190647E-05    2    -1000015        15   # BR(~chi_30 -> ~tau_1+   tau-)
#
#         PDG            Width
DECAY   1000035     1.54993676E+00   # neutralino4 decays
#          BR         NDA      ID1       ID2
     3.40122085E-02    2     1000022        23   # BR(~chi_40 -> ~chi_10   Z )
     2.64527718E-02    2     1000023        23   # BR(~chi_40 -> ~chi_20   Z )
     3.44874079E-01    2     1000024       -24   # BR(~chi_40 -> ~chi_1+   W-)
     3.44874079E-01    2    -1000024        24   # BR(~chi_40 -> ~chi_1-   W+)
     9.13315643E-02    2     1000022        25   # BR(~chi_40 -> ~chi_10   h )
     1.58108718E-01    2     1000023        25   # BR(~chi_40 -> ~chi_20   h )
     2.15456503E-06    2     2000011       -11   # BR(~chi_40 -> ~e_R-     e+)
     2.15456503E-06    2    -2000011        11   # BR(~chi_40 -> ~e_R+     e-)
     2.15456503E-06    2     2000013       -13   # BR(~chi_40 -> ~mu_R-    mu+)
     2.15456503E-06    2    -2000013        13   # BR(~chi_40 -> ~mu_R+    mu-)
     1.68980772E-04    2     1000015       -15   # BR(~chi_40 -> ~tau_1-   tau+)
     1.68980772E-04    2    -1000015        15   # BR(~chi_40 -> ~tau_1+   tau-)
#
#         PDG            Width
DECAY        26     3.37917845E-03   # h decays
#          BR         NDA      ID1       ID2
     7.92823030E-01    2           5        -5   # BR(h -> b       bb     )
     7.89627468E-02    2         -15        15   # BR(h -> tau+    tau-   )
     2.79595601E-04    2         -13        13   # BR(h -> mu+     mu-    )
     6.06977565E-04    2           3        -3   # BR(h -> s       sb     )
     2.26355353E-02    2           4        -4   # BR(h -> c       cb     )
     5.89268792E-02    2          21        21   # BR(h -> g       g      )
     1.66209481E-03    2          22        22   # BR(h -> gam     gam    )
     3.40563341E-04    2          22        23   # BR(h -> Z       gam    )
     4.00518271E-02    2          24       -24   # BR(h -> W+      W-     )
     3.71075015E-03    2          23        23   # BR(h -> Z       Z      )
#
#         PDG            Width
DECAY        35     2.93362109E+00   # H decays
#          BR         NDA      ID1       ID2
     7.99336348E-01    2           5        -5   # BR(H -> b       bb     )
     1.21251367E-01    2         -15        15   # BR(H -> tau+    tau-   )
     4.28706702E-04    2         -13        13   # BR(H -> mu+     mu-    )
     6.99261421E-04    2           3        -3   # BR(H -> s       sb     )
     2.51029837E-07    2           4        -4   # BR(H -> c       cb     )
     9.08400131E-03    2           6        -6   # BR(H -> t       tb     )
     4.00100277E-04    2          21        21   # BR(H -> g       g      )
     2.56464268E-06    2          22        22   # BR(H -> gam     gam    )
     1.23995104E-07    2          23        22   # BR(H -> Z       gam    )
     1.46441722E-04    2          24       -24   # BR(H -> W+      W-     )
     6.93536788E-05    2          23        23   # BR(H -> Z       Z      )
     6.31434957E-04    2          25        25   # BR(H -> h       h      )
     5.90052215E-02    2     1000024  -1000024   # BR(H -> ~chi_1+ ~chi_1-)
     8.52021265E-03    2     1000022   1000022   # BR(H -> ~chi_10 ~chi_10)
     8.26148800E-07    2     1000023   1000023   # BR(H -> ~chi_20 ~chi_20)
     2.50689662E-04    2     1000022   1000023   # BR(H -> ~chi_10 ~chi_20)
     1.63812425E-04    2     1000022   1000025   # BR(H -> ~chi_10 ~chi_30)
     9.28352716E-06    2     1000022   1000035   # BR(H -> ~chi_10 ~chi_40)
#
#         PDG            Width
DECAY        36     3.26720153E+00   # A decays
#          BR         NDA      ID1       ID2
     7.15470378E-01    2           5        -5   # BR(A -> b       bb     )
     1.08928191E-01    2         -15        15   # BR(A -> tau+    tau-   )
     3.85111875E-04    2         -13        13   # BR(A -> mu+     mu-    )
     6.28265103E-04    2           3        -3   # BR(A -> s       sb     )
     1.94443897E-07    2           4        -4   # BR(A -> c       cb     )
     1.52127870E-02    2           6        -6   # BR(A -> t       tb     )
     3.11270339E-04    2          21        21   # BR(A -> g       g      )
     1.53187857E-06    2          22        22   # BR(A -> gam     gam    )
     7.69186201E-08    2          23        22   # BR(A -> Z       gam    )
     1.13493690E-04    2          23        25   # BR(A -> Z       h      )
     1.48399768E-01    2     1000024  -1000024   # BR(A -> ~chi_1+ ~chi_1-)
     9.97132963E-03    2     1000022   1000022   # BR(A -> ~chi_10 ~chi_10)
     2.06434294E-06    2     1000023   1000023   # BR(A -> ~chi_20 ~chi_20)
     3.76048655E-04    2     1000022   1000023   # BR(A -> ~chi_10 ~chi_20)
     1.94296945E-05    2     1000022   1000025   # BR(A -> ~chi_10 ~chi_30)
     1.80059615E-04    2     1000022   1000035   # BR(A -> ~chi_10 ~chi_40)
#
#         PDG            Width
DECAY        37     2.91928475E+00   # H+ decays
#          BR         NDA      ID1       ID2
     1.42171084E-03    2           4        -5   # BR(H+ -> c       bb     )
     1.23923616E-01    2         -15        16   # BR(H+ -> tau+    nu_tau )
     4.38127245E-04    2         -13        14   # BR(H+ -> mu+     nu_mu  )
     9.09857452E-06    2           2        -5   # BR(H+ -> u       bb     )
     3.38557204E-05    2           2        -3   # BR(H+ -> u       sb     )
     6.96537844E-04    2           4        -3   # BR(H+ -> c       sb     )
     7.89396272E-01    2           6        -5   # BR(H+ -> t       bb     )
     1.39634410E-04    2          24        25   # BR(H+ -> W+      h      )
     1.00089418E-08    2          24        36   # BR(H+ -> W+      A      )
     7.70064729E-02    2     1000024   1000022   # BR(H+ -> ~chi_1+ ~chi_10)
     2.96736932E-04    2     1000024   1000023   # BR(H+ -> ~chi_1+ ~chi_20)
     6.63792772E-03    2     1000037   1000022   # BR(H+ -> ~chi_2+ ~chi_10)
