#
#                              ======================
#                              | THE SUSYHIT OUTPUT |
#                              ======================
#
#
#              ------------------------------------------------------
#              |     This is the output of the SUSY-HIT package     |
#              |  created by A.Djouadi, M.Muehlleitner and M.Spira. |
#              |  In case of problems with SUSY-HIT email to        |
#              |           margarete.muehlleitner@cern.ch           |
#              |           michael.spira@psi.ch                     |
#              |           abdelhak.djouadi@cern.ch                 |
#              ------------------------------------------------------
#
#              ------------------------------------------------------
#              |  SUSY Les Houches Accord - MSSM Spectrum + Decays  |
#              |              based on the decay programs           |
#              |                                                    |
#              |                     SDECAY 1.2                     |
#              |                                                    |
#              |  Authors: M.Muhlleitner, A.Djouadi and Y.Mambrini  |
#              |  Ref.:    Comput.Phys.Commun.168(2005)46           |
#              |           [hep-ph/0311167]                         |
#              |                                                    |
#              |                     HDECAY 3.302                   |
#              |                                                    |
#              |  By: A.Djouadi,J.Kalinowski,M.Muhlleitner,M.Spira  |
#              |  Ref.:    Comput.Phys.Commun.108(1998)56           |
#              |           [hep-ph/9704448]                         |
#              |                                                    |
#              |                                                    |
#              |  If not stated otherwise all DRbar couplings and   |
#              |  soft SUSY breaking masses are given at the scale  |
#              |  Q=  0.10015933E+04
#              |                                                    |
#              ------------------------------------------------------
#
#
BLOCK DCINFO  # Decay Program information
     1   SDECAY/HDECAY # decay calculator
     2   1.2   /3.302  # version number
#
BLOCK SPINFO  # Spectrum calculator information
     1   SOFTSUSY    # spectrum calculator                 
     2   2.0.11         # version number                   
#
BLOCK MODSEL  # Model selection
     1     2   #  gmsb                                             
#
BLOCK SMINPUTS  # Standard Model inputs
         1     1.27908953E+02   # alpha_em^-1(M_Z)^MSbar
         2     1.16639000E-05   # G_F [GeV^-2]
         3     1.17200000E-01   # alpha_S(M_Z)^MSbar
         4     9.11876000E+01   # M_Z pole mass
         5     4.20000000E+00   # mb(mb)^MSbar
         6     1.72500000E+02   # mt pole mass
         7     1.77700000E+00   # mtau pole mass
#
BLOCK MINPAR  # Input parameters - minimal models
         1     5.00000000E+04   # lambda              
         2     1.00000000E+05   # M_mess              
         3     1.50000000E+01   # tanb                
         4     1.00000000E+00   # sign(mu)            
         5     3.00000000E+00   # N5                  
         6     1.00000000E+00   # cgrav               
#
BLOCK MASS  # Mass Spectrum
# PDG code           mass       particle
        24     8.03925328E+01   # W+
        25     1.12431119E+02   # h
        35     4.74484764E+02   # H
        36     4.74213685E+02   # A
        37     4.81198970E+02   # H+
         5     4.82427405E+00   # b-quark pole mass calculated from mb(mb)_Msbar
   1000001     1.10186027E+03   # ~d_L
   2000001     1.05998794E+03   # ~d_R
   1000002     1.09377498E+03   # ~u_L
   2000002     1.06560712E+03   # ~u_R
   1000003     1.10186027E+03   # ~s_L
   2000003     1.05998794E+03   # ~s_R
   1000004     1.09377498E+03   # ~c_L
   2000004     1.06560712E+03   # ~c_R
   1000005     1.04949027E+03   # ~b_1
   2000005     1.06711401E+03   # ~b_2
   1000006     9.84344733E+02   # ~t_1
   2000006     1.08163980E+03   # ~t_2
   1000011     3.26270971E+02   # ~e_L
   2000011     1.59756446E+02   # ~e_R
   1000012     3.14576982E+02   # ~nu_eL
   1000013     3.26270971E+02   # ~mu_L
   2000013     1.59756446E+02   # ~mu_R
   1000014     3.14576982E+02   # ~nu_muL
   1000015     1.53918072E+02   # ~tau_1
   2000015     3.27490598E+02   # ~tau_2
   1000016     3.14134535E+02   # ~nu_tauL
   1000021     1.15652041E+03   # ~g
   1000022     2.06514102E+02   # ~chi_10
   1000023     3.37007964E+02   # ~chi_20
   1000025    -3.78403866E+02   # ~chi_30
   1000035     4.60694812E+02   # ~chi_40
   1000024     3.34237466E+02   # ~chi_1+
   1000037     4.57473544E+02   # ~chi_2+
   1000039     1.18500000E-09   # ~gravitino
#
BLOCK NMIX  # Neutralino Mixing Matrix
  1  1     9.73783058E-01   # N_11
  1  2    -4.81568578E-02   # N_12
  1  3     1.90297597E-01   # N_13
  1  4    -1.14953461E-01   # N_14
  2  1    -2.05311895E-01   # N_21
  2  2    -5.78096516E-01   # N_22
  2  3     5.81633952E-01   # N_23
  2  4    -5.34184789E-01   # N_24
  3  1    -4.97950799E-02   # N_31
  3  2     6.67580597E-02   # N_32
  3  3     7.00096051E-01   # N_33
  3  4     7.09175106E-01   # N_34
  4  1    -8.43447218E-02   # N_41
  4  2     8.11805824E-01   # N_42
  4  3     3.67905271E-01   # N_43
  4  4    -4.45536736E-01   # N_44
#
BLOCK UMIX  # Chargino Mixing Matrix U
  1  1    -5.13005586E-01   # U_11
  1  2     8.58385268E-01   # U_12
  2  1    -8.58385268E-01   # U_21
  2  2    -5.13005586E-01   # U_22
#
BLOCK VMIX  # Chargino Mixing Matrix V
  1  1    -6.18453209E-01   # V_11
  1  2     7.85821626E-01   # V_12
  2  1    -7.85821626E-01   # V_21
  2  2    -6.18453209E-01   # V_22
#
BLOCK STOPMIX  # Stop Mixing Matrix
  1  1     3.04587798E-01   # cos(theta_t)
  1  2     9.52484264E-01   # sin(theta_t)
  2  1    -9.52484264E-01   # -sin(theta_t)
  2  2     3.04587798E-01   # cos(theta_t)
#
BLOCK SBOTMIX  # Sbottom Mixing Matrix
  1  1     4.37555148E-01   # cos(theta_b)
  1  2     8.99191577E-01   # sin(theta_b)
  2  1    -8.99191577E-01   # -sin(theta_b)
  2  2     4.37555148E-01   # cos(theta_b)
#
BLOCK STAUMIX  # Stau Mixing Matrix
  1  1     1.18465605E-01   # cos(theta_tau)
  1  2     9.92958156E-01   # sin(theta_tau)
  2  1    -9.92958156E-01   # -sin(theta_tau)
  2  2     1.18465605E-01   # cos(theta_tau)
#
BLOCK ALPHA  # Higgs mixing
          -7.55208306E-02   # Mixing angle in the neutral Higgs boson sector
#
BLOCK HMIX Q=  1.00159331E+03  # DRbar Higgs Parameters
         1     3.69248111E+02   # mu(Q)MSSM           
         2     1.45074828E+01   # tan                 
         3     2.43761758E+02   # higgs               
         4     2.56494567E+05   # mA^2(Q)MSSM         
#
BLOCK GAUGE Q=  1.00159331E+03  # The gauge couplings
     1     3.63148480E-01   # gprime(Q) DRbar
     2     6.43839256E-01   # g(Q) DRbar
     3     1.05720473E+00   # g3(Q) DRbar
#
BLOCK AU Q=  1.00159331E+03  # The trilinear couplings
  1  1     0.00000000E+00   # A_u(Q) DRbar
  2  2     0.00000000E+00   # A_c(Q) DRbar
  3  3    -3.13851288E+02   # A_t(Q) DRbar
#
BLOCK AD Q=  1.00159331E+03  # The trilinear couplings
  1  1     0.00000000E+00   # A_d(Q) DRbar
  2  2     0.00000000E+00   # A_s(Q) DRbar
  3  3    -3.46513354E+02   # A_b(Q) DRbar
#
BLOCK AE Q=  1.00159331E+03  # The trilinear couplings
  1  1     0.00000000E+00   # A_e(Q) DRbar
  2  2     0.00000000E+00   # A_mu(Q) DRbar
  3  3    -3.41518864E+01   # A_tau(Q) DRbar
#
BLOCK Yu Q=  1.00159331E+03  # The Yukawa couplings
  1  1     0.00000000E+00   # y_u(Q) DRbar
  2  2     0.00000000E+00   # y_c(Q) DRbar
  3  3     8.56774845E-01   # y_t(Q) DRbar
#
BLOCK Yd Q=  1.00159331E+03  # The Yukawa couplings
  1  1     0.00000000E+00   # y_d(Q) DRbar
  2  2     0.00000000E+00   # y_s(Q) DRbar
  3  3     2.01331397E-01   # y_b(Q) DRbar
#
BLOCK Ye Q=  1.00159331E+03  # The Yukawa couplings
  1  1     0.00000000E+00   # y_e(Q) DRbar
  2  2     0.00000000E+00   # y_mu(Q) DRbar
  3  3     1.51885269E-01   # y_tau(Q) DRbar
#
BLOCK MSOFT Q=  1.00159331E+03  # The soft SUSY breaking masses at the scale Q
         1     2.16936366E+02   # M_1(Q)              
         2     4.07658491E+02   # M_2(Q)              
         3     1.10450757E+03   # M_3(Q)              
        21     8.74418645E+04   # mH1^2(Q)            
        22    -1.19418972E+05   # mH2^2(Q)            
        31     3.16198429E+02   # meL(Q)              
        32     3.16198429E+02   # mmuL(Q)             
        33     3.15782431E+02   # mtauL(Q)            
        34     1.49271853E+02   # meR(Q)              
        35     1.49271853E+02   # mmuR(Q)             
        36     1.47471361E+02   # mtauR(Q)            
        41     1.06321737E+03   # mqL1(Q)             
        42     1.06321737E+03   # mqL2(Q)             
        43     1.02974887E+03   # mqL3(Q)             
        44     1.02428925E+03   # muR(Q)              
        45     1.02428925E+03   # mcR(Q)              
        46     9.56187740E+02   # mtR(Q)              
        47     1.01725417E+03   # mdR(Q)              
        48     1.01725417E+03   # msR(Q)              
        49     1.01348977E+03   # mbR(Q)              
#
#
#
#                             =================
#                             |The decay table|
#                             =================
#
# - The QCD corrections to the decays gluino -> squark  + quark
#                                     squark -> gaugino + quark_prime
#                                     squark -> squark_prime + Higgs
#                                     squark -> gluino  + quark
#   are included.
#
# - The multi-body decays for the inos, stops and sbottoms are included.
#
# - The loop induced decays for the gluino, neutralinos and stops
#   are included.
#
# - The SUSY decays of the top quark are included.
#
# - Possible decays of the NLSP in GMSB models are included.
#
#
#         PDG            Width
DECAY         6     1.43924427E+00   # top decays
#          BR         NDA      ID1       ID2
     1.00000000E+00    2           5        24   # BR(t ->  b    W+)
#
#         PDG            Width
DECAY   1000021     4.19529333E+00   # gluino decays
#          BR         NDA      ID1       ID2
     2.25795150E-02    2     1000001        -1   # BR(~g -> ~d_L  db)
     2.25795150E-02    2    -1000001         1   # BR(~g -> ~d_L* d )
     6.78366527E-02    2     2000001        -1   # BR(~g -> ~d_R  db)
     6.78366527E-02    2    -2000001         1   # BR(~g -> ~d_R* d )
     2.95407890E-02    2     1000002        -2   # BR(~g -> ~u_L  ub)
     2.95407890E-02    2    -1000002         2   # BR(~g -> ~u_L* u )
     6.04743958E-02    2     2000002        -2   # BR(~g -> ~u_R  ub)
     6.04743958E-02    2    -2000002         2   # BR(~g -> ~u_R* u )
     2.25795150E-02    2     1000003        -3   # BR(~g -> ~s_L  sb)
     2.25795150E-02    2    -1000003         3   # BR(~g -> ~s_L* s )
     6.78366527E-02    2     2000003        -3   # BR(~g -> ~s_R  sb)
     6.78366527E-02    2    -2000003         3   # BR(~g -> ~s_R* s )
     2.95407890E-02    2     1000004        -4   # BR(~g -> ~c_L  cb)
     2.95407890E-02    2    -1000004         4   # BR(~g -> ~c_L* c )
     6.04743958E-02    2     2000004        -4   # BR(~g -> ~c_R  cb)
     6.04743958E-02    2    -2000004         4   # BR(~g -> ~c_R* c )
     7.89551146E-02    2     1000005        -5   # BR(~g -> ~b_1  bb)
     7.89551146E-02    2    -1000005         5   # BR(~g -> ~b_1* b )
     6.01819782E-02    2     2000005        -5   # BR(~g -> ~b_2  bb)
     6.01819782E-02    2    -2000005         5   # BR(~g -> ~b_2* b )
     4.04346517E-07    2     1000039        21   # BR(~g -> ~G g)
#
#         PDG            Width
DECAY   1000006     2.21788485E+01   # stop1 decays
#          BR         NDA      ID1       ID2
     9.13113967E-02    2     1000022         6   # BR(~t_1 -> ~chi_10 t )
     1.70590865E-01    2     1000023         6   # BR(~t_1 -> ~chi_20 t )
     2.51274475E-01    2     1000025         6   # BR(~t_1 -> ~chi_30 t )
     2.71224620E-02    2     1000035         6   # BR(~t_1 -> ~chi_40 t )
     4.01843311E-01    2     1000024         5   # BR(~t_1 -> ~chi_1+ b )
     5.78574905E-02    2     1000037         5   # BR(~t_1 -> ~chi_2+ b )
#
#         PDG            Width
DECAY   2000006     2.09863523E+01   # stop2 decays
#          BR         NDA      ID1       ID2
     7.35632212E-03    2     1000022         6   # BR(~t_2 -> ~chi_10 t )
     1.60793678E-01    2     1000023         6   # BR(~t_2 -> ~chi_20 t )
     2.36609581E-01    2     1000025         6   # BR(~t_2 -> ~chi_30 t )
     2.59121981E-01    2     1000035         6   # BR(~t_2 -> ~chi_40 t )
     3.93011275E-02    2     1000024         5   # BR(~t_2 -> ~chi_1+ b )
     2.96502180E-01    2     1000037         5   # BR(~t_2 -> ~chi_2+ b )
     3.15131502E-04    2     1000006        23   # BR(~t_2 -> ~t_1    Z )
#
#         PDG            Width
DECAY   1000005     5.35109897E+00   # sbottom1 decays
#          BR         NDA      ID1       ID2
     1.20332148E-01    2     1000022         5   # BR(~b_1 -> ~chi_10 b )
     1.40716277E-01    2     1000023         5   # BR(~b_1 -> ~chi_20 b )
     4.42430892E-02    2     1000025         5   # BR(~b_1 -> ~chi_30 b )
     2.59006955E-02    2     1000035         5   # BR(~b_1 -> ~chi_40 b )
     4.59797039E-01    2    -1000024         6   # BR(~b_1 -> ~chi_1- t )
     2.09010751E-01    2    -1000037         6   # BR(~b_1 -> ~chi_2- t )
#
#         PDG            Width
DECAY   2000005     1.71350131E+01   # sbottom2 decays
#          BR         NDA      ID1       ID2
     8.44812454E-03    2     1000022         5   # BR(~b_2 -> ~chi_10 b )
     4.20210110E-02    2     1000023         5   # BR(~b_2 -> ~chi_20 b )
     2.35609999E-02    2     1000025         5   # BR(~b_2 -> ~chi_30 b )
     1.14549101E-01    2     1000035         5   # BR(~b_2 -> ~chi_40 b )
     3.57095555E-01    2    -1000024         6   # BR(~b_2 -> ~chi_1- t )
     4.54209175E-01    2    -1000037         6   # BR(~b_2 -> ~chi_2- t )
     1.16033877E-04    2     1000006       -24   # BR(~b_2 -> ~t_1    W-)
#
#         PDG            Width
DECAY   1000002     1.00673702E+01   # sup_L decays
#          BR         NDA      ID1       ID2
     7.43347068E-03    2     1000022         2   # BR(~u_L -> ~chi_10 u)
     1.38563002E-01    2     1000023         2   # BR(~u_L -> ~chi_20 u)
     1.14090464E-03    2     1000025         2   # BR(~u_L -> ~chi_30 u)
     1.93659683E-01    2     1000035         2   # BR(~u_L -> ~chi_40 u)
     2.79578671E-01    2     1000024         1   # BR(~u_L -> ~chi_1+ d)
     3.79624268E-01    2     1000037         1   # BR(~u_L -> ~chi_2+ d)
#
#         PDG            Width
DECAY   2000002     2.24845010E+00   # sup_R decays
#          BR         NDA      ID1       ID2
     9.55015299E-01    2     1000022         2   # BR(~u_R -> ~chi_10 u)
     3.76206268E-02    2     1000023         2   # BR(~u_R -> ~chi_20 u)
     2.09690740E-03    2     1000025         2   # BR(~u_R -> ~chi_30 u)
     5.26716700E-03    2     1000035         2   # BR(~u_R -> ~chi_40 u)
#
#         PDG            Width
DECAY   1000001     1.00234648E+01   # sdown_L decays
#          BR         NDA      ID1       ID2
     2.20898030E-02    2     1000022         1   # BR(~d_L -> ~chi_10 d)
     1.07487523E-01    2     1000023         1   # BR(~d_L -> ~chi_20 d)
     2.03581211E-03    2     1000025         1   # BR(~d_L -> ~chi_30 d)
     2.12903442E-01    2     1000035         1   # BR(~d_L -> ~chi_40 d)
     1.94980681E-01    2    -1000024         2   # BR(~d_L -> ~chi_1- u)
     4.60502738E-01    2    -1000037         2   # BR(~d_L -> ~chi_2- u)
#
#         PDG            Width
DECAY   2000001     5.59032212E-01   # sdown_R decays
#          BR         NDA      ID1       ID2
     9.55090661E-01    2     1000022         1   # BR(~d_R -> ~chi_10 d)
     3.75692416E-02    2     1000023         1   # BR(~d_R -> ~chi_20 d)
     2.09264764E-03    2     1000025         1   # BR(~d_R -> ~chi_30 d)
     5.24744993E-03    2     1000035         1   # BR(~d_R -> ~chi_40 d)
#
#         PDG            Width
DECAY   1000004     1.00673702E+01   # scharm_L decays
#          BR         NDA      ID1       ID2
     7.43347068E-03    2     1000022         4   # BR(~c_L -> ~chi_10 c)
     1.38563002E-01    2     1000023         4   # BR(~c_L -> ~chi_20 c)
     1.14090464E-03    2     1000025         4   # BR(~c_L -> ~chi_30 c)
     1.93659683E-01    2     1000035         4   # BR(~c_L -> ~chi_40 c)
     2.79578671E-01    2     1000024         3   # BR(~c_L -> ~chi_1+ s)
     3.79624268E-01    2     1000037         3   # BR(~c_L -> ~chi_2+ s)
#
#         PDG            Width
DECAY   2000004     2.24845010E+00   # scharm_R decays
#          BR         NDA      ID1       ID2
     9.55015299E-01    2     1000022         4   # BR(~c_R -> ~chi_10 c)
     3.76206268E-02    2     1000023         4   # BR(~c_R -> ~chi_20 c)
     2.09690740E-03    2     1000025         4   # BR(~c_R -> ~chi_30 c)
     5.26716700E-03    2     1000035         4   # BR(~c_R -> ~chi_40 c)
#
#         PDG            Width
DECAY   1000003     1.00234648E+01   # sstrange_L decays
#          BR         NDA      ID1       ID2
     2.20898030E-02    2     1000022         3   # BR(~s_L -> ~chi_10 s)
     1.07487523E-01    2     1000023         3   # BR(~s_L -> ~chi_20 s)
     2.03581211E-03    2     1000025         3   # BR(~s_L -> ~chi_30 s)
     2.12903442E-01    2     1000035         3   # BR(~s_L -> ~chi_40 s)
     1.94980681E-01    2    -1000024         4   # BR(~s_L -> ~chi_1- c)
     4.60502738E-01    2    -1000037         4   # BR(~s_L -> ~chi_2- c)
#
#         PDG            Width
DECAY   2000003     5.59032212E-01   # sstrange_R decays
#          BR         NDA      ID1       ID2
     9.55090661E-01    2     1000022         3   # BR(~s_R -> ~chi_10 s)
     3.75692416E-02    2     1000023         3   # BR(~s_R -> ~chi_20 s)
     2.09264764E-03    2     1000025         3   # BR(~s_R -> ~chi_30 s)
     5.24744993E-03    2     1000035         3   # BR(~s_R -> ~chi_40 s)
#
#         PDG            Width
DECAY   1000011     1.21355448E-01   # selectron_L decays
#          BR         NDA      ID1       ID2
     1.00000000E+00    2     1000022        11   # BR(~e_L -> ~chi_10 e-)
#
#         PDG            Width
DECAY   2000011     0.00000000E+00   # selectron_R decays
#
#         PDG            Width
DECAY   1000013     1.21355448E-01   # smuon_L decays
#          BR         NDA      ID1       ID2
     1.00000000E+00    2     1000022        13   # BR(~mu_L -> ~chi_10 mu-)
#
#         PDG            Width
DECAY   2000013     0.00000000E+00   # smuon_R decays
#
#         PDG            Width
DECAY   1000015     7.08268259E-11   # stau_1 decays
#          BR         NDA      ID1       ID2
     1.00000000E+00    2     1000039        15   # BR(~tau_1 -> ~G       tau-)
#
#         PDG            Width
DECAY   2000015     2.22761469E-01   # stau_2 decays
#          BR         NDA      ID1       ID2
     5.69212288E-01    2     1000022        15   # BR(~tau_2 -> ~chi_10  tau-)
     2.34129041E-01    2     1000015        25   # BR(~tau_2 -> ~tau_1   h)
     1.96658672E-01    2     1000015        23   # BR(~tau_2 -> ~tau_1   Z)
#
#         PDG            Width
DECAY   1000012     1.49897029E-01   # snu_eL decays
#          BR         NDA      ID1       ID2
     1.00000000E+00    2     1000022        12   # BR(~nu_eL -> ~chi_10 nu_e)
#
#         PDG            Width
DECAY   1000014     1.49897029E-01   # snu_muL decays
#          BR         NDA      ID1       ID2
     1.00000000E+00    2     1000022        14   # BR(~nu_muL -> ~chi_10 nu_mu)
#
#         PDG            Width
DECAY   1000016     2.24418857E-01   # snu_tauL decays
#          BR         NDA      ID1       ID2
     6.64149779E-01    2     1000022        16   # BR(~nu_tauL -> ~chi_10 nu_tau)
     3.35850221E-01    2    -1000015       -24   # BR(~nu_tauL -> ~tau_1+ W-)
#
#         PDG            Width
DECAY   1000024     1.65684413E-01   # chargino1+ decays
#          BR         NDA      ID1       ID2
     4.14811832E-02    2     1000012       -11   # BR(~chi_1+ -> ~nu_eL   e+  )
     4.14811832E-02    2     1000014       -13   # BR(~chi_1+ -> ~nu_muL  mu+ )
     5.03515845E-02    2     1000016       -15   # BR(~chi_1+ -> ~nu_tau1 tau+)
     4.85672495E-03    2    -1000011        12   # BR(~chi_1+ -> ~e_L+    nu_e)
     4.85672495E-03    2    -1000013        14   # BR(~chi_1+ -> ~mu_L+   nu_mu)
     3.54078304E-01    2    -1000015        16   # BR(~chi_1+ -> ~tau_1+  nu_tau)
     3.13024499E-03    2    -2000015        16   # BR(~chi_1+ -> ~tau_2+  nu_tau)
     4.99764040E-01    2     1000022        24   # BR(~chi_1+ -> ~chi_10  W+)
     1.03962366E-08    2     1000039        24   # BR(~chi_1+ -> ~G       W+)
#
#         PDG            Width
DECAY   1000037     2.59601708E+00   # chargino2+ decays
#          BR         NDA      ID1       ID2
     1.24690256E-01    2     1000012       -11   # BR(~chi_2+ -> ~nu_eL   e+  )
     1.24690256E-01    2     1000014       -13   # BR(~chi_2+ -> ~nu_muL  mu+ )
     1.27718224E-01    2     1000016       -15   # BR(~chi_2+ -> ~nu_tau1 tau+)
     1.29255134E-01    2    -1000011        12   # BR(~chi_2+ -> ~e_L+    nu_e)
     1.29255134E-01    2    -1000013        14   # BR(~chi_2+ -> ~mu_L+   nu_mu)
     1.95140230E-04    2    -1000015        16   # BR(~chi_2+ -> ~tau_1+  nu_tau)
     1.29728965E-01    2    -2000015        16   # BR(~chi_2+ -> ~tau_2+  nu_tau)
     8.21973523E-02    2     1000024        23   # BR(~chi_2+ -> ~chi_1+  Z )
     9.84836353E-03    2     1000022        24   # BR(~chi_2+ -> ~chi_10  W+)
     1.27279667E-01    2     1000023        24   # BR(~chi_2+ -> ~chi_20  W+)
     1.51415033E-02    2     1000024        25   # BR(~chi_2+ -> ~chi_1+  h )
     4.87501801E-09    2     1000039        24   # BR(~chi_2+ -> ~G       W+)
#
#         PDG            Width
DECAY   1000022     5.34312559E-01   # neutralino1 decays
#          BR         NDA      ID1       ID2
     1.55055784E-01    2     2000011       -11   # BR(~chi_10 -> ~e_R-     e+)
     1.55055784E-01    2    -2000011        11   # BR(~chi_10 -> ~e_R+     e-)
     1.55055784E-01    2     2000013       -13   # BR(~chi_10 -> ~mu_R-    mu+)
     1.55055784E-01    2    -2000013        13   # BR(~chi_10 -> ~mu_R+    mu-)
     1.89888431E-01    2     1000015       -15   # BR(~chi_10 -> ~tau_1-   tau+)
     1.89888431E-01    2    -1000015        15   # BR(~chi_10 -> ~tau_1+   tau-)
     3.91827244E-10    2     1000039        22   # BR(~chi_10 -> ~G        gam)
     6.75186631E-11    2     1000039        23   # BR(~chi_10 -> ~G        Z)
     7.10082571E-13    2     1000039        25   # BR(~chi_10 -> ~G        h)
#
#         PDG            Width
DECAY   1000023     3.11482064E-01   # neutralino2 decays
#          BR         NDA      ID1       ID2
     3.21736689E-02    2     1000022        23   # BR(~chi_20 -> ~chi_10   Z )
     2.81224832E-01    2     1000022        25   # BR(~chi_20 -> ~chi_10   h )
     4.22301670E-03    2     1000011       -11   # BR(~chi_20 -> ~e_L-     e+)
     4.22301670E-03    2    -1000011        11   # BR(~chi_20 -> ~e_L+     e-)
     7.19207428E-02    2     2000011       -11   # BR(~chi_20 -> ~e_R-     e+)
     7.19207428E-02    2    -2000011        11   # BR(~chi_20 -> ~e_R+     e-)
     4.22301670E-03    2     1000013       -13   # BR(~chi_20 -> ~mu_L-    mu+)
     4.22301670E-03    2    -1000013        13   # BR(~chi_20 -> ~mu_L+    mu-)
     7.19207428E-02    2     2000013       -13   # BR(~chi_20 -> ~mu_R-    mu+)
     7.19207428E-02    2    -2000013        13   # BR(~chi_20 -> ~mu_R+    mu-)
     1.63302842E-01    2     1000015       -15   # BR(~chi_20 -> ~tau_1-   tau+)
     1.63302842E-01    2    -1000015        15   # BR(~chi_20 -> ~tau_1+   tau-)
     3.72238548E-03    2     2000015       -15   # BR(~chi_20 -> ~tau_2-   tau+)
     3.72238548E-03    2    -2000015        15   # BR(~chi_20 -> ~tau_2+   tau-)
     7.89487470E-03    2     1000012       -12   # BR(~chi_20 -> ~nu_eL    nu_eb)
     7.89487470E-03    2    -1000012        12   # BR(~chi_20 -> ~nu_eL*   nu_e )
     7.89487470E-03    2     1000014       -14   # BR(~chi_20 -> ~nu_muL   nu_mub)
     7.89487470E-03    2    -1000014        14   # BR(~chi_20 -> ~nu_muL*  nu_mu )
     8.19825115E-03    2     1000016       -16   # BR(~chi_20 -> ~nu_tau1  nu_taub)
     8.19825115E-03    2    -1000016        16   # BR(~chi_20 -> ~nu_tau1* nu_tau )
     2.45112821E-09    2     1000039        22   # BR(~chi_20 -> ~G        gam)
     2.75415620E-09    2     1000039        23   # BR(~chi_20 -> ~G        Z)
     8.52576790E-10    2     1000039        25   # BR(~chi_20 -> ~G        h)
#
#         PDG            Width
DECAY   1000025     2.60477480E-01   # neutralino3 decays
#          BR         NDA      ID1       ID2
     6.84773041E-01    2     1000022        23   # BR(~chi_30 -> ~chi_10   Z )
     2.99533045E-02    2     1000022        25   # BR(~chi_30 -> ~chi_10   h )
     2.94835094E-04    2     1000011       -11   # BR(~chi_30 -> ~e_L-     e+)
     2.94835094E-04    2    -1000011        11   # BR(~chi_30 -> ~e_L+     e-)
     6.38185071E-03    2     2000011       -11   # BR(~chi_30 -> ~e_R-     e+)
     6.38185071E-03    2    -2000011        11   # BR(~chi_30 -> ~e_R+     e-)
     2.94835094E-04    2     1000013       -13   # BR(~chi_30 -> ~mu_L-    mu+)
     2.94835094E-04    2    -1000013        13   # BR(~chi_30 -> ~mu_L+    mu-)
     6.38185071E-03    2     2000013       -13   # BR(~chi_30 -> ~mu_R-    mu+)
     6.38185071E-03    2    -2000013        13   # BR(~chi_30 -> ~mu_R+    mu-)
     1.09759245E-01    2     1000015       -15   # BR(~chi_30 -> ~tau_1-   tau+)
     1.09759245E-01    2    -1000015        15   # BR(~chi_30 -> ~tau_1+   tau-)
     1.17795135E-02    2     2000015       -15   # BR(~chi_30 -> ~tau_2-   tau+)
     1.17795135E-02    2    -2000015        15   # BR(~chi_30 -> ~tau_2+   tau-)
     2.57075190E-03    2     1000012       -12   # BR(~chi_30 -> ~nu_eL    nu_eb)
     2.57075190E-03    2    -1000012        12   # BR(~chi_30 -> ~nu_eL*   nu_e )
     2.57075190E-03    2     1000014       -14   # BR(~chi_30 -> ~nu_muL   nu_mub)
     2.57075190E-03    2    -1000014        14   # BR(~chi_30 -> ~nu_muL*  nu_mu )
     2.60318896E-03    2     1000016       -16   # BR(~chi_30 -> ~nu_tau1  nu_taub)
     2.60318896E-03    2    -1000016        16   # BR(~chi_30 -> ~nu_tau1* nu_tau )
     2.73096112E-12    2     1000039        22   # BR(~chi_30 -> ~G        gam)
     4.30983420E-09    2     1000039        23   # BR(~chi_30 -> ~G        Z)
     4.87273044E-09    2     1000039        25   # BR(~chi_30 -> ~G        h)
#
#         PDG            Width
DECAY   1000035     2.81945947E+00   # neutralino4 decays
#          BR         NDA      ID1       ID2
     2.33079578E-03    2     1000022        23   # BR(~chi_40 -> ~chi_10   Z )
     9.07732699E-04    2     1000023        23   # BR(~chi_40 -> ~chi_20   Z )
     1.16070238E-01    2     1000024       -24   # BR(~chi_40 -> ~chi_1+   W-)
     1.16070238E-01    2    -1000024        24   # BR(~chi_40 -> ~chi_1-   W+)
     1.42045961E-02    2     1000022        25   # BR(~chi_40 -> ~chi_10   h )
     1.45978826E-02    2     1000023        25   # BR(~chi_40 -> ~chi_20   h )
     4.88803599E-02    2     1000011       -11   # BR(~chi_40 -> ~e_L-     e+)
     4.88803599E-02    2    -1000011        11   # BR(~chi_40 -> ~e_L+     e-)
     2.36036442E-03    2     2000011       -11   # BR(~chi_40 -> ~e_R-     e+)
     2.36036442E-03    2    -2000011        11   # BR(~chi_40 -> ~e_R+     e-)
     4.88803599E-02    2     1000013       -13   # BR(~chi_40 -> ~mu_L-    mu+)
     4.88803599E-02    2    -1000013        13   # BR(~chi_40 -> ~mu_L+    mu-)
     2.36036442E-03    2     2000013       -13   # BR(~chi_40 -> ~mu_R-    mu+)
     2.36036442E-03    2    -2000013        13   # BR(~chi_40 -> ~mu_R+    mu-)
     1.94843366E-03    2     1000015       -15   # BR(~chi_40 -> ~tau_1-   tau+)
     1.94843366E-03    2    -1000015        15   # BR(~chi_40 -> ~tau_1+   tau-)
     5.05008082E-02    2     2000015       -15   # BR(~chi_40 -> ~tau_2-   tau+)
     5.05008082E-02    2    -2000015        15   # BR(~chi_40 -> ~tau_2+   tau-)
     7.08766835E-02    2     1000012       -12   # BR(~chi_40 -> ~nu_eL    nu_eb)
     7.08766835E-02    2    -1000012        12   # BR(~chi_40 -> ~nu_eL*   nu_e )
     7.08766835E-02    2     1000014       -14   # BR(~chi_40 -> ~nu_muL   nu_mub)
     7.08766835E-02    2    -1000014        14   # BR(~chi_40 -> ~nu_muL*  nu_mu )
     7.12251987E-02    2     1000016       -16   # BR(~chi_40 -> ~nu_tau1  nu_taub)
     7.12251987E-02    2    -1000016        16   # BR(~chi_40 -> ~nu_tau1* nu_tau )
     6.38809138E-10    2     1000039        22   # BR(~chi_40 -> ~G        gam)
     3.44910665E-09    2     1000039        23   # BR(~chi_40 -> ~G        Z)
     4.09444528E-10    2     1000039        25   # BR(~chi_40 -> ~G        h)
#
#         PDG            Width
DECAY        25     3.20749402E-03   # h decays
#          BR         NDA      ID1       ID2
     7.58463739E-01    2           5        -5   # BR(h -> b       bb     )
     8.73199802E-02    2         -15        15   # BR(h -> tau+    tau-   )
     3.09168829E-04    2         -13        13   # BR(h -> mu+     mu-    )
     6.68324655E-04    2           3        -3   # BR(h -> s       sb     )
     2.42121868E-02    2           4        -4   # BR(h -> c       cb     )
     6.38544140E-02    2          21        21   # BR(h -> g       g      )
     1.89817293E-03    2          22        22   # BR(h -> gam     gam    )
     4.92476377E-04    2          22        23   # BR(h -> Z       gam    )
     5.72594664E-02    2          24       -24   # BR(h -> W+      W-     )
     5.52207058E-03    2          23        23   # BR(h -> Z       Z      )
#
#         PDG            Width
DECAY        35     1.66023556E+00   # H decays
#          BR         NDA      ID1       ID2
     8.28990331E-01    2           5        -5   # BR(H -> b       bb     )
     1.24529775E-01    2         -15        15   # BR(H -> tau+    tau-   )
     4.40293968E-04    2         -13        13   # BR(H -> mu+     mu-    )
     7.11660159E-04    2           3        -3   # BR(H -> s       sb     )
     8.65475747E-07    2           4        -4   # BR(H -> c       cb     )
     3.70809159E-02    2           6        -6   # BR(H -> t       tb     )
     4.68357130E-04    2          21        21   # BR(H -> g       g      )
     1.13631211E-06    2          22        22   # BR(H -> gam     gam    )
     2.06660555E-07    2          23        22   # BR(H -> Z       gam    )
     7.98109929E-04    2          24       -24   # BR(H -> W+      W-     )
     3.80005174E-04    2          23        23   # BR(H -> Z       Z      )
     3.41791060E-03    2          25        25   # BR(H -> h       h      )
     1.97466385E-21    2          36        36   # BR(H -> A       A      )
     9.49469671E-16    2          23        36   # BR(H -> Z       A      )
     2.90240926E-03    2     1000022   1000022   # BR(H -> ~chi_10 ~chi_10)
     8.74424139E-05    2     2000011  -2000011   # BR(H -> ~e_R-   ~e_R+  )
     8.74424139E-05    2     2000013  -2000013   # BR(H -> ~mu_R-  ~mu_R+ )
     1.03138986E-04    2     1000015  -1000015   # BR(H -> ~tau_1- ~tau_1+)
#
#         PDG            Width
DECAY        36     1.72639073E+00   # A decays
#          BR         NDA      ID1       ID2
     8.07393311E-01    2           5        -5   # BR(A -> b       bb     )
     1.19812105E-01    2         -15        15   # BR(A -> tau+    tau-   )
     4.23590262E-04    2         -13        13   # BR(A -> mu+     mu-    )
     6.84950817E-04    2           3        -3   # BR(A -> s       sb     )
     6.97309493E-07    2           4        -4   # BR(A -> c       cb     )
     5.68265313E-02    2           6        -6   # BR(A -> t       tb     )
     4.81993526E-04    2          21        21   # BR(A -> g       g      )
     9.87121458E-07    2          22        22   # BR(A -> gam     gam    )
     1.93735123E-07    2          23        22   # BR(A -> Z       gam    )
     6.68211996E-04    2          23        25   # BR(A -> Z       h      )
     1.37074275E-02    2     1000022   1000022   # BR(A -> ~chi_10 ~chi_10)
#
#         PDG            Width
DECAY        37     1.53206348E+00   # H+ decays
#          BR         NDA      ID1       ID2
     1.44155958E-03    2           4        -5   # BR(H+ -> c       bb     )
     1.36997926E-01    2         -15        16   # BR(H+ -> tau+    nu_tau )
     4.84349561E-04    2         -13        14   # BR(H+ -> mu+     nu_mu  )
     9.22563009E-06    2           2        -5   # BR(H+ -> u       bb     )
     3.71161760E-05    2           2        -3   # BR(H+ -> u       sb     )
     7.64145423E-04    2           4        -3   # BR(H+ -> c       sb     )
     8.59427540E-01    2           6        -5   # BR(H+ -> t       bb     )
     8.18420981E-04    2          24        25   # BR(H+ -> W+      h      )
     1.40404517E-08    2          24        36   # BR(H+ -> W+      A      )
     1.97025823E-05    2    -1000015   1000016   # BR(H+ -> ~tau_1+ ~nu_tauL)
