#
#                              ======================
#                              | THE SUSYHIT OUTPUT |
#                              ======================
#
#
#              ------------------------------------------------------
#              |     This is the output of the SUSY-HIT package     |
#              |  created by A.Djouadi, M.Muehlleitner and M.Spira. |
#              |  In case of problems with SUSY-HIT email to        |
#              |           margarete.muehlleitner@cern.ch           |
#              |           michael.spira@psi.ch                     |
#              |           abdelhak.djouadi@cern.ch                 |
#              ------------------------------------------------------
#
#              ------------------------------------------------------
#              |  SUSY Les Houches Accord - MSSM Spectrum + Decays  |
#              |              based on the decay programs           |
#              |                                                    |
#              |                     SDECAY 1.2                     |
#              |                                                    |
#              |  Authors: M.Muhlleitner, A.Djouadi and Y.Mambrini  |
#              |  Ref.:    Comput.Phys.Commun.168(2005)46           |
#              |           [hep-ph/0311167]                         |
#              |                                                    |
#              |                     HDECAY 3.302                   |
#              |                                                    |
#              |  By: A.Djouadi,J.Kalinowski,M.Muhlleitner,M.Spira  |
#              |  Ref.:    Comput.Phys.Commun.108(1998)56           |
#              |           [hep-ph/9704448]                         |
#              |                                                    |
#              |                                                    |
#              |  If not stated otherwise all DRbar couplings and   |
#              |  soft SUSY breaking masses are given at the scale  |
#              |  Q=  0.15317055E+04
#              |                                                    |
#              ------------------------------------------------------
#
#
BLOCK DCINFO  # Decay Program information
     1   SDECAY/HDECAY # decay calculator
     2   1.2   /3.302  # version number
#
BLOCK SPINFO  # Spectrum calculator information
     1   SOFTSUSY    # spectrum calculator                 
     2   2.0.11         # version number                   
#
BLOCK MODSEL  # Model selection
     1     2   #  gmsb                                             
#
BLOCK SMINPUTS  # Standard Model inputs
         1     1.27908953E+02   # alpha_em^-1(M_Z)^MSbar
         2     1.16639000E-05   # G_F [GeV^-2]
         3     1.17200000E-01   # alpha_S(M_Z)^MSbar
         4     9.11876000E+01   # M_Z pole mass
         5     4.20000000E+00   # mb(mb)^MSbar
         6     1.72500000E+02   # mt pole mass
         7     1.77700000E+00   # mtau pole mass
#
BLOCK MINPAR  # Input parameters - minimal models
         1     8.00000000E+04   # lambda              
         2     1.60000000E+05   # M_mess              
         3     1.50000000E+01   # tanb                
         4     1.00000000E+00   # sign(mu)            
         5     3.00000000E+00   # N5                  
         6     1.00000000E+00   # cgrav               
#
BLOCK MASS  # Mass Spectrum
# PDG code           mass       particle
        24     8.03860030E+01   # W+
        25     1.15512330E+02   # h
        35     7.33152173E+02   # H
        36     7.32973672E+02   # A
        37     7.37531073E+02   # H+
         5     4.82427405E+00   # b-quark pole mass calculated from mb(mb)_Msbar
   1000001     1.69189305E+03   # ~d_L
   2000001     1.62383650E+03   # ~d_R
   1000002     1.68189414E+03   # ~u_L
   2000002     1.63356929E+03   # ~u_R
   1000003     1.69189305E+03   # ~s_L
   2000003     1.62383650E+03   # ~s_R
   1000004     1.68189414E+03   # ~c_L
   2000004     1.63356929E+03   # ~c_R
   1000005     1.61097740E+03   # ~b_1
   2000005     1.63651259E+03   # ~b_2
   1000006     1.50804475E+03   # ~t_1
   2000006     1.64645389E+03   # ~t_2
   1000011     5.15677953E+02   # ~e_L
   2000011     2.51474565E+02   # ~e_R
   1000012     5.07131166E+02   # ~nu_eL
   1000013     5.15677953E+02   # ~mu_L
   2000013     2.51474565E+02   # ~mu_R
   1000014     5.07131166E+02   # ~nu_muL
   1000015     2.46005808E+02   # ~tau_1
   2000015     5.15742971E+02   # ~tau_2
   1000016     5.06392029E+02   # ~nu_tauL
   1000021     1.77225048E+03   # ~g
   1000022     3.37182051E+02   # ~chi_10
   1000023     5.34016136E+02   # ~chi_20
   1000025    -5.60596445E+02   # ~chi_30
   1000035     6.88913324E+02   # ~chi_40
   1000024     5.31247828E+02   # ~chi_1+
   1000037     6.86259766E+02   # ~chi_2+
   1000039     3.03360000E-09   # ~gravitino
#
BLOCK NMIX  # Neutralino Mixing Matrix
  1  1     9.86460215E-01   # N_11
  1  2    -2.36297758E-02   # N_12
  1  3     1.35993849E-01   # N_13
  1  4    -8.85638251E-02   # N_14
  2  1    -1.54752958E-01   # N_21
  2  2    -4.14850893E-01   # N_22
  2  3     6.44503766E-01   # N_23
  2  4    -6.23349945E-01   # N_24
  3  1    -3.25395901E-02   # N_31
  3  2     4.30766069E-02   # N_32
  3  3     7.04416247E-01   # N_33
  3  4     7.07731116E-01   # N_34
  4  1    -4.34619511E-02   # N_41
  4  2     9.08561928E-01   # N_42
  4  3     2.64420727E-01   # N_43
  4  4    -3.20480829E-01   # N_44
#
BLOCK UMIX  # Chargino Mixing Matrix U
  1  1    -3.63171234E-01   # U_11
  1  2     9.31722413E-01   # U_12
  2  1    -9.31722413E-01   # U_21
  2  2    -3.63171234E-01   # U_22
#
BLOCK VMIX  # Chargino Mixing Matrix V
  1  1    -4.38955397E-01   # V_11
  1  2     8.98508853E-01   # V_12
  2  1    -8.98508853E-01   # V_21
  2  2    -4.38955397E-01   # V_22
#
BLOCK STOPMIX  # Stop Mixing Matrix
  1  1     2.02717443E-01   # cos(theta_t)
  1  2     9.79237274E-01   # sin(theta_t)
  2  1    -9.79237274E-01   # -sin(theta_t)
  2  2     2.02717443E-01   # cos(theta_t)
#
BLOCK SBOTMIX  # Sbottom Mixing Matrix
  1  1     2.71564868E-01   # cos(theta_b)
  1  2     9.62420138E-01   # sin(theta_b)
  2  1    -9.62420138E-01   # -sin(theta_b)
  2  2     2.71564868E-01   # cos(theta_b)
#
BLOCK STAUMIX  # Stau Mixing Matrix
  1  1     7.12741785E-02   # cos(theta_tau)
  1  2     9.97456762E-01   # sin(theta_tau)
  2  1    -9.97456762E-01   # -sin(theta_tau)
  2  2     7.12741785E-02   # cos(theta_tau)
#
BLOCK ALPHA  # Higgs mixing
          -7.19739406E-02   # Mixing angle in the neutral Higgs boson sector
#
BLOCK HMIX Q=  1.53170550E+03  # DRbar Higgs Parameters
         1     5.51352253E+02   # mu(Q)MSSM           
         2     1.44379756E+01   # tan                 
         3     2.43296708E+02   # higgs               
         4     6.10408228E+05   # mA^2(Q)MSSM         
#
BLOCK GAUGE Q=  1.53170550E+03  # The gauge couplings
     1     3.64048271E-01   # gprime(Q) DRbar
     2     6.41512142E-01   # g(Q) DRbar
     3     1.03544100E+00   # g3(Q) DRbar
#
BLOCK AU Q=  1.53170550E+03  # The trilinear couplings
  1  1     0.00000000E+00   # A_u(Q) DRbar
  2  2     0.00000000E+00   # A_c(Q) DRbar
  3  3    -4.73095911E+02   # A_t(Q) DRbar
#
BLOCK AD Q=  1.53170550E+03  # The trilinear couplings
  1  1     0.00000000E+00   # A_d(Q) DRbar
  2  2     0.00000000E+00   # A_s(Q) DRbar
  3  3    -5.21019377E+02   # A_b(Q) DRbar
#
BLOCK AE Q=  1.53170550E+03  # The trilinear couplings
  1  1     0.00000000E+00   # A_e(Q) DRbar
  2  2     0.00000000E+00   # A_mu(Q) DRbar
  3  3    -5.47990587E+01   # A_tau(Q) DRbar
#
BLOCK Yu Q=  1.53170550E+03  # The Yukawa couplings
  1  1     0.00000000E+00   # y_u(Q) DRbar
  2  2     0.00000000E+00   # y_c(Q) DRbar
  3  3     8.42332180E-01   # y_t(Q) DRbar
#
BLOCK Yd Q=  1.53170550E+03  # The Yukawa couplings
  1  1     0.00000000E+00   # y_d(Q) DRbar
  2  2     0.00000000E+00   # y_s(Q) DRbar
  3  3     1.97069727E-01   # y_b(Q) DRbar
#
BLOCK Ye Q=  1.53170550E+03  # The Yukawa couplings
  1  1     0.00000000E+00   # y_e(Q) DRbar
  2  2     0.00000000E+00   # y_mu(Q) DRbar
  3  3     1.51409640E-01   # y_tau(Q) DRbar
#
BLOCK MSOFT Q=  1.53170550E+03  # The soft SUSY breaking masses at the scale Q
         1     3.48972047E+02   # M_1(Q)              
         2     6.47940227E+02   # M_2(Q)              
         3     1.69579206E+03   # M_3(Q)              
        21     2.23913343E+05   # mH1^2(Q)            
        22    -2.57491685E+05   # mH2^2(Q)            
        31     5.02860879E+02   # meL(Q)              
        32     5.02860879E+02   # mmuL(Q)             
        33     5.02193678E+02   # mtauL(Q)            
        34     2.40572060E+02   # meR(Q)              
        35     2.40572060E+02   # mmuR(Q)             
        36     2.37723596E+02   # mtauR(Q)            
        41     1.63614751E+03   # mqL1(Q)             
        42     1.63614751E+03   # mqL2(Q)             
        43     1.58538778E+03   # mqL3(Q)             
        44     1.57215445E+03   # muR(Q)              
        45     1.57215445E+03   # mcR(Q)              
        46     1.46858202E+03   # mtR(Q)              
        47     1.56117828E+03   # mdR(Q)              
        48     1.56117828E+03   # msR(Q)              
        49     1.55550857E+03   # mbR(Q)              
#
#
#
#                             =================
#                             |The decay table|
#                             =================
#
# - The QCD corrections to the decays gluino -> squark  + quark
#                                     squark -> gaugino + quark_prime
#                                     squark -> squark_prime + Higgs
#                                     squark -> gluino  + quark
#   are included.
#
# - The multi-body decays for the inos, stops and sbottoms are included.
#
# - The loop induced decays for the gluino, neutralinos and stops
#   are included.
#
# - The SUSY decays of the top quark are included.
#
# - Possible decays of the NLSP in GMSB models are included.
#
#
#         PDG            Width
DECAY         6     1.42914962E+00   # top decays
#          BR         NDA      ID1       ID2
     1.00000000E+00    2           5        24   # BR(t ->  b    W+)
#
#         PDG            Width
DECAY   1000021     7.72653404E+00   # gluino decays
#          BR         NDA      ID1       ID2
     1.75332691E-02    2     1000001        -1   # BR(~g -> ~d_L  db)
     1.75332691E-02    2    -1000001         1   # BR(~g -> ~d_L* d )
     5.74812625E-02    2     2000001        -1   # BR(~g -> ~d_R  db)
     5.74812625E-02    2    -2000001         1   # BR(~g -> ~d_R* d )
     2.20402929E-02    2     1000002        -2   # BR(~g -> ~u_L  ub)
     2.20402929E-02    2    -1000002         2   # BR(~g -> ~u_L* u )
     5.04774618E-02    2     2000002        -2   # BR(~g -> ~u_R  ub)
     5.04774618E-02    2    -2000002         2   # BR(~g -> ~u_R* u )
     1.75332691E-02    2     1000003        -3   # BR(~g -> ~s_L  sb)
     1.75332691E-02    2    -1000003         3   # BR(~g -> ~s_L* s )
     5.74812625E-02    2     2000003        -3   # BR(~g -> ~s_R  sb)
     5.74812625E-02    2    -2000003         3   # BR(~g -> ~s_R* s )
     2.20402929E-02    2     1000004        -4   # BR(~g -> ~c_L  cb)
     2.20402929E-02    2    -1000004         4   # BR(~g -> ~c_L* c )
     5.04774618E-02    2     2000004        -4   # BR(~g -> ~c_R  cb)
     5.04774618E-02    2    -2000004         4   # BR(~g -> ~c_R* c )
     6.55784605E-02    2     1000005        -5   # BR(~g -> ~b_1  bb)
     6.55784605E-02    2    -1000005         5   # BR(~g -> ~b_1* b )
     4.88437706E-02    2     2000005        -5   # BR(~g -> ~b_2  bb)
     4.88437706E-02    2    -2000005         5   # BR(~g -> ~b_2* b )
     9.05130546E-02    2     1000006        -6   # BR(~g -> ~t_1  tb)
     9.05130546E-02    2    -1000006         6   # BR(~g -> ~t_1* t )
     2.83080819E-07    2     1000039        21   # BR(~g -> ~G g)
#
#         PDG            Width
DECAY   1000006     3.39819189E+01   # stop1 decays
#          BR         NDA      ID1       ID2
     9.28763678E-02    2     1000022         6   # BR(~t_1 -> ~chi_10 t )
     1.98384005E-01    2     1000023         6   # BR(~t_1 -> ~chi_20 t )
     2.38114992E-01    2     1000025         6   # BR(~t_1 -> ~chi_30 t )
     1.49654251E-02    2     1000035         6   # BR(~t_1 -> ~chi_40 t )
     4.27498725E-01    2     1000024         5   # BR(~t_1 -> ~chi_1+ b )
     2.81604850E-02    2     1000037         5   # BR(~t_1 -> ~chi_2+ b )
#
#         PDG            Width
DECAY   2000006     3.22967153E+01   # stop2 decays
#          BR         NDA      ID1       ID2
     6.96876707E-03    2     1000022         6   # BR(~t_2 -> ~chi_10 t )
     2.12255601E-01    2     1000023         6   # BR(~t_2 -> ~chi_20 t )
     2.54307218E-01    2     1000025         6   # BR(~t_2 -> ~chi_30 t )
     2.01335098E-01    2     1000035         6   # BR(~t_2 -> ~chi_40 t )
     3.29852800E-02    2     1000024         5   # BR(~t_2 -> ~chi_1+ b )
     2.86201496E-01    2     1000037         5   # BR(~t_2 -> ~chi_2+ b )
     3.34839404E-03    2     1000006        25   # BR(~t_2 -> ~t_1    h )
     2.59814664E-03    2     1000006        23   # BR(~t_2 -> ~t_1    Z )
#
#         PDG            Width
DECAY   1000005     4.85310686E+00   # sbottom1 decays
#          BR         NDA      ID1       ID2
     1.86474848E-01    2     1000022         5   # BR(~b_1 -> ~chi_10 b )
     1.48385326E-01    2     1000023         5   # BR(~b_1 -> ~chi_20 b )
     8.60329863E-02    2     1000025         5   # BR(~b_1 -> ~chi_30 b )
     1.81991344E-02    2     1000035         5   # BR(~b_1 -> ~chi_40 b )
     4.69465562E-01    2    -1000024         6   # BR(~b_1 -> ~chi_1- t )
     9.08917598E-02    2    -1000037         6   # BR(~b_1 -> ~chi_2- t )
     5.50383319E-04    2     1000006       -24   # BR(~b_1 -> ~t_1    W-)
#
#         PDG            Width
DECAY   2000005     2.99370929E+01   # sbottom2 decays
#          BR         NDA      ID1       ID2
     7.33276555E-03    2     1000022         5   # BR(~b_2 -> ~chi_10 b )
     2.91663791E-02    2     1000023         5   # BR(~b_2 -> ~chi_20 b )
     1.79404046E-02    2     1000025         5   # BR(~b_2 -> ~chi_30 b )
     1.25487953E-01    2     1000035         5   # BR(~b_2 -> ~chi_40 b )
     4.49396723E-01    2    -1000024         6   # BR(~b_2 -> ~chi_1- t )
     3.66695056E-01    2    -1000037         6   # BR(~b_2 -> ~chi_2- t )
     3.98071859E-03    2     1000006       -24   # BR(~b_2 -> ~t_1    W-)
#
#         PDG            Width
DECAY   1000002     1.50557838E+01   # sup_L decays
#          BR         NDA      ID1       ID2
     1.09823354E-02    2     1000022         2   # BR(~u_L -> ~chi_10 u)
     7.24782636E-02    2     1000023         2   # BR(~u_L -> ~chi_20 u)
     4.90443436E-04    2     1000025         2   # BR(~u_L -> ~chi_30 u)
     2.58256193E-01    2     1000035         2   # BR(~u_L -> ~chi_40 u)
     1.41902983E-01    2     1000024         1   # BR(~u_L -> ~chi_1+ d)
     5.15889782E-01    2     1000037         1   # BR(~u_L -> ~chi_2+ d)
#
#         PDG            Width
DECAY   2000002     3.44654274E+00   # sup_R decays
#          BR         NDA      ID1       ID2
     9.76465790E-01    2     1000022         2   # BR(~u_R -> ~chi_10 u)
     2.11845199E-02    2     1000023         2   # BR(~u_R -> ~chi_20 u)
     9.15712531E-04    2     1000025         2   # BR(~u_R -> ~chi_30 u)
     1.43397798E-03    2     1000035         2   # BR(~u_R -> ~chi_40 u)
#
#         PDG            Width
DECAY   1000001     1.50944379E+01   # sdown_L decays
#          BR         NDA      ID1       ID2
     1.83383437E-02    2     1000022         1   # BR(~d_L -> ~chi_10 d)
     5.49030078E-02    2     1000023         1   # BR(~d_L -> ~chi_20 d)
     8.76645434E-04    2     1000025         1   # BR(~d_L -> ~chi_30 d)
     2.69655697E-01    2     1000035         1   # BR(~d_L -> ~chi_40 d)
     9.76191035E-02    2    -1000024         2   # BR(~d_L -> ~chi_1- u)
     5.58607202E-01    2    -1000037         2   # BR(~d_L -> ~chi_2- u)
#
#         PDG            Width
DECAY   2000001     8.56205575E-01   # sdown_R decays
#          BR         NDA      ID1       ID2
     9.76508396E-01    2     1000022         1   # BR(~d_R -> ~chi_10 d)
     2.11492597E-02    2     1000023         1   # BR(~d_R -> ~chi_20 d)
     9.13900102E-04    2     1000025         1   # BR(~d_R -> ~chi_30 d)
     1.42844415E-03    2     1000035         1   # BR(~d_R -> ~chi_40 d)
#
#         PDG            Width
DECAY   1000004     1.50557838E+01   # scharm_L decays
#          BR         NDA      ID1       ID2
     1.09823354E-02    2     1000022         4   # BR(~c_L -> ~chi_10 c)
     7.24782636E-02    2     1000023         4   # BR(~c_L -> ~chi_20 c)
     4.90443436E-04    2     1000025         4   # BR(~c_L -> ~chi_30 c)
     2.58256193E-01    2     1000035         4   # BR(~c_L -> ~chi_40 c)
     1.41902983E-01    2     1000024         3   # BR(~c_L -> ~chi_1+ s)
     5.15889782E-01    2     1000037         3   # BR(~c_L -> ~chi_2+ s)
#
#         PDG            Width
DECAY   2000004     3.44654274E+00   # scharm_R decays
#          BR         NDA      ID1       ID2
     9.76465790E-01    2     1000022         4   # BR(~c_R -> ~chi_10 c)
     2.11845199E-02    2     1000023         4   # BR(~c_R -> ~chi_20 c)
     9.15712531E-04    2     1000025         4   # BR(~c_R -> ~chi_30 c)
     1.43397798E-03    2     1000035         4   # BR(~c_R -> ~chi_40 c)
#
#         PDG            Width
DECAY   1000003     1.50944379E+01   # sstrange_L decays
#          BR         NDA      ID1       ID2
     1.83383437E-02    2     1000022         3   # BR(~s_L -> ~chi_10 s)
     5.49030078E-02    2     1000023         3   # BR(~s_L -> ~chi_20 s)
     8.76645434E-04    2     1000025         3   # BR(~s_L -> ~chi_30 s)
     2.69655697E-01    2     1000035         3   # BR(~s_L -> ~chi_40 s)
     9.76191035E-02    2    -1000024         4   # BR(~s_L -> ~chi_1- c)
     5.58607202E-01    2    -1000037         4   # BR(~s_L -> ~chi_2- c)
#
#         PDG            Width
DECAY   2000003     8.56205575E-01   # sstrange_R decays
#          BR         NDA      ID1       ID2
     9.76508396E-01    2     1000022         3   # BR(~s_R -> ~chi_10 s)
     2.11492597E-02    2     1000023         3   # BR(~s_R -> ~chi_20 s)
     9.13900102E-04    2     1000025         3   # BR(~s_R -> ~chi_30 s)
     1.42844415E-03    2     1000035         3   # BR(~s_R -> ~chi_40 s)
#
#         PDG            Width
DECAY   1000011     1.98880961E-01   # selectron_L decays
#          BR         NDA      ID1       ID2
     1.00000000E+00    2     1000022        11   # BR(~e_L -> ~chi_10 e-)
#
#         PDG            Width
DECAY   2000011     0.00000000E+00   # selectron_R decays
#
#         PDG            Width
DECAY   1000013     1.98880961E-01   # smuon_L decays
#          BR         NDA      ID1       ID2
     1.00000000E+00    2     1000022        13   # BR(~mu_L -> ~chi_10 mu-)
#
#         PDG            Width
DECAY   2000013     0.00000000E+00   # smuon_R decays
#
#         PDG            Width
DECAY   1000015     1.12718857E-10   # stau_1 decays
#          BR         NDA      ID1       ID2
     1.00000000E+00    2     1000039        15   # BR(~tau_1 -> ~G       tau-)
#
#         PDG            Width
DECAY   2000015     3.77331036E-01   # stau_2 decays
#          BR         NDA      ID1       ID2
     5.32637345E-01    2     1000022        15   # BR(~tau_2 -> ~chi_10  tau-)
     2.42520141E-01    2     1000015        25   # BR(~tau_2 -> ~tau_1   h)
     2.24842514E-01    2     1000015        23   # BR(~tau_2 -> ~tau_1   Z)
#
#         PDG            Width
DECAY   1000012     2.19974662E-01   # snu_eL decays
#          BR         NDA      ID1       ID2
     1.00000000E+00    2     1000022        12   # BR(~nu_eL -> ~chi_10 nu_e)
#
#         PDG            Width
DECAY   1000014     2.19974662E-01   # snu_muL decays
#          BR         NDA      ID1       ID2
     1.00000000E+00    2     1000022        14   # BR(~nu_muL -> ~chi_10 nu_mu)
#
#         PDG            Width
DECAY   1000016     3.76262442E-01   # snu_tauL decays
#          BR         NDA      ID1       ID2
     5.81079442E-01    2     1000022        16   # BR(~nu_tauL -> ~chi_10 nu_tau)
     4.18920558E-01    2    -1000015       -24   # BR(~nu_tauL -> ~tau_1+ W-)
#
#         PDG            Width
DECAY   1000024     3.16634542E-01   # chargino1+ decays
#          BR         NDA      ID1       ID2
     1.04195049E-02    2     1000012       -11   # BR(~chi_1+ -> ~nu_eL   e+  )
     1.04195049E-02    2     1000014       -13   # BR(~chi_1+ -> ~nu_muL  mu+ )
     1.46009156E-02    2     1000016       -15   # BR(~chi_1+ -> ~nu_tau1 tau+)
     3.02193444E-03    2    -1000011        12   # BR(~chi_1+ -> ~e_L+    nu_e)
     3.02193444E-03    2    -1000013        14   # BR(~chi_1+ -> ~mu_L+   nu_mu)
     2.54895181E-01    2    -1000015        16   # BR(~chi_1+ -> ~tau_1+  nu_tau)
     2.72943943E-03    2    -2000015        16   # BR(~chi_1+ -> ~tau_2+  nu_tau)
     7.00891577E-01    2     1000022        24   # BR(~chi_1+ -> ~chi_10  W+)
     8.67336319E-09    2     1000039        24   # BR(~chi_1+ -> ~G       W+)
#
#         PDG            Width
DECAY   1000037     4.53991033E+00   # chargino2+ decays
#          BR         NDA      ID1       ID2
     1.02928838E-01    2     1000012       -11   # BR(~chi_2+ -> ~nu_eL   e+  )
     1.02928838E-01    2     1000014       -13   # BR(~chi_2+ -> ~nu_muL  mu+ )
     1.04366294E-01    2     1000016       -15   # BR(~chi_2+ -> ~nu_tau1 tau+)
     1.01812121E-01    2    -1000011        12   # BR(~chi_2+ -> ~e_L+    nu_e)
     1.01812121E-01    2    -1000013        14   # BR(~chi_2+ -> ~mu_L+   nu_mu)
     1.71273463E-04    2    -1000015        16   # BR(~chi_2+ -> ~tau_1+  nu_tau)
     1.02563936E-01    2    -2000015        16   # BR(~chi_2+ -> ~tau_2+  nu_tau)
     1.08315157E-01    2     1000024        23   # BR(~chi_2+ -> ~chi_1+  Z )
     3.82649936E-03    2     1000022        24   # BR(~chi_2+ -> ~chi_10  W+)
     1.39890406E-01    2     1000023        24   # BR(~chi_2+ -> ~chi_20  W+)
     6.31666621E-02    2     1000025        24   # BR(~chi_2+ -> ~chi_30  W+)
     6.82178489E-02    2     1000024        25   # BR(~chi_2+ -> ~chi_1+  h )
     3.71842264E-09    2     1000039        24   # BR(~chi_2+ -> ~G       W+)
#
#         PDG            Width
DECAY   1000022     1.06024973E+00   # neutralino1 decays
#          BR         NDA      ID1       ID2
     1.60682024E-01    2     2000011       -11   # BR(~chi_10 -> ~e_R-     e+)
     1.60682024E-01    2    -2000011        11   # BR(~chi_10 -> ~e_R+     e-)
     1.60682024E-01    2     2000013       -13   # BR(~chi_10 -> ~mu_R-    mu+)
     1.60682024E-01    2    -2000013        13   # BR(~chi_10 -> ~mu_R+    mu-)
     1.78635951E-01    2     1000015       -15   # BR(~chi_10 -> ~tau_1-   tau+)
     1.78635951E-01    2    -1000015        15   # BR(~chi_10 -> ~tau_1+   tau-)
     3.68307504E-10    2     1000039        22   # BR(~chi_10 -> ~G        gam)
     9.95321044E-11    2     1000039        23   # BR(~chi_10 -> ~G        Z)
     9.63011540E-13    2     1000039        25   # BR(~chi_10 -> ~G        h)
#
#         PDG            Width
DECAY   1000023     4.75063809E-01   # neutralino2 decays
#          BR         NDA      ID1       ID2
     2.97427547E-02    2     1000022        23   # BR(~chi_20 -> ~chi_10   Z )
     5.16694460E-01    2     1000022        25   # BR(~chi_20 -> ~chi_10   h )
     2.64892875E-03    2     1000011       -11   # BR(~chi_20 -> ~e_L-     e+)
     2.64892875E-03    2    -1000011        11   # BR(~chi_20 -> ~e_L+     e-)
     4.29890380E-02    2     2000011       -11   # BR(~chi_20 -> ~e_R-     e+)
     4.29890380E-02    2    -2000011        11   # BR(~chi_20 -> ~e_R+     e-)
     2.64892875E-03    2     1000013       -13   # BR(~chi_20 -> ~mu_L-    mu+)
     2.64892875E-03    2    -1000013        13   # BR(~chi_20 -> ~mu_L+    mu-)
     4.29890380E-02    2     2000013       -13   # BR(~chi_20 -> ~mu_R-    mu+)
     4.29890380E-02    2    -2000013        13   # BR(~chi_20 -> ~mu_R+    mu-)
     1.25055594E-01    2     1000015       -15   # BR(~chi_20 -> ~tau_1-   tau+)
     1.25055594E-01    2    -1000015        15   # BR(~chi_20 -> ~tau_1+   tau-)
     3.20901181E-03    2     2000015       -15   # BR(~chi_20 -> ~tau_2-   tau+)
     3.20901181E-03    2    -2000015        15   # BR(~chi_20 -> ~tau_2+   tau-)
     2.37075164E-03    2     1000012       -12   # BR(~chi_20 -> ~nu_eL    nu_eb)
     2.37075164E-03    2    -1000012        12   # BR(~chi_20 -> ~nu_eL*   nu_e )
     2.37075164E-03    2     1000014       -14   # BR(~chi_20 -> ~nu_muL   nu_mub)
     2.37075164E-03    2    -1000014        14   # BR(~chi_20 -> ~nu_muL*  nu_mu )
     2.49934720E-03    2     1000016       -16   # BR(~chi_20 -> ~nu_tau1  nu_taub)
     2.49934720E-03    2    -1000016        16   # BR(~chi_20 -> ~nu_tau1* nu_tau )
     1.31693154E-09    2     1000039        22   # BR(~chi_20 -> ~G        gam)
     3.07776629E-09    2     1000039        23   # BR(~chi_20 -> ~G        Z)
     1.56292335E-09    2     1000039        25   # BR(~chi_20 -> ~G        h)
#
#         PDG            Width
DECAY   1000025     3.89975351E-01   # neutralino3 decays
#          BR         NDA      ID1       ID2
     7.41542832E-01    2     1000022        23   # BR(~chi_30 -> ~chi_10   Z )
     2.79727224E-02    2     1000022        25   # BR(~chi_30 -> ~chi_10   h )
     4.21737999E-05    2     1000011       -11   # BR(~chi_30 -> ~e_L-     e+)
     4.21737999E-05    2    -1000011        11   # BR(~chi_30 -> ~e_L+     e-)
     2.56054005E-03    2     2000011       -11   # BR(~chi_30 -> ~e_R-     e+)
     2.56054005E-03    2    -2000011        11   # BR(~chi_30 -> ~e_R+     e-)
     4.21737999E-05    2     1000013       -13   # BR(~chi_30 -> ~mu_L-    mu+)
     4.21737999E-05    2    -1000013        13   # BR(~chi_30 -> ~mu_L+    mu-)
     2.56054005E-03    2     2000013       -13   # BR(~chi_30 -> ~mu_R-    mu+)
     2.56054005E-03    2    -2000013        13   # BR(~chi_30 -> ~mu_R+    mu-)
     1.04847011E-01    2     1000015       -15   # BR(~chi_30 -> ~tau_1-   tau+)
     1.04847011E-01    2    -1000015        15   # BR(~chi_30 -> ~tau_1+   tau-)
     4.07693954E-03    2     2000015       -15   # BR(~chi_30 -> ~tau_2-   tau+)
     4.07693954E-03    2    -2000015        15   # BR(~chi_30 -> ~tau_2+   tau-)
     3.67708896E-04    2     1000012       -12   # BR(~chi_30 -> ~nu_eL    nu_eb)
     3.67708896E-04    2    -1000012        12   # BR(~chi_30 -> ~nu_eL*   nu_e )
     3.67708896E-04    2     1000014       -14   # BR(~chi_30 -> ~nu_muL   nu_mub)
     3.67708896E-04    2    -1000014        14   # BR(~chi_30 -> ~nu_muL*  nu_mu )
     3.77422955E-04    2     1000016       -16   # BR(~chi_30 -> ~nu_tau1  nu_taub)
     3.77422955E-04    2    -1000016        16   # BR(~chi_30 -> ~nu_tau1* nu_tau )
     8.80230454E-13    2     1000039        22   # BR(~chi_30 -> ~G        gam)
     3.49307640E-09    2     1000039        23   # BR(~chi_30 -> ~G        Z)
     4.27333437E-09    2     1000039        25   # BR(~chi_30 -> ~G        h)
#
#         PDG            Width
DECAY   1000035     4.55541769E+00   # neutralino4 decays
#          BR         NDA      ID1       ID2
     6.38374450E-04    2     1000022        23   # BR(~chi_40 -> ~chi_10   Z )
     1.73654871E-03    2     1000023        23   # BR(~chi_40 -> ~chi_20   Z )
     5.39376917E-02    2     1000025        23   # BR(~chi_40 -> ~chi_30   Z )
     1.22562311E-01    2     1000024       -24   # BR(~chi_40 -> ~chi_1+   W-)
     1.22562311E-01    2    -1000024        24   # BR(~chi_40 -> ~chi_1-   W+)
     5.43955142E-03    2     1000022        25   # BR(~chi_40 -> ~chi_10   h )
     6.72756274E-02    2     1000023        25   # BR(~chi_40 -> ~chi_20   h )
     1.04055598E-04    2     1000025        25   # BR(~chi_40 -> ~chi_30   h )
     4.67535689E-02    2     1000011       -11   # BR(~chi_40 -> ~e_L-     e+)
     4.67535689E-02    2    -1000011        11   # BR(~chi_40 -> ~e_L+     e-)
     5.65839349E-04    2     2000011       -11   # BR(~chi_40 -> ~e_R-     e+)
     5.65839349E-04    2    -2000011        11   # BR(~chi_40 -> ~e_R+     e-)
     4.67535689E-02    2     1000013       -13   # BR(~chi_40 -> ~mu_L-    mu+)
     4.67535689E-02    2    -1000013        13   # BR(~chi_40 -> ~mu_L+    mu-)
     5.65839349E-04    2     2000013       -13   # BR(~chi_40 -> ~mu_R-    mu+)
     5.65839349E-04    2    -2000013        13   # BR(~chi_40 -> ~mu_R+    mu-)
     5.78591250E-04    2     1000015       -15   # BR(~chi_40 -> ~tau_1-   tau+)
     5.78591250E-04    2    -1000015        15   # BR(~chi_40 -> ~tau_1+   tau-)
     4.75371905E-02    2     2000015       -15   # BR(~chi_40 -> ~tau_2-   tau+)
     4.75371905E-02    2    -2000015        15   # BR(~chi_40 -> ~tau_2+   tau-)
     5.65755412E-02    2     1000012       -12   # BR(~chi_40 -> ~nu_eL    nu_eb)
     5.65755412E-02    2    -1000012        12   # BR(~chi_40 -> ~nu_eL*   nu_e )
     5.65755412E-02    2     1000014       -14   # BR(~chi_40 -> ~nu_muL   nu_mub)
     5.65755412E-02    2    -1000014        14   # BR(~chi_40 -> ~nu_muL*  nu_mu )
     5.69660819E-02    2     1000016       -16   # BR(~chi_40 -> ~nu_tau1  nu_taub)
     5.69660819E-02    2    -1000016        16   # BR(~chi_40 -> ~nu_tau1* nu_tau )
     7.18536679E-10    2     1000039        22   # BR(~chi_40 -> ~G        gam)
     2.84249170E-09    2     1000039        23   # BR(~chi_40 -> ~G        Z)
     1.71821526E-10    2     1000039        25   # BR(~chi_40 -> ~G        h)
#
#         PDG            Width
DECAY        25     2.85052740E-03   # h decays
#          BR         NDA      ID1       ID2
     6.93378006E-01    2           5        -5   # BR(h -> b       bb     )
     9.08388186E-02    2         -15        15   # BR(h -> tau+    tau-   )
     3.21602469E-04    2         -13        13   # BR(h -> mu+     mu-    )
     6.92387093E-04    2           3        -3   # BR(h -> s       sb     )
     2.78566233E-02    2           4        -4   # BR(h -> c       cb     )
     7.70287932E-02    2          21        21   # BR(h -> g       g      )
     2.39011614E-03    2          22        22   # BR(h -> gam     gam    )
     8.23527534E-04    2          22        23   # BR(h -> Z       gam    )
     9.66995294E-02    2          24       -24   # BR(h -> W+      W-     )
     9.97059639E-03    2          23        23   # BR(h -> Z       Z      )
#
#         PDG            Width
DECAY        35     2.43364957E+00   # H decays
#          BR         NDA      ID1       ID2
     8.05214632E-01    2           5        -5   # BR(H -> b       bb     )
     1.30092985E-01    2         -15        15   # BR(H -> tau+    tau-   )
     4.59941130E-04    2         -13        13   # BR(H -> mu+     mu-    )
     6.92352875E-04    2           3        -3   # BR(H -> s       sb     )
     7.72009314E-07    2           4        -4   # BR(H -> c       cb     )
     6.02913006E-02    2           6        -6   # BR(H -> t       tb     )
     1.95518257E-04    2          21        21   # BR(H -> g       g      )
     5.47783631E-07    2          22        22   # BR(H -> gam     gam    )
     1.34686440E-07    2          23        22   # BR(H -> Z       gam    )
     3.93906873E-04    2          24       -24   # BR(H -> W+      W-     )
     1.92927096E-04    2          23        23   # BR(H -> Z       Z      )
     1.58703194E-03    2          25        25   # BR(H -> h       h      )
     3.85988527E-22    2          36        36   # BR(H -> A       A      )
     8.14230565E-17    2          23        36   # BR(H -> Z       A      )
     7.63646942E-04    2     1000022   1000022   # BR(H -> ~chi_10 ~chi_10)
     3.63736325E-05    2     2000011  -2000011   # BR(H -> ~e_R-   ~e_R+  )
     3.63736325E-05    2     2000013  -2000013   # BR(H -> ~mu_R-  ~mu_R+ )
     4.15556339E-05    2     1000015  -1000015   # BR(H -> ~tau_1- ~tau_1+)
#
#         PDG            Width
DECAY        36     2.49708945E+00   # A decays
#          BR         NDA      ID1       ID2
     7.99374334E-01    2           5        -5   # BR(A -> b       bb     )
     1.26810600E-01    2         -15        15   # BR(A -> tau+    tau-   )
     4.48325827E-04    2         -13        13   # BR(A -> mu+     mu-    )
     6.75110558E-04    2           3        -3   # BR(A -> s       sb     )
     7.00754923E-07    2           4        -4   # BR(A -> c       cb     )
     6.60986117E-02    2           6        -6   # BR(A -> t       tb     )
     4.20779987E-04    2          21        21   # BR(A -> g       g      )
     9.52417822E-07    2          22        22   # BR(A -> gam     gam    )
     2.44087038E-07    2          23        22   # BR(A -> Z       gam    )
     3.63508290E-04    2          23        25   # BR(A -> Z       h      )
     5.80683264E-03    2     1000022   1000022   # BR(A -> ~chi_10 ~chi_10)
#
#         PDG            Width
DECAY        37     2.37279312E+00   # H+ decays
#          BR         NDA      ID1       ID2
     1.32879329E-03    2           4        -5   # BR(H+ -> c       bb     )
     1.34283234E-01    2         -15        16   # BR(H+ -> tau+    nu_tau )
     4.74744488E-04    2         -13        14   # BR(H+ -> mu+     nu_mu  )
     8.50412794E-06    2           2        -5   # BR(H+ -> u       bb     )
     3.39985499E-05    2           2        -3   # BR(H+ -> u       sb     )
     6.99974511E-04    2           4        -3   # BR(H+ -> c       sb     )
     8.62775998E-01    2           6        -5   # BR(H+ -> t       bb     )
     3.94751260E-04    2          24        25   # BR(H+ -> W+      h      )
     1.08255692E-09    2          24        36   # BR(H+ -> W+      A      )
