#
#                              ======================
#                              | THE SUSYHIT OUTPUT |
#                              ======================
#
#
#              ------------------------------------------------------
#              |     This is the output of the SUSY-HIT package     |
#              |  created by A.Djouadi, M.Muehlleitner and M.Spira. |
#              |  In case of problems with SUSY-HIT email to        |
#              |           margarete.muehlleitner@cern.ch           |
#              |           michael.spira@psi.ch                     |
#              |           abdelhak.djouadi@cern.ch                 |
#              ------------------------------------------------------
#
#              ------------------------------------------------------
#              |  SUSY Les Houches Accord - MSSM Spectrum + Decays  |
#              |              based on the decay programs           |
#              |                                                    |
#              |                     SDECAY 1.2                     |
#              |                                                    |
#              |  Authors: M.Muhlleitner, A.Djouadi and Y.Mambrini  |
#              |  Ref.:    Comput.Phys.Commun.168(2005)46           |
#              |           [hep-ph/0311167]                         |
#              |                                                    |
#              |                     HDECAY 3.200                   |
#              |                                                    |
#              |  By: A.Djouadi,J.Kalinowski,M.Muhlleitner,M.Spira  |
#              |  Ref.:    Comput.Phys.Commun.108(1998)56           |
#              |           [hep-ph/9704448]                         |
#              |                                                    |
#              |                                                    |
#              |  If not stated otherwise all DRbar couplings and   |
#              |  soft SUSY breaking masses are given at the scale  |
#              |  Q=  0.54410711E+03
#              |                                                    |
#              ------------------------------------------------------
#
#  CMS point: LM4
#  Charged lepton ID signs in the HDECAY (last 4) blocks are corrected by Sezen (by hand) 02/07/07
#  A0 value added to block MINPAR by Sezen (by hand) since SUSYHIT does not write A0 values for A0 = 0
#  04/07/07
#
BLOCK DCINFO  # Decay Program information
     1   SDECAY/HDECAY # decay calculator
     2   1.2   /3.200  # version number
#
BLOCK SPINFO  # Spectrum calculator information
     1   SOFTSUSY    # spectrum calculator                 
     2   2.0.11         # version number                   
#
BLOCK MODSEL  # Model selection
     1     1   #  sugra                                            
#
BLOCK SMINPUTS  # Standard Model inputs
         1     1.27908953E+02   # alpha_em^-1(M_Z)^MSbar
         2     1.16639000E-05   # G_F [GeV^-2]
         3     1.17200000E-01   # alpha_S(M_Z)^MSbar
         4     9.11876000E+01   # M_Z pole mass
         5     4.20000000E+00   # mb(mb)^MSbar
         6     1.72500000E+02   # mt pole mass
         7     1.77700000E+00   # mtau pole mass
#
BLOCK MINPAR  # Input parameters - minimal models
         1     2.10000000E+02   # m0                  
         2     2.85000000E+02   # m12                 
         3     1.00000000E+01   # tanb                
         4     1.00000000E+00   # sign(mu)            
         5     0.00000000E+00   # A0
#
BLOCK MASS  # Mass Spectrum
# PDG code           mass       particle
        24     8.03971362E+01   # W+
        25     1.10491192E+02   # h
        35     4.66003257E+02   # H
        36     4.65633532E+02   # A
        37     4.72845514E+02   # H+
         5     4.82427405E+00   # b-quark pole mass calculated from mb(mb)_Msbar
   1000001     6.60075590E+02   # ~d_L
   2000001     6.35121433E+02   # ~d_R
   1000002     6.53098435E+02   # ~u_L
   2000002     6.39853119E+02   # ~u_R
   1000003     6.60075590E+02   # ~s_L
   2000003     6.35121433E+02   # ~s_R
   1000004     6.53098435E+02   # ~c_L
   2000004     6.39853119E+02   # ~c_R
   1000005     5.98061150E+02   # ~b_1
   2000005     6.32192650E+02   # ~b_2
   1000006     4.81212424E+02   # ~t_1
   2000006     6.57980355E+02   # ~t_2
   1000011     2.88701731E+02   # ~e_L
   2000011     2.39474693E+02   # ~e_R
   1000012     2.76378744E+02   # ~nu_eL
   1000013     2.88701731E+02   # ~mu_L
   2000013     2.39474693E+02   # ~mu_R
   1000014     2.76378744E+02   # ~nu_muL
   1000015     2.33304894E+02   # ~tau_1
   2000015     2.90585883E+02   # ~tau_2
   1000016     2.75341533E+02   # ~nu_tauL
   1000021     6.87382977E+02   # ~g
   1000022     1.11911789E+02   # ~chi_10
   1000023     2.08234122E+02   # ~chi_20
   1000025    -3.87475842E+02   # ~chi_30
   1000035     4.04887102E+02   # ~chi_40
   1000024     2.09844343E+02   # ~chi_1+
   1000037     4.01889273E+02   # ~chi_2+
#
BLOCK NMIX  # Neutralino Mixing Matrix
  1  1     9.87077398E-01   # N_11
  1  2    -4.90493969E-02   # N_12
  1  3     1.42149705E-01   # N_13
  1  4    -5.53699247E-02   # N_14
  2  1     9.64831862E-02   # N_21
  2  2     9.40002451E-01   # N_22
  2  3    -2.79020923E-01   # N_23
  2  4     1.70978689E-01   # N_24
  3  1    -5.64039373E-02   # N_31
  3  2     8.35581302E-02   # N_32
  3  3     6.97025483E-01   # N_33
  3  4     7.09924017E-01   # N_34
  4  1    -1.14838152E-01   # N_41
  4  2     3.27120143E-01   # N_42
  4  3     6.45055239E-01   # N_43
  4  4    -6.80961342E-01   # N_44
#
BLOCK UMIX  # Chargino Mixing Matrix U
  1  1     9.14889387E-01   # U_11
  1  2    -4.03704606E-01   # U_12
  2  1     4.03704606E-01   # U_21
  2  2     9.14889387E-01   # U_22
#
BLOCK VMIX  # Chargino Mixing Matrix V
  1  1     9.67866145E-01   # V_11
  1  2    -2.51465953E-01   # V_12
  2  1     2.51465953E-01   # V_21
  2  2     9.67866145E-01   # V_22
#
BLOCK STOPMIX  # Stop Mixing Matrix
  1  1     5.13521305E-01   # cos(theta_t)
  1  2     8.58076843E-01   # sin(theta_t)
  2  1    -8.58076843E-01   # -sin(theta_t)
  2  2     5.13521305E-01   # cos(theta_t)
#
BLOCK SBOTMIX  # Sbottom Mixing Matrix
  1  1     9.63476177E-01   # cos(theta_b)
  1  2     2.67794056E-01   # sin(theta_b)
  2  1    -2.67794056E-01   # -sin(theta_b)
  2  2     9.63476177E-01   # cos(theta_b)
#
BLOCK STAUMIX  # Stau Mixing Matrix
  1  1     2.37846346E-01   # cos(theta_tau)
  1  2     9.71302793E-01   # sin(theta_tau)
  2  1    -9.71302793E-01   # -sin(theta_tau)
  2  2     2.37846346E-01   # cos(theta_tau)
#
BLOCK ALPHA  # Higgs mixing
          -1.11110981E-01   # Mixing angle in the neutral Higgs boson sector
#
BLOCK HMIX Q=  5.44107113E+02  # DRbar Higgs Parameters
         1     3.78738956E+02   # mu(Q)MSSM           
         2     9.73560506E+00   # tan                 
         3     2.44747422E+02   # higgs               
         4     2.25085832E+05   # mA^2(Q)MSSM         
#
BLOCK GAUGE Q=  5.44107113E+02  # The gauge couplings
     1     3.61281949E-01   # gprime(Q) DRbar
     2     6.45559822E-01   # g(Q) DRbar
     3     1.08801736E+00   # g3(Q) DRbar
#
BLOCK AU Q=  5.44107113E+02  # The trilinear couplings
  1  1     0.00000000E+00   # A_u(Q) DRbar
  2  2     0.00000000E+00   # A_c(Q) DRbar
  3  3    -5.30298469E+02   # A_t(Q) DRbar
#
BLOCK AD Q=  5.44107113E+02  # The trilinear couplings
  1  1     0.00000000E+00   # A_d(Q) DRbar
  2  2     0.00000000E+00   # A_s(Q) DRbar
  3  3    -7.92191969E+02   # A_b(Q) DRbar
#
BLOCK AE Q=  5.44107113E+02  # The trilinear couplings
  1  1     0.00000000E+00   # A_e(Q) DRbar
  2  2     0.00000000E+00   # A_mu(Q) DRbar
  3  3    -1.73932408E+02   # A_tau(Q) DRbar
#
BLOCK Yu Q=  5.44107113E+02  # The Yukawa couplings
  1  1     0.00000000E+00   # y_u(Q) DRbar
  2  2     0.00000000E+00   # y_c(Q) DRbar
  3  3     8.74677726E-01   # y_t(Q) DRbar
#
BLOCK Yd Q=  5.44107113E+02  # The Yukawa couplings
  1  1     0.00000000E+00   # y_d(Q) DRbar
  2  2     0.00000000E+00   # y_s(Q) DRbar
  3  3     1.37220169E-01   # y_b(Q) DRbar
#
BLOCK Ye Q=  5.44107113E+02  # The Yukawa couplings
  1  1     0.00000000E+00   # y_e(Q) DRbar
  2  2     0.00000000E+00   # y_mu(Q) DRbar
  3  3     1.00737839E-01   # y_tau(Q) DRbar
#
BLOCK MSOFT Q=  5.44107113E+02  # The soft SUSY breaking masses at the scale Q
         1     1.16422506E+02   # M_1(Q)              
         2     2.18927067E+02   # M_2(Q)              
         3     6.60153193E+02   # M_3(Q)              
        21     7.28333297E+04   # mH1^2(Q)            
        22    -1.42087814E+05   # mH2^2(Q)            
        31     2.82923912E+02   # meL(Q)              
        32     2.82923912E+02   # mmuL(Q)             
        33     2.81899303E+02   # mtauL(Q)            
        34     2.34782101E+02   # meR(Q)              
        35     2.34782101E+02   # mmuR(Q)             
        36     2.32280310E+02   # mtauR(Q)            
        41     6.37090186E+02   # mqL1(Q)             
        42     6.37090186E+02   # mqL2(Q)             
        43     5.80620118E+02   # mqL3(Q)             
        44     6.17270620E+02   # muR(Q)              
        45     6.17270620E+02   # mcR(Q)              
        46     4.94618758E+02   # mtR(Q)              
        47     6.10494370E+02   # mdR(Q)              
        48     6.10494370E+02   # msR(Q)              
        49     6.07083756E+02   # mbR(Q)              
#
#
#
#                             =================
#                             |The decay table|
#                             =================
#
# - The QCD corrections to the decays gluino -> squark  + quark
#                                     squark -> gaugino + quark_prime
#                                     squark -> squark_prime + Higgs
#                                     squark -> gluino  + quark
#   are included.
#
# - The multi-body decays for the inos, stops and sbottoms are included.
#
# - The loop induced decays for the gluino, neutralinos and stops
#   are included.
#
# - The SUSY decays of the top quark are included.
#
#
#         PDG            Width
DECAY         6     1.44673942E+00   # top decays
#          BR         NDA      ID1       ID2
     1.00000000E+00    2           5        24   # BR(t ->  b    W+)
#
#         PDG            Width
DECAY   1000021     3.23405330E+00   # gluino decays
#          BR         NDA      ID1       ID2
     1.35839621E-02    2     1000001        -1   # BR(~g -> ~d_L  db)
     1.35839621E-02    2    -1000001         1   # BR(~g -> ~d_L* d )
     4.79285246E-02    2     2000001        -1   # BR(~g -> ~d_R  db)
     4.79285246E-02    2    -2000001         1   # BR(~g -> ~d_R* d )
     2.11911061E-02    2     1000002        -2   # BR(~g -> ~u_L  ub)
     2.11911061E-02    2    -1000002         2   # BR(~g -> ~u_L* u )
     3.99268209E-02    2     2000002        -2   # BR(~g -> ~u_R  ub)
     3.99268209E-02    2    -2000002         2   # BR(~g -> ~u_R* u )
     1.35839621E-02    2     1000003        -3   # BR(~g -> ~s_L  sb)
     1.35839621E-02    2    -1000003         3   # BR(~g -> ~s_L* s )
     4.79285246E-02    2     2000003        -3   # BR(~g -> ~s_R  sb)
     4.79285246E-02    2    -2000003         3   # BR(~g -> ~s_R* s )
     2.11911061E-02    2     1000004        -4   # BR(~g -> ~c_L  cb)
     2.11911061E-02    2    -1000004         4   # BR(~g -> ~c_L* c )
     3.99268209E-02    2     2000004        -4   # BR(~g -> ~c_R  cb)
     3.99268209E-02    2    -2000004         4   # BR(~g -> ~c_R* c )
     1.24770887E-01    2     1000005        -5   # BR(~g -> ~b_1  bb)
     1.24770887E-01    2    -1000005         5   # BR(~g -> ~b_1* b )
     5.43771251E-02    2     2000005        -5   # BR(~g -> ~b_2  bb)
     5.43771251E-02    2    -2000005         5   # BR(~g -> ~b_2* b )
     7.55911608E-02    2     1000006        -6   # BR(~g -> ~t_1  tb)
     7.55911608E-02    2    -1000006         6   # BR(~g -> ~t_1* t )
#
#         PDG            Width
DECAY   1000006     3.07880396E+00   # stop1 decays
#          BR         NDA      ID1       ID2
     2.00372745E-01    2     1000022         6   # BR(~t_1 -> ~chi_10 t )
     1.49366544E-01    2     1000023         6   # BR(~t_1 -> ~chi_20 t )
     5.33443410E-01    2     1000024         5   # BR(~t_1 -> ~chi_1+ b )
     1.16817300E-01    2     1000037         5   # BR(~t_1 -> ~chi_2+ b )
#
#         PDG            Width
DECAY   2000006     9.10633091E+00   # stop2 decays
#          BR         NDA      ID1       ID2
     2.55596389E-02    2     1000022         6   # BR(~t_2 -> ~chi_10 t )
     8.98023078E-02    2     1000023         6   # BR(~t_2 -> ~chi_20 t )
     8.11940857E-02    2     1000025         6   # BR(~t_2 -> ~chi_30 t )
     2.57078228E-01    2     1000035         6   # BR(~t_2 -> ~chi_40 t )
     2.03504075E-01    2     1000024         5   # BR(~t_2 -> ~chi_1+ b )
     1.89905030E-01    2     1000037         5   # BR(~t_2 -> ~chi_2+ b )
     3.67886094E-02    2     1000006        25   # BR(~t_2 -> ~t_1    h )
     1.16168026E-01    2     1000006        23   # BR(~t_2 -> ~t_1    Z )
#
#         PDG            Width
DECAY   1000005     6.15287464E+00   # sbottom1 decays
#          BR         NDA      ID1       ID2
     2.76201420E-02    2     1000022         5   # BR(~b_1 -> ~chi_10 b )
     2.54172712E-01    2     1000023         5   # BR(~b_1 -> ~chi_20 b )
     5.19686936E-03    2     1000025         5   # BR(~b_1 -> ~chi_30 b )
     1.31402923E-02    2     1000035         5   # BR(~b_1 -> ~chi_40 b )
     3.82744719E-01    2    -1000024         6   # BR(~b_1 -> ~chi_1- t )
     2.37528828E-01    2    -1000037         6   # BR(~b_1 -> ~chi_2- t )
     7.95964375E-02    2     1000006       -24   # BR(~b_1 -> ~t_1    W-)
#
#         PDG            Width
DECAY   2000005     1.06984501E+00   # sbottom2 decays
#          BR         NDA      ID1       ID2
     2.64199115E-01    2     1000022         5   # BR(~b_2 -> ~chi_10 b )
     5.98629433E-02    2     1000023         5   # BR(~b_2 -> ~chi_20 b )
     5.27651377E-02    2     1000025         5   # BR(~b_2 -> ~chi_30 b )
     7.33283998E-02    2     1000035         5   # BR(~b_2 -> ~chi_40 b )
     9.17542527E-02    2    -1000024         6   # BR(~b_2 -> ~chi_1- t )
     3.50169124E-01    2    -1000037         6   # BR(~b_2 -> ~chi_2- t )
     1.07921027E-01    2     1000006       -24   # BR(~b_2 -> ~t_1    W-)
#
#         PDG            Width
DECAY   1000002     6.33648408E+00   # sup_L decays
#          BR         NDA      ID1       ID2
     7.17349562E-03    2     1000022         2   # BR(~u_L -> ~chi_10 u)
     3.14290511E-01    2     1000023         2   # BR(~u_L -> ~chi_20 u)
     1.00236890E-03    2     1000025         2   # BR(~u_L -> ~chi_30 u)
     1.59850814E-02    2     1000035         2   # BR(~u_L -> ~chi_40 u)
     6.39548535E-01    2     1000024         1   # BR(~u_L -> ~chi_1+ d)
     2.20000090E-02    2     1000037         1   # BR(~u_L -> ~chi_2+ d)
#
#         PDG            Width
DECAY   2000002     1.34513476E+00   # sup_R decays
#          BR         NDA      ID1       ID2
     9.84844224E-01    2     1000022         2   # BR(~u_R -> ~chi_10 u)
     8.14376128E-03    2     1000023         2   # BR(~u_R -> ~chi_20 u)
     1.47633241E-03    2     1000025         2   # BR(~u_R -> ~chi_30 u)
     5.53568271E-03    2     1000035         2   # BR(~u_R -> ~chi_40 u)
#
#         PDG            Width
DECAY   1000001     6.19437613E+00   # sdown_L decays
#          BR         NDA      ID1       ID2
     2.20869654E-02    2     1000022         1   # BR(~d_L -> ~chi_10 d)
     3.01797247E-01    2     1000023         1   # BR(~d_L -> ~chi_20 d)
     1.75329293E-03    2     1000025         1   # BR(~d_L -> ~chi_30 d)
     2.19727495E-02    2     1000035         1   # BR(~d_L -> ~chi_40 d)
     5.92467309E-01    2    -1000024         2   # BR(~d_L -> ~chi_1- u)
     5.99224361E-02    2    -1000037         2   # BR(~d_L -> ~chi_2- u)
#
#         PDG            Width
DECAY   2000001     3.33792590E-01   # sdown_R decays
#          BR         NDA      ID1       ID2
     9.84981598E-01    2     1000022         1   # BR(~d_R -> ~chi_10 d)
     8.12501875E-03    2     1000023         1   # BR(~d_R -> ~chi_20 d)
     1.45414277E-03    2     1000025         1   # BR(~d_R -> ~chi_30 d)
     5.43924040E-03    2     1000035         1   # BR(~d_R -> ~chi_40 d)
#
#         PDG            Width
DECAY   1000004     6.33648408E+00   # scharm_L decays
#          BR         NDA      ID1       ID2
     7.17349562E-03    2     1000022         4   # BR(~c_L -> ~chi_10 c)
     3.14290511E-01    2     1000023         4   # BR(~c_L -> ~chi_20 c)
     1.00236890E-03    2     1000025         4   # BR(~c_L -> ~chi_30 c)
     1.59850814E-02    2     1000035         4   # BR(~c_L -> ~chi_40 c)
     6.39548535E-01    2     1000024         3   # BR(~c_L -> ~chi_1+ s)
     2.20000090E-02    2     1000037         3   # BR(~c_L -> ~chi_2+ s)
#
#         PDG            Width
DECAY   2000004     1.34513476E+00   # scharm_R decays
#          BR         NDA      ID1       ID2
     9.84844224E-01    2     1000022         4   # BR(~c_R -> ~chi_10 c)
     8.14376128E-03    2     1000023         4   # BR(~c_R -> ~chi_20 c)
     1.47633241E-03    2     1000025         4   # BR(~c_R -> ~chi_30 c)
     5.53568271E-03    2     1000035         4   # BR(~c_R -> ~chi_40 c)
#
#         PDG            Width
DECAY   1000003     6.19437613E+00   # sstrange_L decays
#          BR         NDA      ID1       ID2
     2.20869654E-02    2     1000022         3   # BR(~s_L -> ~chi_10 s)
     3.01797247E-01    2     1000023         3   # BR(~s_L -> ~chi_20 s)
     1.75329293E-03    2     1000025         3   # BR(~s_L -> ~chi_30 s)
     2.19727495E-02    2     1000035         3   # BR(~s_L -> ~chi_40 s)
     5.92467309E-01    2    -1000024         4   # BR(~s_L -> ~chi_1- c)
     5.99224361E-02    2    -1000037         4   # BR(~s_L -> ~chi_2- c)
#
#         PDG            Width
DECAY   2000003     3.33792590E-01   # sstrange_R decays
#          BR         NDA      ID1       ID2
     9.84981598E-01    2     1000022         3   # BR(~s_R -> ~chi_10 s)
     8.12501875E-03    2     1000023         3   # BR(~s_R -> ~chi_20 s)
     1.45414277E-03    2     1000025         3   # BR(~s_R -> ~chi_30 s)
     5.43924040E-03    2     1000035         3   # BR(~s_R -> ~chi_40 s)
#
#         PDG            Width
DECAY   1000011     9.36867220E-01   # selectron_L decays
#          BR         NDA      ID1       ID2
     2.33706324E-01    2     1000022        11   # BR(~e_L -> ~chi_10 e-)
     2.90510063E-01    2     1000023        11   # BR(~e_L -> ~chi_20 e-)
     4.75783613E-01    2    -1000024        12   # BR(~e_L -> ~chi_1- nu_e)
#
#         PDG            Width
DECAY   2000011     7.40967102E-01   # selectron_R decays
#          BR         NDA      ID1       ID2
     9.99070590E-01    2     1000022        11   # BR(~e_R -> ~chi_10 e-)
     9.29410031E-04    2     1000023        11   # BR(~e_R -> ~chi_20 e-)
#
#         PDG            Width
DECAY   1000013     9.36867220E-01   # smuon_L decays
#          BR         NDA      ID1       ID2
     2.33706324E-01    2     1000022        13   # BR(~mu_L -> ~chi_10 mu-)
     2.90510063E-01    2     1000023        13   # BR(~mu_L -> ~chi_20 mu-)
     4.75783613E-01    2    -1000024        14   # BR(~mu_L -> ~chi_1- nu_mu)
#
#         PDG            Width
DECAY   2000013     7.40967102E-01   # smuon_R decays
#          BR         NDA      ID1       ID2
     9.99070590E-01    2     1000022        13   # BR(~mu_R -> ~chi_10 mu-)
     9.29410031E-04    2     1000023        13   # BR(~mu_R -> ~chi_20 mu-)
#
#         PDG            Width
DECAY   1000015     6.84332405E-01   # stau_1 decays
#          BR         NDA      ID1       ID2
     9.86186964E-01    2     1000022        15   # BR(~tau_1 -> ~chi_10  tau-)
     5.79805878E-03    2     1000023        15   # BR(~tau_1 -> ~chi_20  tau-)
     8.01497770E-03    2    -1000024        16   # BR(~tau_1 -> ~chi_1-  nu_tau)
#
#         PDG            Width
DECAY   2000015     9.41264764E-01   # stau_2 decays
#          BR         NDA      ID1       ID2
     2.77607266E-01    2     1000022        15   # BR(~tau_2 -> ~chi_10  tau-)
     2.75065967E-01    2     1000023        15   # BR(~tau_2 -> ~chi_20  tau-)
     4.47326767E-01    2    -1000024        16   # BR(~tau_2 -> ~chi_1-  nu_tau)
#
#         PDG            Width
DECAY   1000012     8.42822752E-01   # snu_eL decays
#          BR         NDA      ID1       ID2
     3.43720541E-01    2     1000022        12   # BR(~nu_eL -> ~chi_10 nu_e)
     1.99457243E-01    2     1000023        12   # BR(~nu_eL -> ~chi_20 nu_e)
     4.56822216E-01    2     1000024        11   # BR(~nu_eL -> ~chi_1+ e-)
#
#         PDG            Width
DECAY   1000014     8.42822752E-01   # snu_muL decays
#          BR         NDA      ID1       ID2
     3.43720541E-01    2     1000022        14   # BR(~nu_muL -> ~chi_10 nu_mu)
     1.99457243E-01    2     1000023        14   # BR(~nu_muL -> ~chi_20 nu_mu)
     4.56822216E-01    2     1000024        13   # BR(~nu_muL -> ~chi_1+ mu-)
#
#         PDG            Width
DECAY   1000016     8.27926577E-01   # snu_tauL decays
#          BR         NDA      ID1       ID2
     3.47560368E-01    2     1000022        16   # BR(~nu_tauL -> ~chi_10 nu_tau)
     1.98294080E-01    2     1000023        16   # BR(~nu_tauL -> ~chi_20 nu_tau)
     4.54145552E-01    2     1000024        15   # BR(~nu_tauL -> ~chi_1+ tau-)
#
#         PDG            Width
DECAY   1000024     5.53395725E-03   # chargino1+ decays
#          BR         NDA      ID1       ID2
     1.00000000E+00    2     1000022        24   # BR(~chi_1+ -> ~chi_10  W+)
#
#         PDG            Width
DECAY   1000037     2.19348352E+00   # chargino2+ decays
#          BR         NDA      ID1       ID2
     1.33426133E-02    2     1000012       -11   # BR(~chi_2+ -> ~nu_eL   e+  )
     1.33426133E-02    2     1000014       -13   # BR(~chi_2+ -> ~nu_muL  mu+ )
     1.76241999E-02    2     1000016       -15   # BR(~chi_2+ -> ~nu_tau1 tau+)
     2.89925233E-02    2    -1000011        12   # BR(~chi_2+ -> ~e_L+    nu_e)
     2.89925233E-02    2    -1000013        14   # BR(~chi_2+ -> ~mu_L+   nu_mu)
     6.07283628E-04    2    -1000015        16   # BR(~chi_2+ -> ~tau_1+  nu_tau)
     3.13991856E-02    2    -2000015        16   # BR(~chi_2+ -> ~tau_2+  nu_tau)
     2.64571604E-01    2     1000024        23   # BR(~chi_2+ -> ~chi_1+  Z )
     8.26358096E-02    2     1000022        24   # BR(~chi_2+ -> ~chi_10  W+)
     3.18811353E-01    2     1000023        24   # BR(~chi_2+ -> ~chi_20  W+)
     1.99680290E-01    2     1000024        25   # BR(~chi_2+ -> ~chi_1+  h )
#
#         PDG            Width
DECAY   1000022     0.00000000E+00   # neutralino1 decays
#
#         PDG            Width
DECAY   1000023     7.68019026E-04   # neutralino2 decays
#          BR         NDA      ID1       ID2
     1.00000000E+00    2     1000022        23   # BR(~chi_20 -> ~chi_10   Z )
#
#         PDG            Width
DECAY   1000025     1.96258530E+00   # neutralino3 decays
#          BR         NDA      ID1       ID2
     1.26111154E-01    2     1000022        23   # BR(~chi_30 -> ~chi_10   Z )
     2.29878236E-01    2     1000023        23   # BR(~chi_30 -> ~chi_20   Z )
     2.94756153E-01    2     1000024       -24   # BR(~chi_30 -> ~chi_1+   W-)
     2.94756153E-01    2    -1000024        24   # BR(~chi_30 -> ~chi_1-   W+)
     2.11948003E-02    2     1000022        25   # BR(~chi_30 -> ~chi_10   h )
     1.00421963E-02    2     1000023        25   # BR(~chi_30 -> ~chi_20   h )
     2.18909269E-04    2     1000011       -11   # BR(~chi_30 -> ~e_L-     e+)
     2.18909269E-04    2    -1000011        11   # BR(~chi_30 -> ~e_L+     e-)
     6.22982443E-04    2     2000011       -11   # BR(~chi_30 -> ~e_R-     e+)
     6.22982443E-04    2    -2000011        11   # BR(~chi_30 -> ~e_R+     e-)
     2.18909269E-04    2     1000013       -13   # BR(~chi_30 -> ~mu_L-    mu+)
     2.18909269E-04    2    -1000013        13   # BR(~chi_30 -> ~mu_L+    mu-)
     6.22982443E-04    2     2000013       -13   # BR(~chi_30 -> ~mu_R-    mu+)
     6.22982443E-04    2    -2000013        13   # BR(~chi_30 -> ~mu_R+    mu-)
     3.24081530E-03    2     1000015       -15   # BR(~chi_30 -> ~tau_1-   tau+)
     3.24081530E-03    2    -1000015        15   # BR(~chi_30 -> ~tau_1+   tau-)
     2.75934563E-03    2     2000015       -15   # BR(~chi_30 -> ~tau_2-   tau+)
     2.75934563E-03    2    -2000015        15   # BR(~chi_30 -> ~tau_2+   tau-)
     1.30877376E-03    2     1000012       -12   # BR(~chi_30 -> ~nu_eL    nu_eb)
     1.30877376E-03    2    -1000012        12   # BR(~chi_30 -> ~nu_eL*   nu_e )
     1.30877376E-03    2     1000014       -14   # BR(~chi_30 -> ~nu_muL   nu_mub)
     1.30877376E-03    2    -1000014        14   # BR(~chi_30 -> ~nu_muL*  nu_mu )
     1.32916232E-03    2     1000016       -16   # BR(~chi_30 -> ~nu_tau1  nu_taub)
     1.32916232E-03    2    -1000016        16   # BR(~chi_30 -> ~nu_tau1* nu_tau )
#
#         PDG            Width
DECAY   1000035     2.40057438E+00   # neutralino4 decays
#          BR         NDA      ID1       ID2
     2.24877729E-02    2     1000022        23   # BR(~chi_40 -> ~chi_10   Z )
     1.78203585E-02    2     1000023        23   # BR(~chi_40 -> ~chi_20   Z )
     2.86273665E-01    2     1000024       -24   # BR(~chi_40 -> ~chi_1+   W-)
     2.86273665E-01    2    -1000024        24   # BR(~chi_40 -> ~chi_1-   W+)
     8.10192252E-02    2     1000022        25   # BR(~chi_40 -> ~chi_10   h )
     1.58513199E-01    2     1000023        25   # BR(~chi_40 -> ~chi_20   h )
     5.83654308E-03    2     1000011       -11   # BR(~chi_40 -> ~e_L-     e+)
     5.83654308E-03    2    -1000011        11   # BR(~chi_40 -> ~e_L+     e-)
     2.44159600E-03    2     2000011       -11   # BR(~chi_40 -> ~e_R-     e+)
     2.44159600E-03    2    -2000011        11   # BR(~chi_40 -> ~e_R+     e-)
     5.83654308E-03    2     1000013       -13   # BR(~chi_40 -> ~mu_L-    mu+)
     5.83654308E-03    2    -1000013        13   # BR(~chi_40 -> ~mu_L+    mu-)
     2.44159600E-03    2     2000013       -13   # BR(~chi_40 -> ~mu_R-    mu+)
     2.44159600E-03    2    -2000013        13   # BR(~chi_40 -> ~mu_R+    mu-)
     2.15809849E-03    2     1000015       -15   # BR(~chi_40 -> ~tau_1-   tau+)
     2.15809849E-03    2    -1000015        15   # BR(~chi_40 -> ~tau_1+   tau-)
     9.07093755E-03    2     2000015       -15   # BR(~chi_40 -> ~tau_2-   tau+)
     9.07093755E-03    2    -2000015        15   # BR(~chi_40 -> ~tau_2+   tau-)
     1.52734745E-02    2     1000012       -12   # BR(~chi_40 -> ~nu_eL    nu_eb)
     1.52734745E-02    2    -1000012        12   # BR(~chi_40 -> ~nu_eL*   nu_e )
     1.52734745E-02    2     1000014       -14   # BR(~chi_40 -> ~nu_muL   nu_mub)
     1.52734745E-02    2    -1000014        14   # BR(~chi_40 -> ~nu_muL*  nu_mu )
     1.54737939E-02    2     1000016       -16   # BR(~chi_40 -> ~nu_tau1  nu_taub)
     1.54737939E-02    2    -1000016        16   # BR(~chi_40 -> ~nu_tau1* nu_tau )
#
#         PDG            Width
DECAY        26     3.34358113E-03   # h decays
#          BR         NDA      ID1       ID2
     7.88934641E-01    2           5        -5   # BR(h -> b       bb     )
     8.05276774E-02    2         -15        15   # BR(h -> tau+    tau-   )
     2.85134813E-04    2         -13        13   # BR(h -> mu+     mu-    )
     6.18665231E-04    2           3        -3   # BR(h -> s       sb     )
     2.28847138E-02    2           4        -4   # BR(h -> c       cb     )
     5.88530496E-02    2          21        21   # BR(h -> g       g      )
     1.69566039E-03    2          22        22   # BR(h -> gam     gam    )
     3.57322031E-04    2          22        23   # BR(h -> Z       gam    )
     4.19423776E-02    2          24       -24   # BR(h -> W+      W-     )
     3.90075807E-03    2          23        23   # BR(h -> Z       Z      )
#
#         PDG            Width
DECAY        35     9.17709379E-01   # H decays
#          BR         NDA      ID1       ID2
     6.84431236E-01    2           5        -5   # BR(H -> b       bb     )
     9.95522048E-02    2         -15        15   # BR(H -> tau+    tau-   )
     3.51983053E-04    2         -13        13   # BR(H -> mu+     mu-    )
     5.70564847E-04    2           3        -3   # BR(H -> s       sb     )
     3.35061882E-06    2           4        -4   # BR(H -> c       cb     )
     1.36218606E-01    2           6        -6   # BR(H -> t       tb     )
     9.41389575E-04    2          21        21   # BR(H -> g       g      )
     8.02233651E-06    2          22        22   # BR(H -> gam     gam    )
     4.50824694E-07    2          23        22   # BR(H -> Z       gam    )
     2.32060721E-03    2          24       -24   # BR(H -> W+      W-     )
     1.10299167E-03    2          23        23   # BR(H -> Z       Z      )
     1.04254422E-02    2          25        25   # BR(H -> h       h      )
     6.52758027E-22    2          36        36   # BR(H -> A       A      )
     8.10764822E-15    2          23        36   # BR(H -> Z       A      )
     4.65599113E-02    2     1000024  -1000024   # BR(H -> ~chi_1+ ~chi_1-)
     1.72026996E-02    2     1000022   1000022   # BR(H -> ~chi_10 ~chi_10)
     3.68758052E-07    2     1000023   1000023   # BR(H -> ~chi_20 ~chi_20)
     3.10171193E-04    2     1000022   1000023   # BR(H -> ~chi_10 ~chi_20)
#
#         PDG            Width
DECAY        36     1.24974646E+00   # A decays
#          BR         NDA      ID1       ID2
     5.01816721E-01    2           5        -5   # BR(A -> b       bb     )
     7.31862270E-02    2         -15        15   # BR(A -> tau+    tau-   )
     2.58746854E-04    2         -13        13   # BR(A -> mu+     mu-    )
     4.19787871E-04    2           3        -3   # BR(A -> s       sb     )
     2.10672988E-06    2           4        -4   # BR(A -> c       cb     )
     1.69468997E-01    2           6        -6   # BR(A -> t       tb     )
     7.69410401E-04    2          21        21   # BR(A -> g       g      )
     1.91782831E-06    2          22        22   # BR(A -> gam     gam    )
     4.96427263E-07    2          23        22   # BR(A -> Z       gam    )
     1.48373245E-03    2          23        25   # BR(A -> Z       h      )
     2.32638456E-01    2     1000024  -1000024   # BR(A -> ~chi_1+ ~chi_1-)
     1.94273627E-02    2     1000022   1000022   # BR(A -> ~chi_10 ~chi_10)
     1.74750061E-06    2     1000023   1000023   # BR(A -> ~chi_20 ~chi_20)
     5.24290210E-04    2     1000022   1000023   # BR(A -> ~chi_10 ~chi_20)
#
#         PDG            Width
DECAY        37     1.04409334E+00   # H+ decays
#          BR         NDA      ID1       ID2
     1.01498699E-03    2           4        -5   # BR(H+ -> c       bb     )
     8.89584809E-02    2         -15        16   # BR(H+ -> tau+    nu_tau )
     3.14508723E-04    2         -13        14   # BR(H+ -> mu+     nu_mu  )
     6.49564210E-06    2           2        -5   # BR(H+ -> u       bb     )
     2.41702216E-05    2           2        -3   # BR(H+ -> u       sb     )
     4.99555526E-04    2           4        -3   # BR(H+ -> c       sb     )
     7.58834725E-01    2           6        -5   # BR(H+ -> t       bb     )
     1.93817246E-03    2          24        25   # BR(H+ -> W+      h      )
     2.41496647E-08    2          24        36   # BR(H+ -> W+      A      )
     1.48109550E-01    2     1000024   1000022   # BR(H+ -> ~chi_1+ ~chi_10)
     2.99330688E-04    2     1000024   1000023   # BR(H+ -> ~chi_1+ ~chi_20)
