#
#                              ======================
#                              | THE SUSYHIT OUTPUT |
#                              ======================
#
#
#              ------------------------------------------------------
#              |     This is the output of the SUSY-HIT package     |
#              |  created by A.Djouadi, M.Muehlleitner and M.Spira. |
#              |  In case of problems with SUSY-HIT email to        |
#              |           margarete.muehlleitner@cern.ch           |
#              |           michael.spira@psi.ch                     |
#              |           abdelhak.djouadi@cern.ch                 |
#              ------------------------------------------------------
#
#              ------------------------------------------------------
#              |  SUSY Les Houches Accord - MSSM Spectrum + Decays  |
#              |              based on the decay programs           |
#              |                                                    |
#              |                     SDECAY 1.2                     |
#              |                                                    |
#              |  Authors: M.Muhlleitner, A.Djouadi and Y.Mambrini  |
#              |  Ref.:    Comput.Phys.Commun.168(2005)46           |
#              |           [hep-ph/0311167]                         |
#              |                                                    |
#              |                     HDECAY 3.200                   |
#              |                                                    |
#              |  By: A.Djouadi,J.Kalinowski,M.Muhlleitner,M.Spira  |
#              |  Ref.:    Comput.Phys.Commun.108(1998)56           |
#              |           [hep-ph/9704448]                         |
#              |                                                    |
#              |                                                    |
#              |  If not stated otherwise all DRbar couplings and   |
#              |  soft SUSY breaking masses are given at the scale  |
#              |  Q=  0.98760442E+03
#              |                                                    |
#              ------------------------------------------------------
#
#  CMS point: LM9' (prime) : LM9 -> LM9' : m1/2 = 175 -> 230 to achieve EWSB in IsaJet
#  Charged lepton ID signs in the HDECAY (last 4) blocks are corrected by Sezen (by hand) 02/07/07
#  A0 value added to block MINPAR by Sezen (by hand) since SUSYHIT does not write A0 values for A0 = 0
#  04/07/07
#  ~tau_1+ ID sign in snu_tauL block is corrected by Sezen (by hand). 10/07/07
#
BLOCK DCINFO  # Decay Program information
     1   SDECAY/HDECAY # decay calculator
     2   1.2   /3.200  # version number
#
BLOCK SPINFO  # Spectrum calculator information
     1   SOFTSUSY    # spectrum calculator                 
     2   2.0.11         # version number                   
#
BLOCK MODSEL  # Model selection
     1     1   #  sugra                                            
#
BLOCK SMINPUTS  # Standard Model inputs
         1     1.27908953E+02   # alpha_em^-1(M_Z)^MSbar
         2     1.16639000E-05   # G_F [GeV^-2]
         3     1.17200000E-01   # alpha_S(M_Z)^MSbar
         4     9.11876000E+01   # M_Z pole mass
         5     4.20000000E+00   # mb(mb)^MSbar
         6     1.72500000E+02   # mt pole mass
         7     1.77700000E+00   # mtau pole mass
#
BLOCK MINPAR  # Input parameters - minimal models
         1     1.45000000E+03   # m0                  
         2     2.30000000E+02   # m12                 
         3     5.00000000E+01   # tanb                
         4     1.00000000E+00   # sign(mu)            
         5     0.00000000E+00   # A0
#
BLOCK MASS  # Mass Spectrum
# PDG code           mass       particle
        24     8.03922669E+01   # W+
        25     1.14365697E+02   # h
        35     5.33649000E+02   # H
        36     5.33765348E+02   # A
        37     5.40499092E+02   # H+
         5     4.82427405E+00   # b-quark pole mass calculated from mb(mb)_Msbar
   1000001     1.50966763E+03   # ~d_L
   2000001     1.50631851E+03   # ~d_R
   1000002     1.50596240E+03   # ~u_L
   2000002     1.50658480E+03   # ~u_R
   1000003     1.50966763E+03   # ~s_L
   2000003     1.50631851E+03   # ~s_R
   1000004     1.50596240E+03   # ~c_L
   2000004     1.50658480E+03   # ~c_R
   1000005     1.05206049E+03   # ~b_1
   2000005     1.16755471E+03   # ~b_2
   1000006     9.17558307E+02   # ~t_1
   2000006     1.07006377E+03   # ~t_2
   1000011     1.45395656E+03   # ~e_L
   2000011     1.45131927E+03   # ~e_R
   1000012     1.45086818E+03   # ~nu_eL
   1000013     1.45395656E+03   # ~mu_L
   2000013     1.45131927E+03   # ~mu_R
   1000014     1.45086818E+03   # ~nu_muL
   1000015     1.05377926E+03   # ~tau_1
   2000015     1.27037545E+03   # ~tau_2
   1000016     1.26862876E+03   # ~nu_tauL
   1000021     6.18320931E+02   # ~g
   1000022     9.07118863E+01   # ~chi_10
   1000023     1.58749195E+02   # ~chi_20
   1000025    -2.46808218E+02   # ~chi_30
   1000035     2.80806220E+02   # ~chi_40
   1000024     1.57929066E+02   # ~chi_1+
   1000037     2.78911986E+02   # ~chi_2+
#
BLOCK NMIX  # Neutralino Mixing Matrix
  1  1     9.59054760E-01   # N_11
  1  2    -8.61010994E-02   # N_12
  1  3     2.49795092E-01   # N_13
  1  4    -1.01994998E-01   # N_14
  2  1    -2.20586086E-01   # N_21
  2  2    -8.14659256E-01   # N_22
  2  3     4.42131022E-01   # N_23
  2  4    -3.03631741E-01   # N_24
  3  1    -9.06799904E-02   # N_31
  3  2     1.30254515E-01   # N_32
  3  3     6.83837557E-01   # N_33
  3  4     7.12163673E-01   # N_34
  4  1    -1.52751056E-01   # N_41
  4  2     5.58525432E-01   # N_42
  4  3     5.23916756E-01   # N_43
  4  4    -6.24682071E-01   # N_44
#
BLOCK UMIX  # Chargino Mixing Matrix U
  1  1     7.50224460E-01   # U_11
  1  2    -6.61183228E-01   # U_12
  2  1     6.61183228E-01   # U_21
  2  2     7.50224460E-01   # U_22
#
BLOCK VMIX  # Chargino Mixing Matrix V
  1  1     8.89526948E-01   # V_11
  1  2    -4.56882708E-01   # V_12
  2  1     4.56882708E-01   # V_21
  2  2     8.89526948E-01   # V_22
#
BLOCK STOPMIX  # Stop Mixing Matrix
  1  1     2.25267368E-01   # cos(theta_t)
  1  2     9.74296984E-01   # sin(theta_t)
  2  1    -9.74296984E-01   # -sin(theta_t)
  2  2     2.25267368E-01   # cos(theta_t)
#
BLOCK SBOTMIX  # Sbottom Mixing Matrix
  1  1     9.93672467E-01   # cos(theta_b)
  1  2     1.12316643E-01   # sin(theta_b)
  2  1    -1.12316643E-01   # -sin(theta_b)
  2  2     9.93672467E-01   # cos(theta_b)
#
BLOCK STAUMIX  # Stau Mixing Matrix
  1  1     4.10147214E-02   # cos(theta_tau)
  1  2     9.99158542E-01   # sin(theta_tau)
  2  1    -9.99158542E-01   # -sin(theta_tau)
  2  2     4.10147214E-02   # cos(theta_tau)
#
BLOCK ALPHA  # Higgs mixing
          -2.17718005E-02   # Mixing angle in the neutral Higgs boson sector
#
BLOCK HMIX Q=  9.87604422E+02  # DRbar Higgs Parameters
         1     2.32797007E+02   # mu(Q)MSSM           
         2     4.95574521E+01   # tan                 
         3     2.43102510E+02   # higgs               
         4     3.57231978E+05   # mA^2(Q)MSSM         
#
BLOCK GAUGE Q=  9.87604422E+02  # The gauge couplings
     1     3.62233415E-01   # gprime(Q) DRbar
     2     6.44425166E-01   # g(Q) DRbar
     3     1.06652740E+00   # g3(Q) DRbar
#
BLOCK AU Q=  9.87604422E+02  # The trilinear couplings
  1  1     0.00000000E+00   # A_u(Q) DRbar
  2  2     0.00000000E+00   # A_c(Q) DRbar
  3  3    -3.88704889E+02   # A_t(Q) DRbar
#
BLOCK AD Q=  9.87604422E+02  # The trilinear couplings
  1  1     0.00000000E+00   # A_d(Q) DRbar
  2  2     0.00000000E+00   # A_s(Q) DRbar
  3  3    -4.52308851E+02   # A_b(Q) DRbar
#
BLOCK AE Q=  9.87604422E+02  # The trilinear couplings
  1  1     0.00000000E+00   # A_e(Q) DRbar
  2  2     0.00000000E+00   # A_mu(Q) DRbar
  3  3    -3.93231704E+01   # A_tau(Q) DRbar
#
BLOCK Yu Q=  9.87604422E+02  # The Yukawa couplings
  1  1     0.00000000E+00   # y_u(Q) DRbar
  2  2     0.00000000E+00   # y_c(Q) DRbar
  3  3     8.60926248E-01   # y_t(Q) DRbar
#
BLOCK Yd Q=  9.87604422E+02  # The Yukawa couplings
  1  1     0.00000000E+00   # y_d(Q) DRbar
  2  2     0.00000000E+00   # y_s(Q) DRbar
  3  3     6.83295625E-01   # y_b(Q) DRbar
#
BLOCK Ye Q=  9.87604422E+02  # The Yukawa couplings
  1  1     0.00000000E+00   # y_e(Q) DRbar
  2  2     0.00000000E+00   # y_mu(Q) DRbar
  3  3     5.12665038E-01   # y_tau(Q) DRbar
#
BLOCK MSOFT Q=  9.87604422E+02  # The soft SUSY breaking masses at the scale Q
         1     9.58430396E+01   # M_1(Q)              
         2     1.79000066E+02   # M_2(Q)              
         3     5.18389292E+02   # M_3(Q)              
        21     2.63967633E+05   # mH1^2(Q)            
        22    -3.54980979E+04   # mH2^2(Q)            
        31     1.45049316E+03   # meL(Q)              
        32     1.45049316E+03   # mmuL(Q)             
        33     1.27112261E+03   # mtauL(Q)            
        34     1.44957812E+03   # meR(Q)              
        35     1.44957812E+03   # mmuR(Q)             
        36     1.05703133E+03   # mtauR(Q)            
        41     1.49086840E+03   # mqL1(Q)             
        42     1.49086840E+03   # mqL2(Q)             
        43     1.04865037E+03   # mqL3(Q)             
        44     1.49098535E+03   # muR(Q)              
        45     1.49098535E+03   # mcR(Q)              
        46     9.12538841E+02   # mtR(Q)              
        47     1.49017257E+03   # mdR(Q)              
        48     1.49017257E+03   # msR(Q)              
        49     1.15994356E+03   # mbR(Q)              
#
#
#
#                             =================
#                             |The decay table|
#                             =================
#
# - The QCD corrections to the decays gluino -> squark  + quark
#                                     squark -> gaugino + quark_prime
#                                     squark -> squark_prime + Higgs
#                                     squark -> gluino  + quark
#   are included.
#
# - The multi-body decays for the inos, stops and sbottoms are included.
#
# - The loop induced decays for the gluino, neutralinos and stops
#   are included.
#
# - The SUSY decays of the top quark are included.
#
#
#         PDG            Width
DECAY         6     1.44187690E+00   # top decays
#          BR         NDA      ID1       ID2
     1.00000000E+00    2           5        24   # BR(t ->  b    W+)
#
#         PDG            Width
DECAY   1000021     2.13210248E-03   # gluino decays
#          BR         NDA      ID1       ID2
     5.89074386E-04    2     1000022        21   # BR(~g -> ~chi_10 g)
     6.82158132E-03    2     1000023        21   # BR(~g -> ~chi_20 g)
     3.23370389E-02    2     1000025        21   # BR(~g -> ~chi_30 g)
     1.65995450E-02    2     1000035        21   # BR(~g -> ~chi_40 g)
#           BR         NDA      ID1       ID2       ID3
     4.92622209E-03    3     1000022         1        -1   # BR(~g -> ~chi_10 d  db)
     1.18224088E-02    3     1000023         1        -1   # BR(~g -> ~chi_20 d  db)
     1.04482271E-04    3     1000025         1        -1   # BR(~g -> ~chi_30 d  db)
     2.76025435E-03    3     1000035         1        -1   # BR(~g -> ~chi_40 d  db)
     1.29879233E-02    3     1000022         2        -2   # BR(~g -> ~chi_10 u  ub)
     1.50118777E-02    3     1000023         2        -2   # BR(~g -> ~chi_20 u  ub)
     8.06250052E-05    3     1000025         2        -2   # BR(~g -> ~chi_30 u  ub)
     2.35609488E-03    3     1000035         2        -2   # BR(~g -> ~chi_40 u  ub)
     4.92622209E-03    3     1000022         3        -3   # BR(~g -> ~chi_10 s  sb)
     1.18224088E-02    3     1000023         3        -3   # BR(~g -> ~chi_20 s  sb)
     1.04482271E-04    3     1000025         3        -3   # BR(~g -> ~chi_30 s  sb)
     2.76025435E-03    3     1000035         3        -3   # BR(~g -> ~chi_40 s  sb)
     1.29879233E-02    3     1000022         4        -4   # BR(~g -> ~chi_10 c  cb)
     1.50118777E-02    3     1000023         4        -4   # BR(~g -> ~chi_20 c  cb)
     8.06250052E-05    3     1000025         4        -4   # BR(~g -> ~chi_30 c  cb)
     2.35609488E-03    3     1000035         4        -4   # BR(~g -> ~chi_40 c  cb)
     5.32521977E-02    3     1000022         5        -5   # BR(~g -> ~chi_10 b  bb)
     1.39913571E-01    3     1000023         5        -5   # BR(~g -> ~chi_20 b  bb)
     1.03142705E-01    3     1000025         5        -5   # BR(~g -> ~chi_30 b  bb)
     5.85066180E-02    3     1000035         5        -5   # BR(~g -> ~chi_40 b  bb)
     1.26412023E-02    3     1000022         6        -6   # BR(~g -> ~chi_10 t  tb)
     8.68733020E-03    3     1000023         6        -6   # BR(~g -> ~chi_20 t  tb)
     1.13983153E-03    3     1000025         6        -6   # BR(~g -> ~chi_30 t  tb)
     2.66324862E-02    3     1000024         1        -2   # BR(~g -> ~chi_1+ d  ub)
     2.66324862E-02    3    -1000024         2        -1   # BR(~g -> ~chi_1- u  db)
     5.14172351E-03    3     1000037         1        -2   # BR(~g -> ~chi_2+ d  ub)
     5.14172351E-03    3    -1000037         2        -1   # BR(~g -> ~chi_2- u  db)
     2.66324862E-02    3     1000024         3        -4   # BR(~g -> ~chi_1+ s  cb)
     2.66324862E-02    3    -1000024         4        -3   # BR(~g -> ~chi_1- c  sb)
     5.14172351E-03    3     1000037         3        -4   # BR(~g -> ~chi_2+ s  cb)
     5.14172351E-03    3    -1000037         4        -3   # BR(~g -> ~chi_2- c  sb)
     8.40637089E-02    3     1000024         5        -6   # BR(~g -> ~chi_1+ b  tb)
     8.40637089E-02    3    -1000024         6        -5   # BR(~g -> ~chi_1- t  bb)
     8.55226356E-02    3     1000037         5        -6   # BR(~g -> ~chi_2+ b  tb)
     8.55226356E-02    3    -1000037         6        -5   # BR(~g -> ~chi_2- t  bb)
#
#         PDG            Width
DECAY   1000006     4.76868715E+01   # stop1 decays
#          BR         NDA      ID1       ID2
     4.01831665E-02    2     1000022         6   # BR(~t_1 -> ~chi_10 t )
     4.15216226E-02    2     1000023         6   # BR(~t_1 -> ~chi_20 t )
     1.30272825E-01    2     1000025         6   # BR(~t_1 -> ~chi_30 t )
     5.91081565E-02    2     1000035         6   # BR(~t_1 -> ~chi_40 t )
     1.04205147E-01    2     1000024         5   # BR(~t_1 -> ~chi_1+ b )
     1.42082395E-01    2     1000037         5   # BR(~t_1 -> ~chi_2+ b )
     4.82626687E-01    2     1000021         6   # BR(~t_1 -> ~g      t )
#
#         PDG            Width
DECAY   2000006     6.40975431E+01   # stop2 decays
#          BR         NDA      ID1       ID2
     1.20122013E-03    2     1000022         6   # BR(~t_2 -> ~chi_10 t )
     4.76037009E-02    2     1000023         6   # BR(~t_2 -> ~chi_20 t )
     9.63623880E-02    2     1000025         6   # BR(~t_2 -> ~chi_30 t )
     1.22530542E-01    2     1000035         6   # BR(~t_2 -> ~chi_40 t )
     1.21327389E-01    2     1000024         5   # BR(~t_2 -> ~chi_1+ b )
     1.33776343E-01    2     1000037         5   # BR(~t_2 -> ~chi_2+ b )
     4.71127821E-01    2     1000021         6   # BR(~t_2 -> ~g      t )
     3.13156058E-03    2     1000006        25   # BR(~t_2 -> ~t_1    h )
     2.93903532E-03    2     1000006        23   # BR(~t_2 -> ~t_1    Z )
#
#         PDG            Width
DECAY   1000005     6.99257819E+01   # sbottom1 decays
#          BR         NDA      ID1       ID2
     1.57744512E-02    2     1000022         5   # BR(~b_1 -> ~chi_10 b )
     6.51919534E-02    2     1000023         5   # BR(~b_1 -> ~chi_20 b )
     5.63183694E-02    2     1000025         5   # BR(~b_1 -> ~chi_30 b )
     4.42103139E-02    2     1000035         5   # BR(~b_1 -> ~chi_40 b )
     1.10145172E-01    2    -1000024         6   # BR(~b_1 -> ~chi_1- t )
     1.84714060E-01    2    -1000037         6   # BR(~b_1 -> ~chi_2- t )
     5.19638189E-01    2     1000021         5   # BR(~b_1 -> ~g      b )
     4.00749078E-03    2     1000006       -24   # BR(~b_1 -> ~t_1    W-)
#
#         PDG            Width
DECAY   2000005     6.78012220E+01   # sbottom2 decays
#          BR         NDA      ID1       ID2
     1.48476297E-02    2     1000022         5   # BR(~b_2 -> ~chi_10 b )
     2.39591121E-02    2     1000023         5   # BR(~b_2 -> ~chi_20 b )
     7.03738822E-02    2     1000025         5   # BR(~b_2 -> ~chi_30 b )
     4.61221061E-02    2     1000035         5   # BR(~b_2 -> ~chi_40 b )
     5.02670406E-02    2    -1000024         6   # BR(~b_2 -> ~chi_1- t )
     9.39168412E-02    2    -1000037         6   # BR(~b_2 -> ~chi_2- t )
     6.99622961E-01    2     1000021         5   # BR(~b_2 -> ~g      b )
     8.91655856E-05    2     1000005        25   # BR(~b_2 -> ~b_1    h )
     1.70275996E-04    2     1000005        23   # BR(~b_2 -> ~b_1    Z )
     4.85440450E-04    2     1000006       -24   # BR(~b_2 -> ~t_1    W-)
     1.45545300E-04    2     2000006       -24   # BR(~b_2 -> ~t_2    W-)
#
#         PDG            Width
DECAY   1000002     9.50985150E+01   # sup_L decays
#          BR         NDA      ID1       ID2
     5.49344505E-04    2     1000022         2   # BR(~u_L -> ~chi_10 u)
     4.53945523E-02    2     1000023         2   # BR(~u_L -> ~chi_20 u)
     7.73214183E-04    2     1000025         2   # BR(~u_L -> ~chi_30 u)
     1.66830450E-02    2     1000035         2   # BR(~u_L -> ~chi_40 u)
     9.80614401E-02    2     1000024         1   # BR(~u_L -> ~chi_1+ d)
     2.48251001E-02    2     1000037         1   # BR(~u_L -> ~chi_2+ d)
     8.13713304E-01    2     1000021         2   # BR(~u_L -> ~g      u)
#
#         PDG            Width
DECAY   2000002     8.07849597E+01   # sup_R decays
#          BR         NDA      ID1       ID2
     3.81561696E-02    2     1000022         2   # BR(~u_R -> ~chi_10 u)
     1.99417738E-03    2     1000023         2   # BR(~u_R -> ~chi_20 u)
     3.27861489E-04    2     1000025         2   # BR(~u_R -> ~chi_30 u)
     9.17075403E-04    2     1000035         2   # BR(~u_R -> ~chi_40 u)
     9.58604716E-01    2     1000021         2   # BR(~u_R -> ~g      u)
#
#         PDG            Width
DECAY   1000001     9.53690155E+01   # sdown_L decays
#          BR         NDA      ID1       ID2
     4.42895715E-03    2     1000022         1   # BR(~d_L -> ~chi_10 d)
     3.70408911E-02    2     1000023         1   # BR(~d_L -> ~chi_20 d)
     1.30660917E-03    2     1000025         1   # BR(~d_L -> ~chi_30 d)
     2.04810803E-02    2     1000035         1   # BR(~d_L -> ~chi_40 d)
     6.97347123E-02    2    -1000024         2   # BR(~d_L -> ~chi_1- u)
     5.19881389E-02    2    -1000037         2   # BR(~d_L -> ~chi_2- u)
     8.15019611E-01    2     1000021         1   # BR(~d_L -> ~g      d)
#
#         PDG            Width
DECAY   2000001     7.82519419E+01   # sdown_R decays
#          BR         NDA      ID1       ID2
     9.84603785E-03    2     1000022         1   # BR(~d_R -> ~chi_10 d)
     5.14586718E-04    2     1000023         1   # BR(~d_R -> ~chi_20 d)
     8.46020242E-05    2     1000025         1   # BR(~d_R -> ~chi_30 d)
     2.36642669E-04    2     1000035         1   # BR(~d_R -> ~chi_40 d)
     9.89318131E-01    2     1000021         1   # BR(~d_R -> ~g      d)
#
#         PDG            Width
DECAY   1000004     9.50985150E+01   # scharm_L decays
#          BR         NDA      ID1       ID2
     5.49344505E-04    2     1000022         4   # BR(~c_L -> ~chi_10 c)
     4.53945523E-02    2     1000023         4   # BR(~c_L -> ~chi_20 c)
     7.73214183E-04    2     1000025         4   # BR(~c_L -> ~chi_30 c)
     1.66830450E-02    2     1000035         4   # BR(~c_L -> ~chi_40 c)
     9.80614401E-02    2     1000024         3   # BR(~c_L -> ~chi_1+ s)
     2.48251001E-02    2     1000037         3   # BR(~c_L -> ~chi_2+ s)
     8.13713304E-01    2     1000021         4   # BR(~c_L -> ~g      c)
#
#         PDG            Width
DECAY   2000004     8.07849597E+01   # scharm_R decays
#          BR         NDA      ID1       ID2
     3.81561696E-02    2     1000022         4   # BR(~c_R -> ~chi_10 c)
     1.99417738E-03    2     1000023         4   # BR(~c_R -> ~chi_20 c)
     3.27861489E-04    2     1000025         4   # BR(~c_R -> ~chi_30 c)
     9.17075403E-04    2     1000035         4   # BR(~c_R -> ~chi_40 c)
     9.58604716E-01    2     1000021         4   # BR(~c_R -> ~g      c)
#
#         PDG            Width
DECAY   1000003     9.53690155E+01   # sstrange_L decays
#          BR         NDA      ID1       ID2
     4.42895715E-03    2     1000022         3   # BR(~s_L -> ~chi_10 s)
     3.70408911E-02    2     1000023         3   # BR(~s_L -> ~chi_20 s)
     1.30660917E-03    2     1000025         3   # BR(~s_L -> ~chi_30 s)
     2.04810803E-02    2     1000035         3   # BR(~s_L -> ~chi_40 s)
     6.97347123E-02    2    -1000024         4   # BR(~s_L -> ~chi_1- c)
     5.19881389E-02    2    -1000037         4   # BR(~s_L -> ~chi_2- c)
     8.15019611E-01    2     1000021         3   # BR(~s_L -> ~g      s)
#
#         PDG            Width
DECAY   2000003     7.82519419E+01   # sstrange_R decays
#          BR         NDA      ID1       ID2
     9.84603785E-03    2     1000022         3   # BR(~s_R -> ~chi_10 s)
     5.14586718E-04    2     1000023         3   # BR(~s_R -> ~chi_20 s)
     8.46020242E-05    2     1000025         3   # BR(~s_R -> ~chi_30 s)
     2.36642669E-04    2     1000035         3   # BR(~s_R -> ~chi_40 s)
     9.89318131E-01    2     1000021         3   # BR(~s_R -> ~g      s)
#
#         PDG            Width
DECAY   1000011     1.91428294E+01   # selectron_L decays
#          BR         NDA      ID1       ID2
     6.38812773E-02    2     1000022        11   # BR(~e_L -> ~chi_10 e-)
     2.69887174E-01    2     1000023        11   # BR(~e_L -> ~chi_20 e-)
     1.86017895E-03    2     1000025        11   # BR(~e_L -> ~chi_30 e-)
     6.49645638E-02    2     1000035        11   # BR(~e_L -> ~chi_40 e-)
     3.44900655E-01    2    -1000024        12   # BR(~e_L -> ~chi_1- nu_e)
     2.54506151E-01    2    -1000037        12   # BR(~e_L -> ~chi_2- nu_e)
#
#         PDG            Width
DECAY   2000011     7.49739287E+00   # selectron_R decays
#          BR         NDA      ID1       ID2
     9.22309668E-01    2     1000022        11   # BR(~e_R -> ~chi_10 e-)
     4.80055134E-02    2     1000023        11   # BR(~e_R -> ~chi_20 e-)
     7.83651736E-03    2     1000025        11   # BR(~e_R -> ~chi_30 e-)
     2.18483012E-02    2     1000035        11   # BR(~e_R -> ~chi_40 e-)
#
#         PDG            Width
DECAY   1000013     1.91428294E+01   # smuon_L decays
#          BR         NDA      ID1       ID2
     6.38812773E-02    2     1000022        13   # BR(~mu_L -> ~chi_10 mu-)
     2.69887174E-01    2     1000023        13   # BR(~mu_L -> ~chi_20 mu-)
     1.86017895E-03    2     1000025        13   # BR(~mu_L -> ~chi_30 mu-)
     6.49645638E-02    2     1000035        13   # BR(~mu_L -> ~chi_40 mu-)
     3.44900655E-01    2    -1000024        14   # BR(~mu_L -> ~chi_1- nu_mu)
     2.54506151E-01    2    -1000037        14   # BR(~mu_L -> ~chi_2- nu_mu)
#
#         PDG            Width
DECAY   2000013     7.49739287E+00   # smuon_R decays
#          BR         NDA      ID1       ID2
     9.22309668E-01    2     1000022        13   # BR(~mu_R -> ~chi_10 mu-)
     4.80055134E-02    2     1000023        13   # BR(~mu_R -> ~chi_20 mu-)
     7.83651736E-03    2     1000025        13   # BR(~mu_R -> ~chi_30 mu-)
     2.18483012E-02    2     1000035        13   # BR(~mu_R -> ~chi_40 mu-)
#
#         PDG            Width
DECAY   1000015     1.53986086E+01   # stau_1 decays
#          BR         NDA      ID1       ID2
     3.49277624E-01    2     1000022        15   # BR(~tau_1 -> ~chi_10  tau-)
     9.14210210E-02    2     1000023        15   # BR(~tau_1 -> ~chi_20  tau-)
     1.49188004E-01    2     1000025        15   # BR(~tau_1 -> ~chi_30  tau-)
     8.44824698E-02    2     1000035        15   # BR(~tau_1 -> ~chi_40  tau-)
     1.67212153E-01    2    -1000024        16   # BR(~tau_1 -> ~chi_1-  nu_tau)
     1.58418729E-01    2    -1000037        16   # BR(~tau_1 -> ~chi_2-  nu_tau)
#
#         PDG            Width
DECAY   2000015     2.27265495E+01   # stau_2 decays
#          BR         NDA      ID1       ID2
     6.20386085E-02    2     1000022        15   # BR(~tau_2 -> ~chi_10  tau-)
     2.45823310E-01    2     1000023        15   # BR(~tau_2 -> ~chi_20  tau-)
     1.30323508E-01    2     1000025        15   # BR(~tau_2 -> ~chi_30  tau-)
     1.25763603E-01    2     1000035        15   # BR(~tau_2 -> ~chi_40  tau-)
     2.37263674E-01    2    -1000024        16   # BR(~tau_2 -> ~chi_1-  nu_tau)
     1.96371315E-01    2    -1000037        16   # BR(~tau_2 -> ~chi_2-  nu_tau)
     1.29691572E-03    2     1000015        25   # BR(~tau_2 -> ~tau_1   h)
     1.11906643E-03    2     1000015        23   # BR(~tau_2 -> ~tau_1   Z)
#
#         PDG            Width
DECAY   1000012     1.91884127E+01   # snu_eL decays
#          BR         NDA      ID1       ID2
     1.21130747E-01    2     1000022        12   # BR(~nu_eL -> ~chi_10 nu_e)
     1.45448785E-01    2     1000023        12   # BR(~nu_eL -> ~chi_20 nu_e)
     9.67318264E-03    2     1000025        12   # BR(~nu_eL -> ~chi_30 nu_e)
     1.20161773E-01    2     1000035        12   # BR(~nu_eL -> ~chi_40 nu_e)
     4.82646550E-01    2     1000024        11   # BR(~nu_eL -> ~chi_1+ e-)
     1.20938962E-01    2     1000037        11   # BR(~nu_eL -> ~chi_2+ e-)
#
#         PDG            Width
DECAY   1000014     1.91884127E+01   # snu_muL decays
#          BR         NDA      ID1       ID2
     1.21130747E-01    2     1000022        14   # BR(~nu_muL -> ~chi_10 nu_mu)
     1.45448785E-01    2     1000023        14   # BR(~nu_muL -> ~chi_20 nu_mu)
     9.67318264E-03    2     1000025        14   # BR(~nu_muL -> ~chi_30 nu_mu)
     1.20161773E-01    2     1000035        14   # BR(~nu_muL -> ~chi_40 nu_mu)
     4.82646550E-01    2     1000024        13   # BR(~nu_muL -> ~chi_1+ mu-)
     1.20938962E-01    2     1000037        13   # BR(~nu_muL -> ~chi_2+ mu-)
#
#         PDG            Width
DECAY   1000016     2.28407178E+01   # snu_tauL decays
#          BR         NDA      ID1       ID2
     8.87646403E-02    2     1000022        16   # BR(~nu_tauL -> ~chi_10 nu_tau)
     1.06047143E-01    2     1000023        16   # BR(~nu_tauL -> ~chi_20 nu_tau)
     6.97586177E-03    2     1000025        16   # BR(~nu_tauL -> ~chi_30 nu_tau)
     8.61648672E-02    2     1000035        16   # BR(~nu_tauL -> ~chi_40 nu_tau)
     4.74832342E-01    2     1000024        15   # BR(~nu_tauL -> ~chi_1+ tau-)
     2.34935013E-01    2     1000037        15   # BR(~nu_tauL -> ~chi_2+ tau-)
     2.28013289E-03    2    -1000015       -24   # BR(~nu_tauL -> ~tau_1+ W-)
#
#         PDG            Width
DECAY   1000024     1.68148396E-04   # chargino1+ decays
#           BR         NDA      ID1       ID2       ID3
     3.33999505E-01    3     1000022         2        -1   # BR(~chi_1+ -> ~chi_10 u    db)
     3.33999505E-01    3     1000022         4        -3   # BR(~chi_1+ -> ~chi_10 c    sb)
     1.10756481E-01    3     1000022       -11        12   # BR(~chi_1+ -> ~chi_10 e+   nu_e)
     1.10756481E-01    3     1000022       -13        14   # BR(~chi_1+ -> ~chi_10 mu+  nu_mu)
     1.10488028E-01    3     1000022       -15        16   # BR(~chi_1+ -> ~chi_10 tau+ nu_tau)
#
#         PDG            Width
DECAY   1000037     4.78025121E-01   # chargino2+ decays
#          BR         NDA      ID1       ID2
     2.98126448E-01    2     1000024        23   # BR(~chi_2+ -> ~chi_1+  Z )
     1.13254337E-01    2     1000022        24   # BR(~chi_2+ -> ~chi_10  W+)
     5.45302703E-01    2     1000023        24   # BR(~chi_2+ -> ~chi_20  W+)
     4.33165133E-02    2     1000024        25   # BR(~chi_2+ -> ~chi_1+  h )
#
#         PDG            Width
DECAY   1000022     0.00000000E+00   # neutralino1 decays
#
#         PDG            Width
DECAY   1000023     2.78774016E-05   # neutralino2 decays
#          BR         NDA      ID1       ID2
     1.97184956E-03    2     1000022        22   # BR(~chi_20 -> ~chi_10 gam)
#           BR         NDA      ID1       ID2       ID3
     1.17440666E-01    3     1000022        -2         2   # BR(~chi_20 -> ~chi_10 ub      u)
     1.52516852E-01    3     1000022        -1         1   # BR(~chi_20 -> ~chi_10 db      d)
     1.17440666E-01    3     1000022        -4         4   # BR(~chi_20 -> ~chi_10 cb      c)
     1.52516852E-01    3     1000022        -3         3   # BR(~chi_20 -> ~chi_10 sb      s)
     1.56162891E-01    3     1000022        -5         5   # BR(~chi_20 -> ~chi_10 bb      b)
     3.32207461E-02    3     1000022       -11        11   # BR(~chi_20 -> ~chi_10 e+      e-)
     3.32207461E-02    3     1000022       -13        13   # BR(~chi_20 -> ~chi_10 mu+     mu-)
     3.42024041E-02    3     1000022       -15        15   # BR(~chi_20 -> ~chi_10 tau+    tau-)
     6.72587734E-02    3     1000022       -12        12   # BR(~chi_20 -> ~chi_10 nu_eb   nu_e)
     6.72587734E-02    3     1000022       -14        14   # BR(~chi_20 -> ~chi_10 nu_mub  nu_mu)
     6.67886999E-02    3     1000022       -16        16   # BR(~chi_20 -> ~chi_10 nu_taub nu_tau)
     1.48288931E-08    3     1000024        -2         1   # BR(~chi_20 -> ~chi_1+ ub      d)
     1.48288931E-08    3    -1000024        -1         2   # BR(~chi_20 -> ~chi_1- db      u)
     1.48288931E-08    3     1000024        -4         3   # BR(~chi_20 -> ~chi_1+ cb      s)
     1.48288931E-08    3    -1000024        -3         4   # BR(~chi_20 -> ~chi_1- sb      c)
     4.94363511E-09    3     1000024       -12        11   # BR(~chi_20 -> ~chi_1+ nu_eb   e-)
     4.94363511E-09    3    -1000024        12       -11   # BR(~chi_20 -> ~chi_1- nu_e    e+)
     4.94363511E-09    3     1000024       -14        13   # BR(~chi_20 -> ~chi_1+ nu_mub  mu-)
     4.94363511E-09    3    -1000024        14       -13   # BR(~chi_20 -> ~chi_1- nu_mu   mu+)
#
#         PDG            Width
DECAY   1000025     2.06546796E-01   # neutralino3 decays
#          BR         NDA      ID1       ID2
     5.38268311E-01    2     1000022        23   # BR(~chi_30 -> ~chi_10   Z )
     2.04616313E-01    2     1000024       -24   # BR(~chi_30 -> ~chi_1+   W-)
     2.04616313E-01    2    -1000024        24   # BR(~chi_30 -> ~chi_1-   W+)
     5.24990635E-02    2     1000022        25   # BR(~chi_30 -> ~chi_10   h )
#
#         PDG            Width
DECAY   1000035     6.57098422E-01   # neutralino4 decays
#          BR         NDA      ID1       ID2
     4.16606296E-02    2     1000022        23   # BR(~chi_40 -> ~chi_10   Z )
     8.04690880E-03    2     1000023        23   # BR(~chi_40 -> ~chi_20   Z )
     4.10777595E-01    2     1000024       -24   # BR(~chi_40 -> ~chi_1+   W-)
     4.10777595E-01    2    -1000024        24   # BR(~chi_40 -> ~chi_1-   W+)
     1.02652577E-01    2     1000022        25   # BR(~chi_40 -> ~chi_10   h )
     2.60846945E-02    2     1000023        25   # BR(~chi_40 -> ~chi_20   h )
#
#         PDG            Width
DECAY        26     3.47173552E-03   # h decays
#          BR         NDA      ID1       ID2
     7.57568864E-01    2           5        -5   # BR(h -> b       bb     )
     7.93831513E-02    2         -15        15   # BR(h -> tau+    tau-   )
     2.81053260E-04    2         -13        13   # BR(h -> mu+     mu-    )
     6.05744375E-04    2           3        -3   # BR(h -> s       sb     )
     2.26975476E-02    2           4        -4   # BR(h -> c       cb     )
     6.16831717E-02    2          21        21   # BR(h -> g       g      )
     1.88369419E-03    2          22        22   # BR(h -> gam     gam    )
     5.87078812E-04    2          22        23   # BR(h -> Z       gam    )
     6.84272637E-02    2          24       -24   # BR(h -> W+      W-     )
     6.88243093E-03    2          23        23   # BR(h -> Z       Z      )
#
#         PDG            Width
DECAY        35     2.25053250E+01   # H decays
#          BR         NDA      ID1       ID2
     7.82622850E-01    2           5        -5   # BR(H -> b       bb     )
     1.20676904E-01    2         -15        15   # BR(H -> tau+    tau-   )
     4.26664064E-04    2         -13        13   # BR(H -> mu+     mu-    )
     6.76286378E-04    2           3        -3   # BR(H -> s       sb     )
     5.83691114E-09    2           4        -4   # BR(H -> c       cb     )
     3.24094440E-04    2           6        -6   # BR(H -> t       tb     )
     2.09500356E-04    2          21        21   # BR(H -> g       g      )
     4.76142264E-07    2          22        22   # BR(H -> gam     gam    )
     5.54667367E-08    2          23        22   # BR(H -> Z       gam    )
     4.92663372E-06    2          24       -24   # BR(H -> W+      W-     )
     2.36955928E-06    2          23        23   # BR(H -> Z       Z      )
     1.66963155E-05    2          25        25   # BR(H -> h       h      )
     3.55020537E-02    2     1000024  -1000024   # BR(H -> ~chi_1+ ~chi_1-)
     2.73569476E-02    2     1000024  -1000037   # BR(H -> ~chi_1+ ~chi_2-)
     2.73569476E-02    2     1000037  -1000024   # BR(H -> ~chi_2+ ~chi_1-)
     3.34909500E-03    2     1000022   1000022   # BR(H -> ~chi_10 ~chi_10)
     8.54509607E-05    2     1000023   1000023   # BR(H -> ~chi_20 ~chi_20)
     5.98770500E-08    2     1000025   1000025   # BR(H -> ~chi_30 ~chi_30)
     1.12800546E-03    2     1000022   1000023   # BR(H -> ~chi_10 ~chi_20)
     1.47354650E-04    2     1000022   1000025   # BR(H -> ~chi_10 ~chi_30)
     7.23194024E-05    2     1000022   1000035   # BR(H -> ~chi_10 ~chi_40)
     3.14958241E-05    2     1000023   1000025   # BR(H -> ~chi_20 ~chi_30)
     9.33632111E-06    2     1000023   1000035   # BR(H -> ~chi_20 ~chi_40)
     1.04351860E-07    2     1000025   1000035   # BR(H -> ~chi_30 ~chi_40)
#
#         PDG            Width
DECAY        36     2.23407199E+01   # A decays
#          BR         NDA      ID1       ID2
     7.88553995E-01    2           5        -5   # BR(A -> b       bb     )
     1.21606085E-01    2         -15        15   # BR(A -> tau+    tau-   )
     4.29930260E-04    2         -13        13   # BR(A -> mu+     mu-    )
     6.81457663E-04    2           3        -3   # BR(A -> s       sb     )
     5.09603056E-09    2           4        -4   # BR(A -> c       cb     )
     4.42617294E-04    2           6        -6   # BR(A -> t       tb     )
     2.30792922E-04    2          21        21   # BR(A -> g       g      )
     4.40567325E-07    2          22        22   # BR(A -> gam     gam    )
     5.68290791E-08    2          23        22   # BR(A -> Z       gam    )
     4.45937008E-06    2          23        25   # BR(A -> Z       h      )
     5.78321616E-02    2     1000024  -1000024   # BR(A -> ~chi_1+ ~chi_1-)
     1.21796544E-02    2     1000024  -1000037   # BR(A -> ~chi_1+ ~chi_2-)
     1.21796544E-02    2     1000037  -1000024   # BR(A -> ~chi_2+ ~chi_1-)
     3.94890677E-03    2     1000022   1000022   # BR(A -> ~chi_10 ~chi_10)
     1.41212057E-04    2     1000023   1000023   # BR(A -> ~chi_20 ~chi_20)
     3.83374391E-07    2     1000025   1000025   # BR(A -> ~chi_30 ~chi_30)
     1.49645436E-03    2     1000022   1000023   # BR(A -> ~chi_10 ~chi_20)
     9.14273482E-05    2     1000022   1000025   # BR(A -> ~chi_10 ~chi_30)
     1.36678810E-04    2     1000022   1000035   # BR(A -> ~chi_10 ~chi_40)
     1.29423248E-05    2     1000023   1000025   # BR(A -> ~chi_20 ~chi_30)
     3.06821836E-05    2     1000023   1000035   # BR(A -> ~chi_20 ~chi_40)
     2.74063586E-09    2     1000025   1000035   # BR(A -> ~chi_30 ~chi_40)
#
#         PDG            Width
DECAY        37     2.09436549E+01   # H+ decays
#          BR         NDA      ID1       ID2
     1.46653128E-03    2           4        -5   # BR(H+ -> c       bb     )
     1.31354461E-01    2         -15        16   # BR(H+ -> tau+    nu_tau )
     4.64394745E-04    2         -13        14   # BR(H+ -> mu+     nu_mu  )
     9.38551900E-06    2           2        -5   # BR(H+ -> u       bb     )
     3.49233928E-05    2           2        -3   # BR(H+ -> u       sb     )
     7.18292875E-04    2           4        -3   # BR(H+ -> c       sb     )
     8.37306490E-01    2           6        -5   # BR(H+ -> t       bb     )
     5.08481314E-06    2          24        25   # BR(H+ -> W+      h      )
     8.57406802E-10    2          24        36   # BR(H+ -> W+      A      )
     2.49012582E-02    2     1000024   1000022   # BR(H+ -> ~chi_1+ ~chi_10)
     2.91381414E-04    2     1000024   1000023   # BR(H+ -> ~chi_1+ ~chi_20)
     5.68764594E-04    2     1000024   1000025   # BR(H+ -> ~chi_1+ ~chi_30)
     1.56163927E-03    2     1000024   1000035   # BR(H+ -> ~chi_1+ ~chi_40)
     5.38743001E-04    2     1000037   1000022   # BR(H+ -> ~chi_2+ ~chi_10)
     7.75865064E-04    2     1000037   1000023   # BR(H+ -> ~chi_2+ ~chi_20)
     2.78373747E-06    2     1000037   1000025   # BR(H+ -> ~chi_2+ ~chi_30)
