#  ISAJET decay tables in SUSY Les Houches accord format
#  Created by ISALHD. Last revision: C. Balazs, 2005 May 25
Block DCINFO   # Program information
    1             ISASUGRA from ISAJET          # Spectrum Calculator
    2   7.69   21-AUG-2003 11:39:06             # Version number
#  SUSY parameters in Les Houches accord format
Block MODSEL   # Model selection
    1    2   #  Minimal gauge mediated (GMSB) model              
Block MINPAR   # Input parameters
    1    1.200000000E+05   # Lambda
    2    2.400000000E+05   # M_mes
    3    3.000000000E+00   # N_5
    4    1.000000000E+01   # tan(beta
    5    1.000000000E+00   # sgn(mu)
    6    1.740000000E+02   # M_t
    7    1.000000000E+04   # C_grav
Block EXTPAR    # Input parameters - non-minimal models
    8    1.000000000E+00   # Rsl
    9    0.000000000E+00   # dmH_d^2
   10    0.000000000E+00   # dmH_u^2
   11    0.000000000E+00   # d_Y
   12    3.000000000E+00   # N5_1
   13    3.000000000E+00   # N5_2
   14    3.000000000E+00   # N5_3
#  
Block MASS   # Scalar and gaugino mass spectrum
#  PDG code   mass                 particle
         6    1.740000000E+02   #  top            
        25    1.184844894E+02   #  h^0            
        35    1.098315430E+03   #  H^0            
        36    1.090965210E+03   #  A^0            
        37    1.101100586E+03   #  H^+            
   1000001    2.476960938E+03   #  dnl            
   1000002    2.475597412E+03   #  upl            
   1000003    2.476960938E+03   #  stl            
   1000004    2.475597900E+03   #  chl            
   1000005    2.368022949E+03   #  b1             
   1000006    2.209435547E+03   #  t1             
   1000011    7.800981445E+02   #  el-            
   1000012    7.661256104E+02   #  nuel           
   1000013    7.800982056E+02   #  mul-           
   1000014    7.661256104E+02   #  numl           
   1000015    3.697484741E+02   #  tau1           
   1000016    7.655803833E+02   #  nutl           
   1000021    2.575250977E+03   #  glss           
   1000022    5.000032349E+02   #  z1ss           
   1000023    7.790526123E+02   #  z2ss           
   1000024    7.899760132E+02   #  w1ss           
   1000025   -7.926208496E+02   #  z3ss           
   1000035    1.003397705E+03   #  z4ss           
   1000037    9.899130249E+02   #  w2ss           
   2000001    2.368730713E+03   #  dnr            
   2000002    2.377744629E+03   #  upr            
   2000003    2.368730713E+03   #  str            
   2000004    2.377745117E+03   #  chr            
   2000005    2.394504395E+03   #  b2             
   2000006    2.411706543E+03   #  t2             
   2000011    3.739738464E+02   #  er-            
   2000013    3.739738770E+02   #  mur-           
   2000015    7.795130005E+02   #  tau2           
   1000039    6.928203220E-05   # gravitino       
Block ALPHA   # Higgs mixing
    1   -1.014662236E-01   # alpha
Block HMIX Q= 2.278850830E+03   # Higgs parameters
    1    7.808151855E+02   # mu
Block STOPMIX   # stop mixing matrix
  1  1    1.213478670E-01
  1  2   -9.926100373E-01
  2  1    9.926100373E-01
  2  2    1.213478670E-01
Block SBOTMIX   # sbottom mixing matrix
  1  1    1.474732161E-01
  1  2   -9.890660644E-01
  2  1    9.890660644E-01
  2  2    1.474732161E-01
Block STAUMIX   # stau mixing matrix
  1  1    2.383991331E-02
  1  2   -9.997158051E-01
  2  1    9.997158051E-01
  2  2    2.383991331E-02
Block NMIX   # neutralino mixing matrix
  1  1    9.924306273E-01   # N_11
  1  2   -1.325221546E-02   # N_12
  1  3    9.958640486E-02   # N_13
  1  4   -7.062754035E-02   # N_14
  2  1   -1.194379330E-01   # N_21
  2  2   -2.779153883E-01   # N_22
  2  3    6.785492897E-01   # N_23
  2  4   -6.693795919E-01   # N_24
  3  1    2.008736879E-02   # N_31
  3  2   -2.707012184E-02   # N_32
  3  3   -7.056981921E-01   # N_33
  3  4   -7.077103853E-01   # N_34
  4  1    2.030756883E-02   # N_41
  4  2   -9.601327181E-01   # N_42
  4  3   -1.778875291E-01   # N_43
  4  4    2.146836072E-01   # N_44
Block UMIX   # chargino U mixing matrix
  1  1   -2.625870705E-01
  1  2    9.649083018E-01
  2  1   -9.649083018E-01
  2  2   -2.625870705E-01
Block VMIX   # chargino V mixing matrix
  1  1   -3.182803094E-01
  1  2    9.479966164E-01
  2  1   -9.479966164E-01
  2  2   -3.182803094E-01
Block AU Q= 2.278850830E+03   #  The trilinear couplings
  3  3   -8.246131592E+02    7.199401757+165   #
Block AD Q= 2.278850830E+03   #  The trilinear couplings
  3  3   -9.086253662E+02    3.580431530+252   #
Block AE Q= 2.278850830E+03   #  The trilinear couplings
  3  3   -1.311139374E+02    1.456328742E+45   #
Block SPINFO   # Program information
    1                                ISASUGRA   # Spectrum Calculator
    2    ISAJET     V7.69   21-AUG-2003 11:39   # Version number
#         PDG         Width
DECAY         6  1.18783092E+00   # TP    decays
#          BR          NDA       ID1     ID2       ID3       ID4
      3.33333343E-01    3            2        -1         5             # TP     -->  UP     DB     BT          
      3.33333343E-01    3            4        -3         5             # TP     -->  CH     SB     BT          
      1.11111112E-01    3          -11        12         5             # TP     -->  E+     NUE    BT          
      1.11111112E-01    3          -13        14         5             # TP     -->  MU+    NUM    BT          
      1.11111112E-01    3          -15        16         5             # TP     -->  TAU+   NUT    BT          
#         PDG         Width
DECAY   1000021  1.18956270E+01   # GLSS  decays
#          BR          NDA       ID1     ID2       ID3       ID4
      4.87754209E-04    3      1000024         5        -6             # GLSS   -->  W1SS+  BT     TB          
      4.87754209E-04    3     -1000024         6        -5             # GLSS   -->  W1SS-  TP     BB          
      6.30151900E-03    3      1000037         5        -6             # GLSS   -->  W2SS+  BT     TB          
      6.30151900E-03    3     -1000037         6        -5             # GLSS   -->  W2SS-  TP     BB          
      1.28903821E-06    2      1000022        21                       # GLSS   -->  Z1SS   GL                 
      3.39205842E-04    3      1000022         6        -6             # GLSS   -->  Z1SS   TP     TB          
      3.05849317E-05    2      1000023        21                       # GLSS   -->  Z2SS   GL                 
      1.00860214E-02    3      1000023         6        -6             # GLSS   -->  Z2SS   TP     TB          
      5.63537578E-05    2      1000025        21                       # GLSS   -->  Z3SS   GL                 
      1.09419255E-02    3      1000025         6        -6             # GLSS   -->  Z3SS   TP     TB          
      3.61934726E-05    2      1000035        21                       # GLSS   -->  Z4SS   GL                 
      8.21472239E-03    3      1000035         6        -6             # GLSS   -->  Z4SS   TP     TB          
      1.30860927E-02    2     -1000002         2                       # GLSS   -->  UBL    UP                 
      1.30860927E-02    2      1000002        -2                       # GLSS   -->  UPL    UB                 
      1.27373151E-02    2     -1000001         1                       # GLSS   -->  DBL    DN                 
      1.27373151E-02    2      1000001        -1                       # GLSS   -->  DNL    DB                 
      4.94303480E-02    2     -2000002         2                       # GLSS   -->  UBR    UP                 
      4.94303480E-02    2      2000002        -2                       # GLSS   -->  UPR    UB                 
      5.38486503E-02    2     -2000001         1                       # GLSS   -->  DBR    DN                 
      5.38486503E-02    2      2000001        -1                       # GLSS   -->  DNR    DB                 
      1.27372900E-02    2     -1000003         3                       # GLSS   -->  SBL    ST                 
      1.27372900E-02    2      1000003        -3                       # GLSS   -->  STL    SB                 
      5.38486242E-02    2     -2000003         3                       # GLSS   -->  SBR    ST                 
      5.38486242E-02    2      2000003        -3                       # GLSS   -->  STR    SB                 
      1.30848140E-02    2     -1000004         4                       # GLSS   -->  CBL    CH                 
      1.30848140E-02    2      1000004        -4                       # GLSS   -->  CHL    CB                 
      4.94290441E-02    2     -2000004         4                       # GLSS   -->  CBR    CH                 
      4.94290441E-02    2      2000004        -4                       # GLSS   -->  CHR    CB                 
      5.37909642E-02    2     -1000005         5                       # GLSS   -->  BB1    BT                 
      5.37909642E-02    2      1000005        -5                       # GLSS   -->  BT1    BB                 
      4.20115367E-02    2     -2000005         5                       # GLSS   -->  BB2    BT                 
      4.20115367E-02    2      2000005        -5                       # GLSS   -->  BT2    BB                 
      1.24352902E-01    2     -1000006         6                       # GLSS   -->  TB1    TP                 
      1.24352902E-01    2      1000006        -6                       # GLSS   -->  TP1    TB                 
      2.28378738E-15    2      1000039        21                       # GLSS   -->  GVSS   GL                 
#         PDG         Width
DECAY   1000002  2.26169968E+01   # UPL   decays
#          BR          NDA       ID1     ID2       ID3       ID4
      1.20457085E-02    2      1000022         2                       # UPL    -->  Z1SS   UP                 
      3.36148925E-02    2      1000023         2                       # UPL    -->  Z2SS   UP                 
      2.03036834E-04    2      1000025         2                       # UPL    -->  Z3SS   UP                 
      2.94352978E-01    2      1000035         2                       # UPL    -->  Z4SS   UP                 
      7.53053203E-02    2      1000024         1                       # UPL    -->  W1SS+  DN                 
      5.84478080E-01    2      1000037         1                       # UPL    -->  W2SS+  DN                 
#         PDG         Width
DECAY   1000001  2.25644722E+01   # DNL   decays
#          BR          NDA       ID1     ID2       ID3       ID4
      1.61794350E-02    2      1000022         1                       # DNL    -->  Z1SS   DN                 
      2.45937053E-02    2      1000023         1                       # DNL    -->  Z2SS   DN                 
      3.52023199E-04    2      1000025         1                       # DNL    -->  Z3SS   DN                 
      2.99941659E-01    2      1000035         1                       # DNL    -->  Z4SS   DN                 
      5.14173917E-02    2     -1000024         2                       # DNL    -->  W1SS-  UP                 
      6.07515812E-01    2     -1000037         2                       # DNL    -->  W2SS-  UP                 
#         PDG         Width
DECAY   1000003  2.25644608E+01   # STL   decays
#          BR          NDA       ID1     ID2       ID3       ID4
      1.61794443E-02    2      1000022         3                       # STL    -->  Z1SS   ST                 
      2.45937183E-02    2      1000023         3                       # STL    -->  Z2SS   ST                 
      3.52023402E-04    2      1000025         3                       # STL    -->  Z3SS   ST                 
      2.99941808E-01    2      1000035         3                       # STL    -->  Z4SS   ST                 
      5.14173843E-02    2     -1000024         4                       # STL    -->  W1SS-  CH                 
      6.07515633E-01    2     -1000037         4                       # STL    -->  W2SS-  CH                 
#         PDG         Width
DECAY   1000004  2.26169968E+01   # CHL   decays
#          BR          NDA       ID1     ID2       ID3       ID4
      1.20457029E-02    2      1000022         4                       # CHL    -->  Z1SS   CH                 
      3.36148739E-02    2      1000023         4                       # CHL    -->  Z2SS   CH                 
      2.03036718E-04    2      1000025         4                       # CHL    -->  Z3SS   CH                 
      2.94352800E-01    2      1000035         4                       # CHL    -->  Z4SS   CH                 
      7.53053352E-02    2      1000024         3                       # CHL    -->  W1SS+  ST                 
      5.84478259E-01    2      1000037         3                       # CHL    -->  W2SS+  ST                 
#         PDG         Width
DECAY   1000005  3.20215559E+00   # BT1   decays
#          BR          NDA       ID1     ID2       ID3       ID4
      3.83925021E-01    2      1000022         5                       # BT1    -->  Z1SS   BT                 
      1.14815213E-01    2      1000023         5                       # BT1    -->  Z2SS   BT                 
      8.00693035E-02    2      1000025         5                       # BT1    -->  Z3SS   BT                 
      1.92155410E-02    2      1000035         5                       # BT1    -->  Z4SS   BT                 
      3.47138405E-01    2     -1000024         6                       # BT1    -->  W1SS-  TP                 
      5.36365919E-02    2     -1000037         6                       # BT1    -->  W2SS-  TP                 
      1.19991996E-03    2          -24   1000006                       # BT1    -->  W-     TP1                
#         PDG         Width
DECAY   1000006  4.55542641E+01   # TP1   decays
#          BR          NDA       ID1     ID2       ID3       ID4
      9.91425514E-02    2      1000022         6                       # TP1    -->  Z1SS   TP                 
      2.12066844E-01    2      1000023         6                       # TP1    -->  Z2SS   TP                 
      2.30102479E-01    2      1000025         6                       # TP1    -->  Z3SS   TP                 
      7.77960708E-03    2      1000035         6                       # TP1    -->  Z4SS   TP                 
      4.32169795E-01    2      1000024         5                       # TP1    -->  W1SS+  BT                 
      1.87387057E-02    2      1000037         5                       # TP1    -->  W2SS+  BT                 
#         PDG         Width
DECAY   2000002  4.90043926E+00   # UPR   decays
#          BR          NDA       ID1     ID2       ID3       ID4
      9.86876845E-01    2      1000022         2                       # UPR    -->  Z1SS   UP                 
      1.24678966E-02    2      1000023         2                       # UPR    -->  Z2SS   UP                 
      3.49684822E-04    2      1000025         2                       # UPR    -->  Z3SS   UP                 
      3.05577327E-04    2      1000035         2                       # UPR    -->  Z4SS   UP                 
#         PDG         Width
DECAY   2000001  1.21958590E+00   # DNR   decays
#          BR          NDA       ID1     ID2       ID3       ID4
      9.86891925E-01    2      1000022         1                       # DNR    -->  Z1SS   DN                 
      1.24540161E-02    2      1000023         1                       # DNR    -->  Z2SS   DN                 
      3.49270151E-04    2      1000025         1                       # DNR    -->  Z3SS   DN                 
      3.04788118E-04    2      1000035         1                       # DNR    -->  Z4SS   DN                 
#         PDG         Width
DECAY   2000003  1.21958590E+00   # STR   decays
#          BR          NDA       ID1     ID2       ID3       ID4
      9.86891925E-01    2      1000022         3                       # STR    -->  Z1SS   ST                 
      1.24540161E-02    2      1000023         3                       # STR    -->  Z2SS   ST                 
      3.49270151E-04    2      1000025         3                       # STR    -->  Z3SS   ST                 
      3.04788118E-04    2      1000035         3                       # STR    -->  Z4SS   ST                 
#         PDG         Width
DECAY   2000004  4.90043736E+00   # CHR   decays
#          BR          NDA       ID1     ID2       ID3       ID4
      9.86876845E-01    2      1000022         4                       # CHR    -->  Z1SS   CH                 
      1.24678947E-02    2      1000023         4                       # CHR    -->  Z2SS   CH                 
      3.49684793E-04    2      1000025         4                       # CHR    -->  Z3SS   CH                 
      3.05577269E-04    2      1000035         4                       # CHR    -->  Z4SS   CH                 
#         PDG         Width
DECAY   2000005  4.41149826E+01   # BT2   decays
#          BR          NDA       ID1     ID2       ID3       ID4
      7.63242971E-03    2      1000022         5                       # BT2    -->  Z1SS   BT                 
      1.55194132E-02    2      1000023         5                       # BT2    -->  Z2SS   BT                 
      6.80526299E-03    2      1000025         5                       # BT2    -->  Z3SS   BT                 
      1.43554837E-01    2      1000035         5                       # BT2    -->  Z4SS   BT                 
      4.71908391E-01    2     -1000024         6                       # BT2    -->  W1SS-  TP                 
      3.47587943E-01    2     -1000037         6                       # BT2    -->  W2SS-  TP                 
      6.99171377E-03    2          -24   1000006                       # BT2    -->  W-     TP1                
#         PDG         Width
DECAY   2000006  4.59195557E+01   # TP2   decays
#          BR          NDA       ID1     ID2       ID3       ID4
      2.21684836E-02    2      1000024         5                       # TP2    -->  W1SS+  BT                 
      2.99087644E-01    2      1000037         5                       # TP2    -->  W2SS+  BT                 
      4.31141630E-03    2           23   1000006                       # TP2    -->  Z0     TP1                
      8.95996578E-03    2           25   1000006                       # TP2    -->  HL0    TP1                
      6.90951711E-03    2      1000022         6                       # TP2    -->  Z1SS   TP                 
      2.32479244E-01    2      1000023         6                       # TP2    -->  Z2SS   TP                 
      2.50986636E-01    2      1000025         6                       # TP2    -->  Z3SS   TP                 
      1.75097093E-01    2      1000035         6                       # TP2    -->  Z4SS   TP                 
#         PDG         Width
DECAY   1000011  3.22872519E-01   # EL-   decays
#          BR          NDA       ID1     ID2       ID3       ID4
      9.99991179E-01    2      1000022        11                       # EL-    -->  Z1SS   E-                 
      8.61365334E-06    2      1000023        11                       # EL-    -->  Z2SS   E-                 
      1.55619261E-07    3      1000015        11       -15             # EL-    -->  TAU1-  E-     TAU+        
      7.00396612E-08    3     -1000015        11        15             # EL-    -->  TAU1+  E-     TAU-        
      2.14615120E-16    2           11   1000039                       # EL-    -->  E-     GVSS               
#         PDG         Width
DECAY   1000013  3.22872579E-01   # MUL-  decays
#          BR          NDA       ID1     ID2       ID3       ID4
      9.99991179E-01    2      1000022        13                       # MUL-   -->  Z1SS   MU-                
      8.57087707E-06    2      1000023        13                       # MUL-   -->  Z2SS   MU-                
      1.55619375E-07    3      1000015        13       -15             # MUL-   -->  TAU1-  MU-    TAU+        
      7.00397038E-08    3     -1000015        13        15             # MUL-   -->  TAU1+  MU-    TAU-        
      2.14615147E-16    2           13   1000039                       # MUL-   -->  MU-    GVSS               
#         PDG         Width
DECAY   1000015  0.000000000   # TAU1- decays
#DECAY   1000015  1.65743689E-18   # TAU1- decays
#          BR          NDA       ID1     ID2       ID3       ID4
#      1.00000000E+00    2           15   1000039                       # TAU1-  -->  TAU-   GVSS               
#         PDG         Width
DECAY   1000012  3.31751019E-01   # NUEL  decays
#          BR          NDA       ID1     ID2       ID3       ID4
      9.99990880E-01    2      1000022        12                       # NUEL   -->  Z1SS   NUE                
      8.84399867E-07    3      1000015        12       -15             # NUEL   -->  TAU1-  NUE    TAU+        
      1.53587189E-06    3     -1000015        12        15             # NUEL   -->  TAU1+  NUE    TAU-        
      6.72240367E-06    3     -1000015        11        16             # NUEL   -->  TAU1+  E-     NUT         
      1.90823923E-16    2           12   1000039                       # NUEL   -->  NUE    GVSS               
#         PDG         Width
DECAY   1000014  3.31751019E-01   # NUML  decays
#          BR          NDA       ID1     ID2       ID3       ID4
      9.99990880E-01    2      1000022        14                       # NUML   -->  Z1SS   NUM                
      8.84399867E-07    3      1000015        14       -15             # NUML   -->  TAU1-  NUM    TAU+        
      1.53587189E-06    3     -1000015        14        15             # NUML   -->  TAU1+  NUM    TAU-        
      6.72698889E-06    3     -1000015        13        16             # NUML   -->  TAU1+  MU-    NUT         
      1.90823923E-16    2           14   1000039                       # NUML   -->  NUM    GVSS               
#         PDG         Width
DECAY   1000016  4.00514722E-01   # NUTL  decays
#          BR          NDA       ID1     ID2       ID3       ID4
      8.25965405E-01    2      1000022        16                       # NUTL   -->  Z1SS   NUT                
      1.74031615E-01    2           24   1000015                       # NUTL   -->  W+     TAU1-              
      1.73296655E-06    3     -1000015        16        15             # NUTL   -->  TAU1+  NUT    TAU-        
      1.25317649E-06    3      1000015        16       -15             # NUTL   -->  TAU1-  NUT    TAU+        
      1.57500046E-16    2           16   1000039                       # NUTL   -->  NUT    GVSS               
#         PDG         Width
DECAY   2000011  5.53234758E-13   # ER-   decays
#          BR          NDA       ID1     ID2       ID3       ID4
      3.56387079E-01    3      1000015        11       -15             # ER-    -->  TAU1-  E-     TAU+        
      6.43609762E-01    3     -1000015        11        15             # ER-    -->  TAU1+  E-     TAU-        
      5.55663501E-12    3      1000015        12       -16             # ER-    -->  TAU1-  NUE    ANUT        
      3.17133299E-06    2           11   1000039                       # ER-    -->  E-     GVSS               
#         PDG         Width
DECAY   2000013  5.53264357E-13   # MUR-  decays
#          BR          NDA       ID1     ID2       ID3       ID4
      3.56386989E-01    3      1000015        13       -15             # MUR-   -->  TAU1-  MU-    TAU+        
      6.43609583E-01    3     -1000015        13        15             # MUR-   -->  TAU1+  MU-    TAU-        
      2.36483999E-07    3      1000015        14       -16             # MUR-   -->  TAU1-  NUM    ANUT        
      3.17116337E-06    2           13   1000039                       # MUR-   -->  MU-    GVSS               
#         PDG         Width
DECAY   2000015  4.21334416E-01   # TAU2- decays
#          BR          NDA       ID1     ID2       ID3       ID4
      7.65103281E-01    2      1000022        15                       # TAU2-  -->  Z1SS   TAU-               
      8.99612084E-02    2           23   1000015                       # TAU2-  -->  Z0     TAU1-              
      1.44935519E-01    2           25   1000015                       # TAU2-  -->  HL0    TAU1-              
#         PDG         Width
DECAY   1000022  1.48706949E+00   # Z1SS  decays
#          BR          NDA       ID1     ID2       ID3       ID4
      1.63479432E-01    2      2000011       -11                       # Z1SS   -->  ER-    E+                 
      1.63479432E-01    2     -2000011        11                       # Z1SS   -->  ER+    E-                 
      1.63479343E-01    2      2000013       -13                       # Z1SS   -->  MUR-   MU+                
      1.63479343E-01    2     -2000013        13                       # Z1SS   -->  MUR+   MU-                
      1.73041210E-01    2      1000015       -15                       # Z1SS   -->  TAU1-  TAU+               
      1.73041210E-01    2     -1000015        15                       # Z1SS   -->  TAU1+  TAU-               
      3.75700058E-18    2      1000039        22                       # Z1SS   -->  GVSS   GM                 
      8.59157282E-20    3      1000039        11       -11             # Z1SS   -->  GVSS   E-     E+          
      1.06970314E-18    2      1000039        23                       # Z1SS   -->  GVSS   Z0                 
      7.24292107E-21    2      1000039        25                       # Z1SS   -->  GVSS   HL0                
#         PDG         Width
DECAY   1000023  5.83796024E-01   # Z2SS  decays
#          BR          NDA       ID1     ID2       ID3       ID4
      2.47242127E-07    2      1000022        22                       # Z2SS   -->  Z1SS   GM                 
      2.54661757E-02    2      1000022        23                       # Z2SS   -->  Z1SS   Z0                 
      9.47329504E-09    3      1000022         2        -2             # Z2SS   -->  Z1SS   UP     UB          
      3.59041730E-09    3      1000022         1        -1             # Z2SS   -->  Z1SS   DN     DB          
      3.59041730E-09    3      1000022         3        -3             # Z2SS   -->  Z1SS   ST     SB          
      9.47328616E-09    3      1000022         4        -4             # Z2SS   -->  Z1SS   CH     CB          
      2.42493940E-07    3      1000022         5        -5             # Z2SS   -->  Z1SS   BT     BB          
      2.31631202E-05    3      1000022        11       -11             # Z2SS   -->  Z1SS   E-     E+          
      2.31630402E-05    3      1000022        13       -13             # Z2SS   -->  Z1SS   MU-    MU+         
      2.64156806E-05    3      1000022        15       -15             # Z2SS   -->  Z1SS   TAU-   TAU+        
      7.27294683E-01    2      1000022        25                       # Z2SS   -->  Z1SS   HL0                
      2.86714286E-02    2      2000011       -11                       # Z2SS   -->  ER-    E+                 
      2.86714286E-02    2     -2000011        11                       # Z2SS   -->  ER+    E-                 
      2.86714286E-02    2      2000013       -13                       # Z2SS   -->  MUR-   MU+                
      2.86714286E-02    2     -2000013        13                       # Z2SS   -->  MUR+   MU-                
      6.58171773E-02    2      1000015       -15                       # Z2SS   -->  TAU1-  TAU+               
      6.58171773E-02    2     -1000015        15                       # Z2SS   -->  TAU1+  TAU-               
      1.37072318E-04    2      1000012       -12                       # Z2SS   -->  NUEL   ANUE               
      1.37072318E-04    2     -1000012        12                       # Z2SS   -->  ANUEL  NUE                
      1.37072318E-04    2      1000014       -14                       # Z2SS   -->  NUML   ANUM               
      1.37072318E-04    2     -1000014        14                       # Z2SS   -->  ANUML  NUM                
      1.48773805E-04    2      1000016       -16                       # Z2SS   -->  NUTL   ANUT               
      1.48773805E-04    2     -1000016        16                       # Z2SS   -->  ANUTL  NUT                
      6.70827802E-18    2      1000039        22                       # Z2SS   -->  GVSS   GM                 
      1.58337982E-19    3      1000039        11       -11             # Z2SS   -->  GVSS   E-     E+          
      3.38818142E-17    2      1000039        23                       # Z2SS   -->  GVSS   Z0                 
      1.91461160E-17    2      1000039        25                       # Z2SS   -->  GVSS   HL0                
#         PDG         Width
DECAY   1000025  5.09116709E-01   # Z3SS  decays
#          BR          NDA       ID1     ID2       ID3       ID4
      4.69789995E-07    2      1000022        22                       # Z3SS   -->  Z1SS   GM                 
      2.02790162E-09    2      1000023        22                       # Z3SS   -->  Z2SS   GM                 
      9.69569008E-11    3     -1000024         2        -1             # Z3SS   -->  W1SS-  UP     DB          
      3.23189669E-11    3     -1000024        12       -11             # Z3SS   -->  W1SS-  NUE    E+          
      3.23189669E-11    3     -1000024        14       -13             # Z3SS   -->  W1SS-  NUM    MU+         
      9.69568939E-11    3      1000024         1        -2             # Z3SS   -->  W1SS+  DN     UB          
      3.23189669E-11    3      1000024        11       -12             # Z3SS   -->  W1SS+  E-     ANUE        
      3.23189669E-11    3      1000024        13       -14             # Z3SS   -->  W1SS+  MU-    ANUM        
      9.69568939E-11    3     -1000024         4        -3             # Z3SS   -->  W1SS-  CH     SB          
      3.23189669E-11    3     -1000024        16       -15             # Z3SS   -->  W1SS-  NUT    TAU+        
      9.69568939E-11    3      1000024         3        -4             # Z3SS   -->  W1SS+  ST     CB          
      3.23189669E-11    3      1000024        15       -16             # Z3SS   -->  W1SS+  TAU-   ANUT        
      8.79774809E-01    2      1000022        23                       # Z3SS   -->  Z1SS   Z0                 
      9.89478569E-11    3      1000022         2        -2             # Z3SS   -->  Z1SS   UP     UB          
      2.90108319E-11    3      1000022         1        -1             # Z3SS   -->  Z1SS   DN     DB          
      2.90108319E-11    3      1000022         3        -3             # Z3SS   -->  Z1SS   ST     SB          
      9.89477597E-11    3      1000022         4        -4             # Z3SS   -->  Z1SS   CH     CB          
      3.30113096E-07    3      1000022         5        -5             # Z3SS   -->  Z1SS   BT     BB          
      5.60091173E-08    3      1000022        15       -15             # Z3SS   -->  Z1SS   TAU-   TAU+        
      1.02631759E-07    3      1000023         2        -2             # Z3SS   -->  Z2SS   UP     UB          
      1.32339025E-07    3      1000023         1        -1             # Z3SS   -->  Z2SS   DN     DB          
      1.32339025E-07    3      1000023         3        -3             # Z3SS   -->  Z2SS   ST     SB          
      1.02631759E-07    3      1000023         4        -4             # Z3SS   -->  Z2SS   CH     CB          
      2.24910259E-08    3      1000023         5        -5             # Z3SS   -->  Z2SS   BT     BB          
      3.00216882E-08    3      1000023        11       -11             # Z3SS   -->  Z2SS   E-     E+          
      3.00216882E-08    3      1000023        13       -13             # Z3SS   -->  Z2SS   MU-    MU+         
      2.41504718E-08    3      1000023        15       -15             # Z3SS   -->  Z2SS   TAU-   TAU+        
      5.97337078E-08    3      1000023        12       -12             # Z3SS   -->  Z2SS   NUE    ANUE        
      5.97337078E-08    3      1000023        14       -14             # Z3SS   -->  Z2SS   NUM    ANUM        
      5.97337078E-08    3      1000023        16       -16             # Z3SS   -->  Z2SS   NUT    ANUT        
      2.60116961E-02    2      1000022        25                       # Z3SS   -->  Z1SS   HL0                
      8.27401891E-07    2      1000011       -11                       # Z3SS   -->  EL-    E+                 
      8.27401891E-07    2     -1000011        11                       # Z3SS   -->  EL+    E-                 
      8.27366591E-07    2      1000013       -13                       # Z3SS   -->  MUL-   MU+                
      8.27366591E-07    2     -1000013        13                       # Z3SS   -->  MUL+   MU-                
      9.65466315E-04    2      2000011       -11                       # Z3SS   -->  ER-    E+                 
      9.65466315E-04    2     -2000011        11                       # Z3SS   -->  ER+    E-                 
      9.65466199E-04    2      2000013       -13                       # Z3SS   -->  MUR-   MU+                
      9.65466199E-04    2     -2000013        13                       # Z3SS   -->  MUR+   MU-                
      4.50286195E-02    2      1000015       -15                       # Z3SS   -->  TAU1-  TAU+               
      4.50286195E-02    2     -1000015        15                       # Z3SS   -->  TAU1+  TAU-               
      8.21975918E-05    2      2000015       -15                       # Z3SS   -->  TAU2-  TAU+               
      8.21975918E-05    2     -2000015        15                       # Z3SS   -->  TAU2+  TAU-               
      2.05658052E-05    2      1000012       -12                       # Z3SS   -->  NUEL   ANUE               
      2.05658052E-05    2     -1000012        12                       # Z3SS   -->  ANUEL  NUE                
      2.05658052E-05    2      1000014       -14                       # Z3SS   -->  NUML   ANUM               
      2.05658052E-05    2     -1000014        14                       # Z3SS   -->  ANUML  NUM                
      2.14059492E-05    2      1000016       -16                       # Z3SS   -->  NUTL   ANUT               
      2.14059492E-05    2     -1000016        16                       # Z3SS   -->  ANUTL  NUT                
      3.07139290E-21    2      1000039        22                       # Z3SS   -->  GVSS   GM                 
      7.25831550E-23    3      1000039        11       -11             # Z3SS   -->  GVSS   E-     E+          
      2.82384837E-17    2      1000039        23                       # Z3SS   -->  GVSS   Z0                 
      4.04938262E-17    2      1000039        25                       # Z3SS   -->  GVSS   HL0                
#         PDG         Width
DECAY   1000035  8.39877892E+00   # Z4SS  decays
#          BR          NDA       ID1     ID2       ID3       ID4
      2.45046605E-09    2      1000022        22                       # Z4SS   -->  Z1SS   GM                 
      1.84355727E-07    2      1000023        22                       # Z4SS   -->  Z2SS   GM                 
      4.54245281E-07    2      1000025        22                       # Z4SS   -->  Z3SS   GM                 
      1.49025753E-01    2      1000024       -24                       # Z4SS   -->  W1SS+  W-                 
      1.49025753E-01    2     -1000024        24                       # Z4SS   -->  W1SS-  W+                 
      8.39814263E-08    3     -1000037         2        -1             # Z4SS   -->  W2SS-  UP     DB          
      2.79938099E-08    3     -1000037        12       -11             # Z4SS   -->  W2SS-  NUE    E+          
      2.79938099E-08    3     -1000037        14       -13             # Z4SS   -->  W2SS-  NUM    MU+         
      8.39814263E-08    3      1000037         1        -2             # Z4SS   -->  W2SS+  DN     UB          
      2.79938099E-08    3      1000037        11       -12             # Z4SS   -->  W2SS+  E-     ANUE        
      2.79938099E-08    3      1000037        13       -14             # Z4SS   -->  W2SS+  MU-    ANUM        
      8.39814263E-08    3     -1000037         4        -3             # Z4SS   -->  W2SS-  CH     SB          
      2.79938099E-08    3     -1000037        16       -15             # Z4SS   -->  W2SS-  NUT    TAU+        
      8.39814263E-08    3      1000037         3        -4             # Z4SS   -->  W2SS+  ST     CB          
      2.79938099E-08    3      1000037        15       -16             # Z4SS   -->  W2SS+  TAU-   ANUT        
      1.14380273E-04    2      1000022        23                       # Z4SS   -->  Z1SS   Z0                 
      1.59133447E-03    2      1000023        23                       # Z4SS   -->  Z2SS   Z0                 
      1.19410925E-01    2      1000025        23                       # Z4SS   -->  Z3SS   Z0                 
      3.43392230E-08    3      1000022         2        -2             # Z4SS   -->  Z1SS   UP     UB          
      4.63531364E-08    3      1000022         1        -1             # Z4SS   -->  Z1SS   DN     DB          
      4.63531364E-08    3      1000022         3        -3             # Z4SS   -->  Z1SS   ST     SB          
      3.43391946E-08    3      1000022         4        -4             # Z4SS   -->  Z1SS   CH     CB          
      5.34587414E-08    3      1000022         5        -5             # Z4SS   -->  Z1SS   BT     BB          
      3.31195791E-12    3      1000022        15       -15             # Z4SS   -->  Z1SS   TAU-   TAU+        
      3.67280650E-09    3      1000023         2        -2             # Z4SS   -->  Z2SS   UP     UB          
      2.71367573E-09    3      1000023         1        -1             # Z4SS   -->  Z2SS   DN     DB          
      2.71367573E-09    3      1000023         3        -3             # Z4SS   -->  Z2SS   ST     SB          
      3.67280317E-09    3      1000023         4        -4             # Z4SS   -->  Z2SS   CH     CB          
      2.06345501E-08    3      1000023         5        -5             # Z4SS   -->  Z2SS   BT     BB          
      2.80420487E-09    3      1000023        15       -15             # Z4SS   -->  Z2SS   TAU-   TAU+        
      5.72355358E-12    3      1000025         2        -2             # Z4SS   -->  Z3SS   UP     UB          
      1.00203431E-11    3      1000025         1        -1             # Z4SS   -->  Z3SS   DN     DB          
      1.00203431E-11    3      1000025         3        -3             # Z4SS   -->  Z3SS   ST     SB          
      5.72354794E-12    3      1000025         4        -4             # Z4SS   -->  Z3SS   CH     CB          
      1.65726490E-08    3      1000025         5        -5             # Z4SS   -->  Z3SS   BT     BB          
      2.67116329E-09    3      1000025        15       -15             # Z4SS   -->  Z3SS   TAU-   TAU+        
      1.07734732E-03    2      1000022        25                       # Z4SS   -->  Z1SS   HL0                
      1.17355436E-01    2      1000023        25                       # Z4SS   -->  Z2SS   HL0                
      8.63667869E-04    2      1000025        25                       # Z4SS   -->  Z3SS   HL0                
      3.54301259E-02    2      1000011       -11                       # Z4SS   -->  EL-    E+                 
      3.54301259E-02    2     -1000011        11                       # Z4SS   -->  EL+    E-                 
      3.54301073E-02    2      1000013       -13                       # Z4SS   -->  MUL-   MU+                
      3.54301073E-02    2     -1000013        13                       # Z4SS   -->  MUL+   MU-                
      9.29047164E-05    2      2000011       -11                       # Z4SS   -->  ER-    E+                 
      9.29047164E-05    2     -2000011        11                       # Z4SS   -->  ER+    E-                 
      9.29047092E-05    2      2000013       -13                       # Z4SS   -->  MUR-   MU+                
      9.29047092E-05    2     -2000013        13                       # Z4SS   -->  MUR+   MU-                
      1.27513180E-04    2      1000015       -15                       # Z4SS   -->  TAU1-  TAU+               
      1.27513180E-04    2     -1000015        15                       # Z4SS   -->  TAU1+  TAU-               
      3.56705599E-02    2      2000015       -15                       # Z4SS   -->  TAU2-  TAU+               
      3.56705599E-02    2     -2000015        15                       # Z4SS   -->  TAU2+  TAU-               
      4.12528701E-02    2      1000012       -12                       # Z4SS   -->  NUEL   ANUE               
      4.12528701E-02    2     -1000012        12                       # Z4SS   -->  ANUEL  NUE                
      4.12528701E-02    2      1000014       -14                       # Z4SS   -->  NUML   ANUM               
      4.12528701E-02    2     -1000014        14                       # Z4SS   -->  ANUML  NUM                
      4.14171405E-02    2      1000016       -16                       # Z4SS   -->  NUTL   ANUT               
      4.14171405E-02    2     -1000016        16                       # Z4SS   -->  ANUTL  NUT                
      5.74327216E-18    2      1000039        22                       # Z4SS   -->  GVSS   GM                 
      1.37970211E-19    3      1000039        11       -11             # Z4SS   -->  GVSS   E-     E+          
      2.11107527E-17    2      1000039        23                       # Z4SS   -->  GVSS   Z0                 
      5.25091668E-19    2      1000039        25                       # Z4SS   -->  GVSS   HL0                
#         PDG         Width
DECAY   1000024  5.31354666E-01   # W1SS+ decays
#          BR          NDA       ID1     ID2       ID3       ID4
      9.24900245E-09    3      1000022         2        -1             # W1SS+  -->  Z1SS   UP     DB          
      9.24899890E-09    3      1000022         4        -3             # W1SS+  -->  Z1SS   CH     SB          
      4.96868537E-08    3      1000022       -15        16             # W1SS+  -->  Z1SS   TAU+   NUT         
      9.05526102E-01    2      1000022        24                       # W1SS+  -->  Z1SS   W+                 
      1.43715525E-07    3      1000023         2        -1             # W1SS+  -->  Z2SS   UP     DB          
      1.43715525E-07    3      1000023         4        -3             # W1SS+  -->  Z2SS   CH     SB          
      4.78966875E-08    3      1000023       -11        12             # W1SS+  -->  Z2SS   E+     NUE         
      4.78966875E-08    3      1000023       -13        14             # W1SS+  -->  Z2SS   MU+    NUM         
      4.78966875E-08    3      1000023       -15        16             # W1SS+  -->  Z2SS   TAU+   NUT         
      2.24219426E-03    2      1000012       -11                       # W1SS+  -->  NUEL   E+                 
      2.24217330E-03    2      1000014       -13                       # W1SS+  -->  NUML   MU+                
      2.97380262E-03    2      1000016       -15                       # W1SS+  -->  NUTL   TAU+               
      2.66501331E-04    2     -1000011        12                       # W1SS+  -->  EL+    NUE                
      2.66498071E-04    2     -1000013        14                       # W1SS+  -->  MUL+   NUM                
      8.61913562E-02    2     -1000015        16                       # W1SS+  -->  TAU1+  NUT                
      2.90855474E-04    2     -2000015        16                       # W1SS+  -->  TAU2+  NUT                
#         PDG         Width
DECAY   1000037  7.02847195E+00   # W2SS+ decays
#          BR          NDA       ID1     ID2       ID3       ID4
      8.41651939E-08    3      1000022         2        -1             # W2SS+  -->  Z1SS   UP     DB          
      8.41651655E-08    3      1000022         4        -3             # W2SS+  -->  Z1SS   CH     SB          
      3.39125993E-12    3      1000022       -15        16             # W2SS+  -->  Z1SS   TAU+   NUT         
      1.56904256E-03    2      1000022        24                       # W2SS+  -->  Z1SS   W+                 
      1.93129646E-09    3      1000023         2        -1             # W2SS+  -->  Z2SS   UP     DB          
      1.93129535E-09    3      1000023         4        -3             # W2SS+  -->  Z2SS   CH     SB          
      3.29778027E-09    3      1000023       -15        16             # W2SS+  -->  Z2SS   TAU+   NUT         
      1.30147606E-01    2      1000023        24                       # W2SS+  -->  Z2SS   W+                 
      3.96112414E-11    3      1000025         2        -1             # W2SS+  -->  Z3SS   UP     DB          
      3.96112310E-11    3      1000025         4        -3             # W2SS+  -->  Z3SS   CH     SB          
      2.14161355E-09    3      1000025       -15        16             # W2SS+  -->  Z3SS   TAU+   NUT         
      1.35437116E-01    2      1000025        24                       # W2SS+  -->  Z3SS   W+                 
      8.56866464E-02    2      1000012       -11                       # W2SS+  -->  NUEL   E+                 
      8.56866390E-02    2      1000014       -13                       # W2SS+  -->  NUML   MU+                
      8.61327499E-02    2      1000016       -15                       # W2SS+  -->  NUTL   TAU+               
      7.92787373E-02    2     -1000011        12                       # W2SS+  -->  EL+    NUE                
      7.92786926E-02    2     -1000013        14                       # W2SS+  -->  MUL+   NUM                
      1.15056311E-04    2     -1000015        16                       # W2SS+  -->  TAU1+  NUT                
      7.97779411E-02    2     -2000015        16                       # W2SS+  -->  TAU2+  NUT                
      1.20409638E-01    2      1000024        23                       # W2SS+  -->  W1SS+  Z0                 
      3.79857301E-09    3      1000024         1        -1             # W2SS+  -->  W1SS+  DN     DB          
      3.79856946E-09    3      1000024         3        -3             # W2SS+  -->  W1SS+  ST     SB          
      2.67181410E-09    3      1000024         2        -2             # W2SS+  -->  W1SS+  UP     UB          
      2.67181410E-09    3      1000024         4        -4             # W2SS+  -->  W1SS+  CH     CB          
      1.16479941E-01    2      1000024        25                       # W2SS+  -->  W1SS+  HL0                
#         PDG         Width
DECAY        25  5.19502116E-03   # HL0   decays
#          BR          NDA       ID1     ID2       ID3       ID4
      4.01643119E-09    2           11       -11                       # HL0    -->  E-     E+                 
      1.69580191E-04    2           13       -13                       # HL0    -->  MU-    MU+                
      4.85050566E-02    2           15       -15                       # HL0    -->  TAU-   TAU+               
      5.03878709E-06    2            1        -1                       # HL0    -->  DN     DB                 
      2.03592237E-03    2            3        -3                       # HL0    -->  ST     SB                 
      8.01666498E-01    2            5        -5                       # HL0    -->  BT     BB                 
      1.55525288E-06    2            2        -2                       # HL0    -->  UP     UB                 
      3.88833918E-02    2            4        -4                       # HL0    -->  CH     CB                 
      1.60742283E-03    2           22        22                       # HL0    -->  GM     GM                 
      3.41516025E-02    2           21        21                       # HL0    -->  GL     GL                 
      3.72431963E-03    3           24        11       -12             # HL0    -->  W+     E-     ANUE        
      3.72431963E-03    3           24        13       -14             # HL0    -->  W+     MU-    ANUM        
      3.72431963E-03    3           24        15       -16             # HL0    -->  W+     TAU-   ANUT        
      1.11729586E-02    3           24        -2         1             # HL0    -->  W+     UB     DN          
      1.11729586E-02    3           24        -4         3             # HL0    -->  W+     CB     ST          
      3.72431963E-03    3          -24       -11        12             # HL0    -->  W-     E+     NUE         
      3.72431963E-03    3          -24       -13        14             # HL0    -->  W-     MU+    NUM         
      3.72431963E-03    3          -24       -15        16             # HL0    -->  W-     TAU+   NUT         
      1.11729586E-02    3          -24         2        -1             # HL0    -->  W-     UP     DB          
      1.11729586E-02    3          -24         4        -3             # HL0    -->  W-     CH     SB          
      4.05974366E-04    3           23        12       -12             # HL0    -->  Z0     NUE    ANUE        
      4.05974366E-04    3           23        14       -14             # HL0    -->  Z0     NUM    ANUM        
      4.05974366E-04    3           23        16       -16             # HL0    -->  Z0     NUT    ANUT        
      2.04322816E-04    3           23        11       -11             # HL0    -->  Z0     E-     E+          
      2.04322816E-04    3           23        13       -13             # HL0    -->  Z0     MU-    MU+         
      2.04322816E-04    3           23        15       -15             # HL0    -->  Z0     TAU-   TAU+        
      6.99992641E-04    3           23         2        -2             # HL0    -->  Z0     UP     UB          
      6.99992641E-04    3           23         4        -4             # HL0    -->  Z0     CH     CB          
      9.01762978E-04    3           23         1        -1             # HL0    -->  Z0     DN     DB          
      9.01762978E-04    3           23         3        -3             # HL0    -->  Z0     ST     SB          
      9.01762978E-04    3           23         5        -5             # HL0    -->  Z0     BT     BB          
#         PDG         Width
DECAY        35  2.06810760E+00   # HH0   decays
#          BR          NDA       ID1     ID2       ID3       ID4
      9.02172115E-09    2           11       -11                       # HH0    -->  E-     E+                 
      3.80913349E-04    2           13       -13                       # HH0    -->  MU-    MU+                
      1.09097712E-01    2           15       -15                       # HH0    -->  TAU-   TAU+               
      1.10436677E-05    2            1        -1                       # HH0    -->  DN     DB                 
      4.46220068E-03    2            3        -3                       # HH0    -->  ST     SB                 
      6.13107979E-01    2            5        -5                       # HH0    -->  BT     BB                 
      3.66311370E-10    2            2        -2                       # HH0    -->  UP     UB                 
      6.82557811E-06    2            4        -4                       # HH0    -->  CH     CB                 
      2.68487573E-01    2            6        -6                       # HH0    -->  TP     TB                 
      7.02185787E-07    2           22        22                       # HH0    -->  GM     GM                 
      1.12167916E-04    2           21        21                       # HH0    -->  GL     GL                 
      6.52242801E-04    2           24       -24                       # HH0    -->  W+     W-                 
      3.31732299E-04    2           23        23                       # HH0    -->  Z0     Z0                 
      8.33896105E-04    2      1000022   1000022                       # HH0    -->  Z1SS   Z1SS               
      2.32578674E-03    2           25        25                       # HH0    -->  HL0    HL0                
      6.39364007E-05    2      2000011  -2000011                       # HH0    -->  ER-    ER+                
      6.39002828E-05    2      2000013  -2000013                       # HH0    -->  MUR-   MUR+               
      6.13920420E-05    2      1000015  -1000015                       # HH0    -->  TAU1-  TAU1+              
#         PDG         Width
DECAY        36  2.09055424E+00   # HA0   decays
#          BR          NDA       ID1     ID2       ID3       ID4
      8.86834250E-09    2           11       -11                       # HA0    -->  E-     E+                 
      3.74437397E-04    2           13       -13                       # HA0    -->  MU-    MU+                
      1.07244045E-01    2           15       -15                       # HA0    -->  TAU-   TAU+               
      1.08565064E-05    2            1        -1                       # HA0    -->  DN     DB                 
      4.38657822E-03    2            3        -3                       # HA0    -->  ST     SB                 
      6.02739871E-01    2            5        -5                       # HA0    -->  BT     BB                 
      3.47373408E-10    2            2        -2                       # HA0    -->  UP     UB                 
      6.47776596E-06    2            4        -4                       # HA0    -->  CH     CB                 
      2.78271049E-01    2            6        -6                       # HA0    -->  TP     TB                 
      9.84538474E-07    2           22        22                       # HA0    -->  GM     GM                 
      1.66997561E-04    2           21        21                       # HA0    -->  GL     GL                 
      6.17373548E-03    2      1000022   1000022                       # HA0    -->  Z1SS   Z1SS               
      6.24764129E-04    2           25        23                       # HA0    -->  HL0    Z0                 
      2.11661515E-07    2      1000015  -1000015                       # HA0    -->  TAU1-  TAU1+              
#         PDG         Width
DECAY        37  1.87362504E+00   # H+    decays
#          BR          NDA       ID1     ID2       ID3       ID4
      9.98705119E-09    2           12       -11                       # H+     -->  NUE    E+                 
      4.21671313E-04    2           14       -13                       # H+     -->  NUM    MU+                
      1.20772503E-01    2           16       -15                       # H+     -->  NUT    TAU+               
      1.12460766E-05    2            2        -1                       # H+     -->  UP     DB                 
      4.55052732E-03    2            4        -3                       # H+     -->  CH     SB                 
      8.73532534E-01    2            6        -5                       # H+     -->  TP     BB                 
      7.11505592E-04    2           25        24                       # H+     -->  HL0    W+                 
