#  ISAJET decay tables in SUSY Les Houches accord format
#  Created by ISALHD. Last revision: C. Balazs, 2005 May 25
Block DCINFO   # Program information
    1             ISASUGRA from ISAJET          # Spectrum Calculator
    2   7.69   21-AUG-2003 11:39:06             # Version number
#  SUSY parameters in Les Houches accord format
Block MODSEL   # Model selection
    1    2   #  Minimal gauge mediated (GMSB) model              
Block MINPAR   # Input parameters
    1    5.000000000E+04   # Lambda
    2    1.000000000E+05   # M_mes
    3    3.000000000E+00   # N_5
    4    1.000000000E+01   # tan(beta
    5    1.000000000E+00   # sgn(mu)
    6    1.740000000E+02   # M_t
    7    1.000000000E+04   # C_grav
Block EXTPAR    # Input parameters - non-minimal models
    8    1.000000000E+00   # Rsl
    9    0.000000000E+00   # dmH_d^2
   10    0.000000000E+00   # dmH_u^2
   11    0.000000000E+00   # d_Y
   12    3.000000000E+00   # N5_1
   13    3.000000000E+00   # N5_2
   14    3.000000000E+00   # N5_3
#  
Block MASS   # Scalar and gaugino mass spectrum
#  PDG code   mass                 particle
         6    1.740000000E+02   #  top            
        25    1.139967804E+02   #  h^0            
        35    4.916096191E+02   #  H^0            
        36    4.880145569E+02   #  A^0            
        37    4.977654114E+02   #  H^+            
   1000001    1.111531494E+03   #  dnl            
   1000002    1.108483643E+03   #  upl            
   1000003    1.111531494E+03   #  stl            
   1000004    1.108484497E+03   #  chl            
   1000005    1.064152710E+03   #  b1             
   1000006    9.934403076E+02   #  t1             
   1000011    3.313850403E+02   #  el-            
   1000012    3.170984802E+02   #  nuel           
   1000013    3.313850403E+02   #  mul-           
   1000014    3.170984802E+02   #  numl           
   1000015    1.557257233E+02   #  tau1           
   1000016    3.168647156E+02   #  nutl           
   1000021    1.164465454E+03   #  glss           
   1000022    2.021104736E+02   #  z1ss           
   1000023    3.408898315E+02   #  z2ss           
   1000024    3.416234741E+02   #  w1ss           
   1000025   -3.805239868E+02   #  z3ss           
   1000035    4.597385864E+02   #  z4ss           
   1000037    4.565146484E+02   #  w2ss           
   2000001    1.067884399E+03   #  dnr            
   2000002    1.070424072E+03   #  upr            
   2000003    1.067884399E+03   #  str            
   2000004    1.070424927E+03   #  chr            
   2000005    1.073973022E+03   #  b2             
   2000006    1.092374146E+03   #  t2             
   2000011    1.586326294E+02   #  er-            
   2000013    1.586326599E+02   #  mur-           
   2000015    3.316011658E+02   #  tau2           
   1000039    1.202813110E-05   # gravitino       
Block ALPHA   # Higgs mixing
    1   -1.084814593E-01   # alpha
Block HMIX Q= 1.029665039E+03   # Higgs parameters
    1    3.728696594E+02   # mu
Block STOPMIX   # stop mixing matrix
  1  1    2.876653969E-01
  1  2   -9.577309489E-01
  2  1    9.577309489E-01
  2  2    2.876653969E-01
Block SBOTMIX   # sbottom mixing matrix
  1  1    4.170804918E-01
  1  2   -9.088695645E-01
  2  1    9.088695645E-01
  2  2    4.170804918E-01
Block STAUMIX   # stau mixing matrix
  1  1    6.839554012E-02
  1  2   -9.976583123E-01
  2  1    9.976583123E-01
  2  2    6.839554012E-02
Block NMIX   # neutralino mixing matrix
  1  1    9.763027430E-01   # N_11
  1  2   -4.833918437E-02   # N_12
  1  3    1.792523265E-01   # N_13
  1  4   -1.111960560E-01   # N_14
  2  1   -1.940633655E-01   # N_21
  2  2   -6.035393476E-01   # N_22
  2  3    5.699622035E-01   # N_23
  2  4   -5.227069855E-01   # N_24
  3  1    4.471976310E-02   # N_31
  3  2   -6.101569161E-02   # N_32
  3  3   -7.003322244E-01   # N_33
  3  4   -7.097970843E-01   # N_34
  4  1    8.468876034E-02   # N_41
  4  2   -7.935242057E-01   # N_42
  4  3   -3.905719221E-01   # N_43
  4  4    4.589123428E-01   # N_44
Block UMIX   # chargino U mixing matrix
  1  1   -5.518090725E-01
  1  2    8.339704871E-01
  2  1   -8.339704871E-01
  2  2   -5.518090725E-01
Block VMIX   # chargino V mixing matrix
  1  1   -6.550918221E-01
  1  2    7.555493116E-01
  2  1   -7.555493116E-01
  2  2   -6.550918221E-01
Block AU Q= 1.029665039E+03   #  The trilinear couplings
  3  3   -3.840740356E+02    7.199401757+165   #
Block AD Q= 1.029665039E+03   #  The trilinear couplings
  3  3   -4.249670715E+02    3.580431530+252   #
Block AE Q= 1.029665039E+03   #  The trilinear couplings
  3  3   -5.168027878E+01    1.456328742E+45   #
Block SPINFO   # Program information
    1                                ISASUGRA   # Spectrum Calculator
    2    ISAJET     V7.69   21-AUG-2003 11:39   # Version number
#         PDG         Width
DECAY         6  1.18783092E+00   # TP    decays
#          BR          NDA       ID1     ID2       ID3       ID4
      3.33333343E-01    3            2        -1         5             # TP     -->  UP     DB     BT          
      3.33333343E-01    3            4        -3         5             # TP     -->  CH     SB     BT          
      1.11111112E-01    3          -11        12         5             # TP     -->  E+     NUE    BT          
      1.11111112E-01    3          -13        14         5             # TP     -->  MU+    NUM    BT          
      1.11111112E-01    3          -15        16         5             # TP     -->  TAU+   NUT    BT          
#         PDG         Width
DECAY   1000021  5.19819975E+00   # GLSS  decays
#          BR          NDA       ID1     ID2       ID3       ID4
      1.06303468E-02    3      1000024         5        -6             # GLSS   -->  W1SS+  BT     TB          
      1.06303468E-02    3     -1000024         6        -5             # GLSS   -->  W1SS-  TP     BB          
      6.07876107E-03    3      1000037         5        -6             # GLSS   -->  W2SS+  BT     TB          
      6.07876107E-03    3     -1000037         6        -5             # GLSS   -->  W2SS-  TP     BB          
      5.62984496E-07    2      1000022        21                       # GLSS   -->  Z1SS   GL                 
      6.83167810E-03    3      1000022         6        -6             # GLSS   -->  Z1SS   TP     TB          
      1.20057070E-04    2      1000023        21                       # GLSS   -->  Z2SS   GL                 
      1.22435559E-02    3      1000023         6        -6             # GLSS   -->  Z2SS   TP     TB          
      2.11996841E-04    2      1000025        21                       # GLSS   -->  Z3SS   GL                 
      1.85039807E-02    3      1000025         6        -6             # GLSS   -->  Z3SS   TP     TB          
      1.14456860E-04    2      1000035        21                       # GLSS   -->  Z4SS   GL                 
      7.60695990E-03    3      1000035         6        -6             # GLSS   -->  Z4SS   TP     TB          
      2.23604441E-02    2     -1000002         2                       # GLSS   -->  UBL    UP                 
      2.23604441E-02    2      1000002        -2                       # GLSS   -->  UPL    UB                 
      2.00456157E-02    2     -1000001         1                       # GLSS   -->  DBL    DN                 
      2.00456157E-02    2      1000001        -1                       # GLSS   -->  DNL    DB                 
      6.10038601E-02    2     -2000002         2                       # GLSS   -->  UBR    UP                 
      6.10038601E-02    2      2000002        -2                       # GLSS   -->  UPR    UB                 
      6.41971305E-02    2     -2000001         1                       # GLSS   -->  DBR    DN                 
      6.41971305E-02    2      2000001        -1                       # GLSS   -->  DNR    DB                 
      2.00454779E-02    2     -1000003         3                       # GLSS   -->  SBL    ST                 
      2.00454779E-02    2      1000003        -3                       # GLSS   -->  STL    SB                 
      6.41970038E-02    2     -2000003         3                       # GLSS   -->  SBR    ST                 
      6.41970038E-02    2      2000003        -3                       # GLSS   -->  STR    SB                 
      2.23535970E-02    2     -1000004         4                       # GLSS   -->  CBL    CH                 
      2.23535970E-02    2      1000004        -4                       # GLSS   -->  CHL    CB                 
      6.09970391E-02    2     -2000004         4                       # GLSS   -->  CBR    CH                 
      6.09970391E-02    2      2000004        -4                       # GLSS   -->  CHR    CB                 
      6.62219599E-02    2     -1000005         5                       # GLSS   -->  BB1    BT                 
      6.62219599E-02    2      1000005        -5                       # GLSS   -->  BT1    BB                 
      5.90521283E-02    2     -2000005         5                       # GLSS   -->  BB2    BT                 
      5.90521283E-02    2      2000005        -5                       # GLSS   -->  BT2    BB                 
      3.27770728E-15    2      1000039        21                       # GLSS   -->  GVSS   GL                 
#         PDG         Width
DECAY   1000002  1.05364714E+01   # UPL   decays
#          BR          NDA       ID1     ID2       ID3       ID4
      7.05140689E-03    2      1000022         2                       # UPL    -->  Z1SS   UP                 
      1.48279414E-01    2      1000023         2                       # UPL    -->  Z2SS   UP                 
      9.61565762E-04    2      1000025         2                       # UPL    -->  Z3SS   UP                 
      1.83764338E-01    2      1000035         2                       # UPL    -->  Z4SS   UP                 
      3.11312050E-01    2      1000024         1                       # UPL    -->  W1SS+  DN                 
      3.48631233E-01    2      1000037         1                       # UPL    -->  W2SS+  DN                 
#         PDG         Width
DECAY   1000001  1.04206696E+01   # DNL   decays
#          BR          NDA       ID1     ID2       ID3       ID4
      2.16705408E-02    2      1000022         1                       # DNL    -->  Z1SS   DN                 
      1.18881956E-01    2      1000023         1                       # DNL    -->  Z2SS   DN                 
      1.67604513E-03    2      1000025         1                       # DNL    -->  Z3SS   DN                 
      2.01935112E-01    2      1000035         1                       # DNL    -->  Z4SS   DN                 
      2.24212795E-01    2     -1000024         2                       # DNL    -->  W1SS-  UP                 
      4.31623548E-01    2     -1000037         2                       # DNL    -->  W2SS-  UP                 
#         PDG         Width
DECAY   1000003  1.04206429E+01   # STL   decays
#          BR          NDA       ID1     ID2       ID3       ID4
      2.16705985E-02    2      1000022         3                       # STL    -->  Z1SS   ST                 
      1.18882269E-01    2      1000023         3                       # STL    -->  Z2SS   ST                 
      1.67604955E-03    2      1000025         3                       # STL    -->  Z3SS   ST                 
      2.01935634E-01    2      1000035         3                       # STL    -->  Z4SS   ST                 
      2.24212587E-01    2     -1000024         4                       # STL    -->  W1SS-  CH                 
      4.31622863E-01    2     -1000037         4                       # STL    -->  W2SS-  CH                 
#         PDG         Width
DECAY   1000004  1.05364704E+01   # CHL   decays
#          BR          NDA       ID1     ID2       ID3       ID4
      7.05139199E-03    2      1000022         4                       # CHL    -->  Z1SS   CH                 
      1.48279041E-01    2      1000023         4                       # CHL    -->  Z2SS   CH                 
      9.61563259E-04    2      1000025         4                       # CHL    -->  Z3SS   CH                 
      1.83763832E-01    2      1000035         4                       # CHL    -->  Z4SS   CH                 
      3.11312407E-01    2      1000024         3                       # CHL    -->  W1SS+  ST                 
      3.48631769E-01    2      1000037         3                       # CHL    -->  W2SS+  ST                 
#         PDG         Width
DECAY   1000005  4.29694748E+00   # BT1   decays
#          BR          NDA       ID1     ID2       ID3       ID4
      1.34785458E-01    2      1000022         5                       # BT1    -->  Z1SS   BT                 
      1.22025855E-01    2      1000023         5                       # BT1    -->  Z2SS   BT                 
      2.10606381E-02    2      1000025         5                       # BT1    -->  Z3SS   BT                 
      3.94573398E-02    2      1000035         5                       # BT1    -->  Z4SS   BT                 
      4.14269149E-01    2     -1000024         6                       # BT1    -->  W1SS-  TP                 
      2.68401563E-01    2     -1000037         6                       # BT1    -->  W2SS-  TP                 
#         PDG         Width
DECAY   1000006  2.06518745E+01   # TP1   decays
#          BR          NDA       ID1     ID2       ID3       ID4
      9.67008322E-02    2      1000022         6                       # TP1    -->  Z1SS   TP                 
      1.63989410E-01    2      1000023         6                       # TP1    -->  Z2SS   TP                 
      2.44115084E-01    2      1000025         6                       # TP1    -->  Z3SS   TP                 
      3.36677730E-02    2      1000035         6                       # TP1    -->  Z4SS   TP                 
      3.79376411E-01    2      1000024         5                       # TP1    -->  W1SS+  BT                 
      8.21504891E-02    2      1000037         5                       # TP1    -->  W2SS+  BT                 
#         PDG         Width
DECAY   2000002  2.23373342E+00   # UPR   decays
#          BR          NDA       ID1     ID2       ID3       ID4
      9.60237563E-01    2      1000022         2                       # UPR    -->  Z1SS   UP                 
      3.29414718E-02    2      1000023         2                       # UPR    -->  Z2SS   UP                 
      1.65345508E-03    2      1000025         2                       # UPR    -->  Z3SS   UP                 
      5.16748521E-03    2      1000035         2                       # UPR    -->  Z4SS   UP                 
#         PDG         Width
DECAY   2000001  5.56892931E-01   # DNR   decays
#          BR          NDA       ID1     ID2       ID3       ID4
      9.60271001E-01    2      1000022         1                       # DNR    -->  Z1SS   DN                 
      3.29188034E-02    2      1000023         1                       # DNR    -->  Z2SS   DN                 
      1.65181688E-03    2      1000025         1                       # DNR    -->  Z3SS   DN                 
      5.15835453E-03    2      1000035         1                       # DNR    -->  Z4SS   DN                 
#         PDG         Width
DECAY   2000003  5.56892931E-01   # STR   decays
#          BR          NDA       ID1     ID2       ID3       ID4
      9.60271001E-01    2      1000022         3                       # STR    -->  Z1SS   ST                 
      3.29188034E-02    2      1000023         3                       # STR    -->  Z2SS   ST                 
      1.65181688E-03    2      1000025         3                       # STR    -->  Z3SS   ST                 
      5.15835453E-03    2      1000035         3                       # STR    -->  Z4SS   ST                 
#         PDG         Width
DECAY   2000004  2.23372793E+00   # CHR   decays
#          BR          NDA       ID1     ID2       ID3       ID4
      9.60237622E-01    2      1000022         4                       # CHR    -->  Z1SS   CH                 
      3.29414606E-02    2      1000023         4                       # CHR    -->  Z2SS   CH                 
      1.65345438E-03    2      1000025         4                       # CHR    -->  Z3SS   CH                 
      5.16748102E-03    2      1000035         4                       # CHR    -->  Z4SS   CH                 
#         PDG         Width
DECAY   2000005  1.67764874E+01   # BT2   decays
#          BR          NDA       ID1     ID2       ID3       ID4
      1.13605876E-02    2      1000022         5                       # BT2    -->  Z1SS   BT                 
      5.06048277E-02    2      1000023         5                       # BT2    -->  Z2SS   BT                 
      1.12432223E-02    2      1000025         5                       # BT2    -->  Z3SS   BT                 
      1.11960284E-01    2      1000035         5                       # BT2    -->  Z4SS   BT                 
      3.43279392E-01    2     -1000024         6                       # BT2    -->  W1SS-  TP                 
      4.71550286E-01    2     -1000037         6                       # BT2    -->  W2SS-  TP                 
      1.40034194E-06    2          -24   1000006                       # BT2    -->  W-     TP1                
#         PDG         Width
DECAY   2000006  2.04394493E+01   # TP2   decays
#          BR          NDA       ID1     ID2       ID3       ID4
      5.49754202E-02    2      1000024         5                       # TP2    -->  W1SS+  BT                 
      2.86170423E-01    2      1000037         5                       # TP2    -->  W2SS+  BT                 
      4.81923373E-04    2           23   1000006                       # TP2    -->  Z0     TP1                
      6.54241955E-03    2      1000022         6                       # TP2    -->  Z1SS   TP                 
      1.56657860E-01    2      1000023         6                       # TP2    -->  Z2SS   TP                 
      2.32914120E-01    2      1000025         6                       # TP2    -->  Z3SS   TP                 
      2.62257844E-01    2      1000035         6                       # TP2    -->  Z4SS   TP                 
#         PDG         Width
DECAY   1000011  1.31166413E-01   # EL-   decays
#          BR          NDA       ID1     ID2       ID3       ID4
      9.99944866E-01    2      1000022        11                       # EL-    -->  Z1SS   E-                 
      2.69974571E-05    3      1000015        11       -15             # EL-    -->  TAU1-  E-     TAU+        
      2.81357406E-05    3     -1000015        11        15             # EL-    -->  TAU1+  E-     TAU-        
      2.42455452E-16    2           11   1000039                       # EL-    -->  E-     GVSS               
#         PDG         Width
DECAY   1000013  1.31166369E-01   # MUL-  decays
#          BR          NDA       ID1     ID2       ID3       ID4
      9.99944866E-01    2      1000022        13                       # MUL-   -->  Z1SS   MU-                
      2.69974662E-05    3      1000015        13       -15             # MUL-   -->  TAU1-  MU-    TAU+        
      2.81357497E-05    3     -1000015        13        15             # MUL-   -->  TAU1+  MU-    TAU-        
      2.42455478E-16    2           13   1000039                       # MUL-   -->  MU-    GVSS               
#         PDG         Width
#DECAY   1000015  7.28392862E-19   # TAU1- decays
DECAY   1000015  0.000000000000   # TAU1- decays
#          BR          NDA       ID1     ID2       ID3       ID4
#      1.00000000E+00    2           15   1000039                       # TAU1-  -->  TAU-   GVSS               
#         PDG         Width
DECAY   1000012  1.61007971E-01   # NUEL  decays
#          BR          NDA       ID1     ID2       ID3       ID4
      9.99972224E-01    2      1000022        12                       # NUEL   -->  Z1SS   NUE                
      4.14516535E-06    3      1000015        12       -15             # NUEL   -->  TAU1-  NUE    TAU+        
      5.36473999E-06    3     -1000015        12        15             # NUEL   -->  TAU1+  NUE    TAU-        
      1.82400199E-05    3     -1000015        11        16             # NUEL   -->  TAU1+  E-     NUT         
      1.58457762E-16    2           12   1000039                       # NUEL   -->  NUE    GVSS               
#         PDG         Width
DECAY   1000014  1.61007971E-01   # NUML  decays
#          BR          NDA       ID1     ID2       ID3       ID4
      9.99972224E-01    2      1000022        14                       # NUML   -->  Z1SS   NUM                
      4.14516535E-06    3      1000015        14       -15             # NUML   -->  TAU1-  NUM    TAU+        
      5.36473999E-06    3     -1000015        14        15             # NUML   -->  TAU1+  NUM    TAU-        
      1.82420099E-05    3     -1000015        13        16             # NUML   -->  TAU1+  MU-    NUT         
      1.58457762E-16    2           14   1000039                       # NUML   -->  NUM    GVSS               
#         PDG         Width
DECAY   1000016  1.86875120E-01   # NUTL  decays
#          BR          NDA       ID1     ID2       ID3       ID4
      8.59183490E-01    2      1000022        16                       # NUTL   -->  Z1SS   NUT                
      1.40807971E-01    2           24   1000015                       # NUTL   -->  W+     TAU1-              
      3.99339342E-06    3     -1000015        16        15             # NUTL   -->  TAU1+  NUT    TAU-        
      4.57542592E-06    3      1000015        16       -15             # NUTL   -->  TAU1-  NUT    TAU+        
      1.36021646E-16    2           16   1000039                       # NUTL   -->  NUT    GVSS               
#         PDG         Width
DECAY   2000011  1.24419236E-12   # ER-   decays
#          BR          NDA       ID1     ID2       ID3       ID4
      3.75620425E-01    3      1000015        11       -15             # ER-    -->  TAU1-  E-     TAU+        
      6.24378920E-01    3     -1000015        11        15             # ER-    -->  TAU1+  E-     TAU-        
      1.46732123E-11    3      1000015        12       -16             # ER-    -->  TAU1-  NUE    ANUT        
      6.42488260E-07    2           11   1000039                       # ER-    -->  E-     GVSS               
#         PDG         Width
DECAY   2000013  1.24431964E-12   # MUR-  decays
#          BR          NDA       ID1     ID2       ID3       ID4
      3.75620306E-01    3      1000015        13       -15             # MUR-   -->  TAU1-  MU-    TAU+        
      6.24378443E-01    3     -1000015        13        15             # MUR-   -->  TAU1+  MU-    TAU-        
      6.25014991E-07    3      1000015        14       -16             # MUR-   -->  TAU1-  NUM    ANUT        
      6.42421981E-07    2           13   1000039                       # MUR-   -->  MU-    GVSS               
#         PDG         Width
DECAY   2000015  1.73212722E-01   # TAU2- decays
#          BR          NDA       ID1     ID2       ID3       ID4
      7.66157150E-01    2      1000022        15                       # TAU2-  -->  Z1SS   TAU-               
      9.07205045E-02    2           23   1000015                       # TAU2-  -->  Z0     TAU1-              
      1.43122345E-01    2           25   1000015                       # TAU2-  -->  HL0    TAU1-              
#         PDG         Width
DECAY   1000022  4.50684011E-01   # Z1SS  decays
#          BR          NDA       ID1     ID2       ID3       ID4
      1.60262272E-01    2      2000011       -11                       # Z1SS   -->  ER-    E+                 
      1.60262272E-01    2     -2000011        11                       # Z1SS   -->  ER+    E-                 
      1.60261706E-01    2      2000013       -13                       # Z1SS   -->  MUR-   MU+                
      1.60261706E-01    2     -2000013        13                       # Z1SS   -->  MUR+   MU-                
      1.79476023E-01    2      1000015       -15                       # Z1SS   -->  TAU1-  TAU+               
      1.79476023E-01    2     -1000015        15                       # Z1SS   -->  TAU1+  TAU-               
      4.12503598E-18    2      1000039        22                       # Z1SS   -->  GVSS   GM                 
      8.81374901E-20    3      1000039        11       -11             # Z1SS   -->  GVSS   E-     E+          
      6.49610474E-19    2      1000039        23                       # Z1SS   -->  GVSS   Z0                 
      5.34568177E-21    2      1000039        25                       # Z1SS   -->  GVSS   HL0                
#         PDG         Width
DECAY   1000023  2.80905515E-01   # Z2SS  decays
#          BR          NDA       ID1     ID2       ID3       ID4
      1.59534068E-07    2      1000022        22                       # Z2SS   -->  Z1SS   GM                 
      3.30994502E-02    2      1000022        23                       # Z2SS   -->  Z1SS   Z0                 
      3.40923378E-08    3      1000022         2        -2             # Z2SS   -->  Z1SS   UP     UB          
      3.09323696E-08    3      1000022         1        -1             # Z2SS   -->  Z1SS   DN     DB          
      3.09323696E-08    3      1000022         3        -3             # Z2SS   -->  Z1SS   ST     SB          
      3.40922206E-08    3      1000022         4        -4             # Z2SS   -->  Z1SS   CH     CB          
      4.69871878E-07    3      1000022         5        -5             # Z2SS   -->  Z1SS   BT     BB          
      6.61142536E-08    3      1000022        15       -15             # Z2SS   -->  Z1SS   TAU-   TAU+        
      3.66730839E-01    2      1000022        25                       # Z2SS   -->  Z1SS   HL0                
      3.89511697E-03    2      1000011       -11                       # Z2SS   -->  EL-    E+                 
      3.89511697E-03    2     -1000011        11                       # Z2SS   -->  EL+    E-                 
      3.89488623E-03    2      1000013       -13                       # Z2SS   -->  MUL-   MU+                
      3.89488623E-03    2     -1000013        13                       # Z2SS   -->  MUL+   MU-                
      7.13399723E-02    2      2000011       -11                       # Z2SS   -->  ER-    E+                 
      7.13399723E-02    2     -2000011        11                       # Z2SS   -->  ER+    E-                 
      7.13399649E-02    2      2000013       -13                       # Z2SS   -->  MUR-   MU+                
      7.13399649E-02    2     -2000013        13                       # Z2SS   -->  MUR+   MU-                
      1.11115053E-01    2      1000015       -15                       # Z2SS   -->  TAU1-  TAU+               
      1.11115053E-01    2     -1000015        15                       # Z2SS   -->  TAU1+  TAU-               
      3.95164406E-03    2      2000015       -15                       # Z2SS   -->  TAU2-  TAU+               
      3.95164406E-03    2     -2000015        15                       # Z2SS   -->  TAU2+  TAU-               
      1.14433710E-02    2      1000012       -12                       # Z2SS   -->  NUEL   ANUE               
      1.14433710E-02    2     -1000012        12                       # Z2SS   -->  ANUEL  NUE                
      1.14433710E-02    2      1000014       -14                       # Z2SS   -->  NUML   ANUM               
      1.14433710E-02    2     -1000014        14                       # Z2SS   -->  ANUML  NUM                
      1.16610620E-02    2      1000016       -16                       # Z2SS   -->  NUTL   ANUT               
      1.16610620E-02    2     -1000016        16                       # Z2SS   -->  ANUTL  NUT                
      2.76867294E-17    2      1000039        22                       # Z2SS   -->  GVSS   GM                 
      6.15562324E-19    3      1000039        11       -11             # Z2SS   -->  GVSS   E-     E+          
      3.44979976E-17    2      1000039        23                       # Z2SS   -->  GVSS   Z0                 
      8.50832932E-18    2      1000039        25                       # Z2SS   -->  GVSS   HL0                
#         PDG         Width
DECAY   1000025  2.29708761E-01   # Z3SS  decays
#          BR          NDA       ID1     ID2       ID3       ID4
      2.91457241E-07    2      1000022        22                       # Z3SS   -->  Z1SS   GM                 
      2.85450857E-10    2      1000023        22                       # Z3SS   -->  Z2SS   GM                 
      1.06547857E-04    3     -1000024         2        -1             # Z3SS   -->  W1SS-  UP     DB          
      3.55159536E-05    3     -1000024        12       -11             # Z3SS   -->  W1SS-  NUE    E+          
      3.55159536E-05    3     -1000024        14       -13             # Z3SS   -->  W1SS-  NUM    MU+         
      1.06547857E-04    3      1000024         1        -2             # Z3SS   -->  W1SS+  DN     UB          
      3.55159536E-05    3      1000024        11       -12             # Z3SS   -->  W1SS+  E-     ANUE        
      3.55159536E-05    3      1000024        13       -14             # Z3SS   -->  W1SS+  MU-    ANUM        
      1.06547857E-04    3     -1000024         4        -3             # Z3SS   -->  W1SS-  CH     SB          
      3.55159536E-05    3     -1000024        16       -15             # Z3SS   -->  W1SS-  NUT    TAU+        
      1.06547857E-04    3      1000024         3        -4             # Z3SS   -->  W1SS+  ST     CB          
      3.55159536E-05    3      1000024        15       -16             # Z3SS   -->  W1SS+  TAU-   ANUT        
      8.04879129E-01    2      1000022        23                       # Z3SS   -->  Z1SS   Z0                 
      1.76430615E-09    3      1000022         2        -2             # Z3SS   -->  Z1SS   UP     UB          
      7.30843608E-10    3      1000022         1        -1             # Z3SS   -->  Z1SS   DN     DB          
      7.30843608E-10    3      1000022         3        -3             # Z3SS   -->  Z1SS   ST     SB          
      1.76429993E-09    3      1000022         4        -4             # Z3SS   -->  Z1SS   CH     CB          
      1.50752930E-06    3      1000022         5        -5             # Z3SS   -->  Z1SS   BT     BB          
      2.33555397E-07    3      1000022        15       -15             # Z3SS   -->  Z1SS   TAU-   TAU+        
      3.06917391E-05    3      1000023         2        -2             # Z3SS   -->  Z2SS   UP     UB          
      3.95307725E-05    3      1000023         1        -1             # Z3SS   -->  Z2SS   DN     DB          
      3.95307725E-05    3      1000023         3        -3             # Z3SS   -->  Z2SS   ST     SB          
      3.06917391E-05    3      1000023         4        -4             # Z3SS   -->  Z2SS   CH     CB          
      3.31330521E-05    3      1000023         5        -5             # Z3SS   -->  Z2SS   BT     BB          
      8.97321206E-06    3      1000023        11       -11             # Z3SS   -->  Z2SS   E-     E+          
      8.97321206E-06    3      1000023        13       -13             # Z3SS   -->  Z2SS   MU-    MU+         
      8.71085285E-06    3      1000023        15       -15             # Z3SS   -->  Z2SS   TAU-   TAU+        
      1.78538721E-05    3      1000023        12       -12             # Z3SS   -->  Z2SS   NUE    ANUE        
      1.78538721E-05    3      1000023        14       -14             # Z3SS   -->  Z2SS   NUM    ANUM        
      1.78538721E-05    3      1000023        16       -16             # Z3SS   -->  Z2SS   NUT    ANUT        
      3.53773534E-02    2      1000022        25                       # Z3SS   -->  Z1SS   HL0                
      2.70171004E-04    2      1000011       -11                       # Z3SS   -->  EL-    E+                 
      2.70171004E-04    2     -1000011        11                       # Z3SS   -->  EL+    E-                 
      2.70170451E-04    2      1000013       -13                       # Z3SS   -->  MUL-   MU+                
      2.70170451E-04    2     -1000013        13                       # Z3SS   -->  MUL+   MU-                
      5.75115066E-03    2      2000011       -11                       # Z3SS   -->  ER-    E+                 
      5.75115066E-03    2     -2000011        11                       # Z3SS   -->  ER+    E-                 
      5.75114926E-03    2      2000013       -13                       # Z3SS   -->  MUR-   MU+                
      5.75114926E-03    2     -2000013        13                       # Z3SS   -->  MUR+   MU-                
      5.50491251E-02    2      1000015       -15                       # Z3SS   -->  TAU1-  TAU+               
      5.50491251E-02    2     -1000015        15                       # Z3SS   -->  TAU1+  TAU-               
      5.16089564E-03    2      2000015       -15                       # Z3SS   -->  TAU2-  TAU+               
      5.16089564E-03    2     -2000015        15                       # Z3SS   -->  TAU2+  TAU-               
      2.38517462E-03    2      1000012       -12                       # Z3SS   -->  NUEL   ANUE               
      2.38517462E-03    2     -1000012        12                       # Z3SS   -->  ANUEL  NUE                
      2.38517462E-03    2      1000014       -14                       # Z3SS   -->  NUML   ANUM               
      2.38517462E-03    2     -1000014        14                       # Z3SS   -->  ANUML  NUM                
      2.40117870E-03    2      1000016       -16                       # Z3SS   -->  NUTL   ANUT               
      2.40117870E-03    2     -1000016        16                       # Z3SS   -->  ANUTL  NUT                
      2.65520550E-20    2      1000039        22                       # Z3SS   -->  GVSS   GM                 
      5.95176646E-22    3      1000039        11       -11             # Z3SS   -->  GVSS   E-     E+          
      4.54369682E-17    2      1000039        23                       # Z3SS   -->  GVSS   Z0                 
      5.79351081E-17    2      1000039        25                       # Z3SS   -->  GVSS   HL0                
#         PDG         Width
DECAY   1000035  2.55738926E+00   # Z4SS  decays
#          BR          NDA       ID1     ID2       ID3       ID4
      4.71694772E-09    2      1000022        22                       # Z4SS   -->  Z1SS   GM                 
      2.30693885E-07    2      1000023        22                       # Z4SS   -->  Z2SS   GM                 
      3.21840901E-07    2      1000025        22                       # Z4SS   -->  Z3SS   GM                 
      1.09906815E-01    2      1000024       -24                       # Z4SS   -->  W1SS+  W-                 
      1.09906815E-01    2     -1000024        24                       # Z4SS   -->  W1SS-  W+                 
      1.53317400E-10    3     -1000037         2        -1             # Z4SS   -->  W2SS-  UP     DB          
      5.11058036E-11    3     -1000037        12       -11             # Z4SS   -->  W2SS-  NUE    E+          
      5.11058036E-11    3     -1000037        14       -13             # Z4SS   -->  W2SS-  NUM    MU+         
      1.53317400E-10    3      1000037         1        -2             # Z4SS   -->  W2SS+  DN     UB          
      5.11058036E-11    3      1000037        11       -12             # Z4SS   -->  W2SS+  E-     ANUE        
      5.11058036E-11    3      1000037        13       -14             # Z4SS   -->  W2SS+  MU-    ANUM        
      1.53317400E-10    3     -1000037         4        -3             # Z4SS   -->  W2SS-  CH     SB          
      5.11058036E-11    3     -1000037        16       -15             # Z4SS   -->  W2SS-  NUT    TAU+        
      1.53317400E-10    3      1000037         3        -4             # Z4SS   -->  W2SS+  ST     CB          
      5.11058036E-11    3      1000037        15       -16             # Z4SS   -->  W2SS+  TAU-   ANUT        
      2.69309245E-03    2      1000022        23                       # Z4SS   -->  Z1SS   Z0                 
      4.66623489E-04    2      1000023        23                       # Z4SS   -->  Z2SS   Z0                 
      4.07724627E-08    3      1000022         2        -2             # Z4SS   -->  Z1SS   UP     UB          
      1.08363842E-07    3      1000022         1        -1             # Z4SS   -->  Z1SS   DN     DB          
      1.08363842E-07    3      1000022         3        -3             # Z4SS   -->  Z1SS   ST     SB          
      4.07723242E-08    3      1000022         4        -4             # Z4SS   -->  Z1SS   CH     CB          
      1.44547343E-07    3      1000022         5        -5             # Z4SS   -->  Z1SS   BT     BB          
      3.77560694E-09    3      1000022        15       -15             # Z4SS   -->  Z1SS   TAU-   TAU+        
      3.54166474E-08    3      1000023         2        -2             # Z4SS   -->  Z2SS   UP     UB          
      2.98596525E-08    3      1000023         1        -1             # Z4SS   -->  Z2SS   DN     DB          
      2.98596525E-08    3      1000023         3        -3             # Z4SS   -->  Z2SS   ST     SB          
      3.54165195E-08    3      1000023         4        -4             # Z4SS   -->  Z2SS   CH     CB          
      4.83738241E-08    3      1000023         5        -5             # Z4SS   -->  Z2SS   BT     BB          
      2.00781525E-09    3      1000023        15       -15             # Z4SS   -->  Z2SS   TAU-   TAU+        
      8.30350182E-05    3      1000025         2        -2             # Z4SS   -->  Z3SS   UP     UB          
      1.07246102E-04    3      1000025         1        -1             # Z4SS   -->  Z3SS   DN     DB          
      1.07246102E-04    3      1000025         3        -3             # Z4SS   -->  Z3SS   ST     SB          
      8.30350182E-05    3      1000025         4        -4             # Z4SS   -->  Z3SS   CH     CB          
      1.05374667E-04    3      1000025         5        -5             # Z4SS   -->  Z3SS   BT     BB          
      2.43069990E-05    3      1000025        11       -11             # Z4SS   -->  Z3SS   E-     E+          
      2.43069990E-05    3      1000025        13       -13             # Z4SS   -->  Z3SS   MU-    MU+         
      2.42232800E-05    3      1000025        15       -15             # Z4SS   -->  Z3SS   TAU-   TAU+        
      4.83632866E-05    3      1000025        12       -12             # Z4SS   -->  Z3SS   NUE    ANUE        
      4.83632866E-05    3      1000025        14       -14             # Z4SS   -->  Z3SS   NUM    ANUM        
      4.83632866E-05    3      1000025        16       -16             # Z4SS   -->  Z3SS   NUT    ANUT        
      1.80448275E-02    2      1000022        25                       # Z4SS   -->  Z1SS   HL0                
      8.20652395E-03    2      1000023        25                       # Z4SS   -->  Z2SS   HL0                
      4.87272404E-02    2      1000011       -11                       # Z4SS   -->  EL-    E+                 
      4.87272404E-02    2     -1000011        11                       # Z4SS   -->  EL+    E-                 
      4.87272367E-02    2      1000013       -13                       # Z4SS   -->  MUL-   MU+                
      4.87272367E-02    2     -1000013        13                       # Z4SS   -->  MUL+   MU-                
      2.54464895E-03    2      2000011       -11                       # Z4SS   -->  ER-    E+                 
      2.54464895E-03    2     -2000011        11                       # Z4SS   -->  ER+    E-                 
      2.54464871E-03    2      2000013       -13                       # Z4SS   -->  MUR-   MU+                
      2.54464871E-03    2     -2000013        13                       # Z4SS   -->  MUR+   MU-                
      2.53365748E-03    2      1000015       -15                       # Z4SS   -->  TAU1-  TAU+               
      2.53365748E-03    2     -1000015        15                       # Z4SS   -->  TAU1+  TAU-               
      4.95960228E-02    2      2000015       -15                       # Z4SS   -->  TAU2-  TAU+               
      4.95960228E-02    2     -2000015        15                       # Z4SS   -->  TAU2+  TAU-               
      7.33884126E-02    2      1000012       -12                       # Z4SS   -->  NUEL   ANUE               
      7.33884126E-02    2     -1000012        12                       # Z4SS   -->  ANUEL  NUE                
      7.33884126E-02    2      1000014       -14                       # Z4SS   -->  NUML   ANUM               
      7.33884126E-02    2     -1000014        14                       # Z4SS   -->  ANUML  NUM                
      7.35848472E-02    2      1000016       -16                       # Z4SS   -->  NUTL   ANUT               
      7.35848472E-02    2     -1000016        16                       # Z4SS   -->  ANUTL  NUT                
      6.06224582E-18    2      1000039        22                       # Z4SS   -->  GVSS   GM                 
      1.37788670E-19    3      1000039        11       -11             # Z4SS   -->  GVSS   E-     E+          
      3.61835534E-17    2      1000039        23                       # Z4SS   -->  GVSS   Z0                 
      4.24750586E-18    2      1000039        25                       # Z4SS   -->  GVSS   HL0                
#         PDG         Width
DECAY   1000024  1.72857776E-01   # W1SS+ decays
#          BR          NDA       ID1     ID2       ID3       ID4
      6.68530689E-08    3      1000022         2        -1             # W1SS+  -->  Z1SS   UP     DB          
      6.68529978E-08    3      1000022         4        -3             # W1SS+  -->  Z1SS   CH     SB          
      8.92860044E-08    3      1000022       -15        16             # W1SS+  -->  Z1SS   TAU+   NUT         
      6.25881016E-01    2      1000022        24                       # W1SS+  -->  Z1SS   W+                 
      3.09412083E-13    3      1000023       -11        12             # W1SS+  -->  Z2SS   E+     NUE         
      3.09412083E-13    3      1000023       -13        14             # W1SS+  -->  Z2SS   MU+    NUM         
      6.84079602E-02    2      1000012       -11                       # W1SS+  -->  NUEL   E+                 
      6.84073791E-02    2      1000014       -13                       # W1SS+  -->  NUML   MU+                
      7.39977211E-02    2      1000016       -15                       # W1SS+  -->  NUTL   TAU+               
      8.83010589E-03    2     -1000011        12                       # W1SS+  -->  EL+    NUE                
      8.83010589E-03    2     -1000013        14                       # W1SS+  -->  MUL+   NUM                
      1.37477770E-01    2     -1000015        16                       # W1SS+  -->  TAU1+  NUT                
      8.16773251E-03    2     -2000015        16                       # W1SS+  -->  TAU2+  NUT                
#         PDG         Width
DECAY   1000037  2.23090124E+00   # W2SS+ decays
#          BR          NDA       ID1     ID2       ID3       ID4
      1.49771083E-07    3      1000022         2        -1             # W2SS+  -->  Z1SS   UP     DB          
      1.49770926E-07    3      1000022         4        -3             # W2SS+  -->  Z1SS   CH     SB          
      8.63524696E-10    3      1000022       -15        16             # W2SS+  -->  Z1SS   TAU+   NUT         
      1.42502999E-02    2      1000022        24                       # W2SS+  -->  Z1SS   W+                 
      2.24980745E-08    3      1000023         2        -1             # W2SS+  -->  Z2SS   UP     DB          
      2.24980354E-08    3      1000023         4        -3             # W2SS+  -->  Z2SS   CH     SB          
      1.30166322E-08    3      1000023       -15        16             # W2SS+  -->  Z2SS   TAU+   NUT         
      1.18293524E-01    2      1000023        24                       # W2SS+  -->  Z2SS   W+                 
      3.73152696E-04    3      1000025         2        -1             # W2SS+  -->  Z3SS   UP     DB          
      3.73152696E-04    3      1000025         4        -3             # W2SS+  -->  Z3SS   CH     SB          
      1.24351485E-04    3      1000025       -11        12             # W2SS+  -->  Z3SS   E+     NUE         
      1.24351485E-04    3      1000025       -13        14             # W2SS+  -->  Z3SS   MU+    NUM         
      1.24352504E-04    3      1000025       -15        16             # W2SS+  -->  Z3SS   TAU+   NUT         
      1.31694347E-01    2      1000012       -11                       # W2SS+  -->  NUEL   E+                 
      1.31694332E-01    2      1000014       -13                       # W2SS+  -->  NUML   MU+                
      1.33193508E-01    2      1000016       -15                       # W2SS+  -->  NUTL   TAU+               
      1.34069800E-01    2     -1000011        12                       # W2SS+  -->  EL+    NUE                
      1.34069800E-01    2     -1000013        14                       # W2SS+  -->  MUL+   NUM                
      4.32445755E-04    2     -1000015        16                       # W2SS+  -->  TAU1+  NUT                
      1.34867862E-01    2     -2000015        16                       # W2SS+  -->  TAU2+  NUT                
      6.32388741E-02    2      1000024        23                       # W2SS+  -->  W1SS+  Z0                 
      4.60902463E-08    3      1000024         1        -1             # W2SS+  -->  W1SS+  DN     DB          
      4.60900864E-08    3      1000024         3        -3             # W2SS+  -->  W1SS+  ST     SB          
      3.93430852E-08    3      1000024         2        -2             # W2SS+  -->  W1SS+  UP     UB          
      3.93430852E-08    3      1000024         4        -4             # W2SS+  -->  W1SS+  CH     CB          
      3.07531981E-03    2      1000024        25                       # W2SS+  -->  W1SS+  HL0                
#         PDG         Width
DECAY        25  5.45722339E-03   # HL0   decays
#          BR          NDA       ID1     ID2       ID3       ID4
      4.20283230E-09    2           11       -11                       # HL0    -->  E-     E+                 
      1.77450245E-04    2           13       -13                       # HL0    -->  MU-    MU+                
      5.07506505E-02    2           15       -15                       # HL0    -->  TAU-   TAU+               
      5.27569318E-06    2            1        -1                       # HL0    -->  DN     DB                 
      2.13164417E-03    2            3        -3                       # HL0    -->  ST     SB                 
      8.43917251E-01    2            5        -5                       # HL0    -->  BT     BB                 
      1.42317356E-06    2            2        -2                       # HL0    -->  UP     UB                 
      3.57907079E-02    2            4        -4                       # HL0    -->  CH     CB                 
      1.30711088E-03    2           22        22                       # HL0    -->  GM     GM                 
      2.86242366E-02    2           21        21                       # HL0    -->  GL     GL                 
      1.93703116E-03    3           24        11       -12             # HL0    -->  W+     E-     ANUE        
      1.93703116E-03    3           24        13       -14             # HL0    -->  W+     MU-    ANUM        
      1.93703116E-03    3           24        15       -16             # HL0    -->  W+     TAU-   ANUT        
      5.81109338E-03    3           24        -2         1             # HL0    -->  W+     UB     DN          
      5.81109338E-03    3           24        -4         3             # HL0    -->  W+     CB     ST          
      1.93703116E-03    3          -24       -11        12             # HL0    -->  W-     E+     NUE         
      1.93703116E-03    3          -24       -13        14             # HL0    -->  W-     MU+    NUM         
      1.93703116E-03    3          -24       -15        16             # HL0    -->  W-     TAU+   NUT         
      5.81109338E-03    3          -24         2        -1             # HL0    -->  W-     UP     DB          
      5.81109338E-03    3          -24         4        -3             # HL0    -->  W-     CH     SB          
      1.66029306E-04    3           23        12       -12             # HL0    -->  Z0     NUE    ANUE        
      1.66029306E-04    3           23        14       -14             # HL0    -->  Z0     NUM    ANUM        
      1.66029306E-04    3           23        16       -16             # HL0    -->  Z0     NUT    ANUT        
      8.35608807E-05    3           23        11       -11             # HL0    -->  Z0     E-     E+          
      8.35608807E-05    3           23        13       -13             # HL0    -->  Z0     MU-    MU+         
      8.35608807E-05    3           23        15       -15             # HL0    -->  Z0     TAU-   TAU+        
      2.86272494E-04    3           23         2        -2             # HL0    -->  Z0     UP     UB          
      2.86272494E-04    3           23         4        -4             # HL0    -->  Z0     CH     CB          
      3.68789479E-04    3           23         1        -1             # HL0    -->  Z0     DN     DB          
      3.68789479E-04    3           23         3        -3             # HL0    -->  Z0     ST     SB          
      3.68789479E-04    3           23         5        -5             # HL0    -->  Z0     BT     BB          
#         PDG         Width
DECAY        35  9.14490283E-01   # HH0   decays
#          BR          NDA       ID1     ID2       ID3       ID4
      9.11873599E-09    2           11       -11                       # HH0    -->  E-     E+                 
      3.85009393E-04    2           13       -13                       # HH0    -->  MU-    MU+                
      1.10263981E-01    2           15       -15                       # HH0    -->  TAU-   TAU+               
      1.12419993E-05    2            1        -1                       # HH0    -->  DN     DB                 
      4.54233633E-03    2            3        -3                       # HH0    -->  ST     SB                 
      6.99341714E-01    2            5        -5                       # HH0    -->  BT     BB                 
      4.26655378E-10    2            2        -2                       # HH0    -->  UP     UB                 
      8.76319791E-06    2            4        -4                       # HH0    -->  CH     CB                 
      1.62195578E-01    2            6        -6                       # HH0    -->  TP     TB                 
      1.29154989E-06    2           22        22                       # HH0    -->  GM     GM                 
      2.68668373E-04    2           21        21                       # HH0    -->  GL     GL                 
      2.79716682E-03    2           24       -24                       # HH0    -->  W+     W-                 
      1.37199531E-03    2           23        23                       # HH0    -->  Z0     Z0                 
      7.88153242E-03    2      1000022   1000022                       # HH0    -->  Z1SS   Z1SS               
      9.86887235E-03    2           25        25                       # HH0    -->  HL0    HL0                
      3.60539707E-04    2      2000011  -2000011                       # HH0    -->  ER-    ER+                
      3.60342936E-04    2      2000013  -2000013                       # HH0    -->  MUR-   MUR+               
      3.33619275E-04    2      1000015  -1000015                       # HH0    -->  TAU1-  TAU1+              
      3.67826715E-06    2      1000015  -2000015                       # HH0    -->  TAU1-  TAU2+              
      3.67826715E-06    2      2000015  -1000015                       # HH0    -->  TAU2-  TAU1+              
#         PDG         Width
DECAY        36  1.00844359E+00   # HA0   decays
#          BR          NDA       ID1     ID2       ID3       ID4
      8.22382962E-09    2           11       -11                       # HA0    -->  E-     E+                 
      3.47224908E-04    2           13       -13                       # HA0    -->  MU-    MU+                
      9.94479060E-02    2           15       -15                       # HA0    -->  TAU-   TAU+               
      1.01394307E-05    2            1        -1                       # HA0    -->  DN     DB                 
      4.09684377E-03    2            3        -3                       # HA0    -->  ST     SB                 
      6.30882919E-01    2            5        -5                       # HA0    -->  BT     BB                 
      3.24429261E-10    2            2        -2                       # HA0    -->  UP     UB                 
      6.66980668E-06    2            4        -4                       # HA0    -->  CH     CB                 
      2.34777719E-01    2            6        -6                       # HA0    -->  TP     TB                 
      9.48594675E-07    2           22        22                       # HA0    -->  GM     GM                 
      2.03308722E-04    2           21        21                       # HA0    -->  GL     GL                 
      2.80244071E-02    2      1000022   1000022                       # HA0    -->  Z1SS   Z1SS               
      2.19710474E-03    2           25        23                       # HA0    -->  HL0    Z0                 
      6.20197397E-07    2      1000015  -1000015                       # HA0    -->  TAU1-  TAU1+              
      2.10131589E-06    2      1000015  -2000015                       # HA0    -->  TAU1-  TAU2+              
      2.10131589E-06    2      2000015  -1000015                       # HA0    -->  TAU2-  TAU1+              
#         PDG         Width
DECAY        37  7.68800855E-01   # H+    decays
#          BR          NDA       ID1     ID2       ID3       ID4
      1.10028155E-08    2           12       -11                       # H+     -->  NUE    E+                 
      4.64558689E-04    2           14       -13                       # H+     -->  NUM    MU+                
      1.33053347E-01    2           16       -15                       # H+     -->  NUT    TAU+               
      1.23898944E-05    2            2        -1                       # H+     -->  UP     DB                 
      5.01403678E-03    2            4        -3                       # H+     -->  CH     SB                 
      8.58255863E-01    2            6        -5                       # H+     -->  TP     BB                 
      3.14116129E-03    2           25        24                       # H+     -->  HL0    W+                 
      5.86153546E-05    2     -1000015   1000016                       # H+     -->  TAU1+  NUTL               
