#  ISAJET decay tables in SUSY Les Houches accord format
#  Created by ISALHD. Last revision: C. Balazs, 2005 May 25
Block DCINFO   # Program information
    1             ISASUGRA from ISAJET          # Spectrum Calculator
    2   7.69   21-AUG-2003 11:39:06             # Version number
#  SUSY parameters in Les Houches accord format
Block MODSEL   # Model selection
    1    2   #  Minimal gauge mediated (GMSB) model              
Block MINPAR   # Input parameters
    1    1.600000000E+05   # Lambda
    2    3.200000000E+05   # M_mes
    3    3.000000000E+00   # N_5
    4    1.000000000E+01   # tan(beta
    5    1.000000000E+00   # sgn(mu)
    6    1.740000000E+02   # M_t
    7    1.000000000E+04   # C_grav
Block EXTPAR    # Input parameters - non-minimal models
    8    1.000000000E+00   # Rsl
    9    0.000000000E+00   # dmH_d^2
   10    0.000000000E+00   # dmH_u^2
   11    0.000000000E+00   # d_Y
   12    3.000000000E+00   # N5_1
   13    3.000000000E+00   # N5_2
   14    3.000000000E+00   # N5_3
#  
Block MASS   # Scalar and gaugino mass spectrum
#  PDG code   mass                 particle
         6    1.740000000E+02   #  top            
        25    1.195353928E+02   #  h^0            
        35    1.426547241E+03   #  H^0            
        36    1.417090576E+03   #  A^0            
        37    1.428695190E+03   #  H^+            
   1000001    3.228002441E+03   #  dnl            
   1000002    3.226957031E+03   #  upl            
   1000003    3.228002441E+03   #  stl            
   1000004    3.226957520E+03   #  chl            
   1000005    3.082583496E+03   #  b1             
   1000006    2.876851562E+03   #  t1             
   1000011    1.035397827E+03   #  el-            
   1000012    1.019734985E+03   #  nuel           
   1000013    1.035397827E+03   #  mul-           
   1000014    1.019734985E+03   #  numl           
   1000015    4.941044922E+02   #  tau1           
   1000016    1.019012085E+03   #  nutl           
   1000021    3.347935059E+03   #  glss           
   1000022    6.706069336E+02   #  z1ss           
   1000023    9.960378418E+02   #  z2ss           
   1000024    1.012264954E+03   #  w1ss           
   1000025   -1.004428772E+03   #  z3ss           
   1000035    1.322503052E+03   #  z4ss           
   1000037    1.303263306E+03   #  w2ss           
   2000001    3.081493164E+03   #  dnr            
   2000002    3.094244385E+03   #  upr            
   2000003    3.081493164E+03   #  str            
   2000004    3.094244629E+03   #  chr            
   2000005    3.121777588E+03   #  b2             
   2000006    3.141328613E+03   #  t2             
   2000011    4.993723755E+02   #  er-            
   2000013    4.993723755E+02   #  mur-           
   2000015    1.034529297E+03   #  tau2           
   1000039    1.231680653E-04   # gravitino       
Block ALPHA   # Higgs mixing
    1   -1.007451117E-01   # alpha
Block HMIX Q= 2.963115723E+03   # Higgs parameters
    1    9.895366211E+02   # mu
Block STOPMIX   # stop mixing matrix
  1  1    8.942855150E-02
  1  2   -9.959932566E-01
  2  1    9.959932566E-01
  2  2    8.942855150E-02
Block SBOTMIX   # sbottom mixing matrix
  1  1    1.017274782E-01
  1  2   -9.948123097E-01
  2  1    9.948123097E-01
  2  2    1.017274782E-01
Block STAUMIX   # stau mixing matrix
  1  1    1.632148586E-02
  1  2   -9.998667836E-01
  2  1    9.998667836E-01
  2  2    1.632148586E-02
Block NMIX   # neutralino mixing matrix
  1  1    9.942095280E-01   # N_11
  1  2   -9.047471918E-03   # N_12
  1  3    8.598144352E-02   # N_13
  1  4   -6.381928921E-02   # N_14
  2  1   -1.057976633E-01   # N_21
  2  2   -1.875536293E-01   # N_22
  2  3    6.927057505E-01   # N_23
  2  4   -6.883232594E-01   # N_24
  3  1    1.547638047E-02   # N_31
  3  2   -2.076194808E-02   # N_32
  3  3   -7.062603235E-01   # N_33
  3  4   -7.074786425E-01   # N_34
  4  1    1.071936358E-02   # N_41
  4  2   -9.819931984E-01   # N_42
  4  3   -1.181618422E-01   # N_43
  4  4    1.470107883E-01   # N_44
Block UMIX   # chargino U mixing matrix
  1  1   -1.763524860E-01
  1  2    9.843270779E-01
  2  1   -9.843270779E-01
  2  2   -1.763524860E-01
Block VMIX   # chargino V mixing matrix
  1  1   -2.202189267E-01
  1  2    9.754504561E-01
  2  1   -9.754504561E-01
  2  2   -2.202189267E-01
Block AU Q= 2.963115723E+03   #  The trilinear couplings
  3  3   -1.061977783E+03    7.199401757+165   #
Block AD Q= 2.963115723E+03   #  The trilinear couplings
  3  3   -1.168443481E+03    3.580431530+252   #
Block AE Q= 2.963115723E+03   #  The trilinear couplings
  3  3   -1.742204742E+02    1.456328742E+45   #
Block SPINFO   # Program information
    1                                ISASUGRA   # Spectrum Calculator
    2    ISAJET     V7.69   21-AUG-2003 11:39   # Version number
#         PDG         Width
DECAY         6  1.18783092E+00   # TP    decays
#          BR          NDA       ID1     ID2       ID3       ID4
      3.33333343E-01    3            2        -1         5             # TP     -->  UP     DB     BT          
      3.33333343E-01    3            4        -3         5             # TP     -->  CH     SB     BT          
      1.11111112E-01    3          -11        12         5             # TP     -->  E+     NUE    BT          
      1.11111112E-01    3          -13        14         5             # TP     -->  MU+    NUM    BT          
      1.11111112E-01    3          -15        16         5             # TP     -->  TAU+   NUT    BT          
#         PDG         Width
DECAY   1000021  1.49663239E+01   # GLSS  decays
#          BR          NDA       ID1     ID2       ID3       ID4
      1.15386816E-02    2     -1000002         2                       # GLSS   -->  UBL    UP                 
      1.15386816E-02    2      1000002        -2                       # GLSS   -->  UPL    UB                 
      1.13437269E-02    2     -1000001         1                       # GLSS   -->  DBL    DN                 
      1.13437269E-02    2      1000001        -1                       # GLSS   -->  DNL    DB                 
      4.87124957E-02    2     -2000002         2                       # GLSS   -->  UBR    UP                 
      4.87124957E-02    2      2000002        -2                       # GLSS   -->  UPR    UB                 
      5.35199232E-02    2     -2000001         1                       # GLSS   -->  DBR    DN                 
      5.35199232E-02    2      2000001        -1                       # GLSS   -->  DNR    DB                 
      1.13437111E-02    2     -1000003         3                       # GLSS   -->  SBL    ST                 
      1.13437111E-02    2      1000003        -3                       # GLSS   -->  STL    SB                 
      5.35199083E-02    2     -2000003         3                       # GLSS   -->  SBR    ST                 
      5.35199083E-02    2      2000003        -3                       # GLSS   -->  STR    SB                 
      1.15378946E-02    2     -1000004         4                       # GLSS   -->  CBL    CH                 
      1.15378946E-02    2      1000004        -4                       # GLSS   -->  CHL    CB                 
      4.87117730E-02    2     -2000004         4                       # GLSS   -->  CBR    CH                 
      4.87117730E-02    2      2000004        -4                       # GLSS   -->  CHR    CB                 
      5.28813004E-02    2     -1000005         5                       # GLSS   -->  BB1    BT                 
      5.28813004E-02    2      1000005        -5                       # GLSS   -->  BT1    BB                 
      3.92161869E-02    2     -2000005         5                       # GLSS   -->  BB2    BT                 
      3.92161869E-02    2      2000005        -5                       # GLSS   -->  BT2    BB                 
      1.36870116E-01    2     -1000006         6                       # GLSS   -->  TB1    TP                 
      1.36870116E-01    2      1000006        -6                       # GLSS   -->  TP1    TB                 
      2.08042823E-02    2     -2000006         6                       # GLSS   -->  TB2    TP                 
      2.08042823E-02    2      2000006        -6                       # GLSS   -->  TP2    TB                 
      2.13284929E-15    2      1000039        21                       # GLSS   -->  GVSS   GL                 
#         PDG         Width
DECAY   1000002  2.90593510E+01   # UPL   decays
#          BR          NDA       ID1     ID2       ID3       ID4
      1.28221642E-02    2      1000022         2                       # UPL    -->  Z1SS   UP                 
      1.63843669E-02    2      1000023         2                       # UPL    -->  Z2SS   UP                 
      1.22518250E-04    2      1000025         2                       # UPL    -->  Z3SS   UP                 
      3.10803205E-01    2      1000035         2                       # UPL    -->  Z4SS   UP                 
      3.68540287E-02    2      1000024         1                       # UPL    -->  W1SS+  DN                 
      6.23013735E-01    2      1000037         1                       # UPL    -->  W2SS+  DN                 
#         PDG         Width
DECAY   1000001  2.90182304E+01   # DNL   decays
#          BR          NDA       ID1     ID2       ID3       ID4
      1.56711806E-02    2      1000022         1                       # DNL    -->  Z1SS   DN                 
      1.08410483E-02    2      1000023         1                       # DNL    -->  Z2SS   DN                 
      2.12690560E-04    2      1000025         1                       # DNL    -->  Z3SS   DN                 
      3.13927084E-01    2      1000035         1                       # DNL    -->  Z4SS   DN                 
      2.36785915E-02    2     -1000024         2                       # DNL    -->  W1SS-  UP                 
      6.35669410E-01    2     -1000037         2                       # DNL    -->  W2SS-  UP                 
#         PDG         Width
DECAY   1000003  2.90182209E+01   # STL   decays
#          BR          NDA       ID1     ID2       ID3       ID4
      1.56711861E-02    2      1000022         3                       # STL    -->  Z1SS   ST                 
      1.08410520E-02    2      1000023         3                       # STL    -->  Z2SS   ST                 
      2.12690633E-04    2      1000025         3                       # STL    -->  Z3SS   ST                 
      3.13927203E-01    2      1000035         3                       # STL    -->  Z4SS   ST                 
      2.36785896E-02    2     -1000024         4                       # STL    -->  W1SS-  CH                 
      6.35669291E-01    2     -1000037         4                       # STL    -->  W2SS-  CH                 
#         PDG         Width
DECAY   1000004  2.90593529E+01   # CHL   decays
#          BR          NDA       ID1     ID2       ID3       ID4
      1.28221624E-02    2      1000022         4                       # CHL    -->  Z1SS   CH                 
      1.63843632E-02    2      1000023         4                       # CHL    -->  Z2SS   CH                 
      1.22518206E-04    2      1000025         4                       # CHL    -->  Z3SS   CH                 
      3.10803086E-01    2      1000035         4                       # CHL    -->  Z4SS   CH                 
      3.68540324E-02    2      1000024         3                       # CHL    -->  W1SS+  ST                 
      6.23013854E-01    2      1000037         3                       # CHL    -->  W2SS+  ST                 
#         PDG         Width
DECAY   1000005  3.51135230E+00   # BT1   decays
#          BR          NDA       ID1     ID2       ID3       ID4
      4.51720148E-01    2      1000022         5                       # BT1    -->  Z1SS   BT                 
      1.14504054E-01    2      1000023         5                       # BT1    -->  Z2SS   BT                 
      9.55872834E-02    2      1000025         5                       # BT1    -->  Z3SS   BT                 
      1.19424574E-02    2      1000035         5                       # BT1    -->  Z4SS   BT                 
      2.98030674E-01    2     -1000024         6                       # BT1    -->  W1SS-  TP                 
      2.74629965E-02    2     -1000037         6                       # BT1    -->  W2SS-  TP                 
      7.52372725E-04    2          -24   1000006                       # BT1    -->  W-     TP1                
#         PDG         Width
DECAY   1000006  5.90468140E+01   # TP1   decays
#          BR          NDA       ID1     ID2       ID3       ID4
      9.91717577E-02    2      1000022         6                       # TP1    -->  Z1SS   TP                 
      2.19111562E-01    2      1000023         6                       # TP1    -->  Z2SS   TP                 
      2.28559032E-01    2      1000025         6                       # TP1    -->  Z3SS   TP                 
      3.23780486E-03    2      1000035         6                       # TP1    -->  Z4SS   TP                 
      4.41915482E-01    2      1000024         5                       # TP1    -->  W1SS+  BT                 
      8.00436269E-03    2      1000037         5                       # TP1    -->  W2SS+  BT                 
#         PDG         Width
DECAY   2000002  6.34449100E+00   # UPR   decays
#          BR          NDA       ID1     ID2       ID3       ID4
      9.89788592E-01    2      1000022         2                       # UPR    -->  Z1SS   UP                 
      9.91541333E-03    2      1000023         2                       # UPR    -->  Z2SS   UP                 
      2.11347404E-04    2      1000025         2                       # UPR    -->  Z3SS   UP                 
      8.46251496E-05    2      1000035         2                       # UPR    -->  Z4SS   UP                 
#         PDG         Width
DECAY   2000001  1.57827759E+00   # DNR   decays
#          BR          NDA       ID1     ID2       ID3       ID4
      9.89799917E-01    2      1000022         1                       # DNR    -->  Z1SS   DN                 
      9.90461931E-03    2      1000023         1                       # DNR    -->  Z2SS   DN                 
      2.11109640E-04    2      1000025         1                       # DNR    -->  Z3SS   DN                 
      8.43816379E-05    2      1000035         1                       # DNR    -->  Z4SS   DN                 
#         PDG         Width
DECAY   2000003  1.57827759E+00   # STR   decays
#          BR          NDA       ID1     ID2       ID3       ID4
      9.89799917E-01    2      1000022         3                       # STR    -->  Z1SS   ST                 
      9.90461931E-03    2      1000023         3                       # STR    -->  Z2SS   ST                 
      2.11109640E-04    2      1000025         3                       # STR    -->  Z3SS   ST                 
      8.43816379E-05    2      1000035         3                       # STR    -->  Z4SS   ST                 
#         PDG         Width
DECAY   2000004  6.34448957E+00   # CHR   decays
#          BR          NDA       ID1     ID2       ID3       ID4
      9.89788592E-01    2      1000022         4                       # CHR    -->  Z1SS   CH                 
      9.91541240E-03    2      1000023         4                       # CHR    -->  Z2SS   CH                 
      2.11347389E-04    2      1000025         4                       # CHR    -->  Z3SS   CH                 
      8.46251351E-05    2      1000035         4                       # CHR    -->  Z4SS   CH                 
#         PDG         Width
DECAY   2000005  5.77321663E+01   # BT2   decays
#          BR          NDA       ID1     ID2       ID3       ID4
      7.36146001E-03    2      1000022         5                       # BT2    -->  Z1SS   BT                 
      1.01717710E-02    2      1000023         5                       # BT2    -->  Z2SS   BT                 
      6.40856288E-03    2      1000025         5                       # BT2    -->  Z3SS   BT                 
      1.47926748E-01    2      1000035         5                       # BT2    -->  Z4SS   BT                 
      4.93212491E-01    2     -1000024         6                       # BT2    -->  W1SS-  TP                 
      3.27083111E-01    2     -1000037         6                       # BT2    -->  W2SS-  TP                 
      7.83585198E-03    2          -24   1000006                       # BT2    -->  W-     TP1                
#         PDG         Width
DECAY   2000006  5.94684525E+01   # TP2   decays
#          BR          NDA       ID1     ID2       ID3       ID4
      1.61838662E-02    2      1000024         5                       # TP2    -->  W1SS+  BT                 
      3.02187741E-01    2      1000037         5                       # TP2    -->  W2SS+  BT                 
      4.73101344E-03    2           23   1000006                       # TP2    -->  Z0     TP1                
      9.94451065E-03    2           25   1000006                       # TP2    -->  HL0    TP1                
      7.11320667E-03    2      1000022         6                       # TP2    -->  Z1SS   TP                 
      2.44318351E-01    2      1000023         6                       # TP2    -->  Z2SS   TP                 
      2.53380686E-01    2      1000025         6                       # TP2    -->  Z3SS   TP                 
      1.62140638E-01    2      1000035         6                       # TP2    -->  Z4SS   TP                 
#         PDG         Width
DECAY   1000011  4.26145285E-01   # EL-   decays
#          BR          NDA       ID1     ID2       ID3       ID4
      9.95318115E-01    2      1000022        11                       # EL-    -->  Z1SS   E-                 
      3.43452627E-03    2      1000023        11                       # EL-    -->  Z2SS   E-                 
      5.33406455E-06    2      1000025        11                       # EL-    -->  Z3SS   E-                 
      1.24194368E-03    2     -1000024        12                       # EL-    -->  W1SS-  NUE                
      4.38828032E-08    3      1000015        11       -15             # EL-    -->  TAU1-  E-     TAU+        
      3.51246641E-08    3     -1000015        11        15             # EL-    -->  TAU1+  E-     TAU-        
      2.11918445E-16    2           11   1000039                       # EL-    -->  E-     GVSS               
#         PDG         Width
DECAY   1000013  4.26145226E-01   # MUL-  decays
#          BR          NDA       ID1     ID2       ID3       ID4
      9.95318115E-01    2      1000022        13                       # MUL-   -->  Z1SS   MU-                
      3.43451346E-03    2      1000023        13                       # MUL-   -->  Z2SS   MU-                
      5.33403363E-06    2      1000025        13                       # MUL-   -->  Z3SS   MU-                
      1.24194380E-03    2     -1000024        14                       # MUL-   -->  W1SS-  NUM                
      4.38828067E-08    3      1000015        13       -15             # MUL-   -->  TAU1-  MU-    TAU+        
      3.51246676E-08    3     -1000015        13        15             # MUL-   -->  TAU1+  MU-    TAU-        
      2.11918472E-16    2           13   1000039                       # MUL-   -->  MU-    GVSS               
#         PDG         Width
#DECAY   1000015  2.23491856E-18   # TAU1- decays
DECAY   1000015  0.0000000   # TAU1- decays
#          BR          NDA       ID1     ID2       ID3       ID4
      1.00000000E+00    2           15   1000039                       # TAU1-  -->  TAU-   GVSS               
#         PDG         Width
DECAY   1000012  4.26837981E-01   # NUEL  decays
#          BR          NDA       ID1     ID2       ID3       ID4
      9.99428988E-01    2      1000022        12                       # NUEL   -->  Z1SS   NUE                
      3.55356693E-04    2      1000023        12                       # NUEL   -->  Z2SS   NUE                
      7.64720517E-06    2      1000025        12                       # NUEL   -->  Z3SS   NUE                
      2.07835299E-04    2      1000024        11                       # NUEL   -->  W1SS+  E-                 
      3.90085724E-08    3      1000015        12       -15             # NUEL   -->  TAU1-  NUE    TAU+        
      3.10770609E-08    3     -1000015        12        15             # NUEL   -->  TAU1+  NUE    TAU-        
      1.10510953E-07    3     -1000015        11        16             # NUEL   -->  TAU1+  E-     NUT         
      1.96048595E-16    2           12   1000039                       # NUEL   -->  NUE    GVSS               
#         PDG         Width
DECAY   1000014  4.26837951E-01   # NUML  decays
#          BR          NDA       ID1     ID2       ID3       ID4
      9.99428988E-01    2      1000022        14                       # NUML   -->  Z1SS   NUM                
      3.55356722E-04    2      1000023        14                       # NUML   -->  Z2SS   NUM                
      7.64720608E-06    2      1000025        14                       # NUML   -->  Z3SS   NUM                
      2.07814606E-04    2      1000024        13                       # NUML   -->  W1SS+  MU-                
      3.90085724E-08    3      1000015        14       -15             # NUML   -->  TAU1-  NUM    TAU+        
      3.10770609E-08    3     -1000015        14        15             # NUML   -->  TAU1+  NUM    TAU-        
      1.10511060E-07    3     -1000015        13        16             # NUML   -->  TAU1+  MU-    NUT         
      1.96048608E-16    2           14   1000039                       # NUML   -->  NUM    GVSS               
#         PDG         Width
DECAY   1000016  5.04474998E-01   # NUTL  decays
#          BR          NDA       ID1     ID2       ID3       ID4
      8.43193710E-01    2      1000022        16                       # NUTL   -->  Z1SS   NUT                
      2.83002766E-04    2      1000023        16                       # NUTL   -->  Z2SS   NUT                
      5.88188686E-06    2      1000025        16                       # NUTL   -->  Z3SS   NUT                
      1.51629982E-04    2      1000024        15                       # NUTL   -->  W1SS+  TAU-               
      1.56365737E-01    2           24   1000015                       # NUTL   -->  W+     TAU1-              
      3.28141176E-08    3     -1000015        16        15             # NUTL   -->  TAU1+  NUT    TAU-        
      2.61176076E-08    3      1000015        16       -15             # NUTL   -->  TAU1-  NUT    TAU+        
      1.65290221E-16    2           16   1000039                       # NUTL   -->  NUT    GVSS               
#         PDG         Width
DECAY   2000011  6.94166025E-13   # ER-   decays
#          BR          NDA       ID1     ID2       ID3       ID4
      3.54634762E-01    3      1000015        11       -15             # ER-    -->  TAU1-  E-     TAU+        
      6.45361841E-01    3     -1000015        11        15             # ER-    -->  TAU1+  E-     TAU-        
      5.06383694E-12    3      1000015        12       -16             # ER-    -->  TAU1-  NUE    ANUT        
      3.39507483E-06    2           11   1000039                       # ER-    -->  E-     GVSS               
#         PDG         Width
DECAY   2000013  6.94166187E-13   # MUR-  decays
#          BR          NDA       ID1     ID2       ID3       ID4
      3.54634702E-01    3      1000015        13       -15             # MUR-   -->  TAU1-  MU-    TAU+        
      6.45361662E-01    3     -1000015        13        15             # MUR-   -->  TAU1+  MU-    TAU-        
      2.15617121E-07    3      1000015        14       -16             # MUR-   -->  TAU1-  NUM    ANUT        
      3.39507346E-06    2           13   1000039                       # MUR-   -->  MU-    GVSS               
#         PDG         Width
DECAY   2000015  5.43731093E-01   # TAU2- decays
#          BR          NDA       ID1     ID2       ID3       ID4
      7.78167248E-01    2      1000022        15                       # TAU2-  -->  Z1SS   TAU-               
      3.32043739E-03    2      1000023        15                       # TAU2-  -->  Z2SS   TAU-               
      5.84317197E-04    2      1000025        15                       # TAU2-  -->  Z3SS   TAU-               
      8.78540392E-04    2     -1000024        16                       # TAU2-  -->  W1SS-  NUT                
      7.83238560E-02    2           23   1000015                       # TAU2-  -->  Z0     TAU1-              
      1.38725609E-01    2           25   1000015                       # TAU2-  -->  HL0    TAU1-              
#         PDG         Width
DECAY   1000022  2.04306817E+00   # Z1SS  decays
#          BR          NDA       ID1     ID2       ID3       ID4
      1.63748339E-01    2      2000011       -11                       # Z1SS   -->  ER-    E+                 
      1.63748339E-01    2     -2000011        11                       # Z1SS   -->  ER+    E-                 
      1.63748309E-01    2      2000013       -13                       # Z1SS   -->  MUR-   MU+                
      1.63748309E-01    2     -2000013        13                       # Z1SS   -->  MUR+   MU-                
      1.72503367E-01    2      1000015       -15                       # Z1SS   -->  TAU1-  TAU+               
      1.72503367E-01    2     -1000015        15                       # Z1SS   -->  TAU1+  TAU-               
      3.78625010E-18    2      1000039        22                       # Z1SS   -->  GVSS   GM                 
      8.84273652E-20    3      1000039        11       -11             # Z1SS   -->  GVSS   E-     E+          
      1.12015609E-18    2      1000039        23                       # Z1SS   -->  GVSS   Z0                 
      6.65962950E-21    2      1000039        25                       # Z1SS   -->  GVSS   HL0                
#         PDG         Width
DECAY   1000023  7.05811918E-01   # Z2SS  decays
#          BR          NDA       ID1     ID2       ID3       ID4
      1.39067112E-07    2      1000022        22                       # Z2SS   -->  Z1SS   GM                 
      2.03765407E-02    2      1000022        23                       # Z2SS   -->  Z1SS   Z0                 
      4.31891101E-09    3      1000022         2        -2             # Z2SS   -->  Z1SS   UP     UB          
      1.07896958E-09    3      1000022         1        -1             # Z2SS   -->  Z1SS   DN     DB          
      1.07896958E-09    3      1000022         3        -3             # Z2SS   -->  Z1SS   ST     SB          
      4.31890967E-09    3      1000022         4        -4             # Z2SS   -->  Z1SS   CH     CB          
      1.48376031E-07    3      1000022         5        -5             # Z2SS   -->  Z1SS   BT     BB          
      4.35170750E-06    3      1000022        11       -11             # Z2SS   -->  Z1SS   E-     E+          
      4.35170750E-06    3      1000022        13       -13             # Z2SS   -->  Z1SS   MU-    MU+         
      5.36796597E-06    3      1000022        15       -15             # Z2SS   -->  Z1SS   TAU-   TAU+        
      1.67806081E-06    3      1000022        12       -12             # Z2SS   -->  Z1SS   NUE    ANUE        
      1.67806081E-06    3      1000022        14       -14             # Z2SS   -->  Z1SS   NUM    ANUM        
      1.70105159E-06    3      1000022        16       -16             # Z2SS   -->  Z1SS   NUT    ANUT        
      7.70236492E-01    2      1000022        25                       # Z2SS   -->  Z1SS   HL0                
      2.25140173E-02    2      2000011       -11                       # Z2SS   -->  ER-    E+                 
      2.25140173E-02    2     -2000011        11                       # Z2SS   -->  ER+    E-                 
      2.25140192E-02    2      2000013       -13                       # Z2SS   -->  MUR-   MU+                
      2.25140192E-02    2     -2000013        13                       # Z2SS   -->  MUR+   MU-                
      5.96557222E-02    2      1000015       -15                       # Z2SS   -->  TAU1-  TAU+               
      5.96557222E-02    2     -1000015        15                       # Z2SS   -->  TAU1+  TAU-               
      3.53215593E-18    2      1000039        22                       # Z2SS   -->  GVSS   GM                 
      8.48096068E-20    3      1000039        11       -11             # Z2SS   -->  GVSS   E-     E+          
      3.02699433E-17    2      1000039        23                       # Z2SS   -->  GVSS   Z0                 
      1.88204898E-17    2      1000039        25                       # Z2SS   -->  GVSS   HL0                
#         PDG         Width
DECAY   1000025  6.38996720E-01   # Z3SS  decays
#          BR          NDA       ID1     ID2       ID3       ID4
      3.89890829E-07    2      1000022        22                       # Z3SS   -->  Z1SS   GM                 
      4.40130904E-10    2      1000023        22                       # Z3SS   -->  Z2SS   GM                 
      8.92269909E-01    2      1000022        23                       # Z3SS   -->  Z1SS   Z0                 
      3.36776995E-11    3      1000022         2        -2             # Z3SS   -->  Z1SS   UP     UB          
      9.40006406E-12    3      1000022         1        -1             # Z3SS   -->  Z1SS   DN     DB          
      9.40006406E-12    3      1000022         3        -3             # Z3SS   -->  Z1SS   ST     SB          
      3.36776856E-11    3      1000022         4        -4             # Z3SS   -->  Z1SS   CH     CB          
      1.80933256E-07    3      1000022         5        -5             # Z3SS   -->  Z1SS   BT     BB          
      7.17717530E-09    3      1000022        11       -11             # Z3SS   -->  Z1SS   E-     E+          
      7.17717530E-09    3      1000022        13       -13             # Z3SS   -->  Z1SS   MU-    MU+         
      1.46842024E-06    3      1000022        15       -15             # Z3SS   -->  Z1SS   TAU-   TAU+        
      6.35390904E-08    3      1000022        12       -12             # Z3SS   -->  Z1SS   NUE    ANUE        
      6.35390904E-08    3      1000022        14       -14             # Z3SS   -->  Z1SS   NUM    ANUM        
      6.48576375E-08    3      1000022        16       -16             # Z3SS   -->  Z1SS   NUT    ANUT        
      7.79438825E-09    3      1000023         2        -2             # Z3SS   -->  Z2SS   UP     UB          
      1.00507966E-08    3      1000023         1        -1             # Z3SS   -->  Z2SS   DN     DB          
      1.00507966E-08    3      1000023         3        -3             # Z3SS   -->  Z2SS   ST     SB          
      7.79438825E-09    3      1000023         4        -4             # Z3SS   -->  Z2SS   CH     CB          
      2.27869257E-09    3      1000023        11       -11             # Z3SS   -->  Z2SS   E-     E+          
      2.27869257E-09    3      1000023        13       -13             # Z3SS   -->  Z2SS   MU-    MU+         
      1.35438427E-09    3      1000023        15       -15             # Z3SS   -->  Z2SS   TAU-   TAU+        
      4.54228832E-09    3      1000023        12       -12             # Z3SS   -->  Z2SS   NUE    ANUE        
      4.54228832E-09    3      1000023        14       -14             # Z3SS   -->  Z2SS   NUM    ANUM        
      4.54251436E-09    3      1000023        16       -16             # Z3SS   -->  Z2SS   NUT    ANUT        
      2.05663033E-02    2      1000022        25                       # Z3SS   -->  Z1SS   HL0                
      5.42640337E-04    2      2000011       -11                       # Z3SS   -->  ER-    E+                 
      5.42640337E-04    2     -2000011        11                       # Z3SS   -->  ER+    E-                 
      5.42640337E-04    2      2000013       -13                       # Z3SS   -->  MUR-   MU+                
      5.42640337E-04    2     -2000013        13                       # Z3SS   -->  MUR+   MU-                
      4.24954519E-02    2      1000015       -15                       # Z3SS   -->  TAU1-  TAU+               
      4.24954519E-02    2     -1000015        15                       # Z3SS   -->  TAU1+  TAU-               
      1.54101678E-21    2      1000039        22                       # Z3SS   -->  GVSS   GM                 
      3.70223562E-23    3      1000039        11       -11             # Z3SS   -->  GVSS   E-     E+          
      2.36626148E-17    2      1000039        23                       # Z3SS   -->  GVSS   Z0                 
      3.44346091E-17    2      1000039        25                       # Z3SS   -->  GVSS   HL0                
#         PDG         Width
DECAY   1000035  1.28683748E+01   # Z4SS  decays
#          BR          NDA       ID1     ID2       ID3       ID4
      5.53215918E-10    2      1000022        22                       # Z4SS   -->  Z1SS   GM                 
      1.91111113E-07    2      1000023        22                       # Z4SS   -->  Z2SS   GM                 
      4.44736486E-07    2      1000025        22                       # Z4SS   -->  Z3SS   GM                 
      1.61385924E-01    2      1000024       -24                       # Z4SS   -->  W1SS+  W-                 
      1.61385924E-01    2     -1000024        24                       # Z4SS   -->  W1SS-  W+                 
      3.43641318E-07    3     -1000037         2        -1             # Z4SS   -->  W2SS-  UP     DB          
      1.14547106E-07    3     -1000037        12       -11             # Z4SS   -->  W2SS-  NUE    E+          
      1.14547106E-07    3     -1000037        14       -13             # Z4SS   -->  W2SS-  NUM    MU+         
      3.43641318E-07    3      1000037         1        -2             # Z4SS   -->  W2SS+  DN     UB          
      1.14547106E-07    3      1000037        11       -12             # Z4SS   -->  W2SS+  E-     ANUE        
      1.14547106E-07    3      1000037        13       -14             # Z4SS   -->  W2SS+  MU-    ANUM        
      3.43641318E-07    3     -1000037         4        -3             # Z4SS   -->  W2SS-  CH     SB          
      1.14547106E-07    3     -1000037        16       -15             # Z4SS   -->  W2SS-  NUT    TAU+        
      3.43641318E-07    3      1000037         3        -4             # Z4SS   -->  W2SS+  ST     CB          
      1.14547106E-07    3      1000037        15       -16             # Z4SS   -->  W2SS+  TAU-   ANUT        
      1.50680762E-05    2      1000022        23                       # Z4SS   -->  Z1SS   Z0                 
      1.98957603E-03    2      1000023        23                       # Z4SS   -->  Z2SS   Z0                 
      1.39093623E-01    2      1000025        23                       # Z4SS   -->  Z3SS   Z0                 
      3.20738458E-08    3      1000022         2        -2             # Z4SS   -->  Z1SS   UP     UB          
      3.93364132E-08    3      1000022         1        -1             # Z4SS   -->  Z1SS   DN     DB          
      3.93364132E-08    3      1000022         3        -3             # Z4SS   -->  Z1SS   ST     SB          
      3.20738316E-08    3      1000022         4        -4             # Z4SS   -->  Z1SS   CH     CB          
      4.62972380E-08    3      1000022         5        -5             # Z4SS   -->  Z1SS   BT     BB          
      1.35366510E-10    3      1000022        15       -15             # Z4SS   -->  Z1SS   TAU-   TAU+        
      2.59565103E-09    3      1000023         2        -2             # Z4SS   -->  Z2SS   UP     UB          
      1.72542458E-09    3      1000023         1        -1             # Z4SS   -->  Z2SS   DN     DB          
      1.72542458E-09    3      1000023         3        -3             # Z4SS   -->  Z2SS   ST     SB          
      2.59564925E-09    3      1000023         4        -4             # Z4SS   -->  Z2SS   CH     CB          
      3.03532133E-08    3      1000023         5        -5             # Z4SS   -->  Z2SS   BT     BB          
      4.71663952E-09    3      1000023        15       -15             # Z4SS   -->  Z2SS   TAU-   TAU+        
      5.93192162E-12    3      1000025         2        -2             # Z4SS   -->  Z3SS   UP     UB          
      1.03451935E-11    3      1000025         1        -1             # Z4SS   -->  Z3SS   DN     DB          
      1.03451935E-11    3      1000025         3        -3             # Z4SS   -->  Z3SS   ST     SB          
      5.93191772E-12    3      1000025         4        -4             # Z4SS   -->  Z3SS   CH     CB          
      2.82473973E-08    3      1000025         5        -5             # Z4SS   -->  Z3SS   BT     BB          
      4.71916106E-09    3      1000025        15       -15             # Z4SS   -->  Z3SS   TAU-   TAU+        
      9.80993354E-05    2      1000022        25                       # Z4SS   -->  Z1SS   HL0                
      1.40122831E-01    2      1000023        25                       # Z4SS   -->  Z2SS   HL0                
      1.62050116E-03    2      1000025        25                       # Z4SS   -->  Z3SS   HL0                
      3.08739170E-02    2      1000011       -11                       # Z4SS   -->  EL-    E+                 
      3.08739170E-02    2     -1000011        11                       # Z4SS   -->  EL+    E-                 
      3.08739170E-02    2      1000013       -13                       # Z4SS   -->  MUL-   MU+                
      3.08739170E-02    2     -1000013        13                       # Z4SS   -->  MUL+   MU-                
      2.20784168E-05    2      2000011       -11                       # Z4SS   -->  ER-    E+                 
      2.20784168E-05    2     -2000011        11                       # Z4SS   -->  ER+    E-                 
      2.20784168E-05    2      2000013       -13                       # Z4SS   -->  MUR-   MU+                
      2.20784168E-05    2     -2000013        13                       # Z4SS   -->  MUR+   MU-                
      3.35490950E-05    2      1000015       -15                       # Z4SS   -->  TAU1-  TAU+               
      3.35490950E-05    2     -1000015        15                       # Z4SS   -->  TAU1+  TAU-               
      3.10647413E-02    2      2000015       -15                       # Z4SS   -->  TAU2-  TAU+               
      3.10647413E-02    2     -2000015        15                       # Z4SS   -->  TAU2+  TAU-               
      3.47026885E-02    2      1000012       -12                       # Z4SS   -->  NUEL   ANUE               
      3.47026885E-02    2     -1000012        12                       # Z4SS   -->  ANUEL  NUE                
      3.47026885E-02    2      1000014       -14                       # Z4SS   -->  NUML   ANUM               
      3.47026885E-02    2     -1000014        14                       # Z4SS   -->  ANUML  NUM                
      3.48470844E-02    2      1000016       -16                       # Z4SS   -->  NUTL   ANUT               
      3.48470844E-02    2     -1000016        16                       # Z4SS   -->  ANUTL  NUT                
      5.12779105E-18    2      1000039        22                       # Z4SS   -->  GVSS   GM                 
      1.25532012E-19    3      1000039        11       -11             # Z4SS   -->  GVSS   E-     E+          
      1.78371259E-17    2      1000039        23                       # Z4SS   -->  GVSS   Z0                 
      2.08471680E-19    2      1000039        25                       # Z4SS   -->  GVSS   HL0                
#         PDG         Width
DECAY   1000024  7.04906821E-01   # W1SS+ decays
#          BR          NDA       ID1     ID2       ID3       ID4
      2.73751177E-09    3      1000022         2        -1             # W1SS+  -->  Z1SS   UP     DB          
      2.73751111E-09    3      1000022         4        -3             # W1SS+  -->  Z1SS   CH     SB          
      1.09656057E-05    3      1000022       -11        12             # W1SS+  -->  Z1SS   E+     NUE         
      1.09656057E-05    3      1000022       -13        14             # W1SS+  -->  Z1SS   MU+    NUM         
      1.36325398E-05    3      1000022       -15        16             # W1SS+  -->  Z1SS   TAU+   NUT         
      9.21404183E-01    2      1000022        24                       # W1SS+  -->  Z1SS   W+                 
      7.32504134E-07    3      1000023         2        -1             # W1SS+  -->  Z2SS   UP     DB          
      7.32504134E-07    3      1000023         4        -3             # W1SS+  -->  Z2SS   CH     SB          
      2.46630179E-07    3      1000023       -11        12             # W1SS+  -->  Z2SS   E+     NUE         
      2.46630179E-07    3      1000023       -13        14             # W1SS+  -->  Z2SS   MU+    NUM         
      2.46722294E-07    3      1000023       -15        16             # W1SS+  -->  Z2SS   TAU+   NUT         
      1.73273502E-08    3      1000025         2        -1             # W1SS+  -->  Z3SS   UP     DB          
      1.73273502E-08    3      1000025         4        -3             # W1SS+  -->  Z3SS   CH     SB          
      5.78525983E-09    3      1000025       -11        12             # W1SS+  -->  Z3SS   E+     NUE         
      5.78525983E-09    3      1000025       -13        14             # W1SS+  -->  Z3SS   MU+    NUM         
      5.78576076E-09    3      1000025       -15        16             # W1SS+  -->  Z3SS   TAU+   NUT         
      7.85580128E-02    2     -1000015        16                       # W1SS+  -->  TAU1+  NUT                
#         PDG         Width
DECAY   1000037  1.07963037E+01   # W2SS+ decays
#          BR          NDA       ID1     ID2       ID3       ID4
      7.38075911E-08    3      1000022         2        -1             # W2SS+  -->  Z1SS   UP     DB          
      7.38075627E-08    3      1000022         4        -3             # W2SS+  -->  Z1SS   CH     SB          
      1.19830312E-10    3      1000022       -15        16             # W2SS+  -->  Z1SS   TAU+   NUT         
      2.35909029E-04    2      1000022        24                       # W2SS+  -->  Z1SS   W+                 
      1.33653599E-09    3      1000023         2        -1             # W2SS+  -->  Z2SS   UP     DB          
      1.33653510E-09    3      1000023         4        -3             # W2SS+  -->  Z2SS   CH     SB          
      4.73960826E-09    3      1000023       -15        16             # W2SS+  -->  Z2SS   TAU+   NUT         
      1.33527994E-01    2      1000023        24                       # W2SS+  -->  Z2SS   W+                 
      4.14865260E-11    3      1000025         2        -1             # W2SS+  -->  Z3SS   UP     DB          
      4.14865156E-11    3      1000025         4        -3             # W2SS+  -->  Z3SS   CH     SB          
      3.94257293E-09    3      1000025       -15        16             # W2SS+  -->  Z3SS   TAU+   NUT         
      1.59049779E-01    2      1000025        24                       # W2SS+  -->  Z3SS   W+                 
      7.27012008E-02    2      1000012       -11                       # W2SS+  -->  NUEL   E+                 
      7.27011934E-02    2      1000014       -13                       # W2SS+  -->  NUML   MU+                
      7.30512887E-02    2      1000016       -15                       # W2SS+  -->  NUTL   TAU+               
      6.69711009E-02    2     -1000011        12                       # W2SS+  -->  EL+    NUE                
      6.69711009E-02    2     -1000013        14                       # W2SS+  -->  MUL+   NUM                
      3.89994020E-05    2     -1000015        16                       # W2SS+  -->  TAU1+  NUT                
      6.73968568E-02    2     -2000015        16                       # W2SS+  -->  TAU2+  NUT                
      1.38670579E-01    2      1000024        23                       # W2SS+  -->  W1SS+  Z0                 
      2.73033995E-09    3      1000024         1        -1             # W2SS+  -->  W1SS+  DN     DB          
      2.73033796E-09    3      1000024         3        -3             # W2SS+  -->  W1SS+  ST     SB          
      1.78029591E-09    3      1000024         2        -2             # W2SS+  -->  W1SS+  UP     UB          
      1.78029591E-09    3      1000024         4        -4             # W2SS+  -->  W1SS+  CH     CB          
      1.48683846E-01    2      1000024        25                       # W2SS+  -->  W1SS+  HL0                
#         PDG         Width
DECAY        25  5.22829592E-03   # HL0   decays
#          BR          NDA       ID1     ID2       ID3       ID4
      3.96943500E-09    2           11       -11                       # HL0    -->  E-     E+                 
      1.67595921E-04    2           13       -13                       # HL0    -->  MU-    MU+                
      4.79386300E-02    2           15       -15                       # HL0    -->  TAU-   TAU+               
      4.97917108E-06    2            1        -1                       # HL0    -->  DN     DB                 
      2.01183488E-03    2            3        -3                       # HL0    -->  ST     SB                 
      7.91200280E-01    2            5        -5                       # HL0    -->  BT     BB                 
      1.55908401E-06    2            2        -2                       # HL0    -->  UP     UB                 
      3.89270596E-02    2            4        -4                       # HL0    -->  CH     CB                 
      1.65423390E-03    2           22        22                       # HL0    -->  GM     GM                 
      3.49812955E-02    2           21        21                       # HL0    -->  GL     GL                 
      4.22593020E-03    3           24        11       -12             # HL0    -->  W+     E-     ANUE        
      4.22593020E-03    3           24        13       -14             # HL0    -->  W+     MU-    ANUM        
      4.22593020E-03    3           24        15       -16             # HL0    -->  W+     TAU-   ANUT        
      1.26777906E-02    3           24        -2         1             # HL0    -->  W+     UB     DN          
      1.26777906E-02    3           24        -4         3             # HL0    -->  W+     CB     ST          
      4.22593020E-03    3          -24       -11        12             # HL0    -->  W-     E+     NUE         
      4.22593020E-03    3          -24       -13        14             # HL0    -->  W-     MU+    NUM         
      4.22593020E-03    3          -24       -15        16             # HL0    -->  W-     TAU+   NUT         
      1.26777906E-02    3          -24         2        -1             # HL0    -->  W-     UP     DB          
      1.26777906E-02    3          -24         4        -3             # HL0    -->  W-     CH     SB          
      4.81861643E-04    3           23        12       -12             # HL0    -->  Z0     NUE    ANUE        
      4.81861643E-04    3           23        14       -14             # HL0    -->  Z0     NUM    ANUM        
      4.81861643E-04    3           23        16       -16             # HL0    -->  Z0     NUT    ANUT        
      2.42516122E-04    3           23        11       -11             # HL0    -->  Z0     E-     E+          
      2.42516122E-04    3           23        13       -13             # HL0    -->  Z0     MU-    MU+         
      2.42516122E-04    3           23        15       -15             # HL0    -->  Z0     TAU-   TAU+        
      8.30839737E-04    3           23         2        -2             # HL0    -->  Z0     UP     UB          
      8.30839737E-04    3           23         4        -4             # HL0    -->  Z0     CH     CB          
      1.07032619E-03    3           23         1        -1             # HL0    -->  Z0     DN     DB          
      1.07032619E-03    3           23         3        -3             # HL0    -->  Z0     ST     SB          
      1.07032619E-03    3           23         5        -5             # HL0    -->  Z0     BT     BB          
#         PDG         Width
DECAY        35  2.62548184E+00   # HH0   decays
#          BR          NDA       ID1     ID2       ID3       ID4
      9.23157994E-09    2           11       -11                       # HH0    -->  E-     E+                 
      3.89773952E-04    2           13       -13                       # HH0    -->  MU-    MU+                
      1.11636192E-01    2           15       -15                       # HH0    -->  TAU-   TAU+               
      1.12771195E-05    2            1        -1                       # HH0    -->  DN     DB                 
      4.55652643E-03    2            3        -3                       # HH0    -->  ST     SB                 
      6.04280233E-01    2            5        -5                       # HH0    -->  BT     BB                 
      3.68720943E-10    2            2        -2                       # HH0    -->  UP     UB                 
      6.66760207E-06    2            4        -4                       # HH0    -->  CH     CB                 
      2.76473552E-01    2            6        -6                       # HH0    -->  TP     TB                 
      5.77911067E-07    2           22        22                       # HH0    -->  GM     GM                 
      8.62886664E-05    2           21        21                       # HH0    -->  GL     GL                 
      4.09023341E-04    2           24       -24                       # HH0    -->  W+     W-                 
      2.08808313E-04    2           23        23                       # HH0    -->  Z0     Z0                 
      3.49402544E-04    2      1000022   1000022                       # HH0    -->  Z1SS   Z1SS               
      1.48063211E-03    2           25        25                       # HH0    -->  HL0    HL0                
      3.75414675E-05    2      2000011  -2000011                       # HH0    -->  ER-    ER+                
      3.75201889E-05    2      2000013  -2000013                       # HH0    -->  MUR-   MUR+               
      3.59850455E-05    2      1000015  -1000015                       # HH0    -->  TAU1-  TAU1+              
#         PDG         Width
DECAY        36  2.63430715E+00   # HA0   decays
#          BR          NDA       ID1     ID2       ID3       ID4
      9.14164122E-09    2           11       -11                       # HA0    -->  E-     E+                 
      3.85976600E-04    2           13       -13                       # HA0    -->  MU-    MU+                
      1.10549264E-01    2           15       -15                       # HA0    -->  TAU-   TAU+               
      1.11678273E-05    2            1        -1                       # HA0    -->  DN     DB                 
      4.51236777E-03    2            3        -3                       # HA0    -->  ST     SB                 
      5.98436654E-01    2            5        -5                       # HA0    -->  BT     BB                 
      3.57334634E-10    2            2        -2                       # HA0    -->  UP     UB                 
      6.46657736E-06    2            4        -4                       # HA0    -->  CH     CB                 
      2.81753421E-01    2            6        -6                       # HA0    -->  TP     TB                 
      8.45159093E-07    2           22        22                       # HA0    -->  GM     GM                 
      1.34473841E-04    2           21        21                       # HA0    -->  GL     GL                 
      3.81044252E-03    2      1000022   1000022                       # HA0    -->  Z1SS   Z1SS               
      3.98820150E-04    2           25        23                       # HA0    -->  HL0    Z0                 
      1.19058065E-07    2      1000015  -1000015                       # HA0    -->  TAU1-  TAU1+              
#         PDG         Width
DECAY        37  2.40574908E+00   # H+    decays
#          BR          NDA       ID1     ID2       ID3       ID4
      1.00921156E-08    2           12       -11                       # H+     -->  NUE    E+                 
      4.26107348E-04    2           14       -13                       # H+     -->  NUM    MU+                
      1.22043289E-01    2           16       -15                       # H+     -->  NUT    TAU+               
      1.13643855E-05    2            2        -1                       # H+     -->  UP     DB                 
      4.59820591E-03    2            4        -3                       # H+     -->  CH     SB                 
      8.72477829E-01    2            6        -5                       # H+     -->  TP     BB                 
      4.43172583E-04    2           25        24                       # H+     -->  HL0    W+                 
