#  ISAJET decay tables in SUSY Les Houches accord format
#  Created by ISALHD. Last revision: C. Balazs, 2005 May 25
Block DCINFO   # Program information
    1             ISASUGRA from ISAJET          # Spectrum Calculator
    2   7.69   21-AUG-2003 11:39:06             # Version number
#  SUSY parameters in Les Houches accord format
Block MODSEL   # Model selection
    1    2   #  Minimal gauge mediated (GMSB) model              
Block MINPAR   # Input parameters
    1    2.100000000E+05   # Lambda
    2    4.200000000E+05   # M_mes
    3    3.000000000E+00   # N_5
    4    1.000000000E+01   # tan(beta
    5    1.000000000E+00   # sgn(mu)
    6    1.740000000E+02   # M_t
    7    1.000000000E+04   # C_grav
Block EXTPAR    # Input parameters - non-minimal models
    8    1.000000000E+00   # Rsl
    9    0.000000000E+00   # dmH_d^2
   10    0.000000000E+00   # dmH_u^2
   11    0.000000000E+00   # d_Y
   12    3.000000000E+00   # N5_1
   13    3.000000000E+00   # N5_2
   14    3.000000000E+00   # N5_3
#  
Block MASS   # Scalar and gaugino mass spectrum
#  PDG code   mass                 particle
         6    1.740000000E+02   #  top            
        25    1.203787918E+02   #  h^0            
        35    1.827359375E+03   #  H^0            
        36    1.815311768E+03   #  A^0            
        37    1.829038208E+03   #  H^+            
   1000001    4.148656250E+03   #  dnl            
   1000002    4.147843750E+03   #  upl            
   1000003    4.148656250E+03   #  stl            
   1000004    4.147843750E+03   #  chl            
   1000005    3.956803467E+03   #  b1             
   1000006    3.693687500E+03   #  t1             
   1000011    1.353518921E+03   #  el-            
   1000012    1.335359619E+03   #  nuel           
   1000013    1.353518921E+03   #  mul-           
   1000014    1.335359619E+03   #  numl           
   1000015    6.505000610E+02   #  tau1           
   1000016    1.334414062E+03   #  nutl           
   1000021    4.293298340E+03   #  glss           
   1000022    8.844739380E+02   #  z1ss           
   1000023    1.250669678E+03   #  z2ss           
   1000024    1.272909058E+03   #  w1ss           
   1000025   -1.255842651E+03   #  z3ss           
   1000035    1.723327148E+03   #  z4ss           
   1000037    1.697458984E+03   #  w2ss           
   2000001    3.953315186E+03   #  dnr            
   2000002    3.971533447E+03   #  upr            
   2000003    3.953315186E+03   #  str            
   2000004    3.971533447E+03   #  chr            
   2000005    4.013394775E+03   #  b2             
   2000006    4.036498535E+03   #  t2             
   2000011    6.571099243E+02   #  er-            
   2000013    6.571099243E+02   #  mur-           
   2000015    1.352331421E+03   #  tau2           
   1000039    2.121762373E-04   # gravitino       
Block ALPHA   # Higgs mixing
    1   -1.003309935E-01   # alpha
Block HMIX Q= 3.800030029E+03   # Higgs parameters
    1    1.236970825E+03   # mu
Block STOPMIX   # stop mixing matrix
  1  1    6.683199853E-02
  1  2   -9.977642298E-01
  2  1    9.977642298E-01
  2  2    6.683199853E-02
Block SBOTMIX   # sbottom mixing matrix
  1  1    7.298228890E-02
  1  2   -9.973332286E-01
  2  1    9.973332286E-01
  2  2    7.298228890E-02
Block STAUMIX   # stau mixing matrix
  1  1    1.116355509E-02
  1  2   -9.999377131E-01
  2  1    9.999377131E-01
  2  2    1.116355509E-02
Block NMIX   # neutralino mixing matrix
  1  1    9.952683449E-01   # N_11
  1  2   -6.456908770E-03   # N_12
  1  3    7.663207501E-02   # N_13
  1  4   -5.938649923E-02   # N_14
  2  1   -9.623627365E-02   # N_21
  2  2   -1.282267570E-01   # N_22
  2  3    6.989759207E-01   # N_23
  2  4   -6.969428658E-01   # N_24
  3  1    1.209329348E-02   # N_31
  3  2   -1.615580358E-02   # N_32
  3  3   -7.065833807E-01   # N_33
  3  4   -7.073420882E-01   # N_34
  4  1    5.766815972E-03   # N_41
  4  2   -9.915922284E-01   # N_42
  4  3   -7.937415689E-02   # N_43
  4  4    1.020358279E-01   # N_44
Block UMIX   # chargino U mixing matrix
  1  1   -1.191737279E-01
  1  2    9.928734303E-01
  2  1   -9.928734303E-01
  2  2   -1.191737279E-01
Block VMIX   # chargino V mixing matrix
  1  1   -1.537465304E-01
  1  2    9.881103039E-01
  2  1   -9.881103039E-01
  2  2   -1.537465304E-01
Block AU Q= 3.800030029E+03   #  The trilinear couplings
  3  3   -1.349665649E+03    7.199401757+165   #
Block AD Q= 3.800030029E+03   #  The trilinear couplings
  3  3   -1.483977417E+03    3.580431530+252   #
Block AE Q= 3.800030029E+03   #  The trilinear couplings
  3  3   -2.280967255E+02    1.456328742E+45   #
Block SPINFO   # Program information
    1                                ISASUGRA   # Spectrum Calculator
    2    ISAJET     V7.69   21-AUG-2003 11:39   # Version number
#         PDG         Width
DECAY         6  1.18783092E+00   # TP    decays
#          BR          NDA       ID1     ID2       ID3       ID4
      3.33333343E-01    3            2        -1         5             # TP     -->  UP     DB     BT          
      3.33333343E-01    3            4        -3         5             # TP     -->  CH     SB     BT          
      1.11111112E-01    3          -11        12         5             # TP     -->  E+     NUE    BT          
      1.11111112E-01    3          -13        14         5             # TP     -->  MU+    NUM    BT          
      1.11111112E-01    3          -15        16         5             # TP     -->  TAU+   NUT    BT          
#         PDG         Width
DECAY   1000021  1.86964645E+01   # GLSS  decays
#          BR          NDA       ID1     ID2       ID3       ID4
      1.02043757E-02    2     -1000002         2                       # GLSS   -->  UBL    UP                 
      1.02043757E-02    2      1000002        -2                       # GLSS   -->  UPL    UB                 
      1.00926319E-02    2     -1000001         1                       # GLSS   -->  DBL    DN                 
      1.00926319E-02    2      1000001        -1                       # GLSS   -->  DNL    DB                 
      4.78712097E-02    2     -2000002         2                       # GLSS   -->  UBR    UP                 
      4.78712097E-02    2      2000002        -2                       # GLSS   -->  UPR    UB                 
      5.32102250E-02    2     -2000001         1                       # GLSS   -->  DBR    DN                 
      5.32102250E-02    2      2000001        -1                       # GLSS   -->  DNR    DB                 
      1.00926226E-02    2     -1000003         3                       # GLSS   -->  SBL    ST                 
      1.00926226E-02    2      1000003        -3                       # GLSS   -->  STL    SB                 
      5.32102138E-02    2     -2000003         3                       # GLSS   -->  SBR    ST                 
      5.32102138E-02    2      2000003        -3                       # GLSS   -->  STR    SB                 
      1.02039520E-02    2     -1000004         4                       # GLSS   -->  CBL    CH                 
      1.02039520E-02    2      1000004        -4                       # GLSS   -->  CHL    CB                 
      4.78708223E-02    2     -2000004         4                       # GLSS   -->  CBR    CH                 
      4.78708223E-02    2      2000004        -4                       # GLSS   -->  CHR    CB                 
      5.20453043E-02    2     -1000005         5                       # GLSS   -->  BB1    BT                 
      5.20453043E-02    2      1000005        -5                       # GLSS   -->  BT1    BB                 
      3.66862528E-02    2     -2000005         5                       # GLSS   -->  BB2    BT                 
      3.66862528E-02    2      2000005        -5                       # GLSS   -->  BT2    BB                 
      1.43294021E-01    2     -1000006         6                       # GLSS   -->  TB1    TP                 
      1.43294021E-01    2      1000006        -6                       # GLSS   -->  TP1    TB                 
      2.52183657E-02    2     -2000006         6                       # GLSS   -->  TB2    TP                 
      2.52183657E-02    2      2000006        -6                       # GLSS   -->  TP2    TB                 
      1.99521088E-15    2      1000039        21                       # GLSS   -->  GVSS   GL                 
#         PDG         Width
DECAY   1000002  3.68363533E+01   # UPL   decays
#          BR          NDA       ID1     ID2       ID3       ID4
      1.33593669E-02    2      1000022         2                       # UPL    -->  Z1SS   UP                 
      8.33346974E-03    2      1000023         2                       # UPL    -->  Z2SS   UP                 
      7.59950344E-05    2      1000025         2                       # UPL    -->  Z3SS   UP                 
      3.18352580E-01    2      1000035         2                       # UPL    -->  Z4SS   UP                 
      1.83858685E-02    2      1000024         1                       # UPL    -->  W1SS+  DN                 
      6.41492724E-01    2      1000037         1                       # UPL    -->  W2SS+  DN                 
#         PDG         Width
DECAY   1000001  3.68039131E+01   # DNL   decays
#          BR          NDA       ID1     ID2       ID3       ID4
      1.54103069E-02    2      1000022         1                       # DNL    -->  Z1SS   DN                 
      4.79670754E-03    2      1000023         1                       # DNL    -->  Z2SS   DN                 
      1.32139030E-04    2      1000025         1                       # DNL    -->  Z3SS   DN                 
      3.20109069E-01    2      1000035         1                       # DNL    -->  Z4SS   DN                 
      1.10595534E-02    2     -1000024         2                       # DNL    -->  W1SS-  UP                 
      6.48492217E-01    2     -1000037         2                       # DNL    -->  W2SS-  UP                 
#         PDG         Width
DECAY   1000003  3.68039055E+01   # STL   decays
#          BR          NDA       ID1     ID2       ID3       ID4
      1.54103097E-02    2      1000022         3                       # STL    -->  Z1SS   ST                 
      4.79670893E-03    2      1000023         3                       # STL    -->  Z2SS   ST                 
      1.32139059E-04    2      1000025         3                       # STL    -->  Z3SS   ST                 
      3.20109129E-01    2      1000035         3                       # STL    -->  Z4SS   ST                 
      1.10595524E-02    2     -1000024         4                       # STL    -->  W1SS-  CH                 
      6.48492157E-01    2     -1000037         4                       # STL    -->  W2SS-  CH                 
#         PDG         Width
DECAY   1000004  3.68363495E+01   # CHL   decays
#          BR          NDA       ID1     ID2       ID3       ID4
      1.33593651E-02    2      1000022         4                       # CHL    -->  Z1SS   CH                 
      8.33346881E-03    2      1000023         4                       # CHL    -->  Z2SS   CH                 
      7.59950271E-05    2      1000025         4                       # CHL    -->  Z3SS   CH                 
      3.18352491E-01    2      1000035         4                       # CHL    -->  Z4SS   CH                 
      1.83858704E-02    2      1000024         3                       # CHL    -->  W1SS+  ST                 
      6.41492844E-01    2      1000037         3                       # CHL    -->  W2SS+  ST                 
#         PDG         Width
DECAY   1000005  4.11240101E+00   # BT1   decays
#          BR          NDA       ID1     ID2       ID3       ID4
      4.91325766E-01    2      1000022         5                       # BT1    -->  Z1SS   BT                 
      1.14501752E-01    2      1000023         5                       # BT1    -->  Z2SS   BT                 
      1.04006343E-01    2      1000025         5                       # BT1    -->  Z3SS   BT                 
      7.27510639E-03    2      1000035         5                       # BT1    -->  Z4SS   BT                 
      2.67186403E-01    2     -1000024         6                       # BT1    -->  W1SS-  TP                 
      1.52768027E-02    2     -1000037         6                       # BT1    -->  W2SS-  TP                 
      4.27828549E-04    2          -24   1000006                       # BT1    -->  W-     TP1                
#         PDG         Width
DECAY   1000006  7.54827499E+01   # TP1   decays
#          BR          NDA       ID1     ID2       ID3       ID4
      9.90633368E-02    2      1000022         6                       # TP1    -->  Z1SS   TP                 
      2.22387344E-01    2      1000023         6                       # TP1    -->  Z2SS   TP                 
      2.27724522E-01    2      1000025         6                       # TP1    -->  Z3SS   TP                 
      1.36837421E-03    2      1000035         6                       # TP1    -->  Z4SS   TP                 
      4.46002543E-01    2      1000024         5                       # TP1    -->  W1SS+  BT                 
      3.45387543E-03    2      1000037         5                       # TP1    -->  W2SS+  BT                 
#         PDG         Width
DECAY   2000002  8.10160255E+00   # UPR   decays
#          BR          NDA       ID1     ID2       ID3       ID4
      9.91515875E-01    2      1000022         2                       # UPR    -->  Z1SS   UP                 
      8.32854956E-03    2      1000023         2                       # UPR    -->  Z2SS   UP                 
      1.31276800E-04    2      1000025         2                       # UPR    -->  Z3SS   UP                 
      2.42818260E-05    2      1000035         2                       # UPR    -->  Z4SS   UP                 
#         PDG         Width
DECAY   2000001  2.01414824E+00   # DNR   decays
#          BR          NDA       ID1     ID2       ID3       ID4
      9.91524935E-01    2      1000022         1                       # DNR    -->  Z1SS   DN                 
      8.31971411E-03    2      1000023         1                       # DNR    -->  Z2SS   DN                 
      1.31135079E-04    2      1000025         1                       # DNR    -->  Z3SS   DN                 
      2.42014212E-05    2      1000035         1                       # DNR    -->  Z4SS   DN                 
#         PDG         Width
DECAY   2000003  2.01414824E+00   # STR   decays
#          BR          NDA       ID1     ID2       ID3       ID4
      9.91524935E-01    2      1000022         3                       # STR    -->  Z1SS   ST                 
      8.31971411E-03    2      1000023         3                       # STR    -->  Z2SS   ST                 
      1.31135079E-04    2      1000025         3                       # STR    -->  Z3SS   ST                 
      2.42014212E-05    2      1000035         3                       # STR    -->  Z4SS   ST                 
#         PDG         Width
DECAY   2000004  8.10160160E+00   # CHR   decays
#          BR          NDA       ID1     ID2       ID3       ID4
      9.91515875E-01    2      1000022         4                       # CHR    -->  Z1SS   CH                 
      8.32854863E-03    2      1000023         4                       # CHR    -->  Z2SS   CH                 
      1.31276771E-04    2      1000025         4                       # CHR    -->  Z3SS   CH                 
      2.42818205E-05    2      1000035         4                       # CHR    -->  Z4SS   CH                 
#         PDG         Width
DECAY   2000005  7.39593277E+01   # BT2   decays
#          BR          NDA       ID1     ID2       ID3       ID4
      7.23142596E-03    2      1000022         5                       # BT2    -->  Z1SS   BT                 
      7.78881926E-03    2      1000023         5                       # BT2    -->  Z2SS   BT                 
      6.18069991E-03    2      1000025         5                       # BT2    -->  Z3SS   BT                 
      1.49442852E-01    2      1000035         5                       # BT2    -->  Z4SS   BT                 
      5.04766941E-01    2     -1000024         6                       # BT2    -->  W1SS-  TP                 
      3.16388696E-01    2     -1000037         6                       # BT2    -->  W2SS-  TP                 
      8.20059329E-03    2          -24   1000006                       # BT2    -->  W-     TP1                
#         PDG         Width
DECAY   2000006  7.58354263E+01   # TP2   decays
#          BR          NDA       ID1     ID2       ID3       ID4
      1.35831051E-02    2      1000024         5                       # TP2    -->  W1SS+  BT                 
      3.02627295E-01    2      1000037         5                       # TP2    -->  W2SS+  BT                 
      4.89905989E-03    2           23   1000006                       # TP2    -->  Z0     TP1                
      1.04766265E-02    2           25   1000006                       # TP2    -->  HL0    TP1                
      7.30444537E-03    2      1000022         6                       # TP2    -->  Z1SS   TP                 
      2.50404418E-01    2      1000023         6                       # TP2    -->  Z2SS   TP                 
      2.55121231E-01    2      1000025         6                       # TP2    -->  Z3SS   TP                 
      1.55583829E-01    2      1000035         6                       # TP2    -->  Z4SS   TP                 
#         PDG         Width
DECAY   1000011  5.52752674E-01   # EL-   decays
#          BR          NDA       ID1     ID2       ID3       ID4
      9.88844633E-01    2      1000022        11                       # EL-    -->  Z1SS   E-                 
      7.22718844E-03    2      1000023        11                       # EL-    -->  Z2SS   E-                 
      1.80389616E-05    2      1000025        11                       # EL-    -->  Z3SS   E-                 
      3.91008845E-03    2     -1000024        12                       # EL-    -->  W1SS-  NUE                
      1.40522456E-08    3      1000015        11       -15             # EL-    -->  TAU1-  E-     TAU+        
      1.30502196E-08    3     -1000015        11        15             # EL-    -->  TAU1+  E-     TAU-        
      2.10176270E-16    2           11   1000039                       # EL-    -->  E-     GVSS               
#         PDG         Width
DECAY   1000013  5.52752674E-01   # MUL-  decays
#          BR          NDA       ID1     ID2       ID3       ID4
      9.88844633E-01    2      1000022        13                       # MUL-   -->  Z1SS   MU-                
      7.22718425E-03    2      1000023        13                       # MUL-   -->  Z2SS   MU-                
      1.80389507E-05    2      1000025        13                       # MUL-   -->  Z3SS   MU-                
      3.91008891E-03    2     -1000024        14                       # MUL-   -->  W1SS-  NUM                
      1.40522456E-08    3      1000015        13       -15             # MUL-   -->  TAU1-  MU-    TAU+        
      1.30502196E-08    3     -1000015        13        15             # MUL-   -->  TAU1+  MU-    TAU-        
      2.10176270E-16    2           13   1000039                       # MUL-   -->  MU-    GVSS               
#         PDG         Width
#DECAY   1000015  2.97863065E-18   # TAU1- decays
DECAY   1000015  0.000000000000   # TAU1- decays
#          BR          NDA       ID1     ID2       ID3       ID4
#      1.00000000E+00    2           15   1000039                       # TAU1-  -->  TAU-   GVSS               
#         PDG         Width
DECAY   1000012  5.45226395E-01   # NUEL  decays
#          BR          NDA       ID1     ID2       ID3       ID4
      9.94978964E-01    2      1000022        12                       # NUEL   -->  Z1SS   NUE                
      8.82561144E-04    2      1000023        12                       # NUEL   -->  Z2SS   NUE                
      7.15696442E-05    2      1000025        12                       # NUEL   -->  Z3SS   NUE                
      4.06685052E-03    2      1000024        11                       # NUEL   -->  W1SS+  E-                 
      1.27142616E-08    3      1000015        12       -15             # NUEL   -->  TAU1-  NUE    TAU+        
      1.17912329E-08    3     -1000015        12        15             # NUEL   -->  TAU1+  NUE    TAU-        
      4.92135008E-08    3     -1000015        11        16             # NUEL   -->  TAU1+  E-     NUT         
      1.99162341E-16    2           12   1000039                       # NUEL   -->  NUE    GVSS               
#         PDG         Width
DECAY   1000014  5.45226395E-01   # NUML  decays
#          BR          NDA       ID1     ID2       ID3       ID4
      9.94978964E-01    2      1000022        14                       # NUML   -->  Z1SS   NUM                
      8.82561144E-04    2      1000023        14                       # NUML   -->  Z2SS   NUM                
      7.15696442E-05    2      1000025        14                       # NUML   -->  Z3SS   NUM                
      4.06684447E-03    2      1000024        13                       # NUML   -->  W1SS+  MU-                
      1.27142616E-08    3      1000015        14       -15             # NUML   -->  TAU1-  NUM    TAU+        
      1.17912329E-08    3     -1000015        14        15             # NUML   -->  TAU1+  NUM    TAU-        
      4.92135186E-08    3     -1000015        13        16             # NUML   -->  TAU1+  MU-    NUT         
      1.99162341E-16    2           14   1000039                       # NUML   -->  NUM    GVSS               
#         PDG         Width
DECAY   1000016  6.28862858E-01   # NUTL  decays
#          BR          NDA       ID1     ID2       ID3       ID4
      8.60130310E-01    2      1000022        16                       # NUTL   -->  Z1SS   NUT                
      7.49236147E-04    2      1000023        16                       # NUTL   -->  Z2SS   NUT                
      6.06687754E-05    2      1000025        16                       # NUTL   -->  Z3SS   NUT                
      6.40673516E-03    2      1000024        15                       # NUTL   -->  W1SS+  TAU-               
      1.32653043E-01    2           24   1000015                       # NUTL   -->  W+     TAU1-              
      1.09552074E-08    3     -1000015        16        15             # NUTL   -->  TAU1+  NUT    TAU-        
      1.01545892E-08    3      1000015        16       -15             # NUTL   -->  TAU1-  NUT    TAU+        
      1.72064010E-16    2           16   1000039                       # NUTL   -->  NUT    GVSS               
#         PDG         Width
DECAY   2000011  8.65289990E-13   # ER-   decays
#          BR          NDA       ID1     ID2       ID3       ID4
      3.53676915E-01    3      1000015        11       -15             # ER-    -->  TAU1-  E-     TAU+        
      6.46319449E-01    3     -1000015        11        15             # ER-    -->  TAU1+  E-     TAU-        
      5.30002518E-12    3      1000015        12       -16             # ER-    -->  TAU1-  NUE    ANUT        
      3.62094056E-06    2           11   1000039                       # ER-    -->  E-     GVSS               
#         PDG         Width
DECAY   2000013  8.65290207E-13   # MUR-  decays
#          BR          NDA       ID1     ID2       ID3       ID4
      3.53676826E-01    3      1000015        13       -15             # MUR-   -->  TAU1-  MU-    TAU+        
      6.46319330E-01    3     -1000015        13        15             # MUR-   -->  TAU1+  MU-    TAU-        
      2.25598356E-07    3      1000015        14       -16             # MUR-   -->  TAU1-  NUM    ANUT        
      3.62093920E-06    2           13   1000039                       # MUR-   -->  MU-    GVSS               
#         PDG         Width
DECAY   2000015  6.91714048E-01   # TAU2- decays
#          BR          NDA       ID1     ID2       ID3       ID4
      7.87926853E-01    2      1000022        15                       # TAU2-  -->  Z1SS   TAU-               
      9.19112563E-03    2      1000023        15                       # TAU2-  -->  Z2SS   TAU-               
      3.47034633E-03    2      1000025        15                       # TAU2-  -->  Z3SS   TAU-               
      2.95444159E-03    2     -1000024        16                       # TAU2-  -->  W1SS-  NUT                
      6.48164749E-02    2           23   1000015                       # TAU2-  -->  Z0     TAU1-              
      1.31640732E-01    2           25   1000015                       # TAU2-  -->  HL0    TAU1-              
#         PDG         Width
DECAY   1000022  2.72869968E+00   # Z1SS  decays
#          BR          NDA       ID1     ID2       ID3       ID4
      1.63914025E-01    2      2000011       -11                       # Z1SS   -->  ER-    E+                 
      1.63914025E-01    2     -2000011        11                       # Z1SS   -->  ER+    E-                 
      1.63914010E-01    2      2000013       -13                       # Z1SS   -->  MUR-   MU+                
      1.63914010E-01    2     -2000013        13                       # Z1SS   -->  MUR+   MU-                
      1.72171980E-01    2      1000015       -15                       # Z1SS   -->  TAU1-  TAU+               
      1.72171980E-01    2     -1000015        15                       # Z1SS   -->  TAU1+  TAU-               
      3.83178680E-18    2      1000039        22                       # Z1SS   -->  GVSS   GM                 
      9.12493242E-20    3      1000039        11       -11             # Z1SS   -->  GVSS   E-     E+          
      1.15439879E-18    2      1000039        23                       # Z1SS   -->  GVSS   Z0                 
      6.22133121E-21    2      1000039        25                       # Z1SS   -->  GVSS   HL0                
#         PDG         Width
DECAY   1000023  8.26190770E-01   # Z2SS  decays
#          BR          NDA       ID1     ID2       ID3       ID4
      1.02133022E-07    2      1000022        22                       # Z2SS   -->  Z1SS   GM                 
      1.56904850E-02    2      1000022        23                       # Z2SS   -->  Z1SS   Z0                 
      1.96123984E-09    3      1000022         2        -2             # Z2SS   -->  Z1SS   UP     UB          
      3.25702409E-10    3      1000022         1        -1             # Z2SS   -->  Z1SS   DN     DB          
      3.25702409E-10    3      1000022         3        -3             # Z2SS   -->  Z1SS   ST     SB          
      1.96123984E-09    3      1000022         4        -4             # Z2SS   -->  Z1SS   CH     CB          
      8.43621280E-08    3      1000022         5        -5             # Z2SS   -->  Z1SS   BT     BB          
      1.02588888E-06    3      1000022        11       -11             # Z2SS   -->  Z1SS   E-     E+          
      1.02588888E-06    3      1000022        13       -13             # Z2SS   -->  Z1SS   MU-    MU+         
      1.44855187E-06    3      1000022        15       -15             # Z2SS   -->  Z1SS   TAU-   TAU+        
      2.21545776E-07    3      1000022        12       -12             # Z2SS   -->  Z1SS   NUE    ANUE        
      2.21545776E-07    3      1000022        14       -14             # Z2SS   -->  Z1SS   NUM    ANUM        
      2.23673325E-07    3      1000022        16       -16             # Z2SS   -->  Z1SS   NUT    ANUT        
      7.97626019E-01    2      1000022        25                       # Z2SS   -->  Z1SS   HL0                
      1.86863057E-02    2      2000011       -11                       # Z2SS   -->  ER-    E+                 
      1.86863057E-02    2     -2000011        11                       # Z2SS   -->  ER+    E-                 
      1.86863039E-02    2      2000013       -13                       # Z2SS   -->  MUR-   MU+                
      1.86863039E-02    2     -2000013        13                       # Z2SS   -->  MUR+   MU-                
      5.59669510E-02    2      1000015       -15                       # Z2SS   -->  TAU1-  TAU+               
      5.59669510E-02    2     -1000015        15                       # Z2SS   -->  TAU1+  TAU-               
      2.02172785E-18    2      1000039        22                       # Z2SS   -->  GVSS   GM                 
      4.93061651E-20    3      1000039        11       -11             # Z2SS   -->  GVSS   E-     E+          
      2.73957024E-17    2      1000039        23                       # Z2SS   -->  GVSS   Z0                 
      1.77336224E-17    2      1000039        25                       # Z2SS   -->  GVSS   HL0                
#         PDG         Width
DECAY   1000025  7.82188475E-01   # Z3SS  decays
#          BR          NDA       ID1     ID2       ID3       ID4
      3.82545949E-07    2      1000022        22                       # Z3SS   -->  Z1SS   GM                 
      8.42057951E-11    2      1000023        22                       # Z3SS   -->  Z2SS   GM                 
      9.02536035E-01    2      1000022        23                       # Z3SS   -->  Z1SS   Z0                 
      1.12190101E-11    3      1000022         2        -2             # Z3SS   -->  Z1SS   UP     UB          
      3.03025053E-12    3      1000022         1        -1             # Z3SS   -->  Z1SS   DN     DB          
      3.03025053E-12    3      1000022         3        -3             # Z3SS   -->  Z1SS   ST     SB          
      1.12190101E-11    3      1000022         4        -4             # Z3SS   -->  Z1SS   CH     CB          
      9.51360875E-08    3      1000022         5        -5             # Z3SS   -->  Z1SS   BT     BB          
      1.37892675E-09    3      1000022        11       -11             # Z3SS   -->  Z1SS   E-     E+          
      1.37892675E-09    3      1000022        13       -13             # Z3SS   -->  Z1SS   MU-    MU+         
      4.99569410E-07    3      1000022        15       -15             # Z3SS   -->  Z1SS   TAU-   TAU+        
      1.02215054E-08    3      1000022        12       -12             # Z3SS   -->  Z1SS   NUE    ANUE        
      1.02215054E-08    3      1000022        14       -14             # Z3SS   -->  Z1SS   NUM    ANUM        
      1.03392370E-08    3      1000022        16       -16             # Z3SS   -->  Z1SS   NUT    ANUT        
      5.99486016E-10    3      1000023         2        -2             # Z3SS   -->  Z2SS   UP     UB          
      7.73038411E-10    3      1000023         1        -1             # Z3SS   -->  Z2SS   DN     DB          
      7.73038411E-10    3      1000023         3        -3             # Z3SS   -->  Z2SS   ST     SB          
      5.99486016E-10    3      1000023         4        -4             # Z3SS   -->  Z2SS   CH     CB          
      1.75348208E-10    3      1000023        11       -11             # Z3SS   -->  Z2SS   E-     E+          
      1.75348208E-10    3      1000023        13       -13             # Z3SS   -->  Z2SS   MU-    MU+         
      3.93145239E-11    3      1000023        15       -15             # Z3SS   -->  Z2SS   TAU-   TAU+        
      3.48954005E-10    3      1000023        12       -12             # Z3SS   -->  Z2SS   NUE    ANUE        
      3.48954005E-10    3      1000023        14       -14             # Z3SS   -->  Z2SS   NUM    ANUM        
      3.48954421E-10    3      1000023        16       -16             # Z3SS   -->  Z2SS   NUT    ANUT        
      1.55862523E-02    2      1000022        25                       # Z3SS   -->  Z1SS   HL0                
      3.14930949E-04    2      2000011       -11                       # Z3SS   -->  ER-    E+                 
      3.14930949E-04    2     -2000011        11                       # Z3SS   -->  ER+    E-                 
      3.14930949E-04    2      2000013       -13                       # Z3SS   -->  MUR-   MU+                
      3.14930949E-04    2     -2000013        13                       # Z3SS   -->  MUR+   MU-                
      4.03084904E-02    2      1000015       -15                       # Z3SS   -->  TAU1-  TAU+               
      4.03084904E-02    2     -1000015        15                       # Z3SS   -->  TAU1+  TAU-               
      8.10095223E-22    2      1000039        22                       # Z3SS   -->  GVSS   GM                 
      1.97622531E-23    3      1000039        11       -11             # Z3SS   -->  GVSS   E-     E+          
      2.01065472E-17    2      1000039        23                       # Z3SS   -->  GVSS   Z0                 
      2.95257223E-17    2      1000039        25                       # Z3SS   -->  GVSS   HL0                
#         PDG         Width
DECAY   1000035  1.84107418E+01   # Z4SS  decays
#          BR          NDA       ID1     ID2       ID3       ID4
      5.77451871E-11    2      1000022        22                       # Z4SS   -->  Z1SS   GM                 
      1.96210195E-07    2      1000023        22                       # Z4SS   -->  Z2SS   GM                 
      4.20542619E-07    2      1000025        22                       # Z4SS   -->  Z3SS   GM                 
      1.70039803E-01    2      1000024       -24                       # Z4SS   -->  W1SS+  W-                 
      1.70039803E-01    2     -1000024        24                       # Z4SS   -->  W1SS-  W+                 
      1.10724102E-06    3     -1000037         2        -1             # Z4SS   -->  W2SS-  UP     DB          
      3.69080340E-07    3     -1000037        12       -11             # Z4SS   -->  W2SS-  NUE    E+          
      3.69080340E-07    3     -1000037        14       -13             # Z4SS   -->  W2SS-  NUM    MU+         
      1.10724102E-06    3      1000037         1        -2             # Z4SS   -->  W2SS+  DN     UB          
      3.69080340E-07    3      1000037        11       -12             # Z4SS   -->  W2SS+  E-     ANUE        
      3.69080340E-07    3      1000037        13       -14             # Z4SS   -->  W2SS+  MU-    ANUM        
      1.10724102E-06    3     -1000037         4        -3             # Z4SS   -->  W2SS-  CH     SB          
      3.69080340E-07    3     -1000037        16       -15             # Z4SS   -->  W2SS-  NUT    TAU+        
      1.10724102E-06    3      1000037         3        -4             # Z4SS   -->  W2SS+  ST     CB          
      3.69080340E-07    3      1000037        15       -16             # Z4SS   -->  W2SS+  TAU-   ANUT        
      1.97763086E-08    2      1000022        23                       # Z4SS   -->  Z1SS   Z0                 
      2.50026747E-03    2      1000023        23                       # Z4SS   -->  Z2SS   Z0                 
      1.46910399E-01    2      1000025        23                       # Z4SS   -->  Z3SS   Z0                 
      3.12267936E-08    3      1000022         2        -2             # Z4SS   -->  Z1SS   UP     UB          
      3.60898014E-08    3      1000022         1        -1             # Z4SS   -->  Z1SS   DN     DB          
      3.60898014E-08    3      1000022         3        -3             # Z4SS   -->  Z1SS   ST     SB          
      3.12267936E-08    3      1000022         4        -4             # Z4SS   -->  Z1SS   CH     CB          
      4.34445262E-08    3      1000022         5        -5             # Z4SS   -->  Z1SS   BT     BB          
      2.92496360E-10    3      1000022        15       -15             # Z4SS   -->  Z1SS   TAU-   TAU+        
      2.03724437E-09    3      1000023         2        -2             # Z4SS   -->  Z2SS   UP     UB          
      1.17521315E-09    3      1000023         1        -1             # Z4SS   -->  Z2SS   DN     DB          
      1.17521315E-09    3      1000023         3        -3             # Z4SS   -->  Z2SS   ST     SB          
      2.03724437E-09    3      1000023         4        -4             # Z4SS   -->  Z2SS   CH     CB          
      4.77364885E-08    3      1000023         5        -5             # Z4SS   -->  Z2SS   BT     BB          
      7.99882294E-09    3      1000023        15       -15             # Z4SS   -->  Z2SS   TAU-   TAU+        
      6.11597535E-12    3      1000025         2        -2             # Z4SS   -->  Z3SS   UP     UB          
      1.06577169E-11    3      1000025         1        -1             # Z4SS   -->  Z3SS   DN     DB          
      1.06577169E-11    3      1000025         3        -3             # Z4SS   -->  Z3SS   ST     SB          
      6.11597535E-12    3      1000025         4        -4             # Z4SS   -->  Z3SS   CH     CB          
      4.71668429E-08    3      1000025         5        -5             # Z4SS   -->  Z3SS   BT     BB          
      8.16780688E-09    3      1000025        15       -15             # Z4SS   -->  Z3SS   TAU-   TAU+        
      1.11147001E-05    2      1000022        25                       # Z4SS   -->  Z1SS   HL0                
      1.51167959E-01    2      1000023        25                       # Z4SS   -->  Z2SS   HL0                
      2.41082977E-03    2      1000025        25                       # Z4SS   -->  Z3SS   HL0                
      2.82525551E-02    2      1000011       -11                       # Z4SS   -->  EL-    E+                 
      2.82525551E-02    2     -1000011        11                       # Z4SS   -->  EL+    E-                 
      2.82525551E-02    2      1000013       -13                       # Z4SS   -->  MUL-   MU+                
      2.82525551E-02    2     -1000013        13                       # Z4SS   -->  MUL+   MU-                
      5.78190975E-06    2      2000011       -11                       # Z4SS   -->  ER-    E+                 
      5.78190975E-06    2     -2000011        11                       # Z4SS   -->  ER+    E-                 
      5.78190975E-06    2      2000013       -13                       # Z4SS   -->  MUR-   MU+                
      5.78190975E-06    2     -2000013        13                       # Z4SS   -->  MUR+   MU-                
      1.01477890E-05    2      1000015       -15                       # Z4SS   -->  TAU1-  TAU+               
      1.01477890E-05    2     -1000015        15                       # Z4SS   -->  TAU1+  TAU-               
      2.84223147E-02    2      2000015       -15                       # Z4SS   -->  TAU2-  TAU+               
      2.84223147E-02    2     -2000015        15                       # Z4SS   -->  TAU2+  TAU-               
      3.11248042E-02    2      1000012       -12                       # Z4SS   -->  NUEL   ANUE               
      3.11248042E-02    2     -1000012        12                       # Z4SS   -->  ANUEL  NUE                
      3.11248042E-02    2      1000014       -14                       # Z4SS   -->  NUML   ANUM               
      3.11248042E-02    2     -1000014        14                       # Z4SS   -->  ANUML  NUM                
      3.12573723E-02    2      1000016       -16                       # Z4SS   -->  NUTL   ANUT               
      3.12573723E-02    2     -1000016        16                       # Z4SS   -->  ANUTL  NUT                
      4.71492453E-18    2      1000039        22                       # Z4SS   -->  GVSS   GM                 
      1.17494065E-19    3      1000039        11       -11             # Z4SS   -->  GVSS   E-     E+          
      1.59918613E-17    2      1000039        23                       # Z4SS   -->  GVSS   Z0                 
      9.06417794E-20    2      1000039        25                       # Z4SS   -->  GVSS   HL0                
#         PDG         Width
DECAY   1000024  9.00230408E-01   # W1SS+ decays
#          BR          NDA       ID1     ID2       ID3       ID4
      7.56963991E-10    3      1000022         2        -1             # W1SS+  -->  Z1SS   UP     DB          
      7.56963991E-10    3      1000022         4        -3             # W1SS+  -->  Z1SS   CH     SB          
      1.83651503E-06    3      1000022       -11        12             # W1SS+  -->  Z1SS   E+     NUE         
      1.83651503E-06    3      1000022       -13        14             # W1SS+  -->  Z1SS   MU+    NUM         
      2.60553429E-06    3      1000022       -15        16             # W1SS+  -->  Z1SS   TAU+   NUT         
      9.27604973E-01    2      1000022        24                       # W1SS+  -->  Z1SS   W+                 
      2.72628063E-06    3      1000023         2        -1             # W1SS+  -->  Z2SS   UP     DB          
      2.72628063E-06    3      1000023         4        -3             # W1SS+  -->  Z2SS   CH     SB          
      9.09603614E-07    3      1000023       -11        12             # W1SS+  -->  Z2SS   E+     NUE         
      9.09603614E-07    3      1000023       -13        14             # W1SS+  -->  Z2SS   MU+    NUM         
      9.09603784E-07    3      1000023       -15        16             # W1SS+  -->  Z2SS   TAU+   NUT         
      6.85859504E-07    3      1000025         2        -1             # W1SS+  -->  Z3SS   UP     DB          
      6.85859504E-07    3      1000025         4        -3             # W1SS+  -->  Z3SS   CH     SB          
      2.28640985E-07    3      1000025       -11        12             # W1SS+  -->  Z3SS   E+     NUE         
      2.28640985E-07    3      1000025       -13        14             # W1SS+  -->  Z3SS   MU+    NUM         
      2.28640175E-07    3      1000025       -15        16             # W1SS+  -->  Z3SS   TAU+   NUT         
      7.23785013E-02    2     -1000015        16                       # W1SS+  -->  TAU1+  NUT                
#         PDG         Width
DECAY   1000037  1.55406027E+01   # W2SS+ decays
#          BR          NDA       ID1     ID2       ID3       ID4
      6.89228870E-08    3      1000022         2        -1             # W2SS+  -->  Z1SS   UP     DB          
      6.89228870E-08    3      1000022         4        -3             # W2SS+  -->  Z1SS   CH     SB          
      2.67582123E-10    3      1000022       -15        16             # W2SS+  -->  Z1SS   TAU+   NUT         
      6.24191557E-07    2      1000022        24                       # W2SS+  -->  Z1SS   W+                 
      1.03508513E-09    3      1000023         2        -1             # W2SS+  -->  Z2SS   UP     DB          
      1.03508513E-09    3      1000023         4        -3             # W2SS+  -->  Z2SS   CH     SB          
      7.63102648E-09    3      1000023       -15        16             # W2SS+  -->  Z2SS   TAU+   NUT         
      1.35909081E-01    2      1000023        24                       # W2SS+  -->  Z2SS   W+                 
      4.33977056E-11    3      1000025         2        -1             # W2SS+  -->  Z3SS   UP     DB          
      4.33977056E-11    3      1000025         4        -3             # W2SS+  -->  Z3SS   CH     SB          
      7.05385084E-09    3      1000025       -15        16             # W2SS+  -->  Z3SS   TAU+   NUT         
      1.70599401E-01    2      1000025        24                       # W2SS+  -->  Z3SS   W+                 
      6.52087107E-02    2      1000012       -11                       # W2SS+  -->  NUEL   E+                 
      6.52087107E-02    2      1000014       -13                       # W2SS+  -->  NUML   MU+                
      6.55164868E-02    2      1000016       -15                       # W2SS+  -->  NUTL   TAU+               
      6.01143017E-02    2     -1000011        12                       # W2SS+  -->  EL+    NUE                
      6.01143017E-02    2     -1000013        14                       # W2SS+  -->  MUL+   NUM                
      1.48928311E-05    2     -1000015        16                       # W2SS+  -->  TAU1+  NUT                
      6.04996309E-02    2     -2000015        16                       # W2SS+  -->  TAU2+  NUT                
      1.50789037E-01    2      1000024        23                       # W2SS+  -->  W1SS+  Z0                 
      2.18941154E-09    3      1000024         1        -1             # W2SS+  -->  W1SS+  DN     DB          
      2.18941154E-09    3      1000024         3        -3             # W2SS+  -->  W1SS+  ST     SB          
      1.32697775E-09    3      1000024         2        -2             # W2SS+  -->  W1SS+  UP     UB          
      1.32697775E-09    3      1000024         4        -4             # W2SS+  -->  W1SS+  CH     CB          
      1.66024640E-01    2      1000024        25                       # W2SS+  -->  W1SS+  HL0                
#         PDG         Width
DECAY        25  5.27386973E-03   # HL0   decays
#          BR          NDA       ID1     ID2       ID3       ID4
      3.93049771E-09    2           11       -11                       # HL0    -->  E-     E+                 
      1.65951948E-04    2           13       -13                       # HL0    -->  MU-    MU+                
      4.74692695E-02    2           15       -15                       # HL0    -->  TAU-   TAU+               
      4.92981326E-06    2            1        -1                       # HL0    -->  DN     DB                 
      1.99189177E-03    2            3        -3                       # HL0    -->  ST     SB                 
      7.82584310E-01    2            5        -5                       # HL0    -->  BT     BB                 
      1.55648490E-06    2            2        -2                       # HL0    -->  UP     UB                 
      3.88208255E-02    2            4        -4                       # HL0    -->  CH     CB                 
      1.68618583E-03    2           22        22                       # HL0    -->  GM     GM                 
      3.55438851E-02    2           21        21                       # HL0    -->  GL     GL                 
      4.65069665E-03    3           24        11       -12             # HL0    -->  W+     E-     ANUE        
      4.65069665E-03    3           24        13       -14             # HL0    -->  W+     MU-    ANUM        
      4.65069665E-03    3           24        15       -16             # HL0    -->  W+     TAU-   ANUT        
      1.39520904E-02    3           24        -2         1             # HL0    -->  W+     UB     DN          
      1.39520904E-02    3           24        -4         3             # HL0    -->  W+     CB     ST          
      4.65069665E-03    3          -24       -11        12             # HL0    -->  W-     E+     NUE         
      4.65069665E-03    3          -24       -13        14             # HL0    -->  W-     MU+    NUM         
      4.65069665E-03    3          -24       -15        16             # HL0    -->  W-     TAU+   NUT         
      1.39520904E-02    3          -24         2        -1             # HL0    -->  W-     UP     DB          
      1.39520904E-02    3          -24         4        -3             # HL0    -->  W-     CH     SB          
      5.48397249E-04    3           23        12       -12             # HL0    -->  Z0     NUE    ANUE        
      5.48397249E-04    3           23        14       -14             # HL0    -->  Z0     NUM    ANUM        
      5.48397249E-04    3           23        16       -16             # HL0    -->  Z0     NUT    ANUT        
      2.76002829E-04    3           23        11       -11             # HL0    -->  Z0     E-     E+          
      2.76002829E-04    3           23        13       -13             # HL0    -->  Z0     MU-    MU+         
      2.76002829E-04    3           23        15       -15             # HL0    -->  Z0     TAU-   TAU+        
      9.45562264E-04    3           23         2        -2             # HL0    -->  Z0     UP     UB          
      9.45562264E-04    3           23         4        -4             # HL0    -->  Z0     CH     CB          
      1.21811719E-03    3           23         1        -1             # HL0    -->  Z0     DN     DB          
      1.21811719E-03    3           23         3        -3             # HL0    -->  Z0     ST     SB          
      1.21811719E-03    3           23         5        -5             # HL0    -->  Z0     BT     BB          
#         PDG         Width
DECAY        35  3.28117394E+00   # HH0   decays
#          BR          NDA       ID1     ID2       ID3       ID4
      9.46302325E-09    2           11       -11                       # HH0    -->  E-     E+                 
      3.99545912E-04    2           13       -13                       # HH0    -->  MU-    MU+                
      1.14435427E-01    2           15       -15                       # HH0    -->  TAU-   TAU+               
      1.15382109E-05    2            1        -1                       # HH0    -->  DN     DB                 
      4.66202106E-03    2            3        -3                       # HH0    -->  ST     SB                 
      5.98211646E-01    2            5        -5                       # HH0    -->  BT     BB                 
      3.74141801E-10    2            2        -2                       # HH0    -->  UP     UB                 
      6.58094086E-06    2            4        -4                       # HH0    -->  CH     CB                 
      2.80666441E-01    2            6        -6                       # HH0    -->  TP     TB                 
      4.75562189E-07    2           22        22                       # HH0    -->  GM     GM                 
      6.71487651E-05    2           21        21                       # HH0    -->  GL     GL                 
      2.62374320E-04    2           24       -24                       # HH0    -->  W+     W-                 
      1.34228001E-04    2           23        23                       # HH0    -->  Z0     Z0                 
      1.11992253E-04    2      1000022   1000022                       # HH0    -->  Z1SS   Z1SS               
      9.63444880E-04    2           25        25                       # HH0    -->  HL0    HL0                
      2.27264154E-05    2      2000011  -2000011                       # HH0    -->  ER-    ER+                
      2.27135097E-05    2      2000013  -2000013                       # HH0    -->  MUR-   MUR+               
      2.16826975E-05    2      1000015  -1000015                       # HH0    -->  TAU1-  TAU1+              
#         PDG         Width
DECAY        36  3.27832127E+00   # HA0   decays
#          BR          NDA       ID1     ID2       ID3       ID4
      9.41006650E-09    2           11       -11                       # HA0    -->  E-     E+                 
      3.97310010E-04    2           13       -13                       # HA0    -->  MU-    MU+                
      1.13795459E-01    2           15       -15                       # HA0    -->  TAU-   TAU+               
      1.14742015E-05    2            1        -1                       # HA0    -->  DN     DB                 
      4.63615870E-03    2            3        -3                       # HA0    -->  ST     SB                 
      5.94900608E-01    2            5        -5                       # HA0    -->  BT     BB                 
      3.67137765E-10    2            2        -2                       # HA0    -->  UP     UB                 
      6.46246872E-06    2            4        -4                       # HA0    -->  CH     CB                 
      2.83722311E-01    2            6        -6                       # HA0    -->  TP     TB                 
      7.07619620E-07    2           22        22                       # HA0    -->  GM     GM                 
      1.06260864E-04    2           21        21                       # HA0    -->  GL     GL                 
      2.16476549E-03    2      1000022   1000022                       # HA0    -->  Z1SS   Z1SS               
      2.58432498E-04    2           25        23                       # HA0    -->  HL0    Z0                 
      6.54161667E-08    2      1000015  -1000015                       # HA0    -->  TAU1-  TAU1+              
#         PDG         Width
DECAY        37  3.02931261E+00   # H+    decays
#          BR          NDA       ID1     ID2       ID3       ID4
      1.02605746E-08    2           12       -11                       # H+     -->  NUE    E+                 
      4.33219975E-04    2           14       -13                       # H+     -->  NUM    MU+                
      1.24080598E-01    2           16       -15                       # H+     -->  NUT    TAU+               
      1.15540806E-05    2            2        -1                       # H+     -->  UP     DB                 
      4.67478065E-03    2            4        -3                       # H+     -->  CH     SB                 
      8.70516956E-01    2            6        -5                       # H+     -->  TP     BB                 
      2.82904395E-04    2           25        24                       # H+     -->  HL0    W+                 
