#  ISAJET decay tables in SUSY Les Houches accord format
#  Created by ISALHD. Last revision: C. Balazs, 2005 May 25
Block DCINFO   # Program information
    1             ISASUGRA from ISAJET          # Spectrum Calculator
    2   7.69   21-AUG-2003 11:39:06             # Version number
#  SUSY parameters in Les Houches accord format
Block MODSEL   # Model selection
    1    2   #  Minimal gauge mediated (GMSB) model              
Block MINPAR   # Input parameters
    1    1.800000000E+05   # Lambda
    2    3.600000000E+05   # M_mes
    3    3.000000000E+00   # N_5
    4    1.000000000E+01   # tan(beta
    5    1.000000000E+00   # sgn(mu)
    6    1.740000000E+02   # M_t
    7    1.000000000E+04   # C_grav
Block EXTPAR    # Input parameters - non-minimal models
    8    1.000000000E+00   # Rsl
    9    0.000000000E+00   # dmH_d^2
   10    0.000000000E+00   # dmH_u^2
   11    0.000000000E+00   # d_Y
   12    3.000000000E+00   # N5_1
   13    3.000000000E+00   # N5_2
   14    3.000000000E+00   # N5_3
#  
Block MASS   # Scalar and gaugino mass spectrum
#  PDG code   mass                 particle
         6    1.740000000E+02   #  top            
        25    1.199169083E+02   #  h^0            
        35    1.587687500E+03   #  H^0            
        36    1.577190918E+03   #  A^0            
        37    1.589618530E+03   #  H^+            
   1000001    3.598377930E+03   #  dnl            
   1000002    3.597440186E+03   #  upl            
   1000003    3.598377930E+03   #  stl            
   1000004    3.597440430E+03   #  chl            
   1000005    3.434210938E+03   #  b1             
   1000006    3.205555176E+03   #  t1             
   1000011    1.162691772E+03   #  el-            
   1000012    1.146062988E+03   #  nuel           
   1000013    1.162691772E+03   #  mul-           
   1000014    1.146062988E+03   #  numl           
   1000015    5.565585938E+02   #  tau1           
   1000016    1.145254639E+03   #  nutl           
   1000021    3.727885254E+03   #  glss           
   1000022    7.560849609E+02   #  z1ss           
   1000023    1.099383057E+03   #  z2ss           
   1000024    1.118073608E+03   #  w1ss           
   1000025   -1.106211182E+03   #  z3ss           
   1000035    1.482498291E+03   #  z4ss           
   1000037    1.460555054E+03   #  w2ss           
   2000001    3.432330811E+03   #  dnr            
   2000002    3.447093018E+03   #  upr            
   2000003    3.432330811E+03   #  str            
   2000004    3.447093262E+03   #  chr            
   2000005    3.480389160E+03   #  b2             
   2000006    3.501310791E+03   #  t2             
   2000011    5.623618774E+02   #  er-            
   2000013    5.623618774E+02   #  mur-           
   2000015    1.161696167E+03   #  tau2           
   1000039    1.558845834E-04   # gravitino       
Block ALPHA   # Higgs mixing
    1   -1.005413383E-01   # alpha
Block HMIX Q= 3.299851562E+03   # Higgs parameters
    1    1.089735229E+03   # mu
Block STOPMIX   # stop mixing matrix
  1  1    7.879967988E-02
  1  2   -9.968904853E-01
  2  1    9.968904853E-01
  2  2    7.879967988E-02
Block SBOTMIX   # sbottom mixing matrix
  1  1    8.749140054E-02
  1  2   -9.961652756E-01
  2  1    9.961652756E-01
  2  2    8.749140054E-02
Block STAUMIX   # stau mixing matrix
  1  1    1.388739236E-02
  1  2   -9.999035597E-01
  2  1    9.999035597E-01
  2  2    1.388739236E-02
Block NMIX   # neutralino mixing matrix
  1  1    9.947192073E-01   # N_11
  1  2   -7.804612163E-03   # N_12
  1  3    8.161631227E-02   # N_13
  1  4   -6.173545495E-02   # N_14
  2  1   -1.013539732E-01   # N_21
  2  2   -1.590237468E-01   # N_22
  2  3    6.960039139E-01   # N_23
  2  4   -6.928327680E-01   # N_24
  3  1    1.391103305E-02   # N_31
  3  2   -1.862889342E-02   # N_32
  3  3   -7.064188719E-01   # N_33
  3  4   -7.074117064E-01   # N_34
  4  1    8.201202378E-03   # N_41
  4  2   -9.870682359E-01   # N_42
  4  3   -9.944435209E-02   # N_43
  4  4    1.254595369E-01   # N_44
Block UMIX   # chargino U mixing matrix
  1  1   -1.488636136E-01
  1  2    9.888577461E-01
  2  1   -9.888577461E-01
  2  2   -1.488636136E-01
Block VMIX   # chargino V mixing matrix
  1  1   -1.884821355E-01
  1  2    9.820766449E-01
  2  1   -9.820766449E-01
  2  2   -1.884821355E-01
Block AU Q= 3.299851562E+03   #  The trilinear couplings
  3  3   -1.177660400E+03    7.199401757+165   #
Block AD Q= 3.299851562E+03   #  The trilinear couplings
  3  3   -1.295157227E+03    3.580431530+252   #
Block AE Q= 3.299851562E+03   #  The trilinear couplings
  3  3   -1.957430420E+02    1.456328742E+45   #
Block SPINFO   # Program information
    1                                ISASUGRA   # Spectrum Calculator
    2    ISAJET     V7.69   21-AUG-2003 11:39   # Version number
#         PDG         Width
DECAY         6  1.18783092E+00   # TP    decays
#          BR          NDA       ID1     ID2       ID3       ID4
      3.33333343E-01    3            2        -1         5             # TP     -->  UP     DB     BT          
      3.33333343E-01    3            4        -3         5             # TP     -->  CH     SB     BT          
      1.11111112E-01    3          -11        12         5             # TP     -->  E+     NUE    BT          
      1.11111112E-01    3          -13        14         5             # TP     -->  MU+    NUM    BT          
      1.11111112E-01    3          -15        16         5             # TP     -->  TAU+   NUT    BT          
#         PDG         Width
DECAY   1000021  1.64610691E+01   # GLSS  decays
#          BR          NDA       ID1     ID2       ID3       ID4
      1.08601190E-02    2     -1000002         2                       # GLSS   -->  UBL    UP                 
      1.08601190E-02    2      1000002        -2                       # GLSS   -->  UPL    UB                 
      1.07072713E-02    2     -1000001         1                       # GLSS   -->  DBL    DN                 
      1.07072713E-02    2      1000001        -1                       # GLSS   -->  DNL    DB                 
      4.82765920E-02    2     -2000002         2                       # GLSS   -->  UBR    UP                 
      4.82765920E-02    2      2000002        -2                       # GLSS   -->  UPR    UB                 
      5.32662906E-02    2     -2000001         1                       # GLSS   -->  DBR    DN                 
      5.32662906E-02    2      2000001        -1                       # GLSS   -->  DNR    DB                 
      1.07072592E-02    2     -1000003         3                       # GLSS   -->  SBL    ST                 
      1.07072592E-02    2      1000003        -3                       # GLSS   -->  STL    SB                 
      5.32662831E-02    2     -2000003         3                       # GLSS   -->  SBR    ST                 
      5.32662831E-02    2      2000003        -3                       # GLSS   -->  STR    SB                 
      1.08595099E-02    2     -1000004         4                       # GLSS   -->  CBL    CH                 
      1.08595099E-02    2      1000004        -4                       # GLSS   -->  CHL    CB                 
      4.82759997E-02    2     -2000004         4                       # GLSS   -->  CBR    CH                 
      4.82759997E-02    2      2000004        -4                       # GLSS   -->  CHR    CB                 
      5.24488315E-02    2     -1000005         5                       # GLSS   -->  BB1    BT                 
      5.24488315E-02    2      1000005        -5                       # GLSS   -->  BT1    BB                 
      3.79857644E-02    2     -2000005         5                       # GLSS   -->  BB2    BT                 
      3.79857644E-02    2      2000005        -5                       # GLSS   -->  BT2    BB                 
      1.39993489E-01    2     -1000006         6                       # GLSS   -->  TB1    TP                 
      1.39993489E-01    2      1000006        -6                       # GLSS   -->  TP1    TB                 
      2.33525913E-02    2     -2000006         6                       # GLSS   -->  TB2    TP                 
      2.33525913E-02    2      2000006        -6                       # GLSS   -->  TP2    TB                 
      2.07221465E-15    2      1000039        21                       # GLSS   -->  GVSS   GL                 
#         PDG         Width
DECAY   1000002  3.22057304E+01   # UPL   decays
#          BR          NDA       ID1     ID2       ID3       ID4
      1.30706802E-02    2      1000022         2                       # UPL    -->  Z1SS   UP                 
      1.21887894E-02    2      1000023         2                       # UPL    -->  Z2SS   UP                 
      9.96744275E-05    2      1000025         2                       # UPL    -->  Z3SS   UP                 
      3.14762622E-01    2      1000035         2                       # UPL    -->  Z4SS   UP                 
      2.72651631E-02    2      1000024         1                       # UPL    -->  W1SS+  DN                 
      6.32613063E-01    2      1000037         1                       # UPL    -->  W2SS+  DN                 
#         PDG         Width
DECAY   1000001  3.21685944E+01   # DNL   decays
#          BR          NDA       ID1     ID2       ID3       ID4
      1.55373011E-02    2      1000022         1                       # DNL    -->  Z1SS   DN                 
      7.63566000E-03    2      1000023         1                       # DNL    -->  Z2SS   DN                 
      1.73143548E-04    2      1000025         1                       # DNL    -->  Z3SS   DN                 
      3.17200869E-01    2      1000035         1                       # DNL    -->  Z4SS   DN                 
      1.70336422E-02    2     -1000024         2                       # DNL    -->  W1SS-  UP                 
      6.42419398E-01    2     -1000037         2                       # DNL    -->  W2SS-  UP                 
#         PDG         Width
DECAY   1000003  3.21685829E+01   # STL   decays
#          BR          NDA       ID1     ID2       ID3       ID4
      1.55373057E-02    2      1000022         3                       # STL    -->  Z1SS   ST                 
      7.63566233E-03    2      1000023         3                       # STL    -->  Z2SS   ST                 
      1.73143606E-04    2      1000025         3                       # STL    -->  Z3SS   ST                 
      3.17200989E-01    2      1000035         3                       # STL    -->  Z4SS   ST                 
      1.70336422E-02    2     -1000024         4                       # STL    -->  W1SS-  CH                 
      6.42419279E-01    2     -1000037         4                       # STL    -->  W2SS-  CH                 
#         PDG         Width
DECAY   1000004  3.22057304E+01   # CHL   decays
#          BR          NDA       ID1     ID2       ID3       ID4
      1.30706774E-02    2      1000022         4                       # CHL    -->  Z1SS   CH                 
      1.21887866E-02    2      1000023         4                       # CHL    -->  Z2SS   CH                 
      9.96744202E-05    2      1000025         4                       # CHL    -->  Z3SS   CH                 
      3.14762533E-01    2      1000035         4                       # CHL    -->  Z4SS   CH                 
      2.72651669E-02    2      1000024         3                       # CHL    -->  W1SS+  ST                 
      6.32613122E-01    2      1000037         3                       # CHL    -->  W2SS+  ST                 
#         PDG         Width
DECAY   1000005  3.73208928E+00   # BT1   decays
#          BR          NDA       ID1     ID2       ID3       ID4
      4.71868247E-01    2      1000022         5                       # BT1    -->  Z1SS   BT                 
      1.14580780E-01    2      1000023         5                       # BT1    -->  Z2SS   BT                 
      9.99982283E-02    2      1000025         5                       # BT1    -->  Z3SS   BT                 
      9.55530163E-03    2      1000035         5                       # BT1    -->  Z4SS   BT                 
      2.82465637E-01    2     -1000024         6                       # BT1    -->  W1SS-  TP                 
      2.09444799E-02    2     -1000037         6                       # BT1    -->  W2SS-  TP                 
      5.87328861E-04    2          -24   1000006                       # BT1    -->  W-     TP1                
#         PDG         Width
DECAY   1000006  6.56583710E+01   # TP1   decays
#          BR          NDA       ID1     ID2       ID3       ID4
      9.91544500E-02    2      1000022         6                       # TP1    -->  Z1SS   TP                 
      2.20809564E-01    2      1000023         6                       # TP1    -->  Z2SS   TP                 
      2.28134409E-01    2      1000025         6                       # TP1    -->  Z3SS   TP                 
      2.23152945E-03    2      1000035         6                       # TP1    -->  Z4SS   TP                 
      4.44101632E-01    2      1000024         5                       # TP1    -->  W1SS+  BT                 
      5.56841912E-03    2      1000037         5                       # TP1    -->  W2SS+  BT                 
#         PDG         Width
DECAY   2000002  7.05239916E+00   # UPR   decays
#          BR          NDA       ID1     ID2       ID3       ID4
      9.90619719E-01    2      1000022         2                       # UPR    -->  Z1SS   UP                 
      9.15884413E-03    2      1000023         2                       # UPR    -->  Z2SS   UP                 
      1.72048734E-04    2      1000025         2                       # UPR    -->  Z3SS   UP                 
      4.93677362E-05    2      1000035         2                       # UPR    -->  Z4SS   UP                 
#         PDG         Width
DECAY   2000001  1.75400198E+00   # DNR   decays
#          BR          NDA       ID1     ID2       ID3       ID4
      9.90629911E-01    2      1000022         1                       # DNR    -->  Z1SS   DN                 
      9.14903637E-03    2      1000023         1                       # DNR    -->  Z2SS   DN                 
      1.71859836E-04    2      1000025         1                       # DNR    -->  Z3SS   DN                 
      4.92181534E-05    2      1000035         1                       # DNR    -->  Z4SS   DN                 
#         PDG         Width
DECAY   2000003  1.75400198E+00   # STR   decays
#          BR          NDA       ID1     ID2       ID3       ID4
      9.90629911E-01    2      1000022         3                       # STR    -->  Z1SS   ST                 
      9.14903637E-03    2      1000023         3                       # STR    -->  Z2SS   ST                 
      1.71859836E-04    2      1000025         3                       # STR    -->  Z3SS   ST                 
      4.92181534E-05    2      1000035         3                       # STR    -->  Z4SS   ST                 
#         PDG         Width
DECAY   2000004  7.05239773E+00   # CHR   decays
#          BR          NDA       ID1     ID2       ID3       ID4
      9.90619719E-01    2      1000022         4                       # CHR    -->  Z1SS   CH                 
      9.15884413E-03    2      1000023         4                       # CHR    -->  Z2SS   CH                 
      1.72048720E-04    2      1000025         4                       # CHR    -->  Z3SS   CH                 
      4.93677289E-05    2      1000035         4                       # CHR    -->  Z4SS   CH                 
#         PDG         Width
DECAY   2000005  6.43022766E+01   # BT2   decays
#          BR          NDA       ID1     ID2       ID3       ID4
      7.29558710E-03    2      1000022         5                       # BT2    -->  Z1SS   BT                 
      8.91703367E-03    2      1000023         5                       # BT2    -->  Z2SS   BT                 
      6.29731687E-03    2      1000025         5                       # BT2    -->  Z3SS   BT                 
      1.48829207E-01    2      1000035         5                       # BT2    -->  Z4SS   BT                 
      4.98918146E-01    2     -1000024         6                       # BT2    -->  W1SS-  TP                 
      3.21719587E-01    2     -1000037         6                       # BT2    -->  W2SS-  TP                 
      8.02311301E-03    2          -24   1000006                       # BT2    -->  W-     TP1                
#         PDG         Width
DECAY   2000006  6.60732117E+01   # TP2   decays
#          BR          NDA       ID1     ID2       ID3       ID4
      1.48089537E-02    2      1000024         5                       # TP2    -->  W1SS+  BT                 
      3.02634388E-01    2      1000037         5                       # TP2    -->  W2SS+  BT                 
      4.81876312E-03    2           23   1000006                       # TP2    -->  Z0     TP1                
      1.02043077E-02    2           25   1000006                       # TP2    -->  HL0    TP1                
      7.19861547E-03    2      1000022         6                       # TP2    -->  Z1SS   TP                 
      2.47364849E-01    2      1000023         6                       # TP2    -->  Z2SS   TP                 
      2.54143745E-01    2      1000025         6                       # TP2    -->  Z3SS   TP                 
      1.58826381E-01    2      1000035         6                       # TP2    -->  Z4SS   TP                 
#         PDG         Width
DECAY   1000011  4.77196515E-01   # EL-   decays
#          BR          NDA       ID1     ID2       ID3       ID4
      9.92106020E-01    2      1000022        11                       # EL-    -->  Z1SS   E-                 
      5.30697918E-03    2      1000023        11                       # EL-    -->  Z2SS   E-                 
      1.11173431E-05    2      1000025        11                       # EL-    -->  Z3SS   E-                 
      2.57580355E-03    2     -1000024        12                       # EL-    -->  W1SS-  NUE                
      2.67882747E-08    3      1000015        11       -15             # EL-    -->  TAU1-  E-     TAU+        
      2.26892691E-08    3     -1000015        11        15             # EL-    -->  TAU1+  E-     TAU-        
      2.10962754E-16    2           11   1000039                       # EL-    -->  E-     GVSS               
#         PDG         Width
DECAY   1000013  4.77196515E-01   # MUL-  decays
#          BR          NDA       ID1     ID2       ID3       ID4
      9.92106080E-01    2      1000022        13                       # MUL-   -->  Z1SS   MU-                
      5.30697173E-03    2      1000023        13                       # MUL-   -->  Z2SS   MU-                
      1.11173240E-05    2      1000025        13                       # MUL-   -->  Z3SS   MU-                
      2.57580355E-03    2     -1000024        14                       # MUL-   -->  W1SS-  NUM                
      2.67882747E-08    3      1000015        13       -15             # MUL-   -->  TAU1-  MU-    TAU+        
      2.26892691E-08    3     -1000015        13        15             # MUL-   -->  TAU1+  MU-    TAU-        
      2.10962754E-16    2           13   1000039                       # MUL-   -->  MU-    GVSS               
#         PDG         Width
#DECAY   1000015  2.52997843E-18   # TAU1- decays
DECAY   1000015  0.000000000000   # TAU1- decays
#          BR          NDA       ID1     ID2       ID3       ID4
#      1.00000000E+00    2           15   1000039                       # TAU1-  -->  TAU-   GVSS               
#         PDG         Width
DECAY   1000012  4.74287182E-01   # NUEL  decays
#          BR          NDA       ID1     ID2       ID3       ID4
      9.97593343E-01    2      1000022        12                       # NUEL   -->  Z1SS   NUE                
      6.91446301E-04    2      1000023        12                       # NUEL   -->  Z2SS   NUE                
      3.27913258E-05    2      1000025        12                       # NUEL   -->  Z3SS   NUE                
      1.68231456E-03    2      1000024        11                       # NUEL   -->  W1SS+  E-                 
      2.40199149E-08    3      1000015        12       -15             # NUEL   -->  TAU1-  NUE    TAU+        
      2.02770689E-08    3     -1000015        12        15             # NUEL   -->  TAU1+  NUE    TAU-        
      7.74093820E-08    3     -1000015        11        16             # NUEL   -->  TAU1+  E-     NUT         
      1.97506365E-16    2           12   1000039                       # NUEL   -->  NUE    GVSS               
#         PDG         Width
DECAY   1000014  4.74287182E-01   # NUML  decays
#          BR          NDA       ID1     ID2       ID3       ID4
      9.97593343E-01    2      1000022        14                       # NUML   -->  Z1SS   NUM                
      6.91446301E-04    2      1000023        14                       # NUML   -->  Z2SS   NUM                
      3.27913258E-05    2      1000025        14                       # NUML   -->  Z3SS   NUM                
      1.68230233E-03    2      1000024        13                       # NUML   -->  W1SS+  MU-                
      2.40199149E-08    3      1000015        14       -15             # NUML   -->  TAU1-  NUM    TAU+        
      2.02770689E-08    3     -1000015        14        15             # NUML   -->  TAU1+  NUM    TAU-        
      7.74094460E-08    3     -1000015        13        16             # NUML   -->  TAU1+  MU-    NUT         
      1.97506365E-16    2           14   1000039                       # NUML   -->  NUM    GVSS               
#         PDG         Width
DECAY   1000016  5.54659307E-01   # NUTL  decays
#          BR          NDA       ID1     ID2       ID3       ID4
      8.50582421E-01    2      1000022        16                       # NUTL   -->  Z1SS   NUT                
      5.71751210E-04    2      1000023        16                       # NUTL   -->  Z2SS   NUT                
      2.69514439E-05    2      1000025        16                       # NUTL   -->  Z3SS   NUT                
      2.04781676E-03    2      1000024        15                       # NUTL   -->  W1SS+  TAU-               
      1.46771029E-01    2           24   1000015                       # NUTL   -->  W+     TAU1-              
      2.04172164E-08    3     -1000015        16        15             # NUTL   -->  TAU1+  NUT    TAU-        
      1.72229200E-08    3      1000015        16       -15             # NUTL   -->  TAU1-  NUT    TAU+        
      1.68292212E-16    2           16   1000039                       # NUTL   -->  NUT    GVSS               
#         PDG         Width
DECAY   2000011  7.65109167E-13   # ER-   decays
#          BR          NDA       ID1     ID2       ID3       ID4
      3.54151875E-01    3      1000015        11       -15             # ER-    -->  TAU1-  E-     TAU+        
      6.45844638E-01    3     -1000015        11        15             # ER-    -->  TAU1+  E-     TAU-        
      5.10238900E-12    3      1000015        12       -16             # ER-    -->  TAU1-  NUE    ANUT        
      3.48285994E-06    2           11   1000039                       # ER-    -->  E-     GVSS               
#         PDG         Width
DECAY   2000013  7.65109330E-13   # MUR-  decays
#          BR          NDA       ID1     ID2       ID3       ID4
      3.54151815E-01    3      1000015        13       -15             # MUR-   -->  TAU1-  MU-    TAU+        
      6.45844519E-01    3     -1000015        13        15             # MUR-   -->  TAU1+  MU-    TAU-        
      2.17201631E-07    3      1000015        14       -16             # MUR-   -->  TAU1-  NUM    ANUT        
      3.48285857E-06    2           13   1000039                       # MUR-   -->  MU-    GVSS               
#         PDG         Width
DECAY   2000015  6.03489041E-01   # TAU2- decays
#          BR          NDA       ID1     ID2       ID3       ID4
      7.82410204E-01    2      1000022        15                       # TAU2-  -->  Z1SS   TAU-               
      5.77922026E-03    2      1000023        15                       # TAU2-  -->  Z2SS   TAU-               
      1.56929600E-03    2      1000025        15                       # TAU2-  -->  Z3SS   TAU-               
      1.89654680E-03    2     -1000024        16                       # TAU2-  -->  W1SS-  NUT                
      7.26706311E-02    2           23   1000015                       # TAU2-  -->  Z0     TAU1-              
      1.35674089E-01    2           25   1000015                       # TAU2-  -->  HL0    TAU1-              
#         PDG         Width
DECAY   1000022  2.31824636E+00   # Z1SS  decays
#          BR          NDA       ID1     ID2       ID3       ID4
      1.63827315E-01    2      2000011       -11                       # Z1SS   -->  ER-    E+                 
      1.63827315E-01    2     -2000011        11                       # Z1SS   -->  ER+    E-                 
      1.63827285E-01    2      2000013       -13                       # Z1SS   -->  MUR-   MU+                
      1.63827285E-01    2     -2000013        13                       # Z1SS   -->  MUR+   MU-                
      1.72345400E-01    2      1000015       -15                       # Z1SS   -->  TAU1-  TAU+               
      1.72345400E-01    2     -1000015        15                       # Z1SS   -->  TAU1+  TAU-               
      3.80436328E-18    2      1000039        22                       # Z1SS   -->  GVSS   GM                 
      8.96070670E-20    3      1000039        11       -11             # Z1SS   -->  GVSS   E-     E+          
      1.13620195E-18    2      1000039        23                       # Z1SS   -->  GVSS   Z0                 
      6.46140301E-21    2      1000039        25                       # Z1SS   -->  GVSS   HL0                
#         PDG         Width
DECAY   1000023  7.57073641E-01   # Z2SS  decays
#          BR          NDA       ID1     ID2       ID3       ID4
      1.20041349E-07    2      1000022        22                       # Z2SS   -->  Z1SS   GM                 
      1.82832442E-02    2      1000022        23                       # Z2SS   -->  Z1SS   Z0                 
      3.07456016E-09    3      1000022         2        -2             # Z2SS   -->  Z1SS   UP     UB          
      6.42032316E-10    3      1000022         1        -1             # Z2SS   -->  Z1SS   DN     DB          
      6.42032316E-10    3      1000022         3        -3             # Z2SS   -->  Z1SS   ST     SB          
      3.07455927E-09    3      1000022         4        -4             # Z2SS   -->  Z1SS   CH     CB          
      1.17243623E-07    3      1000022         5        -5             # Z2SS   -->  Z1SS   BT     BB          
      2.30875594E-06    3      1000022        11       -11             # Z2SS   -->  Z1SS   E-     E+          
      2.30875594E-06    3      1000022        13       -13             # Z2SS   -->  Z1SS   MU-    MU+         
      3.00004353E-06    3      1000022        15       -15             # Z2SS   -->  Z1SS   TAU-   TAU+        
      7.00179498E-07    3      1000022        12       -12             # Z2SS   -->  Z1SS   NUE    ANUE        
      7.00179498E-07    3      1000022        14       -14             # Z2SS   -->  Z1SS   NUM    ANUM        
      7.08015023E-07    3      1000022        16       -16             # Z2SS   -->  Z1SS   NUT    ANUT        
      7.83256054E-01    2      1000022        25                       # Z2SS   -->  Z1SS   HL0                
      2.06812453E-02    2      2000011       -11                       # Z2SS   -->  ER-    E+                 
      2.06812453E-02    2     -2000011        11                       # Z2SS   -->  ER+    E-                 
      2.06812453E-02    2      2000013       -13                       # Z2SS   -->  MUR-   MU+                
      2.06812453E-02    2     -2000013        13                       # Z2SS   -->  MUR+   MU-                
      5.78628667E-02    2      1000015       -15                       # Z2SS   -->  TAU1-  TAU+               
      5.78628667E-02    2     -1000015        15                       # Z2SS   -->  TAU1+  TAU-               
      2.75013173E-18    2      1000039        22                       # Z2SS   -->  GVSS   GM                 
      6.64827353E-20    3      1000039        11       -11             # Z2SS   -->  GVSS   E-     E+          
      2.89367961E-17    2      1000039        23                       # Z2SS   -->  GVSS   Z0                 
      1.83828103E-17    2      1000039        25                       # Z2SS   -->  GVSS   HL0                
#         PDG         Width
DECAY   1000025  6.98155940E-01   # Z3SS  decays
#          BR          NDA       ID1     ID2       ID3       ID4
      3.92072167E-07    2      1000022        22                       # Z3SS   -->  Z1SS   GM                 
      2.20154089E-10    2      1000023        22                       # Z3SS   -->  Z2SS   GM                 
      8.96898985E-01    2      1000022        23                       # Z3SS   -->  Z1SS   Z0                 
      2.10834353E-11    3      1000022         2        -2             # Z3SS   -->  Z1SS   UP     UB          
      5.79383937E-12    3      1000022         1        -1             # Z3SS   -->  Z1SS   DN     DB          
      5.79383937E-12    3      1000022         3        -3             # Z3SS   -->  Z1SS   ST     SB          
      2.10834301E-11    3      1000022         4        -4             # Z3SS   -->  Z1SS   CH     CB          
      1.37948547E-07    3      1000022         5        -5             # Z3SS   -->  Z1SS   BT     BB          
      3.41898709E-09    3      1000022        11       -11             # Z3SS   -->  Z1SS   E-     E+          
      3.41898709E-09    3      1000022        13       -13             # Z3SS   -->  Z1SS   MU-    MU+         
      9.00116731E-07    3      1000022        15       -15             # Z3SS   -->  Z1SS   TAU-   TAU+        
      2.71605085E-08    3      1000022        12       -12             # Z3SS   -->  Z1SS   NUE    ANUE        
      2.71605085E-08    3      1000022        14       -14             # Z3SS   -->  Z1SS   NUM    ANUM        
      2.75567462E-08    3      1000022        16       -16             # Z3SS   -->  Z1SS   NUT    ANUT        
      2.56889465E-09    3      1000023         2        -2             # Z3SS   -->  Z2SS   UP     UB          
      3.31258310E-09    3      1000023         1        -1             # Z3SS   -->  Z2SS   DN     DB          
      3.31258310E-09    3      1000023         3        -3             # Z3SS   -->  Z2SS   ST     SB          
      2.56889465E-09    3      1000023         4        -4             # Z3SS   -->  Z2SS   CH     CB          
      7.51278650E-10    3      1000023        11       -11             # Z3SS   -->  Z2SS   E-     E+          
      7.51278650E-10    3      1000023        13       -13             # Z3SS   -->  Z2SS   MU-    MU+         
      3.42230688E-10    3      1000023        15       -15             # Z3SS   -->  Z2SS   TAU-   TAU+        
      1.49571522E-09    3      1000023        12       -12             # Z3SS   -->  Z2SS   NUE    ANUE        
      1.49571522E-09    3      1000023        14       -14             # Z3SS   -->  Z2SS   NUM    ANUM        
      1.49572588E-09    3      1000023        16       -16             # Z3SS   -->  Z2SS   NUT    ANUT        
      1.83368623E-02    2      1000022        25                       # Z3SS   -->  Z1SS   HL0                
      4.28813684E-04    2      2000011       -11                       # Z3SS   -->  ER-    E+                 
      4.28813684E-04    2     -2000011        11                       # Z3SS   -->  ER+    E-                 
      4.28813684E-04    2      2000013       -13                       # Z3SS   -->  MUR-   MU+                
      4.28813684E-04    2     -2000013        13                       # Z3SS   -->  MUR+   MU-                
      4.15236913E-02    2      1000015       -15                       # Z3SS   -->  TAU1-  TAU+               
      4.15236913E-02    2     -1000015        15                       # Z3SS   -->  TAU1+  TAU-               
      1.16421218E-21    2      1000039        22                       # Z3SS   -->  GVSS   GM                 
      2.81560644E-23    3      1000039        11       -11             # Z3SS   -->  GVSS   E-     E+          
      2.20159315E-17    2      1000039        23                       # Z3SS   -->  GVSS   Z0                 
      3.21787684E-17    2      1000039        25                       # Z3SS   -->  GVSS   HL0                
#         PDG         Width
DECAY   1000035  1.50922031E+01   # Z4SS  decays
#          BR          NDA       ID1     ID2       ID3       ID4
      2.43002507E-10    2      1000022        22                       # Z4SS   -->  Z1SS   GM                 
      1.94053172E-07    2      1000023        22                       # Z4SS   -->  Z2SS   GM                 
      4.36078295E-07    2      1000025        22                       # Z4SS   -->  Z3SS   GM                 
      1.65508807E-01    2      1000024       -24                       # Z4SS   -->  W1SS+  W-                 
      1.65508807E-01    2     -1000024        24                       # Z4SS   -->  W1SS-  W+                 
      5.77608546E-07    3     -1000037         2        -1             # Z4SS   -->  W2SS-  UP     DB          
      1.92536191E-07    3     -1000037        12       -11             # Z4SS   -->  W2SS-  NUE    E+          
      1.92536191E-07    3     -1000037        14       -13             # Z4SS   -->  W2SS-  NUM    MU+         
      5.77608546E-07    3      1000037         1        -2             # Z4SS   -->  W2SS+  DN     UB          
      1.92536191E-07    3      1000037        11       -12             # Z4SS   -->  W2SS+  E-     ANUE        
      1.92536191E-07    3      1000037        13       -14             # Z4SS   -->  W2SS+  MU-    ANUM        
      5.77608546E-07    3     -1000037         4        -3             # Z4SS   -->  W2SS-  CH     SB          
      1.92536191E-07    3     -1000037        16       -15             # Z4SS   -->  W2SS-  NUT    TAU+        
      5.77608546E-07    3      1000037         3        -4             # Z4SS   -->  W2SS+  ST     CB          
      1.92536191E-07    3      1000037        15       -16             # Z4SS   -->  W2SS+  TAU-   ANUT        
      4.05037235E-06    2      1000022        23                       # Z4SS   -->  Z1SS   Z0                 
      2.19625514E-03    2      1000023        23                       # Z4SS   -->  Z2SS   Z0                 
      1.43345803E-01    2      1000025        23                       # Z4SS   -->  Z3SS   Z0                 
      3.15450528E-08    3      1000022         2        -2             # Z4SS   -->  Z1SS   UP     UB          
      3.76002802E-08    3      1000022         1        -1             # Z4SS   -->  Z1SS   DN     DB          
      3.76002802E-08    3      1000022         3        -3             # Z4SS   -->  Z1SS   ST     SB          
      3.15450457E-08    3      1000022         4        -4             # Z4SS   -->  Z1SS   CH     CB          
      4.47215811E-08    3      1000022         5        -5             # Z4SS   -->  Z1SS   BT     BB          
      2.07462436E-10    3      1000022        15       -15             # Z4SS   -->  Z1SS   TAU-   TAU+        
      2.32403830E-09    3      1000023         2        -2             # Z4SS   -->  Z2SS   UP     UB          
      1.46079471E-09    3      1000023         1        -1             # Z4SS   -->  Z2SS   DN     DB          
      1.46079471E-09    3      1000023         3        -3             # Z4SS   -->  Z2SS   ST     SB          
      2.32403785E-09    3      1000023         4        -4             # Z4SS   -->  Z2SS   CH     CB          
      3.68340807E-08    3      1000023         5        -5             # Z4SS   -->  Z2SS   BT     BB          
      5.93866334E-09    3      1000023        15       -15             # Z4SS   -->  Z2SS   TAU-   TAU+        
      6.03905901E-12    3      1000025         2        -2             # Z4SS   -->  Z3SS   UP     UB          
      1.05255483E-11    3      1000025         1        -1             # Z4SS   -->  Z3SS   DN     DB          
      1.05255483E-11    3      1000025         3        -3             # Z4SS   -->  Z3SS   ST     SB          
      6.03905728E-12    3      1000025         4        -4             # Z4SS   -->  Z3SS   CH     CB          
      3.54028487E-08    3      1000025         5        -5             # Z4SS   -->  Z3SS   BT     BB          
      6.00753580E-09    3      1000025        15       -15             # Z4SS   -->  Z3SS   TAU-   TAU+        
      1.12245489E-05    2      1000022        25                       # Z4SS   -->  Z1SS   HL0                
      1.45855904E-01    2      1000023        25                       # Z4SS   -->  Z2SS   HL0                
      1.95573014E-03    2      1000025        25                       # Z4SS   -->  Z3SS   HL0                
      2.95701846E-02    2      1000011       -11                       # Z4SS   -->  EL-    E+                 
      2.95701846E-02    2     -1000011        11                       # Z4SS   -->  EL+    E-                 
      2.95701828E-02    2      1000013       -13                       # Z4SS   -->  MUL-   MU+                
      2.95701828E-02    2     -1000013        13                       # Z4SS   -->  MUL+   MU-                
      1.23145992E-05    2      2000011       -11                       # Z4SS   -->  ER-    E+                 
      1.23145992E-05    2     -2000011        11                       # Z4SS   -->  ER+    E-                 
      1.23145992E-05    2      2000013       -13                       # Z4SS   -->  MUR-   MU+                
      1.23145992E-05    2     -2000013        13                       # Z4SS   -->  MUR+   MU-                
      1.97259342E-05    2      1000015       -15                       # Z4SS   -->  TAU1-  TAU+               
      1.97259342E-05    2     -1000015        15                       # Z4SS   -->  TAU1+  TAU-               
      2.97494922E-02    2      2000015       -15                       # Z4SS   -->  TAU2-  TAU+               
      2.97494922E-02    2     -2000015        15                       # Z4SS   -->  TAU2+  TAU-               
      3.29107679E-02    2      1000012       -12                       # Z4SS   -->  NUEL   ANUE               
      3.29107679E-02    2     -1000012        12                       # Z4SS   -->  ANUEL  NUE                
      3.29107679E-02    2      1000014       -14                       # Z4SS   -->  NUML   ANUM               
      3.29107679E-02    2     -1000014        14                       # Z4SS   -->  ANUML  NUM                
      3.30487713E-02    2      1000016       -16                       # Z4SS   -->  NUTL   ANUT               
      3.30487713E-02    2     -1000016        16                       # Z4SS   -->  ANUTL  NUT                
      4.92889961E-18    2      1000039        22                       # Z4SS   -->  GVSS   GM                 
      1.21596196E-19    3      1000039        11       -11             # Z4SS   -->  GVSS   E-     E+          
      1.69206941E-17    2      1000039        23                       # Z4SS   -->  GVSS   Z0                 
      1.44406089E-19    2      1000039        25                       # Z4SS   -->  GVSS   HL0                
#         PDG         Width
DECAY   1000024  7.85367072E-01   # W1SS+ decays
#          BR          NDA       ID1     ID2       ID3       ID4
      1.58339786E-09    3      1000022         2        -1             # W1SS+  -->  Z1SS   UP     DB          
      1.58339775E-09    3      1000022         4        -3             # W1SS+  -->  Z1SS   CH     SB          
      4.89394051E-06    3      1000022       -11        12             # W1SS+  -->  Z1SS   E+     NUE         
      4.89394051E-06    3      1000022       -13        14             # W1SS+  -->  Z1SS   MU+    NUM         
      6.34621756E-06    3      1000022       -15        16             # W1SS+  -->  Z1SS   TAU+   NUT         
      9.24229205E-01    2      1000022        24                       # W1SS+  -->  Z1SS   W+                 
      1.31626643E-06    3      1000023         2        -1             # W1SS+  -->  Z2SS   UP     DB          
      1.31626643E-06    3      1000023         4        -3             # W1SS+  -->  Z2SS   CH     SB          
      4.40098432E-07    3      1000023       -11        12             # W1SS+  -->  Z2SS   E+     NUE         
      4.40098432E-07    3      1000023       -13        14             # W1SS+  -->  Z2SS   MU+    NUM         
      4.40111762E-07    3      1000023       -15        16             # W1SS+  -->  Z2SS   TAU+   NUT         
      1.25297305E-07    3      1000025         2        -1             # W1SS+  -->  Z3SS   UP     DB          
      1.25297305E-07    3      1000025         4        -3             # W1SS+  -->  Z3SS   CH     SB          
      4.17797850E-08    3      1000025       -11        12             # W1SS+  -->  Z3SS   E+     NUE         
      4.17797850E-08    3      1000025       -13        14             # W1SS+  -->  Z3SS   MU+    NUM         
      4.17795398E-08    3      1000025       -15        16             # W1SS+  -->  Z3SS   TAU+   NUT         
      7.57503510E-02    2     -1000015        16                       # W1SS+  -->  TAU1+  NUT                
#         PDG         Width
DECAY   1000037  1.26940298E+01   # W2SS+ decays
#          BR          NDA       ID1     ID2       ID3       ID4
      7.11621766E-08    3      1000022         2        -1             # W2SS+  -->  Z1SS   UP     DB          
      7.11621695E-08    3      1000022         4        -3             # W2SS+  -->  Z1SS   CH     SB          
      1.86572854E-10    3      1000022       -15        16             # W2SS+  -->  Z1SS   TAU+   NUT         
      6.65970147E-05    2      1000022        24                       # W2SS+  -->  Z1SS   W+                 
      1.18954002E-09    3      1000023         2        -1             # W2SS+  -->  Z2SS   UP     DB          
      1.18953980E-09    3      1000023         4        -3             # W2SS+  -->  Z2SS   CH     SB          
      5.79178749E-09    3      1000023       -15        16             # W2SS+  -->  Z2SS   TAU+   NUT         
      1.34682119E-01    2      1000023        24                       # W2SS+  -->  Z2SS   W+                 
      4.25021233E-11    3      1000025         2        -1             # W2SS+  -->  Z3SS   UP     DB          
      4.25021199E-11    3      1000025         4        -3             # W2SS+  -->  Z3SS   CH     SB          
      5.09615150E-09    3      1000025       -15        16             # W2SS+  -->  Z3SS   TAU+   NUT         
      1.64977044E-01    2      1000025        24                       # W2SS+  -->  Z3SS   W+                 
      6.89800754E-02    2      1000012       -11                       # W2SS+  -->  NUEL   E+                 
      6.89800754E-02    2      1000014       -13                       # W2SS+  -->  NUML   MU+                
      6.93068951E-02    2      1000016       -15                       # W2SS+  -->  NUTL   TAU+               
      6.35387525E-02    2     -1000011        12                       # W2SS+  -->  EL+    NUE                
      6.35387525E-02    2     -1000013        14                       # W2SS+  -->  MUL+   NUM                
      2.53104736E-05    2     -1000015        16                       # W2SS+  -->  TAU1+  NUT                
      6.39431924E-02    2     -2000015        16                       # W2SS+  -->  TAU2+  NUT                
      1.44496411E-01    2      1000024        23                       # W2SS+  -->  W1SS+  Z0                 
      2.47061838E-09    3      1000024         1        -1             # W2SS+  -->  W1SS+  DN     DB          
      2.47061749E-09    3      1000024         3        -3             # W2SS+  -->  W1SS+  ST     SB          
      1.56062607E-09    3      1000024         2        -2             # W2SS+  -->  W1SS+  UP     UB          
      1.56062607E-09    3      1000024         4        -4             # W2SS+  -->  W1SS+  CH     CB          
      1.57464609E-01    2      1000024        25                       # W2SS+  -->  W1SS+  HL0                
#         PDG         Width
DECAY        25  5.24695870E-03   # HL0   decays
#          BR          NDA       ID1     ID2       ID3       ID4
      3.95196054E-09    2           11       -11                       # HL0    -->  E-     E+                 
      1.66858124E-04    2           13       -13                       # HL0    -->  MU-    MU+                
      4.77279946E-02    2           15       -15                       # HL0    -->  TAU-   TAU+               
      4.95701670E-06    2            1        -1                       # HL0    -->  DN     DB                 
      2.00288324E-03    2            3        -3                       # HL0    -->  ST     SB                 
      7.87327528E-01    2            5        -5                       # HL0    -->  BT     BB                 
      1.55848795E-06    2            2        -2                       # HL0    -->  UP     UB                 
      3.88934053E-02    2            4        -4                       # HL0    -->  CH     CB                 
      1.66926021E-03    2           22        22                       # HL0    -->  GM     GM                 
      3.52476500E-02    2           21        21                       # HL0    -->  GL     GL                 
      4.41562245E-03    3           24        11       -12             # HL0    -->  W+     E-     ANUE        
      4.41562245E-03    3           24        13       -14             # HL0    -->  W+     MU-    ANUM        
      4.41562245E-03    3           24        15       -16             # HL0    -->  W+     TAU-   ANUT        
      1.32468659E-02    3           24        -2         1             # HL0    -->  W+     UB     DN          
      1.32468659E-02    3           24        -4         3             # HL0    -->  W+     CB     ST          
      4.41562245E-03    3          -24       -11        12             # HL0    -->  W-     E+     NUE         
      4.41562245E-03    3          -24       -13        14             # HL0    -->  W-     MU+    NUM         
      4.41562245E-03    3          -24       -15        16             # HL0    -->  W-     TAU+   NUT         
      1.32468659E-02    3          -24         2        -1             # HL0    -->  W-     UP     DB          
      1.32468659E-02    3          -24         4        -3             # HL0    -->  W-     CH     SB          
      5.11333114E-04    3           23        12       -12             # HL0    -->  Z0     NUE    ANUE        
      5.11333114E-04    3           23        14       -14             # HL0    -->  Z0     NUM    ANUM        
      5.11333114E-04    3           23        16       -16             # HL0    -->  Z0     NUT    ANUT        
      2.57348816E-04    3           23        11       -11             # HL0    -->  Z0     E-     E+          
      2.57348816E-04    3           23        13       -13             # HL0    -->  Z0     MU-    MU+         
      2.57348816E-04    3           23        15       -15             # HL0    -->  Z0     TAU-   TAU+        
      8.81655258E-04    3           23         2        -2             # HL0    -->  Z0     UP     UB          
      8.81655258E-04    3           23         4        -4             # HL0    -->  Z0     CH     CB          
      1.13578921E-03    3           23         1        -1             # HL0    -->  Z0     DN     DB          
      1.13578921E-03    3           23         3        -3             # HL0    -->  Z0     ST     SB          
      1.13578921E-03    3           23         5        -5             # HL0    -->  Z0     BT     BB          
#         PDG         Width
DECAY        35  2.89190197E+00   # HH0   decays
#          BR          NDA       ID1     ID2       ID3       ID4
      9.32820843E-09    2           11       -11                       # HH0    -->  E-     E+                 
      3.93853756E-04    2           13       -13                       # HH0    -->  MU-    MU+                
      1.12804912E-01    2           15       -15                       # HH0    -->  TAU-   TAU+               
      1.13858150E-05    2            1        -1                       # HH0    -->  DN     DB                 
      4.60044481E-03    2            3        -3                       # HH0    -->  ST     SB                 
      6.01484537E-01    2            5        -5                       # HH0    -->  BT     BB                 
      3.70760117E-10    2            2        -2                       # HH0    -->  UP     UB                 
      6.62421053E-06    2            4        -4                       # HH0    -->  CH     CB                 
      2.78564215E-01    2            6        -6                       # HH0    -->  TP     TB                 
      5.31626711E-07    2           22        22                       # HH0    -->  GM     GM                 
      7.74254877E-05    2           21        21                       # HH0    -->  GL     GL                 
      3.37689882E-04    2           24       -24                       # HH0    -->  W+     W-                 
      1.72572923E-04    2           23        23                       # HH0    -->  Z0     Z0                 
      2.26289034E-04    2      1000022   1000022                       # HH0    -->  Z1SS   Z1SS               
      1.23020227E-03    2           25        25                       # HH0    -->  HL0    HL0                
      3.02102817E-05    2      2000011  -2000011                       # HH0    -->  ER-    ER+                
      3.01931432E-05    2      2000013  -2000013                       # HH0    -->  MUR-   MUR+               
      2.89105719E-05    2      1000015  -1000015                       # HH0    -->  TAU1-  TAU1+              
#         PDG         Width
DECAY        36  2.89565730E+00   # HA0   decays
#          BR          NDA       ID1     ID2       ID3       ID4
      9.25614341E-09    2           11       -11                       # HA0    -->  E-     E+                 
      3.90811096E-04    2           13       -13                       # HA0    -->  MU-    MU+                
      1.11933999E-01    2           15       -15                       # HA0    -->  TAU-   TAU+               
      1.12984217E-05    2            1        -1                       # HA0    -->  DN     DB                 
      4.56513464E-03    2            3        -3                       # HA0    -->  ST     SB                 
      5.96877992E-01    2            5        -5                       # HA0    -->  BT     BB                 
      3.61513208E-10    2            2        -2                       # HA0    -->  UP     UB                 
      6.46380477E-06    2            4        -4                       # HA0    -->  CH     CB                 
      2.82703221E-01    2            6        -6                       # HA0    -->  TP     TB                 
      7.85009888E-07    2           22        22                       # HA0    -->  GM     GM                 
      1.21779456E-04    2           21        21                       # HA0    -->  GL     GL                 
      3.05747497E-03    2      1000022   1000022                       # HA0    -->  Z1SS   Z1SS               
      3.30904324E-04    2           25        23                       # HA0    -->  HL0    Z0                 
      9.25608390E-08    2      1000015  -1000015                       # HA0    -->  TAU1-  TAU1+              
#         PDG         Width
DECAY        37  2.65935397E+00   # H+    decays
#          BR          NDA       ID1     ID2       ID3       ID4
      1.01580353E-08    2           12       -11                       # H+     -->  NUE    E+                 
      4.28890577E-04    2           14       -13                       # H+     -->  NUM    MU+                
      1.22840531E-01    2           16       -15                       # H+     -->  NUT    TAU+               
      1.14386157E-05    2            2        -1                       # H+     -->  UP     DB                 
      4.62816283E-03    2            4        -3                       # H+     -->  CH     SB                 
      8.71725917E-01    2            6        -5                       # H+     -->  TP     BB                 
      3.65058600E-04    2           25        24                       # H+     -->  HL0    W+                 
