#  ISAJET decay tables in SUSY Les Houches accord format
#  Created by ISALHD. Last revision: C. Balazs, 2005 May 25
Block DCINFO   # Program information
    1             ISASUGRA from ISAJET          # Spectrum Calculator
    2   7.69   21-AUG-2003 11:39:06             # Version number
#  SUSY parameters in Les Houches accord format
Block MODSEL   # Model selection
    1    2   #  Minimal gauge mediated (GMSB) model              
Block MINPAR   # Input parameters
    1    4.500000000E+05   # Lambda
    2    9.000000000E+05   # M_mes
    3    3.000000000E+00   # N_5
    4    1.000000000E+01   # tan(beta
    5    1.000000000E+00   # sgn(mu)
    6    1.740000000E+02   # M_t
    7    1.000000000E+04   # C_grav
Block EXTPAR    # Input parameters - non-minimal models
    8    1.000000000E+00   # Rsl
    9    0.000000000E+00   # dmH_d^2
   10    0.000000000E+00   # dmH_u^2
   11    0.000000000E+00   # d_Y
   12    3.000000000E+00   # N5_1
   13    3.000000000E+00   # N5_2
   14    3.000000000E+00   # N5_3
#  
Block MASS   # Scalar and gaugino mass spectrum
#  PDG code   mass                 particle
         6    1.740000000E+02   #  top            
        25    1.221182861E+02   #  h^0            
        35    3.657431641E+03   #  H^0            
        36    3.633475098E+03   #  A^0            
        37    3.658272949E+03   #  H^+            
   1000001    8.406053711E+03   #  dnl            
   1000002    8.405653320E+03   #  upl            
   1000003    8.406053711E+03   #  stl            
   1000004    8.405653320E+03   #  chl            
   1000005    7.984066406E+03   #  b1             
   1000006    7.462473145E+03   #  t1             
   1000011    2.869800537E+03   #  el-            
   1000012    2.838755127E+03   #  nuel           
   1000013    2.869800537E+03   #  mul-           
   1000014    2.838755127E+03   #  numl           
   1000015    1.408952271E+03   #  tau1           
   1000016    2.836751953E+03   #  nutl           
   1000021    8.639490234E+03   #  glss           
   1000022    1.917482910E+03   #  z1ss           
   1000023    2.320835693E+03   #  z2ss           
   1000024    2.367801514E+03   #  w1ss           
   1000025   -2.321394287E+03   #  z3ss           
   1000035    3.644873535E+03   #  z4ss           
   1000037    3.589862549E+03   #  w2ss           
   2000001    7.969732422E+03   #  dnr            
   2000002    8.011479492E+03   #  upr            
   2000003    7.969732422E+03   #  str            
   2000004    8.011480469E+03   #  chr            
   2000005    8.139011719E+03   #  b2             
   2000006    8.181641113E+03   #  t2             
   2000011    1.421954834E+03   #  er-            
   2000013    1.421954834E+03   #  mur-           
   2000015    2.867220215E+03   #  tau2           
   1000039    9.742786060E-04   # gravitino       
Block ALPHA   # Higgs mixing
    1   -9.983778745E-02   # alpha
Block HMIX Q= 7.657729492E+03   # Higgs parameters
    1    2.283455811E+03   # mu
Block STOPMIX   # stop mixing matrix
  1  1    2.934244834E-02
  1  2   -9.995694160E-01
  2  1    9.995694160E-01
  2  2    2.934244834E-02
Block SBOTMIX   # sbottom mixing matrix
  1  1    3.164390475E-02
  1  2   -9.994992018E-01
  2  1    9.994992018E-01
  2  2    3.164390475E-02
Block STAUMIX   # stau mixing matrix
  1  1    2.913188888E-03
  1  2   -9.999957681E-01
  2  1    9.999957681E-01
  2  2    2.913188888E-03
Block NMIX   # neutralino mixing matrix
  1  1    9.952410460E-01   # N_11
  1  2   -3.323612735E-03   # N_12
  1  3    7.303591073E-02   # N_13
  1  4   -6.442288309E-02   # N_14
  2  1   -9.725021571E-02   # N_21
  2  2   -4.500462115E-02   # N_22
  2  3    7.029740810E-01   # N_23
  2  4   -7.030966878E-01   # N_24
  3  1    6.078201812E-03   # N_31
  3  2   -8.018167689E-03   # N_32
  3  3   -7.069689631E-01   # N_33
  3  4   -7.071732283E-01   # N_34
  4  1    1.021250035E-03   # N_41
  4  2   -9.989492297E-01   # N_42
  4  3   -2.623881027E-02   # N_43
  4  4    3.756654263E-02   # N_44
Block UMIX   # chargino U mixing matrix
  1  1   -3.964973241E-02
  1  2    9.992136359E-01
  2  1   -9.992136359E-01
  2  2   -3.964973241E-02
Block VMIX   # chargino V mixing matrix
  1  1   -5.703871697E-02
  1  2    9.983719587E-01
  2  1   -9.983719587E-01
  2  2   -5.703871697E-02
Block AU Q= 7.657729492E+03   #  The trilinear couplings
  3  3   -2.652711670E+03    7.199401757+165   #
Block AD Q= 7.657729492E+03   #  The trilinear couplings
  3  3   -2.908100342E+03    3.580431530+252   #
Block AE Q= 7.657729492E+03   #  The trilinear couplings
  3  3   -4.843987122E+02    1.456328742E+45   #
Block SPINFO   # Program information
    1                                ISASUGRA   # Spectrum Calculator
    2    ISAJET     V7.69   21-AUG-2003 11:39   # Version number
#         PDG         Width
DECAY         6  1.18783092E+00   # TP    decays
#          BR          NDA       ID1     ID2       ID3       ID4
      3.33333343E-01    3            2        -1         5             # TP     -->  UP     DB     BT          
      3.33333343E-01    3            4        -3         5             # TP     -->  CH     SB     BT          
      1.11111112E-01    3          -11        12         5             # TP     -->  E+     NUE    BT          
      1.11111112E-01    3          -13        14         5             # TP     -->  MU+    NUM    BT          
      1.11111112E-01    3          -15        16         5             # TP     -->  TAU+   NUT    BT          
#         PDG         Width
DECAY   1000021  3.29689789E+01   # GLSS  decays
#          BR          NDA       ID1     ID2       ID3       ID4
      7.04406202E-03    2     -1000002         2                       # GLSS   -->  UBL    UP                 
      7.04406202E-03    2      1000002        -2                       # GLSS   -->  UPL    UB                 
      7.02029001E-03    2     -1000001         1                       # GLSS   -->  DBL    DN                 
      7.02029001E-03    2      1000001        -1                       # GLSS   -->  DNL    DB                 
      4.84851487E-02    2     -2000002         2                       # GLSS   -->  UBR    UP                 
      4.84851487E-02    2      2000002        -2                       # GLSS   -->  UPR    UB                 
      5.48693314E-02    2     -2000001         1                       # GLSS   -->  DBR    DN                 
      5.48693314E-02    2      2000001        -1                       # GLSS   -->  DNR    DB                 
      7.02028768E-03    2     -1000003         3                       # GLSS   -->  SBL    ST                 
      7.02028768E-03    2      1000003        -3                       # GLSS   -->  STL    SB                 
      5.48693314E-02    2     -2000003         3                       # GLSS   -->  SBR    ST                 
      5.48693314E-02    2      2000003        -3                       # GLSS   -->  STR    SB                 
      7.04394747E-03    2     -1000004         4                       # GLSS   -->  CBL    CH                 
      7.04394747E-03    2      1000004        -4                       # GLSS   -->  CHL    CB                 
      4.84848879E-02    2     -2000004         4                       # GLSS   -->  CBR    CH                 
      4.84848879E-02    2      2000004        -4                       # GLSS   -->  CHR    CB                 
      5.26087880E-02    2     -1000005         5                       # GLSS   -->  BB1    BT                 
      5.26087880E-02    2      1000005        -5                       # GLSS   -->  BT1    BB                 
      3.12849134E-02    2     -2000005         5                       # GLSS   -->  BB2    BT                 
      3.12849134E-02    2      2000005        -5                       # GLSS   -->  BT2    BB                 
      1.56291202E-01    2     -1000006         6                       # GLSS   -->  TB1    TP                 
      1.56291202E-01    2      1000006        -6                       # GLSS   -->  TP1    TB                 
      2.49778088E-02    2     -2000006         6                       # GLSS   -->  TB2    TP                 
      2.49778088E-02    2      2000006        -6                       # GLSS   -->  TP2    TB                 
      1.77074165E-15    2      1000039        21                       # GLSS   -->  GVSS   GL                 
#         PDG         Width
DECAY   1000002  7.17546997E+01   # UPL   decays
#          BR          NDA       ID1     ID2       ID3       ID4
      1.41996341E-02    2      1000022         2                       # UPL    -->  Z1SS   UP                 
      1.66063732E-03    2      1000023         2                       # UPL    -->  Z2SS   UP                 
      2.00585691E-05    2      1000025         2                       # UPL    -->  Z3SS   UP                 
      3.24294597E-01    2      1000035         2                       # UPL    -->  Z4SS   UP                 
      2.71951663E-03    2      1000024         1                       # UPL    -->  W1SS+  DN                 
      6.57105565E-01    2      1000037         1                       # UPL    -->  W2SS+  DN                 
#         PDG         Width
DECAY   1000001  7.17386017E+01   # DNL   decays
#          BR          NDA       ID1     ID2       ID3       ID4
      1.52780758E-02    2      1000022         1                       # DNL    -->  Z1SS   DN                 
      3.11119686E-04    2      1000023         1                       # DNL    -->  Z2SS   DN                 
      3.50957780E-05    2      1000025         1                       # DNL    -->  Z3SS   DN                 
      3.24640244E-01    2      1000035         1                       # DNL    -->  Z4SS   DN                 
      1.31449208E-03    2     -1000024         2                       # DNL    -->  W1SS-  UP                 
      6.58420980E-01    2     -1000037         2                       # DNL    -->  W2SS-  UP                 
#         PDG         Width
DECAY   1000003  7.17386017E+01   # STL   decays
#          BR          NDA       ID1     ID2       ID3       ID4
      1.52780768E-02    2      1000022         3                       # STL    -->  Z1SS   ST                 
      3.11119715E-04    2      1000023         3                       # STL    -->  Z2SS   ST                 
      3.50957816E-05    2      1000025         3                       # STL    -->  Z3SS   ST                 
      3.24640244E-01    2      1000035         3                       # STL    -->  Z4SS   ST                 
      1.31449208E-03    2     -1000024         4                       # STL    -->  W1SS-  CH                 
      6.58420980E-01    2     -1000037         4                       # STL    -->  W2SS-  CH                 
#         PDG         Width
DECAY   1000004  7.17546997E+01   # CHL   decays
#          BR          NDA       ID1     ID2       ID3       ID4
      1.41996341E-02    2      1000022         4                       # CHL    -->  Z1SS   CH                 
      1.66063721E-03    2      1000023         4                       # CHL    -->  Z2SS   CH                 
      2.00585691E-05    2      1000025         4                       # CHL    -->  Z3SS   CH                 
      3.24294597E-01    2      1000035         4                       # CHL    -->  Z4SS   CH                 
      2.71951663E-03    2      1000024         3                       # CHL    -->  W1SS+  ST                 
      6.57105565E-01    2      1000037         3                       # CHL    -->  W2SS+  ST                 
#         PDG         Width
DECAY   1000005  7.42532015E+00   # BT1   decays
#          BR          NDA       ID1     ID2       ID3       ID4
      5.37776887E-01    2      1000022         5                       # BT1    -->  Z1SS   BT                 
      1.14351071E-01    2      1000023         5                       # BT1    -->  Z2SS   BT                 
      1.10662200E-01    2      1000025         5                       # BT1    -->  Z3SS   BT                 
      1.81079435E-03    2      1000035         5                       # BT1    -->  Z4SS   BT                 
      2.31735900E-01    2     -1000024         6                       # BT1    -->  W1SS-  TP                 
      3.58825969E-03    2     -1000037         6                       # BT1    -->  W2SS-  TP                 
      7.48918610E-05    2          -24   1000006                       # BT1    -->  W-     TP1                
#         PDG         Width
DECAY   1000006  1.50694046E+02   # TP1   decays
#          BR          NDA       ID1     ID2       ID3       ID4
      9.88102257E-02    2      1000022         6                       # TP1    -->  Z1SS   TP                 
      2.24890485E-01    2      1000023         6                       # TP1    -->  Z2SS   TP                 
      2.26845011E-01    2      1000025         6                       # TP1    -->  Z3SS   TP                 
      1.23502381E-04    2      1000035         6                       # TP1    -->  Z4SS   TP                 
      4.49001998E-01    2      1000024         5                       # TP1    -->  W1SS+  BT                 
      3.28773574E-04    2      1000037         5                       # TP1    -->  W2SS+  BT                 
#         PDG         Width
DECAY   2000002  1.60864601E+01   # UPR   decays
#          BR          NDA       ID1     ID2       ID3       ID4
      9.91028905E-01    2      1000022         2                       # UPR    -->  Z1SS   UP                 
      8.93545896E-03    2      1000023         2                       # UPR    -->  Z2SS   UP                 
      3.49017828E-05    2      1000025         2                       # UPR    -->  Z3SS   UP                 
      7.38405902E-07    2      1000035         2                       # UPR    -->  Z4SS   UP                 
#         PDG         Width
DECAY   2000001  3.99553013E+00   # DNR   decays
#          BR          NDA       ID1     ID2       ID3       ID4
      9.91034687E-01    2      1000022         1                       # DNR    -->  Z1SS   DN                 
      8.92971829E-03    2      1000023         1                       # DNR    -->  Z2SS   DN                 
      3.48793255E-05    2      1000025         1                       # DNR    -->  Z3SS   DN                 
      7.35305264E-07    2      1000035         1                       # DNR    -->  Z4SS   DN                 
#         PDG         Width
DECAY   2000003  3.99553013E+00   # STR   decays
#          BR          NDA       ID1     ID2       ID3       ID4
      9.91034687E-01    2      1000022         3                       # STR    -->  Z1SS   ST                 
      8.92971829E-03    2      1000023         3                       # STR    -->  Z2SS   ST                 
      3.48793255E-05    2      1000025         3                       # STR    -->  Z3SS   ST                 
      7.35305264E-07    2      1000035         3                       # STR    -->  Z4SS   ST                 
#         PDG         Width
DECAY   2000004  1.60864601E+01   # CHR   decays
#          BR          NDA       ID1     ID2       ID3       ID4
      9.91028905E-01    2      1000022         4                       # CHR    -->  Z1SS   CH                 
      8.93545989E-03    2      1000023         4                       # CHR    -->  Z2SS   CH                 
      3.49017828E-05    2      1000025         4                       # CHR    -->  Z3SS   CH                 
      7.38406015E-07    2      1000035         4                       # CHR    -->  Z4SS   CH                 
#         PDG         Width
DECAY   2000005  1.46588577E+02   # BT2   decays
#          BR          NDA       ID1     ID2       ID3       ID4
      7.14373123E-03    2      1000022         5                       # BT2    -->  Z1SS   BT                 
      5.87598793E-03    2      1000023         5                       # BT2    -->  Z2SS   BT                 
      5.81764104E-03    2      1000025         5                       # BT2    -->  Z3SS   BT                 
      1.49031118E-01    2      1000035         5                       # BT2    -->  Z4SS   BT                 
      5.19422054E-01    2     -1000024         6                       # BT2    -->  W1SS-  TP                 
      3.04418534E-01    2     -1000037         6                       # BT2    -->  W2SS-  TP                 
      8.15231912E-03    2          -24   1000006                       # BT2    -->  W-     TP1                
      3.43919819E-05    2           23   1000005                       # BT2    -->  Z0     BT1                
      1.04204351E-04    2           25   1000005                       # BT2    -->  HL0    BT1                
#         PDG         Width
DECAY   2000006  1.49704987E+02   # TP2   decays
#          BR          NDA       ID1     ID2       ID3       ID4
      1.14973010E-02    2      1000024         5                       # TP2    -->  W1SS+  BT                 
      2.99933314E-01    2      1000037         5                       # TP2    -->  W2SS+  BT                 
      4.80779260E-03    2           23   1000006                       # TP2    -->  Z0     TP1                
      1.10267457E-02    2           25   1000006                       # TP2    -->  HL0    TP1                
      1.97175686E-04    2           24   1000005                       # TP2    -->  W+     BT1                
      8.30651913E-03    2      1000022         6                       # TP2    -->  Z1SS   TP                 
      2.56835133E-01    2      1000023         6                       # TP2    -->  Z2SS   TP                 
      2.58785963E-01    2      1000025         6                       # TP2    -->  Z3SS   TP                 
      1.48610041E-01    2      1000035         6                       # TP2    -->  Z4SS   TP                 
#         PDG         Width
DECAY   1000011  1.11209929E+00   # EL-   decays
#          BR          NDA       ID1     ID2       ID3       ID4
      9.83886242E-01    2      1000022        11                       # EL-    -->  Z1SS   E-                 
      1.26044108E-02    2      1000023        11                       # EL-    -->  Z2SS   E-                 
      2.83970330E-05    2      1000025        11                       # EL-    -->  Z3SS   E-                 
      3.48092453E-03    2     -1000024        12                       # EL-    -->  W1SS-  NUE                
      1.06167541E-09    3      1000015        11       -15             # EL-    -->  TAU1-  E-     TAU+        
      2.07533724E-09    3     -1000015        11        15             # EL-    -->  TAU1+  E-     TAU-        
      2.12292701E-16    2           11   1000039                       # EL-    -->  E-     GVSS               
#         PDG         Width
DECAY   1000013  1.11209929E+00   # MUL-  decays
#          BR          NDA       ID1     ID2       ID3       ID4
      9.83886242E-01    2      1000022        13                       # MUL-   -->  Z1SS   MU-                
      1.26044108E-02    2      1000023        13                       # MUL-   -->  Z2SS   MU-                
      2.83970330E-05    2      1000025        13                       # MUL-   -->  Z3SS   MU-                
      3.48092453E-03    2     -1000024        14                       # MUL-   -->  W1SS-  NUM                
      1.06167541E-09    3      1000015        13       -15             # MUL-   -->  TAU1-  MU-    TAU+        
      2.07533724E-09    3     -1000015        13        15             # MUL-   -->  TAU1+  MU-    TAU-        
      2.12292688E-16    2           13   1000039                       # MUL-   -->  MU-    GVSS               
#         PDG         Width
#DECAY   1000015  6.73439707E-18   # TAU1- decays
DECAY   1000015  0.000000000000   # TAU1- decays
#          BR          NDA       ID1     ID2       ID3       ID4
#      1.00000000E+00    2           15   1000039                       # TAU1-  -->  TAU-   GVSS               
#         PDG         Width
DECAY   1000012  1.07744288E+00   # NUEL  decays
#          BR          NDA       ID1     ID2       ID3       ID4
      9.93074656E-01    2      1000022        12                       # NUEL   -->  Z1SS   NUE                
      8.69973228E-05    2      1000023        12                       # NUEL   -->  Z2SS   NUE                
      1.57042174E-04    2      1000025        12                       # NUEL   -->  Z3SS   NUE                
      6.68129930E-03    2      1000024        11                       # NUEL   -->  W1SS+  E-                 
      9.81661197E-10    3      1000015        12       -15             # NUEL   -->  TAU1-  NUE    TAU+        
      1.94032412E-09    3     -1000015        12        15             # NUEL   -->  TAU1+  NUE    TAU-        
      1.02176978E-08    3     -1000015        11        16             # NUEL   -->  TAU1+  E-     NUT         
      2.07522596E-16    2           12   1000039                       # NUEL   -->  NUE    GVSS               
#         PDG         Width
DECAY   1000014  1.07744288E+00   # NUML  decays
#          BR          NDA       ID1     ID2       ID3       ID4
      9.93074656E-01    2      1000022        14                       # NUML   -->  Z1SS   NUM                
      8.69973228E-05    2      1000023        14                       # NUML   -->  Z2SS   NUM                
      1.57042174E-04    2      1000025        14                       # NUML   -->  Z3SS   NUM                
      6.68129930E-03    2      1000024        13                       # NUML   -->  W1SS+  MU-                
      9.81661197E-10    3      1000015        14       -15             # NUML   -->  TAU1-  NUM    TAU+        
      1.94032412E-09    3     -1000015        14        15             # NUML   -->  TAU1+  NUM    TAU-        
      1.02176978E-08    3     -1000015        13        16             # NUML   -->  TAU1+  MU-    NUT         
      2.07522596E-16    2           14   1000039                       # NUML   -->  NUM    GVSS               
#         PDG         Width
DECAY   1000016  1.17601717E+00   # NUTL  decays
#          BR          NDA       ID1     ID2       ID3       ID4
      9.07038391E-01    2      1000022        16                       # NUTL   -->  Z1SS   NUT                
      7.91959392E-05    2      1000023        16                       # NUTL   -->  Z2SS   NUT                
      1.42958408E-04    2      1000025        16                       # NUTL   -->  Z3SS   NUT                
      4.71506640E-02    2      1000024        15                       # NUTL   -->  W1SS+  TAU-               
      4.55888063E-02    2           24   1000015                       # NUTL   -->  W+     TAU1-              
      8.92964924E-10    3     -1000015        16        15             # NUTL   -->  TAU1+  NUT    TAU-        
      1.76602899E-09    3      1000015        16       -15             # NUTL   -->  TAU1-  NUT    TAU+        
      1.89458109E-16    2           16   1000039                       # NUTL   -->  NUT    GVSS               
#         PDG         Width
DECAY   2000011  1.48233346E-12   # ER-   decays
#          BR          NDA       ID1     ID2       ID3       ID4
      3.52768570E-01    3      1000015        11       -15             # ER-    -->  TAU1-  E-     TAU+        
      6.47226691E-01    3     -1000015        11        15             # ER-    -->  TAU1+  E-     TAU-        
      9.82527688E-12    3      1000015        12       -16             # ER-    -->  TAU1-  NUE    ANUT        
      4.75667184E-06    2           11   1000039                       # ER-    -->  E-     GVSS               
#         PDG         Width
DECAY   2000013  1.48233411E-12   # MUR-  decays
#          BR          NDA       ID1     ID2       ID3       ID4
      3.52768421E-01    3      1000015        13       -15             # MUR-   -->  TAU1-  MU-    TAU+        
      6.47226393E-01    3     -1000015        13        15             # MUR-   -->  TAU1+  MU-    TAU-        
      4.18241683E-07    3      1000015        14       -16             # MUR-   -->  TAU1-  NUM    ANUT        
      4.75667002E-06    2           13   1000039                       # MUR-   -->  MU-    GVSS               
#         PDG         Width
DECAY   2000015  1.34715128E+00   # TAU2- decays
#          BR          NDA       ID1     ID2       ID3       ID4
      8.09714913E-01    2      1000022        15                       # TAU2-  -->  Z1SS   TAU-               
      3.34883220E-02    2      1000023        15                       # TAU2-  -->  Z2SS   TAU-               
      2.34963726E-02    2      1000025        15                       # TAU2-  -->  Z3SS   TAU-               
      2.78713647E-03    2     -1000024        16                       # TAU2-  -->  W1SS-  NUT                
      2.12266427E-02    2           23   1000015                       # TAU2-  -->  Z0     TAU1-              
      1.09286629E-01    2           25   1000015                       # TAU2-  -->  HL0    TAU1-              
#         PDG         Width
DECAY   1000022  5.95906162E+00   # Z1SS  decays
#          BR          NDA       ID1     ID2       ID3       ID4
      1.64186031E-01    2      2000011       -11                       # Z1SS   -->  ER-    E+                 
      1.64186031E-01    2     -2000011        11                       # Z1SS   -->  ER+    E-                 
      1.64186031E-01    2      2000013       -13                       # Z1SS   -->  MUR-   MU+                
      1.64186031E-01    2     -2000013        13                       # Z1SS   -->  MUR+   MU-                
      1.71627939E-01    2      1000015       -15                       # Z1SS   -->  TAU1-  TAU+               
      1.71627939E-01    2     -1000015        15                       # Z1SS   -->  TAU1+  TAU-               
      3.99872757E-18    2      1000039        22                       # Z1SS   -->  GVSS   GM                 
      1.00354450E-19    3      1000039        11       -11             # Z1SS   -->  GVSS   E-     E+          
      1.22942965E-18    2      1000039        23                       # Z1SS   -->  GVSS   Z0                 
      8.38009974E-21    2      1000039        25                       # Z1SS   -->  GVSS   HL0                
#         PDG         Width
DECAY   1000023  1.10192490E+00   # Z2SS  decays
#          BR          NDA       ID1     ID2       ID3       ID4
      4.12457624E-08    2      1000022        22                       # Z2SS   -->  Z1SS   GM                 
      4.69123991E-03    2      1000022        23                       # Z2SS   -->  Z1SS   Z0                 
      1.56222049E-10    3      1000022         2        -2             # Z2SS   -->  Z1SS   UP     UB          
      1.07742600E-11    3      1000022         1        -1             # Z2SS   -->  Z1SS   DN     DB          
      1.07742600E-11    3      1000022         3        -3             # Z2SS   -->  Z1SS   ST     SB          
      1.56221966E-10    3      1000022         4        -4             # Z2SS   -->  Z1SS   CH     CB          
      6.63109168E-09    3      1000022         5        -5             # Z2SS   -->  Z1SS   BT     BB          
      1.38298955E-08    3      1000022        11       -11             # Z2SS   -->  Z1SS   E-     E+          
      1.38298955E-08    3      1000022        13       -13             # Z2SS   -->  Z1SS   MU-    MU+         
      3.15387965E-08    3      1000022        15       -15             # Z2SS   -->  Z1SS   TAU-   TAU+        
      1.15148703E-10    3      1000022        12       -12             # Z2SS   -->  Z1SS   NUE    ANUE        
      1.15148703E-10    3      1000022        14       -14             # Z2SS   -->  Z1SS   NUM    ANUM        
      1.15903412E-10    3      1000022        16       -16             # Z2SS   -->  Z1SS   NUT    ANUT        
      7.99012303E-01    2      1000022        25                       # Z2SS   -->  Z1SS   HL0                
      1.97633300E-02    2      2000011       -11                       # Z2SS   -->  ER-    E+                 
      1.97633300E-02    2     -2000011        11                       # Z2SS   -->  ER+    E-                 
      1.97633300E-02    2      2000013       -13                       # Z2SS   -->  MUR-   MU+                
      1.97633300E-02    2     -2000013        13                       # Z2SS   -->  MUR+   MU-                
      5.86215071E-02    2      1000015       -15                       # Z2SS   -->  TAU1-  TAU+               
      5.86215071E-02    2     -1000015        15                       # Z2SS   -->  TAU1+  TAU-               
      8.46972253E-19    2      1000039        22                       # Z2SS   -->  GVSS   GM                 
      2.15241960E-20    3      1000039        11       -11             # Z2SS   -->  GVSS   E-     E+          
      2.18141325E-17    2      1000039        23                       # Z2SS   -->  GVSS   Z0                 
      1.45236157E-17    2      1000039        25                       # Z2SS   -->  GVSS   HL0                
#         PDG         Width
DECAY   1000025  1.24756002E+00   # Z3SS  decays
#          BR          NDA       ID1     ID2       ID3       ID4
      2.49019422E-07    2      1000022        22                       # Z3SS   -->  Z1SS   GM                 
      4.67721734E-14    2      1000023        22                       # Z3SS   -->  Z2SS   GM                 
      9.26656485E-01    2      1000022        23                       # Z3SS   -->  Z1SS   Z0                 
      1.96999128E-13    3      1000022         2        -2             # Z3SS   -->  Z1SS   UP     UB          
      5.03192729E-14    3      1000022         1        -1             # Z3SS   -->  Z1SS   DN     DB          
      5.03192729E-14    3      1000022         3        -3             # Z3SS   -->  Z1SS   ST     SB          
      1.96999020E-13    3      1000022         4        -4             # Z3SS   -->  Z1SS   CH     CB          
      6.08416384E-09    3      1000022         5        -5             # Z3SS   -->  Z1SS   BT     BB          
      9.69726816E-12    3      1000022        11       -11             # Z3SS   -->  Z1SS   E-     E+          
      9.69726816E-12    3      1000022        13       -13             # Z3SS   -->  Z1SS   MU-    MU+         
      1.54823390E-08    3      1000022        15       -15             # Z3SS   -->  Z1SS   TAU-   TAU+        
      6.48857218E-11    3      1000022        12       -12             # Z3SS   -->  Z1SS   NUE    ANUE        
      6.48857218E-11    3      1000022        14       -14             # Z3SS   -->  Z1SS   NUM    ANUM        
      6.53239268E-11    3      1000022        16       -16             # Z3SS   -->  Z1SS   NUT    ANUT        
      3.97816254E-03    2      1000022        25                       # Z3SS   -->  Z1SS   HL0                
      6.82457103E-05    2      2000011       -11                       # Z3SS   -->  ER-    E+                 
      6.82457103E-05    2     -2000011        11                       # Z3SS   -->  ER+    E-                 
      6.82457176E-05    2      2000013       -13                       # Z3SS   -->  MUR-   MU+                
      6.82457176E-05    2     -2000013        13                       # Z3SS   -->  MUR+   MU-                
      3.45460586E-02    2      1000015       -15                       # Z3SS   -->  TAU1-  TAU+               
      3.45460586E-02    2     -1000015        15                       # Z3SS   -->  TAU1+  TAU-               
      1.40587383E-22    2      1000039        22                       # Z3SS   -->  GVSS   GM                 
      3.57281809E-24    3      1000039        11       -11             # Z3SS   -->  GVSS   E-     E+          
      1.30692088E-17    2      1000039        23                       # Z3SS   -->  GVSS   Z0                 
      1.94210229E-17    2      1000039        25                       # Z3SS   -->  GVSS   HL0                
#         PDG         Width
DECAY   1000035  4.48426247E+01   # Z4SS  decays
#          BR          NDA       ID1     ID2       ID3       ID4
      3.08152892E-10    2      1000022        22                       # Z4SS   -->  Z1SS   GM                 
      1.85246023E-07    2      1000023        22                       # Z4SS   -->  Z2SS   GM                 
      3.27490056E-07    2      1000025        22                       # Z4SS   -->  Z3SS   GM                 
      1.85133159E-01    2      1000024       -24                       # Z4SS   -->  W1SS+  W-                 
      1.85133159E-01    2     -1000024        24                       # Z4SS   -->  W1SS-  W+                 
      2.63546335E-05    3     -1000037         2        -1             # Z4SS   -->  W2SS-  UP     DB          
      8.78487754E-06    3     -1000037        12       -11             # Z4SS   -->  W2SS-  NUE    E+          
      8.78487754E-06    3     -1000037        14       -13             # Z4SS   -->  W2SS-  NUM    MU+         
      2.63546335E-05    3      1000037         1        -2             # Z4SS   -->  W2SS+  DN     UB          
      8.78487754E-06    3      1000037        11       -12             # Z4SS   -->  W2SS+  E-     ANUE        
      8.78487754E-06    3      1000037        13       -14             # Z4SS   -->  W2SS+  MU-    ANUM        
      2.63546335E-05    3     -1000037         4        -3             # Z4SS   -->  W2SS-  CH     SB          
      8.78487754E-06    3     -1000037        16       -15             # Z4SS   -->  W2SS-  NUT    TAU+        
      2.63546335E-05    3      1000037         3        -4             # Z4SS   -->  W2SS+  ST     CB          
      8.78487754E-06    3      1000037        15       -16             # Z4SS   -->  W2SS+  TAU-   ANUT        
      3.43101710E-05    2      1000022        23                       # Z4SS   -->  Z1SS   Z0                 
      4.78242012E-03    2      1000023        23                       # Z4SS   -->  Z2SS   Z0                 
      1.51131347E-01    2      1000025        23                       # Z4SS   -->  Z3SS   Z0                 
      3.13049036E-08    3      1000022         2        -2             # Z4SS   -->  Z1SS   UP     UB          
      3.36905792E-08    3      1000022         1        -1             # Z4SS   -->  Z1SS   DN     DB          
      3.36905792E-08    3      1000022         3        -3             # Z4SS   -->  Z1SS   ST     SB          
      3.13049036E-08    3      1000022         4        -4             # Z4SS   -->  Z1SS   CH     CB          
      4.32423377E-08    3      1000022         5        -5             # Z4SS   -->  Z1SS   BT     BB          
      8.35924829E-10    3      1000022        15       -15             # Z4SS   -->  Z1SS   TAU-   TAU+        
      1.34789702E-09    3      1000023         2        -2             # Z4SS   -->  Z2SS   UP     UB          
      2.52589089E-10    3      1000023         1        -1             # Z4SS   -->  Z2SS   DN     DB          
      2.52589089E-10    3      1000023         3        -3             # Z4SS   -->  Z2SS   ST     SB          
      1.34789702E-09    3      1000023         4        -4             # Z4SS   -->  Z2SS   CH     CB          
      1.73784628E-07    3      1000023         5        -5             # Z4SS   -->  Z2SS   BT     BB          
      3.35273782E-08    3      1000023        15       -15             # Z4SS   -->  Z2SS   TAU-   TAU+        
      5.79663314E-12    3      1000025         2        -2             # Z4SS   -->  Z3SS   UP     UB          
      1.01446117E-11    3      1000025         1        -1             # Z4SS   -->  Z3SS   DN     DB          
      1.01446117E-11    3      1000025         3        -3             # Z4SS   -->  Z3SS   ST     SB          
      5.79663314E-12    3      1000025         4        -4             # Z4SS   -->  Z3SS   CH     CB          
      1.79381132E-07    3      1000025         5        -5             # Z4SS   -->  Z3SS   BT     BB          
      3.47923894E-08    3      1000025        15       -15             # Z4SS   -->  Z3SS   TAU-   TAU+        
      6.99110213E-04    2      1000022        25                       # Z4SS   -->  Z1SS   HL0                
      1.60604969E-01    2      1000023        25                       # Z4SS   -->  Z2SS   HL0                
      5.29238814E-03    2      1000025        25                       # Z4SS   -->  Z3SS   HL0                
      2.46327668E-02    2      1000011       -11                       # Z4SS   -->  EL-    E+                 
      2.46327668E-02    2     -1000011        11                       # Z4SS   -->  EL+    E-                 
      2.46327668E-02    2      1000013       -13                       # Z4SS   -->  MUL-   MU+                
      2.46327668E-02    2     -1000013        13                       # Z4SS   -->  MUL+   MU-                
      1.54958101E-07    2      2000011       -11                       # Z4SS   -->  ER-    E+                 
      1.54958101E-07    2     -2000011        11                       # Z4SS   -->  ER+    E-                 
      1.54958101E-07    2      2000013       -13                       # Z4SS   -->  MUR-   MU+                
      1.54958101E-07    2     -2000013        13                       # Z4SS   -->  MUR+   MU-                
      9.90894478E-07    2      1000015       -15                       # Z4SS   -->  TAU1-  TAU+               
      9.90894478E-07    2     -1000015        15                       # Z4SS   -->  TAU1+  TAU-               
      2.47780029E-02    2      2000015       -15                       # Z4SS   -->  TAU2-  TAU+               
      2.47780029E-02    2     -2000015        15                       # Z4SS   -->  TAU2+  TAU-               
      2.64516398E-02    2      1000012       -12                       # Z4SS   -->  NUEL   ANUE               
      2.64516398E-02    2     -1000012        12                       # Z4SS   -->  ANUEL  NUE                
      2.64516398E-02    2      1000014       -14                       # Z4SS   -->  NUML   ANUM               
      2.64516398E-02    2     -1000014        14                       # Z4SS   -->  ANUML  NUM                
      2.65668407E-02    2      1000016       -16                       # Z4SS   -->  NUTL   ANUT               
      2.65668407E-02    2     -1000016        16                       # Z4SS   -->  ANUTL  NUT                
      4.01327809E-18    2      1000039        22                       # Z4SS   -->  GVSS   GM                 
      1.04993202E-19    3      1000039        11       -11             # Z4SS   -->  GVSS   E-     E+          
      1.33303878E-17    2      1000039        23                       # Z4SS   -->  GVSS   Z0                 
      1.04670643E-20    2      1000039        25                       # Z4SS   -->  GVSS   HL0                
      6.62093112E-30    2      1000039        36                       # Z4SS   -->  GVSS   HA0                
#         PDG         Width
DECAY   1000024  1.69207382E+00   # W1SS+ decays
#          BR          NDA       ID1     ID2       ID3       ID4
      7.77591359E-12    3      1000022         2        -1             # W1SS+  -->  Z1SS   UP     DB          
      7.77591359E-12    3      1000022         4        -3             # W1SS+  -->  Z1SS   CH     SB          
      8.53913296E-09    3      1000022       -11        12             # W1SS+  -->  Z1SS   E+     NUE         
      8.53913296E-09    3      1000022       -13        14             # W1SS+  -->  Z1SS   MU+    NUM         
      3.22500355E-08    3      1000022       -15        16             # W1SS+  -->  Z1SS   TAU+   NUT         
      9.45327520E-01    2      1000022        24                       # W1SS+  -->  Z1SS   W+                 
      7.05625425E-05    3      1000023         2        -1             # W1SS+  -->  Z2SS   UP     DB          
      7.05625425E-05    3      1000023         4        -3             # W1SS+  -->  Z2SS   CH     SB          
      2.35210064E-05    3      1000023       -11        12             # W1SS+  -->  Z2SS   E+     NUE         
      2.35210064E-05    3      1000023       -13        14             # W1SS+  -->  Z2SS   MU+    NUM         
      2.35210064E-05    3      1000023       -15        16             # W1SS+  -->  Z2SS   TAU+   NUT         
      6.62421517E-05    3      1000025         2        -1             # W1SS+  -->  Z3SS   UP     DB          
      6.62421517E-05    3      1000025         4        -3             # W1SS+  -->  Z3SS   CH     SB          
      2.20807397E-05    3      1000025       -11        12             # W1SS+  -->  Z3SS   E+     NUE         
      2.20807397E-05    3      1000025       -13        14             # W1SS+  -->  Z3SS   MU+    NUM         
      2.20807415E-05    3      1000025       -15        16             # W1SS+  -->  Z3SS   TAU+   NUT         
      5.42620346E-02    2     -1000015        16                       # W1SS+  -->  TAU1+  NUT                
#         PDG         Width
DECAY   1000037  3.84305267E+01   # W2SS+ decays
#          BR          NDA       ID1     ID2       ID3       ID4
      6.53518910E-08    3      1000022         2        -1             # W2SS+  -->  Z1SS   UP     DB          
      6.53518910E-08    3      1000022         4        -3             # W2SS+  -->  Z1SS   CH     SB          
      8.05096489E-10    3      1000022       -15        16             # W2SS+  -->  Z1SS   TAU+   NUT         
      6.10272633E-04    2      1000022        24                       # W2SS+  -->  Z1SS   W+                 
      6.77361278E-10    3      1000023         2        -1             # W2SS+  -->  Z2SS   UP     DB          
      6.77361278E-10    3      1000023         4        -3             # W2SS+  -->  Z2SS   CH     SB          
      3.19678861E-08    3      1000023       -15        16             # W2SS+  -->  Z2SS   TAU+   NUT         
      1.40260994E-01    2      1000023        24                       # W2SS+  -->  Z2SS   W+                 
      4.22614513E-11    3      1000025         2        -1             # W2SS+  -->  Z3SS   UP     DB          
      4.22614513E-11    3      1000025         4        -3             # W2SS+  -->  Z3SS   CH     SB          
      3.20101812E-08    3      1000025       -15        16             # W2SS+  -->  Z3SS   TAU+   NUT         
      1.83492959E-01    2      1000025        24                       # W2SS+  -->  Z3SS   W+                 
      5.50207272E-02    2      1000012       -11                       # W2SS+  -->  NUEL   E+                 
      5.50207272E-02    2      1000014       -13                       # W2SS+  -->  NUML   MU+                
      5.52802123E-02    2      1000016       -15                       # W2SS+  -->  NUTL   TAU+               
      5.11420928E-02    2     -1000011        12                       # W2SS+  -->  EL+    NUE                
      5.11420928E-02    2     -1000013        14                       # W2SS+  -->  MUL+   NUM                
      2.50031349E-06    2     -1000015        16                       # W2SS+  -->  TAU1+  NUT                
      5.14694713E-02    2     -2000015        16                       # W2SS+  -->  TAU2+  NUT                
      1.70917094E-01    2      1000024        23                       # W2SS+  -->  W1SS+  Z0                 
      1.22865063E-09    3      1000024         1        -1             # W2SS+  -->  W1SS+  DN     DB          
      1.22865063E-09    3      1000024         3        -3             # W2SS+  -->  W1SS+  ST     SB          
      5.94574556E-10    3      1000024         2        -2             # W2SS+  -->  W1SS+  UP     UB          
      5.94574556E-10    3      1000024         4        -4             # W2SS+  -->  W1SS+  CH     CB          
      1.85640663E-01    2      1000024        25                       # W2SS+  -->  W1SS+  HL0                
#         PDG         Width
DECAY        25  5.41423773E-03   # HL0   decays
#          BR          NDA       ID1     ID2       ID3       ID4
      3.84595600E-09    2           11       -11                       # HL0    -->  E-     E+                 
      1.62382479E-04    2           13       -13                       # HL0    -->  MU-    MU+                
      4.64499630E-02    2           15       -15                       # HL0    -->  TAU-   TAU+               
      4.82275027E-06    2            1        -1                       # HL0    -->  DN     DB                 
      1.94863300E-03    2            3        -3                       # HL0    -->  ST     SB                 
      7.64047563E-01    2            5        -5                       # HL0    -->  BT     BB                 
      1.53786516E-06    2            2        -2                       # HL0    -->  UP     UB                 
      3.82733494E-02    2            4        -4                       # HL0    -->  CH     CB                 
      1.73759344E-03    2           22        22                       # HL0    -->  GM     GM                 
      3.65082957E-02    2           21        21                       # HL0    -->  GL     GL                 
      5.58920251E-03    3           24        11       -12             # HL0    -->  W+     E-     ANUE        
      5.58920251E-03    3           24        13       -14             # HL0    -->  W+     MU-    ANUM        
      5.58920251E-03    3           24        15       -16             # HL0    -->  W+     TAU-   ANUT        
      1.67676061E-02    3           24        -2         1             # HL0    -->  W+     UB     DN          
      1.67676061E-02    3           24        -4         3             # HL0    -->  W+     CB     ST          
      5.58920251E-03    3          -24       -11        12             # HL0    -->  W-     E+     NUE         
      5.58920251E-03    3          -24       -13        14             # HL0    -->  W-     MU+    NUM         
      5.58920251E-03    3          -24       -15        16             # HL0    -->  W-     TAU+   NUT         
      1.67676061E-02    3          -24         2        -1             # HL0    -->  W-     UP     DB          
      1.67676061E-02    3          -24         4        -3             # HL0    -->  W-     CH     SB          
      7.01695040E-04    3           23        12       -12             # HL0    -->  Z0     NUE    ANUE        
      7.01695040E-04    3           23        14       -14             # HL0    -->  Z0     NUM    ANUM        
      7.01695040E-04    3           23        16       -16             # HL0    -->  Z0     NUT    ANUT        
      3.53156094E-04    3           23        11       -11             # HL0    -->  Z0     E-     E+          
      3.53156094E-04    3           23        13       -13             # HL0    -->  Z0     MU-    MU+         
      3.53156094E-04    3           23        15       -15             # HL0    -->  Z0     TAU-   TAU+        
      1.20988279E-03    3           23         2        -2             # HL0    -->  Z0     UP     UB          
      1.20988279E-03    3           23         4        -4             # HL0    -->  Z0     CH     CB          
      1.55862712E-03    3           23         1        -1             # HL0    -->  Z0     DN     DB          
      1.55862712E-03    3           23         3        -3             # HL0    -->  Z0     ST     SB          
      1.55862712E-03    3           23         5        -5             # HL0    -->  Z0     BT     BB          
#         PDG         Width
DECAY        35  6.10753584E+00   # HH0   decays
#          BR          NDA       ID1     ID2       ID3       ID4
      1.01762643E-08    2           11       -11                       # HH0    -->  E-     E+                 
      4.29660286E-04    2           13       -13                       # HH0    -->  MU-    MU+                
      1.23061113E-01    2           15       -15                       # HH0    -->  TAU-   TAU+               
      1.23482241E-05    2            1        -1                       # HH0    -->  DN     DB                 
      4.98930737E-03    2            3        -3                       # HH0    -->  ST     SB                 
      5.86302876E-01    2            5        -5                       # HH0    -->  BT     BB                 
      3.96454092E-10    2            2        -2                       # HH0    -->  UP     UB                 
      6.47490924E-06    2            4        -4                       # HH0    -->  CH     CB                 
      2.84754246E-01    2            6        -6                       # HH0    -->  TP     TB                 
      2.55770829E-07    2           22        22                       # HH0    -->  GM     GM                 
      3.16336009E-05    2           21        21                       # HH0    -->  GL     GL                 
      7.43121345E-05    2           24       -24                       # HH0    -->  W+     W-                 
      3.81119607E-05    2           23        23                       # HH0    -->  Z0     Z0                 
      2.83626287E-04    2           25        25                       # HH0    -->  HL0    HL0                
      5.49373817E-06    2      2000011  -2000011                       # HH0    -->  ER-    ER+                
      5.49061042E-06    2      2000013  -2000013                       # HH0    -->  MUR-   MUR+               
      5.05454000E-06    2      1000015  -1000015                       # HH0    -->  TAU1-  TAU1+              
#         PDG         Width
DECAY        36  6.07277727E+00   # HA0   decays
#          BR          NDA       ID1     ID2       ID3       ID4
      1.01678186E-08    2           11       -11                       # HA0    -->  E-     E+                 
      4.29303647E-04    2           13       -13                       # HA0    -->  MU-    MU+                
      1.22959085E-01    2           15       -15                       # HA0    -->  TAU-   TAU+               
      1.23385016E-05    2            1        -1                       # HA0    -->  DN     DB                 
      4.98538045E-03    2            3        -3                       # HA0    -->  ST     SB                 
      5.85843086E-01    2            5        -5                       # HA0    -->  BT     BB                 
      3.94792643E-10    2            2        -2                       # HA0    -->  UP     UB                 
      6.45215869E-06    2            4        -4                       # HA0    -->  CH     CB                 
      2.85640866E-01    2            6        -6                       # HA0    -->  TP     TB                 
      3.79652818E-07    2           22        22                       # HA0    -->  GM     GM                 
      4.90208440E-05    2           21        21                       # HA0    -->  GL     GL                 
      7.40688847E-05    2           25        23                       # HA0    -->  HL0    Z0                 
      6.54297816E-09    2      1000015  -1000015                       # HA0    -->  TAU1-  TAU1+              
#         PDG         Width
DECAY        37  5.70658922E+00   # H+    decays
#          BR          NDA       ID1     ID2       ID3       ID4
      1.08941283E-08    2           12       -11                       # H+     -->  NUE    E+                 
      4.59969742E-04    2           14       -13                       # H+     -->  NUM    MU+                
      1.31742328E-01    2           16       -15                       # H+     -->  NUT    TAU+               
      1.22675046E-05    2            2        -1                       # H+     -->  UP     DB                 
      4.96294349E-03    2            4        -3                       # H+     -->  CH     SB                 
      8.62743020E-01    2            6        -5                       # H+     -->  TP     BB                 
      7.94372536E-05    2           25        24                       # H+     -->  HL0    W+                 
