#  ISAJET decay tables in SUSY Les Houches accord format
#  Created by ISALHD. Last revision: C. Balazs, 2005 May 25
Block DCINFO   # Program information
    1             ISASUGRA from ISAJET          # Spectrum Calculator
    2   7.69   21-AUG-2003 11:39:06             # Version number
#  SUSY parameters in Les Houches accord format
Block MODSEL   # Model selection
    1    2   #  Minimal gauge mediated (GMSB) model              
Block MINPAR   # Input parameters
    1    3.300000000E+05   # Lambda
    2    6.600000000E+05   # M_mes
    3    3.000000000E+00   # N_5
    4    1.000000000E+01   # tan(beta
    5    1.000000000E+00   # sgn(mu)
    6    1.740000000E+02   # M_t
    7    1.000000000E+04   # C_grav
Block EXTPAR    # Input parameters - non-minimal models
    8    1.000000000E+00   # Rsl
    9    0.000000000E+00   # dmH_d^2
   10    0.000000000E+00   # dmH_u^2
   11    0.000000000E+00   # d_Y
   12    3.000000000E+00   # N5_1
   13    3.000000000E+00   # N5_2
   14    3.000000000E+00   # N5_3
#  
Block MASS   # Scalar and gaugino mass spectrum
#  PDG code   mass                 particle
         6    1.740000000E+02   #  top            
        25    1.215091324E+02   #  h^0            
        35    2.756794189E+03   #  H^0            
        36    2.738706787E+03   #  A^0            
        37    2.757909180E+03   #  H^+            
   1000001    6.303314941E+03   #  dnl            
   1000002    6.302780762E+03   #  upl            
   1000003    6.303314941E+03   #  stl            
   1000004    6.302781250E+03   #  chl            
   1000005    5.997923340E+03   #  b1             
   1000006    5.602504395E+03   #  t1             
   1000011    2.113481689E+03   #  el-            
   1000012    2.088905273E+03   #  nuel           
   1000013    2.113481689E+03   #  mul-           
   1000014    2.088905273E+03   #  numl           
   1000015    1.028518311E+03   #  tau1           
   1000016    2.087428955E+03   #  nutl           
   1000021    6.497241211E+03   #  glss           
   1000022    1.399852295E+03   #  z1ss           
   1000023    1.809147583E+03   #  z2ss           
   1000024    1.844312500E+03   #  w1ss           
   1000025   -1.811089600E+03   #  z3ss           
   1000035    2.685466309E+03   #  z4ss           
   1000037    2.644712158E+03   #  w2ss           
   2000001    5.988583496E+03   #  dnr            
   2000002    6.017852539E+03   #  upr            
   2000003    5.988583496E+03   #  str            
   2000004    6.017853027E+03   #  chr            
   2000005    6.101494629E+03   #  b2             
   2000006    6.134194336E+03   #  t2             
   2000011    1.038365723E+03   #  er-            
   2000013    1.038365723E+03   #  mur-           
   2000015    2.111583984E+03   #  tau2           
   1000039    5.239453749E-04   # gravitino       
Block ALPHA   # Higgs mixing
    1   -9.996378422E-02   # alpha
Block HMIX Q= 5.754485352E+03   # Higgs parameters
    1    1.782613281E+03   # mu
Block STOPMIX   # stop mixing matrix
  1  1    4.098704830E-02
  1  2   -9.991596937E-01
  2  1    9.991596937E-01
  2  2    4.098704830E-02
Block SBOTMIX   # sbottom mixing matrix
  1  1    4.350464419E-02
  1  2   -9.990532398E-01
  2  1    9.990532398E-01
  2  2    4.350464419E-02
Block STAUMIX   # stau mixing matrix
  1  1    5.433012266E-03
  1  2   -9.999852180E-01
  2  1    9.999852180E-01
  2  2    5.433012266E-03
Block NMIX   # neutralino mixing matrix
  1  1    9.958836436E-01   # N_11
  1  2   -4.057847895E-03   # N_12
  1  3    6.948099285E-02   # N_13
  1  4   -5.806502700E-02   # N_14
  2  1   -9.025952220E-02   # N_21
  2  2   -6.840375811E-02   # N_22
  2  3    7.027326226E-01   # N_23
  2  4   -7.023822069E-01   # N_24
  3  1    8.039282635E-03   # N_31
  3  2   -1.066064276E-02   # N_32
  3  3   -7.068697214E-01   # N_33
  3  4   -7.072174549E-01   # N_34
  4  1    2.052183030E-03   # N_41
  4  2   -9.975925684E-01   # N_42
  4  3   -4.091430455E-02   # N_43
  4  4    5.595544726E-02   # N_44
Block UMIX   # chargino U mixing matrix
  1  1   -6.172822043E-02
  1  2    9.980930090E-01
  2  1   -9.980930090E-01
  2  2   -6.172822043E-02
Block VMIX   # chargino V mixing matrix
  1  1   -8.476769179E-02
  1  2    9.964007139E-01
  2  1   -9.964007139E-01
  2  2   -8.476769179E-02
Block AU Q= 5.754485352E+03   #  The trilinear couplings
  3  3   -2.013467529E+03    7.199401757+165   #
Block AD Q= 5.754485352E+03   #  The trilinear couplings
  3  3   -2.208823486E+03    3.580431530+252   #
Block AE Q= 5.754485352E+03   #  The trilinear couplings
  3  3   -3.564673462E+02    1.456328742E+45   #
Block SPINFO   # Program information
    1                                ISASUGRA   # Spectrum Calculator
    2    ISAJET     V7.69   21-AUG-2003 11:39   # Version number
#         PDG         Width
DECAY         6  1.18783092E+00   # TP    decays
#          BR          NDA       ID1     ID2       ID3       ID4
      3.33333343E-01    3            2        -1         5             # TP     -->  UP     DB     BT          
      3.33333343E-01    3            4        -3         5             # TP     -->  CH     SB     BT          
      1.11111112E-01    3          -11        12         5             # TP     -->  E+     NUE    BT          
      1.11111112E-01    3          -13        14         5             # TP     -->  MU+    NUM    BT          
      1.11111112E-01    3          -15        16         5             # TP     -->  TAU+   NUT    BT          
#         PDG         Width
DECAY   1000021  2.63239937E+01   # GLSS  decays
#          BR          NDA       ID1     ID2       ID3       ID4
      8.28771945E-03    2     -1000002         2                       # GLSS   -->  UBL    UP                 
      8.28771945E-03    2      1000002        -2                       # GLSS   -->  UPL    UB                 
      8.24293960E-03    2     -1000001         1                       # GLSS   -->  DBL    DN                 
      8.24293960E-03    2      1000001        -1                       # GLSS   -->  DNL    DB                 
      4.81498465E-02    2     -2000002         2                       # GLSS   -->  UBR    UP                 
      4.81498465E-02    2      2000002        -2                       # GLSS   -->  UPR    UB                 
      5.39556406E-02    2     -2000001         1                       # GLSS   -->  DBR    DN                 
      5.39556406E-02    2      2000001        -1                       # GLSS   -->  DNR    DB                 
      8.24293494E-03    2     -1000003         3                       # GLSS   -->  SBL    ST                 
      8.24293494E-03    2      1000003        -3                       # GLSS   -->  STL    SB                 
      5.39556369E-02    2     -2000003         3                       # GLSS   -->  SBR    ST                 
      5.39556369E-02    2      2000003        -3                       # GLSS   -->  STR    SB                 
      8.28748848E-03    2     -1000004         4                       # GLSS   -->  CBL    CH                 
      8.28748848E-03    2      1000004        -4                       # GLSS   -->  CHL    CB                 
      4.81495559E-02    2     -2000004         4                       # GLSS   -->  CBR    CH                 
      4.81495559E-02    2      2000004        -4                       # GLSS   -->  CHR    CB                 
      5.20206541E-02    2     -1000005         5                       # GLSS   -->  BB1    BT                 
      5.20206541E-02    2      1000005        -5                       # GLSS   -->  BT1    BB                 
      3.32888328E-02    2     -2000005         5                       # GLSS   -->  BB2    BT                 
      3.32888328E-02    2      2000005        -5                       # GLSS   -->  BT2    BB                 
      1.51571780E-01    2     -1000006         6                       # GLSS   -->  TB1    TP                 
      1.51571780E-01    2      1000006        -6                       # GLSS   -->  TP1    TB                 
      2.58469637E-02    2     -2000006         6                       # GLSS   -->  TB2    TP                 
      2.58469637E-02    2      2000006        -6                       # GLSS   -->  TP2    TB                 
      1.84462282E-15    2      1000039        21                       # GLSS   -->  GVSS   GL                 
#         PDG         Width
DECAY   1000002  5.46800308E+01   # UPL   decays
#          BR          NDA       ID1     ID2       ID3       ID4
      1.39553826E-02    2      1000022         2                       # UPL    -->  Z1SS   UP                 
      2.94750161E-03    2      1000023         2                       # UPL    -->  Z2SS   UP                 
      3.44734472E-05    2      1000025         2                       # UPL    -->  Z3SS   UP                 
      3.23212594E-01    2      1000035         2                       # UPL    -->  Z4SS   UP                 
      5.82980691E-03    2      1000024         1                       # UPL    -->  W1SS+  DN                 
      6.54020250E-01    2      1000037         1                       # UPL    -->  W2SS+  DN                 
#         PDG         Width
DECAY   1000001  5.46584625E+01   # DNL   decays
#          BR          NDA       ID1     ID2       ID3       ID4
      1.52615858E-02    2      1000022         1                       # DNL    -->  Z1SS   DN                 
      1.09962234E-03    2      1000023         1                       # DNL    -->  Z2SS   DN                 
      6.01528191E-05    2      1000025         1                       # DNL    -->  Z3SS   DN                 
      3.23879719E-01    2      1000035         1                       # DNL    -->  Z4SS   DN                 
      3.09302146E-03    2     -1000024         2                       # DNL    -->  W1SS-  UP                 
      6.56605899E-01    2     -1000037         2                       # DNL    -->  W2SS-  UP                 
#         PDG         Width
DECAY   1000003  5.46584587E+01   # STL   decays
#          BR          NDA       ID1     ID2       ID3       ID4
      1.52615868E-02    2      1000022         3                       # STL    -->  Z1SS   ST                 
      1.09962234E-03    2      1000023         3                       # STL    -->  Z2SS   ST                 
      6.01528227E-05    2      1000025         3                       # STL    -->  Z3SS   ST                 
      3.23879749E-01    2      1000035         3                       # STL    -->  Z4SS   ST                 
      3.09302146E-03    2     -1000024         4                       # STL    -->  W1SS-  CH                 
      6.56605840E-01    2     -1000037         4                       # STL    -->  W2SS-  CH                 
#         PDG         Width
DECAY   1000004  5.46800385E+01   # CHL   decays
#          BR          NDA       ID1     ID2       ID3       ID4
      1.39553798E-02    2      1000022         4                       # CHL    -->  Z1SS   CH                 
      2.94750137E-03    2      1000023         4                       # CHL    -->  Z2SS   CH                 
      3.44734435E-05    2      1000025         4                       # CHL    -->  Z3SS   CH                 
      3.23212534E-01    2      1000035         4                       # CHL    -->  Z4SS   CH                 
      5.82980691E-03    2      1000024         3                       # CHL    -->  W1SS+  ST                 
      6.54020309E-01    2      1000037         3                       # CHL    -->  W2SS+  ST                 
#         PDG         Width
DECAY   1000005  5.75580072E+00   # BT1   decays
#          BR          NDA       ID1     ID2       ID3       ID4
      5.25801718E-01    2      1000022         5                       # BT1    -->  Z1SS   BT                 
      1.14357732E-01    2      1000023         5                       # BT1    -->  Z2SS   BT                 
      1.09785408E-01    2      1000025         5                       # BT1    -->  Z3SS   BT                 
      3.11214617E-03    2      1000035         5                       # BT1    -->  Z4SS   BT                 
      2.40585044E-01    2     -1000024         6                       # BT1    -->  W1SS-  TP                 
      6.20703585E-03    2     -1000037         6                       # BT1    -->  W2SS-  TP                 
      1.50920969E-04    2          -24   1000006                       # BT1    -->  W-     TP1                
#         PDG         Width
DECAY   1000006  1.13655899E+02   # TP1   decays
#          BR          NDA       ID1     ID2       ID3       ID4
      9.88504887E-02    2      1000022         6                       # TP1    -->  Z1SS   TP                 
      2.24541858E-01    2      1000023         6                       # TP1    -->  Z2SS   TP                 
      2.27042288E-01    2      1000025         6                       # TP1    -->  Z3SS   TP                 
      3.24162742E-04    2      1000035         6                       # TP1    -->  Z4SS   TP                 
      4.48396742E-01    2      1000024         5                       # TP1    -->  W1SS+  BT                 
      8.44471972E-04    2      1000037         5                       # TP1    -->  W2SS+  BT                 
#         PDG         Width
DECAY   2000002  1.21638126E+01   # UPR   decays
#          BR          NDA       ID1     ID2       ID3       ID4
      9.92398500E-01    2      1000022         2                       # UPR    -->  Z1SS   UP                 
      7.53868604E-03    2      1000023         2                       # UPR    -->  Z2SS   UP                 
      5.97803919E-05    2      1000025         2                       # UPR    -->  Z3SS   UP                 
      3.02088779E-06    2      1000035         2                       # UPR    -->  Z4SS   UP                 
#         PDG         Width
DECAY   2000001  3.02275205E+00   # DNR   decays
#          BR          NDA       ID1     ID2       ID3       ID4
      9.92404759E-01    2      1000022         1                       # DNR    -->  Z1SS   DN                 
      7.53250346E-03    2      1000023         1                       # DNR    -->  Z2SS   DN                 
      5.97310900E-05    2      1000025         1                       # DNR    -->  Z3SS   DN                 
      3.00957640E-06    2      1000035         1                       # DNR    -->  Z4SS   DN                 
#         PDG         Width
DECAY   2000003  3.02275205E+00   # STR   decays
#          BR          NDA       ID1     ID2       ID3       ID4
      9.92404759E-01    2      1000022         3                       # STR    -->  Z1SS   ST                 
      7.53250346E-03    2      1000023         3                       # STR    -->  Z2SS   ST                 
      5.97310900E-05    2      1000025         3                       # STR    -->  Z3SS   ST                 
      3.00957640E-06    2      1000035         3                       # STR    -->  Z4SS   ST                 
#         PDG         Width
DECAY   2000004  1.21638117E+01   # CHR   decays
#          BR          NDA       ID1     ID2       ID3       ID4
      9.92398500E-01    2      1000022         4                       # CHR    -->  Z1SS   CH                 
      7.53868697E-03    2      1000023         4                       # CHR    -->  Z2SS   CH                 
      5.97803955E-05    2      1000025         4                       # CHR    -->  Z3SS   CH                 
      3.02088802E-06    2      1000035         4                       # CHR    -->  Z4SS   CH                 
#         PDG         Width
DECAY   2000005  1.11042511E+02   # BT2   decays
#          BR          NDA       ID1     ID2       ID3       ID4
      7.14998087E-03    2      1000022         5                       # BT2    -->  Z1SS   BT                 
      6.26497297E-03    2      1000023         5                       # BT2    -->  Z2SS   BT                 
      5.94182312E-03    2      1000025         5                       # BT2    -->  Z3SS   BT                 
      1.49616838E-01    2      1000035         5                       # BT2    -->  Z4SS   BT                 
      5.15043676E-01    2     -1000024         6                       # BT2    -->  W1SS-  TP                 
      3.07693809E-01    2     -1000037         6                       # BT2    -->  W2SS-  TP                 
      8.28373991E-03    2          -24   1000006                       # BT2    -->  W-     TP1                
      5.19050809E-06    2           23   1000005                       # BT2    -->  Z0     BT1                
#         PDG         Width
DECAY   2000006  1.13510971E+02   # TP2   decays
#          BR          NDA       ID1     ID2       ID3       ID4
      1.19465487E-02    2      1000024         5                       # TP2    -->  W1SS+  BT                 
      3.01343501E-01    2      1000037         5                       # TP2    -->  W2SS+  BT                 
      4.90345294E-03    2           23   1000006                       # TP2    -->  Z0     TP1                
      1.09111993E-02    2           25   1000006                       # TP2    -->  HL0    TP1                
      1.11569490E-04    2           24   1000005                       # TP2    -->  W+     BT1                
      7.72376731E-03    2      1000022         6                       # TP2    -->  Z1SS   TP                 
      2.55259335E-01    2      1000023         6                       # TP2    -->  Z2SS   TP                 
      2.57374018E-01    2      1000025         6                       # TP2    -->  Z3SS   TP                 
      1.50426582E-01    2      1000035         6                       # TP2    -->  Z4SS   TP                 
#         PDG         Width
DECAY   1000011  8.40065837E-01   # EL-   decays
#          BR          NDA       ID1     ID2       ID3       ID4
      9.84845877E-01    2      1000022        11                       # EL-    -->  Z1SS   E-                 
      1.05344933E-02    2      1000023        11                       # EL-    -->  Z2SS   E-                 
      2.91264732E-05    2      1000025        11                       # EL-    -->  Z3SS   E-                 
      4.59047826E-03    2     -1000024        12                       # EL-    -->  W1SS-  NUE                
      2.45960541E-09    3      1000015        11       -15             # EL-    -->  TAU1-  E-     TAU+        
      3.43313866E-09    3     -1000015        11        15             # EL-    -->  TAU1+  E-     TAU-        
      2.10520086E-16    2           11   1000039                       # EL-    -->  E-     GVSS               
#         PDG         Width
DECAY   1000013  8.40065837E-01   # MUL-  decays
#          BR          NDA       ID1     ID2       ID3       ID4
      9.84845877E-01    2      1000022        13                       # MUL-   -->  Z1SS   MU-                
      1.05344933E-02    2      1000023        13                       # MUL-   -->  Z2SS   MU-                
      2.91264732E-05    2      1000025        13                       # MUL-   -->  Z3SS   MU-                
      4.59047826E-03    2     -1000024        14                       # MUL-   -->  W1SS-  NUM                
      2.45960541E-09    3      1000015        13       -15             # MUL-   -->  TAU1-  MU-    TAU+        
      3.43313866E-09    3     -1000015        13        15             # MUL-   -->  TAU1+  MU-    TAU-        
      2.10520086E-16    2           13   1000039                       # MUL-   -->  MU-    GVSS               
#         PDG         Width
#DECAY   1000015  4.82691155E-18   # TAU1- decays
DECAY   1000015  0.000000000000   # TAU1- decays
#          BR          NDA       ID1     ID2       ID3       ID4
#      1.00000000E+00    2           15   1000039                       # TAU1-  -->  TAU-   GVSS               
#         PDG         Width
DECAY   1000012  8.17910135E-01   # NUEL  decays
#          BR          NDA       ID1     ID2       ID3       ID4
      9.92102325E-01    2      1000022        12                       # NUEL   -->  Z1SS   NUE                
      2.37194676E-04    2      1000023        12                       # NUEL   -->  Z2SS   NUE                
      1.50712236E-04    2      1000025        12                       # NUEL   -->  Z3SS   NUE                
      7.50972657E-03    2      1000024        11                       # NUEL   -->  W1SS+  E-                 
      2.26196661E-09    3      1000015        12       -15             # NUEL   -->  TAU1-  NUE    TAU+        
      3.17496252E-09    3     -1000015        12        15             # NUEL   -->  TAU1+  NUE    TAU-        
      1.61186122E-08    3     -1000015        11        16             # NUEL   -->  TAU1+  E-     NUT         
      2.03940043E-16    2           12   1000039                       # NUEL   -->  NUE    GVSS               
#         PDG         Width
DECAY   1000014  8.17910135E-01   # NUML  decays
#          BR          NDA       ID1     ID2       ID3       ID4
      9.92102325E-01    2      1000022        14                       # NUML   -->  Z1SS   NUM                
      2.37194676E-04    2      1000023        14                       # NUML   -->  Z2SS   NUM                
      1.50712236E-04    2      1000025        14                       # NUML   -->  Z3SS   NUM                
      7.50972563E-03    2      1000024        13                       # NUML   -->  W1SS+  MU-                
      2.26196661E-09    3      1000015        14       -15             # NUML   -->  TAU1-  NUM    TAU+        
      3.17496252E-09    3     -1000015        14        15             # NUML   -->  TAU1+  NUM    TAU-        
      1.61186140E-08    3     -1000015        13        16             # NUML   -->  TAU1+  MU-    NUT         
      2.03940043E-16    2           14   1000039                       # NUML   -->  NUM    GVSS               
#         PDG         Width
DECAY   1000016  9.09029782E-01   # NUTL  decays
#          BR          NDA       ID1     ID2       ID3       ID4
      8.89968216E-01    2      1000022        16                       # NUTL   -->  Z1SS   NUT                
      2.11460254E-04    2      1000023        16                       # NUTL   -->  Z2SS   NUT                
      1.34350805E-04    2      1000025        16                       # NUTL   -->  Z3SS   NUT                
      2.70317066E-02    2      1000024        15                       # NUTL   -->  W1SS+  TAU-               
      8.26542601E-02    2           24   1000015                       # NUTL   -->  W+     TAU1-              
      2.02156714E-09    3     -1000015        16        15             # NUTL   -->  TAU1+  NUT    TAU-        
      2.83784529E-09    3      1000015        16       -15             # NUTL   -->  TAU1-  NUT    TAU+        
      1.82849916E-16    2           16   1000039                       # NUTL   -->  NUT    GVSS               
#         PDG         Width
DECAY   2000011  1.21773078E-12   # ER-   decays
#          BR          NDA       ID1     ID2       ID3       ID4
      3.52955520E-01    3      1000015        11       -15             # ER-    -->  TAU1-  E-     TAU+        
      6.47040308E-01    3     -1000015        11        15             # ER-    -->  TAU1+  E-     TAU-        
      7.13529192E-12    3      1000015        12       -16             # ER-    -->  TAU1-  NUE    ANUT        
      4.15733302E-06    2           11   1000039                       # ER-    -->  E-     GVSS               
#         PDG         Width
DECAY   2000013  1.21773110E-12   # MUR-  decays
#          BR          NDA       ID1     ID2       ID3       ID4
      3.52955431E-01    3      1000015        13       -15             # MUR-   -->  TAU1-  MU-    TAU+        
      6.47040129E-01    3     -1000015        13        15             # MUR-   -->  TAU1+  MU-    TAU-        
      3.03713165E-07    3      1000015        14       -16             # MUR-   -->  TAU1-  NUM    ANUT        
      4.15733166E-06    2           13   1000039                       # MUR-   -->  MU-    GVSS               
#         PDG         Width
DECAY   2000015  1.02656972E+00   # TAU2- decays
#          BR          NDA       ID1     ID2       ID3       ID4
      8.03399622E-01    2      1000022        15                       # TAU2-  -->  Z1SS   TAU-               
      2.17772257E-02    2      1000023        15                       # TAU2-  -->  Z2SS   TAU-               
      1.34126171E-02    2      1000025        15                       # TAU2-  -->  Z3SS   TAU-               
      3.61370435E-03    2     -1000024        16                       # TAU2-  -->  W1SS-  NUT                
      3.91368531E-02    2           23   1000015                       # TAU2-  -->  Z0     TAU1-              
      1.18659951E-01    2           25   1000015                       # TAU2-  -->  HL0    TAU1-              
#         PDG         Width
DECAY   1000022  4.35292912E+00   # Z1SS  decays
#          BR          NDA       ID1     ID2       ID3       ID4
      1.64091915E-01    2      2000011       -11                       # Z1SS   -->  ER-    E+                 
      1.64091915E-01    2     -2000011        11                       # Z1SS   -->  ER+    E-                 
      1.64091900E-01    2      2000013       -13                       # Z1SS   -->  MUR-   MU+                
      1.64091900E-01    2     -2000013        13                       # Z1SS   -->  MUR+   MU-                
      1.71816185E-01    2      1000015       -15                       # Z1SS   -->  TAU1-  TAU+               
      1.71816185E-01    2     -1000015        15                       # Z1SS   -->  TAU1+  TAU-               
      3.92712723E-18    2      1000039        22                       # Z1SS   -->  GVSS   GM                 
      9.65089586E-20    3      1000039        11       -11             # Z1SS   -->  GVSS   E-     E+          
      1.19964981E-18    2      1000039        23                       # Z1SS   -->  GVSS   Z0                 
      6.49390620E-21    2      1000039        25                       # Z1SS   -->  GVSS   HL0                
#         PDG         Width
DECAY   1000023  1.01494801E+00   # Z2SS  decays
#          BR          NDA       ID1     ID2       ID3       ID4
      6.42154561E-08    2      1000022        22                       # Z2SS   -->  Z1SS   GM                 
      8.60577077E-03    2      1000022        23                       # Z2SS   -->  Z1SS   Z0                 
      4.70480765E-10    3      1000022         2        -2             # Z2SS   -->  Z1SS   UP     UB          
      4.21127369E-11    3      1000022         1        -1             # Z2SS   -->  Z1SS   DN     DB          
      4.21127369E-11    3      1000022         3        -3             # Z2SS   -->  Z1SS   ST     SB          
      4.70480599E-10    3      1000022         4        -4             # Z2SS   -->  Z1SS   CH     CB          
      2.34815083E-08    3      1000022         5        -5             # Z2SS   -->  Z1SS   BT     BB          
      8.53707576E-08    3      1000022        11       -11             # Z2SS   -->  Z1SS   E-     E+          
      8.53707576E-08    3      1000022        13       -13             # Z2SS   -->  Z1SS   MU-    MU+         
      1.63749604E-07    3      1000022        15       -15             # Z2SS   -->  Z1SS   TAU-   TAU+        
      2.51118881E-09    3      1000022        12       -12             # Z2SS   -->  Z1SS   NUE    ANUE        
      2.51118881E-09    3      1000022        14       -14             # Z2SS   -->  Z1SS   NUM    ANUM        
      2.52961851E-09    3      1000022        16       -16             # Z2SS   -->  Z1SS   NUT    ANUT        
      8.16206813E-01    2      1000022        25                       # Z2SS   -->  Z1SS   HL0                
      1.66067071E-02    2      2000011       -11                       # Z2SS   -->  ER-    E+                 
      1.66067071E-02    2     -2000011        11                       # Z2SS   -->  ER+    E-                 
      1.66067071E-02    2      2000013       -13                       # Z2SS   -->  MUR-   MU+                
      1.66067071E-02    2     -2000013        13                       # Z2SS   -->  MUR+   MU-                
      5.43800928E-02    2      1000015       -15                       # Z2SS   -->  TAU1-  TAU+               
      5.43800928E-02    2     -1000015        15                       # Z2SS   -->  TAU1+  TAU-               
      1.00540671E-18    2      1000039        22                       # Z2SS   -->  GVSS   GM                 
      2.51353450E-20    3      1000039        11       -11             # Z2SS   -->  GVSS   E-     E+          
      2.34499665E-17    2      1000039        23                       # Z2SS   -->  GVSS   Z0                 
      1.55455245E-17    2      1000039        25                       # Z2SS   -->  GVSS   HL0                
#         PDG         Width
DECAY   1000025  1.05123317E+00   # Z3SS  decays
#          BR          NDA       ID1     ID2       ID3       ID4
      3.13696489E-07    2      1000022        22                       # Z3SS   -->  Z1SS   GM                 
      2.80282503E-12    2      1000023        22                       # Z3SS   -->  Z2SS   GM                 
      9.17641282E-01    2      1000022        23                       # Z3SS   -->  Z1SS   Z0                 
      1.29857919E-12    3      1000022         2        -2             # Z3SS   -->  Z1SS   UP     UB          
      3.37458522E-13    3      1000022         1        -1             # Z3SS   -->  Z1SS   DN     DB          
      3.37458522E-13    3      1000022         3        -3             # Z3SS   -->  Z1SS   ST     SB          
      1.29857876E-12    3      1000022         4        -4             # Z3SS   -->  Z1SS   CH     CB          
      2.36539499E-08    3      1000022         5        -5             # Z3SS   -->  Z1SS   BT     BB          
      8.70105932E-11    3      1000022        11       -11             # Z3SS   -->  Z1SS   E-     E+          
      8.70105932E-11    3      1000022        13       -13             # Z3SS   -->  Z1SS   MU-    MU+         
      7.70383437E-08    3      1000022        15       -15             # Z3SS   -->  Z1SS   TAU-   TAU+        
      5.93450900E-10    3      1000022        12       -12             # Z3SS   -->  Z1SS   NUE    ANUE        
      5.93450900E-10    3      1000022        14       -14             # Z3SS   -->  Z1SS   NUM    ANUM        
      5.98108951E-10    3      1000022        16       -16             # Z3SS   -->  Z1SS   NUT    ANUT        
      3.80419784E-12    3      1000023         2        -2             # Z3SS   -->  Z2SS   UP     UB          
      4.90553648E-12    3      1000023         1        -1             # Z3SS   -->  Z2SS   DN     DB          
      4.90553648E-12    3      1000023         3        -3             # Z3SS   -->  Z2SS   ST     SB          
      1.11281036E-12    3      1000023        11       -11             # Z3SS   -->  Z2SS   E-     E+          
      1.11281036E-12    3      1000023        13       -13             # Z3SS   -->  Z2SS   MU-    MU+         
      2.21416527E-12    3      1000023        12       -12             # Z3SS   -->  Z2SS   NUE    ANUE        
      2.21416527E-12    3      1000023        14       -14             # Z3SS   -->  Z2SS   NUM    ANUM        
      2.21416527E-12    3      1000023        16       -16             # Z3SS   -->  Z2SS   NUT    ANUT        
      8.03782884E-03    2      1000022        25                       # Z3SS   -->  Z1SS   HL0                
      1.27601787E-04    2      2000011       -11                       # Z3SS   -->  ER-    E+                 
      1.27601787E-04    2     -2000011        11                       # Z3SS   -->  ER+    E-                 
      1.27601772E-04    2      2000013       -13                       # Z3SS   -->  MUR-   MU+                
      1.27601772E-04    2     -2000013        13                       # Z3SS   -->  MUR+   MU-                
      3.69050279E-02    2      1000015       -15                       # Z3SS   -->  TAU1-  TAU+               
      3.69050279E-02    2     -1000015        15                       # Z3SS   -->  TAU1+  TAU-               
      2.83711439E-22    2      1000039        22                       # Z3SS   -->  GVSS   GM                 
      7.09334102E-24    3      1000039        11       -11             # Z3SS   -->  GVSS   E-     E+          
      1.54479966E-17    2      1000039        23                       # Z3SS   -->  GVSS   Z0                 
      2.28817067E-17    2      1000039        25                       # Z3SS   -->  GVSS   HL0                
#         PDG         Width
DECAY   1000035  3.16422806E+01   # Z4SS  decays
#          BR          NDA       ID1     ID2       ID3       ID4
      6.74347383E-11    2      1000022        22                       # Z4SS   -->  Z1SS   GM                 
      1.93638769E-07    2      1000023        22                       # Z4SS   -->  Z2SS   GM                 
      3.65684144E-07    2      1000025        22                       # Z4SS   -->  Z3SS   GM                 
      1.80240735E-01    2      1000024       -24                       # Z4SS   -->  W1SS+  W-                 
      1.80240735E-01    2     -1000024        24                       # Z4SS   -->  W1SS-  W+                 
      7.01349518E-06    3     -1000037         2        -1             # Z4SS   -->  W2SS-  UP     DB          
      2.33783180E-06    3     -1000037        12       -11             # Z4SS   -->  W2SS-  NUE    E+          
      2.33783180E-06    3     -1000037        14       -13             # Z4SS   -->  W2SS-  NUM    MU+         
      7.01349518E-06    3      1000037         1        -2             # Z4SS   -->  W2SS+  DN     UB          
      2.33783180E-06    3      1000037        11       -12             # Z4SS   -->  W2SS+  E-     ANUE        
      2.33783180E-06    3      1000037        13       -14             # Z4SS   -->  W2SS+  MU-    ANUM        
      7.01349518E-06    3     -1000037         4        -3             # Z4SS   -->  W2SS-  CH     SB          
      2.33783180E-06    3     -1000037        16       -15             # Z4SS   -->  W2SS-  NUT    TAU+        
      7.01349518E-06    3      1000037         3        -4             # Z4SS   -->  W2SS+  ST     CB          
      2.33783180E-06    3      1000037        15       -16             # Z4SS   -->  W2SS+  TAU-   ANUT        
      1.29537329E-05    2      1000022        23                       # Z4SS   -->  Z1SS   Z0                 
      3.71580315E-03    2      1000023        23                       # Z4SS   -->  Z2SS   Z0                 
      1.50999099E-01    2      1000025        23                       # Z4SS   -->  Z3SS   Z0                 
      3.10523660E-08    3      1000022         2        -2             # Z4SS   -->  Z1SS   UP     UB          
      3.39787292E-08    3      1000022         1        -1             # Z4SS   -->  Z1SS   DN     DB          
      3.39787292E-08    3      1000022         3        -3             # Z4SS   -->  Z1SS   ST     SB          
      3.10523589E-08    3      1000022         4        -4             # Z4SS   -->  Z1SS   CH     CB          
      4.22212842E-08    3      1000022         5        -5             # Z4SS   -->  Z1SS   BT     BB          
      5.44706225E-10    3      1000022        15       -15             # Z4SS   -->  Z1SS   TAU-   TAU+        
      1.51025736E-09    3      1000023         2        -2             # Z4SS   -->  Z2SS   UP     UB          
      5.63772751E-10    3      1000023         1        -1             # Z4SS   -->  Z2SS   DN     DB          
      5.63772751E-10    3      1000023         3        -3             # Z4SS   -->  Z2SS   ST     SB          
      1.51025670E-09    3      1000023         4        -4             # Z4SS   -->  Z2SS   CH     CB          
      1.05133374E-07    3      1000023         5        -5             # Z4SS   -->  Z2SS   BT     BB          
      1.92454817E-08    3      1000023        15       -15             # Z4SS   -->  Z2SS   TAU-   TAU+        
      6.14770517E-12    3      1000025         2        -2             # Z4SS   -->  Z3SS   UP     UB          
      1.07336440E-11    3      1000025         1        -1             # Z4SS   -->  Z3SS   DN     DB          
      1.07336440E-11    3      1000025         3        -3             # Z4SS   -->  Z3SS   ST     SB          
      6.14770301E-12    3      1000025         4        -4             # Z4SS   -->  Z3SS   CH     CB          
      1.07578302E-07    3      1000025         5        -5             # Z4SS   -->  Z3SS   BT     BB          
      1.98906118E-08    3      1000025        15       -15             # Z4SS   -->  Z3SS   TAU-   TAU+        
      3.00281506E-04    2      1000022        25                       # Z4SS   -->  Z1SS   HL0                
      1.58993587E-01    2      1000023        25                       # Z4SS   -->  Z2SS   HL0                
      3.99596756E-03    2      1000025        25                       # Z4SS   -->  Z3SS   HL0                
      2.56944876E-02    2      1000011       -11                       # Z4SS   -->  EL-    E+                 
      2.56944876E-02    2     -1000011        11                       # Z4SS   -->  EL+    E-                 
      2.56944876E-02    2      1000013       -13                       # Z4SS   -->  MUL-   MU+                
      2.56944876E-02    2     -1000013        13                       # Z4SS   -->  MUL+   MU-                
      6.57498333E-07    2      2000011       -11                       # Z4SS   -->  ER-    E+                 
      6.57498333E-07    2     -2000011        11                       # Z4SS   -->  ER+    E-                 
      6.57498333E-07    2      2000013       -13                       # Z4SS   -->  MUR-   MU+                
      6.57498333E-07    2     -2000013        13                       # Z4SS   -->  MUR+   MU-                
      1.95823191E-06    2      1000015       -15                       # Z4SS   -->  TAU1-  TAU+               
      1.95823191E-06    2     -1000015        15                       # Z4SS   -->  TAU1+  TAU-               
      2.58467626E-02    2      2000015       -15                       # Z4SS   -->  TAU2-  TAU+               
      2.58467626E-02    2     -2000015        15                       # Z4SS   -->  TAU2+  TAU-               
      2.77898069E-02    2      1000012       -12                       # Z4SS   -->  NUEL   ANUE               
      2.77898069E-02    2     -1000012        12                       # Z4SS   -->  ANUEL  NUE                
      2.77898069E-02    2      1000014       -14                       # Z4SS   -->  NUML   ANUM               
      2.77898069E-02    2     -1000014        14                       # Z4SS   -->  ANUML  NUM                
      2.79102530E-02    2      1000016       -16                       # Z4SS   -->  NUTL   ANUT               
      2.79102530E-02    2     -1000016        16                       # Z4SS   -->  ANUTL  NUT                
      4.24211678E-18    2      1000039        22                       # Z4SS   -->  GVSS   GM                 
      1.08831636E-19    3      1000039        11       -11             # Z4SS   -->  GVSS   E-     E+          
      1.41482229E-17    2      1000039        23                       # Z4SS   -->  GVSS   Z0                 
      2.44363370E-20    2      1000039        25                       # Z4SS   -->  GVSS   HL0                
#         PDG         Width
DECAY   1000024  1.30601609E+00   # W1SS+ decays
#          BR          NDA       ID1     ID2       ID3       ID4
      6.26411562E-11    3      1000022         2        -1             # W1SS+  -->  Z1SS   UP     DB          
      6.26411423E-11    3      1000022         4        -3             # W1SS+  -->  Z1SS   CH     SB          
      9.01402970E-08    3      1000022       -11        12             # W1SS+  -->  Z1SS   E+     NUE         
      9.01402970E-08    3      1000022       -13        14             # W1SS+  -->  Z1SS   MU+    NUM         
      2.05323317E-07    3      1000022       -15        16             # W1SS+  -->  Z1SS   TAU+   NUT         
      9.37411010E-01    2      1000022        24                       # W1SS+  -->  Z1SS   W+                 
      1.94536751E-05    3      1000023         2        -1             # W1SS+  -->  Z2SS   UP     DB          
      1.94536751E-05    3      1000023         4        -3             # W1SS+  -->  Z2SS   CH     SB          
      6.48486230E-06    3      1000023       -11        12             # W1SS+  -->  Z2SS   E+     NUE         
      6.48486230E-06    3      1000023       -13        14             # W1SS+  -->  Z2SS   MU+    NUM         
      6.48485957E-06    3      1000023       -15        16             # W1SS+  -->  Z2SS   TAU+   NUT         
      1.43742118E-05    3      1000025         2        -1             # W1SS+  -->  Z3SS   UP     DB          
      1.43742118E-05    3      1000025         4        -3             # W1SS+  -->  Z3SS   CH     SB          
      4.79143091E-06    3      1000025       -11        12             # W1SS+  -->  Z3SS   E+     NUE         
      4.79143091E-06    3      1000025       -13        14             # W1SS+  -->  Z3SS   MU+    NUM         
      4.79142955E-06    3      1000025       -15        16             # W1SS+  -->  Z3SS   TAU+   NUT         
      6.24871254E-02    2     -1000015        16                       # W1SS+  -->  TAU1+  NUT                
#         PDG         Width
DECAY   1000037  2.69750366E+01   # W2SS+ decays
#          BR          NDA       ID1     ID2       ID3       ID4
      6.57675230E-08    3      1000022         2        -1             # W2SS+  -->  Z1SS   UP     DB          
      6.57675159E-08    3      1000022         4        -3             # W2SS+  -->  Z1SS   CH     SB          
      5.16963972E-10    3      1000022       -15        16             # W2SS+  -->  Z1SS   TAU+   NUT         
      2.23956362E-04    2      1000022        24                       # W2SS+  -->  Z1SS   W+                 
      7.49583839E-10    3      1000023         2        -1             # W2SS+  -->  Z2SS   UP     DB          
      7.49583506E-10    3      1000023         4        -3             # W2SS+  -->  Z2SS   CH     SB          
      1.81810123E-08    3      1000023       -15        16             # W2SS+  -->  Z2SS   TAU+   NUT         
      1.38912231E-01    2      1000023        24                       # W2SS+  -->  Z2SS   W+                 
      4.45085115E-11    3      1000025         2        -1             # W2SS+  -->  Z3SS   UP     DB          
      4.45085080E-11    3      1000025         4        -3             # W2SS+  -->  Z3SS   CH     SB          
      1.79230355E-08    3      1000025       -15        16             # W2SS+  -->  Z3SS   TAU+   NUT         
      1.80170372E-01    2      1000025        24                       # W2SS+  -->  Z3SS   W+                 
      5.79718351E-02    2      1000012       -11                       # W2SS+  -->  NUEL   E+                 
      5.79718351E-02    2      1000014       -13                       # W2SS+  -->  NUML   MU+                
      5.82447574E-02    2      1000016       -15                       # W2SS+  -->  NUTL   TAU+               
      5.36916815E-02    2     -1000011        12                       # W2SS+  -->  EL+    NUE                
      5.36916815E-02    2     -1000013        14                       # W2SS+  -->  MUL+   NUM                
      4.20263905E-06    2     -1000015        16                       # W2SS+  -->  TAU1+  NUT                
      5.40366508E-02    2     -2000015        16                       # W2SS+  -->  TAU2+  NUT                
      1.64488167E-01    2      1000024        23                       # W2SS+  -->  W1SS+  Z0                 
      1.57962798E-09    3      1000024         1        -1             # W2SS+  -->  W1SS+  DN     DB          
      1.57962721E-09    3      1000024         3        -3             # W2SS+  -->  W1SS+  ST     SB          
      8.40168324E-10    3      1000024         2        -2             # W2SS+  -->  W1SS+  UP     UB          
      8.40168324E-10    3      1000024         4        -4             # W2SS+  -->  W1SS+  CH     CB          
      1.80592462E-01    2      1000024        25                       # W2SS+  -->  W1SS+  HL0                
#         PDG         Width
DECAY        25  5.35851903E-03   # HL0   decays
#          BR          NDA       ID1     ID2       ID3       ID4
      3.87629395E-09    2           11       -11                       # HL0    -->  E-     E+                 
      1.63663397E-04    2           13       -13                       # HL0    -->  MU-    MU+                
      4.68157716E-02    2           15       -15                       # HL0    -->  TAU-   TAU+               
      4.86115368E-06    2            1        -1                       # HL0    -->  DN     DB                 
      1.96414976E-03    2            3        -3                       # HL0    -->  ST     SB                 
      7.70672679E-01    2            5        -5                       # HL0    -->  BT     BB                 
      1.54617987E-06    2            2        -2                       # HL0    -->  UP     UB                 
      3.85093540E-02    2            4        -4                       # HL0    -->  CH     CB                 
      1.72167481E-03    2           22        22                       # HL0    -->  GM     GM                 
      3.61919999E-02    2           21        21                       # HL0    -->  GL     GL                 
      5.25085907E-03    3           24        11       -12             # HL0    -->  W+     E-     ANUE        
      5.25085907E-03    3           24        13       -14             # HL0    -->  W+     MU-    ANUM        
      5.25085907E-03    3           24        15       -16             # HL0    -->  W+     TAU-   ANUT        
      1.57525782E-02    3           24        -2         1             # HL0    -->  W+     UB     DN          
      1.57525782E-02    3           24        -4         3             # HL0    -->  W+     CB     ST          
      5.25085907E-03    3          -24       -11        12             # HL0    -->  W-     E+     NUE         
      5.25085907E-03    3          -24       -13        14             # HL0    -->  W-     MU+    NUM         
      5.25085907E-03    3          -24       -15        16             # HL0    -->  W-     TAU+   NUT         
      1.57525782E-02    3          -24         2        -1             # HL0    -->  W-     UP     DB          
      1.57525782E-02    3          -24         4        -3             # HL0    -->  W-     CH     SB          
      6.45521970E-04    3           23        12       -12             # HL0    -->  Z0     NUE    ANUE        
      6.45521970E-04    3           23        14       -14             # HL0    -->  Z0     NUM    ANUM        
      6.45521970E-04    3           23        16       -16             # HL0    -->  Z0     NUT    ANUT        
      3.24884721E-04    3           23        11       -11             # HL0    -->  Z0     E-     E+          
      3.24884721E-04    3           23        13       -13             # HL0    -->  Z0     MU-    MU+         
      3.24884721E-04    3           23        15       -15             # HL0    -->  Z0     TAU-   TAU+        
      1.11302745E-03    3           23         2        -2             # HL0    -->  Z0     UP     UB          
      1.11302745E-03    3           23         4        -4             # HL0    -->  Z0     CH     CB          
      1.43385376E-03    3           23         1        -1             # HL0    -->  Z0     DN     DB          
      1.43385376E-03    3           23         3        -3             # HL0    -->  Z0     ST     SB          
      1.43385376E-03    3           23         5        -5             # HL0    -->  Z0     BT     BB          
#         PDG         Width
DECAY        35  4.74358368E+00   # HH0   decays
#          BR          NDA       ID1     ID2       ID3       ID4
      9.87563542E-09    2           11       -11                       # HH0    -->  E-     E+                 
      4.16967116E-04    2           13       -13                       # HH0    -->  MU-    MU+                
      1.19425483E-01    2           15       -15                       # HH0    -->  TAU-   TAU+               
      1.20061068E-05    2            1        -1                       # HH0    -->  DN     DB                 
      4.85107535E-03    2            3        -3                       # HH0    -->  ST     SB                 
      5.90764761E-01    2            5        -5                       # HH0    -->  BT     BB                 
      3.86450344E-10    2            2        -2                       # HH0    -->  UP     UB                 
      6.50138645E-06    2            4        -4                       # HH0    -->  CH     CB                 
      2.83793867E-01    2            6        -6                       # HH0    -->  TP     TB                 
      3.33402767E-07    2           22        22                       # HH0    -->  GM     GM                 
      4.33886598E-05    2           21        21                       # HH0    -->  GL     GL                 
      1.24511571E-04    2           24       -24                       # HH0    -->  W+     W-                 
      6.38172642E-05    2           23        23                       # HH0    -->  Z0     Z0                 
      4.68373473E-04    2           25        25                       # HH0    -->  HL0    HL0                
      9.82726669E-06    2      2000011  -2000011                       # HH0    -->  ER-    ER+                
      9.82167512E-06    2      2000013  -2000013                       # HH0    -->  MUR-   MUR+               
      9.22143590E-06    2      1000015  -1000015                       # HH0    -->  TAU1-  TAU1+              
#         PDG         Width
DECAY        36  4.71954775E+00   # HA0   decays
#          BR          NDA       ID1     ID2       ID3       ID4
      9.86138904E-09    2           11       -11                       # HA0    -->  E-     E+                 
      4.16365627E-04    2           13       -13                       # HA0    -->  MU-    MU+                
      1.19253404E-01    2           15       -15                       # HA0    -->  TAU-   TAU+               
      1.19893302E-05    2            1        -1                       # HA0    -->  DN     DB                 
      4.84429579E-03    2            3        -3                       # HA0    -->  ST     SB                 
      5.89942336E-01    2            5        -5                       # HA0    -->  BT     BB                 
      3.83620080E-10    2            2        -2                       # HA0    -->  UP     UB                 
      6.45828959E-06    2            4        -4                       # HA0    -->  CH     CB                 
      2.85332501E-01    2            6        -6                       # HA0    -->  TP     TB                 
      4.98296004E-07    2           22        22                       # HA0    -->  GM     GM                 
      6.83053295E-05    2           21        21                       # HA0    -->  GL     GL                 
      1.23803256E-04    2           25        23                       # HA0    -->  HL0    Z0                 
      1.96785575E-08    2      1000015  -1000015                       # HA0    -->  TAU1-  TAU1+              
#         PDG         Width
DECAY        37  4.41544151E+00   # H+    decays
#          BR          NDA       ID1     ID2       ID3       ID4
      1.06144817E-08    2           12       -11                       # H+     -->  NUE    E+                 
      4.48162551E-04    2           14       -13                       # H+     -->  NUM    MU+                
      1.28360525E-01    2           16       -15                       # H+     -->  NUT    TAU+               
      1.19526039E-05    2            2        -1                       # H+     -->  UP     DB                 
      4.83573368E-03    2            4        -3                       # H+     -->  CH     SB                 
      8.66210163E-01    2            6        -5                       # H+     -->  TP     BB                 
      1.33487367E-04    2           25        24                       # H+     -->  HL0    W+                 
