#  ISAJET decay tables in SUSY Les Houches accord format
#  Created by ISALHD. Last revision: C. Balazs, 2005 May 25
Block DCINFO   # Program information
    1             ISASUGRA from ISAJET          # Spectrum Calculator
    2   7.69   21-AUG-2003 11:39:06             # Version number
#  SUSY parameters in Les Houches accord format
Block MODSEL   # Model selection
    1    2   #  Minimal gauge mediated (GMSB) model              
Block MINPAR   # Input parameters
    1    1.400000000E+05   # Lambda
    2    2.800000000E+05   # M_mes
    3    3.000000000E+00   # N_5
    4    1.000000000E+01   # tan(beta
    5    1.000000000E+00   # sgn(mu)
    6    1.740000000E+02   # M_t
    7    1.000000000E+04   # C_grav
Block EXTPAR    # Input parameters - non-minimal models
    8    1.000000000E+00   # Rsl
    9    0.000000000E+00   # dmH_d^2
   10    0.000000000E+00   # dmH_u^2
   11    0.000000000E+00   # d_Y
   12    3.000000000E+00   # N5_1
   13    3.000000000E+00   # N5_2
   14    3.000000000E+00   # N5_3
#  
Block MASS   # Scalar and gaugino mass spectrum
#  PDG code   mass                 particle
         6    1.740000000E+02   #  top            
        25    1.190690384E+02   #  h^0            
        35    1.263845581E+03   #  H^0            
        36    1.255435547E+03   #  A^0            
        37    1.266268188E+03   #  H^+            
   1000001    2.854349365E+03   #  dnl            
   1000002    2.853166504E+03   #  upl            
   1000003    2.854349365E+03   #  stl            
   1000004    2.853166992E+03   #  chl            
   1000005    2.727277832E+03   #  b1             
   1000006    2.544849854E+03   #  t1             
   1000011    9.078375854E+02   #  el-            
   1000012    8.930703735E+02   #  nuel           
   1000013    9.078375854E+02   #  mul-           
   1000014    8.930703735E+02   #  numl           
   1000015    4.318218994E+02   #  tau1           
   1000016    8.924364014E+02   #  nutl           
   1000021    2.964034668E+03   #  glss           
   1000022    5.852483521E+02   #  z1ss           
   1000023    8.899074097E+02   #  z2ss           
   1000024    9.035574341E+02   #  w1ss           
   1000025   -9.004641113E+02   #  z3ss           
   1000035    1.162620117E+03   #  z4ss           
   1000037    1.146193604E+03   #  w2ss           
   2000001    2.727236816E+03   #  dnr            
   2000002    2.737905273E+03   #  upr            
   2000003    2.727236816E+03   #  str            
   2000004    2.737905762E+03   #  chr            
   2000005    2.759940186E+03   #  b2             
   2000006    2.778224854E+03   #  t2             
   2000011    4.365622559E+02   #  er-            
   2000013    4.365622559E+02   #  mur-           
   2000015    9.071060791E+02   #  tau2           
   1000039    9.430055070E-05   # gravitino       
Block ALPHA   # Higgs mixing
    1   -1.010334790E-01   # alpha
Block HMIX Q= 2.622744629E+03   # Higgs parameters
    1    8.871353760E+02   # mu
Block STOPMIX   # stop mixing matrix
  1  1    1.030538231E-01
  1  2   -9.946757555E-01
  2  1    9.946757555E-01
  2  2    1.030538231E-01
Block SBOTMIX   # sbottom mixing matrix
  1  1    1.207394004E-01
  1  2   -9.926842451E-01
  2  1    9.926842451E-01
  2  2    1.207394004E-01
Block STAUMIX   # stau mixing matrix
  1  1    1.952150278E-02
  1  2   -9.998094440E-01
  2  1    9.998094440E-01
  2  2    1.952150278E-02
Block NMIX   # neutralino mixing matrix
  1  1    9.935074449E-01   # N_11
  1  2   -1.074956544E-02   # N_12
  1  3    9.163503349E-02   # N_13
  1  4   -6.656078994E-02   # N_14
  2  1   -1.114790216E-01   # N_21
  2  2   -2.261700332E-01   # N_22
  2  3    6.873744726E-01   # N_23
  2  4   -6.811286211E-01   # N_24
  3  1    1.746204495E-02   # N_31
  3  2   -2.347743884E-02   # N_32
  3  3   -7.060356140E-01   # N_33
  3  4   -7.075718045E-01   # N_34
  4  1    1.450427994E-02   # N_41
  4  2   -9.737455249E-01   # N_42
  4  3   -1.436439157E-01   # N_43
  4  4    1.759991497E-01   # N_44
Block UMIX   # chargino U mixing matrix
  1  1   -2.134304196E-01
  1  2    9.769582748E-01
  2  1   -9.769582748E-01
  2  2   -2.134304196E-01
Block VMIX   # chargino V mixing matrix
  1  1   -2.625274956E-01
  1  2    9.649245143E-01
  2  1   -9.649245143E-01
  2  2   -2.625274956E-01
Block AU Q= 2.622744629E+03   #  The trilinear couplings
  3  3   -9.440029907E+02    7.199401757+165   #
Block AD Q= 2.622744629E+03   #  The trilinear couplings
  3  3   -1.039852539E+03    3.580431530+252   #
Block AE Q= 2.622744629E+03   #  The trilinear couplings
  3  3   -1.527005310E+02    1.456328742E+45   #
Block SPINFO   # Program information
    1                                ISASUGRA   # Spectrum Calculator
    2    ISAJET     V7.69   21-AUG-2003 11:39   # Version number
#         PDG         Width
DECAY         6  1.18783092E+00   # TP    decays
#          BR          NDA       ID1     ID2       ID3       ID4
      3.33333343E-01    3            2        -1         5             # TP     -->  UP     DB     BT          
      3.33333343E-01    3            4        -3         5             # TP     -->  CH     SB     BT          
      1.11111112E-01    3          -11        12         5             # TP     -->  E+     NUE    BT          
      1.11111112E-01    3          -13        14         5             # TP     -->  MU+    NUM    BT          
      1.11111112E-01    3          -15        16         5             # TP     -->  TAU+   NUT    BT          
#         PDG         Width
DECAY   1000021  1.33173008E+01   # GLSS  decays
#          BR          NDA       ID1     ID2       ID3       ID4
      1.24234846E-02    2     -1000002         2                       # GLSS   -->  UBL    UP                 
      1.24234846E-02    2      1000002        -2                       # GLSS   -->  UPL    UB                 
      1.21647539E-02    2     -1000001         1                       # GLSS   -->  DBL    DN                 
      1.21647539E-02    2      1000001        -1                       # GLSS   -->  DNL    DB                 
      4.96547632E-02    2     -2000002         2                       # GLSS   -->  UBR    UP                 
      4.96547632E-02    2      2000002        -2                       # GLSS   -->  UPR    UB                 
      5.42469881E-02    2     -2000001         1                       # GLSS   -->  DBR    DN                 
      5.42469881E-02    2      2000001        -1                       # GLSS   -->  DNR    DB                 
      1.21647352E-02    2     -1000003         3                       # GLSS   -->  SBL    ST                 
      1.21647352E-02    2      1000003        -3                       # GLSS   -->  STL    SB                 
      5.42469732E-02    2     -2000003         3                       # GLSS   -->  SBR    ST                 
      5.42469732E-02    2      2000003        -3                       # GLSS   -->  STR    SB                 
      1.24224946E-02    2     -1000004         4                       # GLSS   -->  CBL    CH                 
      1.24224946E-02    2      1000004        -4                       # GLSS   -->  CHL    CB                 
      4.96537387E-02    2     -2000004         4                       # GLSS   -->  CBR    CH                 
      4.96537387E-02    2      2000004        -4                       # GLSS   -->  CHR    CB                 
      5.39319888E-02    2     -1000005         5                       # GLSS   -->  BB1    BT                 
      5.39319888E-02    2      1000005        -5                       # GLSS   -->  BT1    BB                 
      4.09988314E-02    2     -2000005         5                       # GLSS   -->  BB2    BT                 
      4.09988314E-02    2      2000005        -5                       # GLSS   -->  BT2    BB                 
      1.33466557E-01    2     -1000006         6                       # GLSS   -->  TB1    TP                 
      1.33466557E-01    2      1000006        -6                       # GLSS   -->  TP1    TB                 
      1.46246869E-02    2     -2000006         6                       # GLSS   -->  TB2    TP                 
      1.46246869E-02    2      2000006        -6                       # GLSS   -->  TP2    TB                 
      2.22411942E-15    2      1000039        21                       # GLSS   -->  GVSS   GL                 
#         PDG         Width
DECAY   1000002  2.58674316E+01   # UPL   decays
#          BR          NDA       ID1     ID2       ID3       ID4
      1.24968635E-02    2      1000022         2                       # UPL    -->  Z1SS   UP                 
      2.30066665E-02    2      1000023         2                       # UPL    -->  Z2SS   UP                 
      1.54779860E-04    2      1000025         2                       # UPL    -->  Z3SS   UP                 
      3.04502070E-01    2      1000035         2                       # UPL    -->  Z4SS   UP                 
      5.18048778E-02    2      1000024         1                       # UPL    -->  W1SS+  DN                 
      6.08034730E-01    2      1000037         1                       # UPL    -->  W2SS+  DN                 
#         PDG         Width
DECAY   1000001  2.58213577E+01   # DNL   decays
#          BR          NDA       ID1     ID2       ID3       ID4
      1.58672035E-02    2      1000022         1                       # DNL    -->  Z1SS   DN                 
      1.60540752E-02    2      1000023         1                       # DNL    -->  Z2SS   DN                 
      2.68502103E-04    2      1000025         1                       # DNL    -->  Z3SS   DN                 
      3.08623135E-01    2      1000035         1                       # DNL    -->  Z4SS   DN                 
      3.43216509E-02    2     -1000024         2                       # DNL    -->  W1SS-  UP                 
      6.24865413E-01    2     -1000037         2                       # DNL    -->  W2SS-  UP                 
#         PDG         Width
DECAY   1000003  2.58213463E+01   # STL   decays
#          BR          NDA       ID1     ID2       ID3       ID4
      1.58672109E-02    2      1000022         3                       # STL    -->  Z1SS   ST                 
      1.60540827E-02    2      1000023         3                       # STL    -->  Z2SS   ST                 
      2.68502219E-04    2      1000025         3                       # STL    -->  Z3SS   ST                 
      3.08623284E-01    2      1000035         3                       # STL    -->  Z4SS   ST                 
      3.43216471E-02    2     -1000024         4                       # STL    -->  W1SS-  CH                 
      6.24865294E-01    2     -1000037         4                       # STL    -->  W2SS-  CH                 
#         PDG         Width
DECAY   1000004  2.58674355E+01   # CHL   decays
#          BR          NDA       ID1     ID2       ID3       ID4
      1.24968588E-02    2      1000022         4                       # CHL    -->  Z1SS   CH                 
      2.30066571E-02    2      1000023         4                       # CHL    -->  Z2SS   CH                 
      1.54779802E-04    2      1000025         4                       # CHL    -->  Z3SS   CH                 
      3.04501951E-01    2      1000035         4                       # CHL    -->  Z4SS   CH                 
      5.18048890E-02    2      1000024         3                       # CHL    -->  W1SS+  ST                 
      6.08034849E-01    2      1000037         3                       # CHL    -->  W2SS+  ST                 
#         PDG         Width
DECAY   1000005  3.32527494E+00   # BT1   decays
#          BR          NDA       ID1     ID2       ID3       ID4
      4.23714519E-01    2      1000022         5                       # BT1    -->  Z1SS   BT                 
      1.14577673E-01    2      1000023         5                       # BT1    -->  Z2SS   BT                 
      8.92727301E-02    2      1000025         5                       # BT1    -->  Z3SS   BT                 
      1.50410580E-02    2      1000035         5                       # BT1    -->  Z4SS   BT                 
      3.19108367E-01    2     -1000024         6                       # BT1    -->  W1SS-  TP                 
      3.73250172E-02    2     -1000037         6                       # BT1    -->  W2SS-  TP                 
      9.60648584E-04    2          -24   1000006                       # BT1    -->  W-     TP1                
#         PDG         Width
DECAY   1000006  5.23432808E+01   # TP1   decays
#          BR          NDA       ID1     ID2       ID3       ID4
      9.91750062E-02    2      1000022         6                       # TP1    -->  Z1SS   TP                 
      2.16419727E-01    2      1000023         6                       # TP1    -->  Z2SS   TP                 
      2.29170233E-01    2      1000025         6                       # TP1    -->  Z3SS   TP                 
      4.93656052E-03    2      1000035         6                       # TP1    -->  Z4SS   TP                 
      4.38239008E-01    2      1000024         5                       # TP1    -->  W1SS+  BT                 
      1.20594688E-02    2      1000037         5                       # TP1    -->  W2SS+  BT                 
#         PDG         Width
DECAY   2000002  5.62747240E+00   # UPR   decays
#          BR          NDA       ID1     ID2       ID3       ID4
      9.88645136E-01    2      1000022         2                       # UPR    -->  Z1SS   UP                 
      1.09326793E-02    2      1000023         2                       # UPR    -->  Z2SS   UP                 
      2.66733958E-04    2      1000025         2                       # UPR    -->  Z3SS   UP                 
      1.55454982E-04    2      1000035         2                       # UPR    -->  Z4SS   UP                 
#         PDG         Width
DECAY   2000001  1.40031636E+00   # DNR   decays
#          BR          NDA       ID1     ID2       ID3       ID4
      9.88657773E-01    2      1000022         1                       # DNR    -->  Z1SS   DN                 
      1.09207779E-02    2      1000023         1                       # DNR    -->  Z2SS   DN                 
      2.66430376E-04    2      1000025         1                       # DNR    -->  Z3SS   DN                 
      1.55037633E-04    2      1000035         1                       # DNR    -->  Z4SS   DN                 
#         PDG         Width
DECAY   2000003  1.40031636E+00   # STR   decays
#          BR          NDA       ID1     ID2       ID3       ID4
      9.88657773E-01    2      1000022         3                       # STR    -->  Z1SS   ST                 
      1.09207779E-02    2      1000023         3                       # STR    -->  Z2SS   ST                 
      2.66430376E-04    2      1000025         3                       # STR    -->  Z3SS   ST                 
      1.55037633E-04    2      1000035         3                       # STR    -->  Z4SS   ST                 
#         PDG         Width
DECAY   2000004  5.62747002E+00   # CHR   decays
#          BR          NDA       ID1     ID2       ID3       ID4
      9.88645136E-01    2      1000022         4                       # CHR    -->  Z1SS   CH                 
      1.09326812E-02    2      1000023         4                       # CHR    -->  Z2SS   CH                 
      2.66733958E-04    2      1000025         4                       # CHR    -->  Z3SS   CH                 
      1.55454982E-04    2      1000035         4                       # CHR    -->  Z4SS   CH                 
#         PDG         Width
DECAY   2000005  5.10199127E+01   # BT2   decays
#          BR          NDA       ID1     ID2       ID3       ID4
      7.46312551E-03    2      1000022         5                       # BT2    -->  Z1SS   BT                 
      1.22052971E-02    2      1000023         5                       # BT2    -->  Z2SS   BT                 
      6.56613149E-03    2      1000025         5                       # BT2    -->  Z3SS   BT                 
      1.46332145E-01    2      1000035         5                       # BT2    -->  Z4SS   BT                 
      4.84723359E-01    2     -1000024         6                       # BT2    -->  W1SS-  TP                 
      3.35187167E-01    2     -1000037         6                       # BT2    -->  W2SS-  TP                 
      7.52275856E-03    2          -24   1000006                       # BT2    -->  W-     TP1                
#         PDG         Width
DECAY   2000006  5.27578850E+01   # TP2   decays
#          BR          NDA       ID1     ID2       ID3       ID4
      1.84601210E-02    2      1000024         5                       # TP2    -->  W1SS+  BT                 
      3.01136941E-01    2      1000037         5                       # TP2    -->  W2SS+  BT                 
      4.57719993E-03    2           23   1000006                       # TP2    -->  Z0     TP1                
      9.55822412E-03    2           25   1000006                       # TP2    -->  HL0    TP1                
      7.01492885E-03    2      1000022         6                       # TP2    -->  Z1SS   TP                 
      2.39678636E-01    2      1000023         6                       # TP2    -->  Z2SS   TP                 
      2.52370566E-01    2      1000025         6                       # TP2    -->  Z3SS   TP                 
      1.67203382E-01    2      1000035         6                       # TP2    -->  Z4SS   TP                 
#         PDG         Width
DECAY   1000011  3.74500871E-01   # EL-   decays
#          BR          NDA       ID1     ID2       ID3       ID4
      9.98627484E-01    2      1000022        11                       # EL-    -->  Z1SS   E-                 
      1.28960912E-03    2      1000023        11                       # EL-    -->  Z2SS   E-                 
      5.14510930E-07    2      1000025        11                       # EL-    -->  Z3SS   E-                 
      8.22662987E-05    2     -1000024        12                       # EL-    -->  W1SS-  NUE                
      7.63670016E-08    3      1000015        11       -15             # EL-    -->  TAU1-  E-     TAU+        
      5.79158019E-08    3     -1000015        11        15             # EL-    -->  TAU1+  E-     TAU-        
      2.13179730E-16    2           11   1000039                       # EL-    -->  E-     GVSS               
#         PDG         Width
DECAY   1000013  3.74500841E-01   # MUL-  decays
#          BR          NDA       ID1     ID2       ID3       ID4
      9.98627484E-01    2      1000022        13                       # MUL-   -->  Z1SS   MU-                
      1.28958665E-03    2      1000023        13                       # MUL-   -->  Z2SS   MU-                
      5.14458350E-07    2      1000025        13                       # MUL-   -->  Z3SS   MU-                
      8.22663060E-05    2     -1000024        14                       # MUL-   -->  W1SS-  NUM                
      7.63670087E-08    3      1000015        13       -15             # MUL-   -->  TAU1-  MU-    TAU+        
      5.79158090E-08    3     -1000015        13        15             # MUL-   -->  TAU1+  MU-    TAU-        
      2.13179743E-16    2           13   1000039                       # MUL-   -->  MU-    GVSS               
#         PDG         Width
DECAY   1000015  0.0000000   # TAU1- decays
#DECAY   1000015  1.94380123E-18   # TAU1- decays
#          BR          NDA       ID1     ID2       ID3       ID4
#      1.00000000E+00    2           15   1000039                       # TAU1-  -->  TAU-   GVSS               
#         PDG         Width
DECAY   1000012  3.79403055E-01   # NUEL  decays
#          BR          NDA       ID1     ID2       ID3       ID4
      9.99980688E-01    2      1000022        12                       # NUEL   -->  Z1SS   NUE                
      1.34700604E-05    2      1000023        12                       # NUEL   -->  Z2SS   NUE                
      1.11284379E-07    3      1000015        12       -15             # NUEL   -->  TAU1-  NUE    TAU+        
      2.88170607E-08    3     -1000015        12        15             # NUEL   -->  TAU1+  NUE    TAU-        
      5.71246255E-06    3     -1000015        11        16             # NUEL   -->  TAU1+  E-     NUT         
      1.93858790E-16    2           12   1000039                       # NUEL   -->  NUE    GVSS               
#         PDG         Width
DECAY   1000014  3.79403055E-01   # NUML  decays
#          BR          NDA       ID1     ID2       ID3       ID4
      9.99980688E-01    2      1000022        14                       # NUML   -->  Z1SS   NUM                
      1.34700604E-05    2      1000023        14                       # NUML   -->  Z2SS   NUM                
      1.11284379E-07    3      1000015        14       -15             # NUML   -->  TAU1-  NUM    TAU+        
      2.88170607E-08    3     -1000015        14        15             # NUML   -->  TAU1+  NUM    TAU-        
      5.71899272E-06    3     -1000015        13        16             # NUML   -->  TAU1+  MU-    NUT         
      1.93858790E-16    2           14   1000039                       # NUML   -->  NUM    GVSS               
#         PDG         Width
DECAY   1000016  4.53499585E-01   # NUTL  decays
#          BR          NDA       ID1     ID2       ID3       ID4
      8.34213912E-01    2      1000022        16                       # NUTL   -->  Z1SS   NUT                
      7.21466449E-06    2      1000023        16                       # NUTL   -->  Z2SS   NUT                
      1.65777296E-01    2           24   1000015                       # NUTL   -->  W+     TAU1-              
      1.54197403E-06    3     -1000015        16        15             # NUTL   -->  TAU1+  NUT    TAU-        
      2.37879743E-08    3      1000015        16       -15             # NUTL   -->  TAU1-  NUT    TAU+        
      1.61609704E-16    2           16   1000039                       # NUTL   -->  NUT    GVSS               
#         PDG         Width
DECAY   2000011  6.22815059E-13   # ER-   decays
#          BR          NDA       ID1     ID2       ID3       ID4
      3.55327547E-01    3      1000015        11       -15             # ER-    -->  TAU1-  E-     TAU+        
      6.44669116E-01    3     -1000015        11        15             # ER-    -->  TAU1+  E-     TAU-        
      5.16799017E-12    3      1000015        12       -16             # ER-    -->  TAU1-  NUE    ANUT        
      3.29632303E-06    2           11   1000039                       # ER-    -->  E-     GVSS               
#         PDG         Width
DECAY   2000013  6.22815276E-13   # MUR-  decays
#          BR          NDA       ID1     ID2       ID3       ID4
      3.55327487E-01    3      1000015        13       -15             # MUR-   -->  TAU1-  MU-    TAU+        
      6.44668996E-01    3     -1000015        13        15             # MUR-   -->  TAU1+  MU-    TAU-        
      2.19926832E-07    3      1000015        14       -16             # MUR-   -->  TAU1-  NUM    ANUT        
      3.29632144E-06    2           13   1000039                       # MUR-   -->  MU-    GVSS               
#         PDG         Width
DECAY   2000015  4.83047903E-01   # TAU2- decays
#          BR          NDA       ID1     ID2       ID3       ID4
      7.72588134E-01    2      1000022        15                       # TAU2-  -->  Z1SS   TAU-               
      1.04382948E-03    2      1000023        15                       # TAU2-  -->  Z2SS   TAU-               
      3.44395012E-05    2      1000025        15                       # TAU2-  -->  Z3SS   TAU-               
      4.27330633E-05    2     -1000024        16                       # TAU2-  -->  W1SS-  NUT                
      8.42743441E-02    2           23   1000015                       # TAU2-  -->  Z0     TAU1-              
      1.42016485E-01    2           25   1000015                       # TAU2-  -->  HL0    TAU1-              
#         PDG         Width
DECAY   1000022  1.76637888E+00   # Z1SS  decays
#          BR          NDA       ID1     ID2       ID3       ID4
      1.63639456E-01    2      2000011       -11                       # Z1SS   -->  ER-    E+                 
      1.63639456E-01    2     -2000011        11                       # Z1SS   -->  ER+    E-                 
      1.63639426E-01    2      2000013       -13                       # Z1SS   -->  MUR-   MU+                
      1.63639426E-01    2     -2000013        13                       # Z1SS   -->  MUR+   MU-                
      1.72721118E-01    2      1000015       -15                       # Z1SS   -->  TAU1-  TAU+               
      1.72721118E-01    2     -1000015        15                       # Z1SS   -->  TAU1+  TAU-               
      3.76962211E-18    2      1000039        22                       # Z1SS   -->  GVSS   GM                 
      8.71881711E-20    3      1000039        11       -11             # Z1SS   -->  GVSS   E-     E+          
      1.09902732E-18    2      1000039        23                       # Z1SS   -->  GVSS   Z0                 
      6.89822264E-21    2      1000039        25                       # Z1SS   -->  GVSS   HL0                
#         PDG         Width
DECAY   1000023  6.48821771E-01   # Z2SS  decays
#          BR          NDA       ID1     ID2       ID3       ID4
      1.72339682E-07    2      1000022        22                       # Z2SS   -->  Z1SS   GM                 
      2.28110068E-02    2      1000022        23                       # Z2SS   -->  Z1SS   Z0                 
      6.30718500E-09    3      1000022         2        -2             # Z2SS   -->  Z1SS   UP     UB          
      1.93012228E-09    3      1000022         1        -1             # Z2SS   -->  Z1SS   DN     DB          
      1.93012228E-09    3      1000022         3        -3             # Z2SS   -->  Z1SS   ST     SB          
      6.30718011E-09    3      1000022         4        -4             # Z2SS   -->  Z1SS   CH     CB          
      1.90094752E-07    3      1000022         5        -5             # Z2SS   -->  Z1SS   BT     BB          
      9.17405760E-06    3      1000022        11       -11             # Z2SS   -->  Z1SS   E-     E+          
      9.17405760E-06    3      1000022        13       -13             # Z2SS   -->  Z1SS   MU-    MU+         
      1.07994911E-05    3      1000022        15       -15             # Z2SS   -->  Z1SS   TAU-   TAU+        
      4.90376442E-06    3      1000022        12       -12             # Z2SS   -->  Z1SS   NUE    ANUE        
      4.90376442E-06    3      1000022        14       -14             # Z2SS   -->  Z1SS   NUM    ANUM        
      5.03047931E-06    3      1000022        16       -16             # Z2SS   -->  Z1SS   NUT    ANUT        
      7.52887547E-01    2      1000022        25                       # Z2SS   -->  Z1SS   HL0                
      2.49946918E-02    2      2000011       -11                       # Z2SS   -->  ER-    E+                 
      2.49946918E-02    2     -2000011        11                       # Z2SS   -->  ER+    E-                 
      2.49946918E-02    2      2000013       -13                       # Z2SS   -->  MUR-   MU+                
      2.49946918E-02    2     -2000013        13                       # Z2SS   -->  MUR+   MU-                
      6.21391684E-02    2      1000015       -15                       # Z2SS   -->  TAU1-  TAU+               
      6.21391684E-02    2     -1000015        15                       # Z2SS   -->  TAU1+  TAU-               
      4.75507133E-18    2      1000039        22                       # Z2SS   -->  GVSS   GM                 
      1.13284492E-19    3      1000039        11       -11             # Z2SS   -->  GVSS   E-     E+          
      3.19492126E-17    2      1000039        23                       # Z2SS   -->  GVSS   Z0                 
      1.91697949E-17    2      1000039        25                       # Z2SS   -->  GVSS   HL0                
#         PDG         Width
DECAY   1000025  5.76682270E-01   # Z3SS  decays
#          BR          NDA       ID1     ID2       ID3       ID4
      3.72059930E-07    2      1000022        22                       # Z3SS   -->  Z1SS   GM                 
      9.21341614E-10    2      1000023        22                       # Z3SS   -->  Z2SS   GM                 
      8.86697233E-01    2      1000022        23                       # Z3SS   -->  Z1SS   Z0                 
      5.64138423E-11    3      1000022         2        -2             # Z3SS   -->  Z1SS   UP     UB          
      1.60723344E-11    3      1000022         1        -1             # Z3SS   -->  Z1SS   DN     DB          
      1.60723344E-11    3      1000022         3        -3             # Z3SS   -->  Z1SS   ST     SB          
      5.64138007E-11    3      1000022         4        -4             # Z3SS   -->  Z1SS   CH     CB          
      2.42658530E-07    3      1000022         5        -5             # Z3SS   -->  Z1SS   BT     BB          
      1.91461105E-08    3      1000022        11       -11             # Z3SS   -->  Z1SS   E-     E+          
      1.91461105E-08    3      1000022        13       -13             # Z3SS   -->  Z1SS   MU-    MU+         
      2.88957676E-06    3      1000022        15       -15             # Z3SS   -->  Z1SS   TAU-   TAU+        
      2.66997304E-08    3      1000023         2        -2             # Z3SS   -->  Z2SS   UP     UB          
      3.44287585E-08    3      1000023         1        -1             # Z3SS   -->  Z2SS   DN     DB          
      3.44287585E-08    3      1000023         3        -3             # Z3SS   -->  Z2SS   ST     SB          
      2.66997304E-08    3      1000023         4        -4             # Z3SS   -->  Z2SS   CH     CB          
      7.79056997E-09    3      1000023        11       -11             # Z3SS   -->  Z2SS   E-     E+          
      7.79056997E-09    3      1000023        13       -13             # Z3SS   -->  Z2SS   MU-    MU+         
      5.61041169E-09    3      1000023        15       -15             # Z3SS   -->  Z2SS   TAU-   TAU+        
      1.55399071E-08    3      1000023        12       -12             # Z3SS   -->  Z2SS   NUE    ANUE        
      1.55399071E-08    3      1000023        14       -14             # Z3SS   -->  Z2SS   NUM    ANUM        
      1.55399071E-08    3      1000023        16       -16             # Z3SS   -->  Z2SS   NUT    ANUT        
      2.31694244E-02    2      1000022        25                       # Z3SS   -->  Z1SS   HL0                
      7.08524836E-04    2      2000011       -11                       # Z3SS   -->  ER-    E+                 
      7.08524836E-04    2     -2000011        11                       # Z3SS   -->  ER+    E-                 
      7.08524894E-04    2      2000013       -13                       # Z3SS   -->  MUR-   MU+                
      7.08524894E-04    2     -2000013        13                       # Z3SS   -->  MUR+   MU-                
      4.36447114E-02    2      1000015       -15                       # Z3SS   -->  TAU1-  TAU+               
      4.36447114E-02    2     -1000015        15                       # Z3SS   -->  TAU1+  TAU-               
      9.61594537E-07    2      1000012       -12                       # Z3SS   -->  NUEL   ANUE               
      9.61594537E-07    2     -1000012        12                       # Z3SS   -->  ANUEL  NUE                
      9.61594537E-07    2      1000014       -14                       # Z3SS   -->  NUML   ANUM               
      9.61594537E-07    2     -1000014        14                       # Z3SS   -->  ANUML  NUM                
      1.13276587E-06    2      1000016       -16                       # Z3SS   -->  NUTL   ANUT               
      1.13276587E-06    2     -1000016        16                       # Z3SS   -->  ANUTL  NUT                
      2.12094764E-21    2      1000039        22                       # Z3SS   -->  GVSS   GM                 
      5.05707835E-23    3      1000039        11       -11             # Z3SS   -->  GVSS   E-     E+          
      2.57246983E-17    2      1000039        23                       # Z3SS   -->  GVSS   Z0                 
      3.72117456E-17    2      1000039        25                       # Z3SS   -->  GVSS   HL0                
#         PDG         Width
DECAY   1000035  1.06166182E+01   # Z4SS  decays
#          BR          NDA       ID1     ID2       ID3       ID4
      1.20516364E-09    2      1000022        22                       # Z4SS   -->  Z1SS   GM                 
      1.87125977E-07    2      1000023        22                       # Z4SS   -->  Z2SS   GM                 
      4.50702515E-07    2      1000025        22                       # Z4SS   -->  Z3SS   GM                 
      1.55957758E-01    2      1000024       -24                       # Z4SS   -->  W1SS+  W-                 
      1.55957758E-01    2     -1000024        24                       # Z4SS   -->  W1SS-  W+                 
      1.84758804E-07    3     -1000037         2        -1             # Z4SS   -->  W2SS-  UP     DB          
      6.15862703E-08    3     -1000037        12       -11             # Z4SS   -->  W2SS-  NUE    E+          
      6.15862703E-08    3     -1000037        14       -13             # Z4SS   -->  W2SS-  NUM    MU+         
      1.84758804E-07    3      1000037         1        -2             # Z4SS   -->  W2SS+  DN     UB          
      6.15862703E-08    3      1000037        11       -12             # Z4SS   -->  W2SS+  E-     ANUE        
      6.15862703E-08    3      1000037        13       -14             # Z4SS   -->  W2SS+  MU-    ANUM        
      1.84758804E-07    3     -1000037         4        -3             # Z4SS   -->  W2SS-  CH     SB          
      6.15862703E-08    3     -1000037        16       -15             # Z4SS   -->  W2SS-  NUT    TAU+        
      1.84758804E-07    3      1000037         3        -4             # Z4SS   -->  W2SS+  ST     CB          
      6.15862703E-08    3      1000037        15       -16             # Z4SS   -->  W2SS+  TAU-   ANUT        
      4.39772230E-05    2      1000022        23                       # Z4SS   -->  Z1SS   Z0                 
      1.78089272E-03    2      1000023        23                       # Z4SS   -->  Z2SS   Z0                 
      1.31936431E-01    2      1000025        23                       # Z4SS   -->  Z3SS   Z0                 
      3.29535972E-08    3      1000022         2        -2             # Z4SS   -->  Z1SS   UP     UB          
      4.20229505E-08    3      1000022         1        -1             # Z4SS   -->  Z1SS   DN     DB          
      4.20229505E-08    3      1000022         3        -3             # Z4SS   -->  Z1SS   ST     SB          
      3.29535723E-08    3      1000022         4        -4             # Z4SS   -->  Z1SS   CH     CB          
      4.88873191E-08    3      1000022         5        -5             # Z4SS   -->  Z1SS   BT     BB          
      5.55271697E-11    3      1000022        15       -15             # Z4SS   -->  Z1SS   TAU-   TAU+        
      2.98762703E-09    3      1000023         2        -2             # Z4SS   -->  Z2SS   UP     UB          
      2.09861417E-09    3      1000023         1        -1             # Z4SS   -->  Z2SS   DN     DB          
      2.09861417E-09    3      1000023         3        -3             # Z4SS   -->  Z2SS   ST     SB          
      2.98762459E-09    3      1000023         4        -4             # Z4SS   -->  Z2SS   CH     CB          
      2.46640894E-08    3      1000023         5        -5             # Z4SS   -->  Z2SS   BT     BB          
      3.63268815E-09    3      1000023        15       -15             # Z4SS   -->  Z2SS   TAU-   TAU+        
      5.76545582E-12    3      1000025         2        -2             # Z4SS   -->  Z3SS   UP     UB          
      1.00674252E-11    3      1000025         1        -1             # Z4SS   -->  Z3SS   DN     DB          
      1.00674252E-11    3      1000025         3        -3             # Z4SS   -->  Z3SS   ST     SB          
      5.76545148E-12    3      1000025         4        -4             # Z4SS   -->  Z3SS   CH     CB          
      2.17385292E-08    3      1000025         5        -5             # Z4SS   -->  Z3SS   BT     BB          
      3.56850749E-09    3      1000025        15       -15             # Z4SS   -->  Z3SS   TAU-   TAU+        
      3.74509342E-04    2      1000022        25                       # Z4SS   -->  Z1SS   HL0                
      1.31246418E-01    2      1000023        25                       # Z4SS   -->  Z2SS   HL0                
      1.25162397E-03    2      1000025        25                       # Z4SS   -->  Z3SS   HL0                
      3.27420011E-02    2      1000011       -11                       # Z4SS   -->  EL-    E+                 
      3.27420011E-02    2     -1000011        11                       # Z4SS   -->  EL+    E-                 
      3.27419974E-02    2      1000013       -13                       # Z4SS   -->  MUL-   MU+                
      3.27419974E-02    2     -1000013        13                       # Z4SS   -->  MUL+   MU-                
      4.32314591E-05    2      2000011       -11                       # Z4SS   -->  ER-    E+                 
      4.32314591E-05    2     -2000011        11                       # Z4SS   -->  ER+    E-                 
      4.32314591E-05    2      2000013       -13                       # Z4SS   -->  MUR-   MU+                
      4.32314591E-05    2     -2000013        13                       # Z4SS   -->  MUR+   MU-                
      6.26016190E-05    2      1000015       -15                       # Z4SS   -->  TAU1-  TAU+               
      6.26016190E-05    2     -1000015        15                       # Z4SS   -->  TAU1+  TAU-               
      3.29509564E-02    2      2000015       -15                       # Z4SS   -->  TAU2-  TAU+               
      3.29509564E-02    2     -2000015        15                       # Z4SS   -->  TAU2+  TAU-               
      3.73292044E-02    2      1000012       -12                       # Z4SS   -->  NUEL   ANUE               
      3.73292044E-02    2     -1000012        12                       # Z4SS   -->  ANUEL  NUE                
      3.73292044E-02    2      1000014       -14                       # Z4SS   -->  NUML   ANUM               
      3.73292044E-02    2     -1000014        14                       # Z4SS   -->  ANUML  NUM                
      3.74818780E-02    2      1000016       -16                       # Z4SS   -->  NUTL   ANUT               
      3.74818780E-02    2     -1000016        16                       # Z4SS   -->  ANUTL  NUT                
      5.39355715E-18    2      1000039        22                       # Z4SS   -->  GVSS   GM                 
      1.30886003E-19    3      1000039        11       -11             # Z4SS   -->  GVSS   E-     E+          
      1.91593277E-17    2      1000039        23                       # Z4SS   -->  GVSS   Z0                 
      3.20315482E-19    2      1000039        25                       # Z4SS   -->  GVSS   HL0                
#         PDG         Width
DECAY   1000024  6.20233834E-01   # W1SS+ decays
#          BR          NDA       ID1     ID2       ID3       ID4
      4.97973440E-09    3      1000022         2        -1             # W1SS+  -->  Z1SS   UP     DB          
      4.97973307E-09    3      1000022         4        -3             # W1SS+  -->  Z1SS   CH     SB          
      6.63472156E-06    3      1000022       -11        12             # W1SS+  -->  Z1SS   E+     NUE         
      6.63472156E-06    3      1000022       -13        14             # W1SS+  -->  Z1SS   MU+    NUM         
      6.69398514E-06    3      1000022       -15        16             # W1SS+  -->  Z1SS   TAU+   NUT         
      9.17107463E-01    2      1000022        24                       # W1SS+  -->  Z1SS   W+                 
      3.59448507E-07    3      1000023         2        -1             # W1SS+  -->  Z2SS   UP     DB          
      3.59448507E-07    3      1000023         4        -3             # W1SS+  -->  Z2SS   CH     SB          
      1.22238717E-07    3      1000023       -11        12             # W1SS+  -->  Z2SS   E+     NUE         
      1.22238717E-07    3      1000023       -13        14             # W1SS+  -->  Z2SS   MU+    NUM         
      1.22395761E-07    3      1000023       -15        16             # W1SS+  -->  Z2SS   TAU+   NUT         
      1.93703775E-10    3      1000025         2        -1             # W1SS+  -->  Z3SS   UP     DB          
      1.93703775E-10    3      1000025         4        -3             # W1SS+  -->  Z3SS   CH     SB          
      6.44538034E-11    3      1000025       -11        12             # W1SS+  -->  Z3SS   E+     NUE         
      6.44538034E-11    3      1000025       -13        14             # W1SS+  -->  Z3SS   MU+    NUM         
      6.44450604E-11    3      1000025       -15        16             # W1SS+  -->  Z3SS   TAU+   NUT         
      2.25093725E-04    2      1000012       -11                       # W1SS+  -->  NUEL   E+                 
      2.25082549E-04    2      1000014       -13                       # W1SS+  -->  NUML   MU+                
      3.71329254E-04    2      1000016       -15                       # W1SS+  -->  NUTL   TAU+               
      8.20499584E-02    2     -1000015        16                       # W1SS+  -->  TAU1+  NUT                
#         PDG         Width
DECAY   1000037  8.88698959E+00   # W2SS+ decays
#          BR          NDA       ID1     ID2       ID3       ID4
      7.78710501E-08    3      1000022         2        -1             # W2SS+  -->  Z1SS   UP     DB          
      7.78710216E-08    3      1000022         4        -3             # W2SS+  -->  Z1SS   CH     SB          
      4.83258017E-11    3      1000022       -15        16             # W2SS+  -->  Z1SS   TAU+   NUT         
      6.52415270E-04    2      1000022        24                       # W2SS+  -->  Z1SS   W+                 
      1.55078383E-09    3      1000023         2        -1             # W2SS+  -->  Z2SS   UP     DB          
      1.55078295E-09    3      1000023         4        -3             # W2SS+  -->  Z2SS   CH     SB          
      3.85731802E-09    3      1000023       -15        16             # W2SS+  -->  Z2SS   TAU+   NUT         
      1.32045642E-01    2      1000023        24                       # W2SS+  -->  Z2SS   W+                 
      4.00591747E-11    3      1000025         2        -1             # W2SS+  -->  Z3SS   UP     DB          
      4.00591574E-11    3      1000025         4        -3             # W2SS+  -->  Z3SS   CH     SB          
      2.92509594E-09    3      1000025       -15        16             # W2SS+  -->  Z3SS   TAU+   NUT         
      1.49930015E-01    2      1000025        24                       # W2SS+  -->  Z3SS   W+                 
      7.80334845E-02    2      1000012       -11                       # W2SS+  -->  NUEL   E+                 
      7.80334845E-02    2      1000014       -13                       # W2SS+  -->  NUML   MU+                
      7.84192681E-02    2      1000016       -15                       # W2SS+  -->  NUTL   TAU+               
      7.19617680E-02    2     -1000011        12                       # W2SS+  -->  EL+    NUE                
      7.19617680E-02    2     -1000013        14                       # W2SS+  -->  MUL+   NUM                
      6.51716255E-05    2     -1000015        16                       # W2SS+  -->  TAU1+  NUT                
      7.24171028E-02    2     -2000015        16                       # W2SS+  -->  TAU2+  NUT                
      1.30805299E-01    2      1000024        23                       # W2SS+  -->  W1SS+  Z0                 
      3.10550541E-09    3      1000024         1        -1             # W2SS+  -->  W1SS+  DN     DB          
      3.10550319E-09    3      1000024         3        -3             # W2SS+  -->  W1SS+  ST     SB          
      2.10006590E-09    3      1000024         2        -2             # W2SS+  -->  W1SS+  UP     UB          
      2.10006590E-09    3      1000024         4        -4             # W2SS+  -->  W1SS+  CH     CB          
      1.35674387E-01    2      1000024        25                       # W2SS+  -->  W1SS+  HL0                
#         PDG         Width
DECAY        25  5.21003595E-03   # HL0   decays
#          BR          NDA       ID1     ID2       ID3       ID4
      3.99047817E-09    2           11       -11                       # HL0    -->  E-     E+                 
      1.68484403E-04    2           13       -13                       # HL0    -->  MU-    MU+                
      4.81922701E-02    2           15       -15                       # HL0    -->  TAU-   TAU+               
      5.00585975E-06    2            1        -1                       # HL0    -->  DN     DB                 
      2.02261820E-03    2            3        -3                       # HL0    -->  ST     SB                 
      7.95877814E-01    2            5        -5                       # HL0    -->  BT     BB                 
      1.55844543E-06    2            2        -2                       # HL0    -->  UP     UB                 
      3.89341600E-02    2            4        -4                       # HL0    -->  CH     CB                 
      1.63450604E-03    2           22        22                       # HL0    -->  GM     GM                 
      3.46309319E-02    2           21        21                       # HL0    -->  GL     GL                 
      3.99961602E-03    3           24        11       -12             # HL0    -->  W+     E-     ANUE        
      3.99961602E-03    3           24        13       -14             # HL0    -->  W+     MU-    ANUM        
      3.99961602E-03    3           24        15       -16             # HL0    -->  W+     TAU-   ANUT        
      1.19988490E-02    3           24        -2         1             # HL0    -->  W+     UB     DN          
      1.19988490E-02    3           24        -4         3             # HL0    -->  W+     CB     ST          
      3.99961602E-03    3          -24       -11        12             # HL0    -->  W-     E+     NUE         
      3.99961602E-03    3          -24       -13        14             # HL0    -->  W-     MU+    NUM         
      3.99961602E-03    3          -24       -15        16             # HL0    -->  W-     TAU+   NUT         
      1.19988490E-02    3          -24         2        -1             # HL0    -->  W-     UP     DB          
      1.19988490E-02    3          -24         4        -3             # HL0    -->  W-     CH     SB          
      4.47239203E-04    3           23        12       -12             # HL0    -->  Z0     NUE    ANUE        
      4.47239203E-04    3           23        14       -14             # HL0    -->  Z0     NUM    ANUM        
      4.47239203E-04    3           23        16       -16             # HL0    -->  Z0     NUT    ANUT        
      2.25090989E-04    3           23        11       -11             # HL0    -->  Z0     E-     E+          
      2.25090989E-04    3           23        13       -13             # HL0    -->  Z0     MU-    MU+         
      2.25090989E-04    3           23        15       -15             # HL0    -->  Z0     TAU-   TAU+        
      7.71142659E-04    3           23         2        -2             # HL0    -->  Z0     UP     UB          
      7.71142659E-04    3           23         4        -4             # HL0    -->  Z0     CH     CB          
      9.93421650E-04    3           23         1        -1             # HL0    -->  Z0     DN     DB          
      9.93421650E-04    3           23         3        -3             # HL0    -->  Z0     ST     SB          
      9.93421650E-04    3           23         5        -5             # HL0    -->  Z0     BT     BB          
#         PDG         Width
DECAY        35  2.35200667E+00   # HH0   decays
#          BR          NDA       ID1     ID2       ID3       ID4
      9.12912412E-09    2           11       -11                       # HH0    -->  E-     E+                 
      3.85448075E-04    2           13       -13                       # HH0    -->  MU-    MU+                
      1.10396929E-01    2           15       -15                       # HH0    -->  TAU-   TAU+               
      1.11625450E-05    2            1        -1                       # HH0    -->  DN     DB                 
      4.51023318E-03    2            3        -3                       # HH0    -->  ST     SB                 
      6.07936442E-01    2            5        -5                       # HH0    -->  BT     BB                 
      3.67081421E-10    2            2        -2                       # HH0    -->  UP     UB                 
      6.73008390E-06    2            4        -4                       # HH0    -->  CH     CB                 
      2.73384392E-01    2            6        -6                       # HH0    -->  TP     TB                 
      6.33665422E-07    2           22        22                       # HH0    -->  GM     GM                 
      9.74855357E-05    2           21        21                       # HH0    -->  GL     GL                 
      5.07738616E-04    2           24       -24                       # HH0    -->  W+     W-                 
      2.58817192E-04    2           23        23                       # HH0    -->  Z0     Z0                 
      5.36780921E-04    2      1000022   1000022                       # HH0    -->  Z1SS   Z1SS               
      1.82504731E-03    2           25        25                       # HH0    -->  HL0    HL0                
      4.80316085E-05    2      2000011  -2000011                       # HH0    -->  ER-    ER+                
      4.80044255E-05    2      2000013  -2000013                       # HH0    -->  MUR-   MUR+               
      4.60967494E-05    2      1000015  -1000015                       # HH0    -->  TAU1-  TAU1+              
#         PDG         Width
DECAY        36  2.36683631E+00   # HA0   decays
#          BR          NDA       ID1     ID2       ID3       ID4
      9.01403396E-09    2           11       -11                       # HA0    -->  E-     E+                 
      3.80588783E-04    2           13       -13                       # HA0    -->  MU-    MU+                
      1.09006025E-01    2           15       -15                       # HA0    -->  TAU-   TAU+               
      1.10224046E-05    2            1        -1                       # HA0    -->  DN     DB                 
      4.45360877E-03    2            3        -3                       # HA0    -->  ST     SB                 
      6.00320637E-01    2            5        -5                       # HA0    -->  BT     BB                 
      3.52681523E-10    2            2        -2                       # HA0    -->  UP     UB                 
      6.47103298E-06    2            4        -4                       # HA0    -->  CH     CB                 
      2.80391306E-01    2            6        -6                       # HA0    -->  TP     TB                 
      9.12209487E-07    2           22        22                       # HA0    -->  GM     GM                 
      1.49457323E-04    2           21        21                       # HA0    -->  GL     GL                 
      4.78823436E-03    2      1000022   1000022                       # HA0    -->  Z1SS   Z1SS               
      4.91593557E-04    2           25        23                       # HA0    -->  HL0    Z0                 
      1.56583113E-07    2      1000015  -1000015                       # HA0    -->  TAU1-  TAU1+              
#         PDG         Width
DECAY        37  2.14496851E+00   # H+    decays
#          BR          NDA       ID1     ID2       ID3       ID4
      1.00322364E-08    2           12       -11                       # H+     -->  NUE    E+                 
      4.23579128E-04    2           14       -13                       # H+     -->  NUM    MU+                
      1.21319085E-01    2           16       -15                       # H+     -->  NUT    TAU+               
      1.12969583E-05    2            2        -1                       # H+     -->  UP     DB                 
      4.57101176E-03    2            4        -3                       # H+     -->  CH     SB                 
      8.73123288E-01    2            6        -5                       # H+     -->  TP     BB                 
      5.51726611E-04    2           25        24                       # H+     -->  HL0    W+                 
