#  ISAJET decay tables in SUSY Les Houches accord format
#  Created by ISALHD. Last revision: C. Balazs, 2005 May 25
Block DCINFO   # Program information
    1             ISASUGRA from ISAJET          # Spectrum Calculator
    2   7.69   21-AUG-2003 11:39:06             # Version number
#  SUSY parameters in Les Houches accord format
Block MODSEL   # Model selection
    1    2   #  Minimal gauge mediated (GMSB) model              
Block MINPAR   # Input parameters
    1    2.400000000E+05   # Lambda
    2    4.800000000E+05   # M_mes
    3    3.000000000E+00   # N_5
    4    1.000000000E+01   # tan(beta
    5    1.000000000E+00   # sgn(mu)
    6    1.740000000E+02   # M_t
    7    1.000000000E+04   # C_grav
Block EXTPAR    # Input parameters - non-minimal models
    8    1.000000000E+00   # Rsl
    9    0.000000000E+00   # dmH_d^2
   10    0.000000000E+00   # dmH_u^2
   11    0.000000000E+00   # d_Y
   12    3.000000000E+00   # N5_1
   13    3.000000000E+00   # N5_2
   14    3.000000000E+00   # N5_3
#  
Block MASS   # Scalar and gaugino mass spectrum
#  PDG code   mass                 particle
         6    1.740000000E+02   #  top            
        25    1.207463608E+02   #  h^0            
        35    2.063373047E+03   #  H^0            
        36    2.049794678E+03   #  A^0            
        37    2.064860840E+03   #  H^+            
   1000001    4.693911621E+03   #  dnl            
   1000002    4.693193359E+03   #  upl            
   1000003    4.693911621E+03   #  stl            
   1000004    4.693193848E+03   #  chl            
   1000005    4.473922363E+03   #  b1             
   1000006    4.177284180E+03   #  t1             
   1000011    1.543833496E+03   #  el-            
   1000012    1.524094849E+03   #  nuel           
   1000013    1.543833496E+03   #  mul-           
   1000014    1.524094849E+03   #  numl           
   1000015    7.447071533E+02   #  tau1           
   1000016    1.523105835E+03   #  nutl           
   1000021    4.851104492E+03   #  glss           
   1000022    1.013071777E+03   #  z1ss           
   1000023    1.396203979E+03   #  z2ss           
   1000024    1.421830811E+03   #  w1ss           
   1000025   -1.400204346E+03   #  z3ss           
   1000035    1.964008057E+03   #  z4ss           
   1000037    1.934320679E+03   #  w2ss           
   2000001    4.469877441E+03   #  dnr            
   2000002    4.490244141E+03   #  upr            
   2000003    4.469877441E+03   #  str            
   2000004    4.490244629E+03   #  chr            
   2000005    4.541693848E+03   #  b2             
   2000006    4.567116211E+03   #  t2             
   2000011    7.521259155E+02   #  er-            
   2000013    7.521259766E+02   #  mur-           
   2000015    1.542550781E+03   #  tau2           
   1000039    2.771281288E-04   # gravitino       
Block ALPHA   # Higgs mixing
    1   -1.001903713E-01   # alpha
Block HMIX Q= 4.295026855E+03   # Higgs parameters
    1    1.378925293E+03   # mu
Block STOPMIX   # stop mixing matrix
  1  1    5.790397897E-02
  1  2   -9.983221292E-01
  2  1    9.983221292E-01
  2  2    5.790397897E-02
Block SBOTMIX   # sbottom mixing matrix
  1  1    6.228485331E-02
  1  2   -9.980584383E-01
  2  1    9.980584383E-01
  2  2    6.228485331E-02
Block STAUMIX   # stau mixing matrix
  1  1    9.153552353E-03
  1  2   -9.999580979E-01
  2  1    9.999580979E-01
  2  2    9.153552353E-03
Block NMIX   # neutralino mixing matrix
  1  1    9.955934286E-01   # N_11
  1  2   -5.546309985E-03   # N_12
  1  3    7.338111848E-02   # N_13
  1  4   -5.812161043E-02   # N_14
  2  1   -9.306343645E-02   # N_21
  2  2   -1.063347757E-01   # N_22
  2  3    7.006781101E-01   # N_23
  2  4   -6.993440986E-01   # N_24
  3  1    1.071677264E-02   # N_31
  3  2   -1.428645197E-02   # N_32
  3  3   -7.066930532E-01   # N_33
  3  4   -7.072948813E-01   # N_34
  4  1    4.245476797E-03   # N_41
  4  2   -9.942121506E-01   # N_42
  4  3   -6.519464403E-02   # N_43
  4  4    8.528528363E-02   # N_44
Block UMIX   # chargino U mixing matrix
  1  1   -9.807356447E-02
  1  2    9.951791763E-01
  2  1   -9.951791763E-01
  2  2   -9.807356447E-02
Block VMIX   # chargino V mixing matrix
  1  1   -1.287660301E-01
  1  2    9.916750193E-01
  2  1   -9.916750193E-01
  2  2   -1.287660301E-01
Block AU Q= 4.295026855E+03   #  The trilinear couplings
  3  3   -1.519273804E+03    7.199401757+165   #
Block AD Q= 4.295026855E+03   #  The trilinear couplings
  3  3   -1.668842285E+03    3.580431530+252   #
Block AE Q= 4.295026855E+03   #  The trilinear couplings
  3  3   -2.602455444E+02    1.456328742E+45   #
Block SPINFO   # Program information
    1                                ISASUGRA   # Spectrum Calculator
    2    ISAJET     V7.69   21-AUG-2003 11:39   # Version number
#         PDG         Width
DECAY         6  1.18783092E+00   # TP    decays
#          BR          NDA       ID1     ID2       ID3       ID4
      3.33333343E-01    3            2        -1         5             # TP     -->  UP     DB     BT          
      3.33333343E-01    3            4        -3         5             # TP     -->  CH     SB     BT          
      1.11111112E-01    3          -11        12         5             # TP     -->  E+     NUE    BT          
      1.11111112E-01    3          -13        14         5             # TP     -->  MU+    NUM    BT          
      1.11111112E-01    3          -15        16         5             # TP     -->  TAU+   NUT    BT          
#         PDG         Width
DECAY   1000021  2.06096935E+01   # GLSS  decays
#          BR          NDA       ID1     ID2       ID3       ID4
      9.56471730E-03    2     -1000002         2                       # GLSS   -->  UBL    UP                 
      9.56471730E-03    2      1000002        -2                       # GLSS   -->  UPL    UB                 
      9.47932992E-03    2     -1000001         1                       # GLSS   -->  DBL    DN                 
      9.47932992E-03    2      1000001        -1                       # GLSS   -->  DNL    DB                 
      4.78471480E-02    2     -2000002         2                       # GLSS   -->  UBR    UP                 
      4.78471480E-02    2      2000002        -2                       # GLSS   -->  UPR    UB                 
      5.31678833E-02    2     -2000001         1                       # GLSS   -->  DBR    DN                 
      5.31678833E-02    2      2000001        -1                       # GLSS   -->  DNR    DB                 
      9.47932154E-03    2     -1000003         3                       # GLSS   -->  SBL    ST                 
      9.47932154E-03    2      1000003        -3                       # GLSS   -->  STL    SB                 
      5.31678759E-02    2     -2000003         3                       # GLSS   -->  SBR    ST                 
      5.31678759E-02    2      2000003        -3                       # GLSS   -->  STR    SB                 
      9.56431497E-03    2     -1000004         4                       # GLSS   -->  CBL    CH                 
      9.56431497E-03    2      1000004        -4                       # GLSS   -->  CHL    CB                 
      4.78467196E-02    2     -2000004         4                       # GLSS   -->  CBR    CH                 
      4.78467196E-02    2      2000004        -4                       # GLSS   -->  CHR    CB                 
      5.19972667E-02    2     -1000005         5                       # GLSS   -->  BB1    BT                 
      5.19972667E-02    2      1000005        -5                       # GLSS   -->  BT1    BB                 
      3.56341414E-02    2     -2000005         5                       # GLSS   -->  BB2    BT                 
      3.56341414E-02    2      2000005        -5                       # GLSS   -->  BT2    BB                 
      1.46442398E-01    2     -1000006         6                       # GLSS   -->  TB1    TP                 
      1.46442398E-01    2      1000006        -6                       # GLSS   -->  TP1    TB                 
      2.58088820E-02    2     -2000006         6                       # GLSS   -->  TB2    TP                 
      2.58088820E-02    2      2000006        -6                       # GLSS   -->  TP2    TB                 
      1.95414524E-15    2      1000039        21                       # GLSS   -->  GVSS   GL                 
#         PDG         Width
DECAY   1000002  4.13958664E+01   # UPL   decays
#          BR          NDA       ID1     ID2       ID3       ID4
      1.35676535E-02    2      1000022         2                       # UPL    -->  Z1SS   UP                 
      6.03609020E-03    2      1000023         2                       # UPL    -->  Z2SS   UP                 
      6.01432403E-05    2      1000025         2                       # UPL    -->  Z3SS   UP                 
      3.20462763E-01    2      1000035         2                       # UPL    -->  Z4SS   UP                 
      1.30537739E-02    2      1000024         1                       # UPL    -->  W1SS+  DN                 
      6.46819592E-01    2      1000037         1                       # UPL    -->  W2SS+  DN                 
#         PDG         Width
DECAY   1000001  4.13670654E+01   # DNL   decays
#          BR          NDA       ID1     ID2       ID3       ID4
      1.53364912E-02    2      1000022         1                       # DNL    -->  Z1SS   DN                 
      3.16361873E-03    2      1000023         1                       # DNL    -->  Z2SS   DN                 
      1.04674829E-04    2      1000025         1                       # DNL    -->  Z3SS   DN                 
      3.21782053E-01    2      1000035         1                       # DNL    -->  Z4SS   DN                 
      7.57936900E-03    2     -1000024         2                       # DNL    -->  W1SS-  UP                 
      6.52033806E-01    2     -1000037         2                       # DNL    -->  W2SS-  UP                 
#         PDG         Width
DECAY   1000003  4.13670578E+01   # STL   decays
#          BR          NDA       ID1     ID2       ID3       ID4
      1.53364940E-02    2      1000022         3                       # STL    -->  Z1SS   ST                 
      3.16361920E-03    2      1000023         3                       # STL    -->  Z2SS   ST                 
      1.04674851E-04    2      1000025         3                       # STL    -->  Z3SS   ST                 
      3.21782112E-01    2      1000035         3                       # STL    -->  Z4SS   ST                 
      7.57936900E-03    2     -1000024         4                       # STL    -->  W1SS-  CH                 
      6.52033746E-01    2     -1000037         4                       # STL    -->  W2SS-  CH                 
#         PDG         Width
DECAY   1000004  4.13958740E+01   # CHL   decays
#          BR          NDA       ID1     ID2       ID3       ID4
      1.35676526E-02    2      1000022         4                       # CHL    -->  Z1SS   CH                 
      6.03608973E-03    2      1000023         4                       # CHL    -->  Z2SS   CH                 
      6.01432221E-05    2      1000025         4                       # CHL    -->  Z3SS   CH                 
      3.20462734E-01    2      1000035         4                       # CHL    -->  Z4SS   CH                 
      1.30537748E-02    2      1000024         3                       # CHL    -->  W1SS+  ST                 
      6.46819592E-01    2      1000037         3                       # CHL    -->  W2SS+  ST                 
#         PDG         Width
DECAY   1000005  4.51042700E+00   # BT1   decays
#          BR          NDA       ID1     ID2       ID3       ID4
      5.04715800E-01    2      1000022         5                       # BT1    -->  Z1SS   BT                 
      1.14481024E-01    2      1000023         5                       # BT1    -->  Z2SS   BT                 
      1.06530137E-01    2      1000025         5                       # BT1    -->  Z3SS   BT                 
      5.64808864E-03    2      1000035         5                       # BT1    -->  Z4SS   BT                 
      2.56730676E-01    2     -1000024         6                       # BT1    -->  W1SS-  TP                 
      1.15784323E-02    2     -1000037         6                       # BT1    -->  W2SS-  TP                 
      3.15842830E-04    2          -24   1000006                       # BT1    -->  W-     TP1                
#         PDG         Width
DECAY   1000006  8.51795578E+01   # TP1   decays
#          BR          NDA       ID1     ID2       ID3       ID4
      9.90012139E-02    2      1000022         6                       # TP1    -->  Z1SS   TP                 
      2.23318800E-01    2      1000023         6                       # TP1    -->  Z2SS   TP                 
      2.27453411E-01    2      1000025         6                       # TP1    -->  Z3SS   TP                 
      8.91500153E-04    2      1000035         6                       # TP1    -->  Z4SS   TP                 
      4.47062969E-01    2      1000024         5                       # TP1    -->  W1SS+  BT                 
      2.27211625E-03    2      1000037         5                       # TP1    -->  W2SS+  BT                 
#         PDG         Width
DECAY   2000002  9.13579941E+00   # UPR   decays
#          BR          NDA       ID1     ID2       ID3       ID4
      9.92030978E-01    2      1000022         2                       # UPR    -->  Z1SS   UP                 
      7.85193127E-03    2      1000023         2                       # UPR    -->  Z2SS   UP                 
      1.03995066E-04    2      1000025         2                       # UPR    -->  Z3SS   UP                 
      1.30964172E-05    2      1000035         2                       # UPR    -->  Z4SS   UP                 
#         PDG         Width
DECAY   2000001  2.27134585E+00   # DNR   decays
#          BR          NDA       ID1     ID2       ID3       ID4
      9.92038727E-01    2      1000022         1                       # DNR    -->  Z1SS   DN                 
      7.84433167E-03    2      1000023         1                       # DNR    -->  Z2SS   DN                 
      1.03893115E-04    2      1000025         1                       # DNR    -->  Z3SS   DN                 
      1.30527687E-05    2      1000035         1                       # DNR    -->  Z4SS   DN                 
#         PDG         Width
DECAY   2000003  2.27134585E+00   # STR   decays
#          BR          NDA       ID1     ID2       ID3       ID4
      9.92038727E-01    2      1000022         3                       # STR    -->  Z1SS   ST                 
      7.84433167E-03    2      1000023         3                       # STR    -->  Z2SS   ST                 
      1.03893115E-04    2      1000025         3                       # STR    -->  Z3SS   ST                 
      1.30527687E-05    2      1000035         3                       # STR    -->  Z4SS   ST                 
#         PDG         Width
DECAY   2000004  9.13579845E+00   # CHR   decays
#          BR          NDA       ID1     ID2       ID3       ID4
      9.92030978E-01    2      1000022         4                       # CHR    -->  Z1SS   CH                 
      7.85193127E-03    2      1000023         4                       # CHR    -->  Z2SS   CH                 
      1.03995066E-04    2      1000025         4                       # CHR    -->  Z3SS   CH                 
      1.30964172E-05    2      1000035         4                       # CHR    -->  Z4SS   CH                 
#         PDG         Width
DECAY   2000005  8.34364929E+01   # BT2   decays
#          BR          NDA       ID1     ID2       ID3       ID4
      7.19450461E-03    2      1000022         5                       # BT2    -->  Z1SS   BT                 
      7.13103032E-03    2      1000023         5                       # BT2    -->  Z2SS   BT                 
      6.09611906E-03    2      1000025         5                       # BT2    -->  Z3SS   BT                 
      1.49703085E-01    2      1000035         5                       # BT2    -->  Z4SS   BT                 
      5.08583367E-01    2     -1000024         6                       # BT2    -->  W1SS-  TP                 
      3.13017130E-01    2     -1000037         6                       # BT2    -->  W2SS-  TP                 
      8.27473495E-03    2          -24   1000006                       # BT2    -->  W-     TP1                
#         PDG         Width
DECAY   2000006  8.54420929E+01   # TP2   decays
#          BR          NDA       ID1     ID2       ID3       ID4
      1.28748929E-02    2      1000024         5                       # TP2    -->  W1SS+  BT                 
      3.02425772E-01    2      1000037         5                       # TP2    -->  W2SS+  BT                 
      4.92704194E-03    2           23   1000006                       # TP2    -->  Z0     TP1                
      1.06502986E-02    2           25   1000006                       # TP2    -->  HL0    TP1                
      2.38491921E-05    2           24   1000005                       # TP2    -->  W+     BT1                
      7.40737235E-03    2      1000022         6                       # TP2    -->  Z1SS   TP                 
      2.52303600E-01    2      1000023         6                       # TP2    -->  Z2SS   TP                 
      2.55832076E-01    2      1000025         6                       # TP2    -->  Z3SS   TP                 
      1.53555095E-01    2      1000035         6                       # TP2    -->  Z4SS   TP                 
#         PDG         Width
DECAY   1000011  6.26371980E-01   # EL-   decays
#          BR          NDA       ID1     ID2       ID3       ID4
      9.86844540E-01    2      1000022        11                       # EL-    -->  Z1SS   E-                 
      8.53307452E-03    2      1000023        11                       # EL-    -->  Z2SS   E-                 
      2.30210353E-05    2      1000025        11                       # EL-    -->  Z3SS   E-                 
      4.59933514E-03    2     -1000024        12                       # EL-    -->  W1SS-  NUE                
      8.10789036E-09    3      1000015        11       -15             # EL-    -->  TAU1-  E-     TAU+        
      8.29312530E-09    3     -1000015        11        15             # EL-    -->  TAU1+  E-     TAU-        
      2.09891628E-16    2           11   1000039                       # EL-    -->  E-     GVSS               
#         PDG         Width
DECAY   1000013  6.26371980E-01   # MUL-  decays
#          BR          NDA       ID1     ID2       ID3       ID4
      9.86844540E-01    2      1000022        13                       # MUL-   -->  Z1SS   MU-                
      8.53307173E-03    2      1000023        13                       # MUL-   -->  Z2SS   MU-                
      2.30210280E-05    2      1000025        13                       # MUL-   -->  Z3SS   MU-                
      4.59933514E-03    2     -1000024        14                       # MUL-   -->  W1SS-  NUM                
      8.10789036E-09    3      1000015        13       -15             # MUL-   -->  TAU1-  MU-    TAU+        
      8.29312530E-09    3     -1000015        13        15             # MUL-   -->  TAU1+  MU-    TAU-        
      2.09891641E-16    2           13   1000039                       # MUL-   -->  MU-    GVSS               
#         PDG         Width
#DECAY   1000015  3.43354649E-18   # TAU1- decays
DECAY   1000015  0.000000000000   # TAU1- decays
#          BR          NDA       ID1     ID2       ID3       ID4
#      1.00000000E+00    2           15   1000039                       # TAU1-  -->  TAU-   GVSS               
#         PDG         Width
DECAY   1000012  6.14815474E-01   # NUEL  decays
#          BR          NDA       ID1     ID2       ID3       ID4
      9.93254721E-01    2      1000022        12                       # NUEL   -->  Z1SS   NUE                
      8.21503694E-04    2      1000023        12                       # NUEL   -->  Z2SS   NUE                
      1.03335049E-04    2      1000025        12                       # NUEL   -->  Z3SS   NUE                
      5.82040520E-03    2      1000024        11                       # NUEL   -->  W1SS+  E-                 
      7.38099581E-09    3      1000015        12       -15             # NUEL   -->  TAU1-  NUE    TAU+        
      7.55269003E-09    3     -1000015        12        15             # NUEL   -->  TAU1+  NUE    TAU-        
      3.38171446E-08    3     -1000015        11        16             # NUEL   -->  TAU1+  E-     NUT         
      2.00511995E-16    2           12   1000039                       # NUEL   -->  NUE    GVSS               
#         PDG         Width
DECAY   1000014  6.14815474E-01   # NUML  decays
#          BR          NDA       ID1     ID2       ID3       ID4
      9.93254721E-01    2      1000022        14                       # NUML   -->  Z1SS   NUM                
      8.21503694E-04    2      1000023        14                       # NUML   -->  Z2SS   NUM                
      1.03335049E-04    2      1000025        14                       # NUML   -->  Z3SS   NUM                
      5.82040194E-03    2      1000024        13                       # NUML   -->  W1SS+  MU-                
      7.38099581E-09    3      1000015        14       -15             # NUML   -->  TAU1-  NUM    TAU+        
      7.55269003E-09    3     -1000015        14        15             # NUML   -->  TAU1+  NUM    TAU-        
      3.38171517E-08    3     -1000015        13        16             # NUML   -->  TAU1+  MU-    NUT         
      2.00511995E-16    2           14   1000039                       # NUML   -->  NUM    GVSS               
#         PDG         Width
DECAY   1000016  7.00988293E-01   # NUTL  decays
#          BR          NDA       ID1     ID2       ID3       ID4
      8.68798614E-01    2      1000022        16                       # NUTL   -->  Z1SS   NUT                
      7.10316584E-04    2      1000023        16                       # NUTL   -->  Z2SS   NUT                
      8.93042015E-05    2      1000025        16                       # NUTL   -->  Z3SS   NUT                
      1.14565725E-02    2      1000024        15                       # NUTL   -->  W1SS+  TAU-               
      1.18945204E-01    2           24   1000015                       # NUTL   -->  W+     TAU1-              
      6.43621290E-09    3     -1000015        16        15             # NUTL   -->  TAU1+  NUT    TAU-        
      6.58369093E-09    3      1000015        16       -15             # NUTL   -->  TAU1-  NUT    TAU+        
      1.75293098E-16    2           16   1000039                       # NUTL   -->  NUT    GVSS               
#         PDG         Width
DECAY   2000011  9.59521308E-13   # ER-   decays
#          BR          NDA       ID1     ID2       ID3       ID4
      3.53374809E-01    3      1000015        11       -15             # ER-    -->  TAU1-  E-     TAU+        
      6.46621406E-01    3     -1000015        11        15             # ER-    -->  TAU1+  E-     TAU-        
      5.64513844E-12    3      1000015        12       -16             # ER-    -->  TAU1-  NUE    ANUT        
      3.76030698E-06    2           11   1000039                       # ER-    -->  E-     GVSS               
#         PDG         Width
DECAY   2000013  9.59568037E-13   # MUR-  decays
#          BR          NDA       ID1     ID2       ID3       ID4
      3.53374809E-01    3      1000015        13       -15             # MUR-   -->  TAU1-  MU-    TAU+        
      6.46621168E-01    3     -1000015        13        15             # MUR-   -->  TAU1+  MU-    TAU-        
      2.40260476E-07    3      1000015        14       -16             # MUR-   -->  TAU1-  NUM    ANUT        
      3.76012486E-06    2           13   1000039                       # MUR-   -->  MU-    GVSS               
#         PDG         Width
DECAY   2000015  7.77588487E-01   # TAU2- decays
#          BR          NDA       ID1     ID2       ID3       ID4
      7.92739630E-01    2      1000022        15                       # TAU2-  -->  Z1SS   TAU-               
      1.25183798E-02    2      1000023        15                       # TAU2-  -->  Z2SS   TAU-               
      5.75583801E-03    2      1000025        15                       # TAU2-  -->  Z3SS   TAU-               
      3.53320339E-03    2     -1000024        16                       # TAU2-  -->  W1SS-  NUT                
      5.75297251E-02    2           23   1000015                       # TAU2-  -->  Z0     TAU1-              
      1.27923235E-01    2           25   1000015                       # TAU2-  -->  HL0    TAU1-              
#         PDG         Width
DECAY   1000022  3.13702154E+00   # Z1SS  decays
#          BR          NDA       ID1     ID2       ID3       ID4
      1.63976714E-01    2      2000011       -11                       # Z1SS   -->  ER-    E+                 
      1.63976714E-01    2     -2000011        11                       # Z1SS   -->  ER+    E-                 
      1.63976640E-01    2      2000013       -13                       # Z1SS   -->  MUR-   MU+                
      1.63976640E-01    2     -2000013        13                       # Z1SS   -->  MUR+   MU-                
      1.72046646E-01    2      1000015       -15                       # Z1SS   -->  TAU1-  TAU+               
      1.72046646E-01    2     -1000015        15                       # Z1SS   -->  TAU1+  TAU-               
      3.85807336E-18    2      1000039        22                       # Z1SS   -->  GVSS   GM                 
      9.27435872E-20    3      1000039        11       -11             # Z1SS   -->  GVSS   E-     E+          
      1.16869826E-18    2      1000039        23                       # Z1SS   -->  GVSS   Z0                 
      6.13819269E-21    2      1000039        25                       # Z1SS   -->  GVSS   HL0                
#         PDG         Width
DECAY   1000023  8.85132432E-01   # Z2SS  decays
#          BR          NDA       ID1     ID2       ID3       ID4
      8.96635157E-08    2      1000022        22                       # Z2SS   -->  Z1SS   GM                 
      1.34698590E-02    2      1000022        23                       # Z2SS   -->  Z1SS   Z0                 
      1.30683186E-09    3      1000022         2        -2             # Z2SS   -->  Z1SS   UP     UB          
      1.77840409E-10    3      1000022         1        -1             # Z2SS   -->  Z1SS   DN     DB          
      1.77840409E-10    3      1000022         3        -3             # Z2SS   -->  Z1SS   ST     SB          
      1.30683109E-09    3      1000022         4        -4             # Z2SS   -->  Z1SS   CH     CB          
      6.08028401E-08    3      1000022         5        -5             # Z2SS   -->  Z1SS   BT     BB          
      4.99521207E-07    3      1000022        11       -11             # Z2SS   -->  Z1SS   E-     E+          
      4.99521207E-07    3      1000022        13       -13             # Z2SS   -->  Z1SS   MU-    MU+         
      7.66485073E-07    3      1000022        15       -15             # Z2SS   -->  Z1SS   TAU-   TAU+        
      7.43719966E-08    3      1000022        12       -12             # Z2SS   -->  Z1SS   NUE    ANUE        
      7.43719966E-08    3      1000022        14       -14             # Z2SS   -->  Z1SS   NUM    ANUM        
      7.49641771E-08    3      1000022        16       -16             # Z2SS   -->  Z1SS   NUT    ANUT        
      8.06765139E-01    2      1000022        25                       # Z2SS   -->  Z1SS   HL0                
      1.75045524E-02    2      2000011       -11                       # Z2SS   -->  ER-    E+                 
      1.75045524E-02    2     -2000011        11                       # Z2SS   -->  ER+    E-                 
      1.75045505E-02    2      2000013       -13                       # Z2SS   -->  MUR-   MU+                
      1.75045505E-02    2     -2000013        13                       # Z2SS   -->  MUR+   MU-                
      5.48723377E-02    2      1000015       -15                       # Z2SS   -->  TAU1-  TAU+               
      5.48723377E-02    2     -1000015        15                       # Z2SS   -->  TAU1+  TAU-               
      1.58412511E-18    2      1000039        22                       # Z2SS   -->  GVSS   GM                 
      3.89229482E-20    3      1000039        11       -11             # Z2SS   -->  GVSS   E-     E+          
      2.60949841E-17    2      1000039        23                       # Z2SS   -->  GVSS   Z0                 
      1.70724602E-17    2      1000039        25                       # Z2SS   -->  GVSS   HL0                
#         PDG         Width
DECAY   1000025  8.58285546E-01   # Z3SS  decays
#          BR          NDA       ID1     ID2       ID3       ID4
      3.67663858E-07    2      1000022        22                       # Z3SS   -->  Z1SS   GM                 
      3.43365752E-11    2      1000023        22                       # Z3SS   -->  Z2SS   GM                 
      9.07249928E-01    2      1000022        23                       # Z3SS   -->  Z1SS   Z0                 
      6.24047081E-12    3      1000022         2        -2             # Z3SS   -->  Z1SS   UP     UB          
      1.66342743E-12    3      1000022         1        -1             # Z3SS   -->  Z1SS   DN     DB          
      1.66342743E-12    3      1000022         3        -3             # Z3SS   -->  Z1SS   ST     SB          
      6.24046778E-12    3      1000022         4        -4             # Z3SS   -->  Z1SS   CH     CB          
      6.62993358E-08    3      1000022         5        -5             # Z3SS   -->  Z1SS   BT     BB          
      6.25095475E-10    3      1000022        11       -11             # Z3SS   -->  Z1SS   E-     E+          
      6.25095475E-10    3      1000022        13       -13             # Z3SS   -->  Z1SS   MU-    MU+         
      2.96317808E-07    3      1000022        15       -15             # Z3SS   -->  Z1SS   TAU-   TAU+        
      4.46827686E-09    3      1000022        12       -12             # Z3SS   -->  Z1SS   NUE    ANUE        
      4.46827686E-09    3      1000022        14       -14             # Z3SS   -->  Z1SS   NUM    ANUM        
      4.50903137E-09    3      1000022        16       -16             # Z3SS   -->  Z1SS   NUT    ANUT        
      1.49202109E-10    3      1000023         2        -2             # Z3SS   -->  Z2SS   UP     UB          
      1.92396724E-10    3      1000023         1        -1             # Z3SS   -->  Z2SS   DN     DB          
      1.92396724E-10    3      1000023         3        -3             # Z3SS   -->  Z2SS   ST     SB          
      1.49202109E-10    3      1000023         4        -4             # Z3SS   -->  Z2SS   CH     CB          
      4.36433077E-11    3      1000023        11       -11             # Z3SS   -->  Z2SS   E-     E+          
      4.36433077E-11    3      1000023        13       -13             # Z3SS   -->  Z2SS   MU-    MU+         
      8.68434560E-11    3      1000023        12       -12             # Z3SS   -->  Z2SS   NUE    ANUE        
      8.68434560E-11    3      1000023        14       -14             # Z3SS   -->  Z2SS   NUM    ANUM        
      8.68434907E-11    3      1000023        16       -16             # Z3SS   -->  Z2SS   NUT    ANUT        
      1.32174557E-02    2      1000022        25                       # Z3SS   -->  Z1SS   HL0                
      2.41192436E-04    2      2000011       -11                       # Z3SS   -->  ER-    E+                 
      2.41192436E-04    2     -2000011        11                       # Z3SS   -->  ER+    E-                 
      2.41192407E-04    2      2000013       -13                       # Z3SS   -->  MUR-   MU+                
      2.41192407E-04    2     -2000013        13                       # Z3SS   -->  MUR+   MU-                
      3.92835438E-02    2      1000015       -15                       # Z3SS   -->  TAU1-  TAU+               
      3.92835438E-02    2     -1000015        15                       # Z3SS   -->  TAU1+  TAU-               
      5.92449383E-22    2      1000039        22                       # Z3SS   -->  GVSS   GM                 
      1.45596634E-23    3      1000039        11       -11             # Z3SS   -->  GVSS   E-     E+          
      1.85721817E-17    2      1000039        23                       # Z3SS   -->  GVSS   Z0                 
      2.73603653E-17    2      1000039        25                       # Z3SS   -->  GVSS   HL0                
#         PDG         Width
DECAY   1000035  2.17263947E+01   # Z4SS  decays
#          BR          NDA       ID1     ID2       ID3       ID4
      3.76683493E-12    2      1000022        22                       # Z4SS   -->  Z1SS   GM                 
      1.97079672E-07    2      1000023        22                       # Z4SS   -->  Z2SS   GM                 
      4.05604027E-07    2      1000025        22                       # Z4SS   -->  Z3SS   GM                 
      1.73509121E-01    2      1000024       -24                       # Z4SS   -->  W1SS+  W-                 
      1.73509121E-01    2     -1000024        24                       # Z4SS   -->  W1SS-  W+                 
      1.91840741E-06    3     -1000037         2        -1             # Z4SS   -->  W2SS-  UP     DB          
      6.39469079E-07    3     -1000037        12       -11             # Z4SS   -->  W2SS-  NUE    E+          
      6.39469079E-07    3     -1000037        14       -13             # Z4SS   -->  W2SS-  NUM    MU+         
      1.91840741E-06    3      1000037         1        -2             # Z4SS   -->  W2SS+  DN     UB          
      6.39469079E-07    3      1000037        11       -12             # Z4SS   -->  W2SS+  E-     ANUE        
      6.39469079E-07    3      1000037        13       -14             # Z4SS   -->  W2SS+  MU-    ANUM        
      1.91840741E-06    3     -1000037         4        -3             # Z4SS   -->  W2SS-  CH     SB          
      6.39469079E-07    3     -1000037        16       -15             # Z4SS   -->  W2SS-  NUT    TAU+        
      1.91840741E-06    3      1000037         3        -4             # Z4SS   -->  W2SS+  ST     CB          
      6.39469079E-07    3      1000037        15       -16             # Z4SS   -->  W2SS+  TAU-   ANUT        
      1.37473785E-06    2      1000022        23                       # Z4SS   -->  Z1SS   Z0                 
      2.81225611E-03    2      1000023        23                       # Z4SS   -->  Z2SS   Z0                 
      1.48863569E-01    2      1000025        23                       # Z4SS   -->  Z3SS   Z0                 
      3.10475237E-08    3      1000022         2        -2             # Z4SS   -->  Z1SS   UP     UB          
      3.51435041E-08    3      1000022         1        -1             # Z4SS   -->  Z1SS   DN     DB          
      3.51435041E-08    3      1000022         3        -3             # Z4SS   -->  Z1SS   ST     SB          
      3.10475095E-08    3      1000022         4        -4             # Z4SS   -->  Z1SS   CH     CB          
      4.27184403E-08    3      1000022         5        -5             # Z4SS   -->  Z1SS   BT     BB          
      3.64621222E-10    3      1000022        15       -15             # Z4SS   -->  Z1SS   TAU-   TAU+        
      1.84288929E-09    3      1000023         2        -2             # Z4SS   -->  Z2SS   UP     UB          
      9.67353642E-10    3      1000023         1        -1             # Z4SS   -->  Z2SS   DN     DB          
      9.67353642E-10    3      1000023         3        -3             # Z4SS   -->  Z2SS   ST     SB          
      1.84288851E-09    3      1000023         4        -4             # Z4SS   -->  Z2SS   CH     CB          
      6.03657284E-08    3      1000023         5        -5             # Z4SS   -->  Z2SS   BT     BB          
      1.04156737E-08    3      1000023        15       -15             # Z4SS   -->  Z2SS   TAU-   TAU+        
      6.17810273E-12    3      1000025         2        -2             # Z4SS   -->  Z3SS   UP     UB          
      1.07687704E-11    3      1000025         1        -1             # Z4SS   -->  Z3SS   DN     DB          
      1.07687704E-11    3      1000025         3        -3             # Z4SS   -->  Z3SS   ST     SB          
      6.17810013E-12    3      1000025         4        -4             # Z4SS   -->  Z3SS   CH     CB          
      6.05816979E-08    3      1000025         5        -5             # Z4SS   -->  Z3SS   BT     BB          
      1.06921112E-08    3      1000025        15       -15             # Z4SS   -->  Z3SS   TAU-   TAU+        
      6.61550293E-05    2      1000022        25                       # Z4SS   -->  Z1SS   HL0                
      1.54446155E-01    2      1000023        25                       # Z4SS   -->  Z2SS   HL0                
      2.84126122E-03    2      1000025        25                       # Z4SS   -->  Z3SS   HL0                
      2.73288470E-02    2      1000011       -11                       # Z4SS   -->  EL-    E+                 
      2.73288470E-02    2     -1000011        11                       # Z4SS   -->  EL+    E-                 
      2.73288488E-02    2      1000013       -13                       # Z4SS   -->  MUL-   MU+                
      2.73288488E-02    2     -1000013        13                       # Z4SS   -->  MUL+   MU-                
      3.01736191E-06    2      2000011       -11                       # Z4SS   -->  ER-    E+                 
      3.01736191E-06    2     -2000011        11                       # Z4SS   -->  ER+    E-                 
      3.01736191E-06    2      2000013       -13                       # Z4SS   -->  MUR-   MU+                
      3.01736191E-06    2     -2000013        13                       # Z4SS   -->  MUR+   MU-                
      5.88068860E-06    2      1000015       -15                       # Z4SS   -->  TAU1-  TAU+               
      5.88068860E-06    2     -1000015        15                       # Z4SS   -->  TAU1+  TAU-               
      2.74820197E-02    2      2000015       -15                       # Z4SS   -->  TAU2-  TAU+               
      2.74820197E-02    2     -2000015        15                       # Z4SS   -->  TAU2+  TAU-               
      2.99000237E-02    2      1000012       -12                       # Z4SS   -->  NUEL   ANUE               
      2.99000237E-02    2     -1000012        12                       # Z4SS   -->  ANUEL  NUE                
      2.99000237E-02    2      1000014       -14                       # Z4SS   -->  NUML   ANUM               
      2.99000237E-02    2     -1000014        14                       # Z4SS   -->  ANUML  NUM                
      3.00175883E-02    2      1000016       -16                       # Z4SS   -->  NUTL   ANUT               
      3.00175883E-02    2     -1000016        16                       # Z4SS   -->  ANUTL  NUT                
      4.55224044E-18    2      1000039        22                       # Z4SS   -->  GVSS   GM                 
      1.14426660E-19    3      1000039        11       -11             # Z4SS   -->  GVSS   E-     E+          
      1.53296172E-17    2      1000039        23                       # Z4SS   -->  GVSS   Z0                 
      6.09361727E-20    2      1000039        25                       # Z4SS   -->  GVSS   HL0                
#         PDG         Width
DECAY   1000024  1.00776374E+00   # W1SS+ decays
#          BR          NDA       ID1     ID2       ID3       ID4
      3.81135096E-10    3      1000022         2        -1             # W1SS+  -->  Z1SS   UP     DB          
      3.81134985E-10    3      1000022         4        -3             # W1SS+  -->  Z1SS   CH     SB          
      7.75674209E-07    3      1000022       -11        12             # W1SS+  -->  Z1SS   E+     NUE         
      7.75674209E-07    3      1000022       -13        14             # W1SS+  -->  Z1SS   MU+    NUM         
      1.22284041E-06    3      1000022       -15        16             # W1SS+  -->  Z1SS   TAU+   NUT         
      9.30454671E-01    2      1000022        24                       # W1SS+  -->  Z1SS   W+                 
      4.96682060E-06    3      1000023         2        -1             # W1SS+  -->  Z2SS   UP     DB          
      4.96682060E-06    3      1000023         4        -3             # W1SS+  -->  Z2SS   CH     SB          
      1.65621202E-06    3      1000023       -11        12             # W1SS+  -->  Z2SS   E+     NUE         
      1.65621202E-06    3      1000023       -13        14             # W1SS+  -->  Z2SS   MU+    NUM         
      1.65620929E-06    3      1000023       -15        16             # W1SS+  -->  Z2SS   TAU+   NUT         
      2.04000185E-06    3      1000025         2        -1             # W1SS+  -->  Z3SS   UP     DB          
      2.04000185E-06    3      1000025         4        -3             # W1SS+  -->  Z3SS   CH     SB          
      6.80025664E-07    3      1000025       -11        12             # W1SS+  -->  Z3SS   E+     NUE         
      6.80025664E-07    3      1000025       -13        14             # W1SS+  -->  Z3SS   MU+    NUM         
      6.80024584E-07    3      1000025       -15        16             # W1SS+  -->  Z3SS   TAU+   NUT         
      6.95215389E-02    2     -1000015        16                       # W1SS+  -->  TAU1+  NUT                
#         PDG         Width
DECAY   1000037  1.83966866E+01   # W2SS+ decays
#          BR          NDA       ID1     ID2       ID3       ID4
      6.74897009E-08    3      1000022         2        -1             # W2SS+  -->  Z1SS   UP     DB          
      6.74896938E-08    3      1000022         4        -3             # W2SS+  -->  Z1SS   CH     SB          
      3.38043177E-10    3      1000022       -15        16             # W2SS+  -->  Z1SS   TAU+   NUT         
      2.22081690E-05    2      1000022        24                       # W2SS+  -->  Z1SS   W+                 
      9.29861577E-10    3      1000023         2        -1             # W2SS+  -->  Z2SS   UP     DB          
      9.29861188E-10    3      1000023         4        -3             # W2SS+  -->  Z2SS   CH     SB          
      9.85011894E-09    3      1000023       -15        16             # W2SS+  -->  Z2SS   TAU+   NUT         
      1.36894643E-01    2      1000023        24                       # W2SS+  -->  Z2SS   W+                 
      4.41432273E-11    3      1000025         2        -1             # W2SS+  -->  Z3SS   UP     DB          
      4.41432169E-11    3      1000025         4        -3             # W2SS+  -->  Z3SS   CH     SB          
      9.36597644E-09    3      1000025       -15        16             # W2SS+  -->  Z3SS   TAU+   NUT         
      1.74283758E-01    2      1000025        24                       # W2SS+  -->  Z3SS   W+                 
      6.25786483E-02    2      1000012       -11                       # W2SS+  -->  NUEL   E+                 
      6.25786483E-02    2      1000014       -13                       # W2SS+  -->  NUML   MU+                
      6.28490150E-02    2      1000016       -15                       # W2SS+  -->  NUTL   TAU+               
      5.77565022E-02    2     -1000011        12                       # W2SS+  -->  EL+    NUE                
      5.77565022E-02    2     -1000013        14                       # W2SS+  -->  MUL+   NUM                
      9.69757912E-06    2     -1000015        16                       # W2SS+  -->  TAU1+  NUT                
      5.81044443E-02    2     -2000015        16                       # W2SS+  -->  TAU2+  NUT                
      1.55508161E-01    2      1000024        23                       # W2SS+  -->  W1SS+  Z0                 
      1.98875072E-09    3      1000024         1        -1             # W2SS+  -->  W1SS+  DN     DB          
      1.98874939E-09    3      1000024         3        -3             # W2SS+  -->  W1SS+  ST     SB          
      1.16102061E-09    3      1000024         2        -2             # W2SS+  -->  W1SS+  UP     UB          
      1.16102061E-09    3      1000024         4        -4             # W2SS+  -->  W1SS+  CH     CB          
      1.71657592E-01    2      1000024        25                       # W2SS+  -->  W1SS+  HL0                
#         PDG         Width
DECAY        25  5.29859588E-03   # HL0   decays
#          BR          NDA       ID1     ID2       ID3       ID4
      3.91314536E-09    2           11       -11                       # HL0    -->  E-     E+                 
      1.65219317E-04    2           13       -13                       # HL0    -->  MU-    MU+                
      4.72600758E-02    2           15       -15                       # HL0    -->  TAU-   TAU+               
      4.90782713E-06    2            1        -1                       # HL0    -->  DN     DB                 
      1.98300811E-03    2            3        -3                       # HL0    -->  ST     SB                 
      7.78760552E-01    2            5        -5                       # HL0    -->  BT     BB                 
      1.55392524E-06    2            2        -2                       # HL0    -->  UP     UB                 
      3.87391187E-02    2            4        -4                       # HL0    -->  CH     CB                 
      1.69860327E-03    2           22        22                       # HL0    -->  GM     GM                 
      3.57662663E-02    2           21        21                       # HL0    -->  GL     GL                 
      4.84194094E-03    3           24        11       -12             # HL0    -->  W+     E-     ANUE        
      4.84194094E-03    3           24        13       -14             # HL0    -->  W+     MU-    ANUM        
      4.84194094E-03    3           24        15       -16             # HL0    -->  W+     TAU-   ANUT        
      1.45258233E-02    3           24        -2         1             # HL0    -->  W+     UB     DN          
      1.45258233E-02    3           24        -4         3             # HL0    -->  W+     CB     ST          
      4.84194094E-03    3          -24       -11        12             # HL0    -->  W-     E+     NUE         
      4.84194094E-03    3          -24       -13        14             # HL0    -->  W-     MU+    NUM         
      4.84194094E-03    3          -24       -15        16             # HL0    -->  W-     TAU+   NUT         
      1.45258233E-02    3          -24         2        -1             # HL0    -->  W-     UP     DB          
      1.45258233E-02    3          -24         4        -3             # HL0    -->  W-     CH     SB          
      5.78972918E-04    3           23        12       -12             # HL0    -->  Z0     NUE    ANUE        
      5.78972918E-04    3           23        14       -14             # HL0    -->  Z0     NUM    ANUM        
      5.78972918E-04    3           23        16       -16             # HL0    -->  Z0     NUT    ANUT        
      2.91391276E-04    3           23        11       -11             # HL0    -->  Z0     E-     E+          
      2.91391276E-04    3           23        13       -13             # HL0    -->  Z0     MU-    MU+         
      2.91391276E-04    3           23        15       -15             # HL0    -->  Z0     TAU-   TAU+        
      9.98281757E-04    3           23         2        -2             # HL0    -->  Z0     UP     UB          
      9.98281757E-04    3           23         4        -4             # HL0    -->  Z0     CH     CB          
      1.28603284E-03    3           23         1        -1             # HL0    -->  Z0     DN     DB          
      1.28603284E-03    3           23         3        -3             # HL0    -->  Z0     ST     SB          
      1.28603284E-03    3           23         5        -5             # HL0    -->  Z0     BT     BB          
#         PDG         Width
DECAY        35  3.65879297E+00   # HH0   decays
#          BR          NDA       ID1     ID2       ID3       ID4
      9.58269020E-09    2           11       -11                       # HH0    -->  E-     E+                 
      4.04598424E-04    2           13       -13                       # HH0    -->  MU-    MU+                
      1.15882687E-01    2           15       -15                       # HH0    -->  TAU-   TAU+               
      1.16737529E-05    2            1        -1                       # HH0    -->  DN     DB                 
      4.71678656E-03    2            3        -3                       # HH0    -->  ST     SB                 
      5.95752835E-01    2            5        -5                       # HH0    -->  BT     BB                 
      3.77469361E-10    2            2        -2                       # HH0    -->  UP     UB                 
      6.55151280E-06    2            4        -4                       # HH0    -->  CH     CB                 
      2.81970561E-01    2            6        -6                       # HH0    -->  TP     TB                 
      4.29934090E-07    2           22        22                       # HH0    -->  GM     GM                 
      5.91923599E-05    2           21        21                       # HH0    -->  GL     GL                 
      2.10696016E-04    2           24       -24                       # HH0    -->  W+     W-                 
      1.07866967E-04    2           23        23                       # HH0    -->  Z0     Z0                 
      4.42967103E-05    2      1000022   1000022                       # HH0    -->  Z1SS   Z1SS               
      7.79449067E-04    2           25        25                       # HH0    -->  HL0    HL0                
      1.77567254E-05    2      2000011  -2000011                       # HH0    -->  ER-    ER+                
      1.77466318E-05    2      2000013  -2000013                       # HH0    -->  MUR-   MUR+               
      1.68786537E-05    2      1000015  -1000015                       # HH0    -->  TAU1-  TAU1+              
#         PDG         Width
DECAY        36  3.64973021E+00   # HA0   decays
#          BR          NDA       ID1     ID2       ID3       ID4
      9.54426582E-09    2           11       -11                       # HA0    -->  E-     E+                 
      4.02976148E-04    2           13       -13                       # HA0    -->  MU-    MU+                
      1.15418367E-01    2           15       -15                       # HA0    -->  TAU-   TAU+               
      1.16274978E-05    2            1        -1                       # HA0    -->  DN     DB                 
      4.69809771E-03    2            3        -3                       # HA0    -->  ST     SB                 
      5.93398154E-01    2            5        -5                       # HA0    -->  BT     BB                 
      3.72042508E-10    2            2        -2                       # HA0    -->  UP     UB                 
      6.46198623E-06    2            4        -4                       # HA0    -->  CH     CB                 
      2.84402788E-01    2            6        -6                       # HA0    -->  TP     TB                 
      6.42128498E-07    2           22        22                       # HA0    -->  GM     GM                 
      9.38055382E-05    2           21        21                       # HA0    -->  GL     GL                 
      1.35870953E-03    2      1000022   1000022                       # HA0    -->  Z1SS   Z1SS               
      2.08280821E-04    2           25        23                       # HA0    -->  HL0    Z0                 
      4.73414623E-08    2      1000015  -1000015                       # HA0    -->  TAU1-  TAU1+              
#         PDG         Width
DECAY        37  3.38768339E+00   # H+    decays
#          BR          NDA       ID1     ID2       ID3       ID4
      1.03581206E-08    2           12       -11                       # H+     -->  NUE    E+                 
      4.37338516E-04    2           14       -13                       # H+     -->  NUM    MU+                
      1.25260264E-01    2           16       -15                       # H+     -->  NUT    TAU+               
      1.16639239E-05    2            2        -1                       # H+     -->  UP     DB                 
      4.71913768E-03    2            4        -3                       # H+     -->  CH     SB                 
      8.69344831E-01    2            6        -5                       # H+     -->  TP     BB                 
      2.26739823E-04    2           25        24                       # H+     -->  HL0    W+                 
