#  ISAJET decay tables in SUSY Les Houches accord format
#  Created by ISALHD. Last revision: C. Balazs, 2005 May 25
Block DCINFO   # Program information
    1             ISASUGRA from ISAJET          # Spectrum Calculator
    2   7.69   21-AUG-2003 11:39:06             # Version number
#  SUSY parameters in Les Houches accord format
Block MODSEL   # Model selection
    1    2   #  Minimal gauge mediated (GMSB) model              
Block MINPAR   # Input parameters
    1    8.000000000E+04   # Lambda
    2    1.600000000E+05   # M_mes
    3    3.000000000E+00   # N_5
    4    1.000000000E+01   # tan(beta
    5    1.000000000E+00   # sgn(mu)
    6    1.740000000E+02   # M_t
    7    1.000000000E+04   # C_grav
Block EXTPAR    # Input parameters - non-minimal models
    8    1.000000000E+00   # Rsl
    9    0.000000000E+00   # dmH_d^2
   10    0.000000000E+00   # dmH_u^2
   11    0.000000000E+00   # d_Y
   12    3.000000000E+00   # N5_1
   13    3.000000000E+00   # N5_2
   14    3.000000000E+00   # N5_3
#  
Block MASS   # Scalar and gaugino mass spectrum
#  PDG code   mass                 particle
         6    1.740000000E+02   #  top            
        25    1.166777267E+02   #  h^0            
        35    7.586141357E+02   #  H^0            
        36    7.534088135E+02   #  A^0            
        37    7.626323242E+02   #  H^+            
   1000001    1.707204346E+03   #  dnl            
   1000002    1.705223755E+03   #  upl            
   1000003    1.707204346E+03   #  stl            
   1000004    1.705224243E+03   #  chl            
   1000005    1.634438965E+03   #  b1             
   1000006    1.524515503E+03   #  t1             
   1000011    5.239616089E+02   #  el-            
   1000012    5.108724365E+02   #  nuel           
   1000013    5.239616089E+02   #  mul-           
   1000014    5.108724365E+02   #  numl           
   1000015    2.465422211E+02   #  tau1           
   1000016    5.105052490E+02   #  nutl           
   1000021    1.781717651E+03   #  glss           
   1000022    3.297854004E+02   #  z1ss           
   1000023    5.410004883E+02   #  z2ss           
   1000024    5.460545044E+02   #  w1ss           
   1000025   -5.655562744E+02   #  z3ss           
   1000035    6.891604004E+02   #  z4ss           
   1000037    6.819374390E+02   #  w2ss           
   2000001    1.636439331E+03   #  dnr            
   2000002    1.641785645E+03   #  upr            
   2000003    1.636439331E+03   #  str            
   2000004    1.641786255E+03   #  chr            
   2000005    1.650036987E+03   #  b2             
   2000006    1.666179199E+03   #  t2             
   2000011    2.498374481E+02   #  er-            
   2000013    2.498374634E+02   #  mur-           
   2000015    5.237352295E+02   #  tau2           
   1000039    3.079201633E-05   # gravitino       
Block ALPHA   # Higgs mixing
    1   -1.033880264E-01   # alpha
Block HMIX Q= 1.575771484E+03   # Higgs parameters
    1    5.565322266E+02   # mu
Block STOPMIX   # stop mixing matrix
  1  1    1.838944107E-01
  1  2   -9.829459786E-01
  2  1    9.829459786E-01
  2  2    1.838944107E-01
Block SBOTMIX   # sbottom mixing matrix
  1  1    2.496436685E-01
  1  2   -9.683377743E-01
  2  1    9.683377743E-01
  2  2    2.496436685E-01
Block STAUMIX   # stau mixing matrix
  1  1    3.944990039E-02
  1  2   -9.992215633E-01
  2  1    9.992215633E-01
  2  2    3.944990039E-02
Block NMIX   # neutralino mixing matrix
  1  1    9.878827929E-01   # N_11
  1  2   -2.363272943E-02   # N_12
  1  3    1.276455820E-01   # N_13
  1  4   -8.506333083E-02   # N_14
  2  1   -1.457866430E-01   # N_21
  2  2   -4.420680702E-01   # N_22
  2  3    6.368774176E-01   # N_23
  2  4   -6.145806909E-01   # N_24
  3  1    2.905849554E-02   # N_31
  3  2   -3.939454630E-02   # N_32
  3  3   -7.042040229E-01   # N_33
  3  4   -7.083082795E-01   # N_34
  4  1    4.460404813E-02   # N_41
  4  2   -8.958042860E-01   # N_42
  4  3   -2.866898179E-01   # N_43
  4  4    3.366809487E-01   # N_44
Block UMIX   # chargino U mixing matrix
  1  1   -4.135970175E-01
  1  2    9.104600549E-01
  2  1   -9.104600549E-01
  2  2   -4.135970175E-01
Block VMIX   # chargino V mixing matrix
  1  1   -4.888403714E-01
  1  2    8.723732233E-01
  2  1   -8.723732233E-01
  2  2   -4.888403714E-01
Block AU Q= 1.575771484E+03   #  The trilinear couplings
  3  3   -5.783040771E+02    7.199401757+165   #
Block AD Q= 1.575771484E+03   #  The trilinear couplings
  3  3   -6.380035400E+02    3.580431530+252   #
Block AE Q= 1.575771484E+03   #  The trilinear couplings
  3  3   -8.732624054E+01    1.456328742E+45   #
Block SPINFO   # Program information
    1                                ISASUGRA   # Spectrum Calculator
    2    ISAJET     V7.69   21-AUG-2003 11:39   # Version number
#         PDG         Width
DECAY         6  1.18783092E+00   # TP    decays
#          BR          NDA       ID1     ID2       ID3       ID4
      3.33333343E-01    3            2        -1         5             # TP     -->  UP     DB     BT          
      3.33333343E-01    3            4        -3         5             # TP     -->  CH     SB     BT          
      1.11111112E-01    3          -11        12         5             # TP     -->  E+     NUE    BT          
      1.11111112E-01    3          -13        14         5             # TP     -->  MU+    NUM    BT          
      1.11111112E-01    3          -15        16         5             # TP     -->  TAU+   NUT    BT          
#         PDG         Width
DECAY   1000021  8.21423340E+00   # GLSS  decays
#          BR          NDA       ID1     ID2       ID3       ID4
      3.73552495E-04    3      1000024         5        -6             # GLSS   -->  W1SS+  BT     TB          
      3.73552495E-04    3     -1000024         6        -5             # GLSS   -->  W1SS-  TP     BB          
      2.55410792E-03    3      1000037         5        -6             # GLSS   -->  W2SS+  BT     TB          
      2.55410792E-03    3     -1000037         6        -5             # GLSS   -->  W2SS-  TP     BB          
      8.33594413E-07    2      1000022        21                       # GLSS   -->  Z1SS   GL                 
      1.58419600E-04    3      1000022         6        -6             # GLSS   -->  Z1SS   TP     TB          
      2.26078628E-05    2      1000023        21                       # GLSS   -->  Z2SS   GL                 
      3.64464475E-03    3      1000023         6        -6             # GLSS   -->  Z2SS   TP     TB          
      6.18596969E-05    2      1000025        21                       # GLSS   -->  Z3SS   GL                 
      4.53435024E-03    3      1000025         6        -6             # GLSS   -->  Z3SS   TP     TB          
      4.17005213E-05    2      1000035        21                       # GLSS   -->  Z4SS   GL                 
      4.67050076E-03    3      1000035         6        -6             # GLSS   -->  Z4SS   TP     TB          
      1.66428462E-02    2     -1000002         2                       # GLSS   -->  UBL    UP                 
      1.66428462E-02    2      1000002        -2                       # GLSS   -->  UPL    UB                 
      1.58101097E-02    2     -1000001         1                       # GLSS   -->  DBL    DN                 
      1.58101097E-02    2      1000001        -1                       # GLSS   -->  DNL    DB                 
      5.36859147E-02    2     -2000002         2                       # GLSS   -->  UBR    UP                 
      5.36859147E-02    2      2000002        -2                       # GLSS   -->  UPR    UB                 
      5.76860048E-02    2     -2000001         1                       # GLSS   -->  DBR    DN                 
      5.76860048E-02    2      2000001        -1                       # GLSS   -->  DNR    DB                 
      1.58100557E-02    2     -1000003         3                       # GLSS   -->  SBL    ST                 
      1.58100557E-02    2      1000003        -3                       # GLSS   -->  STL    SB                 
      5.76859526E-02    2     -2000003         3                       # GLSS   -->  SBR    ST                 
      5.76859526E-02    2      2000003        -3                       # GLSS   -->  STR    SB                 
      1.66401658E-02    2     -1000004         4                       # GLSS   -->  CBL    CH                 
      1.66401658E-02    2      1000004        -4                       # GLSS   -->  CHL    CB                 
      5.36831841E-02    2     -2000004         4                       # GLSS   -->  CBR    CH                 
      5.36831841E-02    2      2000004        -4                       # GLSS   -->  CHR    CB                 
      5.81716113E-02    2     -1000005         5                       # GLSS   -->  BB1    BT                 
      5.81716113E-02    2      1000005        -5                       # GLSS   -->  BT1    BB                 
      4.86487672E-02    2     -2000005         5                       # GLSS   -->  BB2    BT                 
      4.86487672E-02    2      2000005        -5                       # GLSS   -->  BT2    BB                 
      9.60402712E-02    2     -1000006         6                       # GLSS   -->  TB1    TP                 
      9.60402712E-02    2      1000006        -6                       # GLSS   -->  TP1    TB                 
      2.65422369E-15    2      1000039        21                       # GLSS   -->  GVSS   GL                 
#         PDG         Width
DECAY   1000002  1.58790007E+01   # UPL   decays
#          BR          NDA       ID1     ID2       ID3       ID4
      1.03709167E-02    2      1000022         2                       # UPL    -->  Z1SS   UP                 
      8.03445727E-02    2      1000023         2                       # UPL    -->  Z2SS   UP                 
      4.15639253E-04    2      1000025         2                       # UPL    -->  Z3SS   UP                 
      2.49310434E-01    2      1000035         2                       # UPL    -->  Z4SS   UP                 
      1.74004719E-01    2      1000024         1                       # UPL    -->  W1SS+  DN                 
      4.85553712E-01    2      1000037         1                       # UPL    -->  W2SS+  DN                 
#         PDG         Width
DECAY   1000001  1.58043947E+01   # DNL   decays
#          BR          NDA       ID1     ID2       ID3       ID4
      1.76434182E-02    2      1000022         1                       # DNL    -->  Z1SS   DN                 
      6.34812564E-02    2      1000023         1                       # DNL    -->  Z2SS   DN                 
      7.20641867E-04    2      1000025         1                       # DNL    -->  Z3SS   DN                 
      2.60333747E-01    2      1000035         1                       # DNL    -->  Z4SS   DN                 
      1.25360653E-01    2     -1000024         2                       # DNL    -->  W1SS-  UP                 
      5.32460272E-01    2     -1000037         2                       # DNL    -->  W2SS-  UP                 
#         PDG         Width
DECAY   1000003  1.58043766E+01   # STL   decays
#          BR          NDA       ID1     ID2       ID3       ID4
      1.76434387E-02    2      1000022         3                       # STL    -->  Z1SS   ST                 
      6.34813309E-02    2      1000023         3                       # STL    -->  Z2SS   ST                 
      7.20642740E-04    2      1000025         3                       # STL    -->  Z3SS   ST                 
      2.60334045E-01    2      1000035         3                       # STL    -->  Z4SS   ST                 
      1.25360608E-01    2     -1000024         4                       # STL    -->  W1SS-  CH                 
      5.32459974E-01    2     -1000037         4                       # STL    -->  W2SS-  CH                 
#         PDG         Width
DECAY   1000004  1.58789988E+01   # CHL   decays
#          BR          NDA       ID1     ID2       ID3       ID4
      1.03709083E-02    2      1000022         4                       # CHL    -->  Z1SS   CH                 
      8.03444833E-02    2      1000023         4                       # CHL    -->  Z2SS   CH                 
      4.15638875E-04    2      1000025         4                       # CHL    -->  Z3SS   CH                 
      2.49310166E-01    2      1000035         4                       # CHL    -->  Z4SS   CH                 
      1.74004793E-01    2      1000024         3                       # CHL    -->  W1SS+  ST                 
      4.85554010E-01    2      1000037         3                       # CHL    -->  W2SS+  ST                 
#         PDG         Width
DECAY   1000005  3.40819764E+00   # BT1   decays
#          BR          NDA       ID1     ID2       ID3       ID4
      2.52703339E-01    2      1000022         5                       # BT1    -->  Z1SS   BT                 
      1.17237985E-01    2      1000023         5                       # BT1    -->  Z2SS   BT                 
      4.91746515E-02    2      1000025         5                       # BT1    -->  Z3SS   BT                 
      3.09667662E-02    2      1000035         5                       # BT1    -->  Z4SS   BT                 
      4.14892673E-01    2     -1000024         6                       # BT1    -->  W1SS-  TP                 
      1.33803144E-01    2     -1000037         6                       # BT1    -->  W2SS-  TP                 
      1.22142676E-03    2          -24   1000006                       # BT1    -->  W-     TP1                
#         PDG         Width
DECAY   1000006  3.16151600E+01   # TP1   decays
#          BR          NDA       ID1     ID2       ID3       ID4
      9.86277759E-02    2      1000022         6                       # TP1    -->  Z1SS   TP                 
      1.92522153E-01    2      1000023         6                       # TP1    -->  Z2SS   TP                 
      2.34258980E-01    2      1000025         6                       # TP1    -->  Z3SS   TP                 
      2.07368173E-02    2      1000035         6                       # TP1    -->  Z4SS   TP                 
      4.05461073E-01    2      1000024         5                       # TP1    -->  W1SS+  BT                 
      4.83932160E-02    2      1000037         5                       # TP1    -->  W2SS+  BT                 
#         PDG         Width
DECAY   2000002  3.40569901E+00   # UPR   decays
#          BR          NDA       ID1     ID2       ID3       ID4
      9.79409397E-01    2      1000022         2                       # UPR    -->  Z1SS   UP                 
      1.84044857E-02    2      1000023         2                       # UPR    -->  Z2SS   UP                 
      7.14752823E-04    2      1000025         2                       # UPR    -->  Z3SS   UP                 
      1.47135637E-03    2      1000035         2                       # UPR    -->  Z4SS   UP                 
#         PDG         Width
DECAY   2000001  8.48165333E-01   # DNR   decays
#          BR          NDA       ID1     ID2       ID3       ID4
      9.79432285E-01    2      1000022         1                       # DNR    -->  Z1SS   DN                 
      1.83857009E-02    2      1000023         1                       # DNR    -->  Z2SS   DN                 
      7.13903224E-04    2      1000025         1                       # DNR    -->  Z3SS   DN                 
      1.46808196E-03    2      1000035         1                       # DNR    -->  Z4SS   DN                 
#         PDG         Width
DECAY   2000003  8.48165333E-01   # STR   decays
#          BR          NDA       ID1     ID2       ID3       ID4
      9.79432285E-01    2      1000022         3                       # STR    -->  Z1SS   ST                 
      1.83857009E-02    2      1000023         3                       # STR    -->  Z2SS   ST                 
      7.13903224E-04    2      1000025         3                       # STR    -->  Z3SS   ST                 
      1.46808196E-03    2      1000035         3                       # STR    -->  Z4SS   ST                 
#         PDG         Width
DECAY   2000004  3.40569544E+00   # CHR   decays
#          BR          NDA       ID1     ID2       ID3       ID4
      9.79409397E-01    2      1000022         4                       # CHR    -->  Z1SS   CH                 
      1.84044838E-02    2      1000023         4                       # CHR    -->  Z2SS   CH                 
      7.14752648E-04    2      1000025         4                       # CHR    -->  Z3SS   CH                 
      1.47135591E-03    2      1000035         4                       # CHR    -->  Z4SS   CH                 
#         PDG         Width
DECAY   2000005  2.93437595E+01   # BT2   decays
#          BR          NDA       ID1     ID2       ID3       ID4
      8.54910258E-03    2      1000022         5                       # BT2    -->  Z1SS   BT                 
      3.03900708E-02    2      1000023         5                       # BT2    -->  Z2SS   BT                 
      7.95916002E-03    2      1000025         5                       # BT2    -->  Z3SS   BT                 
      1.30214319E-01    2      1000035         5                       # BT2    -->  Z4SS   BT                 
      4.20090437E-01    2     -1000024         6                       # BT2    -->  W1SS-  TP                 
      3.98318291E-01    2     -1000037         6                       # BT2    -->  W2SS-  TP                 
      4.47860640E-03    2          -24   1000006                       # BT2    -->  W-     TP1                
#         PDG         Width
DECAY   2000006  3.17455597E+01   # TP2   decays
#          BR          NDA       ID1     ID2       ID3       ID4
      3.84101234E-02    2      1000024         5                       # TP2    -->  W1SS+  BT                 
      2.89051175E-01    2      1000037         5                       # TP2    -->  W2SS+  BT                 
      3.03398049E-03    2           23   1000006                       # TP2    -->  Z0     TP1                
      6.10675383E-03    2           25   1000006                       # TP2    -->  HL0    TP1                
      6.66205026E-03    2      1000022         6                       # TP2    -->  Z1SS   TP                 
      2.02170908E-01    2      1000023         6                       # TP2    -->  Z2SS   TP                 
      2.45667174E-01    2      1000025         6                       # TP2    -->  Z3SS   TP                 
      2.08897859E-01    2      1000035         6                       # TP2    -->  Z4SS   TP                 
#         PDG         Width
DECAY   1000011  2.16898084E-01   # EL-   decays
#          BR          NDA       ID1     ID2       ID3       ID4
      9.99982953E-01    2      1000022        11                       # EL-    -->  Z1SS   E-                 
      7.89784463E-06    3      1000015        11       -15             # EL-    -->  TAU1-  E-     TAU+        
      9.16200315E-06    3     -1000015        11        15             # EL-    -->  TAU1+  E-     TAU-        
      2.21081171E-16    2           11   1000039                       # EL-    -->  E-     GVSS               
#         PDG         Width
DECAY   1000013  2.16898069E-01   # MUL-  decays
#          BR          NDA       ID1     ID2       ID3       ID4
      9.99982953E-01    2      1000022        13                       # MUL-   -->  Z1SS   MU-                
      7.89784553E-06    3      1000015        13       -15             # MUL-   -->  TAU1-  MU-    TAU+        
      9.16200315E-06    3     -1000015        13        15             # MUL-   -->  TAU1+  MU-    TAU-        
      2.21081158E-16    2           13   1000039                       # MUL-   -->  MU-    GVSS               
#         PDG         Width
#DECAY   1000015  1.10579955E-18   # TAU1- decays
DECAY   1000015  0.000000000000   # TAU1- decays
#          BR          NDA       ID1     ID2       ID3       ID4
#      1.00000000E+00    2           15   1000039                       # TAU1-  -->  TAU-   GVSS               
#         PDG         Width
DECAY   1000012  2.34875992E-01   # NUEL  decays
#          BR          NDA       ID1     ID2       ID3       ID4
      9.99984205E-01    2      1000022        12                       # NUEL   -->  Z1SS   NUE                
      1.65927395E-06    3      1000015        12       -15             # NUEL   -->  TAU1-  NUE    TAU+        
      2.57579541E-06    3     -1000015        12        15             # NUEL   -->  TAU1+  NUE    TAU-        
      1.15378216E-05    3     -1000015        11        16             # NUEL   -->  TAU1+  E-     NUT         
      1.79901142E-16    2           12   1000039                       # NUEL   -->  NUE    GVSS               
#         PDG         Width
DECAY   1000014  2.34875992E-01   # NUML  decays
#          BR          NDA       ID1     ID2       ID3       ID4
      9.99984205E-01    2      1000022        14                       # NUML   -->  Z1SS   NUM                
      1.65927395E-06    3      1000015        14       -15             # NUML   -->  TAU1-  NUM    TAU+        
      2.57579541E-06    3     -1000015        14        15             # NUML   -->  TAU1+  NUM    TAU-        
      1.15404373E-05    3     -1000015        13        16             # NUML   -->  TAU1+  MU-    NUT         
      1.79901142E-16    2           14   1000039                       # NUML   -->  NUM    GVSS               
#         PDG         Width
DECAY   1000016  2.85826236E-01   # NUTL  decays
#          BR          NDA       ID1     ID2       ID3       ID4
      8.19452822E-01    2      1000022        16                       # NUTL   -->  Z1SS   NUT                
      1.80543140E-01    2           24   1000015                       # NUTL   -->  W+     TAU1-              
      1.92403513E-06    3     -1000015        16        15             # NUTL   -->  TAU1+  NUT    TAU-        
      2.09443351E-06    3      1000015        16       -15             # NUTL   -->  TAU1-  NUT    TAU+        
      1.47302153E-16    2           16   1000039                       # NUTL   -->  NUT    GVSS               
#         PDG         Width
DECAY   2000011  4.78559466E-13   # ER-   decays
#          BR          NDA       ID1     ID2       ID3       ID4
      3.61404985E-01    3      1000015        11       -15             # ER-    -->  TAU1-  E-     TAU+        
      6.38592541E-01    3     -1000015        11        15             # ER-    -->  TAU1+  E-     TAU-        
      8.45695822E-12    3      1000015        12       -16             # ER-    -->  TAU1-  NUE    ANUT        
      2.46980062E-06    2           11   1000039                       # ER-    -->  E-     GVSS               
#         PDG         Width
DECAY   2000013  4.78579361E-13   # MUR-  decays
#          BR          NDA       ID1     ID2       ID3       ID4
      3.61404896E-01    3      1000015        13       -15             # MUR-   -->  TAU1-  MU-    TAU+        
      6.38592303E-01    3     -1000015        13        15             # MUR-   -->  TAU1+  MU-    TAU-        
      3.59744774E-07    3      1000015        14       -16             # MUR-   -->  TAU1-  NUM    ANUT        
      2.46969716E-06    2           13   1000039                       # MUR-   -->  MU-    GVSS               
#         PDG         Width
DECAY   2000015  2.89118737E-01   # TAU2- decays
#          BR          NDA       ID1     ID2       ID3       ID4
      7.51250625E-01    2      1000022        15                       # TAU2-  -->  Z1SS   TAU-               
      9.90001261E-02    2           23   1000015                       # TAU2-  -->  Z0     TAU1-              
      1.49749264E-01    2           25   1000015                       # TAU2-  -->  HL0    TAU1-              
#         PDG         Width
DECAY   1000022  9.13072467E-01   # Z1SS  decays
#          BR          NDA       ID1     ID2       ID3       ID4
      1.62736833E-01    2      2000011       -11                       # Z1SS   -->  ER-    E+                 
      1.62736833E-01    2     -2000011        11                       # Z1SS   -->  ER+    E-                 
      1.62736669E-01    2      2000013       -13                       # Z1SS   -->  MUR-   MU+                
      1.62736669E-01    2     -2000013        13                       # Z1SS   -->  MUR+   MU-                
      1.74526498E-01    2      1000015       -15                       # Z1SS   -->  TAU1-  TAU+               
      1.74526498E-01    2     -1000015        15                       # Z1SS   -->  TAU1+  TAU-               
      3.78649908E-18    2      1000039        22                       # Z1SS   -->  GVSS   GM                 
      8.39777798E-20    3      1000039        11       -11             # Z1SS   -->  GVSS   E-     E+          
      9.48462661E-19    2      1000039        23                       # Z1SS   -->  GVSS   Z0                 
      7.75262104E-21    2      1000039        25                       # Z1SS   -->  GVSS   HL0                
#         PDG         Width
DECAY   1000023  4.35834050E-01   # Z2SS  decays
#          BR          NDA       ID1     ID2       ID3       ID4
      1.18222992E-07    2      1000022        22                       # Z2SS   -->  Z1SS   GM                 
      3.04788351E-02    2      1000022        23                       # Z2SS   -->  Z1SS   Z0                 
      2.20888232E-08    3      1000022         2        -2             # Z2SS   -->  Z1SS   UP     UB          
      1.35095934E-08    3      1000022         1        -1             # Z2SS   -->  Z1SS   DN     DB          
      1.35095934E-08    3      1000022         3        -3             # Z2SS   -->  Z1SS   ST     SB          
      2.20887895E-08    3      1000022         4        -4             # Z2SS   -->  Z1SS   CH     CB          
      3.78992212E-07    3      1000022         5        -5             # Z2SS   -->  Z1SS   BT     BB          
      5.83567825E-08    3      1000022        15       -15             # Z2SS   -->  Z1SS   TAU-   TAU+        
      6.05727434E-01    2      1000022        25                       # Z2SS   -->  Z1SS   HL0                
      2.73832073E-03    2      1000011       -11                       # Z2SS   -->  EL-    E+                 
      2.73832073E-03    2     -1000011        11                       # Z2SS   -->  EL+    E-                 
      2.73827091E-03    2      1000013       -13                       # Z2SS   -->  MUL-   MU+                
      2.73827091E-03    2     -1000013        13                       # Z2SS   -->  MUL+   MU-                
      4.15276773E-02    2      2000011       -11                       # Z2SS   -->  ER-    E+                 
      4.15276773E-02    2     -2000011        11                       # Z2SS   -->  ER+    E-                 
      4.15276773E-02    2      2000013       -13                       # Z2SS   -->  MUR-   MU+                
      4.15276773E-02    2     -2000013        13                       # Z2SS   -->  MUR+   MU-                
      7.81371593E-02    2      1000015       -15                       # Z2SS   -->  TAU1-  TAU+               
      7.81371593E-02    2     -1000015        15                       # Z2SS   -->  TAU1+  TAU-               
      3.09452997E-03    2      2000015       -15                       # Z2SS   -->  TAU2-  TAU+               
      3.09452997E-03    2     -2000015        15                       # Z2SS   -->  TAU2+  TAU-               
      4.01246687E-03    2      1000012       -12                       # Z2SS   -->  NUEL   ANUE               
      4.01246687E-03    2     -1000012        12                       # Z2SS   -->  ANUEL  NUE                
      4.01246687E-03    2      1000014       -14                       # Z2SS   -->  NUML   ANUM               
      4.01246687E-03    2     -1000014        14                       # Z2SS   -->  ANUML  NUM                
      4.10799729E-03    2      1000016       -16                       # Z2SS   -->  NUTL   ANUT               
      4.10799729E-03    2     -1000016        16                       # Z2SS   -->  ANUTL  NUT                
      1.49862859E-17    2      1000039        22                       # Z2SS   -->  GVSS   GM                 
      3.44666878E-19    3      1000039        11       -11             # Z2SS   -->  GVSS   E-     E+          
      3.77809318E-17    2      1000039        23                       # Z2SS   -->  GVSS   Z0                 
      1.58820762E-17    2      1000039        25                       # Z2SS   -->  GVSS   HL0                
#         PDG         Width
DECAY   1000025  3.59919071E-01   # Z3SS  decays
#          BR          NDA       ID1     ID2       ID3       ID4
      4.29521720E-07    2      1000022        22                       # Z3SS   -->  Z1SS   GM                 
      7.36686756E-09    2      1000023        22                       # Z3SS   -->  Z2SS   GM                 
      2.65306358E-06    3     -1000024         2        -1             # Z3SS   -->  W1SS-  UP     DB          
      8.84354506E-07    3     -1000024        12       -11             # Z3SS   -->  W1SS-  NUE    E+          
      8.84354506E-07    3     -1000024        14       -13             # Z3SS   -->  W1SS-  NUM    MU+         
      2.65306358E-06    3      1000024         1        -2             # Z3SS   -->  W1SS+  DN     UB          
      8.84354506E-07    3      1000024        11       -12             # Z3SS   -->  W1SS+  E-     ANUE        
      8.84354506E-07    3      1000024        13       -14             # Z3SS   -->  W1SS+  MU-    ANUM        
      2.65306358E-06    3     -1000024         4        -3             # Z3SS   -->  W1SS-  CH     SB          
      8.84354506E-07    3     -1000024        16       -15             # Z3SS   -->  W1SS-  NUT    TAU+        
      2.65306358E-06    3      1000024         3        -4             # Z3SS   -->  W1SS+  ST     CB          
      8.84354506E-07    3      1000024        15       -16             # Z3SS   -->  W1SS+  TAU-   ANUT        
      8.55169833E-01    2      1000022        23                       # Z3SS   -->  Z1SS   Z0                 
      3.97064742E-10    3      1000022         2        -2             # Z3SS   -->  Z1SS   UP     UB          
      1.29927194E-10    3      1000022         1        -1             # Z3SS   -->  Z1SS   DN     DB          
      1.29927194E-10    3      1000022         3        -3             # Z3SS   -->  Z1SS   ST     SB          
      3.97064076E-10    3      1000022         4        -4             # Z3SS   -->  Z1SS   CH     CB          
      6.88939849E-07    3      1000022         5        -5             # Z3SS   -->  Z1SS   BT     BB          
      1.11886358E-07    3      1000022        15       -15             # Z3SS   -->  Z1SS   TAU-   TAU+        
      2.39978340E-06    3      1000023         2        -2             # Z3SS   -->  Z2SS   UP     UB          
      3.09388042E-06    3      1000023         1        -1             # Z3SS   -->  Z2SS   DN     DB          
      3.09388042E-06    3      1000023         3        -3             # Z3SS   -->  Z2SS   ST     SB          
      2.39978340E-06    3      1000023         4        -4             # Z3SS   -->  Z2SS   CH     CB          
      1.94310405E-06    3      1000023         5        -5             # Z3SS   -->  Z2SS   BT     BB          
      7.01925615E-07    3      1000023        11       -11             # Z3SS   -->  Z2SS   E-     E+          
      7.01925615E-07    3      1000023        13       -13             # Z3SS   -->  Z2SS   MU-    MU+         
      6.51591336E-07    3      1000023        15       -15             # Z3SS   -->  Z2SS   TAU-   TAU+        
      1.39661131E-06    3      1000023        12       -12             # Z3SS   -->  Z2SS   NUE    ANUE        
      1.39661131E-06    3      1000023        14       -14             # Z3SS   -->  Z2SS   NUM    ANUM        
      1.39661131E-06    3      1000023        16       -16             # Z3SS   -->  Z2SS   NUT    ANUT        
      3.25912200E-02    2      1000022        25                       # Z3SS   -->  Z1SS   HL0                
      3.64244406E-05    2      1000011       -11                       # Z3SS   -->  EL-    E+                 
      3.64244406E-05    2     -1000011        11                       # Z3SS   -->  EL+    E-                 
      3.64243351E-05    2      1000013       -13                       # Z3SS   -->  MUL-   MU+                
      3.64243351E-05    2     -1000013        13                       # Z3SS   -->  MUL+   MU-                
      2.18583946E-03    2      2000011       -11                       # Z3SS   -->  ER-    E+                 
      2.18583946E-03    2     -2000011        11                       # Z3SS   -->  ER+    E-                 
      2.18583900E-03    2      2000013       -13                       # Z3SS   -->  MUR-   MU+                
      2.18583900E-03    2     -2000013        13                       # Z3SS   -->  MUR+   MU-                
      4.90300469E-02    2      1000015       -15                       # Z3SS   -->  TAU1-  TAU+               
      4.90300469E-02    2     -1000015        15                       # Z3SS   -->  TAU1+  TAU-               
      1.59234274E-03    2      2000015       -15                       # Z3SS   -->  TAU2-  TAU+               
      1.59234274E-03    2     -2000015        15                       # Z3SS   -->  TAU2+  TAU-               
      3.43336404E-04    2      1000012       -12                       # Z3SS   -->  NUEL   ANUE               
      3.43336404E-04    2     -1000012        12                       # Z3SS   -->  ANUEL  NUE                
      3.43336404E-04    2      1000014       -14                       # Z3SS   -->  NUML   ANUM               
      3.43336404E-04    2     -1000014        14                       # Z3SS   -->  ANUML  NUM                
      3.47725349E-04    2      1000016       -16                       # Z3SS   -->  NUTL   ANUT               
      3.47725349E-04    2     -1000016        16                       # Z3SS   -->  ANUTL  NUT                
      8.22361316E-21    2      1000039        22                       # Z3SS   -->  GVSS   GM                 
      1.89738579E-22    3      1000039        11       -11             # Z3SS   -->  GVSS   E-     E+          
      3.58036393E-17    2      1000039        23                       # Z3SS   -->  GVSS   Z0                 
      4.95410347E-17    2      1000039        25                       # Z3SS   -->  GVSS   HL0                
#         PDG         Width
DECAY   1000035  4.33202982E+00   # Z4SS  decays
#          BR          NDA       ID1     ID2       ID3       ID4
      7.88089594E-09    2      1000022        22                       # Z4SS   -->  Z1SS   GM                 
      1.94960236E-07    2      1000023        22                       # Z4SS   -->  Z2SS   GM                 
      4.30350354E-07    2      1000025        22                       # Z4SS   -->  Z3SS   GM                 
      1.28351599E-01    2      1000024       -24                       # Z4SS   -->  W1SS+  W-                 
      1.28351599E-01    2     -1000024        24                       # Z4SS   -->  W1SS-  W+                 
      6.24906038E-09    3     -1000037         2        -1             # Z4SS   -->  W2SS-  UP     DB          
      2.08301998E-09    3     -1000037        12       -11             # Z4SS   -->  W2SS-  NUE    E+          
      2.08301998E-09    3     -1000037        14       -13             # Z4SS   -->  W2SS-  NUM    MU+         
      6.24905994E-09    3      1000037         1        -2             # Z4SS   -->  W2SS+  DN     UB          
      2.08301998E-09    3      1000037        11       -12             # Z4SS   -->  W2SS+  E-     ANUE        
      2.08301998E-09    3      1000037        13       -14             # Z4SS   -->  W2SS+  MU-    ANUM        
      6.24905994E-09    3     -1000037         4        -3             # Z4SS   -->  W2SS-  CH     SB          
      2.08301998E-09    3     -1000037        16       -15             # Z4SS   -->  W2SS-  NUT    TAU+        
      6.24905994E-09    3      1000037         3        -4             # Z4SS   -->  W2SS+  ST     CB          
      2.08301998E-09    3      1000037        15       -16             # Z4SS   -->  W2SS+  TAU-   ANUT        
      7.79468275E-04    2      1000022        23                       # Z4SS   -->  Z1SS   Z0                 
      1.14498823E-03    2      1000023        23                       # Z4SS   -->  Z2SS   Z0                 
      5.21927141E-02    2      1000025        23                       # Z4SS   -->  Z3SS   Z0                 
      4.00673734E-08    3      1000022         2        -2             # Z4SS   -->  Z1SS   UP     UB          
      6.76993395E-08    3      1000022         1        -1             # Z4SS   -->  Z1SS   DN     DB          
      6.76993395E-08    3      1000022         3        -3             # Z4SS   -->  Z1SS   ST     SB          
      4.00673166E-08    3      1000022         4        -4             # Z4SS   -->  Z1SS   CH     CB          
      8.10777649E-08    3      1000022         5        -5             # Z4SS   -->  Z1SS   BT     BB          
      6.76574130E-10    3      1000022        15       -15             # Z4SS   -->  Z1SS   TAU-   TAU+        
      8.50791615E-09    3      1000023         2        -2             # Z4SS   -->  Z2SS   UP     UB          
      6.89018975E-09    3      1000023         1        -1             # Z4SS   -->  Z2SS   DN     DB          
      6.89018975E-09    3      1000023         3        -3             # Z4SS   -->  Z2SS   ST     SB          
      8.50790460E-09    3      1000023         4        -4             # Z4SS   -->  Z2SS   CH     CB          
      2.00138430E-08    3      1000023         5        -5             # Z4SS   -->  Z2SS   BT     BB          
      1.84451487E-09    3      1000023        15       -15             # Z4SS   -->  Z2SS   TAU-   TAU+        
      6.61540267E-12    3      1000025         2        -2             # Z4SS   -->  Z3SS   UP     UB          
      1.17491572E-11    3      1000025         1        -1             # Z4SS   -->  Z3SS   DN     DB          
      1.17491572E-11    3      1000025         3        -3             # Z4SS   -->  Z3SS   ST     SB          
      6.61539400E-12    3      1000025         4        -4             # Z4SS   -->  Z3SS   CH     CB          
      9.84779813E-09    3      1000025         5        -5             # Z4SS   -->  Z3SS   BT     BB          
      1.52314028E-09    3      1000025        15       -15             # Z4SS   -->  Z3SS   TAU-   TAU+        
      7.10415468E-03    2      1000022        25                       # Z4SS   -->  Z1SS   HL0                
      6.00488782E-02    2      1000023        25                       # Z4SS   -->  Z2SS   HL0                
      3.96697687E-05    2      1000025        25                       # Z4SS   -->  Z3SS   HL0                
      4.52560559E-02    2      1000011       -11                       # Z4SS   -->  EL-    E+                 
      4.52560559E-02    2     -1000011        11                       # Z4SS   -->  EL+    E-                 
      4.52560447E-02    2      1000013       -13                       # Z4SS   -->  MUL-   MU+                
      4.52560447E-02    2     -1000013        13                       # Z4SS   -->  MUL+   MU-                
      6.07242051E-04    2      2000011       -11                       # Z4SS   -->  ER-    E+                 
      6.07242051E-04    2     -2000011        11                       # Z4SS   -->  ER+    E-                 
      6.07242051E-04    2      2000013       -13                       # Z4SS   -->  MUR-   MU+                
      6.07242051E-04    2     -2000013        13                       # Z4SS   -->  MUR+   MU-                
      7.23959296E-04    2      1000015       -15                       # Z4SS   -->  TAU1-  TAU+               
      7.23959296E-04    2     -1000015        15                       # Z4SS   -->  TAU1+  TAU-               
      4.56936695E-02    2      2000015       -15                       # Z4SS   -->  TAU2-  TAU+               
      4.56936695E-02    2     -2000015        15                       # Z4SS   -->  TAU2+  TAU-               
      5.75489327E-02    2      1000012       -12                       # Z4SS   -->  NUEL   ANUE               
      5.75489327E-02    2     -1000012        12                       # Z4SS   -->  ANUEL  NUE                
      5.75489327E-02    2      1000014       -14                       # Z4SS   -->  NUML   ANUM               
      5.75489327E-02    2     -1000014        14                       # Z4SS   -->  ANUML  NUM                
      5.77508695E-02    2      1000016       -16                       # Z4SS   -->  NUTL   ANUT               
      5.77508695E-02    2     -1000016        16                       # Z4SS   -->  ANUTL  NUT                
      6.70888517E-18    2      1000039        22                       # Z4SS   -->  GVSS   GM                 
      1.56988657E-19    3      1000039        11       -11             # Z4SS   -->  GVSS   E-     E+          
      2.90941127E-17    2      1000039        23                       # Z4SS   -->  GVSS   Z0                 
      1.80762952E-18    2      1000039        25                       # Z4SS   -->  GVSS   HL0                
#         PDG         Width
DECAY   1000024  3.47957522E-01   # W1SS+ decays
#          BR          NDA       ID1     ID2       ID3       ID4
      3.21622018E-08    3      1000022         2        -1             # W1SS+  -->  Z1SS   UP     DB          
      3.21621840E-08    3      1000022         4        -3             # W1SS+  -->  Z1SS   CH     SB          
      7.28722043E-08    3      1000022       -15        16             # W1SS+  -->  Z1SS   TAU+   NUT         
      8.04811060E-01    2      1000022        24                       # W1SS+  -->  Z1SS   W+                 
      5.73842796E-09    3      1000023         2        -1             # W1SS+  -->  Z2SS   UP     DB          
      5.73842796E-09    3      1000023         4        -3             # W1SS+  -->  Z2SS   CH     SB          
      1.91122229E-09    3      1000023       -11        12             # W1SS+  -->  Z2SS   E+     NUE         
      1.91122229E-09    3      1000023       -13        14             # W1SS+  -->  Z2SS   MU+    NUM         
      1.91122229E-09    3      1000023       -15        16             # W1SS+  -->  Z2SS   TAU+   NUT         
      2.45496295E-02    2      1000012       -11                       # W1SS+  -->  NUEL   E+                 
      2.45495252E-02    2      1000014       -13                       # W1SS+  -->  NUML   MU+                
      2.76777260E-02    2      1000016       -15                       # W1SS+  -->  NUTL   TAU+               
      7.10262172E-03    2     -1000011        12                       # W1SS+  -->  EL+    NUE                
      7.10262172E-03    2     -1000013        14                       # W1SS+  -->  MUL+   NUM                
      9.71588418E-02    2     -1000015        16                       # W1SS+  -->  TAU1+  NUT                
      7.04779662E-03    2     -2000015        16                       # W1SS+  -->  TAU2+  NUT                
#         PDG         Width
DECAY   1000037  3.70455956E+00   # W2SS+ decays
#          BR          NDA       ID1     ID2       ID3       ID4
      1.11557341E-07    3      1000022         2        -1             # W2SS+  -->  Z1SS   UP     DB          
      1.11557299E-07    3      1000022         4        -3             # W2SS+  -->  Z1SS   CH     SB          
      4.05310591E-10    3      1000022       -15        16             # W2SS+  -->  Z1SS   TAU+   NUT         
      7.72053981E-03    2      1000022        24                       # W2SS+  -->  Z1SS   W+                 
      4.77099782E-09    3      1000023         2        -1             # W2SS+  -->  Z2SS   UP     DB          
      4.77099515E-09    3      1000023         4        -3             # W2SS+  -->  Z2SS   CH     SB          
      3.82087029E-09    3      1000023       -15        16             # W2SS+  -->  Z2SS   TAU+   NUT         
      1.23421542E-01    2      1000023        24                       # W2SS+  -->  Z2SS   W+                 
      4.66697514E-11    3      1000025         2        -1             # W2SS+  -->  Z3SS   UP     DB          
      4.66697236E-11    3      1000025         4        -3             # W2SS+  -->  Z3SS   CH     SB          
      1.15177190E-09    3      1000025       -15        16             # W2SS+  -->  Z3SS   TAU+   NUT         
      6.70614168E-02    2      1000025        24                       # W2SS+  -->  Z3SS   W+                 
      1.13530174E-01    2      1000012       -11                       # W2SS+  -->  NUEL   E+                 
      1.13530159E-01    2      1000014       -13                       # W2SS+  -->  NUML   MU+                
      1.14324391E-01    2      1000016       -15                       # W2SS+  -->  NUTL   TAU+               
      1.07787125E-01    2     -1000011        12                       # W2SS+  -->  EL+    NUE                
      1.07787125E-01    2     -1000013        14                       # W2SS+  -->  MUL+   NUM                
      3.91864480E-04    2     -1000015        16                       # W2SS+  -->  TAU1+  NUT                
      1.08466871E-01    2     -2000015        16                       # W2SS+  -->  TAU2+  NUT                
      8.75353664E-02    2      1000024        23                       # W2SS+  -->  W1SS+  Z0                 
      9.32465394E-09    3      1000024         1        -1             # W2SS+  -->  W1SS+  DN     DB          
      9.32463973E-09    3      1000024         3        -3             # W2SS+  -->  W1SS+  ST     SB          
      7.23187821E-09    3      1000024         2        -2             # W2SS+  -->  W1SS+  UP     UB          
      7.23187821E-09    3      1000024         4        -4             # W2SS+  -->  W1SS+  CH     CB          
      4.84431535E-02    2      1000024        25                       # W2SS+  -->  W1SS+  HL0                
#         PDG         Width
DECAY        25  5.21017145E-03   # HL0   decays
#          BR          NDA       ID1     ID2       ID3       ID4
      4.09395273E-09    2           11       -11                       # HL0    -->  E-     E+                 
      1.72853252E-04    2           13       -13                       # HL0    -->  MU-    MU+                
      4.94391732E-02    2           15       -15                       # HL0    -->  TAU-   TAU+               
      5.13722262E-06    2            1        -1                       # HL0    -->  DN     DB                 
      2.07569543E-03    2            3        -3                       # HL0    -->  ST     SB                 
      8.19092155E-01    2            5        -5                       # HL0    -->  BT     BB                 
      1.52683242E-06    2            2        -2                       # HL0    -->  UP     UB                 
      3.82619798E-02    2            4        -4                       # HL0    -->  CH     CB                 
      1.50676107E-03    2           22        22                       # HL0    -->  GM     GM                 
      3.23397480E-02    2           21        21                       # HL0    -->  GL     GL                 
      2.93422025E-03    3           24        11       -12             # HL0    -->  W+     E-     ANUE        
      2.93422025E-03    3           24        13       -14             # HL0    -->  W+     MU-    ANUM        
      2.93422025E-03    3           24        15       -16             # HL0    -->  W+     TAU-   ANUT        
      8.80266074E-03    3           24        -2         1             # HL0    -->  W+     UB     DN          
      8.80266074E-03    3           24        -4         3             # HL0    -->  W+     CB     ST          
      2.93422025E-03    3          -24       -11        12             # HL0    -->  W-     E+     NUE         
      2.93422025E-03    3          -24       -13        14             # HL0    -->  W-     MU+    NUM         
      2.93422025E-03    3          -24       -15        16             # HL0    -->  W-     TAU+   NUT         
      8.80266074E-03    3          -24         2        -1             # HL0    -->  W-     UP     DB          
      8.80266074E-03    3          -24         4        -3             # HL0    -->  W-     CH     SB          
      2.93324993E-04    3           23        12       -12             # HL0    -->  Z0     NUE    ANUE        
      2.93324993E-04    3           23        14       -14             # HL0    -->  Z0     NUM    ANUM        
      2.93324993E-04    3           23        16       -16             # HL0    -->  Z0     NUT    ANUT        
      1.47627521E-04    3           23        11       -11             # HL0    -->  Z0     E-     E+          
      1.47627521E-04    3           23        13       -13             # HL0    -->  Z0     MU-    MU+         
      1.47627521E-04    3           23        15       -15             # HL0    -->  Z0     TAU-   TAU+        
      5.05759323E-04    3           23         2        -2             # HL0    -->  Z0     UP     UB          
      5.05759323E-04    3           23         4        -4             # HL0    -->  Z0     CH     CB          
      6.51542621E-04    3           23         1        -1             # HL0    -->  Z0     DN     DB          
      6.51542621E-04    3           23         3        -3             # HL0    -->  Z0     ST     SB          
      6.51542621E-04    3           23         5        -5             # HL0    -->  Z0     BT     BB          
#         PDG         Width
DECAY        35  1.45602787E+00   # HH0   decays
#          BR          NDA       ID1     ID2       ID3       ID4
      8.84738771E-09    2           11       -11                       # HH0    -->  E-     E+                 
      3.73552612E-04    2           13       -13                       # HH0    -->  MU-    MU+                
      1.06987685E-01    2           15       -15                       # HH0    -->  TAU-   TAU+               
      1.08641743E-05    2            1        -1                       # HH0    -->  DN     DB                 
      4.38967627E-03    2            3        -3                       # HH0    -->  ST     SB                 
      6.34943545E-01    2            5        -5                       # HH0    -->  BT     BB                 
      3.74236225E-10    2            2        -2                       # HH0    -->  UP     UB                 
      7.28550322E-06    2            4        -4                       # HH0    -->  CH     CB                 
      2.44016841E-01    2            6        -6                       # HH0    -->  TP     TB                 
      9.14234136E-07    2           22        22                       # HH0    -->  GM     GM                 
      1.63988851E-04    2           21        21                       # HH0    -->  GL     GL                 
      1.26172940E-03    2           24       -24                       # HH0    -->  W+     W-                 
      6.35314034E-04    2           23        23                       # HH0    -->  Z0     Z0                 
      2.37157615E-03    2      1000022   1000022                       # HH0    -->  Z1SS   Z1SS               
      4.43024561E-03    2           25        25                       # HH0    -->  HL0    HL0                
      1.37654773E-04    2      2000011  -2000011                       # HH0    -->  ER-    ER+                
      1.37577765E-04    2      2000013  -2000013                       # HH0    -->  MUR-   MUR+               
      1.31542547E-04    2      1000015  -1000015                       # HH0    -->  TAU1-  TAU1+              
#         PDG         Width
DECAY        36  1.50425744E+00   # HA0   decays
#          BR          NDA       ID1     ID2       ID3       ID4
      8.51140936E-09    2           11       -11                       # HA0    -->  E-     E+                 
      3.59367026E-04    2           13       -13                       # HA0    -->  MU-    MU+                
      1.02927089E-01    2           15       -15                       # HA0    -->  TAU-   TAU+               
      1.04522396E-05    2            1        -1                       # HA0    -->  DN     DB                 
      4.22323402E-03    2            3        -3                       # HA0    -->  ST     SB                 
      6.10918403E-01    2            5        -5                       # HA0    -->  BT     BB                 
      3.34438116E-10    2            2        -2                       # HA0    -->  UP     UB                 
      6.51616892E-06    2            4        -4                       # HA0    -->  CH     CB                 
      2.68189132E-01    2            6        -6                       # HA0    -->  TP     TB                 
      1.11079760E-06    2           22        22                       # HA0    -->  GM     GM                 
      2.07436809E-04    2           21        21                       # HA0    -->  GL     GL                 
      1.20073510E-02    2      1000022   1000022                       # HA0    -->  Z1SS   Z1SS               
      1.14947313E-03    2           25        23                       # HA0    -->  HL0    Z0                 
      4.27434401E-07    2      1000015  -1000015                       # HA0    -->  TAU1-  TAU1+              
#         PDG         Width
DECAY        37  1.28635240E+00   # H+    decays
#          BR          NDA       ID1     ID2       ID3       ID4
      1.00750732E-08    2           12       -11                       # H+     -->  NUE    E+                 
      4.25387785E-04    2           14       -13                       # H+     -->  NUM    MU+                
      1.21836260E-01    2           16       -15                       # H+     -->  NUT    TAU+               
      1.13451952E-05    2            2        -1                       # H+     -->  UP     DB                 
      4.59091878E-03    2            4        -3                       # H+     -->  CH     SB                 
      8.71713400E-01    2            6        -5                       # H+     -->  TP     BB                 
      1.39452366E-03    2           25        24                       # H+     -->  HL0    W+                 
      2.81300636E-05    2     -1000015   1000016                       # H+     -->  TAU1+  NUTL               
