#  ISAJET decay tables in SUSY Les Houches accord format
#  Created by ISALHD. Last revision: C. Balazs, 2005 May 25
Block DCINFO   # Program information
    1             ISASUGRA from ISAJET          # Spectrum Calculator
    2   7.69   21-AUG-2003 11:39:06             # Version number
#  SUSY parameters in Les Houches accord format
Block MODSEL   # Model selection
    1    2   #  Minimal gauge mediated (GMSB) model              
Block MINPAR   # Input parameters
    1    2.800000000E+05   # Lambda
    2    5.600000000E+05   # M_mes
    3    3.000000000E+00   # N_5
    4    1.000000000E+01   # tan(beta
    5    1.000000000E+00   # sgn(mu)
    6    1.740000000E+02   # M_t
    7    1.000000000E+04   # C_grav
Block EXTPAR    # Input parameters - non-minimal models
    8    1.000000000E+00   # Rsl
    9    0.000000000E+00   # dmH_d^2
   10    0.000000000E+00   # dmH_u^2
   11    0.000000000E+00   # d_Y
   12    3.000000000E+00   # N5_1
   13    3.000000000E+00   # N5_2
   14    3.000000000E+00   # N5_3
#  
Block MASS   # Scalar and gaugino mass spectrum
#  PDG code   mass                 particle
         6    1.740000000E+02   #  top            
        25    1.211339951E+02   #  h^0            
        35    2.374587402E+03   #  H^0            
        36    2.358986816E+03   #  A^0            
        37    2.375880615E+03   #  H^+            
   1000001    5.413547852E+03   #  dnl            
   1000002    5.412924805E+03   #  upl            
   1000003    5.413547852E+03   #  stl            
   1000004    5.412924805E+03   #  chl            
   1000005    5.154936523E+03   #  b1             
   1000006    4.814925781E+03   #  t1             
   1000011    1.797245972E+03   #  el-            
   1000012    1.775360474E+03   #  nuel           
   1000013    1.797245972E+03   #  mul-           
   1000014    1.775360474E+03   #  numl           
   1000015    8.706311646E+02   #  tau1           
   1000016    1.774105469E+03   #  nutl           
   1000021    5.587190430E+03   #  glss           
   1000022    1.184775879E+03   #  z1ss           
   1000023    1.584522095E+03   #  z2ss           
   1000024    1.614498291E+03   #  w1ss           
   1000025   -1.587427246E+03   #  z3ss           
   1000035    2.284797607E+03   #  z4ss           
   1000037    2.250134277E+03   #  w2ss           
   2000001    5.148929199E+03   #  dnr            
   2000002    5.173223145E+03   #  upr            
   2000003    5.148929199E+03   #  str            
   2000004    5.173223633E+03   #  chr            
   2000005    5.238976562E+03   #  b2             
   2000006    5.267595703E+03   #  t2             
   2000011    8.791432495E+02   #  er-            
   2000013    8.791432495E+02   #  mur-           
   2000015    1.795640015E+03   #  tau2           
   1000039    3.772022028E-04   # gravitino       
Block ALPHA   # Higgs mixing
    1   -1.000647545E-01   # alpha
Block HMIX Q= 4.947847168E+03   # Higgs parameters
    1    1.562942383E+03   # mu
Block STOPMIX   # stop mixing matrix
  1  1    4.903419316E-02
  1  2   -9.987971187E-01
  2  1    9.987971187E-01
  2  2    4.903419316E-02
Block SBOTMIX   # sbottom mixing matrix
  1  1    5.174430460E-02
  1  2   -9.986603856E-01
  2  1    9.986603856E-01
  2  2    5.174430460E-02
Block STAUMIX   # stau mixing matrix
  1  1    7.190002594E-03
  1  2   -9.999741316E-01
  2  1    9.999741316E-01
  2  2    7.190002594E-03
Block NMIX   # neutralino mixing matrix
  1  1    9.958444834E-01   # N_11
  1  2   -4.706511740E-03   # N_12
  1  3    7.059414685E-02   # N_13
  1  4   -5.734147504E-02   # N_14
  2  1   -9.054240584E-02   # N_21
  2  2   -8.590503782E-02   # N_22
  2  3    7.019624114E-01   # N_23
  2  4   -7.011926770E-01   # N_24
  3  1    9.320911020E-03   # N_31
  3  2   -1.239528880E-02   # N_32
  3  3   -7.067914605E-01   # N_33
  3  4   -7.072521448E-01   # N_34
  4  1    2.986865584E-03   # N_41
  4  2   -9.962151647E-01   # N_42
  4  3   -5.207056180E-02   # N_43
  4  4    6.953567266E-02   # N_44
Block UMIX   # chargino U mixing matrix
  1  1   -7.845856249E-02
  1  2    9.969173670E-01
  2  1   -9.969173670E-01
  2  2   -7.845856249E-02
Block VMIX   # chargino V mixing matrix
  1  1   -1.051757932E-01
  1  2    9.944536686E-01
  2  1   -9.944536686E-01
  2  2   -1.051757932E-01
Block AU Q= 4.947847168E+03   #  The trilinear couplings
  3  3   -1.741230835E+03    7.199401757+165   #
Block AD Q= 4.947847168E+03   #  The trilinear couplings
  3  3   -1.910499756E+03    3.580431530+252   #
Block AE Q= 4.947847168E+03   #  The trilinear couplings
  3  3   -3.029847107E+02    1.456328742E+45   #
Block SPINFO   # Program information
    1                                ISASUGRA   # Spectrum Calculator
    2    ISAJET     V7.69   21-AUG-2003 11:39   # Version number
#         PDG         Width
DECAY         6  1.18783092E+00   # TP    decays
#          BR          NDA       ID1     ID2       ID3       ID4
      3.33333343E-01    3            2        -1         5             # TP     -->  UP     DB     BT          
      3.33333343E-01    3            4        -3         5             # TP     -->  CH     SB     BT          
      1.11111112E-01    3          -11        12         5             # TP     -->  E+     NUE    BT          
      1.11111112E-01    3          -13        14         5             # TP     -->  MU+    NUM    BT          
      1.11111112E-01    3          -15        16         5             # TP     -->  TAU+   NUT    BT          
#         PDG         Width
DECAY   1000021  2.31953087E+01   # GLSS  decays
#          BR          NDA       ID1     ID2       ID3       ID4
      8.88802391E-03    2     -1000002         2                       # GLSS   -->  UBL    UP                 
      8.88802391E-03    2      1000002        -2                       # GLSS   -->  UPL    UB                 
      8.82558525E-03    2     -1000001         1                       # GLSS   -->  DBL    DN                 
      8.82558525E-03    2      1000001        -1                       # GLSS   -->  DNL    DB                 
      4.79929447E-02    2     -2000002         2                       # GLSS   -->  UBR    UP                 
      4.79929447E-02    2      2000002        -2                       # GLSS   -->  UPR    UB                 
      5.35485968E-02    2     -2000001         1                       # GLSS   -->  DBR    DN                 
      5.35485968E-02    2      2000001        -1                       # GLSS   -->  DNR    DB                 
      8.82557873E-03    2     -1000003         3                       # GLSS   -->  SBL    ST                 
      8.82557873E-03    2      1000003        -3                       # GLSS   -->  STL    SB                 
      5.35485931E-02    2     -2000003         3                       # GLSS   -->  SBR    ST                 
      5.35485931E-02    2      2000003        -3                       # GLSS   -->  STR    SB                 
      8.88776500E-03    2     -1000004         4                       # GLSS   -->  CBL    CH                 
      8.88776500E-03    2      1000004        -4                       # GLSS   -->  CHL    CB                 
      4.79925945E-02    2     -2000004         4                       # GLSS   -->  CBR    CH                 
      4.79925945E-02    2      2000004        -4                       # GLSS   -->  CHR    CB                 
      5.20809107E-02    2     -1000005         5                       # GLSS   -->  BB1    BT                 
      5.20809107E-02    2      1000005        -5                       # GLSS   -->  BT1    BB                 
      3.44232470E-02    2     -2000005         5                       # GLSS   -->  BB2    BT                 
      3.44232470E-02    2      2000005        -5                       # GLSS   -->  BT2    BB                 
      1.49019241E-01    2     -1000006         6                       # GLSS   -->  TB1    TP                 
      1.49019241E-01    2      1000006        -6                       # GLSS   -->  TP1    TB                 
      2.59669218E-02    2     -2000006         6                       # GLSS   -->  TB2    TP                 
      2.59669218E-02    2      2000006        -6                       # GLSS   -->  TP2    TB                 
      1.89935047E-15    2      1000039        21                       # GLSS   -->  GVSS   GL                 
#         PDG         Width
DECAY   1000002  4.73652191E+01   # UPL   decays
#          BR          NDA       ID1     ID2       ID3       ID4
      1.37755414E-02    2      1000022         2                       # UPL    -->  Z1SS   UP                 
      4.22434928E-03    2      1000023         2                       # UPL    -->  Z2SS   UP                 
      4.59023759E-05    2      1000025         2                       # UPL    -->  Z3SS   UP                 
      3.22091222E-01    2      1000035         2                       # UPL    -->  Z4SS   UP                 
      8.83319415E-03    2      1000024         1                       # UPL    -->  W1SS+  DN                 
      6.51029766E-01    2      1000037         1                       # UPL    -->  W2SS+  DN                 
#         PDG         Width
DECAY   1000001  4.73401642E+01   # DNL   decays
#          BR          NDA       ID1     ID2       ID3       ID4
      1.52834728E-02    2      1000022         1                       # DNL    -->  Z1SS   DN                 
      1.93352357E-03    2      1000023         1                       # DNL    -->  Z2SS   DN                 
      7.99816626E-05    2      1000025         1                       # DNL    -->  Z3SS   DN                 
      3.23039979E-01    2      1000035         1                       # DNL    -->  Z4SS   DN                 
      4.91887983E-03    2     -1000024         2                       # DNL    -->  W1SS-  UP                 
      6.54744148E-01    2     -1000037         2                       # DNL    -->  W2SS-  UP                 
#         PDG         Width
DECAY   1000003  4.73401566E+01   # STL   decays
#          BR          NDA       ID1     ID2       ID3       ID4
      1.52834747E-02    2      1000022         3                       # STL    -->  Z1SS   ST                 
      1.93352380E-03    2      1000023         3                       # STL    -->  Z2SS   ST                 
      7.99816698E-05    2      1000025         3                       # STL    -->  Z3SS   ST                 
      3.23040009E-01    2      1000035         3                       # STL    -->  Z4SS   ST                 
      4.91887983E-03    2     -1000024         4                       # STL    -->  W1SS-  CH                 
      6.54744148E-01    2     -1000037         4                       # STL    -->  W2SS-  CH                 
#         PDG         Width
DECAY   1000004  4.73652191E+01   # CHL   decays
#          BR          NDA       ID1     ID2       ID3       ID4
      1.37755405E-02    2      1000022         4                       # CHL    -->  Z1SS   CH                 
      4.22434835E-03    2      1000023         4                       # CHL    -->  Z2SS   CH                 
      4.59023795E-05    2      1000025         4                       # CHL    -->  Z3SS   CH                 
      3.22091162E-01    2      1000035         4                       # CHL    -->  Z4SS   CH                 
      8.83319508E-03    2      1000024         3                       # CHL    -->  W1SS+  ST                 
      6.51029825E-01    2      1000037         3                       # CHL    -->  W2SS+  ST                 
#         PDG         Width
DECAY   1000005  5.05413103E+00   # BT1   decays
#          BR          NDA       ID1     ID2       ID3       ID4
      5.16860127E-01    2      1000022         5                       # BT1    -->  Z1SS   BT                 
      1.14495896E-01    2      1000023         5                       # BT1    -->  Z2SS   BT                 
      1.08594067E-01    2      1000025         5                       # BT1    -->  Z3SS   BT                 
      4.12773993E-03    2      1000035         5                       # BT1    -->  Z4SS   BT                 
      2.47390971E-01    2     -1000024         6                       # BT1    -->  W1SS-  TP                 
      8.31498578E-03    2     -1000037         6                       # BT1    -->  W2SS-  TP                 
      2.16200118E-04    2          -24   1000006                       # BT1    -->  W-     TP1                
#         PDG         Width
DECAY   1000006  9.79495850E+01   # TP1   decays
#          BR          NDA       ID1     ID2       ID3       ID4
      9.89063457E-02    2      1000022         6                       # TP1    -->  Z1SS   TP                 
      2.24056810E-01    2      1000023         6                       # TP1    -->  Z2SS   TP                 
      2.27225065E-01    2      1000025         6                       # TP1    -->  Z3SS   TP                 
      5.47043514E-04    2      1000035         6                       # TP1    -->  Z4SS   TP                 
      4.47855771E-01    2      1000024         5                       # TP1    -->  W1SS+  BT                 
      1.40896509E-03    2      1000037         5                       # TP1    -->  W2SS+  BT                 
#         PDG         Width
DECAY   2000002  1.04923506E+01   # UPR   decays
#          BR          NDA       ID1     ID2       ID3       ID4
      9.92410958E-01    2      1000022         2                       # UPR    -->  Z1SS   UP                 
      7.50312395E-03    2      1000023         2                       # UPR    -->  Z2SS   UP                 
      7.94556327E-05    2      1000025         2                       # UPR    -->  Z3SS   UP                 
      6.44259489E-06    2      1000035         2                       # UPR    -->  Z4SS   UP                 
#         PDG         Width
DECAY   2000001  2.60801792E+00   # DNR   decays
#          BR          NDA       ID1     ID2       ID3       ID4
      9.92417872E-01    2      1000022         1                       # DNR    -->  Z1SS   DN                 
      7.49633648E-03    2      1000023         1                       # DNR    -->  Z2SS   DN                 
      7.93831132E-05    2      1000025         1                       # DNR    -->  Z3SS   DN                 
      6.41985889E-06    2      1000035         1                       # DNR    -->  Z4SS   DN                 
#         PDG         Width
DECAY   2000003  2.60801792E+00   # STR   decays
#          BR          NDA       ID1     ID2       ID3       ID4
      9.92417872E-01    2      1000022         3                       # STR    -->  Z1SS   ST                 
      7.49633648E-03    2      1000023         3                       # STR    -->  Z2SS   ST                 
      7.93831132E-05    2      1000025         3                       # STR    -->  Z3SS   ST                 
      6.41985889E-06    2      1000035         3                       # STR    -->  Z4SS   ST                 
#         PDG         Width
DECAY   2000004  1.04923506E+01   # CHR   decays
#          BR          NDA       ID1     ID2       ID3       ID4
      9.92410958E-01    2      1000022         4                       # CHR    -->  Z1SS   CH                 
      7.50312349E-03    2      1000023         4                       # CHR    -->  Z2SS   CH                 
      7.94556327E-05    2      1000025         4                       # CHR    -->  Z3SS   CH                 
      6.44259489E-06    2      1000035         4                       # CHR    -->  Z4SS   CH                 
#         PDG         Width
DECAY   2000005  9.58484573E+01   # BT2   decays
#          BR          NDA       ID1     ID2       ID3       ID4
      7.16591952E-03    2      1000022         5                       # BT2    -->  Z1SS   BT                 
      6.62392797E-03    2      1000023         5                       # BT2    -->  Z2SS   BT                 
      6.01386884E-03    2      1000025         5                       # BT2    -->  Z3SS   BT                 
      1.49735153E-01    2      1000035         5                       # BT2    -->  Z4SS   BT                 
      5.12108862E-01    2     -1000024         6                       # BT2    -->  W1SS-  TP                 
      3.10047746E-01    2     -1000037         6                       # BT2    -->  W2SS-  TP                 
      8.30450375E-03    2          -24   1000006                       # BT2    -->  W-     TP1                
#         PDG         Width
DECAY   2000006  9.80482330E+01   # TP2   decays
#          BR          NDA       ID1     ID2       ID3       ID4
      1.23306923E-02    2      1000024         5                       # TP2    -->  W1SS+  BT                 
      3.01940829E-01    2      1000037         5                       # TP2    -->  W2SS+  BT                 
      4.92964499E-03    2           23   1000006                       # TP2    -->  Z0     TP1                
      1.07963029E-02    2           25   1000006                       # TP2    -->  HL0    TP1                
      6.74316834E-05    2           24   1000005                       # TP2    -->  W+     BT1                
      7.53600802E-03    2      1000022         6                       # TP2    -->  Z1SS   TP                 
      2.53977716E-01    2      1000023         6                       # TP2    -->  Z2SS   TP                 
      2.56622821E-01    2      1000025         6                       # TP2    -->  Z3SS   TP                 
      1.51798561E-01    2      1000035         6                       # TP2    -->  Z4SS   TP                 
#         PDG         Width
DECAY   1000011  7.22575784E-01   # EL-   decays
#          BR          NDA       ID1     ID2       ID3       ID4
      9.85612214E-01    2      1000022        11                       # EL-    -->  Z1SS   E-                 
      9.55845695E-03    2      1000023        11                       # EL-    -->  Z2SS   E-                 
      2.67654159E-05    2      1000025        11                       # EL-    -->  Z3SS   E-                 
      4.80256742E-03    2     -1000024        12                       # EL-    -->  W1SS-  NUE                
      4.44071180E-09    3      1000015        11       -15             # EL-    -->  TAU1-  E-     TAU+        
      5.21869659E-09    3     -1000015        11        15             # EL-    -->  TAU1+  E-     TAU-        
      2.09986866E-16    2           11   1000039                       # EL-    -->  E-     GVSS               
#         PDG         Width
DECAY   1000013  7.22575724E-01   # MUL-  decays
#          BR          NDA       ID1     ID2       ID3       ID4
      9.85612214E-01    2      1000022        13                       # MUL-   -->  Z1SS   MU-                
      9.55845509E-03    2      1000023        13                       # MUL-   -->  Z2SS   MU-                
      2.67654159E-05    2      1000025        13                       # MUL-   -->  Z3SS   MU-                
      4.80256788E-03    2     -1000024        14                       # MUL-   -->  W1SS-  NUM                
      4.44071224E-09    3      1000015        13       -15             # MUL-   -->  TAU1-  MU-    TAU+        
      5.21869703E-09    3     -1000015        13        15             # MUL-   -->  TAU1+  MU-    TAU-        
      2.09986892E-16    2           13   1000039                       # MUL-   -->  MU-    GVSS               
#         PDG         Width
#DECAY   1000015  4.04763917E-18   # TAU1- decays
DECAY   1000015  0.000000000000   # TAU1- decays
#          BR          NDA       ID1     ID2       ID3       ID4
#      1.00000000E+00    2           15   1000039                       # TAU1-  -->  TAU-   GVSS               
#         PDG         Width
DECAY   1000012  7.06071794E-01   # NUEL  decays
#          BR          NDA       ID1     ID2       ID3       ID4
      9.92288589E-01    2      1000022        12                       # NUEL   -->  Z1SS   NUE                
      5.72116056E-04    2      1000023        12                       # NUEL   -->  Z2SS   NUE                
      1.30584449E-04    2      1000025        12                       # NUEL   -->  Z3SS   NUE                
      7.00867921E-03    2      1000024        11                       # NUEL   -->  W1SS+  E-                 
      4.06548928E-09    3      1000015        12       -15             # NUEL   -->  TAU1-  NUE    TAU+        
      4.79105999E-09    3     -1000015        12        15             # NUEL   -->  TAU1+  NUE    TAU-        
      2.30146178E-08    3     -1000015        11        16             # NUEL   -->  TAU1+  E-     NUT         
      2.02125818E-16    2           12   1000039                       # NUEL   -->  NUE    GVSS               
#         PDG         Width
DECAY   1000014  7.06071794E-01   # NUML  decays
#          BR          NDA       ID1     ID2       ID3       ID4
      9.92288589E-01    2      1000022        14                       # NUML   -->  Z1SS   NUM                
      5.72116056E-04    2      1000023        14                       # NUML   -->  Z2SS   NUM                
      1.30584449E-04    2      1000025        14                       # NUML   -->  Z3SS   NUM                
      7.00867781E-03    2      1000024        13                       # NUML   -->  W1SS+  MU-                
      4.06548928E-09    3      1000015        14       -15             # NUML   -->  TAU1-  NUM    TAU+        
      4.79105999E-09    3     -1000015        14        15             # NUML   -->  TAU1+  NUM    TAU-        
      2.30146213E-08    3     -1000015        13        16             # NUML   -->  TAU1+  MU-    NUT         
      2.02125818E-16    2           14   1000039                       # NUML   -->  NUM    GVSS               
#         PDG         Width
DECAY   1000016  7.94584870E-01   # NUTL  decays
#          BR          NDA       ID1     ID2       ID3       ID4
      8.79127562E-01    2      1000022        16                       # NUTL   -->  Z1SS   NUT                
      5.02410403E-04    2      1000023        16                       # NUTL   -->  Z2SS   NUT                
      1.14650866E-04    2      1000025        16                       # NUTL   -->  Z3SS   NUT                
      1.81753486E-02    2      1000024        15                       # NUTL   -->  W1SS+  TAU-               
      1.02080025E-01    2           24   1000015                       # NUTL   -->  W+     TAU1-              
      3.58909213E-09    3     -1000015        16        15             # NUTL   -->  TAU1+  NUT    TAU-        
      4.22910462E-09    3      1000015        16       -15             # NUTL   -->  TAU1-  NUT    TAU+        
      1.78976024E-16    2           16   1000039                       # NUTL   -->  NUT    GVSS               
#         PDG         Width
DECAY   2000011  1.08767661E-12   # ER-   decays
#          BR          NDA       ID1     ID2       ID3       ID4
      3.53132546E-01    3      1000015        11       -15             # ER-    -->  TAU1-  E-     TAU+        
      6.46863520E-01    3     -1000015        11        15             # ER-    -->  TAU1+  E-     TAU-        
      6.21170129E-12    3      1000015        12       -16             # ER-    -->  TAU1-  NUE    ANUT        
      3.90693685E-06    2           11   1000039                       # ER-    -->  E-     GVSS               
#         PDG         Width
DECAY   2000013  1.08767704E-12   # MUR-  decays
#          BR          NDA       ID1     ID2       ID3       ID4
      3.53132486E-01    3      1000015        13       -15             # MUR-   -->  TAU1-  MU-    TAU+        
      6.46863341E-01    3     -1000015        13        15             # MUR-   -->  TAU1+  MU-    TAU-        
      2.64458237E-07    3      1000015        14       -16             # MUR-   -->  TAU1-  NUM    ANUT        
      3.90693549E-06    2           13   1000039                       # MUR-   -->  MU-    GVSS               
#         PDG         Width
DECAY   2000015  8.89505267E-01   # TAU2- decays
#          BR          NDA       ID1     ID2       ID3       ID4
      7.98180223E-01    2      1000022        15                       # TAU2-  -->  Z1SS   TAU-               
      1.65848229E-02    2      1000023        15                       # TAU2-  -->  Z2SS   TAU-               
      9.00506694E-03    2      1000025        15                       # TAU2-  -->  Z3SS   TAU-               
      3.73578840E-03    2     -1000024        16                       # TAU2-  -->  W1SS-  NUT                
      4.88399826E-02    2           23   1000015                       # TAU2-  -->  Z0     TAU1-              
      1.23654105E-01    2           25   1000015                       # TAU2-  -->  HL0    TAU1-              
#         PDG         Width
DECAY   1000022  3.67871237E+00   # Z1SS  decays
#          BR          NDA       ID1     ID2       ID3       ID4
      1.64033338E-01    2      2000011       -11                       # Z1SS   -->  ER-    E+                 
      1.64033338E-01    2     -2000011        11                       # Z1SS   -->  ER+    E-                 
      1.64033324E-01    2      2000013       -13                       # Z1SS   -->  MUR-   MU+                
      1.64033324E-01    2     -2000013        13                       # Z1SS   -->  MUR+   MU-                
      1.71933338E-01    2      1000015       -15                       # Z1SS   -->  TAU1-  TAU+               
      1.71933338E-01    2     -1000015        15                       # Z1SS   -->  TAU1+  TAU-               
      3.89052531E-18    2      1000039        22                       # Z1SS   -->  GVSS   GM                 
      9.45335414E-20    3      1000039        11       -11             # Z1SS   -->  GVSS   E-     E+          
      1.18387847E-18    2      1000039        23                       # Z1SS   -->  GVSS   Z0                 
      6.15488978E-21    2      1000039        25                       # Z1SS   -->  GVSS   HL0                
#         PDG         Width
DECAY   1000023  9.52147007E-01   # Z2SS  decays
#          BR          NDA       ID1     ID2       ID3       ID4
      7.70263568E-08    2      1000022        22                       # Z2SS   -->  Z1SS   GM                 
      1.10713774E-02    2      1000022        23                       # Z2SS   -->  Z1SS   Z0                 
      8.09948220E-10    3      1000022         2        -2             # Z2SS   -->  Z1SS   UP     UB          
      8.91087065E-11    3      1000022         1        -1             # Z2SS   -->  Z1SS   DN     DB          
      8.91087065E-11    3      1000022         3        -3             # Z2SS   -->  Z1SS   ST     SB          
      8.09947942E-10    3      1000022         4        -4             # Z2SS   -->  Z1SS   CH     CB          
      4.00443128E-08    3      1000022         5        -5             # Z2SS   -->  Z1SS   BT     BB          
      2.17132722E-07    3      1000022        11       -11             # Z2SS   -->  Z1SS   E-     E+          
      2.17132722E-07    3      1000022        13       -13             # Z2SS   -->  Z1SS   MU-    MU+         
      3.70902825E-07    3      1000022        15       -15             # Z2SS   -->  Z1SS   TAU-   TAU+        
      1.82272775E-08    3      1000022        12       -12             # Z2SS   -->  Z1SS   NUE    ANUE        
      1.82272775E-08    3      1000022        14       -14             # Z2SS   -->  Z1SS   NUM    ANUM        
      1.83720790E-08    3      1000022        16       -16             # Z2SS   -->  Z1SS   NUT    ANUT        
      8.14146161E-01    2      1000022        25                       # Z2SS   -->  Z1SS   HL0                
      1.66219585E-02    2      2000011       -11                       # Z2SS   -->  ER-    E+                 
      1.66219585E-02    2     -2000011        11                       # Z2SS   -->  ER+    E-                 
      1.66219585E-02    2      2000013       -13                       # Z2SS   -->  MUR-   MU+                
      1.66219585E-02    2     -2000013        13                       # Z2SS   -->  MUR+   MU-                
      5.41468374E-02    2      1000015       -15                       # Z2SS   -->  TAU1-  TAU+               
      5.41468374E-02    2     -1000015        15                       # Z2SS   -->  TAU1+  TAU-               
      1.23713742E-18    2      1000039        22                       # Z2SS   -->  GVSS   GM                 
      3.06567449E-20    3      1000039        11       -11             # Z2SS   -->  GVSS   E-     E+          
      2.47592015E-17    2      1000039        23                       # Z2SS   -->  GVSS   Z0                 
      1.63276718E-17    2      1000039        25                       # Z2SS   -->  GVSS   HL0                
#         PDG         Width
DECAY   1000025  9.51408565E-01   # Z3SS  decays
#          BR          NDA       ID1     ID2       ID3       ID4
      3.43636771E-07    2      1000022        22                       # Z3SS   -->  Z1SS   GM                 
      1.11956945E-11    2      1000023        22                       # Z3SS   -->  Z2SS   GM                 
      9.12366092E-01    2      1000022        23                       # Z3SS   -->  Z1SS   Z0                 
      3.05073176E-12    3      1000022         2        -2             # Z3SS   -->  Z1SS   UP     UB          
      8.02202163E-13    3      1000022         1        -1             # Z3SS   -->  Z1SS   DN     DB          
      8.02202163E-13    3      1000022         3        -3             # Z3SS   -->  Z1SS   ST     SB          
      3.05073024E-12    3      1000022         4        -4             # Z3SS   -->  Z1SS   CH     CB          
      4.20411510E-08    3      1000022         5        -5             # Z3SS   -->  Z1SS   BT     BB          
      2.49125109E-10    3      1000022        11       -11             # Z3SS   -->  Z1SS   E-     E+          
      2.49125109E-10    3      1000022        13       -13             # Z3SS   -->  Z1SS   MU-    MU+         
      1.60323324E-07    3      1000022        15       -15             # Z3SS   -->  Z1SS   TAU-   TAU+        
      1.73236614E-09    3      1000022        12       -12             # Z3SS   -->  Z1SS   NUE    ANUE        
      1.73236614E-09    3      1000022        14       -14             # Z3SS   -->  Z1SS   NUM    ANUM        
      1.74754688E-09    3      1000022        16       -16             # Z3SS   -->  Z1SS   NUT    ANUT        
      3.10389665E-11    3      1000023         2        -2             # Z3SS   -->  Z2SS   UP     UB          
      4.00249139E-11    3      1000023         1        -1             # Z3SS   -->  Z2SS   DN     DB          
      4.00249139E-11    3      1000023         3        -3             # Z3SS   -->  Z2SS   ST     SB          
      9.07948456E-12    3      1000023        11       -11             # Z3SS   -->  Z2SS   E-     E+          
      9.07948456E-12    3      1000023        13       -13             # Z3SS   -->  Z2SS   MU-    MU+         
      1.80658214E-11    3      1000023        12       -12             # Z3SS   -->  Z2SS   NUE    ANUE        
      1.80658214E-11    3      1000023        14       -14             # Z3SS   -->  Z2SS   NUM    ANUM        
      1.80658214E-11    3      1000023        16       -16             # Z3SS   -->  Z2SS   NUT    ANUT        
      1.06615257E-02    2      1000022        25                       # Z3SS   -->  Z1SS   HL0                
      1.77189868E-04    2      2000011       -11                       # Z3SS   -->  ER-    E+                 
      1.77189868E-04    2     -2000011        11                       # Z3SS   -->  ER+    E-                 
      1.77189882E-04    2      2000013       -13                       # Z3SS   -->  MUR-   MU+                
      1.77189882E-04    2     -2000013        13                       # Z3SS   -->  MUR+   MU-                
      3.81315313E-02    2      1000015       -15                       # Z3SS   -->  TAU1-  TAU+               
      3.81315313E-02    2     -1000015        15                       # Z3SS   -->  TAU1+  TAU-               
      4.14214655E-22    2      1000039        22                       # Z3SS   -->  GVSS   GM                 
      1.02656576E-23    3      1000039        11       -11             # Z3SS   -->  GVSS   E-     E+          
      1.69924289E-17    2      1000039        23                       # Z3SS   -->  GVSS   Z0                 
      2.51077175E-17    2      1000039        25                       # Z3SS   -->  GVSS   HL0                
#         PDG         Width
DECAY   1000035  2.61230907E+01   # Z4SS  decays
#          BR          NDA       ID1     ID2       ID3       ID4
      1.01463777E-11    2      1000022        22                       # Z4SS   -->  Z1SS   GM                 
      1.96037959E-07    2      1000023        22                       # Z4SS   -->  Z2SS   GM                 
      3.86280874E-07    2      1000025        22                       # Z4SS   -->  Z3SS   GM                 
      1.76944584E-01    2      1000024       -24                       # Z4SS   -->  W1SS+  W-                 
      1.76944584E-01    2     -1000024        24                       # Z4SS   -->  W1SS-  W+                 
      3.58644365E-06    3     -1000037         2        -1             # Z4SS   -->  W2SS-  UP     DB          
      1.19548122E-06    3     -1000037        12       -11             # Z4SS   -->  W2SS-  NUE    E+          
      1.19548122E-06    3     -1000037        14       -13             # Z4SS   -->  W2SS-  NUM    MU+         
      3.58644388E-06    3      1000037         1        -2             # Z4SS   -->  W2SS+  DN     UB          
      1.19548122E-06    3      1000037        11       -12             # Z4SS   -->  W2SS+  E-     ANUE        
      1.19548122E-06    3      1000037        13       -14             # Z4SS   -->  W2SS+  MU-    ANUM        
      3.58644388E-06    3     -1000037         4        -3             # Z4SS   -->  W2SS-  CH     SB          
      1.19548122E-06    3     -1000037        16       -15             # Z4SS   -->  W2SS-  NUT    TAU+        
      3.58644388E-06    3      1000037         3        -4             # Z4SS   -->  W2SS+  ST     CB          
      1.19548122E-06    3      1000037        15       -16             # Z4SS   -->  W2SS+  TAU-   ANUT        
      5.75706144E-06    2      1000022        23                       # Z4SS   -->  Z1SS   Z0                 
      3.21243540E-03    2      1000023        23                       # Z4SS   -->  Z2SS   Z0                 
      1.50234550E-01    2      1000025        23                       # Z4SS   -->  Z3SS   Z0                 
      3.10135455E-08    3      1000022         2        -2             # Z4SS   -->  Z1SS   UP     UB          
      3.44400988E-08    3      1000022         1        -1             # Z4SS   -->  Z1SS   DN     DB          
      3.44400988E-08    3      1000022         3        -3             # Z4SS   -->  Z1SS   ST     SB          
      3.10135455E-08    3      1000022         4        -4             # Z4SS   -->  Z1SS   CH     CB          
      4.22827071E-08    3      1000022         5        -5             # Z4SS   -->  Z1SS   BT     BB          
      4.42604814E-10    3      1000022        15       -15             # Z4SS   -->  Z1SS   TAU-   TAU+        
      1.65547853E-09    3      1000023         2        -2             # Z4SS   -->  Z2SS   UP     UB          
      7.58469787E-10    3      1000023         1        -1             # Z4SS   -->  Z2SS   DN     DB          
      7.58469787E-10    3      1000023         3        -3             # Z4SS   -->  Z2SS   ST     SB          
      1.65547853E-09    3      1000023         4        -4             # Z4SS   -->  Z2SS   CH     CB          
      7.86965799E-08    3      1000023         5        -5             # Z4SS   -->  Z2SS   BT     BB          
      1.39836516E-08    3      1000023        15       -15             # Z4SS   -->  Z2SS   TAU-   TAU+        
      6.16472108E-12    3      1000025         2        -2             # Z4SS   -->  Z3SS   UP     UB          
      1.07520824E-11    3      1000025         1        -1             # Z4SS   -->  Z3SS   DN     DB          
      1.07520824E-11    3      1000025         3        -3             # Z4SS   -->  Z3SS   ST     SB          
      6.16472108E-12    3      1000025         4        -4             # Z4SS   -->  Z3SS   CH     CB          
      7.98905404E-08    3      1000025         5        -5             # Z4SS   -->  Z3SS   BT     BB          
      1.44109764E-08    3      1000025        15       -15             # Z4SS   -->  Z3SS   TAU-   TAU+        
      1.61506847E-04    2      1000022        25                       # Z4SS   -->  Z1SS   HL0                
      1.57087579E-01    2      1000023        25                       # Z4SS   -->  Z2SS   HL0                
      3.36583075E-03    2      1000025        25                       # Z4SS   -->  Z3SS   HL0                
      2.64657736E-02    2      1000011       -11                       # Z4SS   -->  EL-    E+                 
      2.64657736E-02    2     -1000011        11                       # Z4SS   -->  EL+    E-                 
      2.64657736E-02    2      1000013       -13                       # Z4SS   -->  MUL-   MU+                
      2.64657736E-02    2     -1000013        13                       # Z4SS   -->  MUL+   MU-                
      1.44027740E-06    2      2000011       -11                       # Z4SS   -->  ER-    E+                 
      1.44027740E-06    2     -2000011        11                       # Z4SS   -->  ER+    E-                 
      1.44027740E-06    2      2000013       -13                       # Z4SS   -->  MUR-   MU+                
      1.44027740E-06    2     -2000013        13                       # Z4SS   -->  MUR+   MU-                
      3.32709897E-06    2      1000015       -15                       # Z4SS   -->  TAU1-  TAU+               
      3.32709897E-06    2     -1000015        15                       # Z4SS   -->  TAU1+  TAU-               
      2.66230162E-02    2      2000015       -15                       # Z4SS   -->  TAU2-  TAU+               
      2.66230162E-02    2     -2000015        15                       # Z4SS   -->  TAU2+  TAU-               
      2.87751686E-02    2      1000012       -12                       # Z4SS   -->  NUEL   ANUE               
      2.87751686E-02    2     -1000012        12                       # Z4SS   -->  ANUEL  NUE                
      2.87751686E-02    2      1000014       -14                       # Z4SS   -->  NUML   ANUM               
      2.87751686E-02    2     -1000014        14                       # Z4SS   -->  ANUML  NUM                
      2.88992450E-02    2      1000016       -16                       # Z4SS   -->  NUTL   ANUT               
      2.88992450E-02    2     -1000016        16                       # Z4SS   -->  ANUTL  NUT                
      4.39233236E-18    2      1000039        22                       # Z4SS   -->  GVSS   GM                 
      1.11508832E-19    3      1000039        11       -11             # Z4SS   -->  GVSS   E-     E+          
      1.47078569E-17    2      1000039        23                       # Z4SS   -->  GVSS   Z0                 
      3.90394352E-20    2      1000039        25                       # Z4SS   -->  GVSS   HL0                
#         PDG         Width
DECAY   1000024  1.14477718E+00   # W1SS+ decays
#          BR          NDA       ID1     ID2       ID3       ID4
      1.66366296E-10    3      1000022         2        -1             # W1SS+  -->  Z1SS   UP     DB          
      1.66366296E-10    3      1000022         4        -3             # W1SS+  -->  Z1SS   CH     SB          
      2.84123047E-07    3      1000022       -11        12             # W1SS+  -->  Z1SS   E+     NUE         
      2.84123047E-07    3      1000022       -13        14             # W1SS+  -->  Z1SS   MU+    NUM         
      5.24174311E-07    3      1000022       -15        16             # W1SS+  -->  Z1SS   TAU+   NUT         
      9.33711469E-01    2      1000022        24                       # W1SS+  -->  Z1SS   W+                 
      9.72144153E-06    3      1000023         2        -1             # W1SS+  -->  Z2SS   UP     DB          
      9.72144153E-06    3      1000023         4        -3             # W1SS+  -->  Z2SS   CH     SB          
      3.24091411E-06    3      1000023       -11        12             # W1SS+  -->  Z2SS   E+     NUE         
      3.24091411E-06    3      1000023       -13        14             # W1SS+  -->  Z2SS   MU+    NUM         
      3.24091093E-06    3      1000023       -15        16             # W1SS+  -->  Z2SS   TAU+   NUT         
      5.67206916E-06    3      1000025         2        -1             # W1SS+  -->  Z3SS   UP     DB          
      5.67206916E-06    3      1000025         4        -3             # W1SS+  -->  Z3SS   CH     SB          
      1.89071693E-06    3      1000025       -11        12             # W1SS+  -->  Z3SS   E+     NUE         
      1.89071693E-06    3      1000025       -13        14             # W1SS+  -->  Z3SS   MU+    NUM         
      1.89071579E-06    3      1000025       -15        16             # W1SS+  -->  Z3SS   TAU+   NUT         
      6.62412792E-02    2     -1000015        16                       # W1SS+  -->  TAU1+  NUT                
#         PDG         Width
DECAY   1000037  2.21942024E+01   # W2SS+ decays
#          BR          NDA       ID1     ID2       ID3       ID4
      6.64584050E-08    3      1000022         2        -1             # W2SS+  -->  Z1SS   UP     DB          
      6.64584050E-08    3      1000022         4        -3             # W2SS+  -->  Z1SS   CH     SB          
      4.15407375E-10    3      1000022       -15        16             # W2SS+  -->  Z1SS   TAU+   NUT         
      9.70505862E-05    2      1000022        24                       # W2SS+  -->  Z1SS   W+                 
      8.28318636E-10    3      1000023         2        -1             # W2SS+  -->  Z2SS   UP     DB          
      8.28318636E-10    3      1000023         4        -3             # W2SS+  -->  Z2SS   CH     SB          
      1.31839215E-08    3      1000023       -15        16             # W2SS+  -->  Z2SS   TAU+   NUT         
      1.37910724E-01    2      1000023        24                       # W2SS+  -->  Z2SS   W+                 
      4.43523759E-11    3      1000025         2        -1             # W2SS+  -->  Z3SS   UP     DB          
      4.43523759E-11    3      1000025         4        -3             # W2SS+  -->  Z3SS   CH     SB          
      1.28063098E-08    3      1000025       -15        16             # W2SS+  -->  Z3SS   TAU+   NUT         
      1.77494392E-01    2      1000025        24                       # W2SS+  -->  Z3SS   W+                 
      6.01351559E-02    2      1000012       -11                       # W2SS+  -->  NUEL   E+                 
      6.01351559E-02    2      1000014       -13                       # W2SS+  -->  NUML   MU+                
      6.04178868E-02    2      1000016       -15                       # W2SS+  -->  NUTL   TAU+               
      5.55898920E-02    2     -1000011        12                       # W2SS+  -->  EL+    NUE                
      5.55898920E-02    2     -1000013        14                       # W2SS+  -->  MUL+   NUM                
      6.27590589E-06    2     -1000015        16                       # W2SS+  -->  TAU1+  NUT                
      5.59469461E-02    2     -2000015        16                       # W2SS+  -->  TAU2+  NUT                
      1.60121143E-01    2      1000024        23                       # W2SS+  -->  W1SS+  Z0                 
      1.77588433E-09    3      1000024         1        -1             # W2SS+  -->  W1SS+  DN     DB          
      1.77588433E-09    3      1000024         3        -3             # W2SS+  -->  W1SS+  ST     SB          
      9.92620430E-10    3      1000024         2        -2             # W2SS+  -->  W1SS+  UP     UB          
      9.92620430E-10    3      1000024         4        -4             # W2SS+  -->  W1SS+  CH     CB          
      1.76555321E-01    2      1000024        25                       # W2SS+  -->  W1SS+  HL0                
#         PDG         Width
DECAY        25  5.32761728E-03   # HL0   decays
#          BR          NDA       ID1     ID2       ID3       ID4
      3.89457222E-09    2           11       -11                       # HL0    -->  E-     E+                 
      1.64435143E-04    2           13       -13                       # HL0    -->  MU-    MU+                
      4.70361561E-02    2           15       -15                       # HL0    -->  TAU-   TAU+               
      4.88430032E-06    2            1        -1                       # HL0    -->  DN     DB                 
      1.97350234E-03    2            3        -3                       # HL0    -->  ST     SB                 
      7.74678588E-01    2            5        -5                       # HL0    -->  BT     BB                 
      1.55038754E-06    2            2        -2                       # HL0    -->  UP     UB                 
      3.86321992E-02    2            4        -4                       # HL0    -->  CH     CB                 
      1.71080476E-03    2           22        22                       # HL0    -->  GM     GM                 
      3.59860882E-02    2           21        21                       # HL0    -->  GL     GL                 
      5.04772970E-03    3           24        11       -12             # HL0    -->  W+     E-     ANUE        
      5.04772970E-03    3           24        13       -14             # HL0    -->  W+     MU-    ANUM        
      5.04772970E-03    3           24        15       -16             # HL0    -->  W+     TAU-   ANUT        
      1.51431896E-02    3           24        -2         1             # HL0    -->  W+     UB     DN          
      1.51431896E-02    3           24        -4         3             # HL0    -->  W+     CB     ST          
      5.04772970E-03    3          -24       -11        12             # HL0    -->  W-     E+     NUE         
      5.04772970E-03    3          -24       -13        14             # HL0    -->  W-     MU+    NUM         
      5.04772970E-03    3          -24       -15        16             # HL0    -->  W-     TAU+   NUT         
      1.51431896E-02    3          -24         2        -1             # HL0    -->  W-     UP     DB          
      1.51431896E-02    3          -24         4        -3             # HL0    -->  W-     CH     SB          
      6.12270494E-04    3           23        12       -12             # HL0    -->  Z0     NUE    ANUE        
      6.12270494E-04    3           23        14       -14             # HL0    -->  Z0     NUM    ANUM        
      6.12270494E-04    3           23        16       -16             # HL0    -->  Z0     NUT    ANUT        
      3.08149582E-04    3           23        11       -11             # HL0    -->  Z0     E-     E+          
      3.08149582E-04    3           23        13       -13             # HL0    -->  Z0     MU-    MU+         
      3.08149582E-04    3           23        15       -15             # HL0    -->  Z0     TAU-   TAU+        
      1.05569442E-03    3           23         2        -2             # HL0    -->  Z0     UP     UB          
      1.05569442E-03    3           23         4        -4             # HL0    -->  Z0     CH     CB          
      1.35999441E-03    3           23         1        -1             # HL0    -->  Z0     DN     DB          
      1.35999441E-03    3           23         3        -3             # HL0    -->  Z0     ST     SB          
      1.35999441E-03    3           23         5        -5             # HL0    -->  Z0     BT     BB          
#         PDG         Width
DECAY        35  4.15059996E+00   # HH0   decays
#          BR          NDA       ID1     ID2       ID3       ID4
      9.72155512E-09    2           11       -11                       # HH0    -->  E-     E+                 
      4.10461595E-04    2           13       -13                       # HH0    -->  MU-    MU+                
      1.17562100E-01    2           15       -15                       # HH0    -->  TAU-   TAU+               
      1.18310536E-05    2            1        -1                       # HH0    -->  DN     DB                 
      4.78034467E-03    2            3        -3                       # HH0    -->  ST     SB                 
      5.93300462E-01    2            5        -5                       # HH0    -->  BT     BB                 
      3.81590592E-10    2            2        -2                       # HH0    -->  UP     UB                 
      6.52292601E-06    2            4        -4                       # HH0    -->  CH     CB                 
      2.82979488E-01    2            6        -6                       # HH0    -->  TP     TB                 
      3.81182787E-07    2           22        22                       # HH0    -->  GM     GM                 
      5.10322934E-05    2           21        21                       # HH0    -->  GL     GL                 
      1.63531542E-04    2           24       -24                       # HH0    -->  W+     W-                 
      8.37741609E-05    2           23        23                       # HH0    -->  Z0     Z0                 
      1.68465567E-06    2      1000022   1000022                       # HH0    -->  Z1SS   Z1SS               
      6.09097187E-04    2           25        25                       # HH0    -->  HL0    HL0                
      1.33385965E-05    2      2000011  -2000011                       # HH0    -->  ER-    ER+                
      1.33310114E-05    2      2000013  -2000013                       # HH0    -->  MUR-   MUR+               
      1.26097730E-05    2      1000015  -1000015                       # HH0    -->  TAU1-  TAU1+              
#         PDG         Width
DECAY        36  4.13182640E+00   # HA0   decays
#          BR          NDA       ID1     ID2       ID3       ID4
      9.70233849E-09    2           11       -11                       # HA0    -->  E-     E+                 
      4.09650238E-04    2           13       -13                       # HA0    -->  MU-    MU+                
      1.17329977E-01    2           15       -15                       # HA0    -->  TAU-   TAU+               
      1.18082144E-05    2            1        -1                       # HA0    -->  DN     DB                 
      4.77111666E-03    2            3        -3                       # HA0    -->  ST     SB                 
      5.92159390E-01    2            5        -5                       # HA0    -->  BT     BB                 
      3.77824855E-10    2            2        -2                       # HA0    -->  UP     UB                 
      6.46314857E-06    2            4        -4                       # HA0    -->  CH     CB                 
      2.85067916E-01    2            6        -6                       # HA0    -->  TP     TB                 
      5.70418194E-07    2           22        22                       # HA0    -->  GM     GM                 
      8.07726319E-05    2           21        21                       # HA0    -->  GL     GL                 
      1.62279524E-04    2           25        23                       # HA0    -->  HL0    Z0                 
      3.16450119E-08    2      1000015  -1000015                       # HA0    -->  TAU1-  TAU1+              
#         PDG         Width
DECAY        37  3.85384989E+00   # H+    decays
#          BR          NDA       ID1     ID2       ID3       ID4
      1.04766587E-08    2           12       -11                       # H+     -->  NUE    E+                 
      4.42343415E-04    2           14       -13                       # H+     -->  NUM    MU+                
      1.26693800E-01    2           16       -15                       # H+     -->  NUT    TAU+               
      1.17974068E-05    2            2        -1                       # H+     -->  UP     DB                 
      4.77304542E-03    2            4        -3                       # H+     -->  CH     SB                 
      8.67903352E-01    2            6        -5                       # H+     -->  TP     BB                 
      1.75638328E-04    2           25        24                       # H+     -->  HL0    W+                 
