#  ISAJET decay tables in SUSY Les Houches accord format
#  Created by ISALHD. Last revision: C. Balazs, 2005 May 25
Block DCINFO   # Program information
    1             ISASUGRA from ISAJET          # Spectrum Calculator
    2   7.69   21-AUG-2003 11:39:06             # Version number
#  SUSY parameters in Les Houches accord format
Block MODSEL   # Model selection
    1    2   #  Minimal gauge mediated (GMSB) model              
Block MINPAR   # Input parameters
    1    5.100000000E+05   # Lambda
    2    1.020000000E+06   # M_mes
    3    3.000000000E+00   # N_5
    4    1.000000000E+01   # tan(beta
    5    1.000000000E+00   # sgn(mu)
    6    1.740000000E+02   # M_t
    7    1.000000000E+04   # C_grav
Block EXTPAR    # Input parameters - non-minimal models
    8    1.000000000E+00   # Rsl
    9    0.000000000E+00   # dmH_d^2
   10    0.000000000E+00   # dmH_u^2
   11    0.000000000E+00   # d_Y
   12    3.000000000E+00   # N5_1
   13    3.000000000E+00   # N5_2
   14    3.000000000E+00   # N5_3
#  
Block MASS   # Scalar and gaugino mass spectrum
#  PDG code   mass                 particle
         6    1.740000000E+02   #  top            
        25    1.223305588E+02   #  h^0            
        35    4.108795410E+03   #  H^0            
        36    4.081894775E+03   #  A^0            
        37    4.109544922E+03   #  H^+            
   1000001    9.441921875E+03   #  dnl            
   1000002    9.441566406E+03   #  upl            
   1000003    9.441921875E+03   #  stl            
   1000004    9.441566406E+03   #  chl            
   1000005    8.962804688E+03   #  b1             
   1000006    8.375675781E+03   #  t1             
   1000011    3.246887695E+03   #  el-            
   1000012    3.212561768E+03   #  nuel           
   1000013    3.246887695E+03   #  mul-           
   1000014    3.212561768E+03   #  numl           
   1000015    1.598735840E+03   #  tau1           
   1000016    3.210082520E+03   #  nutl           
   1000021    9.694457031E+03   #  glss           
   1000022    2.177047363E+03   #  z1ss           
   1000023    2.578464844E+03   #  z2ss           
   1000024    2.631304932E+03   #  w1ss           
   1000025   -2.578663574E+03   #  z3ss           
   1000035    4.123332520E+03   #  z4ss           
   1000037    4.061299805E+03   #  w2ss           
   2000001    8.945618164E+03   #  dnr            
   2000002    8.993645508E+03   #  upr            
   2000003    8.945618164E+03   #  str            
   2000004    8.993647461E+03   #  chr            
   2000005    9.143343750E+03   #  b2             
   2000006    9.191023438E+03   #  t2             
   2000011    1.614349976E+03   #  er-            
   2000013    1.614349976E+03   #  mur-           
   2000015    3.243684082E+03   #  tau2           
   1000039    1.251406735E-03   # gravitino       
Block ALPHA   # Higgs mixing
    1   -9.980317205E-02   # alpha
Block HMIX Q= 8.593750000E+03   # Higgs parameters
    1    2.536035645E+03   # mu
Block STOPMIX   # stop mixing matrix
  1  1    2.563036606E-02
  1  2   -9.996714592E-01
  2  1    9.996714592E-01
  2  2    2.563036606E-02
Block SBOTMIX   # sbottom mixing matrix
  1  1    2.843183093E-02
  1  2   -9.995957613E-01
  2  1    9.995957613E-01
  2  2    2.843183093E-02
Block STAUMIX   # stau mixing matrix
  1  1    2.276136540E-03
  1  2   -9.999974370E-01
  2  1    9.999974370E-01
  2  2    2.276136540E-03
Block NMIX   # neutralino mixing matrix
  1  1    9.948947430E-01   # N_11
  1  2   -3.077876987E-03   # N_12
  1  3    7.505540550E-02   # N_13
  1  4   -6.739025563E-02   # N_14
  2  1    5.413832143E-03   # N_21
  2  2   -7.132623345E-03   # N_22
  2  3   -7.069965601E-01   # N_23
  2  4   -7.071601152E-01   # N_24
  3  1   -1.007686630E-01   # N_31
  3  2   -3.849911317E-02   # N_32
  3  3    7.028701901E-01   # N_33
  3  4   -7.030909061E-01   # N_34
  4  1    7.793262484E-04   # N_41
  4  2   -9.992283583E-01   # N_42
  4  3   -2.226533368E-02   # N_43
  4  4    3.234464675E-02   # N_44
Block UMIX   # chargino U mixing matrix
  1  1   -3.366063908E-02
  1  2    9.994333386E-01
  2  1   -9.994333386E-01
  2  2   -3.366063908E-02
Block VMIX   # chargino V mixing matrix
  1  1   -4.914535582E-02
  1  2    9.987916350E-01
  2  1   -9.987916350E-01
  2  2   -4.914535582E-02
Block AU Q= 8.593750000E+03   #  The trilinear couplings
  3  3   -2.966130371E+03    7.199401757+165   #
Block AD Q= 8.593750000E+03   #  The trilinear couplings
  3  3   -3.250035156E+03    3.580431530+252   #
Block AE Q= 8.593750000E+03   #  The trilinear couplings
  3  3   -5.482090454E+02    1.456328742E+45   #
Block SPINFO   # Program information
    1                                ISASUGRA   # Spectrum Calculator
    2    ISAJET     V7.69   21-AUG-2003 11:39   # Version number
#         PDG         Width
DECAY         6  1.18783092E+00   # TP    decays
#          BR          NDA       ID1     ID2       ID3       ID4
      3.33333343E-01    3            2        -1         5             # TP     -->  UP     DB     BT          
      3.33333343E-01    3            4        -3         5             # TP     -->  CH     SB     BT          
      1.11111112E-01    3          -11        12         5             # TP     -->  E+     NUE    BT          
      1.11111112E-01    3          -13        14         5             # TP     -->  MU+    NUM    BT          
      1.11111112E-01    3          -15        16         5             # TP     -->  TAU+   NUT    BT          
#         PDG         Width
DECAY   1000021  3.62045975E+01   # GLSS  decays
#          BR          NDA       ID1     ID2       ID3       ID4
      6.62851753E-03    2     -1000002         2                       # GLSS   -->  UBL    UP                 
      6.62851753E-03    2      1000002        -2                       # GLSS   -->  UPL    UB                 
      6.61014393E-03    2     -1000001         1                       # GLSS   -->  DBL    DN                 
      6.61014393E-03    2      1000001        -1                       # GLSS   -->  DNL    DB                 
      4.85490002E-02    2     -2000002         2                       # GLSS   -->  UBR    UP                 
      4.85490002E-02    2      2000002        -2                       # GLSS   -->  UPR    UB                 
      5.51467054E-02    2     -2000001         1                       # GLSS   -->  DBR    DN                 
      5.51467054E-02    2      2000001        -1                       # GLSS   -->  DNR    DB                 
      6.61014160E-03    2     -1000003         3                       # GLSS   -->  SBL    ST                 
      6.61014160E-03    2      1000003        -3                       # GLSS   -->  STL    SB                 
      5.51467054E-02    2     -2000003         3                       # GLSS   -->  SBR    ST                 
      5.51467054E-02    2      2000003        -3                       # GLSS   -->  STR    SB                 
      6.62842533E-03    2     -1000004         4                       # GLSS   -->  CBL    CH                 
      6.62842533E-03    2      1000004        -4                       # GLSS   -->  CHL    CB                 
      4.85486686E-02    2     -2000004         4                       # GLSS   -->  CBR    CH                 
      4.85486686E-02    2      2000004        -4                       # GLSS   -->  CHR    CB                 
      5.27191125E-02    2     -1000005         5                       # GLSS   -->  BB1    BT                 
      5.27191125E-02    2      1000005        -5                       # GLSS   -->  BT1    BB                 
      3.05213220E-02    2     -2000005         5                       # GLSS   -->  BB2    BT                 
      3.05213220E-02    2      2000005        -5                       # GLSS   -->  BT2    BB                 
      1.58370897E-01    2     -1000006         6                       # GLSS   -->  TB1    TP                 
      1.58370897E-01    2      1000006        -6                       # GLSS   -->  TP1    TB                 
      2.45203618E-02    2     -2000006         6                       # GLSS   -->  TB2    TP                 
      2.45203618E-02    2      2000006        -6                       # GLSS   -->  TP2    TB                 
      1.73877409E-15    2      1000039        21                       # GLSS   -->  GVSS   GL                 
#         PDG         Width
DECAY   1000002  8.00645905E+01   # UPL   decays
#          BR          NDA       ID1     ID2       ID3       ID4
      1.42891994E-02    2      1000022         2                       # UPL    -->  Z1SS   UP                 
      1.60301406E-05    2      1000023         2                       # UPL    -->  Z2SS   UP                 
      1.37921004E-03    2      1000025         2                       # UPL    -->  Z3SS   UP                 
      3.24498594E-01    2      1000035         2                       # UPL    -->  Z4SS   UP                 
      2.03977921E-03    2      1000024         1                       # UPL    -->  W1SS+  DN                 
      6.57777190E-01    2      1000037         1                       # UPL    -->  W2SS+  DN                 
#         PDG         Width
DECAY   1000001  8.00503387E+01   # DNL   decays
#          BR          NDA       ID1     ID2       ID3       ID4
      1.52912261E-02    2      1000022         1                       # DNL    -->  Z1SS   DN                 
      2.80660388E-05    2      1000023         1                       # DNL    -->  Z2SS   DN                 
      1.70714542E-04    2      1000025         1                       # DNL    -->  Z3SS   DN                 
      3.24765682E-01    2      1000035         1                       # DNL    -->  Z4SS   DN                 
      9.57110489E-04    2     -1000024         2                       # DNL    -->  W1SS-  UP                 
      6.58787191E-01    2     -1000037         2                       # DNL    -->  W2SS-  UP                 
#         PDG         Width
DECAY   1000003  8.00503387E+01   # STL   decays
#          BR          NDA       ID1     ID2       ID3       ID4
      1.52912261E-02    2      1000022         3                       # STL    -->  Z1SS   ST                 
      2.80660388E-05    2      1000023         3                       # STL    -->  Z2SS   ST                 
      1.70714542E-04    2      1000025         3                       # STL    -->  Z3SS   ST                 
      3.24765682E-01    2      1000035         3                       # STL    -->  Z4SS   ST                 
      9.57110489E-04    2     -1000024         4                       # STL    -->  W1SS-  CH                 
      6.58787191E-01    2     -1000037         4                       # STL    -->  W2SS-  CH                 
#         PDG         Width
DECAY   1000004  8.00645828E+01   # CHL   decays
#          BR          NDA       ID1     ID2       ID3       ID4
      1.42891984E-02    2      1000022         4                       # CHL    -->  Z1SS   CH                 
      1.60301406E-05    2      1000023         4                       # CHL    -->  Z2SS   CH                 
      1.37921004E-03    2      1000025         4                       # CHL    -->  Z3SS   CH                 
      3.24498594E-01    2      1000035         4                       # CHL    -->  Z4SS   CH                 
      2.03977921E-03    2      1000024         3                       # CHL    -->  W1SS+  ST                 
      6.57777190E-01    2      1000037         3                       # CHL    -->  W2SS+  ST                 
#         PDG         Width
DECAY   1000005  8.26985359E+00   # BT1   decays
#          BR          NDA       ID1     ID2       ID3       ID4
      5.40089726E-01    2      1000022         5                       # BT1    -->  Z1SS   BT                 
      1.10907070E-01    2      1000023         5                       # BT1    -->  Z2SS   BT                 
      1.14561722E-01    2      1000025         5                       # BT1    -->  Z3SS   BT                 
      1.50696875E-03    2      1000035         5                       # BT1    -->  Z4SS   BT                 
      2.29888916E-01    2     -1000024         6                       # BT1    -->  W1SS-  TP                 
      2.98606115E-03    2     -1000037         6                       # BT1    -->  W2SS-  TP                 
      5.95143138E-05    2          -24   1000006                       # BT1    -->  W-     TP1                
#         PDG         Width
DECAY   1000006  1.68950226E+02   # TP1   decays
#          BR          NDA       ID1     ID2       ID3       ID4
      9.87109095E-02    2      1000022         6                       # TP1    -->  Z1SS   TP                 
      2.26681709E-01    2      1000023         6                       # TP1    -->  Z2SS   TP                 
      2.24669695E-01    2      1000025         6                       # TP1    -->  Z3SS   TP                 
      8.76142294E-05    2      1000035         6                       # TP1    -->  Z4SS   TP                 
      4.49615389E-01    2      1000024         5                       # TP1    -->  W1SS+  BT                 
      2.34681283E-04    2      1000037         5                       # TP1    -->  W2SS+  BT                 
#         PDG         Width
DECAY   2000002  1.80088196E+01   # UPR   decays
#          BR          NDA       ID1     ID2       ID3       ID4
      9.90315497E-01    2      1000022         2                       # UPR    -->  Z1SS   UP                 
      2.78725183E-05    2      1000023         2                       # UPR    -->  Z2SS   UP                 
      9.65618622E-03    2      1000025         2                       # UPR    -->  Z3SS   UP                 
      4.27704293E-07    2      1000035         2                       # UPR    -->  Z4SS   UP                 
#         PDG         Width
DECAY   2000001  4.47213697E+00   # DNR   decays
#          BR          NDA       ID1     ID2       ID3       ID4
      9.90321159E-01    2      1000022         1                       # DNR    -->  Z1SS   DN                 
      2.78562748E-05    2      1000023         1                       # DNR    -->  Z2SS   DN                 
      9.65055544E-03    2      1000025         1                       # DNR    -->  Z3SS   DN                 
      4.25829739E-07    2      1000035         1                       # DNR    -->  Z4SS   DN                 
#         PDG         Width
DECAY   2000003  4.47213697E+00   # STR   decays
#          BR          NDA       ID1     ID2       ID3       ID4
      9.90321159E-01    2      1000022         3                       # STR    -->  Z1SS   ST                 
      2.78562748E-05    2      1000023         3                       # STR    -->  Z2SS   ST                 
      9.65055544E-03    2      1000025         3                       # STR    -->  Z3SS   ST                 
      4.25829739E-07    2      1000035         3                       # STR    -->  Z4SS   ST                 
#         PDG         Width
DECAY   2000004  1.80088253E+01   # CHR   decays
#          BR          NDA       ID1     ID2       ID3       ID4
      9.90315497E-01    2      1000022         4                       # CHR    -->  Z1SS   CH                 
      2.78725147E-05    2      1000023         4                       # CHR    -->  Z2SS   CH                 
      9.65618622E-03    2      1000025         4                       # CHR    -->  Z3SS   CH                 
      4.27704322E-07    2      1000035         4                       # CHR    -->  Z4SS   CH                 
#         PDG         Width
DECAY   2000005  1.64160522E+02   # BT2   decays
#          BR          NDA       ID1     ID2       ID3       ID4
      7.13375770E-03    2      1000022         5                       # BT2    -->  Z1SS   BT                 
      5.79149276E-03    2      1000023         5                       # BT2    -->  Z2SS   BT                 
      5.80401253E-03    2      1000025         5                       # BT2    -->  Z3SS   BT                 
      1.48529217E-01    2      1000035         5                       # BT2    -->  Z4SS   BT                 
      5.21436989E-01    2     -1000024         6                       # BT2    -->  W1SS-  TP                 
      3.02985281E-01    2     -1000037         6                       # BT2    -->  W2SS-  TP                 
      8.14466085E-03    2          -24   1000006                       # BT2    -->  W-     TP1                
      4.76642708E-05    2           23   1000005                       # BT2    -->  Z0     BT1                
      1.26909625E-04    2           25   1000005                       # BT2    -->  HL0    BT1                
#         PDG         Width
DECAY   2000006  1.67714386E+02   # TP2   decays
#          BR          NDA       ID1     ID2       ID3       ID4
      1.14045506E-02    2      1000024         5                       # TP2    -->  W1SS+  BT                 
      2.98741013E-01    2      1000037         5                       # TP2    -->  W2SS+  BT                 
      4.79252450E-03    2           23   1000006                       # TP2    -->  Z0     TP1                
      1.10825878E-02    2           25   1000006                       # TP2    -->  HL0    TP1                
      2.35332627E-04    2           24   1000005                       # TP2    -->  W+     BT1                
      8.56643263E-03    2      1000022         6                       # TP2    -->  Z1SS   TP                 
      2.59716839E-01    2      1000023         6                       # TP2    -->  Z2SS   TP                 
      2.57689327E-01    2      1000025         6                       # TP2    -->  Z3SS   TP                 
      1.47771403E-01    2      1000035         6                       # TP2    -->  Z4SS   TP                 
#         PDG         Width
DECAY   1000011  1.24431431E+00   # EL-   decays
#          BR          NDA       ID1     ID2       ID3       ID4
      9.83841598E-01    2      1000022        11                       # EL-    -->  Z1SS   E-                 
      2.58941291E-05    2      1000023        11                       # EL-    -->  Z2SS   E-                 
      1.32001517E-02    2      1000025        11                       # EL-    -->  Z3SS   E-                 
      2.93234712E-03    2     -1000024        12                       # EL-    -->  W1SS-  NUE                
      9.51611012E-10    3      1000015        11       -15             # EL-    -->  TAU1-  E-     TAU+        
      2.11492912E-09    3     -1000015        11        15             # EL-    -->  TAU1+  E-     TAU-        
      2.13204162E-16    2           11   1000039                       # EL-    -->  E-     GVSS               
#         PDG         Width
DECAY   1000013  1.24431431E+00   # MUL-  decays
#          BR          NDA       ID1     ID2       ID3       ID4
      9.83841598E-01    2      1000022        13                       # MUL-   -->  Z1SS   MU-                
      2.58941291E-05    2      1000023        13                       # MUL-   -->  Z2SS   MU-                
      1.32001517E-02    2      1000025        13                       # MUL-   -->  Z3SS   MU-                
      2.93234712E-03    2     -1000024        14                       # MUL-   -->  W1SS-  NUM                
      9.51611012E-10    3      1000015        13       -15             # MUL-   -->  TAU1-  MU-    TAU+        
      2.11492912E-09    3     -1000015        13        15             # MUL-   -->  TAU1+  MU-    TAU-        
      2.13204162E-16    2           13   1000039                       # MUL-   -->  MU-    GVSS               
#         PDG         Width
#DECAY   1000015  7.67840164E-18   # TAU1- decays
DECAY   1000015  0.000000000000   # TAU1- decays
#          BR          NDA       ID1     ID2       ID3       ID4
#      1.00000000E+00    2           15   1000039                       # TAU1-  -->  TAU-   GVSS               
#         PDG         Width
DECAY   1000012  1.20348990E+00   # NUEL  decays
#          BR          NDA       ID1     ID2       ID3       ID4
      9.93569732E-01    2      1000022        12                       # NUEL   -->  Z1SS   NUE                
      1.45339436E-04    2      1000023        12                       # NUEL   -->  Z2SS   NUE                
      4.05341591E-04    2      1000025        12                       # NUEL   -->  Z3SS   NUE                
      5.87958796E-03    2      1000024        11                       # NUEL   -->  W1SS+  E-                 
      8.81111073E-10    3      1000015        12       -15             # NUEL   -->  TAU1-  NUE    TAU+        
      1.98452010E-09    3     -1000015        12        15             # NUEL   -->  TAU1+  NUE    TAU-        
      1.04217488E-08    3     -1000015        11        16             # NUEL   -->  TAU1+  E-     NUT         
      2.09027972E-16    2           12   1000039                       # NUEL   -->  NUE    GVSS               
#         PDG         Width
DECAY   1000014  1.20348990E+00   # NUML  decays
#          BR          NDA       ID1     ID2       ID3       ID4
      9.93569732E-01    2      1000022        14                       # NUML   -->  Z1SS   NUM                
      1.45339436E-04    2      1000023        14                       # NUML   -->  Z2SS   NUM                
      4.05341591E-04    2      1000025        14                       # NUML   -->  Z3SS   NUM                
      5.87958796E-03    2      1000024        13                       # NUML   -->  W1SS+  MU-                
      8.81111073E-10    3      1000015        14       -15             # NUML   -->  TAU1-  NUM    TAU+        
      1.98452010E-09    3     -1000015        14        15             # NUML   -->  TAU1+  NUM    TAU-        
      1.04217488E-08    3     -1000015        13        16             # NUML   -->  TAU1+  MU-    NUT         
      2.09027972E-16    2           14   1000039                       # NUML   -->  NUM    GVSS               
#         PDG         Width
DECAY   1000016  1.31792688E+00   # NUTL  decays
#          BR          NDA       ID1     ID2       ID3       ID4
      9.04219031E-01    2      1000022        16                       # NUTL   -->  Z1SS   NUT                
      1.31876033E-04    2      1000023        16                       # NUTL   -->  Z2SS   NUT                
      3.67792149E-04    2      1000025        16                       # NUTL   -->  Z3SS   NUT                
      5.94482683E-02    2      1000024        15                       # NUTL   -->  W1SS+  TAU-               
      3.58330235E-02    2           24   1000015                       # NUTL   -->  W+     TAU1-              
      7.98175415E-10    3     -1000015        16        15             # NUTL   -->  TAU1+  NUT    TAU-        
      1.79922843E-09    3      1000015        16       -15             # NUTL   -->  TAU1-  NUT    TAU+        
      1.90142459E-16    2           16   1000039                       # NUTL   -->  NUT    GVSS               
#         PDG         Width
DECAY   2000011  2.25742992E-12   # ER-   decays
#          BR          NDA       ID1     ID2       ID3       ID4
      3.61356705E-01    3      1000015        11       -15             # ER-    -->  TAU1-  E-     TAU+        
      6.38639748E-01    3     -1000015        11        15             # ER-    -->  TAU1+  E-     TAU-        
      1.23318326E-11    3      1000015        12       -16             # ER-    -->  TAU1-  NUE    ANUT        
      3.57078397E-06    2           11   1000039                       # ER-    -->  E-     GVSS               
#         PDG         Width
DECAY   2000013  2.25743100E-12   # MUR-  decays
#          BR          NDA       ID1     ID2       ID3       ID4
      3.61356527E-01    3      1000015        13       -15             # MUR-   -->  TAU1-  MU-    TAU+        
      6.38639390E-01    3     -1000015        13        15             # MUR-   -->  TAU1+  MU-    TAU-        
      5.24937036E-07    3      1000015        14       -16             # MUR-   -->  TAU1-  NUM    ANUT        
      3.57078216E-06    2           13   1000039                       # MUR-   -->  MU-    GVSS               
#         PDG         Width
DECAY   2000015  1.51621151E+00   # TAU2- decays
#          BR          NDA       ID1     ID2       ID3       ID4
      8.04721177E-01    2      1000022        15                       # TAU2-  -->  Z1SS   TAU-               
      3.00270766E-02    2      1000023        15                       # TAU2-  -->  Z2SS   TAU-               
      4.04765904E-02    2      1000025        15                       # TAU2-  -->  Z3SS   TAU-               
      2.33566342E-03    2     -1000024        16                       # TAU2-  -->  W1SS-  NUT                
      1.65975783E-02    2           23   1000015                       # TAU2-  -->  Z0     TAU1-              
      1.05841942E-01    2           25   1000015                       # TAU2-  -->  HL0    TAU1-              
#         PDG         Width
DECAY   1000022  6.76873016E+00   # Z1SS  decays
#          BR          NDA       ID1     ID2       ID3       ID4
      1.64044067E-01    2      2000011       -11                       # Z1SS   -->  ER-    E+                 
      1.64044067E-01    2     -2000011        11                       # Z1SS   -->  ER+    E-                 
      1.64044067E-01    2      2000013       -13                       # Z1SS   -->  MUR-   MU+                
      1.64044067E-01    2     -2000013        13                       # Z1SS   -->  MUR+   MU-                
      1.71911865E-01    2      1000015       -15                       # Z1SS   -->  TAU1-  TAU+               
      1.71911865E-01    2     -1000015        15                       # Z1SS   -->  TAU1+  TAU-               
      4.02400910E-18    2      1000039        22                       # Z1SS   -->  GVSS   GM                 
      1.01835885E-19    3      1000039        11       -11             # Z1SS   -->  GVSS   E-     E+          
      1.23951640E-18    2      1000039        23                       # Z1SS   -->  GVSS   Z0                 
      9.30784015E-21    2      1000039        25                       # Z1SS   -->  GVSS   HL0                
#         PDG         Width
DECAY   1000023  2.17283273E+00   # Z2SS  decays
#          BR          NDA       ID1     ID2       ID3       ID4
      1.39350004E-05    2      1000022        22                       # Z2SS   -->  Z1SS   GM                 
      6.70682967E-01    2      1000022        23                       # Z2SS   -->  Z1SS   Z0                 
      1.67427351E-13    3      1000022         2        -2             # Z2SS   -->  Z1SS   UP     UB          
      4.25458619E-14    3      1000022         1        -1             # Z2SS   -->  Z1SS   DN     DB          
      4.25458619E-14    3      1000022         3        -3             # Z2SS   -->  Z1SS   ST     SB          
      1.67427216E-13    3      1000022         4        -4             # Z2SS   -->  Z1SS   CH     CB          
      3.02312686E-09    3      1000022         5        -5             # Z2SS   -->  Z1SS   BT     BB          
      7.34432740E-12    3      1000022        11       -11             # Z2SS   -->  Z1SS   E-     E+          
      7.34432740E-12    3      1000022        13       -13             # Z2SS   -->  Z1SS   MU-    MU+         
      5.57556312E-09    3      1000022        15       -15             # Z2SS   -->  Z1SS   TAU-   TAU+        
      4.88053070E-11    3      1000022        12       -12             # Z2SS   -->  Z1SS   NUE    ANUE        
      4.88053070E-11    3      1000022        14       -14             # Z2SS   -->  Z1SS   NUM    ANUM        
      4.91457292E-11    3      1000022        16       -16             # Z2SS   -->  Z1SS   NUT    ANUT        
      2.82602608E-01    2      1000022        25                       # Z2SS   -->  Z1SS   HL0                
      3.26992194E-05    2      2000011       -11                       # Z2SS   -->  ER-    E+                 
      3.26992194E-05    2     -2000011        11                       # Z2SS   -->  ER+    E-                 
      3.26992194E-05    2      2000013       -13                       # Z2SS   -->  MUR-   MU+                
      3.26992194E-05    2     -2000013        13                       # Z2SS   -->  MUR+   MU-                
      2.32848562E-02    2      1000015       -15                       # Z2SS   -->  TAU1-  TAU+               
      2.32848562E-02    2     -1000015        15                       # Z2SS   -->  TAU1+  TAU-               
      6.60685208E-23    2      1000039        22                       # Z2SS   -->  GVSS   GM                 
      1.69053641E-24    3      1000039        11       -11             # Z2SS   -->  GVSS   E-     E+          
      7.69763690E-18    2      1000039        23                       # Z2SS   -->  GVSS   Z0                 
      1.14498944E-17    2      1000039        25                       # Z2SS   -->  GVSS   HL0                
#         PDG         Width
DECAY   1000025  2.58559018E-01   # Z3SS  decays
#          BR          NDA       ID1     ID2       ID3       ID4
      8.73806812E-07    2      1000022        22                       # Z3SS   -->  Z1SS   GM                 
      1.72659578E-11    2      1000023        22                       # Z3SS   -->  Z2SS   GM                 
      1.38234515E-02    2      1000022        23                       # Z3SS   -->  Z1SS   Z0                 
      1.51357357E-10    3      1000022         2        -2             # Z3SS   -->  Z1SS   UP     UB          
      9.97402941E-12    3      1000022         1        -1             # Z3SS   -->  Z1SS   DN     DB          
      9.97402941E-12    3      1000022         3        -3             # Z3SS   -->  Z1SS   ST     SB          
      1.51357205E-10    3      1000022         4        -4             # Z3SS   -->  Z1SS   CH     CB          
      2.57006540E-08    3      1000022         5        -5             # Z3SS   -->  Z1SS   BT     BB          
      1.08945297E-08    3      1000022        11       -11             # Z3SS   -->  Z1SS   E-     E+          
      1.08945297E-08    3      1000022        13       -13             # Z3SS   -->  Z1SS   MU-    MU+         
      5.85795839E-08    3      1000022        15       -15             # Z3SS   -->  Z1SS   TAU-   TAU+        
      3.96889521E-10    3      1000022        12       -12             # Z3SS   -->  Z1SS   NUE    ANUE        
      3.96889521E-10    3      1000022        14       -14             # Z3SS   -->  Z1SS   NUM    ANUM        
      3.99719619E-10    3      1000022        16       -16             # Z3SS   -->  Z1SS   NUT    ANUT        
      2.24926658E-02    2      1000022        25                       # Z3SS   -->  Z1SS   HL0                
      9.52281207E-02    2      2000011       -11                       # Z3SS   -->  ER-    E+                 
      9.52281207E-02    2     -2000011        11                       # Z3SS   -->  ER+    E-                 
      9.52281207E-02    2      2000013       -13                       # Z3SS   -->  MUR-   MU+                
      9.52281207E-02    2     -2000013        13                       # Z3SS   -->  MUR+   MU-                
      2.91385204E-01    2      1000015       -15                       # Z3SS   -->  TAU1-  TAU+               
      2.91385204E-01    2     -1000015        15                       # Z3SS   -->  TAU1+  TAU-               
      3.70148104E-18    2      1000039        22                       # Z3SS   -->  GVSS   GM                 
      9.47125808E-20    3      1000039        11       -11             # Z3SS   -->  GVSS   E-     E+          
      9.55836447E-17    2      1000039        23                       # Z3SS   -->  GVSS   Z0                 
      6.36697858E-17    2      1000039        25                       # Z3SS   -->  GVSS   HL0                
#         PDG         Width
DECAY   1000035  4.88343735E+01   # Z4SS  decays
#          BR          NDA       ID1     ID2       ID3       ID4
      4.37165193E-10    2      1000022        22                       # Z4SS   -->  Z1SS   GM                 
      6.56620887E-06    2      1000023        22                       # Z4SS   -->  Z2SS   GM                 
      5.27460653E-09    2      1000025        22                       # Z4SS   -->  Z3SS   GM                 
      1.95813730E-01    2      1000024       -24                       # Z4SS   -->  W1SS+  W-                 
      1.95813730E-01    2     -1000024        24                       # Z4SS   -->  W1SS-  W+                 
      5.01709110E-05    3     -1000037         2        -1             # Z4SS   -->  W2SS-  UP     DB          
      1.67236376E-05    3     -1000037        12       -11             # Z4SS   -->  W2SS-  NUE    E+          
      1.67236376E-05    3     -1000037        14       -13             # Z4SS   -->  W2SS-  NUM    MU+         
      5.01709146E-05    3      1000037         1        -2             # Z4SS   -->  W2SS+  DN     UB          
      1.67236376E-05    3      1000037        11       -12             # Z4SS   -->  W2SS+  E-     ANUE        
      1.67236376E-05    3      1000037        13       -14             # Z4SS   -->  W2SS+  MU-    ANUM        
      5.01709146E-05    3     -1000037         4        -3             # Z4SS   -->  W2SS-  CH     SB          
      1.67236376E-05    3     -1000037        16       -15             # Z4SS   -->  W2SS-  NUT    TAU+        
      5.01709146E-05    3      1000037         3        -4             # Z4SS   -->  W2SS+  ST     CB          
      1.67236376E-05    3      1000037        15       -16             # Z4SS   -->  W2SS+  TAU-   ANUT        
      4.60652445E-05    2      1000022        23                       # Z4SS   -->  Z1SS   Z0                 
      1.60150409E-01    2      1000023        23                       # Z4SS   -->  Z2SS   Z0                 
      5.34686353E-03    2      1000025        23                       # Z4SS   -->  Z3SS   Z0                 
      3.31689449E-08    3      1000022         2        -2             # Z4SS   -->  Z1SS   UP     UB          
      3.55009711E-08    3      1000022         1        -1             # Z4SS   -->  Z1SS   DN     DB          
      3.55009711E-08    3      1000022         3        -3             # Z4SS   -->  Z1SS   ST     SB          
      3.31689449E-08    3      1000022         4        -4             # Z4SS   -->  Z1SS   CH     CB          
      4.61251197E-08    3      1000022         5        -5             # Z4SS   -->  Z1SS   BT     BB          
      1.11746845E-09    3      1000022        15       -15             # Z4SS   -->  Z1SS   TAU-   TAU+        
      1.57060909E-11    3      1000023         2        -2             # Z4SS   -->  Z2SS   UP     UB          
      2.75033746E-11    3      1000023         1        -1             # Z4SS   -->  Z2SS   DN     DB          
      2.75033746E-11    3      1000023         3        -3             # Z4SS   -->  Z2SS   ST     SB          
      1.57060909E-11    3      1000023         4        -4             # Z4SS   -->  Z2SS   CH     CB          
      2.99783011E-07    3      1000023         5        -5             # Z4SS   -->  Z2SS   BT     BB          
      6.84802686E-08    3      1000023        15       -15             # Z4SS   -->  Z2SS   TAU-   TAU+        
      4.84235319E-10    3      1000025         2        -2             # Z4SS   -->  Z3SS   UP     UB          
      5.99473596E-11    3      1000025         1        -1             # Z4SS   -->  Z3SS   DN     DB          
      5.99473596E-11    3      1000025         3        -3             # Z4SS   -->  Z3SS   ST     SB          
      4.84235319E-10    3      1000025         4        -4             # Z4SS   -->  Z3SS   CH     CB          
      3.03701285E-07    3      1000025         5        -5             # Z4SS   -->  Z3SS   BT     BB          
      6.95831233E-08    3      1000025        15       -15             # Z4SS   -->  Z3SS   TAU-   TAU+        
      9.22377221E-04    2      1000022        25                       # Z4SS   -->  Z1SS   HL0                
      1.13997862E-01    2      1000023        25                       # Z4SS   -->  Z2SS   HL0                
      8.91591143E-03    2      1000025        25                       # Z4SS   -->  Z3SS   HL0                
      2.55904887E-02    2      1000011       -11                       # Z4SS   -->  EL-    E+                 
      2.55904887E-02    2     -1000011        11                       # Z4SS   -->  EL+    E-                 
      2.55904887E-02    2      1000013       -13                       # Z4SS   -->  MUL-   MU+                
      2.55904887E-02    2     -1000013        13                       # Z4SS   -->  MUL+   MU-                
      9.34985636E-08    2      2000011       -11                       # Z4SS   -->  ER-    E+                 
      9.34985636E-08    2     -2000011        11                       # Z4SS   -->  ER+    E-                 
      9.34985636E-08    2      2000013       -13                       # Z4SS   -->  MUR-   MU+                
      9.34985636E-08    2     -2000013        13                       # Z4SS   -->  MUR+   MU-                
      1.00164584E-06    2      1000015       -15                       # Z4SS   -->  TAU1-  TAU+               
      1.00164584E-06    2     -1000015        15                       # Z4SS   -->  TAU1+  TAU-               
      2.57559679E-02    2      2000015       -15                       # Z4SS   -->  TAU2-  TAU+               
      2.57559679E-02    2     -2000015        15                       # Z4SS   -->  TAU2+  TAU-               
      2.74244156E-02    2      1000012       -12                       # Z4SS   -->  NUEL   ANUE               
      2.74244156E-02    2     -1000012        12                       # Z4SS   -->  ANUEL  NUE                
      2.74244156E-02    2      1000014       -14                       # Z4SS   -->  NUML   ANUM               
      2.74244156E-02    2     -1000014        14                       # Z4SS   -->  ANUML  NUM                
      2.75552925E-02    2      1000016       -16                       # Z4SS   -->  NUTL   ANUT               
      2.75552925E-02    2     -1000016        16                       # Z4SS   -->  ANUTL  NUT                
      4.14466663E-18    2      1000039        22                       # Z4SS   -->  GVSS   GM                 
      1.09278004E-19    3      1000039        11       -11             # Z4SS   -->  GVSS   E-     E+          
      1.37547836E-17    2      1000039        23                       # Z4SS   -->  GVSS   Z0                 
      8.02751400E-21    2      1000039        25                       # Z4SS   -->  GVSS   HL0                
      1.41820651E-29    2      1000039        35                       # Z4SS   -->  GVSS   HH0                
      5.14554507E-28    2      1000039        36                       # Z4SS   -->  GVSS   HA0                
#         PDG         Width
DECAY   1000024  1.92615914E+00   # W1SS+ decays
#          BR          NDA       ID1     ID2       ID3       ID4
      3.38963081E-12    3      1000022         2        -1             # W1SS+  -->  Z1SS   UP     DB          
      3.38963081E-12    3      1000022         4        -3             # W1SS+  -->  Z1SS   CH     SB          
      3.43272721E-09    3      1000022       -11        12             # W1SS+  -->  Z1SS   E+     NUE         
      3.43272721E-09    3      1000022       -13        14             # W1SS+  -->  Z1SS   MU+    NUM         
      1.77131891E-08    3      1000022       -15        16             # W1SS+  -->  Z1SS   TAU+   NUT         
      9.41062510E-01    2      1000022        24                       # W1SS+  -->  Z1SS   W+                 
      4.53117740E-04    3      1000023         2        -1             # W1SS+  -->  Z2SS   UP     DB          
      4.53117740E-04    3      1000023         4        -3             # W1SS+  -->  Z2SS   CH     SB          
      1.51039319E-04    3      1000023       -11        12             # W1SS+  -->  Z2SS   E+     NUE         
      1.51039319E-04    3      1000023       -13        14             # W1SS+  -->  Z2SS   MU+    NUM         
      1.51039319E-04    3      1000023       -15        16             # W1SS+  -->  Z2SS   TAU+   NUT         
      4.39802709E-04    3      1000025         2        -1             # W1SS+  -->  Z3SS   UP     DB          
      4.39802709E-04    3      1000025         4        -3             # W1SS+  -->  Z3SS   CH     SB          
      1.46601305E-04    3      1000025       -11        12             # W1SS+  -->  Z3SS   E+     NUE         
      1.46601305E-04    3      1000025       -13        14             # W1SS+  -->  Z3SS   MU+    NUM         
      1.46601305E-04    3      1000025       -15        16             # W1SS+  -->  Z3SS   TAU+   NUT         
      5.62586747E-02    2     -1000015        16                       # W1SS+  -->  TAU1+  NUT                
#         PDG         Width
DECAY   1000037  4.41296539E+01   # W2SS+ decays
#          BR          NDA       ID1     ID2       ID3       ID4
      6.54727899E-08    3      1000022         2        -1             # W2SS+  -->  Z1SS   UP     DB          
      6.54727899E-08    3      1000022         4        -3             # W2SS+  -->  Z1SS   CH     SB          
      1.02555753E-09    3      1000022       -15        16             # W2SS+  -->  Z1SS   TAU+   NUT         
      7.84791890E-04    2      1000022        24                       # W2SS+  -->  Z1SS   W+                 
      1.45822208E-11    3      1000023         2        -1             # W2SS+  -->  Z2SS   UP     DB          
      1.45822208E-11    3      1000023         4        -3             # W2SS+  -->  Z2SS   CH     SB          
      6.19049842E-08    3      1000023       -15        16             # W2SS+  -->  Z2SS   TAU+   NUT         
      1.85306937E-01    2      1000023        24                       # W2SS+  -->  Z2SS   W+                 
      1.22056965E-09    3      1000025         2        -1             # W2SS+  -->  Z3SS   UP     DB          
      1.22056965E-09    3      1000025         4        -3             # W2SS+  -->  Z3SS   CH     SB          
      6.15667446E-08    3      1000025       -15        16             # W2SS+  -->  Z3SS   TAU+   NUT         
      1.41168222E-01    2      1000025        24                       # W2SS+  -->  Z3SS   W+                 
      5.41394167E-02    2      1000012       -11                       # W2SS+  -->  NUEL   E+                 
      5.41394167E-02    2      1000014       -13                       # W2SS+  -->  NUML   MU+                
      5.44191413E-02    2      1000016       -15                       # W2SS+  -->  NUTL   TAU+               
      5.03850766E-02    2     -1000011        12                       # W2SS+  -->  EL+    NUE                
      5.03850766E-02    2     -1000013        14                       # W2SS+  -->  MUL+   NUM                
      2.49520781E-06    2     -1000015        16                       # W2SS+  -->  TAU1+  NUT                
      5.07386960E-02    2     -2000015        16                       # W2SS+  -->  TAU2+  NUT                
      1.72162101E-01    2      1000024        23                       # W2SS+  -->  W1SS+  Z0                 
      1.07173659E-09    3      1000024         1        -1             # W2SS+  -->  W1SS+  DN     DB          
      1.07173659E-09    3      1000024         3        -3             # W2SS+  -->  W1SS+  ST     SB          
      5.03327491E-10    3      1000024         2        -2             # W2SS+  -->  W1SS+  UP     UB          
      5.03327491E-10    3      1000024         4        -4             # W2SS+  -->  W1SS+  CH     CB          
      1.86368361E-01    2      1000024        25                       # W2SS+  -->  W1SS+  HL0                
#         PDG         Width
DECAY        25  5.43501182E-03   # HL0   decays
#          BR          NDA       ID1     ID2       ID3       ID4
      3.83526100E-09    2           11       -11                       # HL0    -->  E-     E+                 
      1.61930919E-04    2           13       -13                       # HL0    -->  MU-    MU+                
      4.63209972E-02    2           15       -15                       # HL0    -->  TAU-   TAU+               
      4.80921517E-06    2            1        -1                       # HL0    -->  DN     DB                 
      1.94316404E-03    2            3        -3                       # HL0    -->  ST     SB                 
      7.61717379E-01    2            5        -5                       # HL0    -->  BT     BB                 
      1.53462020E-06    2            2        -2                       # HL0    -->  UP     UB                 
      3.81825790E-02    2            4        -4                       # HL0    -->  CH     CB                 
      1.74296810E-03    2           22        22                       # HL0    -->  GM     GM                 
      3.65923084E-02    2           21        21                       # HL0    -->  GL     GL                 
      5.70979062E-03    3           24        11       -12             # HL0    -->  W+     E-     ANUE        
      5.70979062E-03    3           24        13       -14             # HL0    -->  W+     MU-    ANUM        
      5.70979062E-03    3           24        15       -16             # HL0    -->  W+     TAU-   ANUT        
      1.71293728E-02    3           24        -2         1             # HL0    -->  W+     UB     DN          
      1.71293728E-02    3           24        -4         3             # HL0    -->  W+     CB     ST          
      5.70979062E-03    3          -24       -11        12             # HL0    -->  W-     E+     NUE         
      5.70979062E-03    3          -24       -13        14             # HL0    -->  W-     MU+    NUM         
      5.70979062E-03    3          -24       -15        16             # HL0    -->  W-     TAU+   NUT         
      1.71293728E-02    3          -24         2        -1             # HL0    -->  W-     UP     DB          
      1.71293728E-02    3          -24         4        -3             # HL0    -->  W-     CH     SB          
      7.21931399E-04    3           23        12       -12             # HL0    -->  Z0     NUE    ANUE        
      7.21931399E-04    3           23        14       -14             # HL0    -->  Z0     NUM    ANUM        
      7.21931399E-04    3           23        16       -16             # HL0    -->  Z0     NUT    ANUT        
      3.63340834E-04    3           23        11       -11             # HL0    -->  Z0     E-     E+          
      3.63340834E-04    3           23        13       -13             # HL0    -->  Z0     MU-    MU+         
      3.63340834E-04    3           23        15       -15             # HL0    -->  Z0     TAU-   TAU+        
      1.24477490E-03    3           23         2        -2             # HL0    -->  Z0     UP     UB          
      1.24477490E-03    3           23         4        -4             # HL0    -->  Z0     CH     CB          
      1.60357670E-03    3           23         1        -1             # HL0    -->  Z0     DN     DB          
      1.60357670E-03    3           23         3        -3             # HL0    -->  Z0     ST     SB          
      1.60357670E-03    3           23         5        -5             # HL0    -->  Z0     BT     BB          
#         PDG         Width
DECAY        35  6.78016663E+00   # HH0   decays
#          BR          NDA       ID1     ID2       ID3       ID4
      1.02980611E-08    2           11       -11                       # HH0    -->  E-     E+                 
      4.34802700E-04    2           13       -13                       # HH0    -->  MU-    MU+                
      1.24534026E-01    2           15       -15                       # HH0    -->  TAU-   TAU+               
      1.24866283E-05    2            1        -1                       # HH0    -->  DN     DB                 
      5.04523003E-03    2            3        -3                       # HH0    -->  ST     SB                 
      5.84722698E-01    2            5        -5                       # HH0    -->  BT     BB                 
      4.00617900E-10    2            2        -2                       # HH0    -->  UP     UB                 
      6.46499257E-06    2            4        -4                       # HH0    -->  CH     CB                 
      2.84882665E-01    2            6        -6                       # HH0    -->  TP     TB                 
      2.29802538E-07    2           22        22                       # HH0    -->  GM     GM                 
      2.78254684E-05    2           21        21                       # HH0    -->  GL     GL                 
      6.00629392E-05    2           24       -24                       # HH0    -->  W+     W-                 
      3.08093622E-05    2           23        23                       # HH0    -->  Z0     Z0                 
      2.30054138E-04    2           25        25                       # HH0    -->  HL0    HL0                
      4.33132846E-06    2      2000011  -2000011                       # HH0    -->  ER-    ER+                
      4.32886236E-06    2      2000013  -2000013                       # HH0    -->  MUR-   MUR+               
      3.96245832E-06    2      1000015  -1000015                       # HH0    -->  TAU1-  TAU1+              
#         PDG         Width
DECAY        36  6.74051523E+00   # HA0   decays
#          BR          NDA       ID1     ID2       ID3       ID4
      1.02910969E-08    2           11       -11                       # HA0    -->  E-     E+                 
      4.34508664E-04    2           13       -13                       # HA0    -->  MU-    MU+                
      1.24449894E-01    2           15       -15                       # HA0    -->  TAU-   TAU+               
      1.24787084E-05    2            1        -1                       # HA0    -->  DN     DB                 
      5.04203048E-03    2            3        -3                       # HA0    -->  ST     SB                 
      5.84353149E-01    2            5        -5                       # HA0    -->  BT     BB                 
      3.99279027E-10    2            2        -2                       # HA0    -->  UP     UB                 
      6.44771580E-06    2            4        -4                       # HA0    -->  CH     CB                 
      2.85598397E-01    2            6        -6                       # HA0    -->  TP     TB                 
      3.39365783E-07    2           22        22                       # HA0    -->  GM     GM                 
      4.28117346E-05    2           21        21                       # HA0    -->  GL     GL                 
      5.99055165E-05    2           25        23                       # HA0    -->  HL0    Z0                 
      4.17534674E-09    2      1000015  -1000015                       # HA0    -->  TAU1-  TAU1+              
#         PDG         Width
DECAY        37  6.34322977E+00   # H+    decays
#          BR          NDA       ID1     ID2       ID3       ID4
      1.10097185E-08    2           12       -11                       # H+     -->  NUE    E+                 
      4.64850222E-04    2           14       -13                       # H+     -->  NUM    MU+                
      1.33140177E-01    2           16       -15                       # H+     -->  NUT    TAU+               
      1.23976679E-05    2            2        -1                       # H+     -->  UP     DB                 
      5.01552504E-03    2            4        -3                       # H+     -->  CH     SB                 
      8.61302912E-01    2            6        -5                       # H+     -->  TP     BB                 
      6.41382430E-05    2           25        24                       # H+     -->  HL0    W+                 
