#  ISAJET decay tables in SUSY Les Houches accord format
#  Created by ISALHD. Last revision: C. Balazs, 2005 May 25
Block DCINFO   # Program information
    1             ISASUGRA from ISAJET          # Spectrum Calculator
    2   7.69   21-AUG-2003 11:39:06             # Version number
#  SUSY parameters in Les Houches accord format
Block MODSEL   # Model selection
    1    2   #  Minimal gauge mediated (GMSB) model              
Block MINPAR   # Input parameters
    1    3.900000000E+05   # Lambda
    2    7.800000000E+05   # M_mes
    3    3.000000000E+00   # N_5
    4    1.000000000E+01   # tan(beta
    5    1.000000000E+00   # sgn(mu)
    6    1.740000000E+02   # M_t
    7    1.000000000E+04   # C_grav
Block EXTPAR    # Input parameters - non-minimal models
    8    1.000000000E+00   # Rsl
    9    0.000000000E+00   # dmH_d^2
   10    0.000000000E+00   # dmH_u^2
   11    0.000000000E+00   # d_Y
   12    3.000000000E+00   # N5_1
   13    3.000000000E+00   # N5_2
   14    3.000000000E+00   # N5_3
#  
Block MASS   # Scalar and gaugino mass spectrum
#  PDG code   mass                 particle
         6    1.740000000E+02   #  top            
        25    1.218529816E+02   #  h^0            
        35    3.211734131E+03   #  H^0            
        36    3.190683350E+03   #  A^0            
        37    3.212691895E+03   #  H^+            
   1000001    7.360702148E+03   #  dnl            
   1000002    7.360244629E+03   #  upl            
   1000003    7.360702148E+03   #  stl            
   1000004    7.360245117E+03   #  chl            
   1000005    6.996666016E+03   #  b1             
   1000006    6.538041016E+03   #  t1             
   1000011    2.491943359E+03   #  el-            
   1000012    2.464104736E+03   #  nuel           
   1000013    2.491943359E+03   #  mul-           
   1000014    2.464104736E+03   #  numl           
   1000015    1.218482178E+03   #  tau1           
   1000016    2.462364990E+03   #  nutl           
   1000021    7.573255371E+03   #  glss           
   1000022    1.658396362E+03   #  z1ss           
   1000023    2.072317871E+03   #  z2ss           
   1000024    2.113530029E+03   #  w1ss           
   1000025   -2.073486084E+03   #  z3ss           
   1000035    3.165538330E+03   #  z4ss           
   1000037    3.117596680E+03   #  w2ss           
   2000001    6.985468750E+03   #  dnr            
   2000002    7.020795898E+03   #  upr            
   2000003    6.985468750E+03   #  str            
   2000004    7.020796387E+03   #  chr            
   2000005    7.125433105E+03   #  b2             
   2000006    7.163068848E+03   #  t2             
   2000011    1.229916016E+03   #  er-            
   2000013    1.229916016E+03   #  mur-           
   2000015    2.489702881E+03   #  tau2           
   1000039    7.317914860E-04   # gravitino       
Block ALPHA   # Higgs mixing
    1   -9.988710284E-02   # alpha
Block HMIX Q= 6.711550293E+03   # Higgs parameters
    1    2.040251099E+03   # mu
Block STOPMIX   # stop mixing matrix
  1  1    3.428426385E-02
  1  2   -9.994121194E-01
  2  1    9.994121194E-01
  2  2    3.428426385E-02
Block SBOTMIX   # sbottom mixing matrix
  1  1    3.656104207E-02
  1  2   -9.993314147E-01
  2  1    9.993314147E-01
  2  2    3.656104207E-02
Block STAUMIX   # stau mixing matrix
  1  1    3.973310813E-03
  1  2   -9.999921322E-01
  2  1    9.999921322E-01
  2  2    3.973310813E-03
Block NMIX   # neutralino mixing matrix
  1  1    9.957698584E-01   # N_11
  1  2   -3.551552771E-03   # N_12
  1  3    6.963799149E-02   # N_13
  1  4   -5.983626842E-02   # N_14
  2  1   -9.161167592E-02   # N_21
  2  2   -5.466457829E-02   # N_22
  2  3    7.031066418E-01   # N_23
  2  4   -7.030365467E-01   # N_24
  3  1    6.910381373E-03   # N_31
  3  2   -9.139659815E-03   # N_32
  3  3   -7.069302201E-01   # N_33
  3  4   -7.071906924E-01   # N_34
  4  1    1.410402474E-03   # N_41
  4  2   -9.984566569E-01   # N_42
  4  3   -3.227104619E-02   # N_43
  4  4    4.517701268E-02   # N_44
Block UMIX   # chargino U mixing matrix
  1  1   -4.873314872E-02
  1  2    9.988118410E-01
  2  1   -9.988118410E-01
  2  2   -4.873314872E-02
Block VMIX   # chargino V mixing matrix
  1  1   -6.852512807E-02
  1  2    9.976493716E-01
  2  1   -9.976493716E-01
  2  2   -6.852512807E-02
Block AU Q= 6.711550293E+03   #  The trilinear couplings
  3  3   -2.336297119E+03    7.199401757+165   #
Block AD Q= 6.711550293E+03   #  The trilinear couplings
  3  3   -2.562997314E+03    3.580431530+252   #
Block AE Q= 6.711550293E+03   #  The trilinear couplings
  3  3   -4.206299133E+02    1.456328742E+45   #
Block SPINFO   # Program information
    1                                ISASUGRA   # Spectrum Calculator
    2    ISAJET     V7.69   21-AUG-2003 11:39   # Version number
#         PDG         Width
DECAY         6  1.18783092E+00   # TP    decays
#          BR          NDA       ID1     ID2       ID3       ID4
      3.33333343E-01    3            2        -1         5             # TP     -->  UP     DB     BT          
      3.33333343E-01    3            4        -3         5             # TP     -->  CH     SB     BT          
      1.11111112E-01    3          -11        12         5             # TP     -->  E+     NUE    BT          
      1.11111112E-01    3          -13        14         5             # TP     -->  MU+    NUM    BT          
      1.11111112E-01    3          -15        16         5             # TP     -->  TAU+   NUT    BT          
#         PDG         Width
DECAY   1000021  2.95464382E+01   # GLSS  decays
#          BR          NDA       ID1     ID2       ID3       ID4
      7.51573918E-03    2     -1000002         2                       # GLSS   -->  UBL    UP                 
      7.51573918E-03    2      1000002        -2                       # GLSS   -->  UPL    UB                 
      7.48394756E-03    2     -1000001         1                       # GLSS   -->  DBL    DN                 
      7.48394756E-03    2      1000001        -1                       # GLSS   -->  DNL    DB                 
      4.82834168E-02    2     -2000002         2                       # GLSS   -->  UBR    UP                 
      4.82834168E-02    2      2000002        -2                       # GLSS   -->  UPR    UB                 
      5.43915480E-02    2     -2000001         1                       # GLSS   -->  DBR    DN                 
      5.43915480E-02    2      2000001        -1                       # GLSS   -->  DNR    DB                 
      7.48394476E-03    2     -1000003         3                       # GLSS   -->  SBL    ST                 
      7.48394476E-03    2      1000003        -3                       # GLSS   -->  STL    SB                 
      5.43915443E-02    2     -2000003         3                       # GLSS   -->  SBR    ST                 
      5.43915443E-02    2      2000003        -3                       # GLSS   -->  STR    SB                 
      7.51555944E-03    2     -1000004         4                       # GLSS   -->  CBL    CH                 
      7.51555944E-03    2      1000004        -4                       # GLSS   -->  CHL    CB                 
      4.82832007E-02    2     -2000004         4                       # GLSS   -->  CBR    CH                 
      4.82832007E-02    2      2000004        -4                       # GLSS   -->  CHR    CB                 
      5.23831807E-02    2     -1000005         5                       # GLSS   -->  BB1    BT                 
      5.23831807E-02    2      1000005        -5                       # GLSS   -->  BT1    BB                 
      3.22072431E-02    2     -2000005         5                       # GLSS   -->  BB2    BT                 
      3.22072431E-02    2      2000005        -5                       # GLSS   -->  BT2    BB                 
      1.54629201E-01    2     -1000006         6                       # GLSS   -->  TB1    TP                 
      1.54629201E-01    2      1000006        -6                       # GLSS   -->  TP1    TB                 
      2.54314635E-02    2     -2000006         6                       # GLSS   -->  TB2    TP                 
      2.54314635E-02    2      2000006        -6                       # GLSS   -->  TP2    TB                 
      1.81267359E-15    2      1000039        21                       # GLSS   -->  GVSS   GL                 
#         PDG         Width
DECAY   1000002  6.33077049E+01   # UPL   decays
#          BR          NDA       ID1     ID2       ID3       ID4
      1.41097130E-02    2      1000022         2                       # UPL    -->  Z1SS   UP                 
      2.11784896E-03    2      1000023         2                       # UPL    -->  Z2SS   UP                 
      2.57142965E-05    2      1000025         2                       # UPL    -->  Z3SS   UP                 
      3.23909998E-01    2      1000035         2                       # UPL    -->  Z4SS   UP                 
      3.86927393E-03    2      1000024         1                       # UPL    -->  W1SS+  DN                 
      6.55967474E-01    2      1000037         1                       # UPL    -->  W2SS+  DN                 
#         PDG         Width
DECAY   1000001  6.32892532E+01   # DNL   decays
#          BR          NDA       ID1     ID2       ID3       ID4
      1.52581120E-02    2      1000022         1                       # DNL    -->  Z1SS   DN                 
      5.95535035E-04    2      1000023         1                       # DNL    -->  Z2SS   DN                 
      4.49292675E-05    2      1000025         1                       # DNL    -->  Z3SS   DN                 
      3.24378490E-01    2      1000035         1                       # DNL    -->  Z4SS   DN                 
      1.95768126E-03    2     -1000024         2                       # DNL    -->  W1SS-  UP                 
      6.57765269E-01    2     -1000037         2                       # DNL    -->  W2SS-  UP                 
#         PDG         Width
DECAY   1000003  6.32892532E+01   # STL   decays
#          BR          NDA       ID1     ID2       ID3       ID4
      1.52581120E-02    2      1000022         3                       # STL    -->  Z1SS   ST                 
      5.95535035E-04    2      1000023         3                       # STL    -->  Z2SS   ST                 
      4.49292675E-05    2      1000025         3                       # STL    -->  Z3SS   ST                 
      3.24378490E-01    2      1000035         3                       # STL    -->  Z4SS   ST                 
      1.95768103E-03    2     -1000024         4                       # STL    -->  W1SS-  CH                 
      6.57765269E-01    2     -1000037         4                       # STL    -->  W2SS-  CH                 
#         PDG         Width
DECAY   1000004  6.33077087E+01   # CHL   decays
#          BR          NDA       ID1     ID2       ID3       ID4
      1.41097121E-02    2      1000022         4                       # CHL    -->  Z1SS   CH                 
      2.11784872E-03    2      1000023         4                       # CHL    -->  Z2SS   CH                 
      2.57142965E-05    2      1000025         4                       # CHL    -->  Z3SS   CH                 
      3.23909968E-01    2      1000035         4                       # CHL    -->  Z4SS   CH                 
      3.86927393E-03    2      1000024         3                       # CHL    -->  W1SS+  ST                 
      6.55967474E-01    2      1000037         3                       # CHL    -->  W2SS+  ST                 
#         PDG         Width
DECAY   1000005  6.59386253E+00   # BT1   decays
#          BR          NDA       ID1     ID2       ID3       ID4
      5.32996833E-01    2      1000022         5                       # BT1    -->  Z1SS   BT                 
      1.14252828E-01    2      1000023         5                       # BT1    -->  Z2SS   BT                 
      1.10438339E-01    2      1000025         5                       # BT1    -->  Z3SS   BT                 
      2.31564743E-03    2      1000035         5                       # BT1    -->  Z4SS   BT                 
      2.35297292E-01    2     -1000024         6                       # BT1    -->  W1SS-  TP                 
      4.59573464E-03    2     -1000037         6                       # BT1    -->  W2SS-  TP                 
      1.03327460E-04    2          -24   1000006                       # BT1    -->  W-     TP1                
#         PDG         Width
DECAY   1000006  1.32304459E+02   # TP1   decays
#          BR          NDA       ID1     ID2       ID3       ID4
      9.87820178E-02    2      1000022         6                       # TP1    -->  Z1SS   TP                 
      2.24835321E-01    2      1000023         6                       # TP1    -->  Z2SS   TP                 
      2.26921380E-01    2      1000025         6                       # TP1    -->  Z3SS   TP                 
      1.93412954E-04    2      1000035         6                       # TP1    -->  Z4SS   TP                 
      4.48758304E-01    2      1000024         5                       # TP1    -->  W1SS+  BT                 
      5.09568199E-04    2      1000037         5                       # TP1    -->  W2SS+  BT                 
#         PDG         Width
DECAY   2000002  1.41414728E+01   # UPR   decays
#          BR          NDA       ID1     ID2       ID3       ID4
      9.92104590E-01    2      1000022         2                       # UPR    -->  Z1SS   UP                 
      7.84933381E-03    2      1000023         2                       # UPR    -->  Z2SS   UP                 
      4.46520753E-05    2      1000025         2                       # UPR    -->  Z3SS   UP                 
      1.41707028E-06    2      1000035         2                       # UPR    -->  Z4SS   UP                 
#         PDG         Width
DECAY   2000001  3.51334429E+00   # DNR   decays
#          BR          NDA       ID1     ID2       ID3       ID4
      9.92110372E-01    2      1000022         1                       # DNR    -->  Z1SS   DN                 
      7.84359127E-03    2      1000023         1                       # DNR    -->  Z2SS   DN                 
      4.46193008E-05    2      1000025         1                       # DNR    -->  Z3SS   DN                 
      1.41144585E-06    2      1000035         1                       # DNR    -->  Z4SS   DN                 
#         PDG         Width
DECAY   2000003  3.51334429E+00   # STR   decays
#          BR          NDA       ID1     ID2       ID3       ID4
      9.92110372E-01    2      1000022         3                       # STR    -->  Z1SS   ST                 
      7.84359127E-03    2      1000023         3                       # STR    -->  Z2SS   ST                 
      4.46193008E-05    2      1000025         3                       # STR    -->  Z3SS   ST                 
      1.41144585E-06    2      1000035         3                       # STR    -->  Z4SS   ST                 
#         PDG         Width
DECAY   2000004  1.41414719E+01   # CHR   decays
#          BR          NDA       ID1     ID2       ID3       ID4
      9.92104590E-01    2      1000022         4                       # CHR    -->  Z1SS   CH                 
      7.84933381E-03    2      1000023         4                       # CHR    -->  Z2SS   CH                 
      4.46520789E-05    2      1000025         4                       # CHR    -->  Z3SS   CH                 
      1.41707028E-06    2      1000035         4                       # CHR    -->  Z4SS   CH                 
#         PDG         Width
DECAY   2000005  1.28971344E+02   # BT2   decays
#          BR          NDA       ID1     ID2       ID3       ID4
      7.14127161E-03    2      1000022         5                       # BT2    -->  Z1SS   BT                 
      6.02688128E-03    2      1000023         5                       # BT2    -->  Z2SS   BT                 
      5.87282376E-03    2      1000025         5                       # BT2    -->  Z3SS   BT                 
      1.49331093E-01    2      1000035         5                       # BT2    -->  Z4SS   BT                 
      5.17545462E-01    2     -1000024         6                       # BT2    -->  W1SS-  TP                 
      3.05781752E-01    2     -1000037         6                       # BT2    -->  W2SS-  TP                 
      8.22717231E-03    2          -24   1000006                       # BT2    -->  W-     TP1                
      1.99753104E-05    2           23   1000005                       # BT2    -->  Z0     BT1                
      5.35957442E-05    2           25   1000005                       # BT2    -->  HL0    BT1                
#         PDG         Width
DECAY   2000006  1.31763382E+02   # TP2   decays
#          BR          NDA       ID1     ID2       ID3       ID4
      1.16743324E-02    2      1000024         5                       # TP2    -->  W1SS+  BT                 
      3.00596684E-01    2      1000037         5                       # TP2    -->  W2SS+  BT                 
      4.85993223E-03    2           23   1000006                       # TP2    -->  Z0     TP1                
      1.09832883E-02    2           25   1000006                       # TP2    -->  HL0    TP1                
      1.57474773E-04    2           24   1000005                       # TP2    -->  W+     BT1                
      7.95109011E-03    2      1000022         6                       # TP2    -->  Z1SS   TP                 
      2.56274134E-01    2      1000023         6                       # TP2    -->  Z2SS   TP                 
      2.58149058E-01    2      1000025         6                       # TP2    -->  Z3SS   TP                 
      1.49354011E-01    2      1000035         6                       # TP2    -->  Z4SS   TP                 
#         PDG         Width
DECAY   1000011  9.77488458E-01   # EL-   decays
#          BR          NDA       ID1     ID2       ID3       ID4
      9.84698296E-01    2      1000022        11                       # EL-    -->  Z1SS   E-                 
      1.12580666E-02    2      1000023        11                       # EL-    -->  Z2SS   E-                 
      2.89793807E-05    2      1000025        11                       # EL-    -->  Z3SS   E-                 
      4.01463686E-03    2     -1000024        12                       # EL-    -->  W1SS-  NUE                
      1.49600587E-09    3      1000015        11       -15             # EL-    -->  TAU1-  E-     TAU+        
      2.52537746E-09    3     -1000015        11        15             # EL-    -->  TAU1+  E-     TAU-        
      2.11344461E-16    2           11   1000039                       # EL-    -->  E-     GVSS               
#         PDG         Width
DECAY   1000013  9.77488458E-01   # MUL-  decays
#          BR          NDA       ID1     ID2       ID3       ID4
      9.84698296E-01    2      1000022        13                       # MUL-   -->  Z1SS   MU-                
      1.12580676E-02    2      1000023        13                       # MUL-   -->  Z2SS   MU-                
      2.89793807E-05    2      1000025        13                       # MUL-   -->  Z3SS   MU-                
      4.01463686E-03    2     -1000024        14                       # MUL-   -->  W1SS-  NUM                
      1.49600587E-09    3      1000015        13       -15             # MUL-   -->  TAU1-  MU-    TAU+        
      2.52537746E-09    3     -1000015        13        15             # MUL-   -->  TAU1+  MU-    TAU-        
      2.11344461E-16    2           13   1000039                       # MUL-   -->  MU-    GVSS               
#         PDG         Width
#DECAY   1000015  5.77436091E-18   # TAU1- decays
DECAY   1000015  0.000000000000   # TAU1- decays
#          BR          NDA       ID1     ID2       ID3       ID4
#      1.00000000E+00    2           15   1000039                       # TAU1-  -->  TAU-   GVSS               
#         PDG         Width
DECAY   1000012  9.48804379E-01   # NUEL  decays
#          BR          NDA       ID1     ID2       ID3       ID4
      9.92654800E-01    2      1000022        12                       # NUEL   -->  Z1SS   NUE                
      1.74227916E-05    2      1000023        12                       # NUEL   -->  Z2SS   NUE                
      1.55930873E-04    2      1000025        12                       # NUEL   -->  Z3SS   NUE                
      7.17184693E-03    2      1000024        11                       # NUEL   -->  W1SS+  E-                 
      1.38035494E-09    3      1000015        12       -15             # NUEL   -->  TAU1-  NUE    TAU+        
      2.35045450E-09    3     -1000015        12        15             # NUEL   -->  TAU1+  NUE    TAU-        
      1.23054145E-08    3     -1000015        11        16             # NUEL   -->  TAU1+  E-     NUT         
      2.05840494E-16    2           12   1000039                       # NUEL   -->  NUE    GVSS               
#         PDG         Width
DECAY   1000014  9.48804379E-01   # NUML  decays
#          BR          NDA       ID1     ID2       ID3       ID4
      9.92654800E-01    2      1000022        14                       # NUML   -->  Z1SS   NUM                
      1.74227916E-05    2      1000023        14                       # NUML   -->  Z2SS   NUM                
      1.55930873E-04    2      1000025        14                       # NUML   -->  Z3SS   NUM                
      7.17184646E-03    2      1000024        13                       # NUML   -->  W1SS+  MU-                
      1.38035494E-09    3      1000015        14       -15             # NUML   -->  TAU1-  NUM    TAU+        
      2.35045450E-09    3     -1000015        14        15             # NUML   -->  TAU1+  NUM    TAU-        
      1.23054145E-08    3     -1000015        13        16             # NUML   -->  TAU1+  MU-    NUT         
      2.05840494E-16    2           14   1000039                       # NUML   -->  NUM    GVSS               
#         PDG         Width
DECAY   1000016  1.04301250E+00   # NUTL  decays
#          BR          NDA       ID1     ID2       ID3       ID4
      9.00246441E-01    2      1000022        16                       # NUTL   -->  Z1SS   NUT                
      1.57299128E-05    2      1000023        16                       # NUTL   -->  Z2SS   NUT                
      1.40776174E-04    2      1000025        16                       # NUTL   -->  Z3SS   NUT                
      3.67113948E-02    2      1000024        15                       # NUTL   -->  W1SS+  TAU-               
      6.28856719E-02    2           24   1000015                       # NUTL   -->  W+     TAU1-              
      1.24697053E-09    3     -1000015        16        15             # NUTL   -->  TAU1+  NUT    TAU-        
      2.12410511E-09    3      1000015        16       -15             # NUTL   -->  TAU1-  NUT    TAU+        
      1.86588243E-16    2           16   1000039                       # NUTL   -->  NUT    GVSS               
#         PDG         Width
DECAY   2000011  1.35750829E-12   # ER-   decays
#          BR          NDA       ID1     ID2       ID3       ID4
      3.52845103E-01    3      1000015        11       -15             # ER-    -->  TAU1-  E-     TAU+        
      6.47150457E-01    3     -1000015        11        15             # ER-    -->  TAU1+  E-     TAU-        
      8.32624681E-12    3      1000015        12       -16             # ER-    -->  TAU1-  NUE    ANUT        
      4.45704018E-06    2           11   1000039                       # ER-    -->  E-     GVSS               
#         PDG         Width
DECAY   2000013  1.35750872E-12   # MUR-  decays
#          BR          NDA       ID1     ID2       ID3       ID4
      3.52844954E-01    3      1000015        13       -15             # MUR-   -->  TAU1-  MU-    TAU+        
      6.47150218E-01    3     -1000015        13        15             # MUR-   -->  TAU1+  MU-    TAU-        
      3.54419257E-07    3      1000015        14       -16             # MUR-   -->  TAU1-  NUM    ANUT        
      4.45703790E-06    2           13   1000039                       # MUR-   -->  MU-    GVSS               
#         PDG         Width
DECAY   2000015  1.18786132E+00   # TAU2- decays
#          BR          NDA       ID1     ID2       ID3       ID4
      8.07760358E-01    2      1000022        15                       # TAU2-  -->  Z1SS   TAU-               
      2.72713788E-02    2      1000023        15                       # TAU2-  -->  Z2SS   TAU-               
      1.83296744E-02    2      1000025        15                       # TAU2-  -->  Z3SS   TAU-               
      3.19150975E-03    2     -1000024        16                       # TAU2-  -->  W1SS-  NUT                
      2.94849779E-02    2           23   1000015                       # TAU2-  -->  Z0     TAU1-              
      1.13962099E-01    2           25   1000015                       # TAU2-  -->  HL0    TAU1-              
#         PDG         Width
DECAY   1000022  5.15874767E+00   # Z1SS  decays
#          BR          NDA       ID1     ID2       ID3       ID4
      1.64144978E-01    2      2000011       -11                       # Z1SS   -->  ER-    E+                 
      1.64144978E-01    2     -2000011        11                       # Z1SS   -->  ER+    E-                 
      1.64144978E-01    2      2000013       -13                       # Z1SS   -->  MUR-   MU+                
      1.64144978E-01    2     -2000013        13                       # Z1SS   -->  MUR+   MU-                
      1.71710059E-01    2      1000015       -15                       # Z1SS   -->  TAU1-  TAU+               
      1.71710059E-01    2     -1000015        15                       # Z1SS   -->  TAU1+  TAU-               
      3.96537192E-18    2      1000039        22                       # Z1SS   -->  GVSS   GM                 
      9.85630290E-20    3      1000039        11       -11             # Z1SS   -->  GVSS   E-     E+          
      1.21498977E-18    2      1000039        23                       # Z1SS   -->  GVSS   Z0                 
      7.07524413E-21    2      1000039        25                       # Z1SS   -->  GVSS   HL0                
#         PDG         Width
DECAY   1000023  1.07326913E+00   # Z2SS  decays
#          BR          NDA       ID1     ID2       ID3       ID4
      5.19812993E-08    2      1000022        22                       # Z2SS   -->  Z1SS   GM                 
      6.46211440E-03    2      1000022        23                       # Z2SS   -->  Z1SS   Z0                 
      2.67597722E-10    3      1000022         2        -2             # Z2SS   -->  Z1SS   UP     UB          
      2.04723946E-11    3      1000022         1        -1             # Z2SS   -->  Z1SS   DN     DB          
      2.04723946E-11    3      1000022         3        -3             # Z2SS   -->  Z1SS   ST     SB          
      2.67597638E-10    3      1000022         4        -4             # Z2SS   -->  Z1SS   CH     CB          
      1.28885240E-08    3      1000022         5        -5             # Z2SS   -->  Z1SS   BT     BB          
      3.34860530E-08    3      1000022        11       -11             # Z2SS   -->  Z1SS   E-     E+          
      3.34860530E-08    3      1000022        13       -13             # Z2SS   -->  Z1SS   MU-    MU+         
      7.16778317E-08    3      1000022        15       -15             # Z2SS   -->  Z1SS   TAU-   TAU+        
      6.45331844E-11    3      1000022        12       -12             # Z2SS   -->  Z1SS   NUE    ANUE        
      6.45331844E-11    3      1000022        14       -14             # Z2SS   -->  Z1SS   NUM    ANUM        
      6.49780577E-11    3      1000022        16       -16             # Z2SS   -->  Z1SS   NUT    ANUT        
      8.13301206E-01    2      1000022        25                       # Z2SS   -->  Z1SS   HL0                
      1.72920674E-02    2      2000011       -11                       # Z2SS   -->  ER-    E+                 
      1.72920674E-02    2     -2000011        11                       # Z2SS   -->  ER+    E-                 
      1.72920674E-02    2      2000013       -13                       # Z2SS   -->  MUR-   MU+                
      1.72920674E-02    2     -2000013        13                       # Z2SS   -->  MUR+   MU-                
      5.55340908E-02    2      1000015       -15                       # Z2SS   -->  TAU1-  TAU+               
      5.55340908E-02    2     -1000015        15                       # Z2SS   -->  TAU1+  TAU-               
      8.70195142E-19    2      1000039        22                       # Z2SS   -->  GVSS   GM                 
      2.19509646E-20    3      1000039        11       -11             # Z2SS   -->  GVSS   E-     E+          
      2.24925149E-17    2      1000039        23                       # Z2SS   -->  GVSS   Z0                 
      1.49560227E-17    2      1000039        25                       # Z2SS   -->  GVSS   HL0                
#         PDG         Width
DECAY   1000025  1.16067672E+00   # Z3SS  decays
#          BR          NDA       ID1     ID2       ID3       ID4
      2.78896266E-07    2      1000022        22                       # Z3SS   -->  Z1SS   GM                 
      5.02069740E-13    2      1000023        22                       # Z3SS   -->  Z2SS   GM                 
      9.22483265E-01    2      1000022        23                       # Z3SS   -->  Z1SS   Z0                 
      5.11984064E-13    3      1000022         2        -2             # Z3SS   -->  Z1SS   UP     UB          
      1.31700857E-13    3      1000022         1        -1             # Z3SS   -->  Z1SS   DN     DB          
      1.31700857E-13    3      1000022         3        -3             # Z3SS   -->  Z1SS   ST     SB          
      5.11983847E-13    3      1000022         4        -4             # Z3SS   -->  Z1SS   CH     CB          
      1.23922090E-08    3      1000022         5        -5             # Z3SS   -->  Z1SS   BT     BB          
      2.90182149E-11    3      1000022        11       -11             # Z3SS   -->  Z1SS   E-     E+          
      2.90182149E-11    3      1000022        13       -13             # Z3SS   -->  Z1SS   MU-    MU+         
      3.53791201E-08    3      1000022        15       -15             # Z3SS   -->  Z1SS   TAU-   TAU+        
      1.95435168E-10    3      1000022        12       -12             # Z3SS   -->  Z1SS   NUE    ANUE        
      1.95435168E-10    3      1000022        14       -14             # Z3SS   -->  Z1SS   NUM    ANUM        
      1.96844818E-10    3      1000022        16       -16             # Z3SS   -->  Z1SS   NUT    ANUT        
      2.87071416E-20    3      1000023         2        -2             # Z3SS   -->  Z2SS   UP     UB          
      5.51734251E-20    3      1000023        12       -12             # Z3SS   -->  Z2SS   NUE    ANUE        
      5.51734251E-20    3      1000023        14       -14             # Z3SS   -->  Z2SS   NUM    ANUM        
      5.54411408E-20    3      1000023        16       -16             # Z3SS   -->  Z2SS   NUT    ANUT        
      5.79463225E-03    2      1000022        25                       # Z3SS   -->  Z1SS   HL0                
      9.11429888E-05    2      2000011       -11                       # Z3SS   -->  ER-    E+                 
      9.11429888E-05    2     -2000011        11                       # Z3SS   -->  ER+    E-                 
      9.11429888E-05    2      2000013       -13                       # Z3SS   -->  MUR-   MU+                
      9.11429888E-05    2     -2000013        13                       # Z3SS   -->  MUR+   MU-                
      3.56785916E-02    2      1000015       -15                       # Z3SS   -->  TAU1-  TAU+               
      3.56785916E-02    2     -1000015        15                       # Z3SS   -->  TAU1+  TAU-               
      1.94144778E-22    2      1000039        22                       # Z3SS   -->  GVSS   GM                 
      4.89754866E-24    3      1000039        11       -11             # Z3SS   -->  GVSS   E-     E+          
      1.41372413E-17    2      1000039        23                       # Z3SS   -->  GVSS   Z0                 
      2.09811467E-17    2      1000039        25                       # Z3SS   -->  GVSS   HL0                
#         PDG         Width
DECAY   1000035  3.82119102E+01   # Z4SS  decays
#          BR          NDA       ID1     ID2       ID3       ID4
      1.55736063E-10    2      1000022        22                       # Z4SS   -->  Z1SS   GM                 
      1.88841682E-07    2      1000023        22                       # Z4SS   -->  Z2SS   GM                 
      3.43579046E-07    2      1000025        22                       # Z4SS   -->  Z3SS   GM                 
      1.82926804E-01    2      1000024       -24                       # Z4SS   -->  W1SS+  W-                 
      1.82926804E-01    2     -1000024        24                       # Z4SS   -->  W1SS-  W+                 
      1.41304254E-05    3     -1000037         2        -1             # Z4SS   -->  W2SS-  UP     DB          
      4.71014209E-06    3     -1000037        12       -11             # Z4SS   -->  W2SS-  NUE    E+          
      4.71014209E-06    3     -1000037        14       -13             # Z4SS   -->  W2SS-  NUM    MU+         
      1.41304272E-05    3      1000037         1        -2             # Z4SS   -->  W2SS+  DN     UB          
      4.71014209E-06    3      1000037        11       -12             # Z4SS   -->  W2SS+  E-     ANUE        
      4.71014209E-06    3      1000037        13       -14             # Z4SS   -->  W2SS+  MU-    ANUM        
      1.41304272E-05    3     -1000037         4        -3             # Z4SS   -->  W2SS-  CH     SB          
      4.71014209E-06    3     -1000037        16       -15             # Z4SS   -->  W2SS-  NUT    TAU+        
      1.41304272E-05    3      1000037         3        -4             # Z4SS   -->  W2SS+  ST     CB          
      4.71014209E-06    3      1000037        15       -16             # Z4SS   -->  W2SS+  TAU-   ANUT        
      2.18364767E-05    2      1000022        23                       # Z4SS   -->  Z1SS   Z0                 
      4.24391078E-03    2      1000023        23                       # Z4SS   -->  Z2SS   Z0                 
      1.51237264E-01    2      1000025        23                       # Z4SS   -->  Z3SS   Z0                 
      3.12025001E-08    3      1000022         2        -2             # Z4SS   -->  Z1SS   UP     UB          
      3.37544996E-08    3      1000022         1        -1             # Z4SS   -->  Z1SS   DN     DB          
      3.37544996E-08    3      1000022         3        -3             # Z4SS   -->  Z1SS   ST     SB          
      3.12024930E-08    3      1000022         4        -4             # Z4SS   -->  Z1SS   CH     CB          
      4.24946229E-08    3      1000022         5        -5             # Z4SS   -->  Z1SS   BT     BB          
      6.57066401E-10    3      1000022        15       -15             # Z4SS   -->  Z1SS   TAU-   TAU+        
      1.38545875E-09    3      1000023         2        -2             # Z4SS   -->  Z2SS   UP     UB          
      3.89733884E-10    3      1000023         1        -1             # Z4SS   -->  Z2SS   DN     DB          
      3.89733884E-10    3      1000023         3        -3             # Z4SS   -->  Z2SS   ST     SB          
      1.38545819E-09    3      1000023         4        -4             # Z4SS   -->  Z2SS   CH     CB          
      1.36928435E-07    3      1000023         5        -5             # Z4SS   -->  Z2SS   BT     BB          
      2.57661874E-08    3      1000023        15       -15             # Z4SS   -->  Z2SS   TAU-   TAU+        
      5.92755445E-12    3      1000025         2        -2             # Z4SS   -->  Z3SS   UP     UB          
      1.03607704E-11    3      1000025         1        -1             # Z4SS   -->  Z3SS   DN     DB          
      1.03607704E-11    3      1000025         3        -3             # Z4SS   -->  Z3SS   ST     SB          
      5.92755272E-12    3      1000025         4        -4             # Z4SS   -->  Z3SS   CH     CB          
      1.40807472E-07    3      1000025         5        -5             # Z4SS   -->  Z3SS   BT     BB          
      2.66824660E-08    3      1000025        15       -15             # Z4SS   -->  Z3SS   TAU-   TAU+        
      4.65629360E-04    2      1000022        25                       # Z4SS   -->  Z1SS   HL0                
      1.60111517E-01    2      1000023        25                       # Z4SS   -->  Z2SS   HL0                
      4.64364653E-03    2      1000025        25                       # Z4SS   -->  Z3SS   HL0                
      2.50997040E-02    2      1000011       -11                       # Z4SS   -->  EL-    E+                 
      2.50997040E-02    2     -1000011        11                       # Z4SS   -->  EL+    E-                 
      2.50997040E-02    2      1000013       -13                       # Z4SS   -->  MUL-   MU+                
      2.50997040E-02    2     -1000013        13                       # Z4SS   -->  MUL+   MU-                
      3.02108106E-07    2      2000011       -11                       # Z4SS   -->  ER-    E+                 
      3.02108106E-07    2     -2000011        11                       # Z4SS   -->  ER+    E-                 
      3.02108106E-07    2      2000013       -13                       # Z4SS   -->  MUR-   MU+                
      3.02108106E-07    2     -2000013        13                       # Z4SS   -->  MUR+   MU-                
      1.29903071E-06    2      1000015       -15                       # Z4SS   -->  TAU1-  TAU+               
      1.29903071E-06    2     -1000015        15                       # Z4SS   -->  TAU1+  TAU-               
      2.52479985E-02    2      2000015       -15                       # Z4SS   -->  TAU2-  TAU+               
      2.52479985E-02    2     -2000015        15                       # Z4SS   -->  TAU2+  TAU-               
      2.70338636E-02    2      1000012       -12                       # Z4SS   -->  NUEL   ANUE               
      2.70338636E-02    2     -1000012        12                       # Z4SS   -->  ANUEL  NUE                
      2.70338636E-02    2      1000014       -14                       # Z4SS   -->  NUML   ANUM               
      2.70338636E-02    2     -1000014        14                       # Z4SS   -->  ANUML  NUM                
      2.71513443E-02    2      1000016       -16                       # Z4SS   -->  NUTL   ANUT               
      2.71513443E-02    2     -1000016        16                       # Z4SS   -->  ANUTL  NUT                
      4.11492700E-18    2      1000039        22                       # Z4SS   -->  GVSS   GM                 
      1.06690583E-19    3      1000039        11       -11             # Z4SS   -->  GVSS   E-     E+          
      1.36886182E-17    2      1000039        23                       # Z4SS   -->  GVSS   Z0                 
      1.54817208E-20    2      1000039        25                       # Z4SS   -->  GVSS   HL0                
#         PDG         Width
DECAY   1000024  1.49923337E+00   # W1SS+ decays
#          BR          NDA       ID1     ID2       ID3       ID4
      2.21774231E-11    3      1000022         2        -1             # W1SS+  -->  Z1SS   UP     DB          
      2.21774179E-11    3      1000022         4        -3             # W1SS+  -->  Z1SS   CH     SB          
      2.75631766E-08    3      1000022       -11        12             # W1SS+  -->  Z1SS   E+     NUE         
      2.75631766E-08    3      1000022       -13        14             # W1SS+  -->  Z1SS   MU+    NUM         
      8.08843126E-08    3      1000022       -15        16             # W1SS+  -->  Z1SS   TAU+   NUT         
      9.41304326E-01    2      1000022        24                       # W1SS+  -->  Z1SS   W+                 
      3.92164475E-05    3      1000023         2        -1             # W1SS+  -->  Z2SS   UP     DB          
      3.92164475E-05    3      1000023         4        -3             # W1SS+  -->  Z2SS   CH     SB          
      1.30723693E-05    3      1000023       -11        12             # W1SS+  -->  Z2SS   E+     NUE         
      1.30723693E-05    3      1000023       -13        14             # W1SS+  -->  Z2SS   MU+    NUM         
      1.30723656E-05    3      1000023       -15        16             # W1SS+  -->  Z2SS   TAU+   NUT         
      3.35977602E-05    3      1000025         2        -1             # W1SS+  -->  Z3SS   UP     DB          
      3.35977602E-05    3      1000025         4        -3             # W1SS+  -->  Z3SS   CH     SB          
      1.11992786E-05    3      1000025       -11        12             # W1SS+  -->  Z3SS   E+     NUE         
      1.11992786E-05    3      1000025       -13        14             # W1SS+  -->  Z3SS   MU+    NUM         
      1.11992777E-05    3      1000025       -15        16             # W1SS+  -->  Z3SS   TAU+   NUT         
      5.84771112E-02    2     -1000015        16                       # W1SS+  -->  TAU1+  NUT                
#         PDG         Width
DECAY   1000037  3.26703949E+01   # W2SS+ decays
#          BR          NDA       ID1     ID2       ID3       ID4
      6.54780052E-08    3      1000022         2        -1             # W2SS+  -->  Z1SS   UP     DB          
      6.54780052E-08    3      1000022         4        -3             # W2SS+  -->  Z1SS   CH     SB          
      6.28743557E-10    3      1000022       -15        16             # W2SS+  -->  Z1SS   TAU+   NUT         
      3.83969076E-04    2      1000022        24                       # W2SS+  -->  Z1SS   W+                 
      6.86508905E-10    3      1000023         2        -1             # W2SS+  -->  Z2SS   UP     DB          
      6.86508683E-10    3      1000023         4        -3             # W2SS+  -->  Z2SS   CH     SB          
      2.44408884E-08    3      1000023       -15        16             # W2SS+  -->  Z2SS   TAU+   NUT         
      1.39684066E-01    2      1000023        24                       # W2SS+  -->  Z2SS   W+                 
      4.30986462E-11    3      1000025         2        -1             # W2SS+  -->  Z3SS   UP     DB          
      4.30986392E-11    3      1000025         4        -3             # W2SS+  -->  Z3SS   CH     SB          
      2.43207960E-08    3      1000025       -15        16             # W2SS+  -->  Z3SS   TAU+   NUT         
      1.82096854E-01    2      1000025        24                       # W2SS+  -->  Z3SS   W+                 
      5.63076586E-02    2      1000012       -11                       # W2SS+  -->  NUEL   E+                 
      5.63076586E-02    2      1000014       -13                       # W2SS+  -->  NUML   MU+                
      5.65729029E-02    2      1000016       -15                       # W2SS+  -->  NUTL   TAU+               
      5.22501171E-02    2     -1000011        12                       # W2SS+  -->  EL+    NUE                
      5.22501171E-02    2     -1000013        14                       # W2SS+  -->  MUL+   NUM                
      3.09577695E-06    2     -1000015        16                       # W2SS+  -->  TAU1+  NUT                
      5.25851771E-02    2     -2000015        16                       # W2SS+  -->  TAU2+  NUT                
      1.68031409E-01    2      1000024        23                       # W2SS+  -->  W1SS+  Z0                 
      1.37530909E-09    3      1000024         1        -1             # W2SS+  -->  W1SS+  DN     DB          
      1.37530876E-09    3      1000024         3        -3             # W2SS+  -->  W1SS+  ST     SB          
      6.97006841E-10    3      1000024         2        -2             # W2SS+  -->  W1SS+  UP     UB          
      6.97006841E-10    3      1000024         4        -4             # W2SS+  -->  W1SS+  CH     CB          
      1.83526784E-01    2      1000024        25                       # W2SS+  -->  W1SS+  HL0                
#         PDG         Width
DECAY        25  5.38911764E-03   # HL0   decays
#          BR          NDA       ID1     ID2       ID3       ID4
      3.85928534E-09    2           11       -11                       # HL0    -->  E-     E+                 
      1.62945274E-04    2           13       -13                       # HL0    -->  MU-    MU+                
      4.66106944E-02    2           15       -15                       # HL0    -->  TAU-   TAU+               
      4.83962094E-06    2            1        -1                       # HL0    -->  DN     DB                 
      1.95544958E-03    2            3        -3                       # HL0    -->  ST     SB                 
      7.66954601E-01    2            5        -5                       # HL0    -->  BT     BB                 
      1.54171141E-06    2            2        -2                       # HL0    -->  UP     UB                 
      3.83816734E-02    2            4        -4                       # HL0    -->  CH     CB                 
      1.73097430E-03    2           22        22                       # HL0    -->  GM     GM                 
      3.63692343E-02    2           21        21                       # HL0    -->  GL     GL                 
      5.44057740E-03    3           24        11       -12             # HL0    -->  W+     E-     ANUE        
      5.44057740E-03    3           24        13       -14             # HL0    -->  W+     MU-    ANUM        
      5.44057740E-03    3           24        15       -16             # HL0    -->  W+     TAU-   ANUT        
      1.63217317E-02    3           24        -2         1             # HL0    -->  W+     UB     DN          
      1.63217317E-02    3           24        -4         3             # HL0    -->  W+     CB     ST          
      5.44057740E-03    3          -24       -11        12             # HL0    -->  W-     E+     NUE         
      5.44057740E-03    3          -24       -13        14             # HL0    -->  W-     MU+    NUM         
      5.44057740E-03    3          -24       -15        16             # HL0    -->  W-     TAU+   NUT         
      1.63217317E-02    3          -24         2        -1             # HL0    -->  W-     UP     DB          
      1.63217317E-02    3          -24         4        -3             # HL0    -->  W-     CH     SB          
      6.76901487E-04    3           23        12       -12             # HL0    -->  Z0     NUE    ANUE        
      6.76901487E-04    3           23        14       -14             # HL0    -->  Z0     NUM    ANUM        
      6.76901487E-04    3           23        16       -16             # HL0    -->  Z0     NUT    ANUT        
      3.40677710E-04    3           23        11       -11             # HL0    -->  Z0     E-     E+          
      3.40677710E-04    3           23        13       -13             # HL0    -->  Z0     MU-    MU+         
      3.40677710E-04    3           23        15       -15             # HL0    -->  Z0     TAU-   TAU+        
      1.16713298E-03    3           23         2        -2             # HL0    -->  Z0     UP     UB          
      1.16713298E-03    3           23         4        -4             # HL0    -->  Z0     CH     CB          
      1.50355475E-03    3           23         1        -1             # HL0    -->  Z0     DN     DB          
      1.50355475E-03    3           23         3        -3             # HL0    -->  Z0     ST     SB          
      1.50355475E-03    3           23         5        -5             # HL0    -->  Z0     BT     BB          
#         PDG         Width
DECAY        35  5.43857098E+00   # HH0   decays
#          BR          NDA       ID1     ID2       ID3       ID4
      1.00352624E-08    2           11       -11                       # HH0    -->  E-     E+                 
      4.23706864E-04    2           13       -13                       # HH0    -->  MU-    MU+                
      1.21355921E-01    2           15       -15                       # HH0    -->  TAU-   TAU+               
      1.21875692E-05    2            1        -1                       # HH0    -->  DN     DB                 
      4.92439605E-03    2            3        -3                       # HH0    -->  ST     SB                 
      5.88378370E-01    2            5        -5                       # HH0    -->  BT     BB                 
      3.91685767E-10    2            2        -2                       # HH0    -->  UP     UB                 
      6.48415926E-06    2            4        -4                       # HH0    -->  CH     CB                 
      2.84341156E-01    2            6        -6                       # HH0    -->  TP     TB                 
      2.89771975E-07    2           22        22                       # HH0    -->  GM     GM                 
      3.66680870E-05    2           21        21                       # HH0    -->  GL     GL                 
      9.41993858E-05    2           24       -24                       # HH0    -->  W+     W-                 
      4.82995456E-05    2           23        23                       # HH0    -->  Z0     Z0                 
      3.57240613E-04    2           25        25                       # HH0    -->  HL0    HL0                
      7.18754200E-06    2      2000011  -2000011                       # HH0    -->  ER-    ER+                
      7.18345063E-06    2      2000013  -2000013                       # HH0    -->  MUR-   MUR+               
      6.68081702E-06    2      1000015  -1000015                       # HH0    -->  TAU1-  TAU1+              
#         PDG         Width
DECAY        36  5.40889883E+00   # HA0   decays
#          BR          NDA       ID1     ID2       ID3       ID4
      1.00246176E-08    2           11       -11                       # HA0    -->  E-     E+                 
      4.23257443E-04    2           13       -13                       # HA0    -->  MU-    MU+                
      1.21227339E-01    2           15       -15                       # HA0    -->  TAU-   TAU+               
      1.21751755E-05    2            1        -1                       # HA0    -->  DN     DB                 
      4.91938833E-03    2            3        -3                       # HA0    -->  ST     SB                 
      5.87782323E-01    2            5        -5                       # HA0    -->  BT     BB                 
      3.89566823E-10    2            2        -2                       # HA0    -->  UP     UB                 
      6.45352702E-06    2            4        -4                       # HA0    -->  CH     CB                 
      2.85477549E-01    2            6        -6                       # HA0    -->  TP     TB                 
      4.31586045E-07    2           22        22                       # HA0    -->  GM     GM                 
      5.72701283E-05    2           21        21                       # HA0    -->  GL     GL                 
      9.38026642E-05    2           25        23                       # HA0    -->  HL0    Z0                 
      1.13863008E-08    2      1000015  -1000015                       # HA0    -->  TAU1-  TAU1+              
#         PDG         Width
DECAY        37  5.07335329E+00   # H+    decays
#          BR          NDA       ID1     ID2       ID3       ID4
      1.07613545E-08    2           12       -11                       # H+     -->  NUE    E+                 
      4.54363762E-04    2           14       -13                       # H+     -->  NUM    MU+                
      1.30136669E-01    2           16       -15                       # H+     -->  NUT    TAU+               
      1.21179928E-05    2            2        -1                       # H+     -->  UP     DB                 
      4.90254210E-03    2            4        -3                       # H+     -->  CH     SB                 
      8.64393473E-01    2            6        -5                       # H+     -->  TP     BB                 
      1.00824080E-04    2           25        24                       # H+     -->  HL0    W+                 
