#  ISAJET decay tables in SUSY Les Houches accord format
#  Created by ISALHD. Last revision: C. Balazs, 2005 May 25
Block DCINFO   # Program information
    1             ISASUGRA from ISAJET          # Spectrum Calculator
    2   7.69   21-AUG-2003 11:39:06             # Version number
#  SUSY parameters in Les Houches accord format
Block MODSEL   # Model selection
    1    2   #  Minimal gauge mediated (GMSB) model              
Block MINPAR   # Input parameters
    1    2.000000000E+05   # Lambda
    2    4.000000000E+05   # M_mes
    3    3.000000000E+00   # N_5
    4    1.000000000E+01   # tan(beta
    5    1.000000000E+00   # sgn(mu)
    6    1.740000000E+02   # M_t
    7    1.000000000E+04   # C_grav
Block EXTPAR    # Input parameters - non-minimal models
    8    1.000000000E+00   # Rsl
    9    0.000000000E+00   # dmH_d^2
   10    0.000000000E+00   # dmH_u^2
   11    0.000000000E+00   # d_Y
   12    3.000000000E+00   # N5_1
   13    3.000000000E+00   # N5_2
   14    3.000000000E+00   # N5_3
#  
Block MASS   # Scalar and gaugino mass spectrum
#  PDG code   mass                 particle
         6    1.740000000E+02   #  top            
        25    1.202375259E+02   #  h^0            
        35    1.747524170E+03   #  H^0            
        36    1.735993652E+03   #  A^0            
        37    1.749279419E+03   #  H^+            
   1000001    3.965856689E+03   #  dnl            
   1000002    3.965006104E+03   #  upl            
   1000003    3.965856689E+03   #  stl            
   1000004    3.965006348E+03   #  chl            
   1000005    3.783073242E+03   #  b1             
   1000006    3.531581787E+03   #  t1             
   1000011    1.289947510E+03   #  el-            
   1000012    1.272308594E+03   #  nuel           
   1000013    1.289947510E+03   #  mul-           
   1000014    1.272308594E+03   #  numl           
   1000015    6.191589355E+02   #  tau1           
   1000016    1.271409058E+03   #  nutl           
   1000021    4.105236328E+03   #  glss           
   1000022    8.416646729E+02   #  z1ss           
   1000023    1.200403809E+03   #  z2ss           
   1000024    1.221473999E+03   #  w1ss           
   1000025   -1.206048828E+03   #  z3ss           
   1000035    1.643081055E+03   #  z4ss           
   1000037    1.618505981E+03   #  w2ss           
   2000001    3.780636230E+03   #  dnr            
   2000002    3.797363770E+03   #  upr            
   2000003    3.780636230E+03   #  str            
   2000004    3.797364014E+03   #  chr            
   2000005    3.836481445E+03   #  b2             
   2000006    3.858848877E+03   #  t2             
   2000011    6.255053711E+02   #  er-            
   2000013    6.255053711E+02   #  mur-           
   2000015    1.288823242E+03   #  tau2           
   1000039    1.924500975E-04   # gravitino       
Block ALPHA   # Higgs mixing
    1   -1.003914922E-01   # alpha
Block HMIX Q= 3.634098633E+03   # Higgs parameters
    1    1.187977417E+03   # mu
Block STOPMIX   # stop mixing matrix
  1  1    7.037653774E-02
  1  2   -9.975205064E-01
  2  1    9.975205064E-01
  2  2    7.037653774E-02
Block SBOTMIX   # sbottom mixing matrix
  1  1    7.674562931E-02
  1  2   -9.970507026E-01
  2  1    9.970507026E-01
  2  2    7.674562931E-02
Block STAUMIX   # stau mixing matrix
  1  1    1.196899824E-02
  1  2   -9.999283552E-01
  2  1    9.999283552E-01
  2  2    1.196899824E-02
Block NMIX   # neutralino mixing matrix
  1  1    9.950993657E-01   # N_11
  1  2   -6.858163979E-03   # N_12
  1  3    7.818531990E-02   # N_13
  1  4   -6.014334783E-02   # N_14
  2  1   -9.785630554E-02   # N_21
  2  2   -1.371104121E-01   # N_22
  2  3    6.981728077E-01   # N_23
  2  4   -6.958300471E-01   # N_24
  3  1    1.264357660E-02   # N_31
  3  2   -1.690275781E-02   # N_32
  3  3   -7.065356970E-01   # N_33
  3  4   -7.073623538E-01   # N_34
  4  1    6.440758705E-03   # N_41
  4  2   -9.903877974E-01   # N_42
  4  3   -8.513894677E-02   # N_43
  4  4    1.088204384E-01   # N_44
Block UMIX   # chargino U mixing matrix
  1  1   -1.277232915E-01
  1  2    9.918098450E-01
  2  1   -9.918098450E-01
  2  2   -1.277232915E-01
Block VMIX   # chargino V mixing matrix
  1  1   -1.638330966E-01
  1  2    9.864880443E-01
  2  1   -9.864880443E-01
  2  2   -1.638330966E-01
Block AU Q= 3.634098633E+03   #  The trilinear couplings
  3  3   -1.292897095E+03    7.199401757+165   #
Block AD Q= 3.634098633E+03   #  The trilinear couplings
  3  3   -1.421339966E+03    3.580431530+252   #
Block AE Q= 3.634098633E+03   #  The trilinear couplings
  3  3   -2.172911835E+02    1.456328742E+45   #
Block SPINFO   # Program information
    1                                ISASUGRA   # Spectrum Calculator
    2    ISAJET     V7.69   21-AUG-2003 11:39   # Version number
#         PDG         Width
DECAY         6  1.18783092E+00   # TP    decays
#          BR          NDA       ID1     ID2       ID3       ID4
      3.33333343E-01    3            2        -1         5             # TP     -->  UP     DB     BT          
      3.33333343E-01    3            4        -3         5             # TP     -->  CH     SB     BT          
      1.11111112E-01    3          -11        12         5             # TP     -->  E+     NUE    BT          
      1.11111112E-01    3          -13        14         5             # TP     -->  MU+    NUM    BT          
      1.11111112E-01    3          -15        16         5             # TP     -->  TAU+   NUT    BT          
#         PDG         Width
DECAY   1000021  1.79247208E+01   # GLSS  decays
#          BR          NDA       ID1     ID2       ID3       ID4
      1.03846285E-02    2     -1000002         2                       # GLSS   -->  UBL    UP                 
      1.03846285E-02    2      1000002        -2                       # GLSS   -->  UPL    UB                 
      1.02611994E-02    2     -1000001         1                       # GLSS   -->  DBL    DN                 
      1.02611994E-02    2      1000001        -1                       # GLSS   -->  DNL    DB                 
      4.79972772E-02    2     -2000002         2                       # GLSS   -->  UBR    UP                 
      4.79972772E-02    2      2000002        -2                       # GLSS   -->  UPR    UB                 
      5.31289838E-02    2     -2000001         1                       # GLSS   -->  DBR    DN                 
      5.31289838E-02    2      2000001        -1                       # GLSS   -->  DNR    DB                 
      1.02611901E-02    2     -1000003         3                       # GLSS   -->  SBL    ST                 
      1.02611901E-02    2      1000003        -3                       # GLSS   -->  STL    SB                 
      5.31289764E-02    2     -2000003         3                       # GLSS   -->  SBR    ST                 
      5.31289764E-02    2      2000003        -3                       # GLSS   -->  STR    SB                 
      1.03841275E-02    2     -1000004         4                       # GLSS   -->  CBL    CH                 
      1.03841275E-02    2      1000004        -4                       # GLSS   -->  CHL    CB                 
      4.79967780E-02    2     -2000004         4                       # GLSS   -->  CBR    CH                 
      4.79967780E-02    2      2000004        -4                       # GLSS   -->  CHR    CB                 
      5.22313267E-02    2     -1000005         5                       # GLSS   -->  BB1    BT                 
      5.22313267E-02    2      1000005        -5                       # GLSS   -->  BT1    BB                 
      3.70409898E-02    2     -2000005         5                       # GLSS   -->  BB2    BT                 
      3.70409898E-02    2      2000005        -5                       # GLSS   -->  BT2    BB                 
      1.42485261E-01    2     -1000006         6                       # GLSS   -->  TB1    TP                 
      1.42485261E-01    2      1000006        -6                       # GLSS   -->  TP1    TB                 
      2.46992670E-02    2     -2000006         6                       # GLSS   -->  TB2    TP                 
      2.46992670E-02    2      2000006        -6                       # GLSS   -->  TP2    TB                 
      2.02203430E-15    2      1000039        21                       # GLSS   -->  GVSS   GL                 
#         PDG         Width
DECAY   1000002  3.53012085E+01   # UPL   decays
#          BR          NDA       ID1     ID2       ID3       ID4
      1.32718179E-02    2      1000022         2                       # UPL    -->  Z1SS   UP                 
      9.37657617E-03    2      1000023         2                       # UPL    -->  Z2SS   UP                 
      8.28387274E-05    2      1000025         2                       # UPL    -->  Z3SS   UP                 
      3.17389071E-01    2      1000035         2                       # UPL    -->  Z4SS   UP                 
      2.07916871E-02    2      1000024         1                       # UPL    -->  W1SS+  DN                 
      6.39088035E-01    2      1000037         1                       # UPL    -->  W2SS+  DN                 
#         PDG         Width
DECAY   1000001  3.52673454E+01   # DNL   decays
#          BR          NDA       ID1     ID2       ID3       ID4
      1.54467998E-02    2      1000022         1                       # DNL    -->  Z1SS   DN                 
      5.54802036E-03    2      1000023         1                       # DNL    -->  Z2SS   DN                 
      1.43997677E-04    2      1000025         1                       # DNL    -->  Z3SS   DN                 
      3.19336742E-01    2      1000035         1                       # DNL    -->  Z4SS   DN                 
      1.26524810E-02    2     -1000024         2                       # DNL    -->  W1SS-  UP                 
      6.46871924E-01    2     -1000037         2                       # DNL    -->  W2SS-  UP                 
#         PDG         Width
DECAY   1000003  3.52673378E+01   # STL   decays
#          BR          NDA       ID1     ID2       ID3       ID4
      1.54468035E-02    2      1000022         3                       # STL    -->  Z1SS   ST                 
      5.54802176E-03    2      1000023         3                       # STL    -->  Z2SS   ST                 
      1.43997720E-04    2      1000025         3                       # STL    -->  Z3SS   ST                 
      3.19336832E-01    2      1000035         3                       # STL    -->  Z4SS   ST                 
      1.26524819E-02    2     -1000024         4                       # STL    -->  W1SS-  CH                 
      6.46871865E-01    2     -1000037         4                       # STL    -->  W2SS-  CH                 
#         PDG         Width
DECAY   1000004  3.53012085E+01   # CHL   decays
#          BR          NDA       ID1     ID2       ID3       ID4
      1.32718161E-02    2      1000022         4                       # CHL    -->  Z1SS   CH                 
      9.37657431E-03    2      1000023         4                       # CHL    -->  Z2SS   CH                 
      8.28387128E-05    2      1000025         4                       # CHL    -->  Z3SS   CH                 
      3.17389011E-01    2      1000035         4                       # CHL    -->  Z4SS   CH                 
      2.07916908E-02    2      1000024         3                       # CHL    -->  W1SS+  ST                 
      6.39088094E-01    2      1000037         3                       # CHL    -->  W2SS+  ST                 
#         PDG         Width
DECAY   1000005  3.97694540E+00   # BT1   decays
#          BR          NDA       ID1     ID2       ID3       ID4
      4.86368954E-01    2      1000022         5                       # BT1    -->  Z1SS   BT                 
      1.14608862E-01    2      1000023         5                       # BT1    -->  Z2SS   BT                 
      1.03030436E-01    2      1000025         5                       # BT1    -->  Z3SS   BT                 
      7.81139871E-03    2      1000035         5                       # BT1    -->  Z4SS   BT                 
      2.71123648E-01    2     -1000024         6                       # BT1    -->  W1SS-  TP                 
      1.65898800E-02    2     -1000037         6                       # BT1    -->  W2SS-  TP                 
      4.66796453E-04    2          -24   1000006                       # BT1    -->  W-     TP1                
#         PDG         Width
DECAY   1000006  7.22163544E+01   # TP1   decays
#          BR          NDA       ID1     ID2       ID3       ID4
      9.91056561E-02    2      1000022         6                       # TP1    -->  Z1SS   TP                 
      2.21953526E-01    2      1000023         6                       # TP1    -->  Z2SS   TP                 
      2.27836818E-01    2      1000025         6                       # TP1    -->  Z3SS   TP                 
      1.59320072E-03    2      1000035         6                       # TP1    -->  Z4SS   TP                 
      4.45503175E-01    2      1000024         5                       # TP1    -->  W1SS+  BT                 
      4.00761934E-03    2      1000037         5                       # TP1    -->  W2SS+  BT                 
#         PDG         Width
DECAY   2000002  7.75352573E+00   # UPR   decays
#          BR          NDA       ID1     ID2       ID3       ID4
      9.91237819E-01    2      1000022         2                       # UPR    -->  Z1SS   UP                 
      8.58876575E-03    2      1000023         2                       # UPR    -->  Z2SS   UP                 
      1.43081445E-04    2      1000025         2                       # UPR    -->  Z3SS   UP                 
      3.03402176E-05    2      1000035         2                       # UPR    -->  Z4SS   UP                 
#         PDG         Width
DECAY   2000001  1.92805684E+00   # DNR   decays
#          BR          NDA       ID1     ID2       ID3       ID4
      9.91246998E-01    2      1000022         1                       # DNR    -->  Z1SS   DN                 
      8.57980084E-03    2      1000023         1                       # DNR    -->  Z2SS   DN                 
      1.42929130E-04    2      1000025         1                       # DNR    -->  Z3SS   DN                 
      3.02443714E-05    2      1000035         1                       # DNR    -->  Z4SS   DN                 
#         PDG         Width
DECAY   2000003  1.92805684E+00   # STR   decays
#          BR          NDA       ID1     ID2       ID3       ID4
      9.91246998E-01    2      1000022         3                       # STR    -->  Z1SS   ST                 
      8.57980084E-03    2      1000023         3                       # STR    -->  Z2SS   ST                 
      1.42929130E-04    2      1000025         3                       # STR    -->  Z3SS   ST                 
      3.02443714E-05    2      1000035         3                       # STR    -->  Z4SS   ST                 
#         PDG         Width
DECAY   2000004  7.75352430E+00   # CHR   decays
#          BR          NDA       ID1     ID2       ID3       ID4
      9.91237819E-01    2      1000022         4                       # CHR    -->  Z1SS   CH                 
      8.58876482E-03    2      1000023         4                       # CHR    -->  Z2SS   CH                 
      1.43081430E-04    2      1000025         4                       # CHR    -->  Z3SS   CH                 
      3.03402139E-05    2      1000035         4                       # CHR    -->  Z4SS   CH                 
#         PDG         Width
DECAY   2000005  7.07672806E+01   # BT2   decays
#          BR          NDA       ID1     ID2       ID3       ID4
      7.25013297E-03    2      1000022         5                       # BT2    -->  Z1SS   BT                 
      8.09125230E-03    2      1000023         5                       # BT2    -->  Z2SS   BT                 
      6.21369155E-03    2      1000025         5                       # BT2    -->  Z3SS   BT                 
      1.49309099E-01    2      1000035         5                       # BT2    -->  Z4SS   BT                 
      5.03091276E-01    2     -1000024         6                       # BT2    -->  W1SS-  TP                 
      3.17886502E-01    2     -1000037         6                       # BT2    -->  W2SS-  TP                 
      8.15804489E-03    2          -24   1000006                       # BT2    -->  W-     TP1                
#         PDG         Width
DECAY   2000006  7.25998230E+01   # TP2   decays
#          BR          NDA       ID1     ID2       ID3       ID4
      1.39091359E-02    2      1000024         5                       # TP2    -->  W1SS+  BT                 
      3.02693605E-01    2      1000037         5                       # TP2    -->  W2SS+  BT                 
      4.88088932E-03    2           23   1000006                       # TP2    -->  Z0     TP1                
      1.04071582E-02    2           25   1000006                       # TP2    -->  HL0    TP1                
      7.27406610E-03    2      1000022         6                       # TP2    -->  Z1SS   TP                 
      2.49537572E-01    2      1000023         6                       # TP2    -->  Z2SS   TP                 
      2.54807681E-01    2      1000025         6                       # TP2    -->  Z3SS   TP                 
      1.56489879E-01    2      1000035         6                       # TP2    -->  Z4SS   TP                 
#         PDG         Width
DECAY   1000011  5.27749121E-01   # EL-   decays
#          BR          NDA       ID1     ID2       ID3       ID4
      9.89664972E-01    2      1000022        11                       # EL-    -->  Z1SS   E-                 
      6.73357816E-03    2      1000023        11                       # EL-    -->  Z2SS   E-                 
      1.61445369E-05    2      1000025        11                       # EL-    -->  Z3SS   E-                 
      3.58528015E-03    2     -1000024        12                       # EL-    -->  W1SS-  NUE                
      1.71686185E-08    3      1000015        11       -15             # EL-    -->  TAU1-  E-     TAU+        
      1.54238364E-08    3     -1000015        11        15             # EL-    -->  TAU1+  E-     TAU-        
      2.10369513E-16    2           11   1000039                       # EL-    -->  E-     GVSS               
#         PDG         Width
DECAY   1000013  5.27749121E-01   # MUL-  decays
#          BR          NDA       ID1     ID2       ID3       ID4
      9.89664972E-01    2      1000022        13                       # MUL-   -->  Z1SS   MU-                
      6.73357258E-03    2      1000023        13                       # MUL-   -->  Z2SS   MU-                
      1.61445241E-05    2      1000025        13                       # MUL-   -->  Z3SS   MU-                
      3.58528015E-03    2     -1000024        14                       # MUL-   -->  W1SS-  NUM                
      1.71686185E-08    3      1000015        13       -15             # MUL-   -->  TAU1-  MU-    TAU+        
      1.54238364E-08    3     -1000015        13        15             # MUL-   -->  TAU1+  MU-    TAU-        
      2.10369513E-16    2           13   1000039                       # MUL-   -->  MU-    GVSS               
#         PDG         Width
DECAY   1000015  2.82843719E-18   # TAU1- decays
#          BR          NDA       ID1     ID2       ID3       ID4
      1.00000000E+00    2           15   1000039                       # TAU1-  -->  TAU-   GVSS               
#         PDG         Width
DECAY   1000012  5.21705210E-01   # NUEL  decays
#          BR          NDA       ID1     ID2       ID3       ID4
      9.95700240E-01    2      1000022        12                       # NUEL   -->  Z1SS   NUE                
      8.59882159E-04    2      1000023        12                       # NUEL   -->  Z2SS   NUE                
      6.01013635E-05    2      1000025        12                       # NUEL   -->  Z3SS   NUE                
      3.37970257E-03    2      1000024        11                       # NUEL   -->  W1SS+  E-                 
      1.54931072E-08    3      1000015        12       -15             # NUEL   -->  TAU1-  NUE    TAU+        
      1.38900678E-08    3     -1000015        12        15             # NUEL   -->  TAU1+  NUE    TAU-        
      5.63685134E-08    3     -1000015        11        16             # NUEL   -->  TAU1+  E-     NUT         
      1.98649383E-16    2           12   1000039                       # NUEL   -->  NUE    GVSS               
#         PDG         Width
DECAY   1000014  5.21705210E-01   # NUML  decays
#          BR          NDA       ID1     ID2       ID3       ID4
      9.95700240E-01    2      1000022        14                       # NUML   -->  Z1SS   NUM                
      8.59882159E-04    2      1000023        14                       # NUML   -->  Z2SS   NUM                
      6.01013635E-05    2      1000025        14                       # NUML   -->  Z3SS   NUM                
      3.37969512E-03    2      1000024        13                       # NUML   -->  W1SS+  MU-                
      1.54931072E-08    3      1000015        14       -15             # NUML   -->  TAU1-  NUM    TAU+        
      1.38900678E-08    3     -1000015        14        15             # NUML   -->  TAU1+  NUM    TAU-        
      5.63685418E-08    3     -1000015        13        16             # NUML   -->  TAU1+  MU-    NUT         
      1.98649383E-16    2           14   1000039                       # NUML   -->  NUM    GVSS               
#         PDG         Width
DECAY   1000016  6.04304671E-01   # NUTL  decays
#          BR          NDA       ID1     ID2       ID3       ID4
      8.57103705E-01    2      1000022        16                       # NUTL   -->  Z1SS   NUT                
      7.24901329E-04    2      1000023        16                       # NUTL   -->  Z2SS   NUT                
      5.05576645E-05    2      1000025        16                       # NUTL   -->  Z3SS   NUT                
      4.93319472E-03    2      1000024        15                       # NUTL   -->  W1SS+  TAU-               
      1.37187600E-01    2           24   1000015                       # NUTL   -->  W+     TAU1-              
      1.32937421E-08    3     -1000015        16        15             # NUTL   -->  TAU1+  NUT    TAU-        
      1.19112453E-08    3      1000015        16       -15             # NUTL   -->  TAU1-  NUT    TAU+        
      1.70891571E-16    2           16   1000039                       # NUTL   -->  NUT    GVSS               
#         PDG         Width
DECAY   2000011  8.36925527E-13   # ER-   decays
#          BR          NDA       ID1     ID2       ID3       ID4
      3.53810072E-01    3      1000015        11       -15             # ER-    -->  TAU1-  E-     TAU+        
      6.46186352E-01    3     -1000015        11        15             # ER-    -->  TAU1+  E-     TAU-        
      5.22341892E-12    3      1000015        12       -16             # ER-    -->  TAU1-  NUE    ANUT        
      3.55646512E-06    2           11   1000039                       # ER-    -->  E-     GVSS               
#         PDG         Width
DECAY   2000013  8.36925689E-13   # MUR-  decays
#          BR          NDA       ID1     ID2       ID3       ID4
      3.53809983E-01    3      1000015        13       -15             # MUR-   -->  TAU1-  MU-    TAU+        
      6.46186233E-01    3     -1000015        13        15             # MUR-   -->  TAU1+  MU-    TAU-        
      2.22350963E-07    3      1000015        14       -16             # MUR-   -->  TAU1-  NUM    ANUT        
      3.55646398E-06    2           13   1000039                       # MUR-   -->  MU-    GVSS               
#         PDG         Width
DECAY   2000015  6.62480295E-01   # TAU2- decays
#          BR          NDA       ID1     ID2       ID3       ID4
      7.86182582E-01    2      1000022        15                       # TAU2-  -->  Z1SS   TAU-               
      8.15095752E-03    2      1000023        15                       # TAU2-  -->  Z2SS   TAU-               
      2.81970762E-03    2      1000025        15                       # TAU2-  -->  Z3SS   TAU-               
      2.69133388E-03    2     -1000024        16                       # TAU2-  -->  W1SS-  NUT                
      6.73030764E-02    2           23   1000015                       # TAU2-  -->  Z0     TAU1-              
      1.32852331E-01    2           25   1000015                       # TAU2-  -->  HL0    TAU1-              
#         PDG         Width
DECAY   1000022  2.59209967E+00   # Z1SS  decays
#          BR          NDA       ID1     ID2       ID3       ID4
      1.63885847E-01    2      2000011       -11                       # Z1SS   -->  ER-    E+                 
      1.63885847E-01    2     -2000011        11                       # Z1SS   -->  ER+    E-                 
      1.63885832E-01    2      2000013       -13                       # Z1SS   -->  MUR-   MU+                
      1.63885832E-01    2     -2000013        13                       # Z1SS   -->  MUR+   MU-                
      1.72228336E-01    2      1000015       -15                       # Z1SS   -->  TAU1-  TAU+               
      1.72228336E-01    2     -1000015        15                       # Z1SS   -->  TAU1+  TAU-               
      3.82288882E-18    2      1000039        22                       # Z1SS   -->  GVSS   GM                 
      9.07229982E-20    3      1000039        11       -11             # Z1SS   -->  GVSS   E-     E+          
      1.14902873E-18    2      1000039        23                       # Z1SS   -->  GVSS   Z0                 
      6.30707001E-21    2      1000039        25                       # Z1SS   -->  GVSS   HL0                
#         PDG         Width
DECAY   1000023  8.03726912E-01   # Z2SS  decays
#          BR          NDA       ID1     ID2       ID3       ID4
      1.07155145E-07    2      1000022        22                       # Z2SS   -->  Z1SS   GM                 
      1.64699480E-02    2      1000022        23                       # Z2SS   -->  Z1SS   Z0                 
      2.25748620E-09    3      1000022         2        -2             # Z2SS   -->  Z1SS   UP     UB          
      4.01675943E-10    3      1000022         1        -1             # Z2SS   -->  Z1SS   DN     DB          
      4.01675943E-10    3      1000022         3        -3             # Z2SS   -->  Z1SS   ST     SB          
      2.25748553E-09    3      1000022         4        -4             # Z2SS   -->  Z1SS   CH     CB          
      9.35763751E-08    3      1000022         5        -5             # Z2SS   -->  Z1SS   BT     BB          
      1.31618685E-06    3      1000022        11       -11             # Z2SS   -->  Z1SS   E-     E+          
      1.31618685E-06    3      1000022        13       -13             # Z2SS   -->  Z1SS   MU-    MU+         
      1.80729671E-06    3      1000022        15       -15             # Z2SS   -->  Z1SS   TAU-   TAU+        
      3.17084414E-07    3      1000022        12       -12             # Z2SS   -->  Z1SS   NUE    ANUE        
      3.17084414E-07    3      1000022        14       -14             # Z2SS   -->  Z1SS   NUM    ANUM        
      3.20251615E-07    3      1000022        16       -16             # Z2SS   -->  Z1SS   NUT    ANUT        
      7.93238163E-01    2      1000022        25                       # Z2SS   -->  Z1SS   HL0                
      1.93017330E-02    2      2000011       -11                       # Z2SS   -->  ER-    E+                 
      1.93017330E-02    2     -2000011        11                       # Z2SS   -->  ER+    E-                 
      1.93017330E-02    2      2000013       -13                       # Z2SS   -->  MUR-   MU+                
      1.93017330E-02    2     -2000013        13                       # Z2SS   -->  MUR+   MU-                
      5.65396808E-02    2      1000015       -15                       # Z2SS   -->  TAU1-  TAU+               
      5.65396808E-02    2     -1000015        15                       # Z2SS   -->  TAU1+  TAU-               
      2.22131930E-18    2      1000039        22                       # Z2SS   -->  GVSS   GM                 
      5.40227651E-20    3      1000039        11       -11             # Z2SS   -->  GVSS   E-     E+          
      2.78382937E-17    2      1000039        23                       # Z2SS   -->  GVSS   Z0                 
      1.79310588E-17    2      1000039        25                       # Z2SS   -->  GVSS   HL0                
#         PDG         Width
DECAY   1000025  7.54350245E-01   # Z3SS  decays
#          BR          NDA       ID1     ID2       ID3       ID4
      3.87168598E-07    2      1000022        22                       # Z3SS   -->  Z1SS   GM                 
      1.14463730E-10    2      1000023        22                       # Z3SS   -->  Z2SS   GM                 
      9.00831342E-01    2      1000022        23                       # Z3SS   -->  Z1SS   Z0                 
      1.36881097E-11    3      1000022         2        -2             # Z3SS   -->  Z1SS   UP     UB          
      3.71599713E-12    3      1000022         1        -1             # Z3SS   -->  Z1SS   DN     DB          
      3.71599713E-12    3      1000022         3        -3             # Z3SS   -->  Z1SS   ST     SB          
      1.36881062E-11    3      1000022         4        -4             # Z3SS   -->  Z1SS   CH     CB          
      1.06919259E-07    3      1000022         5        -5             # Z3SS   -->  Z1SS   BT     BB          
      1.81911319E-09    3      1000022        11       -11             # Z3SS   -->  Z1SS   E-     E+          
      1.81911319E-09    3      1000022        13       -13             # Z3SS   -->  Z1SS   MU-    MU+         
      5.96460097E-07    3      1000022        15       -15             # Z3SS   -->  Z1SS   TAU-   TAU+        
      1.37180400E-08    3      1000022        12       -12             # Z3SS   -->  Z1SS   NUE    ANUE        
      1.37180400E-08    3      1000022        14       -14             # Z3SS   -->  Z1SS   NUM    ANUM        
      1.38857583E-08    3      1000022        16       -16             # Z3SS   -->  Z1SS   NUT    ANUT        
      9.25816313E-10    3      1000023         2        -2             # Z3SS   -->  Z2SS   UP     UB          
      1.19384092E-09    3      1000023         1        -1             # Z3SS   -->  Z2SS   DN     DB          
      1.19384092E-09    3      1000023         3        -3             # Z3SS   -->  Z2SS   ST     SB          
      9.25816313E-10    3      1000023         4        -4             # Z3SS   -->  Z2SS   CH     CB          
      2.70789752E-10    3      1000023        11       -11             # Z3SS   -->  Z2SS   E-     E+          
      2.70789752E-10    3      1000023        13       -13             # Z3SS   -->  Z2SS   MU-    MU+         
      8.10261719E-11    3      1000023        15       -15             # Z3SS   -->  Z2SS   TAU-   TAU+        
      5.38933786E-10    3      1000023        12       -12             # Z3SS   -->  Z2SS   NUE    ANUE        
      5.38933786E-10    3      1000023        14       -14             # Z3SS   -->  Z2SS   NUM    ANUM        
      5.38934897E-10    3      1000023        16       -16             # Z3SS   -->  Z2SS   NUT    ANUT        
      1.64089706E-02    2      1000022        25                       # Z3SS   -->  Z1SS   HL0                
      3.47336085E-04    2      2000011       -11                       # Z3SS   -->  ER-    E+                 
      3.47336085E-04    2     -2000011        11                       # Z3SS   -->  ER+    E-                 
      3.47336085E-04    2      2000013       -13                       # Z3SS   -->  MUR-   MU+                
      3.47336085E-04    2     -2000013        13                       # Z3SS   -->  MUR+   MU-                
      4.06846106E-02    2      1000015       -15                       # Z3SS   -->  TAU1-  TAU+               
      4.06846106E-02    2     -1000015        15                       # Z3SS   -->  TAU1+  TAU-               
      9.08135059E-22    2      1000039        22                       # Z3SS   -->  GVSS   GM                 
      2.20930199E-23    3      1000039        11       -11             # Z3SS   -->  GVSS   E-     E+          
      2.06690647E-17    2      1000039        23                       # Z3SS   -->  GVSS   Z0                 
      3.03100979E-17    2      1000039        25                       # Z3SS   -->  GVSS   HL0                
#         PDG         Width
DECAY   1000035  1.73173847E+01   # Z4SS  decays
#          BR          NDA       ID1     ID2       ID3       ID4
      9.52375678E-11    2      1000022        22                       # Z4SS   -->  Z1SS   GM                 
      1.95937531E-07    2      1000023        22                       # Z4SS   -->  Z2SS   GM                 
      4.26166793E-07    2      1000025        22                       # Z4SS   -->  Z3SS   GM                 
      1.68727160E-01    2      1000024       -24                       # Z4SS   -->  W1SS+  W-                 
      1.68727160E-01    2     -1000024        24                       # Z4SS   -->  W1SS-  W+                 
      9.04597982E-07    3     -1000037         2        -1             # Z4SS   -->  W2SS-  UP     DB          
      3.01532708E-07    3     -1000037        12       -11             # Z4SS   -->  W2SS-  NUE    E+          
      3.01532708E-07    3     -1000037        14       -13             # Z4SS   -->  W2SS-  NUM    MU+         
      9.04598096E-07    3      1000037         1        -2             # Z4SS   -->  W2SS+  DN     UB          
      3.01532708E-07    3      1000037        11       -12             # Z4SS   -->  W2SS+  E-     ANUE        
      3.01532708E-07    3      1000037        13       -14             # Z4SS   -->  W2SS+  MU-    ANUM        
      9.04598096E-07    3     -1000037         4        -3             # Z4SS   -->  W2SS-  CH     SB          
      3.01532708E-07    3     -1000037        16       -15             # Z4SS   -->  W2SS-  NUT    TAU+        
      9.04598096E-07    3      1000037         3        -4             # Z4SS   -->  W2SS+  ST     CB          
      3.01532708E-07    3      1000037        15       -16             # Z4SS   -->  W2SS+  TAU-   ANUT        
      4.30802629E-07    2      1000022        23                       # Z4SS   -->  Z1SS   Z0                 
      2.40436010E-03    2      1000023        23                       # Z4SS   -->  Z2SS   Z0                 
      1.45973951E-01    2      1000025        23                       # Z4SS   -->  Z3SS   Z0                 
      3.12875734E-08    3      1000022         2        -2             # Z4SS   -->  Z1SS   UP     UB          
      3.64931196E-08    3      1000022         1        -1             # Z4SS   -->  Z1SS   DN     DB          
      3.64931196E-08    3      1000022         3        -3             # Z4SS   -->  Z1SS   ST     SB          
      3.12875592E-08    3      1000022         4        -4             # Z4SS   -->  Z1SS   CH     CB          
      4.37770318E-08    3      1000022         5        -5             # Z4SS   -->  Z1SS   BT     BB          
      2.69021694E-10    3      1000022        15       -15             # Z4SS   -->  Z1SS   TAU-   TAU+        
      2.12563145E-09    3      1000023         2        -2             # Z4SS   -->  Z2SS   UP     UB          
      1.26087896E-09    3      1000023         1        -1             # Z4SS   -->  Z2SS   DN     DB          
      1.26087896E-09    3      1000023         3        -3             # Z4SS   -->  Z2SS   ST     SB          
      2.12563078E-09    3      1000023         4        -4             # Z4SS   -->  Z2SS   CH     CB          
      4.41363781E-08    3      1000023         5        -5             # Z4SS   -->  Z2SS   BT     BB          
      7.31564587E-09    3      1000023        15       -15             # Z4SS   -->  Z2SS   TAU-   TAU+        
      6.12385750E-12    3      1000025         2        -2             # Z4SS   -->  Z3SS   UP     UB          
      1.06717170E-11    3      1000025         1        -1             # Z4SS   -->  Z3SS   DN     DB          
      1.06717170E-11    3      1000025         3        -3             # Z4SS   -->  Z3SS   ST     SB          
      6.12385576E-12    3      1000025         4        -4             # Z4SS   -->  Z3SS   CH     CB          
      4.32986447E-08    3      1000025         5        -5             # Z4SS   -->  Z3SS   BT     BB          
      7.45223439E-09    3      1000025        15       -15             # Z4SS   -->  Z3SS   TAU-   TAU+        
      2.20965035E-06    2      1000022        25                       # Z4SS   -->  Z1SS   HL0                
      1.49722189E-01    2      1000023        25                       # Z4SS   -->  Z2SS   HL0                
      2.26966199E-03    2      1000025        25                       # Z4SS   -->  Z3SS   HL0                
      2.86242235E-02    2      1000011       -11                       # Z4SS   -->  EL-    E+                 
      2.86242235E-02    2     -1000011        11                       # Z4SS   -->  EL+    E-                 
      2.86242217E-02    2      1000013       -13                       # Z4SS   -->  MUL-   MU+                
      2.86242217E-02    2     -1000013        13                       # Z4SS   -->  MUL+   MU-                
      7.31859564E-06    2      2000011       -11                       # Z4SS   -->  ER-    E+                 
      7.31859564E-06    2     -2000011        11                       # Z4SS   -->  ER+    E-                 
      7.31859564E-06    2      2000013       -13                       # Z4SS   -->  MUR-   MU+                
      7.31859564E-06    2     -2000013        13                       # Z4SS   -->  MUR+   MU-                
      1.24199178E-05    2      1000015       -15                       # Z4SS   -->  TAU1-  TAU+               
      1.24199178E-05    2     -1000015        15                       # Z4SS   -->  TAU1+  TAU-               
      2.87965126E-02    2      2000015       -15                       # Z4SS   -->  TAU2-  TAU+               
      2.87965126E-02    2     -2000015        15                       # Z4SS   -->  TAU2+  TAU-               
      3.16257440E-02    2      1000012       -12                       # Z4SS   -->  NUEL   ANUE               
      3.16257440E-02    2     -1000012        12                       # Z4SS   -->  ANUEL  NUE                
      3.16257440E-02    2      1000014       -14                       # Z4SS   -->  NUML   ANUM               
      3.16257440E-02    2     -1000014        14                       # Z4SS   -->  ANUML  NUM                
      3.17597762E-02    2      1000016       -16                       # Z4SS   -->  NUTL   ANUT               
      3.17597762E-02    2     -1000016        16                       # Z4SS   -->  ANUTL  NUT                
      4.77664171E-18    2      1000039        22                       # Z4SS   -->  GVSS   GM                 
      1.18654419E-19    3      1000039        11       -11             # Z4SS   -->  GVSS   E-     E+          
      1.62540246E-17    2      1000039        23                       # Z4SS   -->  GVSS   Z0                 
      1.04650400E-19    2      1000039        25                       # Z4SS   -->  GVSS   HL0                
#         PDG         Width
DECAY   1000024  8.62276673E-01   # W1SS+ decays
#          BR          NDA       ID1     ID2       ID3       ID4
      9.53714219E-10    3      1000022         2        -1             # W1SS+  -->  Z1SS   UP     DB          
      9.53714219E-10    3      1000022         4        -3             # W1SS+  -->  Z1SS   CH     SB          
      2.47587468E-06    3      1000022       -11        12             # W1SS+  -->  Z1SS   E+     NUE         
      2.47587468E-06    3      1000022       -13        14             # W1SS+  -->  Z1SS   MU+    NUM         
      3.40277529E-06    3      1000022       -15        16             # W1SS+  -->  Z1SS   TAU+   NUT         
      9.26580787E-01    2      1000022        24                       # W1SS+  -->  Z1SS   W+                 
      2.17064940E-06    3      1000023         2        -1             # W1SS+  -->  Z2SS   UP     DB          
      2.17064940E-06    3      1000023         4        -3             # W1SS+  -->  Z2SS   CH     SB          
      7.24503195E-07    3      1000023       -11        12             # W1SS+  -->  Z2SS   E+     NUE         
      7.24503195E-07    3      1000023       -13        14             # W1SS+  -->  Z2SS   MU+    NUM         
      7.24505412E-07    3      1000023       -15        16             # W1SS+  -->  Z2SS   TAU+   NUT         
      4.29006576E-07    3      1000025         2        -1             # W1SS+  -->  Z3SS   UP     DB          
      4.29006576E-07    3      1000025         4        -3             # W1SS+  -->  Z3SS   CH     SB          
      1.43021168E-07    3      1000025       -11        12             # W1SS+  -->  Z3SS   E+     NUE         
      1.43021168E-07    3      1000025       -13        14             # W1SS+  -->  Z3SS   MU+    NUM         
      1.43020543E-07    3      1000025       -15        16             # W1SS+  -->  Z3SS   TAU+   NUT         
      7.34030381E-02    2     -1000015        16                       # W1SS+  -->  TAU1+  NUT                
#         PDG         Width
DECAY   1000037  1.46022167E+01   # W2SS+ decays
#          BR          NDA       ID1     ID2       ID3       ID4
      6.95028675E-08    3      1000022         2        -1             # W2SS+  -->  Z1SS   UP     DB          
      6.95028604E-08    3      1000022         4        -3             # W2SS+  -->  Z1SS   CH     SB          
      2.44986559E-10    3      1000022       -15        16             # W2SS+  -->  Z1SS   TAU+   NUT         
      7.81331710E-06    2      1000022        24                       # W2SS+  -->  Z1SS   W+                 
      1.08248532E-09    3      1000023         2        -1             # W2SS+  -->  Z2SS   UP     DB          
      1.08248510E-09    3      1000023         4        -3             # W2SS+  -->  Z2SS   CH     SB          
      7.01681824E-09    3      1000023       -15        16             # W2SS+  -->  Z2SS   TAU+   NUT         
      1.35550275E-01    2      1000023        24                       # W2SS+  -->  Z2SS   W+                 
      4.33494178E-11    3      1000025         2        -1             # W2SS+  -->  Z3SS   UP     DB          
      4.33494109E-11    3      1000025         4        -3             # W2SS+  -->  Z3SS   CH     SB          
      6.40233377E-09    3      1000025       -15        16             # W2SS+  -->  Z3SS   TAU+   NUT         
      1.69050381E-01    2      1000025        24                       # W2SS+  -->  Z3SS   W+                 
      6.62707612E-02    2      1000012       -11                       # W2SS+  -->  NUEL   E+                 
      6.62707612E-02    2      1000014       -13                       # W2SS+  -->  NUML   MU+                
      6.65835217E-02    2      1000016       -15                       # W2SS+  -->  NUTL   TAU+               
      6.10740520E-02    2     -1000011        12                       # W2SS+  -->  EL+    NUE                
      6.10740520E-02    2     -1000013        14                       # W2SS+  -->  MUL+   NUM                
      1.74346133E-05    2     -1000015        16                       # W2SS+  -->  TAU1+  NUT                
      6.14646301E-02    2     -2000015        16                       # W2SS+  -->  TAU2+  NUT                
      1.48983285E-01    2      1000024        23                       # W2SS+  -->  W1SS+  Z0                 
      2.27856378E-09    3      1000024         1        -1             # W2SS+  -->  W1SS+  DN     DB          
      2.27856312E-09    3      1000024         3        -3             # W2SS+  -->  W1SS+  ST     SB          
      1.39843737E-09    3      1000024         2        -2             # W2SS+  -->  W1SS+  UP     UB          
      1.39843737E-09    3      1000024         4        -4             # W2SS+  -->  W1SS+  CH     CB          
      1.63652867E-01    2      1000024        25                       # W2SS+  -->  W1SS+  HL0                
#         PDG         Width
DECAY        25  5.26517164E-03   # HL0   decays
#          BR          NDA       ID1     ID2       ID3       ID4
      3.93709820E-09    2           11       -11                       # HL0    -->  E-     E+                 
      1.66230631E-04    2           13       -13                       # HL0    -->  MU-    MU+                
      4.75488342E-02    2           15       -15                       # HL0    -->  TAU-   TAU+               
      4.93817834E-06    2            1        -1                       # HL0    -->  DN     DB                 
      1.99527177E-03    2            3        -3                       # HL0    -->  ST     SB                 
      7.84041464E-01    2            5        -5                       # HL0    -->  BT     BB                 
      1.55723478E-06    2            2        -2                       # HL0    -->  UP     UB                 
      3.88464332E-02    2            4        -4                       # HL0    -->  CH     CB                 
      1.68113713E-03    2           22        22                       # HL0    -->  GM     GM                 
      3.54568847E-02    2           21        21                       # HL0    -->  GL     GL                 
      4.57815081E-03    3           24        11       -12             # HL0    -->  W+     E-     ANUE        
      4.57815081E-03    3           24        13       -14             # HL0    -->  W+     MU-    ANUM        
      4.57815081E-03    3           24        15       -16             # HL0    -->  W+     TAU-   ANUT        
      1.37344515E-02    3           24        -2         1             # HL0    -->  W+     UB     DN          
      1.37344515E-02    3           24        -4         3             # HL0    -->  W+     CB     ST          
      4.57815081E-03    3          -24       -11        12             # HL0    -->  W-     E+     NUE         
      4.57815081E-03    3          -24       -13        14             # HL0    -->  W-     MU+    NUM         
      4.57815081E-03    3          -24       -15        16             # HL0    -->  W-     TAU+   NUT         
      1.37344515E-02    3          -24         2        -1             # HL0    -->  W-     UP     DB          
      1.37344515E-02    3          -24         4        -3             # HL0    -->  W-     CH     SB          
      5.36897627E-04    3           23        12       -12             # HL0    -->  Z0     NUE    ANUE        
      5.36897627E-04    3           23        14       -14             # HL0    -->  Z0     NUM    ANUM        
      5.36897627E-04    3           23        16       -16             # HL0    -->  Z0     NUT    ANUT        
      2.70215183E-04    3           23        11       -11             # HL0    -->  Z0     E-     E+          
      2.70215183E-04    3           23        13       -13             # HL0    -->  Z0     MU-    MU+         
      2.70215183E-04    3           23        15       -15             # HL0    -->  Z0     TAU-   TAU+        
      9.25734348E-04    3           23         2        -2             # HL0    -->  Z0     UP     UB          
      9.25734348E-04    3           23         4        -4             # HL0    -->  Z0     CH     CB          
      1.19257392E-03    3           23         1        -1             # HL0    -->  Z0     DN     DB          
      1.19257392E-03    3           23         3        -3             # HL0    -->  Z0     ST     SB          
      1.19257392E-03    3           23         5        -5             # HL0    -->  Z0     BT     BB          
#         PDG         Width
DECAY        35  3.15221190E+00   # HH0   decays
#          BR          NDA       ID1     ID2       ID3       ID4
      9.41971479E-09    2           11       -11                       # HH0    -->  E-     E+                 
      3.97717347E-04    2           13       -13                       # HH0    -->  MU-    MU+                
      1.13911644E-01    2           15       -15                       # HH0    -->  TAU-   TAU+               
      1.14892136E-05    2            1        -1                       # HH0    -->  DN     DB                 
      4.64222394E-03    2            3        -3                       # HH0    -->  ST     SB                 
      5.99196732E-01    2            5        -5                       # HH0    -->  BT     BB                 
      3.73005238E-10    2            2        -2                       # HH0    -->  UP     UB                 
      6.59347052E-06    2            4        -4                       # HH0    -->  CH     CB                 
      2.80075610E-01    2            6        -6                       # HH0    -->  TP     TB                 
      4.92701190E-07    2           22        22                       # HH0    -->  GM     GM                 
      7.02452235E-05    2           21        21                       # HH0    -->  GL     GL                 
      2.84175650E-04    2           24       -24                       # HH0    -->  W+     W-                 
      1.45336337E-04    2           23        23                       # HH0    -->  Z0     Z0                 
      1.42767502E-04    2      1000022   1000022                       # HH0    -->  Z1SS   Z1SS               
      1.04145939E-03    2           25        25                       # HH0    -->  HL0    HL0                
      2.48733268E-05    2      2000011  -2000011                       # HH0    -->  ER-    ER+                
      2.48592041E-05    2      2000013  -2000013                       # HH0    -->  MUR-   MUR+               
      2.37563472E-05    2      1000015  -1000015                       # HH0    -->  TAU1-  TAU1+              
#         PDG         Width
DECAY        36  3.15147638E+00   # HA0   decays
#          BR          NDA       ID1     ID2       ID3       ID4
      9.36110212E-09    2           11       -11                       # HA0    -->  E-     E+                 
      3.95242649E-04    2           13       -13                       # HA0    -->  MU-    MU+                
      1.13203309E-01    2           15       -15                       # HA0    -->  TAU-   TAU+               
      1.14182876E-05    2            1        -1                       # HA0    -->  DN     DB                 
      4.61356621E-03    2            3        -3                       # HA0    -->  ST     SB                 
      5.95506012E-01    2            5        -5                       # HA0    -->  BT     BB                 
      3.65348557E-10    2            2        -2                       # HA0    -->  UP     UB                 
      6.46287435E-06    2            4        -4                       # HA0    -->  CH     CB                 
      2.83432394E-01    2            6        -6                       # HA0    -->  TP     TB                 
      7.31778414E-07    2           22        22                       # HA0    -->  GM     GM                 
      1.11017951E-04    2           21        21                       # HA0    -->  GL     GL                 
      2.44027656E-03    2      1000022   1000022                       # HA0    -->  Z1SS   Z1SS               
      2.79486732E-04    2           25        23                       # HA0    -->  HL0    Z0                 
      7.31611465E-08    2      1000015  -1000015                       # HA0    -->  TAU1-  TAU1+              
#         PDG         Width
DECAY        37  2.90682387E+00   # H+    decays
#          BR          NDA       ID1     ID2       ID3       ID4
      1.02266506E-08    2           12       -11                       # H+     -->  NUE    E+                 
      4.31787659E-04    2           14       -13                       # H+     -->  NUM    MU+                
      1.23670354E-01    2           16       -15                       # H+     -->  NUT    TAU+               
      1.15158819E-05    2            2        -1                       # H+     -->  UP     DB                 
      4.65935655E-03    2            4        -3                       # H+     -->  CH     SB                 
      8.70920300E-01    2            6        -5                       # H+     -->  TP     BB                 
      3.06650647E-04    2           25        24                       # H+     -->  HL0    W+                 
