#  ISAJET decay tables in SUSY Les Houches accord format
#  Created by ISALHD. Last revision: C. Balazs, 2005 May 25
Block DCINFO   # Program information
    1             ISASUGRA from ISAJET          # Spectrum Calculator
    2   7.69   21-AUG-2003 11:39:06             # Version number
#  SUSY parameters in Les Houches accord format
Block MODSEL   # Model selection
    1    2   #  Minimal gauge mediated (GMSB) model              
Block MINPAR   # Input parameters
    1    5.000000000E+04   # Lambda
    2    1.000000000E+05   # M_mes
    3    3.000000000E+00   # N_5
    4    1.000000000E+01   # tan(beta
    5    1.000000000E+00   # sgn(mu)
    6    1.725000000E+02   # M_t
    7    1.000000000E+04   # C_grav
Block EXTPAR    # Input parameters - non-minimal models
    8    1.000000000E+00   # Rsl
    9    0.000000000E+00   # dmH_d^2
   10    0.000000000E+00   # dmH_u^2
   11    0.000000000E+00   # d_Y
   12    3.000000000E+00   # N5_1
   13    3.000000000E+00   # N5_2
   14    3.000000000E+00   # N5_3
#  
Block MASS   # Scalar and gaugino mass spectrum
#  PDG code   mass                 particle
         6    1.725000000E+02   #  top            
        25    1.132932205E+02   #  h^0            
        35    4.862839966E+02   #  H^0            
        36    4.827197571E+02   #  A^0            
        37    4.925088806E+02   #  H^+            
   1000001    1.111681152E+03   #  dnl            
   1000002    1.108633545E+03   #  upl            
   1000003    1.111681152E+03   #  stl            
   1000004    1.108634521E+03   #  chl            
   1000005    1.064610352E+03   #  b1             
   1000006    9.950150757E+02   #  t1             
   1000011    3.314146729E+02   #  el-            
   1000012    3.171889343E+02   #  nuel           
   1000013    3.314147034E+02   #  mul-           
   1000014    3.171889343E+02   #  numl           
   1000015    1.558206787E+02   #  tau1           
   1000016    3.169553223E+02   #  nutl           
   1000021    1.164630493E+03   #  glss           
   1000022    2.018528595E+02   #  z1ss           
   1000023    3.365551758E+02   #  z2ss           
   1000024    3.371551819E+02   #  w1ss           
   1000025   -3.737196655E+02   #  z3ss           
   1000035    4.575729980E+02   #  z4ss           
   1000037    4.540957336E+02   #  w2ss           
   2000001    1.068022461E+03   #  dnr            
   2000002    1.070560181E+03   #  upr            
   2000003    1.068022583E+03   #  str            
   2000004    1.070561157E+03   #  chr            
   2000005    1.074769653E+03   #  b2             
   2000006    1.093038330E+03   #  t2             
   2000011    1.586700897E+02   #  er-            
   2000013    1.586701202E+02   #  mur-           
   2000015    3.316099548E+02   #  tau2           
   1000039    1.202813110E-05   # gravitino       
Block ALPHA   # Higgs mixing
    1   -1.086347997E-01   # alpha
Block HMIX Q= 1.030778564E+03   # Higgs parameters
    1    3.659867859E+02   # mu
Block STOPMIX   # stop mixing matrix
  1  1    2.876014411E-01
  1  2   -9.577502012E-01
  2  1    9.577502012E-01
  2  2    2.876014411E-01
Block SBOTMIX   # sbottom mixing matrix
  1  1    3.930366635E-01
  1  2   -9.195228219E-01
  2  1    9.195228219E-01
  2  2    3.930366635E-01
Block STAUMIX   # stau mixing matrix
  1  1    6.713981926E-02
  1  2   -9.977435470E-01
  2  1    9.977435470E-01
  2  2    6.713981926E-02
Block NMIX   # neutralino mixing matrix
  1  1    9.742051363E-01   # N_11
  1  2   -5.072241649E-02   # N_12
  1  3    1.861505657E-01   # N_13
  1  4   -1.170454472E-01   # N_14
  2  1   -2.049651295E-01   # N_21
  2  2   -5.818320513E-01   # N_22
  2  3    5.787528753E-01   # N_23
  2  4   -5.333912969E-01   # N_24
  3  1    4.528616369E-02   # N_31
  3  2   -6.160214543E-02   # N_32
  3  3   -7.001460791E-01   # N_33
  3  4   -7.098943591E-01   # N_34
  4  1    8.284251392E-02   # N_41
  4  2   -8.093850017E-01   # N_42
  4  3   -3.744180799E-01   # N_43
  4  4    4.447968900E-01   # N_44
Block UMIX   # chargino U mixing matrix
  1  1   -5.298831463E-01
  1  2    8.480706811E-01
  2  1   -8.480706811E-01
  2  2   -5.298831463E-01
Block VMIX   # chargino V mixing matrix
  1  1   -6.360477209E-01
  1  2    7.716497183E-01
  2  1   -7.716497183E-01
  2  2   -6.360477209E-01
Block AU Q= 1.030778564E+03   #  The trilinear couplings
  3  3   -3.853290100E+02    7.199401757+165   #
Block AD Q= 1.030778564E+03   #  The trilinear couplings
  3  3   -4.248113708E+02    3.580431530+252   #
Block AE Q= 1.030778564E+03   #  The trilinear couplings
  3  3   -5.169285583E+01    1.456328742E+45   #
Block SPINFO   # Program information
    1                                ISASUGRA   # Spectrum Calculator
    2    ISAJET     V7.69   21-AUG-2003 11:39   # Version number
#         PDG         Width
DECAY         6  1.14680779E+00   # TP    decays
#          BR          NDA       ID1     ID2       ID3       ID4
      3.33333343E-01    3            2        -1         5             # TP     -->  UP     DB     BT          
      3.33333343E-01    3            4        -3         5             # TP     -->  CH     SB     BT          
      1.11111112E-01    3          -11        12         5             # TP     -->  E+     NUE    BT          
      1.11111112E-01    3          -13        14         5             # TP     -->  MU+    NUM    BT          
      1.11111112E-01    3          -15        16         5             # TP     -->  TAU+   NUT    BT          
#         PDG         Width
DECAY   1000021  5.19111204E+00   # GLSS  decays
#          BR          NDA       ID1     ID2       ID3       ID4
      1.10379094E-02    3      1000024         5        -6             # GLSS   -->  W1SS+  BT     TB          
      1.10379094E-02    3     -1000024         6        -5             # GLSS   -->  W1SS-  TP     BB          
      5.77358203E-03    3      1000037         5        -6             # GLSS   -->  W2SS+  BT     TB          
      5.77358203E-03    3     -1000037         6        -5             # GLSS   -->  W2SS-  TP     BB          
      4.23720564E-07    2      1000022        21                       # GLSS   -->  Z1SS   GL                 
      6.91850483E-03    3      1000022         6        -6             # GLSS   -->  Z1SS   TP     TB          
      1.24152473E-04    2      1000023        21                       # GLSS   -->  Z2SS   GL                 
      1.27940169E-02    3      1000023         6        -6             # GLSS   -->  Z2SS   TP     TB          
      2.08921294E-04    2      1000025        21                       # GLSS   -->  Z3SS   GL                 
      1.87269058E-02    3      1000025         6        -6             # GLSS   -->  Z3SS   TP     TB          
      1.07285778E-04    2      1000035        21                       # GLSS   -->  Z4SS   GL                 
      7.25187734E-03    3      1000035         6        -6             # GLSS   -->  Z4SS   TP     TB          
      2.24013254E-02    2     -1000002         2                       # GLSS   -->  UBL    UP                 
      2.24013254E-02    2      1000002        -2                       # GLSS   -->  UPL    UB                 
      2.00830605E-02    2     -1000001         1                       # GLSS   -->  DBL    DN                 
      2.00830605E-02    2      1000001        -1                       # GLSS   -->  DNL    DB                 
      6.11194670E-02    2     -2000002         2                       # GLSS   -->  UBR    UP                 
      6.11194670E-02    2      2000002        -2                       # GLSS   -->  UPR    UB                 
      6.43152744E-02    2     -2000001         1                       # GLSS   -->  DBR    DN                 
      6.43152744E-02    2      2000001        -1                       # GLSS   -->  DNR    DB                 
      2.00829264E-02    2     -1000003         3                       # GLSS   -->  SBL    ST                 
      2.00829264E-02    2      1000003        -3                       # GLSS   -->  STL    SB                 
      6.43149912E-02    2     -2000003         3                       # GLSS   -->  SBR    ST                 
      6.43149912E-02    2      2000003        -3                       # GLSS   -->  STR    SB                 
      2.23943647E-02    2     -1000004         4                       # GLSS   -->  CBL    CH                 
      2.23943647E-02    2      1000004        -4                       # GLSS   -->  CHL    CB                 
      6.11124747E-02    2     -2000004         4                       # GLSS   -->  CBR    CH                 
      6.11124747E-02    2      2000004        -4                       # GLSS   -->  CHR    CB                 
      6.60581067E-02    2     -1000005         5                       # GLSS   -->  BB1    BT                 
      6.60581067E-02    2      1000005        -5                       # GLSS   -->  BT1    BB                 
      5.82404621E-02    2     -2000005         5                       # GLSS   -->  BB2    BT                 
      5.82404621E-02    2      2000005        -5                       # GLSS   -->  BT2    BB                 
      3.28450980E-15    2      1000039        21                       # GLSS   -->  GVSS   GL                 
#         PDG         Width
DECAY   1000002  1.05419397E+01   # UPL   decays
#          BR          NDA       ID1     ID2       ID3       ID4
      6.75427448E-03    2      1000022         2                       # UPL    -->  Z1SS   UP                 
      1.39964566E-01    2      1000023         2                       # UPL    -->  Z2SS   UP                 
      9.88203217E-04    2      1000025         2                       # UPL    -->  Z3SS   UP                 
      1.92192540E-01    2      1000035         2                       # UPL    -->  Z4SS   UP                 
      2.94981033E-01    2      1000024         1                       # UPL    -->  W1SS+  DN                 
      3.65119398E-01    2      1000037         1                       # UPL    -->  W2SS+  DN                 
#         PDG         Width
DECAY   1000001  1.04253521E+01   # DNL   decays
#          BR          NDA       ID1     ID2       ID3       ID4
      2.20508408E-02    2      1000022         1                       # DNL    -->  Z1SS   DN                 
      1.09711058E-01    2      1000023         1                       # DNL    -->  Z2SS   DN                 
      1.72534492E-03    2      1000025         1                       # DNL    -->  Z3SS   DN                 
      2.10529685E-01    2      1000035         1                       # DNL    -->  Z4SS   DN                 
      2.07817182E-01    2     -1000024         2                       # DNL    -->  W1SS-  UP                 
      4.48165894E-01    2     -1000037         2                       # DNL    -->  W2SS-  UP                 
#         PDG         Width
DECAY   1000003  1.04253254E+01   # STL   decays
#          BR          NDA       ID1     ID2       ID3       ID4
      2.20508985E-02    2      1000022         3                       # STL    -->  Z1SS   ST                 
      1.09711342E-01    2      1000023         3                       # STL    -->  Z2SS   ST                 
      1.72534946E-03    2      1000025         3                       # STL    -->  Z3SS   ST                 
      2.10530236E-01    2      1000035         3                       # STL    -->  Z4SS   ST                 
      2.07816988E-01    2     -1000024         4                       # STL    -->  W1SS-  CH                 
      4.48165178E-01    2     -1000037         4                       # STL    -->  W2SS-  CH                 
#         PDG         Width
DECAY   1000004  1.05419407E+01   # CHL   decays
#          BR          NDA       ID1     ID2       ID3       ID4
      6.75425911E-03    2      1000022         4                       # CHL    -->  Z1SS   CH                 
      1.39964223E-01    2      1000023         4                       # CHL    -->  Z2SS   CH                 
      9.88200773E-04    2      1000025         4                       # CHL    -->  Z3SS   CH                 
      1.92192018E-01    2      1000035         4                       # CHL    -->  Z4SS   CH                 
      2.94981360E-01    2      1000024         3                       # CHL    -->  W1SS+  ST                 
      3.65119934E-01    2      1000037         3                       # CHL    -->  W2SS+  ST                 
#         PDG         Width
DECAY   1000005  3.93496895E+00   # BT1   decays
#          BR          NDA       ID1     ID2       ID3       ID4
      1.48547426E-01    2      1000022         5                       # BT1    -->  Z1SS   BT                 
      1.21113501E-01    2      1000023         5                       # BT1    -->  Z2SS   BT                 
      2.35893317E-02    2      1000025         5                       # BT1    -->  Z3SS   BT                 
      3.95377241E-02    2      1000035         5                       # BT1    -->  Z4SS   BT                 
      4.16048259E-01    2     -1000024         6                       # BT1    -->  W1SS-  TP                 
      2.51163751E-01    2     -1000037         6                       # BT1    -->  W2SS-  TP                 
#         PDG         Width
DECAY   1000006  2.05939407E+01   # TP1   decays
#          BR          NDA       ID1     ID2       ID3       ID4
      9.79010463E-02    2      1000022         6                       # TP1    -->  Z1SS   TP                 
      1.67655185E-01    2      1000023         6                       # TP1    -->  Z2SS   TP                 
      2.43816108E-01    2      1000025         6                       # TP1    -->  Z3SS   TP                 
      2.99966112E-02    2      1000035         6                       # TP1    -->  Z4SS   TP                 
      3.87382150E-01    2      1000024         5                       # TP1    -->  W1SS+  BT                 
      7.32488930E-02    2      1000037         5                       # TP1    -->  W2SS+  BT                 
#         PDG         Width
DECAY   2000002  2.23390937E+00   # UPR   decays
#          BR          NDA       ID1     ID2       ID3       ID4
      9.56360042E-01    2      1000022         2                       # UPR    -->  Z1SS   UP                 
      3.69602516E-02    2      1000023         2                       # UPR    -->  Z2SS   UP                 
      1.71323924E-03    2      1000025         2                       # UPR    -->  Z3SS   UP                 
      4.96648578E-03    2      1000035         2                       # UPR    -->  Z4SS   UP                 
#         PDG         Width
DECAY   2000001  5.56937993E-01   # DNR   decays
#          BR          NDA       ID1     ID2       ID3       ID4
      9.56394553E-01    2      1000022         1                       # DNR    -->  Z1SS   DN                 
      3.69359739E-02    2      1000023         1                       # DNR    -->  Z2SS   DN                 
      1.71163958E-03    2      1000025         1                       # DNR    -->  Z3SS   DN                 
      4.95784543E-03    2      1000035         1                       # DNR    -->  Z4SS   DN                 
#         PDG         Width
DECAY   2000003  5.56938052E-01   # STR   decays
#          BR          NDA       ID1     ID2       ID3       ID4
      9.56394553E-01    2      1000022         3                       # STR    -->  Z1SS   ST                 
      3.69359776E-02    2      1000023         3                       # STR    -->  Z2SS   ST                 
      1.71163969E-03    2      1000025         3                       # STR    -->  Z3SS   ST                 
      4.95784590E-03    2      1000035         3                       # STR    -->  Z4SS   ST                 
#         PDG         Width
DECAY   2000004  2.23390388E+00   # CHR   decays
#          BR          NDA       ID1     ID2       ID3       ID4
      9.56360042E-01    2      1000022         4                       # CHR    -->  Z1SS   CH                 
      3.69602405E-02    2      1000023         4                       # CHR    -->  Z2SS   CH                 
      1.71323866E-03    2      1000025         4                       # CHR    -->  Z3SS   CH                 
      4.96648205E-03    2      1000035         4                       # CHR    -->  Z4SS   CH                 
#         PDG         Width
DECAY   2000005  1.71074429E+01   # BT2   decays
#          BR          NDA       ID1     ID2       ID3       ID4
      1.10440142E-02    2      1000022         5                       # BT2    -->  Z1SS   BT                 
      4.77914549E-02    2      1000023         5                       # BT2    -->  Z2SS   BT                 
      1.10908328E-02    2      1000025         5                       # BT2    -->  Z3SS   BT                 
      1.15438670E-01    2      1000035         5                       # BT2    -->  Z4SS   BT                 
      3.50711226E-01    2     -1000024         6                       # BT2    -->  W1SS-  TP                 
      4.63923812E-01    2     -1000037         6                       # BT2    -->  W2SS-  TP                 
#         PDG         Width
DECAY   2000006  2.03794670E+01   # TP2   decays
#          BR          NDA       ID1     ID2       ID3       ID4
      5.04174381E-02    2      1000024         5                       # TP2    -->  W1SS+  BT                 
      2.92071939E-01    2      1000037         5                       # TP2    -->  W2SS+  BT                 
      3.98371514E-04    2           23   1000006                       # TP2    -->  Z0     TP1                
      6.55219378E-03    2      1000022         6                       # TP2    -->  Z1SS   TP                 
      1.60569072E-01    2      1000023         6                       # TP2    -->  Z2SS   TP                 
      2.32413471E-01    2      1000025         6                       # TP2    -->  Z3SS   TP                 
      2.57577509E-01    2      1000035         6                       # TP2    -->  Z4SS   TP                 
#         PDG         Width
DECAY   1000011  1.29704788E-01   # EL-   decays
#          BR          NDA       ID1     ID2       ID3       ID4
      9.99929190E-01    2      1000022        11                       # EL-    -->  Z1SS   E-                 
      3.51348863E-05    3      1000015        11       -15             # EL-    -->  TAU1-  E-     TAU+        
      3.56468263E-05    3     -1000015        11        15             # EL-    -->  TAU1+  E-     TAU-        
      2.45297274E-16    2           11   1000039                       # EL-    -->  E-     GVSS               
#         PDG         Width
DECAY   1000013  1.29704759E-01   # MUL-  decays
#          BR          NDA       ID1     ID2       ID3       ID4
      9.99929190E-01    2      1000022        13                       # MUL-   -->  Z1SS   MU-                
      3.51349699E-05    3      1000015        13       -15             # MUL-   -->  TAU1-  MU-    TAU+        
      3.56468991E-05    3     -1000015        13        15             # MUL-   -->  TAU1+  MU-    TAU-        
      2.45297353E-16    2           13   1000039                       # MUL-   -->  MU-    GVSS               
#         PDG         Width
#DECAY   1000015  7.30616737E-19   # TAU1- decays
DECAY   1000015  0.000000000000   # TAU1- decays
#          BR          NDA       ID1     ID2       ID3       ID4
#      1.00000000E+00    2           15   1000039                       # TAU1-  -->  TAU-   GVSS               
#         PDG         Width
DECAY   1000012  1.62422791E-01   # NUEL  decays
#          BR          NDA       ID1     ID2       ID3       ID4
      9.99971032E-01    2      1000022        12                       # NUEL   -->  Z1SS   NUE                
      4.63925471E-06    3      1000015        12       -15             # NUEL   -->  TAU1-  NUE    TAU+        
      5.79149628E-06    3     -1000015        12        15             # NUEL   -->  TAU1+  NUE    TAU-        
      1.85283625E-05    3     -1000015        11        16             # NUEL   -->  TAU1+  E-     NUT         
      1.57301655E-16    2           12   1000039                       # NUEL   -->  NUE    GVSS               
#         PDG         Width
DECAY   1000014  1.62422791E-01   # NUML  decays
#          BR          NDA       ID1     ID2       ID3       ID4
      9.99971032E-01    2      1000022        14                       # NUML   -->  Z1SS   NUM                
      4.63925471E-06    3      1000015        14       -15             # NUML   -->  TAU1-  NUM    TAU+        
      5.79149628E-06    3     -1000015        14        15             # NUML   -->  TAU1+  NUM    TAU-        
      1.85306890E-05    3     -1000015        13        16             # NUML   -->  TAU1+  MU-    NUT         
      1.57301655E-16    2           14   1000039                       # NUML   -->  NUM    GVSS               
#         PDG         Width
DECAY   1000016  1.87337041E-01   # NUTL  decays
#          BR          NDA       ID1     ID2       ID3       ID4
      8.64606559E-01    2      1000022        16                       # NUTL   -->  Z1SS   NUT                
      1.35383964E-01    2           24   1000015                       # NUTL   -->  W+     TAU1-              
      4.51795813E-06    3     -1000015        16        15             # NUTL   -->  TAU1+  NUT    TAU-        
      4.96724715E-06    3      1000015        16       -15             # NUTL   -->  TAU1-  NUT    TAU+        
      1.35880364E-16    2           16   1000039                       # NUTL   -->  NUT    GVSS               
#         PDG         Width
DECAY   2000011  1.03601080E-12   # ER-   decays
#          BR          NDA       ID1     ID2       ID3       ID4
      3.76502603E-01    3      1000015        11       -15             # ER-    -->  TAU1-  E-     TAU+        
      6.23496652E-01    3     -1000015        11        15             # ER-    -->  TAU1+  E-     TAU-        
      1.69322160E-11    3      1000015        12       -16             # ER-    -->  TAU1-  NUE    ANUT        
      7.72504677E-07    2           11   1000039                       # ER-    -->  E-     GVSS               
#         PDG         Width
DECAY   2000013  1.03612431E-12   # MUR-  decays
#          BR          NDA       ID1     ID2       ID3       ID4
      3.76502514E-01    3      1000015        13       -15             # MUR-   -->  TAU1-  MU-    TAU+        
      6.23495996E-01    3     -1000015        13        15             # MUR-   -->  TAU1+  MU-    TAU-        
      7.20682635E-07    3      1000015        14       -16             # MUR-   -->  TAU1-  NUM    ANUT        
      7.72419469E-07    2           13   1000039                       # MUR-   -->  MU-    GVSS               
#         PDG         Width
DECAY   2000015  1.70307890E-01   # TAU2- decays
#          BR          NDA       ID1     ID2       ID3       ID4
      7.70206451E-01    2      1000022        15                       # TAU2-  -->  Z1SS   TAU-               
      8.87991935E-02    2           23   1000015                       # TAU2-  -->  Z0     TAU1-              
      1.40994340E-01    2           25   1000015                       # TAU2-  -->  HL0    TAU1-              
#         PDG         Width
DECAY   1000022  4.43698376E-01   # Z1SS  decays
#          BR          NDA       ID1     ID2       ID3       ID4
      1.60311222E-01    2      2000011       -11                       # Z1SS   -->  ER-    E+                 
      1.60311222E-01    2     -2000011        11                       # Z1SS   -->  ER+    E-                 
      1.60310656E-01    2      2000013       -13                       # Z1SS   -->  MUR-   MU+                
      1.60310656E-01    2     -2000013        13                       # Z1SS   -->  MUR+   MU-                
      1.79378122E-01    2      1000015       -15                       # Z1SS   -->  TAU1-  TAU+               
      1.79378122E-01    2     -1000015        15                       # Z1SS   -->  TAU1+  TAU-               
      4.13352450E-18    2      1000039        22                       # Z1SS   -->  GVSS   GM                 
      8.83101124E-20    3      1000039        11       -11             # Z1SS   -->  GVSS   E-     E+          
      6.58672134E-19    2      1000039        23                       # Z1SS   -->  GVSS   Z0                 
      6.11875354E-21    2      1000039        25                       # Z1SS   -->  GVSS   HL0                
#         PDG         Width
DECAY   1000023  2.74292588E-01   # Z2SS  decays
#          BR          NDA       ID1     ID2       ID3       ID4
      1.68447443E-07    2      1000022        22                       # Z2SS   -->  Z1SS   GM                 
      3.33363302E-02    2      1000022        23                       # Z2SS   -->  Z1SS   Z0                 
      3.14560538E-08    3      1000022         2        -2             # Z2SS   -->  Z1SS   UP     UB          
      2.60262656E-08    3      1000022         1        -1             # Z2SS   -->  Z1SS   DN     DB          
      2.60262638E-08    3      1000022         3        -3             # Z2SS   -->  Z1SS   ST     SB          
      3.14559330E-08    3      1000022         4        -4             # Z2SS   -->  Z1SS   CH     CB          
      4.38695935E-07    3      1000022         5        -5             # Z2SS   -->  Z1SS   BT     BB          
      6.26037817E-08    3      1000022        15       -15             # Z2SS   -->  Z1SS   TAU-   TAU+        
      3.62425923E-01    2      1000022        25                       # Z2SS   -->  Z1SS   HL0                
      1.14458846E-03    2      1000011       -11                       # Z2SS   -->  EL-    E+                 
      1.14458846E-03    2     -1000011        11                       # Z2SS   -->  EL+    E-                 
      1.14434143E-03    2      1000013       -13                       # Z2SS   -->  MUL-   MU+                
      1.14434143E-03    2     -1000013        13                       # Z2SS   -->  MUL+   MU-                
      7.92922005E-02    2      2000011       -11                       # Z2SS   -->  ER-    E+                 
      7.92922005E-02    2     -2000011        11                       # Z2SS   -->  ER+    E-                 
      7.92921782E-02    2      2000013       -13                       # Z2SS   -->  MUR-   MU+                
      7.92921782E-02    2     -2000013        13                       # Z2SS   -->  MUR+   MU-                
      1.18631259E-01    2      1000015       -15                       # Z2SS   -->  TAU1-  TAU+               
      1.18631259E-01    2     -1000015        15                       # Z2SS   -->  TAU1+  TAU-               
      1.14065863E-03    2      2000015       -15                       # Z2SS   -->  TAU2-  TAU+               
      1.14065863E-03    2     -2000015        15                       # Z2SS   -->  TAU2+  TAU-               
      7.10202800E-03    2      1000012       -12                       # Z2SS   -->  NUEL   ANUE               
      7.10202800E-03    2     -1000012        12                       # Z2SS   -->  ANUEL  NUE                
      7.10202800E-03    2      1000014       -14                       # Z2SS   -->  NUML   ANUM               
      7.10202800E-03    2     -1000014        14                       # Z2SS   -->  ANUML  NUM                
      7.26920506E-03    2      1000016       -16                       # Z2SS   -->  NUTL   ANUT               
      7.26920506E-03    2     -1000016        16                       # Z2SS   -->  ANUTL  NUT                
      2.64927636E-17    2      1000039        22                       # Z2SS   -->  GVSS   GM                 
      5.88454633E-19    3      1000039        11       -11             # Z2SS   -->  GVSS   E-     E+          
      3.15970322E-17    2      1000039        23                       # Z2SS   -->  GVSS   Z0                 
      8.46174747E-18    2      1000039        25                       # Z2SS   -->  GVSS   HL0                
#         PDG         Width
DECAY   1000025  2.17756465E-01   # Z3SS  decays
#          BR          NDA       ID1     ID2       ID3       ID4
      3.57063044E-07    2      1000022        22                       # Z3SS   -->  Z1SS   GM                 
      6.78854126E-11    2      1000023        22                       # Z3SS   -->  Z2SS   GM                 
      8.45731338E-05    3     -1000024         2        -1             # Z3SS   -->  W1SS-  UP     DB          
      2.81910452E-05    3     -1000024        12       -11             # Z3SS   -->  W1SS-  NUE    E+          
      2.81910452E-05    3     -1000024        14       -13             # Z3SS   -->  W1SS-  NUM    MU+         
      8.45731338E-05    3      1000024         1        -2             # Z3SS   -->  W1SS+  DN     UB          
      2.81910452E-05    3      1000024        11       -12             # Z3SS   -->  W1SS+  E-     ANUE        
      2.81910452E-05    3      1000024        13       -14             # Z3SS   -->  W1SS+  MU-    ANUM        
      8.45731338E-05    3     -1000024         4        -3             # Z3SS   -->  W1SS-  CH     SB          
      2.81910452E-05    3     -1000024        16       -15             # Z3SS   -->  W1SS-  NUT    TAU+        
      8.45731338E-05    3      1000024         3        -4             # Z3SS   -->  W1SS+  ST     CB          
      2.81910452E-05    3      1000024        15       -16             # Z3SS   -->  W1SS+  TAU-   ANUT        
      8.07874799E-01    2      1000022        23                       # Z3SS   -->  Z1SS   Z0                 
      1.58771729E-09    3      1000022         2        -2             # Z3SS   -->  Z1SS   UP     UB          
      6.69336919E-10    3      1000022         1        -1             # Z3SS   -->  Z1SS   DN     DB          
      6.69336919E-10    3      1000022         3        -3             # Z3SS   -->  Z1SS   ST     SB          
      1.58771107E-09    3      1000022         4        -4             # Z3SS   -->  Z1SS   CH     CB          
      1.38455630E-06    3      1000022         5        -5             # Z3SS   -->  Z1SS   BT     BB          
      2.15402522E-07    3      1000022        15       -15             # Z3SS   -->  Z1SS   TAU-   TAU+        
      2.41223133E-05    3      1000023         2        -2             # Z3SS   -->  Z2SS   UP     UB          
      3.10709984E-05    3      1000023         1        -1             # Z3SS   -->  Z2SS   DN     DB          
      3.10709984E-05    3      1000023         3        -3             # Z3SS   -->  Z2SS   ST     SB          
      2.41223133E-05    3      1000023         4        -4             # Z3SS   -->  Z2SS   CH     CB          
      2.53899198E-05    3      1000023         5        -5             # Z3SS   -->  Z2SS   BT     BB          
      7.05269804E-06    3      1000023        11       -11             # Z3SS   -->  Z2SS   E-     E+          
      7.05269804E-06    3      1000023        13       -13             # Z3SS   -->  Z2SS   MU-    MU+         
      6.81832671E-06    3      1000023        15       -15             # Z3SS   -->  Z2SS   TAU-   TAU+        
      1.40326501E-05    3      1000023        12       -12             # Z3SS   -->  Z2SS   NUE    ANUE        
      1.40326501E-05    3      1000023        14       -14             # Z3SS   -->  Z2SS   NUM    ANUM        
      1.40326501E-05    3      1000023        16       -16             # Z3SS   -->  Z2SS   NUT    ANUT        
      3.27396579E-02    2      1000022        25                       # Z3SS   -->  Z1SS   HL0                
      2.22082497E-04    2      1000011       -11                       # Z3SS   -->  EL-    E+                 
      2.22082497E-04    2     -1000011        11                       # Z3SS   -->  EL+    E-                 
      2.22081610E-04    2      1000013       -13                       # Z3SS   -->  MUL-   MU+                
      2.22081610E-04    2     -1000013        13                       # Z3SS   -->  MUL+   MU-                
      6.01488724E-03    2      2000011       -11                       # Z3SS   -->  ER-    E+                 
      6.01488724E-03    2     -2000011        11                       # Z3SS   -->  ER+    E-                 
      6.01488631E-03    2      2000013       -13                       # Z3SS   -->  MUR-   MU+                
      6.01488631E-03    2     -2000013        13                       # Z3SS   -->  MUR+   MU-                
      5.63214421E-02    2      1000015       -15                       # Z3SS   -->  TAU1-  TAU+               
      5.63214421E-02    2     -1000015        15                       # Z3SS   -->  TAU1+  TAU-               
      4.18765191E-03    2      2000015       -15                       # Z3SS   -->  TAU2-  TAU+               
      4.18765191E-03    2     -2000015        15                       # Z3SS   -->  TAU2+  TAU-               
      2.11319351E-03    2      1000012       -12                       # Z3SS   -->  NUEL   ANUE               
      2.11319351E-03    2     -1000012        12                       # Z3SS   -->  ANUEL  NUE                
      2.11319351E-03    2      1000014       -14                       # Z3SS   -->  NUML   ANUM               
      2.11319351E-03    2     -1000014        14                       # Z3SS   -->  ANUML  NUM                
      2.12925463E-03    2      1000016       -16                       # Z3SS   -->  NUTL   ANUT               
      2.12925463E-03    2     -1000016        16                       # Z3SS   -->  ANUTL  NUT                
      2.67224025E-20    2      1000039        22                       # Z3SS   -->  GVSS   GM                 
      5.98195724E-22    3      1000039        11       -11             # Z3SS   -->  GVSS   E-     E+          
      4.34454217E-17    2      1000039        23                       # Z3SS   -->  GVSS   Z0                 
      5.53407421E-17    2      1000039        25                       # Z3SS   -->  GVSS   HL0                
#         PDG         Width
DECAY   1000035  2.63116789E+00   # Z4SS  decays
#          BR          NDA       ID1     ID2       ID3       ID4
      3.88476051E-09    2      1000022        22                       # Z4SS   -->  Z1SS   GM                 
      2.47521427E-07    2      1000023        22                       # Z4SS   -->  Z2SS   GM                 
      3.66916652E-07    2      1000025        22                       # Z4SS   -->  Z3SS   GM                 
      1.14714019E-01    2      1000024       -24                       # Z4SS   -->  W1SS+  W-                 
      1.14714019E-01    2     -1000024        24                       # Z4SS   -->  W1SS-  W+                 
      2.24886998E-10    3     -1000037         2        -1             # Z4SS   -->  W2SS-  UP     DB          
      7.49623350E-11    3     -1000037        12       -11             # Z4SS   -->  W2SS-  NUE    E+          
      7.49623350E-11    3     -1000037        14       -13             # Z4SS   -->  W2SS-  NUM    MU+         
      2.24886998E-10    3      1000037         1        -2             # Z4SS   -->  W2SS+  DN     UB          
      7.49623350E-11    3      1000037        11       -12             # Z4SS   -->  W2SS+  E-     ANUE        
      7.49623350E-11    3      1000037        13       -14             # Z4SS   -->  W2SS+  MU-    ANUM        
      2.24886998E-10    3     -1000037         4        -3             # Z4SS   -->  W2SS-  CH     SB          
      7.49623350E-11    3     -1000037        16       -15             # Z4SS   -->  W2SS-  NUT    TAU+        
      2.24886998E-10    3      1000037         3        -4             # Z4SS   -->  W2SS+  ST     CB          
      7.49623350E-11    3      1000037        15       -16             # Z4SS   -->  W2SS+  TAU-   ANUT        
      2.22072075E-03    2      1000022        23                       # Z4SS   -->  Z1SS   Z0                 
      6.75142452E-04    2      1000023        23                       # Z4SS   -->  Z2SS   Z0                 
      3.78706311E-08    3      1000022         2        -2             # Z4SS   -->  Z1SS   UP     UB          
      1.07426800E-07    3      1000022         1        -1             # Z4SS   -->  Z1SS   DN     DB          
      1.07426800E-07    3      1000022         3        -3             # Z4SS   -->  Z1SS   ST     SB          
      3.78704783E-08    3      1000022         4        -4             # Z4SS   -->  Z1SS   CH     CB          
      1.32377792E-07    3      1000022         5        -5             # Z4SS   -->  Z1SS   BT     BB          
      2.03019623E-09    3      1000022        15       -15             # Z4SS   -->  Z1SS   TAU-   TAU+        
      3.62783616E-08    3      1000023         2        -2             # Z4SS   -->  Z2SS   UP     UB          
      2.98068095E-08    3      1000023         1        -1             # Z4SS   -->  Z2SS   DN     DB          
      2.98068095E-08    3      1000023         3        -3             # Z4SS   -->  Z2SS   ST     SB          
      3.62782124E-08    3      1000023         4        -4             # Z4SS   -->  Z2SS   CH     CB          
      5.31964339E-08    3      1000023         5        -5             # Z4SS   -->  Z2SS   BT     BB          
      2.76152456E-09    3      1000023        15       -15             # Z4SS   -->  Z2SS   TAU-   TAU+        
      1.15562179E-04    3      1000025         2        -2             # Z4SS   -->  Z3SS   UP     UB          
      1.49247324E-04    3      1000025         1        -1             # Z4SS   -->  Z3SS   DN     DB          
      1.49247324E-04    3      1000025         3        -3             # Z4SS   -->  Z3SS   ST     SB          
      1.15562179E-04    3      1000025         4        -4             # Z4SS   -->  Z3SS   CH     CB          
      1.48255145E-04    3      1000025         5        -5             # Z4SS   -->  Z3SS   BT     BB          
      3.38277241E-05    3      1000025        11       -11             # Z4SS   -->  Z3SS   E-     E+          
      3.38277241E-05    3      1000025        13       -13             # Z4SS   -->  Z3SS   MU-    MU+         
      3.37908605E-05    3      1000025        15       -15             # Z4SS   -->  Z3SS   TAU-   TAU+        
      6.73065297E-05    3      1000025        12       -12             # Z4SS   -->  Z3SS   NUE    ANUE        
      6.73065297E-05    3      1000025        14       -14             # Z4SS   -->  Z3SS   NUM    ANUM        
      6.73065297E-05    3      1000025        16       -16             # Z4SS   -->  Z3SS   NUT    ANUT        
      1.45042604E-02    2      1000022        25                       # Z4SS   -->  Z1SS   HL0                
      1.35673760E-02    2      1000023        25                       # Z4SS   -->  Z2SS   HL0                
      4.82663177E-02    2      1000011       -11                       # Z4SS   -->  EL-    E+                 
      4.82663177E-02    2     -1000011        11                       # Z4SS   -->  EL+    E-                 
      4.82662879E-02    2      1000013       -13                       # Z4SS   -->  MUL-   MU+                
      4.82662879E-02    2     -1000013        13                       # Z4SS   -->  MUL+   MU-                
      2.34914594E-03    2      2000011       -11                       # Z4SS   -->  ER-    E+                 
      2.34914594E-03    2     -2000011        11                       # Z4SS   -->  ER+    E-                 
      2.34914571E-03    2      2000013       -13                       # Z4SS   -->  MUR-   MU+                
      2.34914571E-03    2     -2000013        13                       # Z4SS   -->  MUR+   MU-                
      2.30167247E-03    2      1000015       -15                       # Z4SS   -->  TAU1-  TAU+               
      2.30167247E-03    2     -1000015        15                       # Z4SS   -->  TAU1+  TAU-               
      4.90139388E-02    2      2000015       -15                       # Z4SS   -->  TAU2-  TAU+               
      4.90139388E-02    2     -2000015        15                       # Z4SS   -->  TAU2+  TAU-               
      7.21892342E-02    2      1000012       -12                       # Z4SS   -->  NUEL   ANUE               
      7.21892342E-02    2     -1000012        12                       # Z4SS   -->  ANUEL  NUE                
      7.21892342E-02    2      1000014       -14                       # Z4SS   -->  NUML   ANUM               
      7.21892342E-02    2     -1000014        14                       # Z4SS   -->  ANUML  NUM                
      7.23860189E-02    2      1000016       -16                       # Z4SS   -->  NUTL   ANUT               
      7.23860189E-02    2     -1000016        16                       # Z4SS   -->  ANUTL  NUT                
      6.10593130E-18    2      1000039        22                       # Z4SS   -->  GVSS   GM                 
      1.38733802E-19    3      1000039        11       -11             # Z4SS   -->  GVSS   E-     E+          
      3.48983034E-17    2      1000039        23                       # Z4SS   -->  GVSS   Z0                 
      3.79802543E-18    2      1000039        25                       # Z4SS   -->  GVSS   HL0                
#         PDG         Width
DECAY   1000024  1.53127000E-01   # W1SS+ decays
#          BR          NDA       ID1     ID2       ID3       ID4
      6.06455757E-08    3      1000022         2        -1             # W1SS+  -->  Z1SS   UP     DB          
      6.06454975E-08    3      1000022         4        -3             # W1SS+  -->  Z1SS   CH     SB          
      9.21580892E-08    3      1000022       -15        16             # W1SS+  -->  Z1SS   TAU+   NUT         
      6.87230885E-01    2      1000022        24                       # W1SS+  -->  Z1SS   W+                 
      1.01260085E-13    3      1000023       -11        12             # W1SS+  -->  Z2SS   E+     NUE         
      1.01260085E-13    3      1000023       -13        14             # W1SS+  -->  Z2SS   MU+    NUM         
      4.95285355E-02    2      1000012       -11                       # W1SS+  -->  NUEL   E+                 
      4.95278910E-02    2      1000014       -13                       # W1SS+  -->  NUML   MU+                
      5.43094017E-02    2      1000016       -15                       # W1SS+  -->  NUTL   TAU+               
      2.96637043E-03    2     -1000011        12                       # W1SS+  -->  EL+    NUE                
      2.96633923E-03    2     -1000013        14                       # W1SS+  -->  MUL+   NUM                
      1.50801405E-01    2     -1000015        16                       # W1SS+  -->  TAU1+  NUT                
      2.66895653E-03    2     -2000015        16                       # W1SS+  -->  TAU2+  NUT                
#         PDG         Width
DECAY   1000037  2.28607821E+00   # W2SS+ decays
#          BR          NDA       ID1     ID2       ID3       ID4
      1.45560122E-07    3      1000022         2        -1             # W2SS+  -->  Z1SS   UP     DB          
      1.45559966E-07    3      1000022         4        -3             # W2SS+  -->  Z1SS   CH     SB          
      1.91144753E-10    3      1000022       -15        16             # W2SS+  -->  Z1SS   TAU+   NUT         
      1.10456971E-02    2      1000022        24                       # W2SS+  -->  Z1SS   W+                 
      2.26810251E-08    3      1000023         2        -1             # W2SS+  -->  Z2SS   UP     DB          
      2.26809789E-08    3      1000023         4        -3             # W2SS+  -->  Z2SS   CH     SB          
      1.42353649E-08    3      1000023       -15        16             # W2SS+  -->  Z2SS   TAU+   NUT         
      1.21073380E-01    2      1000023        24                       # W2SS+  -->  Z2SS   W+                 
      1.04717119E-03    3      1000025         2        -1             # W2SS+  -->  Z3SS   UP     DB          
      1.04717119E-03    3      1000025         4        -3             # W2SS+  -->  Z3SS   CH     SB          
      3.48994770E-04    3      1000025       -11        12             # W2SS+  -->  Z3SS   E+     NUE         
      3.48994770E-04    3      1000025       -13        14             # W2SS+  -->  Z3SS   MU+    NUM         
      3.48996167E-04    3      1000025       -15        16             # W2SS+  -->  Z3SS   TAU+   NUT         
      1.30556509E-01    2      1000012       -11                       # W2SS+  -->  NUEL   E+                 
      1.30556464E-01    2      1000014       -13                       # W2SS+  -->  NUML   MU+                
      1.31887510E-01    2      1000016       -15                       # W2SS+  -->  NUTL   TAU+               
      1.31341413E-01    2     -1000011        12                       # W2SS+  -->  EL+    NUE                
      1.31341368E-01    2     -1000013        14                       # W2SS+  -->  MUL+   NUM                
      3.20134801E-04    2     -1000015        16                       # W2SS+  -->  TAU1+  NUT                
      1.32044330E-01    2     -2000015        16                       # W2SS+  -->  TAU2+  NUT                
      6.82422072E-02    2      1000024        23                       # W2SS+  -->  W1SS+  Z0                 
      4.75395829E-08    3      1000024         1        -1             # W2SS+  -->  W1SS+  DN     DB          
      4.75393875E-08    3      1000024         3        -3             # W2SS+  -->  W1SS+  ST     SB          
      3.93536723E-08    3      1000024         2        -2             # W2SS+  -->  W1SS+  UP     UB          
      3.93536723E-08    3      1000024         4        -4             # W2SS+  -->  W1SS+  CH     CB          
      8.44913814E-03    2      1000024        25                       # W2SS+  -->  W1SS+  HL0                
#         PDG         Width
DECAY        25  5.42118773E-03   # HL0   decays
#          BR          NDA       ID1     ID2       ID3       ID4
      4.21650537E-09    2           11       -11                       # HL0    -->  E-     E+                 
      1.78027563E-04    2           13       -13                       # HL0    -->  MU-    MU+                
      5.09148352E-02    2           15       -15                       # HL0    -->  TAU-   TAU+               
      5.29335193E-06    2            1        -1                       # HL0    -->  DN     DB                 
      2.13877927E-03    2            3        -3                       # HL0    -->  ST     SB                 
      8.47477257E-01    2            5        -5                       # HL0    -->  BT     BB                 
      1.42387705E-06    2            2        -2                       # HL0    -->  UP     UB                 
      3.58422250E-02    2            4        -4                       # HL0    -->  CH     CB                 
      1.28480443E-03    2           22        22                       # HL0    -->  GM     GM                 
      2.83268914E-02    2           21        21                       # HL0    -->  GL     GL                 
      1.76231819E-03    3           24        11       -12             # HL0    -->  W+     E-     ANUE        
      1.76231819E-03    3           24        13       -14             # HL0    -->  W+     MU-    ANUM        
      1.76231819E-03    3           24        15       -16             # HL0    -->  W+     TAU-   ANUT        
      5.28695434E-03    3           24        -2         1             # HL0    -->  W+     UB     DN          
      5.28695434E-03    3           24        -4         3             # HL0    -->  W+     CB     ST          
      1.76231819E-03    3          -24       -11        12             # HL0    -->  W-     E+     NUE         
      1.76231819E-03    3          -24       -13        14             # HL0    -->  W-     MU+    NUM         
      1.76231819E-03    3          -24       -15        16             # HL0    -->  W-     TAU+   NUT         
      5.28695434E-03    3          -24         2        -1             # HL0    -->  W-     UP     DB          
      5.28695434E-03    3          -24         4        -3             # HL0    -->  W-     CH     SB          
      1.44216858E-04    3           23        12       -12             # HL0    -->  Z0     NUE    ANUE        
      1.44216858E-04    3           23        14       -14             # HL0    -->  Z0     NUM    ANUM        
      1.44216858E-04    3           23        16       -16             # HL0    -->  Z0     NUT    ANUT        
      7.25829013E-05    3           23        11       -11             # HL0    -->  Z0     E-     E+          
      7.25829013E-05    3           23        13       -13             # HL0    -->  Z0     MU-    MU+         
      7.25829013E-05    3           23        15       -15             # HL0    -->  Z0     TAU-   TAU+        
      2.48662865E-04    3           23         2        -2             # HL0    -->  Z0     UP     UB          
      2.48662865E-04    3           23         4        -4             # HL0    -->  Z0     CH     CB          
      3.20339022E-04    3           23         1        -1             # HL0    -->  Z0     DN     DB          
      3.20339022E-04    3           23         3        -3             # HL0    -->  Z0     ST     SB          
      3.20339022E-04    3           23         5        -5             # HL0    -->  Z0     BT     BB          
#         PDG         Width
DECAY        35  9.03558671E-01   # HH0   decays
#          BR          NDA       ID1     ID2       ID3       ID4
      9.12877418E-09    2           11       -11                       # HH0    -->  E-     E+                 
      3.85433232E-04    2           13       -13                       # HH0    -->  MU-    MU+                
      1.10385165E-01    2           15       -15                       # HH0    -->  TAU-   TAU+               
      1.12556409E-05    2            1        -1                       # HH0    -->  DN     DB                 
      4.54784837E-03    2            3        -3                       # HH0    -->  ST     SB                 
      7.01771498E-01    2            5        -5                       # HH0    -->  BT     BB                 
      4.28391184E-10    2            2        -2                       # HH0    -->  UP     UB                 
      8.81094820E-06    2            4        -4                       # HH0    -->  CH     CB                 
      1.59181967E-01    2            6        -6                       # HH0    -->  TP     TB                 
      1.26898362E-06    2           22        22                       # HH0    -->  GM     GM                 
      2.65633134E-04    2           21        21                       # HH0    -->  GL     GL                 
      2.82622268E-03    2           24       -24                       # HH0    -->  W+     W-                 
      1.38488412E-03    2           23        23                       # HH0    -->  Z0     Z0                 
      8.01329967E-03    2      1000022   1000022                       # HH0    -->  Z1SS   Z1SS               
      1.01437606E-02    2           25        25                       # HH0    -->  HL0    HL0                
      3.66454449E-04    2      2000011  -2000011                       # HH0    -->  ER-    ER+                
      3.66254593E-04    2      2000013  -2000013                       # HH0    -->  MUR-   MUR+               
      3.40220664E-04    2      1000015  -1000015                       # HH0    -->  TAU1-  TAU1+              
#         PDG         Width
DECAY        36  9.96460378E-01   # HA0   decays
#          BR          NDA       ID1     ID2       ID3       ID4
      8.23242896E-09    2           11       -11                       # HA0    -->  E-     E+                 
      3.47587978E-04    2           13       -13                       # HA0    -->  MU-    MU+                
      9.95518342E-02    2           15       -15                       # HA0    -->  TAU-   TAU+               
      1.01511787E-05    2            1        -1                       # HA0    -->  DN     DB                 
      4.10158979E-03    2            3        -3                       # HA0    -->  ST     SB                 
      6.33043230E-01    2            5        -5                       # HA0    -->  BT     BB                 
      3.24805155E-10    2            2        -2                       # HA0    -->  UP     UB                 
      6.68674011E-06    2            4        -4                       # HA0    -->  CH     CB                 
      2.30743408E-01    2            6        -6                       # HA0    -->  TP     TB                 
      9.30286888E-07    2           22        22                       # HA0    -->  GM     GM                 
      2.00692899E-04    2           21        21                       # HA0    -->  GL     GL                 
      2.97762379E-02    2      1000022   1000022                       # HA0    -->  Z1SS   Z1SS               
      2.21696869E-03    2           25        23                       # HA0    -->  HL0    Z0                 
      6.67159782E-07    2      1000015  -1000015                       # HA0    -->  TAU1-  TAU1+              
#         PDG         Width
DECAY        37  7.57387042E-01   # H+    decays
#          BR          NDA       ID1     ID2       ID3       ID4
      1.10506839E-08    2           12       -11                       # H+     -->  NUE    E+                 
      4.66579775E-04    2           14       -13                       # H+     -->  NUM    MU+                
      1.33632123E-01    2           16       -15                       # H+     -->  NUT    TAU+               
      1.24437975E-05    2            2        -1                       # H+     -->  UP     DB                 
      5.03586000E-03    2            4        -3                       # H+     -->  CH     SB                 
      8.57610643E-01    2            6        -5                       # H+     -->  TP     BB                 
      3.18526849E-03    2           25        24                       # H+     -->  HL0    W+                 
      5.70777229E-05    2     -1000015   1000016                       # H+     -->  TAU1+  NUTL               
