#  ISAJET decay tables in SUSY Les Houches accord format
#  Created by ISALHD. Last revision: C. Balazs, 2005 May 25
Block DCINFO   # Program information
    1             ISASUGRA from ISAJET          # Spectrum Calculator
    2   7.69   21-AUG-2003 11:39:06             # Version number
#  SUSY parameters in Les Houches accord format
Block MODSEL   # Model selection
    1    2   #  Minimal gauge mediated (GMSB) model              
Block MINPAR   # Input parameters
    1    4.000000000E+04   # Lambda
    2    8.000000000E+04   # M_mes
    3    3.000000000E+00   # N_5
    4    1.000000000E+01   # tan(beta
    5    1.000000000E+00   # sgn(mu)
    6    1.740000000E+02   # M_t
    7    1.000000000E+04   # C_grav
Block EXTPAR    # Input parameters - non-minimal models
    8    1.000000000E+00   # Rsl
    9    0.000000000E+00   # dmH_d^2
   10    0.000000000E+00   # dmH_u^2
   11    0.000000000E+00   # d_Y
   12    3.000000000E+00   # N5_1
   13    3.000000000E+00   # N5_2
   14    3.000000000E+00   # N5_3
#  
Block MASS   # Scalar and gaugino mass spectrum
#  PDG code   mass                 particle
         6    1.740000000E+02   #  top            
        25    1.124562225E+02   #  h^0            
        35    3.983094788E+02   #  H^0            
        36    3.952300110E+02   #  A^0            
        37    4.058635559E+02   #  H^+            
   1000001    9.075678711E+02   #  dnl            
   1000002    9.038302002E+02   #  upl            
   1000003    9.075679321E+02   #  stl            
   1000004    9.038312378E+02   #  chl            
   1000005    8.682687988E+02   #  b1             
   1000006    8.113411255E+02   #  t1             
   1000011    2.672258301E+02   #  el-            
   1000012    2.514285736E+02   #  nuel           
   1000013    2.672258606E+02   #  mul-           
   1000014    2.514285736E+02   #  numl           
   1000015    1.261484909E+02   #  tau1           
   1000016    2.512392426E+02   #  nutl           
   1000021    9.524814453E+02   #  glss           
   1000022    1.592810822E+02   #  z1ss           
   1000023    2.690368652E+02   #  z2ss           
   1000024    2.683081665E+02   #  w1ss           
   1000025   -3.142673645E+02   #  z3ss           
   1000035    3.839762573E+02   #  z4ss           
   1000037    3.815076599E+02   #  w2ss           
   2000001    8.726033936E+02   #  dnr            
   2000002    8.741398926E+02   #  upr            
   2000003    8.726033936E+02   #  str            
   2000004    8.741409912E+02   #  chr            
   2000005    8.769387207E+02   #  b2             
   2000006    8.978227539E+02   #  t2             
   2000011    1.291083832E+02   #  er-            
   2000013    1.291084290E+02   #  mur-           
   2000015    2.676904297E+02   #  tau2           
   1000039    7.698004083E-06   # gravitino       
Block ALPHA   # Higgs mixing
    1   -1.131974980E-01   # alpha
Block HMIX Q= 8.419330444E+02   # Higgs parameters
    1    3.066396790E+02   # mu
Block STOPMIX   # stop mixing matrix
  1  1    3.451701403E-01
  1  2   -9.385401607E-01
  2  1    9.385401607E-01
  2  2    3.451701403E-01
Block SBOTMIX   # sbottom mixing matrix
  1  1    4.921360612E-01
  1  2   -8.705183268E-01
  2  1    8.705183268E-01
  2  2    4.921360612E-01
Block STAUMIX   # stau mixing matrix
  1  1    8.768543601E-02
  1  2   -9.961482286E-01
  2  1    9.961482286E-01
  2  2    8.768543601E-02
Block NMIX   # neutralino mixing matrix
  1  1    9.654945135E-01   # N_11
  1  2   -6.903038919E-02   # N_12
  1  3    2.153859437E-01   # N_13
  1  4   -1.290892959E-01   # N_14
  2  1    2.318920344E-01   # N_21
  2  2    6.472366452E-01   # N_22
  2  3   -5.432482958E-01   # N_23
  2  4    4.818631113E-01   # N_24
  3  1    5.501547828E-02   # N_31
  3  2   -7.526218891E-02   # N_32
  3  3   -6.969093680E-01   # N_33
  3  4   -7.110738754E-01   # N_34
  4  1   -1.049750447E-01   # N_41
  4  2    7.554171681E-01   # N_42
  4  3    4.157007039E-01   # N_43
  4  4   -4.954976737E-01   # N_44
Block UMIX   # chargino U mixing matrix
  1  1   -5.845382810E-01
  1  2    8.113661408E-01
  2  1   -8.113661408E-01
  2  2   -5.845382810E-01
Block VMIX   # chargino V mixing matrix
  1  1   -7.058832645E-01
  1  2    7.083281279E-01
  2  1   -7.083281279E-01
  2  2   -7.058832645E-01
Block AU Q= 8.419330444E+02   #  The trilinear couplings
  3  3   -3.167281799E+02    7.199401757+165   #
Block AD Q= 8.419330444E+02   #  The trilinear couplings
  3  3   -3.504648438E+02    3.580431530+252   #
Block AE Q= 8.419330444E+02   #  The trilinear couplings
  3  3   -4.023299026E+01    1.456328742E+45   #
Block SPINFO   # Program information
    1                                ISASUGRA   # Spectrum Calculator
    2    ISAJET     V7.69   21-AUG-2003 11:39   # Version number
#         PDG         Width
DECAY         6  1.18783092E+00   # TP    decays
#          BR          NDA       ID1     ID2       ID3       ID4
      3.33333343E-01    3            2        -1         5             # TP     -->  UP     DB     BT          
      3.33333343E-01    3            4        -3         5             # TP     -->  CH     SB     BT          
      1.11111112E-01    3          -11        12         5             # TP     -->  E+     NUE    BT          
      1.11111112E-01    3          -13        14         5             # TP     -->  MU+    NUM    BT          
      1.11111112E-01    3          -15        16         5             # TP     -->  TAU+   NUT    BT          
#         PDG         Width
DECAY   1000021  4.27505350E+00   # GLSS  decays
#          BR          NDA       ID1     ID2       ID3       ID4
      1.95350405E-03    3      1000024         5        -6             # GLSS   -->  W1SS+  BT     TB          
      1.95350405E-03    3     -1000024         6        -5             # GLSS   -->  W1SS-  TP     BB          
      2.39723595E-03    3      1000037         5        -6             # GLSS   -->  W2SS+  BT     TB          
      2.39723595E-03    3     -1000037         6        -5             # GLSS   -->  W2SS-  TP     BB          
      3.56831691E-07    2      1000022        21                       # GLSS   -->  Z1SS   GL                 
      1.58256781E-03    3      1000022         6        -6             # GLSS   -->  Z1SS   TP     TB          
      8.97847931E-05    2      1000023        21                       # GLSS   -->  Z2SS   GL                 
      3.14726029E-03    3      1000023         6        -6             # GLSS   -->  Z2SS   TP     TB          
      1.90472056E-04    2      1000025        21                       # GLSS   -->  Z3SS   GL                 
      4.65558702E-03    3      1000025         6        -6             # GLSS   -->  Z3SS   TP     TB          
      1.13423630E-04    2      1000035        21                       # GLSS   -->  Z4SS   GL                 
      3.45772109E-03    3      1000035         6        -6             # GLSS   -->  Z4SS   TP     TB          
      2.55461894E-02    2     -1000002         2                       # GLSS   -->  UBL    UP                 
      2.55461894E-02    2      1000002        -2                       # GLSS   -->  UPL    UB                 
      2.18595173E-02    2     -1000001         1                       # GLSS   -->  DBL    DN                 
      2.18595173E-02    2      1000001        -1                       # GLSS   -->  DNL    DB                 
      6.41383827E-02    2     -2000002         2                       # GLSS   -->  UBR    UP                 
      6.41383827E-02    2      2000002        -2                       # GLSS   -->  UPR    UB                 
      6.65667802E-02    2     -2000001         1                       # GLSS   -->  DBR    DN                 
      6.65667802E-02    2      2000001        -1                       # GLSS   -->  DNR    DB                 
      2.18592547E-02    2     -1000003         3                       # GLSS   -->  SBL    ST                 
      2.18592547E-02    2      1000003        -3                       # GLSS   -->  STL    SB                 
      6.65665865E-02    2     -2000003         3                       # GLSS   -->  SBR    ST                 
      6.65665865E-02    2      2000003        -3                       # GLSS   -->  STR    SB                 
      2.55358107E-02    2     -1000004         4                       # GLSS   -->  CBL    CH                 
      2.55358107E-02    2      1000004        -4                       # GLSS   -->  CHL    CB                 
      6.41279221E-02    2     -2000004         4                       # GLSS   -->  CBR    CH                 
      6.41279221E-02    2      2000004        -4                       # GLSS   -->  CHR    CB                 
      6.96056783E-02    2     -1000005         5                       # GLSS   -->  BB1    BT                 
      6.96056783E-02    2      1000005        -5                       # GLSS   -->  BT1    BB                 
      6.32245466E-02    2     -2000005         5                       # GLSS   -->  BB2    BT                 
      6.32245466E-02    2      2000005        -5                       # GLSS   -->  BT2    BB                 
      3.56263413E-15    2      1000039        21                       # GLSS   -->  GVSS   GL                 
#         PDG         Width
DECAY   1000002  8.67325783E+00   # UPL   decays
#          BR          NDA       ID1     ID2       ID3       ID4
      4.79064416E-03    2      1000022         2                       # UPL    -->  Z1SS   UP                 
      1.73331872E-01    2      1000023         2                       # UPL    -->  Z2SS   UP                 
      1.44032983E-03    2      1000025         2                       # UPL    -->  Z3SS   UP                 
      1.59664050E-01    2      1000035         2                       # UPL    -->  Z4SS   UP                 
      3.63482982E-01    2      1000024         1                       # UPL    -->  W1SS+  DN                 
      2.97290117E-01    2      1000037         1                       # UPL    -->  W2SS+  DN                 
#         PDG         Width
DECAY   1000001  8.52973175E+00   # DNL   decays
#          BR          NDA       ID1     ID2       ID3       ID4
      2.54421681E-02    2      1000022         1                       # DNL    -->  Z1SS   DN                 
      1.36276141E-01    2      1000023         1                       # DNL    -->  Z2SS   DN                 
      2.52658408E-03    2      1000025         1                       # DNL    -->  Z3SS   DN                 
      1.81156337E-01    2      1000035         1                       # DNL    -->  Z4SS   DN                 
      2.54901856E-01    2     -1000024         2                       # DNL    -->  W1SS-  UP                 
      3.99696916E-01    2     -1000037         2                       # DNL    -->  W2SS-  UP                 
#         PDG         Width
DECAY   1000003  8.52969933E+00   # STL   decays
#          BR          NDA       ID1     ID2       ID3       ID4
      2.54422687E-02    2      1000022         3                       # STL    -->  Z1SS   ST                 
      1.36276662E-01    2      1000023         3                       # STL    -->  Z2SS   ST                 
      2.52659409E-03    2      1000025         3                       # STL    -->  Z3SS   ST                 
      1.81157067E-01    2      1000035         3                       # STL    -->  Z4SS   ST                 
      2.54901528E-01    2     -1000024         4                       # STL    -->  W1SS-  CH                 
      3.99695873E-01    2     -1000037         4                       # STL    -->  W2SS-  CH                 
#         PDG         Width
DECAY   1000004  8.67325592E+00   # CHL   decays
#          BR          NDA       ID1     ID2       ID3       ID4
      4.79062833E-03    2      1000022         4                       # CHL    -->  Z1SS   CH                 
      1.73331246E-01    2      1000023         4                       # CHL    -->  Z2SS   CH                 
      1.44032447E-03    2      1000025         4                       # CHL    -->  Z3SS   CH                 
      1.59663379E-01    2      1000035         4                       # CHL    -->  Z4SS   CH                 
      3.63483638E-01    2      1000024         3                       # CHL    -->  W1SS+  ST                 
      2.97290802E-01    2      1000037         3                       # CHL    -->  W2SS+  ST                 
#         PDG         Width
DECAY   1000005  4.48410368E+00   # BT1   decays
#          BR          NDA       ID1     ID2       ID3       ID4
      1.09761409E-01    2      1000022         5                       # BT1    -->  Z1SS   BT                 
      1.23883545E-01    2      1000023         5                       # BT1    -->  Z2SS   BT                 
      1.42577635E-02    2      1000025         5                       # BT1    -->  Z3SS   BT                 
      4.13942225E-02    2      1000035         5                       # BT1    -->  Z4SS   BT                 
      3.91304702E-01    2     -1000024         6                       # BT1    -->  W1SS-  TP                 
      3.19398344E-01    2     -1000037         6                       # BT1    -->  W2SS-  TP                 
#         PDG         Width
DECAY   1000006  1.68032379E+01   # TP1   decays
#          BR          NDA       ID1     ID2       ID3       ID4
      9.51698124E-02    2      1000022         6                       # TP1    -->  Z1SS   TP                 
      1.52605206E-01    2      1000023         6                       # TP1    -->  Z2SS   TP                 
      2.50956476E-01    2      1000025         6                       # TP1    -->  Z3SS   TP                 
      3.27482559E-02    2      1000035         6                       # TP1    -->  Z4SS   TP                 
      3.80973816E-01    2      1000024         5                       # TP1    -->  W1SS+  BT                 
      8.75464231E-02    2      1000037         5                       # TP1    -->  W2SS+  BT                 
#         PDG         Width
DECAY   2000002  1.82754242E+00   # UPR   decays
#          BR          NDA       ID1     ID2       ID3       ID4
      9.42107916E-01    2      1000022         2                       # UPR    -->  Z1SS   UP                 
      4.76500168E-02    2      1000023         2                       # UPR    -->  Z2SS   UP                 
      2.48133088E-03    2      1000025         2                       # UPR    -->  Z3SS   UP                 
      7.76071521E-03    2      1000035         2                       # UPR    -->  Z4SS   UP                 
#         PDG         Width
DECAY   2000001  4.55955386E-01   # DNR   decays
#          BR          NDA       ID1     ID2       ID3       ID4
      9.42142606E-01    2      1000022         1                       # DNR    -->  Z1SS   DN                 
      4.76281568E-02    2      1000023         1                       # DNR    -->  Z2SS   DN                 
      2.47942656E-03    2      1000025         1                       # DNR    -->  Z3SS   DN                 
      7.74980243E-03    2      1000035         1                       # DNR    -->  Z4SS   DN                 
#         PDG         Width
DECAY   2000003  4.55955386E-01   # STR   decays
#          BR          NDA       ID1     ID2       ID3       ID4
      9.42142606E-01    2      1000022         3                       # STR    -->  Z1SS   ST                 
      4.76281568E-02    2      1000023         3                       # STR    -->  Z2SS   ST                 
      2.47942656E-03    2      1000025         3                       # STR    -->  Z3SS   ST                 
      7.74980243E-03    2      1000035         3                       # STR    -->  Z4SS   ST                 
#         PDG         Width
DECAY   2000004  1.82753563E+00   # CHR   decays
#          BR          NDA       ID1     ID2       ID3       ID4
      9.42107975E-01    2      1000022         4                       # CHR    -->  Z1SS   CH                 
      4.76499982E-02    2      1000023         4                       # CHR    -->  Z2SS   CH                 
      2.48132972E-03    2      1000025         4                       # CHR    -->  Z3SS   CH                 
      7.76070636E-03    2      1000035         4                       # CHR    -->  Z4SS   CH                 
#         PDG         Width
DECAY   2000005  1.24598770E+01   # BT2   decays
#          BR          NDA       ID1     ID2       ID3       ID4
      1.34794060E-02    2      1000022         5                       # BT2    -->  Z1SS   BT                 
      5.67567386E-02    2      1000023         5                       # BT2    -->  Z2SS   BT                 
      1.39371781E-02    2      1000025         5                       # BT2    -->  Z3SS   BT                 
      1.06802121E-01    2      1000035         5                       # BT2    -->  Z4SS   BT                 
      3.08891982E-01    2     -1000024         6                       # BT2    -->  W1SS-  TP                 
      5.00132620E-01    2     -1000037         6                       # BT2    -->  W2SS-  TP                 
#         PDG         Width
DECAY   2000006  1.65575466E+01   # TP2   decays
#          BR          NDA       ID1     ID2       ID3       ID4
      5.57311885E-02    2      1000024         5                       # TP2    -->  W1SS+  BT                 
      2.94509411E-01    2      1000037         5                       # TP2    -->  W2SS+  BT                 
      6.46933541E-03    2      1000022         6                       # TP2    -->  Z1SS   TP                 
      1.37163743E-01    2      1000023         6                       # TP2    -->  Z2SS   TP                 
      2.21718505E-01    2      1000025         6                       # TP2    -->  Z3SS   TP                 
      2.84407824E-01    2      1000035         6                       # TP2    -->  Z4SS   TP                 
#         PDG         Width
DECAY   1000011  9.96489450E-02   # EL-   decays
#          BR          NDA       ID1     ID2       ID3       ID4
      9.99860108E-01    2      1000022        11                       # EL-    -->  Z1SS   E-                 
      7.03855767E-05    3      1000015        11       -15             # EL-    -->  TAU1-  E-     TAU+        
      6.94987611E-05    3     -1000015        11        15             # EL-    -->  TAU1+  E-     TAU-        
      2.65674346E-16    2           11   1000039                       # EL-    -->  E-     GVSS               
#         PDG         Width
DECAY   1000013  9.96489227E-02   # MUL-  decays
#          BR          NDA       ID1     ID2       ID3       ID4
      9.99860108E-01    2      1000022        13                       # MUL-   -->  Z1SS   MU-                
      7.03858095E-05    3      1000015        13       -15             # MUL-   -->  TAU1-  MU-    TAU+        
      6.94989794E-05    3     -1000015        13        15             # MUL-   -->  TAU1+  MU-    TAU-        
      2.65674372E-16    2           13   1000039                       # MUL-   -->  MU-    GVSS               
#         PDG         Width
#DECAY   1000015  6.20148472E-19   # TAU1- decays
DECAY   1000015  0.000000000000   # TAU1- decays
#          BR          NDA       ID1     ID2       ID3       ID4
#      1.00000000E+00    2           15   1000039                       # TAU1-  -->  TAU-   GVSS               
#         PDG         Width
DECAY   1000012  1.36417136E-01   # NUEL  decays
#          BR          NDA       ID1     ID2       ID3       ID4
      9.99964774E-01    2      1000022        12                       # NUEL   -->  Z1SS   NUE                
      6.31615649E-06    3      1000015        12       -15             # NUEL   -->  TAU1-  NUE    TAU+        
      7.40671430E-06    3     -1000015        12        15             # NUEL   -->  TAU1+  NUE    TAU-        
      2.15231139E-05    3     -1000015        11        16             # NUEL   -->  TAU1+  E-     NUT         
      1.43098276E-16    2           12   1000039                       # NUEL   -->  NUE    GVSS               
#         PDG         Width
DECAY   1000014  1.36417136E-01   # NUML  decays
#          BR          NDA       ID1     ID2       ID3       ID4
      9.99964774E-01    2      1000022        14                       # NUML   -->  Z1SS   NUM                
      6.31615649E-06    3      1000015        14       -15             # NUML   -->  TAU1-  NUM    TAU+        
      7.40671430E-06    3     -1000015        14        15             # NUML   -->  TAU1+  NUM    TAU-        
      2.15251221E-05    3     -1000015        13        16             # NUML   -->  TAU1+  MU-    NUT         
      1.43098276E-16    2           14   1000039                       # NUML   -->  NUM    GVSS               
#         PDG         Width
DECAY   1000016  1.49947897E-01   # NUTL  decays
#          BR          NDA       ID1     ID2       ID3       ID4
      9.07209694E-01    2      1000022        16                       # NUTL   -->  Z1SS   NUT                
      9.27774608E-02    2           24   1000015                       # NUTL   -->  W+     TAU1-              
      6.17316346E-06    3     -1000015        16        15             # NUTL   -->  TAU1+  NUT    TAU-        
      6.66631058E-06    3      1000015        16       -15             # NUTL   -->  TAU1-  NUT    TAU+        
      1.29696150E-16    2           16   1000039                       # NUTL   -->  NUT    GVSS               
#         PDG         Width
DECAY   2000011  4.34940278E-12   # ER-   decays
#          BR          NDA       ID1     ID2       ID3       ID4
      3.89148772E-01    3      1000015        11       -15             # ER-    -->  TAU1-  E-     TAU+        
      6.10851109E-01    3     -1000015        11        15             # ER-    -->  TAU1+  E-     TAU-        
      1.55378904E-11    3      1000015        12       -16             # ER-    -->  TAU1-  NUE    ANUT        
      1.60240660E-07    2           11   1000039                       # ER-    -->  E-     GVSS               
#         PDG         Width
DECAY   2000013  4.35003639E-12   # MUR-  decays
#          BR          NDA       ID1     ID2       ID3       ID4
      3.89148593E-01    3      1000015        13       -15             # MUR-   -->  TAU1-  MU-    TAU+        
      6.10850573E-01    3     -1000015        13        15             # MUR-   -->  TAU1+  MU-    TAU-        
      6.62094692E-07    3      1000015        14       -16             # MUR-   -->  TAU1-  NUM    ANUT        
      1.60217184E-07    2           13   1000039                       # MUR-   -->  MU-    GVSS               
#         PDG         Width
DECAY   2000015  1.27270490E-01   # TAU2- decays
#          BR          NDA       ID1     ID2       ID3       ID4
      8.01030219E-01    2      1000022        15                       # TAU2-  -->  Z1SS   TAU-               
      7.35496953E-02    2           23   1000015                       # TAU2-  -->  Z0     TAU1-              
      1.25420079E-01    2           25   1000015                       # TAU2-  -->  HL0    TAU1-              
#         PDG         Width
DECAY   1000022  2.82531619E-01   # Z1SS  decays
#          BR          NDA       ID1     ID2       ID3       ID4
      1.57215670E-01    2      2000011       -11                       # Z1SS   -->  ER-    E+                 
      1.57215670E-01    2     -2000011        11                       # Z1SS   -->  ER+    E-                 
      1.57214493E-01    2      2000013       -13                       # Z1SS   -->  MUR-   MU+                
      1.57214493E-01    2     -2000013        13                       # Z1SS   -->  MUR+   MU-                
      1.85569838E-01    2      1000015       -15                       # Z1SS   -->  TAU1-  TAU+               
      1.85569838E-01    2     -1000015        15                       # Z1SS   -->  TAU1+  TAU-               
      4.65825935E-18    2      1000039        22                       # Z1SS   -->  GVSS   GM                 
      9.76914650E-20    3      1000039        11       -11             # Z1SS   -->  GVSS   E-     E+          
      4.14147593E-19    2      1000039        23                       # Z1SS   -->  GVSS   Z0                 
      2.40912234E-21    2      1000039        25                       # Z1SS   -->  GVSS   HL0                
#         PDG         Width
DECAY   1000023  1.71682507E-01   # Z2SS  decays
#          BR          NDA       ID1     ID2       ID3       ID4
      1.06025887E-07    2      1000022        22                       # Z2SS   -->  Z1SS   GM                 
      3.80386263E-02    2      1000022        23                       # Z2SS   -->  Z1SS   Z0                 
      4.52060647E-08    3      1000022         2        -2             # Z2SS   -->  Z1SS   UP     UB          
      4.63979788E-08    3      1000022         1        -1             # Z2SS   -->  Z1SS   DN     DB          
      4.63979681E-08    3      1000022         3        -3             # Z2SS   -->  Z1SS   ST     SB          
      4.52058266E-08    3      1000022         4        -4             # Z2SS   -->  Z1SS   CH     CB          
      1.77101338E-05    3      1000022         5        -5             # Z2SS   -->  Z1SS   BT     BB          
      3.23211748E-06    3      1000022        15       -15             # Z2SS   -->  Z1SS   TAU-   TAU+        
      3.56358330E-04    2      1000011       -11                       # Z2SS   -->  EL-    E+                 
      3.56358330E-04    2     -1000011        11                       # Z2SS   -->  EL+    E-                 
      3.55748343E-04    2      1000013       -13                       # Z2SS   -->  MUL-   MU+                
      3.55748343E-04    2     -1000013        13                       # Z2SS   -->  MUL+   MU-                
      1.26962185E-01    2      2000011       -11                       # Z2SS   -->  ER-    E+                 
      1.26962185E-01    2     -2000011        11                       # Z2SS   -->  ER+    E-                 
      1.26962095E-01    2      2000013       -13                       # Z2SS   -->  MUR-   MU+                
      1.26962095E-01    2     -2000013        13                       # Z2SS   -->  MUR+   MU-                
      1.83180034E-01    2      1000015       -15                       # Z2SS   -->  TAU1-  TAU+               
      1.83180034E-01    2     -1000015        15                       # Z2SS   -->  TAU1+  TAU-               
      1.42851435E-02    2      1000012       -12                       # Z2SS   -->  NUEL   ANUE               
      1.42851435E-02    2     -1000012        12                       # Z2SS   -->  ANUEL  NUE                
      1.42851435E-02    2      1000014       -14                       # Z2SS   -->  NUML   ANUM               
      1.42851435E-02    2     -1000014        14                       # Z2SS   -->  ANUML  NUM                
      1.45833772E-02    2      1000016       -16                       # Z2SS   -->  NUTL   ANUT               
      1.45833772E-02    2     -1000016        16                       # Z2SS   -->  ANUTL  NUT                
      4.22987607E-17    2      1000039        22                       # Z2SS   -->  GVSS   GM                 
      9.23833772E-19    3      1000039        11       -11             # Z2SS   -->  GVSS   E-     E+          
      3.42532415E-17    2      1000039        23                       # Z2SS   -->  GVSS   Z0                 
      6.44578838E-18    2      1000039        25                       # Z2SS   -->  GVSS   HL0                
#         PDG         Width
DECAY   1000025  1.80060059E-01   # Z3SS  decays
#          BR          NDA       ID1     ID2       ID3       ID4
      1.98939347E-07    2      1000022        22                       # Z3SS   -->  Z1SS   GM                 
      4.16388630E-08    2      1000023        22                       # Z3SS   -->  Z2SS   GM                 
      2.89449177E-04    3     -1000024         2        -1             # Z3SS   -->  W1SS-  UP     DB          
      9.64830615E-05    3     -1000024        12       -11             # Z3SS   -->  W1SS-  NUE    E+          
      9.64830615E-05    3     -1000024        14       -13             # Z3SS   -->  W1SS-  NUM    MU+         
      2.89449206E-04    3      1000024         1        -2             # Z3SS   -->  W1SS+  DN     UB          
      9.64830615E-05    3      1000024        11       -12             # Z3SS   -->  W1SS+  E-     ANUE        
      9.64830615E-05    3      1000024        13       -14             # Z3SS   -->  W1SS+  MU-    ANUM        
      2.89449206E-04    3     -1000024         4        -3             # Z3SS   -->  W1SS-  CH     SB          
      9.64830615E-05    3     -1000024        16       -15             # Z3SS   -->  W1SS-  NUT    TAU+        
      2.89449206E-04    3      1000024         3        -4             # Z3SS   -->  W1SS+  ST     CB          
      9.64830615E-05    3      1000024        15       -16             # Z3SS   -->  W1SS+  TAU-   ANUT        
      7.60717988E-01    2      1000022        23                       # Z3SS   -->  Z1SS   Z0                 
      3.47936946E-09    3      1000022         2        -2             # Z3SS   -->  Z1SS   UP     UB          
      1.72834080E-09    3      1000022         1        -1             # Z3SS   -->  Z1SS   DN     DB          
      1.72834014E-09    3      1000022         3        -3             # Z3SS   -->  Z1SS   ST     SB          
      3.47935014E-09    3      1000022         4        -4             # Z3SS   -->  Z1SS   CH     CB          
      2.19166918E-06    3      1000022         5        -5             # Z3SS   -->  Z1SS   BT     BB          
      3.33147057E-07    3      1000022        15       -15             # Z3SS   -->  Z1SS   TAU-   TAU+        
      6.49923240E-05    3      1000023         2        -2             # Z3SS   -->  Z2SS   UP     UB          
      8.36050967E-05    3      1000023         1        -1             # Z3SS   -->  Z2SS   DN     DB          
      8.36050967E-05    3      1000023         3        -3             # Z3SS   -->  Z2SS   ST     SB          
      6.49923240E-05    3      1000023         4        -4             # Z3SS   -->  Z2SS   CH     CB          
      7.32357585E-05    3      1000023         5        -5             # Z3SS   -->  Z2SS   BT     BB          
      1.89904622E-05    3      1000023        11       -11             # Z3SS   -->  Z2SS   E-     E+          
      1.89904622E-05    3      1000023        13       -13             # Z3SS   -->  Z2SS   MU-    MU+         
      1.85692115E-05    3      1000023        15       -15             # Z3SS   -->  Z2SS   TAU-   TAU+        
      3.77850447E-05    3      1000023        12       -12             # Z3SS   -->  Z2SS   NUE    ANUE        
      3.77850447E-05    3      1000023        14       -14             # Z3SS   -->  Z2SS   NUM    ANUM        
      3.77850447E-05    3      1000023        16       -16             # Z3SS   -->  Z2SS   NUT    ANUT        
      3.23876888E-02    2      1000022        25                       # Z3SS   -->  Z1SS   HL0                
      5.71238401E-04    2      1000011       -11                       # Z3SS   -->  EL-    E+                 
      5.71238401E-04    2     -1000011        11                       # Z3SS   -->  EL+    E-                 
      5.71236305E-04    2      1000013       -13                       # Z3SS   -->  MUL-   MU+                
      5.71236305E-04    2     -1000013        13                       # Z3SS   -->  MUL+   MU-                
      9.28232353E-03    2      2000011       -11                       # Z3SS   -->  ER-    E+                 
      9.28232353E-03    2     -2000011        11                       # Z3SS   -->  ER+    E-                 
      9.28232074E-03    2      2000013       -13                       # Z3SS   -->  MUR-   MU+                
      9.28232074E-03    2     -2000013        13                       # Z3SS   -->  MUR+   MU-                
      5.91449477E-02    2      1000015       -15                       # Z3SS   -->  TAU1-  TAU+               
      5.91449477E-02    2     -1000015        15                       # Z3SS   -->  TAU1+  TAU-               
      7.53716100E-03    2      2000015       -15                       # Z3SS   -->  TAU2-  TAU+               
      7.53716100E-03    2     -2000015        15                       # Z3SS   -->  TAU2+  TAU-               
      5.29653998E-03    2      1000012       -12                       # Z3SS   -->  NUEL   ANUE               
      5.29653998E-03    2     -1000012        12                       # Z3SS   -->  ANUEL  NUE                
      5.29653998E-03    2      1000014       -14                       # Z3SS   -->  NUML   ANUM               
      5.29653998E-03    2     -1000014        14                       # Z3SS   -->  ANUML  NUM                
      5.32493880E-03    2      1000016       -16                       # Z3SS   -->  NUTL   ANUT               
      5.32493880E-03    2     -1000016        16                       # Z3SS   -->  ANUTL  NUT                
      4.73284958E-20    2      1000039        22                       # Z3SS   -->  GVSS   GM                 
      1.04587961E-21    3      1000039        11       -11             # Z3SS   -->  GVSS   E-     E+          
      4.93773787E-17    2      1000039        23                       # Z3SS   -->  GVSS   Z0                 
      5.89467963E-17    2      1000039        25                       # Z3SS   -->  GVSS   HL0                
#         PDG         Width
DECAY   1000035  2.27969933E+00   # Z4SS  decays
#          BR          NDA       ID1     ID2       ID3       ID4
      7.61451180E-10    2      1000022        22                       # Z4SS   -->  Z1SS   GM                 
      2.43870403E-07    2      1000023        22                       # Z4SS   -->  Z2SS   GM                 
      2.74623602E-07    2      1000025        22                       # Z4SS   -->  Z3SS   GM                 
      1.08012594E-01    2      1000024       -24                       # Z4SS   -->  W1SS+  W-                 
      1.08012594E-01    2     -1000024        24                       # Z4SS   -->  W1SS-  W+                 
      4.21954000E-11    3     -1000037         2        -1             # Z4SS   -->  W2SS-  UP     DB          
      1.40651336E-11    3     -1000037        12       -11             # Z4SS   -->  W2SS-  NUE    E+          
      1.40651336E-11    3     -1000037        14       -13             # Z4SS   -->  W2SS-  NUM    MU+         
      4.21954000E-11    3      1000037         1        -2             # Z4SS   -->  W2SS+  DN     UB          
      1.40651336E-11    3      1000037        11       -12             # Z4SS   -->  W2SS+  E-     ANUE        
      1.40651336E-11    3      1000037        13       -14             # Z4SS   -->  W2SS+  MU-    ANUM        
      3.53684183E-03    2      1000022        23                       # Z4SS   -->  Z1SS   Z0                 
      2.41254180E-04    2      1000023        23                       # Z4SS   -->  Z2SS   Z0                 
      3.78778893E-08    3      1000022         2        -2             # Z4SS   -->  Z1SS   UP     UB          
      1.39391872E-07    3      1000022         1        -1             # Z4SS   -->  Z1SS   DN     DB          
      1.39391815E-07    3      1000022         3        -3             # Z4SS   -->  Z1SS   ST     SB          
      3.78776903E-08    3      1000022         4        -4             # Z4SS   -->  Z1SS   CH     CB          
      1.80455700E-07    3      1000022         5        -5             # Z4SS   -->  Z1SS   BT     BB          
      4.11577217E-09    3      1000022        15       -15             # Z4SS   -->  Z1SS   TAU-   TAU+        
      7.34934602E-08    3      1000023         2        -2             # Z4SS   -->  Z2SS   UP     UB          
      6.13374738E-08    3      1000023         1        -1             # Z4SS   -->  Z2SS   DN     DB          
      6.13374525E-08    3      1000023         3        -3             # Z4SS   -->  Z2SS   ST     SB          
      7.34930765E-08    3      1000023         4        -4             # Z4SS   -->  Z2SS   CH     CB          
      9.04122359E-08    3      1000023         5        -5             # Z4SS   -->  Z2SS   BT     BB          
      2.72762279E-09    3      1000023        15       -15             # Z4SS   -->  Z2SS   TAU-   TAU+        
      4.45926744E-05    3      1000025         2        -2             # Z4SS   -->  Z3SS   UP     UB          
      5.76776656E-05    3      1000025         1        -1             # Z4SS   -->  Z3SS   DN     DB          
      5.76776656E-05    3      1000025         3        -3             # Z4SS   -->  Z3SS   ST     SB          
      4.45926744E-05    3      1000025         4        -4             # Z4SS   -->  Z3SS   CH     CB          
      5.55152983E-05    3      1000025         5        -5             # Z4SS   -->  Z3SS   BT     BB          
      1.30620028E-05    3      1000025        11       -11             # Z4SS   -->  Z3SS   E-     E+          
      1.30620028E-05    3      1000025        13       -13             # Z4SS   -->  Z3SS   MU-    MU+         
      1.29742448E-05    3      1000025        15       -15             # Z4SS   -->  Z3SS   TAU-   TAU+        
      2.59892768E-05    3      1000025        12       -12             # Z4SS   -->  Z3SS   NUE    ANUE        
      2.59892768E-05    3      1000025        14       -14             # Z4SS   -->  Z3SS   NUM    ANUM        
      2.59892768E-05    3      1000025        16       -16             # Z4SS   -->  Z3SS   NUT    ANUT        
      1.89229064E-02    2      1000022        25                       # Z4SS   -->  Z1SS   HL0                
      2.60384567E-03    2      1000023        25                       # Z4SS   -->  Z2SS   HL0                
      4.58884276E-02    2      1000011       -11                       # Z4SS   -->  EL-    E+                 
      4.58884276E-02    2     -1000011        11                       # Z4SS   -->  EL+    E-                 
      4.58883904E-02    2      1000013       -13                       # Z4SS   -->  MUL-   MU+                
      4.58883904E-02    2     -1000013        13                       # Z4SS   -->  MUL+   MU-                
      3.71328695E-03    2      2000011       -11                       # Z4SS   -->  ER-    E+                 
      3.71328695E-03    2     -2000011        11                       # Z4SS   -->  ER+    E-                 
      3.71328602E-03    2      2000013       -13                       # Z4SS   -->  MUR-   MU+                
      3.71328602E-03    2     -2000013        13                       # Z4SS   -->  MUR+   MU-                
      3.42512527E-03    2      1000015       -15                       # Z4SS   -->  TAU1-  TAU+               
      3.42512527E-03    2     -1000015        15                       # Z4SS   -->  TAU1+  TAU-               
      4.69087921E-02    2      2000015       -15                       # Z4SS   -->  TAU2-  TAU+               
      4.69087921E-02    2     -2000015        15                       # Z4SS   -->  TAU2+  TAU-               
      7.64784887E-02    2      1000012       -12                       # Z4SS   -->  NUEL   ANUE               
      7.64784887E-02    2     -1000012        12                       # Z4SS   -->  ANUEL  NUE                
      7.64784887E-02    2      1000014       -14                       # Z4SS   -->  NUML   ANUM               
      7.64784887E-02    2     -1000014        14                       # Z4SS   -->  ANUML  NUM                
      7.66514242E-02    2      1000016       -16                       # Z4SS   -->  NUTL   ANUT               
      7.66514242E-02    2     -1000016        16                       # Z4SS   -->  ANUTL  NUT                
      5.25738792E-18    2      1000039        22                       # Z4SS   -->  GVSS   GM                 
      1.17925505E-19    3      1000039        11       -11             # Z4SS   -->  GVSS   E-     E+          
      3.66907773E-17    2      1000039        23                       # Z4SS   -->  GVSS   Z0                 
      4.92834292E-18    2      1000039        25                       # Z4SS   -->  GVSS   HL0                
#         PDG         Width
DECAY   1000024  9.44815278E-02   # W1SS+ decays
#          BR          NDA       ID1     ID2       ID3       ID4
      8.86603502E-08    3      1000022         2        -1             # W1SS+  -->  Z1SS   UP     DB          
      8.86602010E-08    3      1000022         4        -3             # W1SS+  -->  Z1SS   CH     SB          
      1.10416423E-07    3      1000022       -15        16             # W1SS+  -->  Z1SS   TAU+   NUT         
      5.11340857E-01    2      1000022        24                       # W1SS+  -->  Z1SS   W+                 
      8.84545371E-02    2      1000012       -11                       # W1SS+  -->  NUEL   E+                 
      8.84529278E-02    2      1000014       -13                       # W1SS+  -->  NUML   MU+                
      9.59142670E-02    2      1000016       -15                       # W1SS+  -->  NUTL   TAU+               
      2.64781760E-04    2     -1000011        12                       # W1SS+  -->  EL+    NUE                
      2.64766859E-04    2     -1000013        14                       # W1SS+  -->  MUL+   NUM                
      2.15224966E-01    2     -1000015        16                       # W1SS+  -->  TAU1+  NUT                
      8.26296309E-05    2     -2000015        16                       # W1SS+  -->  TAU2+  NUT                
#         PDG         Width
DECAY   1000037  1.98612750E+00   # W2SS+ decays
#          BR          NDA       ID1     ID2       ID3       ID4
      1.72372964E-07    3      1000022         2        -1             # W2SS+  -->  Z1SS   UP     DB          
      1.72372751E-07    3      1000022         4        -3             # W2SS+  -->  Z1SS   CH     SB          
      8.52360751E-11    3      1000022       -15        16             # W2SS+  -->  Z1SS   TAU+   NUT         
      1.18798641E-02    2      1000022        24                       # W2SS+  -->  Z1SS   W+                 
      4.87081557E-08    3      1000023         2        -1             # W2SS+  -->  Z2SS   UP     DB          
      4.87080243E-08    3      1000023         4        -3             # W2SS+  -->  Z2SS   CH     SB          
      2.81615211E-08    3      1000023       -15        16             # W2SS+  -->  Z2SS   TAU+   NUT         
      1.19482942E-01    2      1000023        24                       # W2SS+  -->  Z2SS   W+                 
      1.78139337E-04    3      1000025         2        -1             # W2SS+  -->  Z3SS   UP     DB          
      1.78139337E-04    3      1000025         4        -3             # W2SS+  -->  Z3SS   CH     SB          
      5.93476616E-05    3      1000025       -11        12             # W2SS+  -->  Z3SS   E+     NUE         
      5.93476616E-05    3      1000025       -13        14             # W2SS+  -->  Z3SS   MU+    NUM         
      5.93489458E-05    3      1000025       -15        16             # W2SS+  -->  Z3SS   TAU+   NUT         
      1.29807279E-01    2      1000012       -11                       # W2SS+  -->  NUEL   E+                 
      1.29807249E-01    2      1000014       -13                       # W2SS+  -->  NUML   MU+                
      1.31557077E-01    2      1000016       -15                       # W2SS+  -->  NUTL   TAU+               
      1.38107076E-01    2     -1000011        12                       # W2SS+  -->  EL+    NUE                
      1.38107017E-01    2     -1000013        14                       # W2SS+  -->  MUL+   NUM                
      1.64867321E-04    2     -1000015        16                       # W2SS+  -->  TAU1+  NUT                
      1.38725147E-01    2     -2000015        16                       # W2SS+  -->  TAU2+  NUT                
      6.07739612E-02    2      1000024        23                       # W2SS+  -->  W1SS+  Z0                 
      1.02270064E-07    3      1000024         1        -1             # W2SS+  -->  W1SS+  DN     DB          
      1.02269539E-07    3      1000024         3        -3             # W2SS+  -->  W1SS+  ST     SB          
      9.02859156E-08    3      1000024         2        -2             # W2SS+  -->  W1SS+  UP     UB          
      9.02858872E-08    3      1000024         4        -4             # W2SS+  -->  W1SS+  CH     CB          
      1.05232990E-03    2      1000024        25                       # W2SS+  -->  W1SS+  HL0                
#         PDG         Width
DECAY        25  5.77732408E-03   # HL0   decays
#          BR          NDA       ID1     ID2       ID3       ID4
      4.26274172E-09    2           11       -11                       # HL0    -->  E-     E+                 
      1.79979703E-04    2           13       -13                       # HL0    -->  MU-    MU+                
      5.14720045E-02    2           15       -15                       # HL0    -->  TAU-   TAU+               
      5.35199706E-06    2            1        -1                       # HL0    -->  DN     DB                 
      2.16247491E-03    2            3        -3                       # HL0    -->  ST     SB                 
      8.57757449E-01    2            5        -5                       # HL0    -->  BT     BB                 
      1.32503453E-06    2            2        -2                       # HL0    -->  UP     UB                 
      3.33919078E-02    2            4        -4                       # HL0    -->  CH     CB                 
      1.16536836E-03    2           22        22                       # HL0    -->  GM     GM                 
      2.58940011E-02    2           21        21                       # HL0    -->  GL     GL                 
      1.46224559E-03    3           24        11       -12             # HL0    -->  W+     E-     ANUE        
      1.46224559E-03    3           24        13       -14             # HL0    -->  W+     MU-    ANUM        
      1.46224559E-03    3           24        15       -16             # HL0    -->  W+     TAU-   ANUT        
      4.38673655E-03    3           24        -2         1             # HL0    -->  W+     UB     DN          
      4.38673655E-03    3           24        -4         3             # HL0    -->  W+     CB     ST          
      1.46224559E-03    3          -24       -11        12             # HL0    -->  W-     E+     NUE         
      1.46224559E-03    3          -24       -13        14             # HL0    -->  W-     MU+    NUM         
      1.46224559E-03    3          -24       -15        16             # HL0    -->  W-     TAU+   NUT         
      4.38673655E-03    3          -24         2        -1             # HL0    -->  W-     UP     DB          
      4.38673655E-03    3          -24         4        -3             # HL0    -->  W-     CH     SB          
      1.12823531E-04    3           23        12       -12             # HL0    -->  Z0     NUE    ANUE        
      1.12823531E-04    3           23        14       -14             # HL0    -->  Z0     NUM    ANUM        
      1.12823531E-04    3           23        16       -16             # HL0    -->  Z0     NUT    ANUT        
      5.67829484E-05    3           23        11       -11             # HL0    -->  Z0     E-     E+          
      5.67829484E-05    3           23        13       -13             # HL0    -->  Z0     MU-    MU+         
      5.67829484E-05    3           23        15       -15             # HL0    -->  Z0     TAU-   TAU+        
      1.94533553E-04    3           23         2        -2             # HL0    -->  Z0     UP     UB          
      1.94533553E-04    3           23         4        -4             # HL0    -->  Z0     CH     CB          
      2.50607147E-04    3           23         1        -1             # HL0    -->  Z0     DN     DB          
      2.50607147E-04    3           23         3        -3             # HL0    -->  Z0     ST     SB          
      2.50607147E-04    3           23         5        -5             # HL0    -->  Z0     BT     BB          
#         PDG         Width
DECAY        35  6.97438955E-01   # HH0   decays
#          BR          NDA       ID1     ID2       ID3       ID4
      9.67724922E-09    2           11       -11                       # HH0    -->  E-     E+                 
      4.08590771E-04    2           13       -13                       # HH0    -->  MU-    MU+                
      1.17012732E-01    2           15       -15                       # HH0    -->  TAU-   TAU+               
      1.19552096E-05    2            1        -1                       # HH0    -->  DN     DB                 
      4.83050942E-03    2            3        -3                       # HH0    -->  ST     SB                 
      7.67374396E-01    2            5        -5                       # HH0    -->  BT     BB                 
      4.94376651E-10    2            2        -2                       # HH0    -->  UP     UB                 
      1.04312749E-05    2            4        -4                       # HH0    -->  CH     CB                 
      7.19233751E-02    2            6        -6                       # HH0    -->  TP     TB                 
      1.57734962E-06    2           22        22                       # HH0    -->  GM     GM                 
      3.44256579E-04    2           21        21                       # HH0    -->  GL     GL                 
      4.22989484E-03    2           24       -24                       # HH0    -->  W+     W-                 
      2.02748994E-03    2           23        23                       # HH0    -->  Z0     Z0                 
      1.48745291E-02    2      1000022   1000022                       # HH0    -->  Z1SS   Z1SS               
      1.51796425E-02    2           25        25                       # HH0    -->  HL0    HL0                
      6.07835711E-04    2      2000011  -2000011                       # HH0    -->  ER-    ER+                
      6.07511320E-04    2      2000013  -2000013                       # HH0    -->  MUR-   MUR+               
      5.51633362E-04    2      1000015  -1000015                       # HH0    -->  TAU1-  TAU1+              
      1.80578866E-06    2      1000015  -2000015                       # HH0    -->  TAU1-  TAU2+              
      1.80578866E-06    2      2000015  -1000015                       # HH0    -->  TAU2-  TAU1+              
#         PDG         Width
DECAY        36  8.09042037E-01   # HA0   decays
#          BR          NDA       ID1     ID2       ID3       ID4
      8.30179037E-09    2           11       -11                       # HA0    -->  E-     E+                 
      3.50516493E-04    2           13       -13                       # HA0    -->  MU-    MU+                
      1.00389257E-01    2           15       -15                       # HA0    -->  TAU-   TAU+               
      1.02567756E-05    2            1        -1                       # HA0    -->  DN     DB                 
      4.14425693E-03    2            3        -3                       # HA0    -->  ST     SB                 
      6.58568263E-01    2            5        -5                       # HA0    -->  BT     BB                 
      3.28183924E-10    2            2        -2                       # HA0    -->  UP     UB                 
      6.93171296E-06    2            4        -4                       # HA0    -->  CH     CB                 
      1.88309714E-01    2            6        -6                       # HA0    -->  TP     TB                 
      6.52426706E-07    2           22        22                       # HA0    -->  GM     GM                 
      1.55299887E-04    2           21        21                       # HA0    -->  GL     GL                 
      4.51734252E-02    2      1000022   1000022                       # HA0    -->  Z1SS   Z1SS               
      2.88626086E-03    2           25        23                       # HA0    -->  HL0    Z0                 
      6.91223875E-07    2      1000015  -1000015                       # HA0    -->  TAU1-  TAU1+              
      2.23270831E-06    2      1000015  -2000015                       # HA0    -->  TAU1-  TAU2+              
      2.23270831E-06    2      2000015  -1000015                       # HA0    -->  TAU2-  TAU1+              
#         PDG         Width
DECAY        37  5.64358056E-01   # H+    decays
#          BR          NDA       ID1     ID2       ID3       ID4
      1.22213253E-08    2           12       -11                       # H+     -->  NUE    E+                 
      5.16006316E-04    2           14       -13                       # H+     -->  NUM    MU+                
      1.47786483E-01    2           16       -15                       # H+     -->  NUT    TAU+               
      1.37620164E-05    2            2        -1                       # H+     -->  UP     DB                 
      5.56951296E-03    2            4        -3                       # H+     -->  CH     SB                 
      8.41276169E-01    2            6        -5                       # H+     -->  TP     BB                 
      4.76069283E-03    2           25        24                       # H+     -->  HL0    W+                 
      7.73779539E-05    2     -1000015   1000016                       # H+     -->  TAU1+  NUTL               
