#  ISAJET decay tables in SUSY Les Houches accord format
#  Created by ISALHD. Last revision: C. Balazs, 2005 May 25
Block DCINFO   # Program information
    1             ISASUGRA from ISAJET          # Spectrum Calculator
    2   7.69   21-AUG-2003 11:39:06             # Version number
#  SUSY parameters in Les Houches accord format
Block MODSEL   # Model selection
    1    2   #  Minimal gauge mediated (GMSB) model              
Block MINPAR   # Input parameters
    1    3.100000000E+04   # Lambda
    2    6.200000000E+04   # M_mes
    3    3.000000000E+00   # N_5
    4    1.000000000E+01   # tan(beta
    5    1.000000000E+00   # sgn(mu)
    6    1.740000000E+02   # M_t
    7    1.000000000E+04   # C_grav
Block EXTPAR    # Input parameters - non-minimal models
    8    1.000000000E+00   # Rsl
    9    0.000000000E+00   # dmH_d^2
   10    0.000000000E+00   # dmH_u^2
   11    0.000000000E+00   # d_Y
   12    3.000000000E+00   # N5_1
   13    3.000000000E+00   # N5_2
   14    3.000000000E+00   # N5_3
#  
Block MASS   # Scalar and gaugino mass spectrum
#  PDG code   mass                 particle
         6    1.740000000E+02   #  top            
        25    1.104402390E+02   #  h^0            
        35    3.114998779E+02   #  H^0            
        36    3.088379211E+02   #  A^0            
        37    3.210631714E+02   #  H^+            
   1000001    7.206166992E+02   #  dnl            
   1000002    7.159006958E+02   #  upl            
   1000003    7.206166992E+02   #  stl            
   1000004    7.159020996E+02   #  chl            
   1000005    6.882711182E+02   #  b1             
   1000006    6.445649414E+02   #  t1             
   1000011    2.096554871E+02   #  el-            
   1000012    1.912200012E+02   #  nuel           
   1000013    2.096555328E+02   #  mul-           
   1000014    1.912200012E+02   #  numl           
   1000015    1.001699600E+02   #  tau1           
   1000016    1.910693665E+02   #  nutl           
   1000021    7.572558594E+02   #  glss           
   1000022    1.203033905E+02   #  z1ss           
   1000023    2.026023254E+02   #  z2ss           
   1000024    2.002324371E+02   #  w1ss           
   1000025   -2.521613159E+02   #  z3ss           
   1000035    3.154832153E+02   #  z4ss           
   1000037    3.134234924E+02   #  w2ss           
   2000001    6.931846924E+02   #  dnr            
   2000002    6.937270508E+02   #  upr            
   2000003    6.931846924E+02   #  str            
   2000004    6.937284546E+02   #  chr            
   2000005    6.963964233E+02   #  b2             
   2000006    7.211074829E+02   #  t2             
   2000011    1.033541260E+02   #  er-            
   2000013    1.033541794E+02   #  mur-           
   2000015    2.104542694E+02   #  tau2           
   1000039    4.623613677E-06   # gravitino       
Block ALPHA   # Higgs mixing
    1   -1.223732159E-01   # alpha
Block HMIX Q= 6.694113159E+02   # Higgs parameters
    1    2.440693970E+02   # mu
Block STOPMIX   # stop mixing matrix
  1  1    4.134441018E-01
  1  2   -9.105294943E-01
  2  1    9.105294943E-01
  2  2    4.134441018E-01
Block SBOTMIX   # sbottom mixing matrix
  1  1    5.489351749E-01
  1  2   -8.358649015E-01
  2  1    8.358649015E-01
  2  2    5.489351749E-01
Block STAUMIX   # stau mixing matrix
  1  1    1.152654439E-01
  1  2   -9.933347106E-01
  2  1    9.933347106E-01
  2  2    1.152654439E-01
Block NMIX   # neutralino mixing matrix
  1  1   -9.444427490E-01   # N_11
  1  2    1.043839604E-01   # N_12
  1  3   -2.702651620E-01   # N_13
  1  4    1.552059799E-01   # N_14
  2  1    2.943428159E-01   # N_21
  2  2    6.741292477E-01   # N_22
  2  3   -5.164671540E-01   # N_23
  2  4    4.383763671E-01   # N_24
  3  1   -6.985077262E-02   # N_31
  3  2    9.584107250E-02   # N_32
  3  3    6.907439232E-01   # N_33
  3  4    7.133080363E-01   # N_34
  4  1    1.284962445E-01   # N_41
  4  2   -7.248919010E-01   # N_42
  4  3   -4.278919399E-01   # N_43
  4  4    5.243366957E-01   # N_44
Block UMIX   # chargino U mixing matrix
  1  1   -5.997068882E-01
  1  2    8.002197742E-01
  2  1   -8.002197742E-01
  2  2   -5.997068882E-01
Block VMIX   # chargino V mixing matrix
  1  1   -7.477613688E-01
  1  2    6.639676094E-01
  2  1   -6.639676094E-01
  2  2   -7.477613688E-01
Block AU Q= 6.694113159E+02   #  The trilinear couplings
  3  3   -2.541833191E+02    7.199401757+165   #
Block AD Q= 6.694113159E+02   #  The trilinear couplings
  3  3   -2.816481018E+02    3.580431530+252   #
Block AE Q= 6.694113159E+02   #  The trilinear couplings
  3  3   -3.018136978E+01    1.456328742E+45   #
Block SPINFO   # Program information
    1                                ISASUGRA   # Spectrum Calculator
    2    ISAJET     V7.69   21-AUG-2003 11:39   # Version number
#         PDG         Width
DECAY         6  1.18783092E+00   # TP    decays
#          BR          NDA       ID1     ID2       ID3       ID4
      3.33333343E-01    3            2        -1         5             # TP     -->  UP     DB     BT          
      3.33333343E-01    3            4        -3         5             # TP     -->  CH     SB     BT          
      1.11111112E-01    3          -11        12         5             # TP     -->  E+     NUE    BT          
      1.11111112E-01    3          -13        14         5             # TP     -->  MU+    NUM    BT          
      1.11111112E-01    3          -15        16         5             # TP     -->  TAU+   NUT    BT          
#         PDG         Width
DECAY   1000021  3.58689380E+00   # GLSS  decays
#          BR          NDA       ID1     ID2       ID3       ID4
      7.49929459E-04    3      1000024         5        -6             # GLSS   -->  W1SS+  BT     TB          
      7.49929459E-04    3     -1000024         6        -5             # GLSS   -->  W1SS-  TP     BB          
      1.07416837E-03    3      1000037         5        -6             # GLSS   -->  W2SS+  BT     TB          
      1.07416837E-03    3     -1000037         6        -5             # GLSS   -->  W2SS-  TP     BB          
      2.76729020E-06    2      1000022        21                       # GLSS   -->  Z1SS   GL                 
      5.38115914E-04    3      1000022         6        -6             # GLSS   -->  Z1SS   TP     TB          
      7.04186750E-05    2      1000023        21                       # GLSS   -->  Z2SS   GL                 
      1.12744246E-03    3      1000023         6        -6             # GLSS   -->  Z2SS   TP     TB          
      1.74365559E-04    2      1000025        21                       # GLSS   -->  Z3SS   GL                 
      1.27670099E-03    3      1000025         6        -6             # GLSS   -->  Z3SS   TP     TB          
      1.06233361E-04    2      1000035        21                       # GLSS   -->  Z4SS   GL                 
      1.01095624E-03    3      1000035         6        -6             # GLSS   -->  Z4SS   TP     TB          
      2.82393228E-02    2     -1000002         2                       # GLSS   -->  UBL    UP                 
      2.82393228E-02    2      1000002        -2                       # GLSS   -->  UPL    UB                 
      2.23080739E-02    2     -1000001         1                       # GLSS   -->  DBL    DN                 
      2.23080739E-02    2      1000001        -1                       # GLSS   -->  DNL    DB                 
      6.46491796E-02    2     -2000002         2                       # GLSS   -->  UBR    UP                 
      6.46491796E-02    2      2000002        -2                       # GLSS   -->  UPR    UB                 
      6.57086000E-02    2     -2000001         1                       # GLSS   -->  DBR    DN                 
      6.57086000E-02    2      2000001        -1                       # GLSS   -->  DNR    DB                 
      2.23077592E-02    2     -1000003         3                       # GLSS   -->  SBL    ST                 
      2.23077592E-02    2      1000003        -3                       # GLSS   -->  STL    SB                 
      6.57083094E-02    2     -2000003         3                       # GLSS   -->  SBR    ST                 
      6.57083094E-02    2      2000003        -3                       # GLSS   -->  STR    SB                 
      2.82232407E-02    2     -1000004         4                       # GLSS   -->  CBL    CH                 
      2.82232407E-02    2      1000004        -4                       # GLSS   -->  CHL    CB                 
      6.46330938E-02    2     -2000004         4                       # GLSS   -->  CBR    CH                 
      6.46330938E-02    2      2000004        -4                       # GLSS   -->  CHR    CB                 
      7.02191144E-02    2     -1000005         5                       # GLSS   -->  BB1    BT                 
      7.02191144E-02    2      1000005        -5                       # GLSS   -->  BT1    BB                 
      6.40257075E-02    2     -2000005         5                       # GLSS   -->  BB2    BT                 
      6.40257075E-02    2      2000005        -5                       # GLSS   -->  BT2    BB                 
      3.73867722E-15    2      1000039        21                       # GLSS   -->  GVSS   GL                 
#         PDG         Width
DECAY   1000002  6.94290543E+00   # UPL   decays
#          BR          NDA       ID1     ID2       ID3       ID4
      1.93132355E-03    2      1000022         2                       # UPL    -->  Z1SS   UP                 
      1.94689140E-01    2      1000023         2                       # UPL    -->  Z2SS   UP                 
      2.29658489E-03    2      1000025         2                       # UPL    -->  Z3SS   UP                 
      1.38627529E-01    2      1000035         2                       # UPL    -->  Z4SS   UP                 
      4.12407488E-01    2      1000024         1                       # UPL    -->  W1SS+  DN                 
      2.50047922E-01    2      1000037         1                       # UPL    -->  W2SS+  DN                 
#         PDG         Width
DECAY   1000001  6.75994587E+00   # DNL   decays
#          BR          NDA       ID1     ID2       ID3       ID4
      3.26342285E-02    2      1000022         1                       # DNL    -->  Z1SS   DN                 
      1.46392062E-01    2      1000023         1                       # DNL    -->  Z2SS   DN                 
      4.07835608E-03    2      1000025         1                       # DNL    -->  Z3SS   DN                 
      1.64233461E-01    2      1000035         1                       # DNL    -->  Z4SS   DN                 
      2.74845898E-01    2     -1000024         2                       # DNL    -->  W1SS-  UP                 
      3.77815992E-01    2     -1000037         2                       # DNL    -->  W2SS-  UP                 
#         PDG         Width
DECAY   1000003  6.75990343E+00   # STL   decays
#          BR          NDA       ID1     ID2       ID3       ID4
      3.26344334E-02    2      1000022         3                       # STL    -->  Z1SS   ST                 
      1.46393001E-01    2      1000023         3                       # STL    -->  Z2SS   ST                 
      4.07838216E-03    2      1000025         3                       # STL    -->  Z3SS   ST                 
      1.64234504E-01    2      1000035         3                       # STL    -->  Z4SS   ST                 
      2.74845362E-01    2     -1000024         4                       # STL    -->  W1SS-  CH                 
      3.77814353E-01    2     -1000037         4                       # STL    -->  W2SS-  CH                 
#         PDG         Width
DECAY   1000004  6.94290447E+00   # CHL   decays
#          BR          NDA       ID1     ID2       ID3       ID4
      1.93131319E-03    2      1000022         4                       # CHL    -->  Z1SS   CH                 
      1.94688067E-01    2      1000023         4                       # CHL    -->  Z2SS   CH                 
      2.29657092E-03    2      1000025         4                       # CHL    -->  Z3SS   CH                 
      1.38626561E-01    2      1000035         4                       # CHL    -->  Z4SS   CH                 
      4.12408620E-01    2      1000024         3                       # CHL    -->  W1SS+  ST                 
      2.50048876E-01    2      1000037         3                       # CHL    -->  W2SS+  ST                 
#         PDG         Width
DECAY   1000005  4.11594820E+00   # BT1   decays
#          BR          NDA       ID1     ID2       ID3       ID4
      1.03802428E-01    2      1000022         5                       # BT1    -->  Z1SS   BT                 
      1.26723021E-01    2      1000023         5                       # BT1    -->  Z2SS   BT                 
      1.00547131E-02    2      1000025         5                       # BT1    -->  Z3SS   BT                 
      4.20927890E-02    2      1000035         5                       # BT1    -->  Z4SS   BT                 
      3.61050993E-01    2     -1000024         6                       # BT1    -->  W1SS-  TP                 
      3.56276035E-01    2     -1000037         6                       # BT1    -->  W2SS-  TP                 
#         PDG         Width
DECAY   1000006  1.31783485E+01   # TP1   decays
#          BR          NDA       ID1     ID2       ID3       ID4
      9.29265097E-02    2      1000022         6                       # TP1    -->  Z1SS   TP                 
      1.39719546E-01    2      1000023         6                       # TP1    -->  Z2SS   TP                 
      2.59518683E-01    2      1000025         6                       # TP1    -->  Z3SS   TP                 
      2.59599406E-02    2      1000035         6                       # TP1    -->  Z4SS   TP                 
      3.95736188E-01    2      1000024         5                       # TP1    -->  W1SS+  BT                 
      8.61391425E-02    2      1000037         5                       # TP1    -->  W2SS+  BT                 
#         PDG         Width
DECAY   2000002  1.45166588E+00   # UPR   decays
#          BR          NDA       ID1     ID2       ID3       ID4
      9.06499326E-01    2      1000022         2                       # UPR    -->  Z1SS   UP                 
      7.83086047E-02    2      1000023         2                       # UPR    -->  Z2SS   UP                 
      3.97005677E-03    2      1000025         2                       # UPR    -->  Z3SS   UP                 
      1.12220356E-02    2      1000035         2                       # UPR    -->  Z4SS   UP                 
#         PDG         Width
DECAY   2000001  3.62588555E-01   # DNR   decays
#          BR          NDA       ID1     ID2       ID3       ID4
      9.06521797E-01    2      1000022         1                       # DNR    -->  Z1SS   DN                 
      7.82952830E-02    2      1000023         1                       # DNR    -->  Z2SS   DN                 
      3.96864815E-03    2      1000025         1                       # DNR    -->  Z3SS   DN                 
      1.12142432E-02    2      1000035         1                       # DNR    -->  Z4SS   DN                 
#         PDG         Width
DECAY   2000003  3.62588555E-01   # STR   decays
#          BR          NDA       ID1     ID2       ID3       ID4
      9.06521797E-01    2      1000022         3                       # STR    -->  Z1SS   ST                 
      7.82952830E-02    2      1000023         3                       # STR    -->  Z2SS   ST                 
      3.96864815E-03    2      1000025         3                       # STR    -->  Z3SS   ST                 
      1.12142432E-02    2      1000035         3                       # STR    -->  Z4SS   ST                 
#         PDG         Width
DECAY   2000004  1.45165730E+00   # CHR   decays
#          BR          NDA       ID1     ID2       ID3       ID4
      9.06499386E-01    2      1000022         4                       # CHR    -->  Z1SS   CH                 
      7.83085674E-02    2      1000023         4                       # CHR    -->  Z2SS   CH                 
      3.97005305E-03    2      1000025         4                       # CHR    -->  Z3SS   CH                 
      1.12220133E-02    2      1000035         4                       # CHR    -->  Z4SS   CH                 
#         PDG         Width
DECAY   2000005  8.85965729E+00   # BT2   decays
#          BR          NDA       ID1     ID2       ID3       ID4
      1.60616506E-02    2      1000022         5                       # BT2    -->  Z1SS   BT                 
      6.20287471E-02    2      1000023         5                       # BT2    -->  Z2SS   BT                 
      1.79402139E-02    2      1000025         5                       # BT2    -->  Z3SS   BT                 
      1.04131930E-01    2      1000035         5                       # BT2    -->  Z4SS   BT                 
      2.74856567E-01    2     -1000024         6                       # BT2    -->  W1SS-  TP                 
      5.24980903E-01    2     -1000037         6                       # BT2    -->  W2SS-  TP                 
#         PDG         Width
DECAY   2000006  1.29256773E+01   # TP2   decays
#          BR          NDA       ID1     ID2       ID3       ID4
      5.19717261E-02    2      1000024         5                       # TP2    -->  W1SS+  BT                 
      3.13546032E-01    2      1000037         5                       # TP2    -->  W2SS+  BT                 
      6.23358879E-03    2      1000022         6                       # TP2    -->  Z1SS   TP                 
      1.18462086E-01    2      1000023         6                       # TP2    -->  Z2SS   TP                 
      2.04715371E-01    2      1000025         6                       # TP2    -->  Z3SS   TP                 
      3.05071175E-01    2      1000035         6                       # TP2    -->  Z4SS   TP                 
#         PDG         Width
DECAY   1000011  7.58799762E-02   # EL-   decays
#          BR          NDA       ID1     ID2       ID3       ID4
      8.99843156E-01    2      1000022        11                       # EL-    -->  Z1SS   E-                 
      3.55620272E-02    2      1000023        11                       # EL-    -->  Z2SS   E-                 
      6.45933002E-02    2     -1000024        12                       # EL-    -->  W1SS-  NUE                
      1.14333614E-06    3      1000015        11       -15             # EL-    -->  TAU1-  E-     TAU+        
      3.76979074E-07    3     -1000015        11        15             # EL-    -->  TAU1+  E-     TAU-        
      2.87493014E-16    2           11   1000039                       # EL-    -->  E-     GVSS               
#         PDG         Width
DECAY   1000013  7.58797228E-02   # MUL-  decays
#          BR          NDA       ID1     ID2       ID3       ID4
      8.99845839E-01    2      1000022        13                       # MUL-   -->  Z1SS   MU-                
      3.55585217E-02    2      1000023        13                       # MUL-   -->  Z2SS   MU-                
      6.45941198E-02    2     -1000024        14                       # MUL-   -->  W1SS-  NUM                
      1.14334205E-06    3      1000015        13       -15             # MUL-   -->  TAU1-  MU-    TAU+        
      3.76981120E-07    3     -1000015        13        15             # MUL-   -->  TAU1+  MU-    TAU-        
      2.87494047E-16    2           13   1000039                       # MUL-   -->  MU-    GVSS               
#         PDG         Width
#DECAY   1000015  5.42455430E-19   # TAU1- decays
DECAY   1000015  0.0000000   # TAU1- decays
#          BR          NDA       ID1     ID2       ID3       ID4
#      1.00000000E+00    2           15   1000039                       # TAU1-  -->  TAU-   GVSS               
#         PDG         Width
DECAY   1000012  1.14219189E-01   # NUEL  decays
#          BR          NDA       ID1     ID2       ID3       ID4
      9.99956071E-01    2      1000022        12                       # NUEL   -->  Z1SS   NUE                
      9.17529997E-06    3      1000015        12       -15             # NUEL   -->  TAU1-  NUE    TAU+        
      9.64903393E-06    3     -1000015        12        15             # NUEL   -->  TAU1+  NUE    TAU-        
      2.51279362E-05    3     -1000015        11        16             # NUEL   -->  TAU1+  E-     NUT         
      1.20545454E-16    2           12   1000039                       # NUEL   -->  NUE    GVSS               
#         PDG         Width
DECAY   1000014  1.14219189E-01   # NUML  decays
#          BR          NDA       ID1     ID2       ID3       ID4
      9.99956071E-01    2      1000022        14                       # NUML   -->  Z1SS   NUM                
      9.17529997E-06    3      1000015        14       -15             # NUML   -->  TAU1-  NUM    TAU+        
      9.64903302E-06    3     -1000015        14        15             # NUML   -->  TAU1+  NUM    TAU-        
      2.51301899E-05    3     -1000015        13        16             # NUML   -->  TAU1+  MU-    NUT         
      1.20545454E-16    2           14   1000039                       # NUML   -->  NUM    GVSS               
#         PDG         Width
DECAY   1000016  1.15957908E-01   # NUTL  decays
#          BR          NDA       ID1     ID2       ID3       ID4
      9.82153356E-01    2      1000022        16                       # NUTL   -->  Z1SS   NUT                
      1.78277194E-02    2           24   1000015                       # NUTL   -->  W+     TAU1-              
      9.52111623E-06    3     -1000015        16        15             # NUTL   -->  TAU1+  NUT    TAU-        
      9.38857647E-06    3      1000015        16       -15             # NUTL   -->  TAU1-  NUT    TAU+        
      1.18270999E-16    2           16   1000039                       # NUTL   -->  NUT    GVSS               
#         PDG         Width
DECAY   2000011  3.59584792E-11   # ER-   decays
#          BR          NDA       ID1     ID2       ID3       ID4
      4.14897650E-01    3      1000015        11       -15             # ER-    -->  TAU1-  E-     TAU+        
      5.85102320E-01    3     -1000015        11        15             # ER-    -->  TAU1+  E-     TAU-        
      1.31644808E-11    3      1000015        12       -16             # ER-    -->  TAU1-  NUE    ANUT        
      1.76628632E-08    2           11   1000039                       # ER-    -->  E-     GVSS               
#         PDG         Width
DECAY   2000013  3.59637146E-11   # MUR-  decays
#          BR          NDA       ID1     ID2       ID3       ID4
      4.14897561E-01    3      1000015        13       -15             # MUR-   -->  TAU1-  MU-    TAU+        
      5.85101902E-01    3     -1000015        13        15             # MUR-   -->  TAU1+  MU-    TAU-        
      5.59745388E-07    3      1000015        14       -16             # MUR-   -->  TAU1-  NUM    ANUT        
      1.76602644E-08    2           13   1000039                       # MUR-   -->  MU-    GVSS               
#         PDG         Width
DECAY   2000015  8.28268826E-02   # TAU2- decays
#          BR          NDA       ID1     ID2       ID3       ID4
      8.64359915E-01    2      1000022        15                       # TAU2-  -->  Z1SS   TAU-               
      3.55461910E-02    2      1000023        15                       # TAU2-  -->  Z2SS   TAU-               
      6.50682449E-02    2     -1000024        16                       # TAU2-  -->  W1SS-  NUT                
      3.50256637E-02    2           23   1000015                       # TAU2-  -->  Z0     TAU1-              
#         PDG         Width
DECAY   1000022  1.26121014E-01   # Z1SS  decays
#          BR          NDA       ID1     ID2       ID3       ID4
      1.48445740E-01    2      2000011       -11                       # Z1SS   -->  ER-    E+                 
      1.48445740E-01    2     -2000011        11                       # Z1SS   -->  ER+    E-                 
      1.48442462E-01    2      2000013       -13                       # Z1SS   -->  MUR-   MU+                
      1.48442462E-01    2     -2000013        13                       # Z1SS   -->  MUR+   MU-                
      2.03111798E-01    2      1000015       -15                       # Z1SS   -->  TAU1-  TAU+               
      2.03111798E-01    2     -1000015        15                       # Z1SS   -->  TAU1+  TAU-               
      6.50284399E-18    2      1000039        22                       # Z1SS   -->  GVSS   GM                 
      1.33349799E-19    3      1000039        11       -11             # Z1SS   -->  GVSS   E-     E+          
      1.11291516E-19    2      1000039        23                       # Z1SS   -->  GVSS   Z0                 
      4.82077001E-23    2      1000039        25                       # Z1SS   -->  GVSS   HL0                
#         PDG         Width
DECAY   1000023  1.71372190E-01   # Z2SS  decays
#          BR          NDA       ID1     ID2       ID3       ID4
      4.58320812E-07    2      1000022        22                       # Z2SS   -->  Z1SS   GM                 
      3.65572461E-10    3     -1000024         2        -1             # Z2SS   -->  W1SS-  UP     DB          
      1.21857482E-10    3     -1000024        12       -11             # Z2SS   -->  W1SS-  NUE    E+          
      1.21857482E-10    3     -1000024        14       -13             # Z2SS   -->  W1SS-  NUM    MU+         
      3.65572461E-10    3      1000024         1        -2             # Z2SS   -->  W1SS+  DN     UB          
      1.21857482E-10    3      1000024        11       -12             # Z2SS   -->  W1SS+  E-     ANUE        
      1.21857482E-10    3      1000024        13       -14             # Z2SS   -->  W1SS+  MU-    ANUM        
      9.03911932E-05    3      1000022         2        -2             # Z2SS   -->  Z1SS   UP     UB          
      1.17282980E-04    3      1000022         1        -1             # Z2SS   -->  Z1SS   DN     DB          
      1.17282980E-04    3      1000022         3        -3             # Z2SS   -->  Z1SS   ST     SB          
      9.03911859E-05    3      1000022         4        -4             # Z2SS   -->  Z1SS   CH     CB          
      1.17265401E-04    3      1000022         5        -5             # Z2SS   -->  Z1SS   BT     BB          
      3.09528768E-05    3      1000022        11       -11             # Z2SS   -->  Z1SS   E-     E+          
      3.09527750E-05    3      1000022        13       -13             # Z2SS   -->  Z1SS   MU-    MU+         
      2.77080107E-05    3      1000022        15       -15             # Z2SS   -->  Z1SS   TAU-   TAU+        
      5.13668674E-05    3      1000022        12       -12             # Z2SS   -->  Z1SS   NUE    ANUE        
      5.13668674E-05    3      1000022        14       -14             # Z2SS   -->  Z1SS   NUM    ANUM        
      5.13668674E-05    3      1000022        16       -16             # Z2SS   -->  Z1SS   NUT    ANUT        
      1.42549813E-01    2      2000011       -11                       # Z2SS   -->  ER-    E+                 
      1.42549813E-01    2     -2000011        11                       # Z2SS   -->  ER+    E-                 
      1.42549664E-01    2      2000013       -13                       # Z2SS   -->  MUR-   MU+                
      1.42549664E-01    2     -2000013        13                       # Z2SS   -->  MUR+   MU-                
      1.90942273E-01    2      1000015       -15                       # Z2SS   -->  TAU1-  TAU+               
      1.90942273E-01    2     -1000015        15                       # Z2SS   -->  TAU1+  TAU-               
      7.78947864E-03    2      1000012       -12                       # Z2SS   -->  NUEL   ANUE               
      7.78947864E-03    2     -1000012        12                       # Z2SS   -->  ANUEL  NUE                
      7.78947864E-03    2      1000014       -14                       # Z2SS   -->  NUML   ANUM               
      7.78947864E-03    2     -1000014        14                       # Z2SS   -->  ANUML  NUM                
      7.99089950E-03    2      1000016       -16                       # Z2SS   -->  NUTL   ANUT               
      7.99089950E-03    2     -1000016        16                       # Z2SS   -->  ANUTL  NUT                
      3.64187275E-17    2      1000039        22                       # Z2SS   -->  GVSS   GM                 
      7.78286690E-19    3      1000039        11       -11             # Z2SS   -->  GVSS   E-     E+          
      1.39070171E-17    2      1000039        23                       # Z2SS   -->  GVSS   Z0                 
      1.81198401E-18    2      1000039        25                       # Z2SS   -->  GVSS   HL0                
#         PDG         Width
DECAY   1000025  1.31865293E-01   # Z3SS  decays
#          BR          NDA       ID1     ID2       ID3       ID4
      7.87537857E-08    2      1000022        22                       # Z3SS   -->  Z1SS   GM                 
      3.16412297E-07    2      1000023        22                       # Z3SS   -->  Z2SS   GM                 
      6.78462326E-04    3     -1000024         2        -1             # Z3SS   -->  W1SS-  UP     DB          
      2.26154109E-04    3     -1000024        12       -11             # Z3SS   -->  W1SS-  NUE    E+          
      2.26154109E-04    3     -1000024        14       -13             # Z3SS   -->  W1SS-  NUM    MU+         
      6.78462267E-04    3      1000024         1        -2             # Z3SS   -->  W1SS+  DN     UB          
      2.26154109E-04    3      1000024        11       -12             # Z3SS   -->  W1SS+  E-     ANUE        
      2.26154109E-04    3      1000024        13       -14             # Z3SS   -->  W1SS+  MU-    ANUM        
      6.78462267E-04    3     -1000024         4        -3             # Z3SS   -->  W1SS-  CH     SB          
      2.26154109E-04    3     -1000024        16       -15             # Z3SS   -->  W1SS-  NUT    TAU+        
      6.78462267E-04    3      1000024         3        -4             # Z3SS   -->  W1SS+  ST     CB          
      2.26154109E-04    3      1000024        15       -16             # Z3SS   -->  W1SS+  TAU-   ANUT        
      6.68871522E-01    2      1000022        23                       # Z3SS   -->  Z1SS   Z0                 
      7.58371499E-09    3      1000022         2        -2             # Z3SS   -->  Z1SS   UP     UB          
      5.01471975E-09    3      1000022         1        -1             # Z3SS   -->  Z1SS   DN     DB          
      5.01471975E-09    3      1000022         3        -3             # Z3SS   -->  Z1SS   ST     SB          
      7.58364838E-09    3      1000022         4        -4             # Z3SS   -->  Z1SS   CH     CB          
      3.48843423E-06    3      1000022         5        -5             # Z3SS   -->  Z1SS   BT     BB          
      5.20422702E-07    3      1000022        15       -15             # Z3SS   -->  Z1SS   TAU-   TAU+        
      1.15278744E-04    3      1000023         2        -2             # Z3SS   -->  Z2SS   UP     UB          
      1.47861982E-04    3      1000023         1        -1             # Z3SS   -->  Z2SS   DN     DB          
      1.47861982E-04    3      1000023         3        -3             # Z3SS   -->  Z2SS   ST     SB          
      1.15278744E-04    3      1000023         4        -4             # Z3SS   -->  Z2SS   CH     CB          
      1.32865433E-04    3      1000023         5        -5             # Z3SS   -->  Z2SS   BT     BB          
      3.36376288E-05    3      1000023        11       -11             # Z3SS   -->  Z2SS   E-     E+          
      3.36376288E-05    3      1000023        13       -13             # Z3SS   -->  Z2SS   MU-    MU+         
      3.30302173E-05    3      1000023        15       -15             # Z3SS   -->  Z2SS   TAU-   TAU+        
      6.69283036E-05    3      1000023        12       -12             # Z3SS   -->  Z2SS   NUE    ANUE        
      6.69283036E-05    3      1000023        14       -14             # Z3SS   -->  Z2SS   NUM    ANUM        
      6.69283036E-05    3      1000023        16       -16             # Z3SS   -->  Z2SS   NUT    ANUT        
      2.26814151E-02    2      1000022        25                       # Z3SS   -->  Z1SS   HL0                
      1.26598019E-03    2      1000011       -11                       # Z3SS   -->  EL-    E+                 
      1.26598019E-03    2     -1000011        11                       # Z3SS   -->  EL+    E-                 
      1.26597460E-03    2      1000013       -13                       # Z3SS   -->  MUL-   MU+                
      1.26597460E-03    2     -1000013        13                       # Z3SS   -->  MUL+   MU-                
      1.64251737E-02    2      2000011       -11                       # Z3SS   -->  ER-    E+                 
      1.64251737E-02    2     -2000011        11                       # Z3SS   -->  ER+    E-                 
      1.64251681E-02    2      2000013       -13                       # Z3SS   -->  MUR-   MU+                
      1.64251681E-02    2     -2000013        13                       # Z3SS   -->  MUR+   MU-                
      6.57666102E-02    2      1000015       -15                       # Z3SS   -->  TAU1-  TAU+               
      6.57666102E-02    2     -1000015        15                       # Z3SS   -->  TAU1+  TAU-               
      1.12156169E-02    2      2000015       -15                       # Z3SS   -->  TAU2-  TAU+               
      1.12156169E-02    2     -2000015        15                       # Z3SS   -->  TAU2+  TAU-               
      1.30951395E-02    2      1000012       -12                       # Z3SS   -->  NUEL   ANUE               
      1.30951395E-02    2     -1000012        12                       # Z3SS   -->  ANUEL  NUE                
      1.30951395E-02    2      1000014       -14                       # Z3SS   -->  NUML   ANUM               
      1.30951395E-02    2     -1000014        14                       # Z3SS   -->  ANUML  NUM                
      1.31510161E-02    2      1000016       -16                       # Z3SS   -->  NUTL   ANUT               
      1.31510161E-02    2     -1000016        16                       # Z3SS   -->  ANUTL  NUT                
      9.43223713E-20    2      1000039        22                       # Z3SS   -->  GVSS   GM                 
      2.04993511E-21    3      1000039        11       -11             # Z3SS   -->  GVSS   E-     E+          
      5.21390833E-17    2      1000039        23                       # Z3SS   -->  GVSS   Z0                 
      5.57511527E-17    2      1000039        25                       # Z3SS   -->  GVSS   HL0                
#         PDG         Width
DECAY   1000035  2.11184955E+00   # Z4SS  decays
#          BR          NDA       ID1     ID2       ID3       ID4
      1.08660170E-09    2      1000022        22                       # Z4SS   -->  Z1SS   GM                 
      2.46199079E-07    2      1000023        22                       # Z4SS   -->  Z2SS   GM                 
      2.36269159E-07    2      1000025        22                       # Z4SS   -->  Z3SS   GM                 
      1.08559191E-01    2      1000024       -24                       # Z4SS   -->  W1SS+  W-                 
      1.08559191E-01    2     -1000024        24                       # Z4SS   -->  W1SS-  W+                 
      1.73109530E-11    3     -1000037         2        -1             # Z4SS   -->  W2SS-  UP     DB          
      5.77031738E-12    3     -1000037        12       -11             # Z4SS   -->  W2SS-  NUE    E+          
      5.77031738E-12    3     -1000037        14       -13             # Z4SS   -->  W2SS-  NUM    MU+         
      1.73109513E-11    3      1000037         1        -2             # Z4SS   -->  W2SS+  DN     UB          
      5.77031738E-12    3      1000037        11       -12             # Z4SS   -->  W2SS+  E-     ANUE        
      5.77031738E-12    3      1000037        13       -14             # Z4SS   -->  W2SS+  MU-    ANUM        
      4.26574470E-03    2      1000022        23                       # Z4SS   -->  Z1SS   Z0                 
      1.01301812E-04    2      1000023        23                       # Z4SS   -->  Z2SS   Z0                 
      3.48515528E-08    3      1000022         2        -2             # Z4SS   -->  Z1SS   UP     UB          
      2.03971624E-07    3      1000022         1        -1             # Z4SS   -->  Z1SS   DN     DB          
      2.03971624E-07    3      1000022         3        -3             # Z4SS   -->  Z1SS   ST     SB          
      3.48512437E-08    3      1000022         4        -4             # Z4SS   -->  Z1SS   CH     CB          
      2.38129431E-07    3      1000022         5        -5             # Z4SS   -->  Z1SS   BT     BB          
      2.07958362E-09    3      1000022        15       -15             # Z4SS   -->  Z1SS   TAU-   TAU+        
      1.66317989E-07    3      1000023         2        -2             # Z4SS   -->  Z2SS   UP     UB          
      1.33115577E-07    3      1000023         1        -1             # Z4SS   -->  Z2SS   DN     DB          
      1.33115577E-07    3      1000023         3        -3             # Z4SS   -->  Z2SS   ST     SB          
      1.66316454E-07    3      1000023         4        -4             # Z4SS   -->  Z2SS   CH     CB          
      1.91735595E-07    3      1000023         5        -5             # Z4SS   -->  Z2SS   BT     BB          
      5.07681319E-09    3      1000023        15       -15             # Z4SS   -->  Z2SS   TAU-   TAU+        
      2.83010268E-05    3      1000025         2        -2             # Z4SS   -->  Z3SS   UP     UB          
      3.67171015E-05    3      1000025         1        -1             # Z4SS   -->  Z3SS   DN     DB          
      3.67171015E-05    3      1000025         3        -3             # Z4SS   -->  Z3SS   ST     SB          
      2.83010268E-05    3      1000025         4        -4             # Z4SS   -->  Z3SS   CH     CB          
      3.47963942E-05    3      1000025         5        -5             # Z4SS   -->  Z3SS   BT     BB          
      8.30108274E-06    3      1000025        11       -11             # Z4SS   -->  Z3SS   E-     E+          
      8.30108274E-06    3      1000025        13       -13             # Z4SS   -->  Z3SS   MU-    MU+         
      8.22498896E-06    3      1000025        15       -15             # Z4SS   -->  Z3SS   TAU-   TAU+        
      1.65165420E-05    3      1000025        12       -12             # Z4SS   -->  Z3SS   NUE    ANUE        
      1.65165420E-05    3      1000025        14       -14             # Z4SS   -->  Z3SS   NUM    ANUM        
      1.65165420E-05    3      1000025        16       -16             # Z4SS   -->  Z3SS   NUT    ANUT        
      1.65929366E-02    2      1000022        25                       # Z4SS   -->  Z1SS   HL0                
      1.01719284E-03    2      1000023        25                       # Z4SS   -->  Z2SS   HL0                
      4.19612303E-02    2      1000011       -11                       # Z4SS   -->  EL-    E+                 
      4.19612303E-02    2     -1000011        11                       # Z4SS   -->  EL+    E-                 
      4.19611894E-02    2      1000013       -13                       # Z4SS   -->  MUL-   MU+                
      4.19611894E-02    2     -1000013        13                       # Z4SS   -->  MUL+   MU-                
      4.99860756E-03    2      2000011       -11                       # Z4SS   -->  ER-    E+                 
      4.99860756E-03    2     -2000011        11                       # Z4SS   -->  ER+    E-                 
      4.99860616E-03    2      2000013       -13                       # Z4SS   -->  MUR-   MU+                
      4.99860616E-03    2     -2000013        13                       # Z4SS   -->  MUR+   MU-                
      4.32911515E-03    2      1000015       -15                       # Z4SS   -->  TAU1-  TAU+               
      4.32911515E-03    2     -1000015        15                       # Z4SS   -->  TAU1+  TAU-               
      4.30448912E-02    2      2000015       -15                       # Z4SS   -->  TAU2-  TAU+               
      4.30448912E-02    2     -2000015        15                       # Z4SS   -->  TAU2+  TAU-               
      7.96307474E-02    2      1000012       -12                       # Z4SS   -->  NUEL   ANUE               
      7.96307474E-02    2     -1000012        12                       # Z4SS   -->  ANUEL  NUE                
      7.96307474E-02    2      1000014       -14                       # Z4SS   -->  NUML   ANUM               
      7.96307474E-02    2     -1000014        14                       # Z4SS   -->  ANUML  NUM                
      7.97764808E-02    2      1000016       -16                       # Z4SS   -->  NUTL   ANUT               
      7.97764808E-02    2     -1000016        16                       # Z4SS   -->  ANUTL  NUT                
      4.45935178E-18    2      1000039        22                       # Z4SS   -->  GVSS   GM                 
      9.85726708E-20    3      1000039        11       -11             # Z4SS   -->  GVSS   E-     E+          
      3.62806810E-17    2      1000039        23                       # Z4SS   -->  GVSS   Z0                 
      5.17773580E-18    2      1000039        25                       # Z4SS   -->  GVSS   HL0                
      3.77304756E-24    2      1000039        35                       # Z4SS   -->  GVSS   HH0                
      1.67916159E-23    2      1000039        36                       # Z4SS   -->  GVSS   HA0                
#         PDG         Width
DECAY   1000024  2.99338251E-02   # W1SS+ decays
#          BR          NDA       ID1     ID2       ID3       ID4
      2.12616175E-02    3      1000022         2        -1             # W1SS+  -->  Z1SS   UP     DB          
      2.12616175E-02    3      1000022         4        -3             # W1SS+  -->  Z1SS   CH     SB          
      6.21969998E-03    3      1000022       -11        12             # W1SS+  -->  Z1SS   E+     NUE         
      6.21970138E-03    3      1000022       -13        14             # W1SS+  -->  Z1SS   MU+    NUM         
      6.25245785E-03    3      1000022       -15        16             # W1SS+  -->  Z1SS   TAU+   NUT         
      1.21903099E-01    2      1000012       -11                       # W1SS+  -->  NUEL   E+                 
      1.21895194E-01    2      1000014       -13                       # W1SS+  -->  NUML   MU+                
      1.34664655E-01    2      1000016       -15                       # W1SS+  -->  NUTL   TAU+               
      5.60321987E-01    2     -1000015        16                       # W1SS+  -->  TAU1+  NUT                
#         PDG         Width
DECAY   1000037  1.80914462E+00   # W2SS+ decays
#          BR          NDA       ID1     ID2       ID3       ID4
      2.22491124E-07    3      1000022         2        -1             # W2SS+  -->  Z1SS   UP     DB          
      2.22490939E-07    3      1000022         4        -3             # W2SS+  -->  Z1SS   CH     SB          
      4.59936622E-09    3      1000022       -15        16             # W2SS+  -->  Z1SS   TAU+   NUT         
      6.54518837E-03    2      1000022        24                       # W2SS+  -->  Z1SS   W+                 
      1.14527516E-07    3      1000023         2        -1             # W2SS+  -->  Z2SS   UP     DB          
      1.14527019E-07    3      1000023         4        -3             # W2SS+  -->  Z2SS   CH     SB          
      7.05465482E-08    3      1000023       -15        16             # W2SS+  -->  Z2SS   TAU+   NUT         
      1.22262999E-01    2      1000023        24                       # W2SS+  -->  Z2SS   W+                 
      1.13996015E-04    3      1000025         2        -1             # W2SS+  -->  Z3SS   UP     DB          
      1.13996015E-04    3      1000025         4        -3             # W2SS+  -->  Z3SS   CH     SB          
      3.79534322E-05    3      1000025       -11        12             # W2SS+  -->  Z3SS   E+     NUE         
      3.79534322E-05    3      1000025       -13        14             # W2SS+  -->  Z3SS   MU+    NUM         
      3.79554986E-05    3      1000025       -15        16             # W2SS+  -->  Z3SS   TAU+   NUT         
      1.26699373E-01    2      1000012       -11                       # W2SS+  -->  NUEL   E+                 
      1.26699343E-01    2      1000014       -13                       # W2SS+  -->  NUML   MU+                
      1.28630832E-01    2      1000016       -15                       # W2SS+  -->  NUTL   TAU+               
      1.42568678E-01    2     -1000011        12                       # W2SS+  -->  EL+    NUE                
      1.42568573E-01    2     -1000013        14                       # W2SS+  -->  MUL+   NUM                
      5.40435349E-06    2     -1000015        16                       # W2SS+  -->  TAU1+  NUT                
      1.42582685E-01    2     -2000015        16                       # W2SS+  -->  TAU2+  NUT                
      6.04833886E-02    2      1000024        23                       # W2SS+  -->  W1SS+  Z0                 
      2.48934214E-07    3      1000024         1        -1             # W2SS+  -->  W1SS+  DN     DB          
      2.48931997E-07    3      1000024         3        -3             # W2SS+  -->  W1SS+  ST     SB          
      2.25641216E-07    3      1000024         2        -2             # W2SS+  -->  W1SS+  UP     UB          
      2.25641216E-07    3      1000024         4        -4             # W2SS+  -->  W1SS+  CH     CB          
      6.09973096E-04    2      1000024        25                       # W2SS+  -->  W1SS+  HL0                
#         PDG         Width
DECAY        25  6.51090126E-03   # HL0   decays
#          BR          NDA       ID1     ID2       ID3       ID4
      4.33814940E-09    2           11       -11                       # HL0    -->  E-     E+                 
      1.83163502E-04    2           13       -13                       # HL0    -->  MU-    MU+                
      5.23796491E-02    2           15       -15                       # HL0    -->  TAU-   TAU+               
      5.44817112E-06    2            1        -1                       # HL0    -->  DN     DB                 
      2.20133387E-03    2            3        -3                       # HL0    -->  ST     SB                 
      8.75386298E-01    2            5        -5                       # HL0    -->  BT     BB                 
      1.15247906E-06    2            2        -2                       # HL0    -->  UP     UB                 
      2.91238204E-02    2            4        -4                       # HL0    -->  CH     CB                 
      9.56069096E-04    2           22        22                       # HL0    -->  GM     GM                 
      2.17021834E-02    2           21        21                       # HL0    -->  GL     GL                 
      9.52547591E-04    3           24        11       -12             # HL0    -->  W+     E-     ANUE        
      9.52547591E-04    3           24        13       -14             # HL0    -->  W+     MU-    ANUM        
      9.52547591E-04    3           24        15       -16             # HL0    -->  W+     TAU-   ANUT        
      2.85764295E-03    3           24        -2         1             # HL0    -->  W+     UB     DN          
      2.85764295E-03    3           24        -4         3             # HL0    -->  W+     CB     ST          
      9.52547591E-04    3          -24       -11        12             # HL0    -->  W-     E+     NUE         
      9.52547591E-04    3          -24       -13        14             # HL0    -->  W-     MU+    NUM         
      9.52547591E-04    3          -24       -15        16             # HL0    -->  W-     TAU+   NUT         
      2.85764295E-03    3          -24         2        -1             # HL0    -->  W-     UP     DB          
      2.85764295E-03    3          -24         4        -3             # HL0    -->  W-     CH     SB          
      6.25791436E-05    3           23        12       -12             # HL0    -->  Z0     NUE    ANUE        
      6.25791436E-05    3           23        14       -14             # HL0    -->  Z0     NUM    ANUM        
      6.25791436E-05    3           23        16       -16             # HL0    -->  Z0     NUT    ANUT        
      3.14954523E-05    3           23        11       -11             # HL0    -->  Z0     E-     E+          
      3.14954523E-05    3           23        13       -13             # HL0    -->  Z0     MU-    MU+         
      3.14954523E-05    3           23        15       -15             # HL0    -->  Z0     TAU-   TAU+        
      1.07900749E-04    3           23         2        -2             # HL0    -->  Z0     UP     UB          
      1.07900749E-04    3           23         4        -4             # HL0    -->  Z0     CH     CB          
      1.39002761E-04    3           23         1        -1             # HL0    -->  Z0     DN     DB          
      1.39002761E-04    3           23         3        -3             # HL0    -->  Z0     ST     SB          
      1.39002761E-04    3           23         5        -5             # HL0    -->  Z0     BT     BB          
#         PDG         Width
DECAY        35  5.36886990E-01   # HH0   decays
#          BR          NDA       ID1     ID2       ID3       ID4
      9.81000792E-09    2           11       -11                       # HH0    -->  E-     E+                 
      4.14195936E-04    2           13       -13                       # HH0    -->  MU-    MU+                
      1.18608981E-01    2           15       -15                       # HH0    -->  TAU-   TAU+               
      1.21513194E-05    2            1        -1                       # HH0    -->  DN     DB                 
      4.90974728E-03    2            3        -3                       # HH0    -->  ST     SB                 
      8.09787452E-01    2            5        -5                       # HH0    -->  BT     BB                 
      5.88102678E-10    2            2        -2                       # HH0    -->  UP     UB                 
      1.28159982E-05    2            4        -4                       # HH0    -->  CH     CB                 
      1.66443203E-06    2           22        22                       # HH0    -->  GM     GM                 
      3.52724397E-04    2           21        21                       # HH0    -->  GL     GL                 
      6.36104308E-03    2           24       -24                       # HH0    -->  W+     W-                 
      2.92897690E-03    2           23        23                       # HH0    -->  Z0     Z0                 
      3.02310474E-02    2      1000022   1000022                       # HH0    -->  Z1SS   Z1SS               
      2.32702121E-02    2           25        25                       # HH0    -->  HL0    HL0                
      1.07793731E-03    2      2000011  -2000011                       # HH0    -->  ER-    ER+                
      1.07738597E-03    2      2000013  -2000013                       # HH0    -->  MUR-   MUR+               
      9.53544572E-04    2      1000015  -1000015                       # HH0    -->  TAU1-  TAU1+              
      4.47470789E-08    2      1000015  -2000015                       # HH0    -->  TAU1-  TAU2+              
      4.47470789E-08    2      2000015  -1000015                       # HH0    -->  TAU2-  TAU1+              
#         PDG         Width
DECAY        36  5.53270519E-01   # HA0   decays
#          BR          NDA       ID1     ID2       ID3       ID4
      9.48606349E-09    2           11       -11                       # HA0    -->  E-     E+                 
      4.00518620E-04    2           13       -13                       # HA0    -->  MU-    MU+                
      1.14707105E-01    2           15       -15                       # HA0    -->  TAU-   TAU+               
      1.17512345E-05    2            1        -1                       # HA0    -->  DN     DB                 
      4.74809390E-03    2            3        -3                       # HA0    -->  ST     SB                 
      7.83550680E-01    2            5        -5                       # HA0    -->  BT     BB                 
      3.76001785E-10    2            2        -2                       # HA0    -->  UP     UB                 
      8.20348941E-06    2            4        -4                       # HA0    -->  CH     CB                 
      1.54286667E-07    2           22        22                       # HA0    -->  GM     GM                 
      5.47747914E-05    2           21        21                       # HA0    -->  GL     GL                 
      9.26079378E-02    2      1000022   1000022                       # HA0    -->  Z1SS   Z1SS               
      3.90999345E-03    2           25        23                       # HA0    -->  HL0    Z0                 
      8.00222892E-07    2      1000015  -1000015                       # HA0    -->  TAU1-  TAU1+              
#         PDG         Width
DECAY        37  3.69939417E-01   # H+    decays
#          BR          NDA       ID1     ID2       ID3       ID4
      1.47486690E-08    2           12       -11                       # H+     -->  NUE    E+                 
      6.22715277E-04    2           14       -13                       # H+     -->  NUM    MU+                
      1.78344294E-01    2           16       -15                       # H+     -->  NUT    TAU+               
      1.66079699E-05    2            2        -1                       # H+     -->  UP     DB                 
      6.72153197E-03    2            4        -3                       # H+     -->  CH     SB                 
      7.71917880E-01    2            6        -5                       # H+     -->  TP     BB                 
      3.45439129E-02    2      1000024   1000022                       # H+     -->  W1SS+  Z1SS               
      7.69926189E-03    2           25        24                       # H+     -->  HL0    W+                 
      1.33762558E-04    2     -1000015   1000016                       # H+     -->  TAU1+  NUTL               
