#  ISAJET decay tables in SUSY Les Houches accord format
#  Created by ISALHD. Last revision: C. Balazs, 2005 May 25
Block DCINFO   # Program information
    1             ISASUGRA from ISAJET          # Spectrum Calculator
    2   7.69   21-AUG-2003 11:39:06             # Version number
#  SUSY parameters in Les Houches accord format
Block MODSEL   # Model selection
    1    2   #  Minimal gauge mediated (GMSB) model              
Block MINPAR   # Input parameters
    1    6.500000000E+04   # Lambda
    2    1.300000000E+05   # M_mes
    3    3.000000000E+00   # N_5
    4    1.000000000E+01   # tan(beta
    5    1.000000000E+00   # sgn(mu)
    6    1.740000000E+02   # M_t
    7    1.000000000E+04   # C_grav
Block EXTPAR    # Input parameters - non-minimal models
    8    1.000000000E+00   # Rsl
    9    0.000000000E+00   # dmH_d^2
   10    0.000000000E+00   # dmH_u^2
   11    0.000000000E+00   # d_Y
   12    3.000000000E+00   # N5_1
   13    3.000000000E+00   # N5_2
   14    3.000000000E+00   # N5_3
#  
Block MASS   # Scalar and gaugino mass spectrum
#  PDG code   mass                 particle
         6    1.740000000E+02   #  top            
        25    1.155800781E+02   #  h^0            
        35    6.268875732E+02   #  H^0            
        36    6.224916382E+02   #  A^0            
        37    6.317374268E+02   #  H^+            
   1000001    1.412031860E+03   #  dnl            
   1000002    1.409635254E+03   #  upl            
   1000003    1.412031860E+03   #  stl            
   1000004    1.409635986E+03   #  chl            
   1000005    1.352089233E+03   #  b1             
   1000006    1.261415039E+03   #  t1             
   1000011    4.277123108E+02   #  el-            
   1000012    4.144024353E+02   #  nuel           
   1000013    4.277123108E+02   #  mul-           
   1000014    4.144024353E+02   #  numl           
   1000015    2.008664856E+02   #  tau1           
   1000016    4.141020813E+02   #  nutl           
   1000021    1.476296021E+03   #  glss           
   1000022    2.660060425E+02   #  z1ss           
   1000023    4.436983032E+02   #  z2ss           
   1000024    4.465396118E+02   #  w1ss           
   1000025   -4.750407715E+02   #  z3ss           
   1000035    5.737730103E+02   #  z4ss           
   1000037    5.687324829E+02   #  w2ss           
   2000001    1.354736450E+03   #  dnr            
   2000002    1.358941162E+03   #  upr            
   2000003    1.354736694E+03   #  str            
   2000004    1.358941895E+03   #  chr            
   2000005    1.364605225E+03   #  b2             
   2000006    1.381270508E+03   #  t2             
   2000011    2.039004822E+02   #  er-            
   2000013    2.039004974E+02   #  mur-           
   2000015    4.276719666E+02   #  tau2           
   1000039    2.032754128E-05   # gravitino       
Block ALPHA   # Higgs mixing
    1   -1.050912440E-01   # alpha
Block HMIX Q= 1.305700684E+03   # Higgs parameters
    1    4.668460999E+02   # mu
Block STOPMIX   # stop mixing matrix
  1  1    2.255569696E-01
  1  2   -9.742299914E-01
  2  1    9.742299914E-01
  2  2    2.255569696E-01
Block SBOTMIX   # sbottom mixing matrix
  1  1    3.148649633E-01
  1  2   -9.491364956E-01
  2  1    9.491364956E-01
  2  2    3.148649633E-01
Block STAUMIX   # stau mixing matrix
  1  1    5.050150678E-02
  1  2   -9.987239838E-01
  2  1    9.987239838E-01
  2  2    5.050150678E-02
Block NMIX   # neutralino mixing matrix
  1  1    9.839772582E-01   # N_11
  1  2   -3.225138038E-02   # N_12
  1  3    1.473083943E-01   # N_13
  1  4   -9.512511641E-02   # N_14
  2  1   -1.636496782E-01   # N_21
  2  2   -5.232880116E-01   # N_22
  2  3    6.072480083E-01   # N_23
  2  4   -5.750118494E-01   # N_24
  3  1    3.513739631E-02   # N_31
  3  2   -4.777398333E-02   # N_32
  3  3   -7.028915286E-01   # N_33
  3  4   -7.088205218E-01   # N_34
  4  1    6.142360345E-02   # N_41
  4  2   -8.502042890E-01   # N_42
  4  3   -3.398436010E-01   # N_43
  4  4    3.973490000E-01   # N_44
Block UMIX   # chargino U mixing matrix
  1  1   -4.848570824E-01
  1  2    8.745933771E-01
  2  1   -8.745933771E-01
  2  2   -4.848570824E-01
Block VMIX   # chargino V mixing matrix
  1  1   -5.714154243E-01
  1  2    8.206609488E-01
  2  1   -8.206609488E-01
  2  2   -5.714154243E-01
Block AU Q= 1.305700684E+03   #  The trilinear couplings
  3  3   -4.825870361E+02    7.199401757+165   #
Block AD Q= 1.305700684E+03   #  The trilinear couplings
  3  3   -5.327921143E+02    3.580431530+252   #
Block AE Q= 1.305700684E+03   #  The trilinear couplings
  3  3   -6.930925751E+01    1.456328742E+45   #
Block SPINFO   # Program information
    1                                ISASUGRA   # Spectrum Calculator
    2    ISAJET     V7.69   21-AUG-2003 11:39   # Version number
#         PDG         Width
DECAY         6  1.18783092E+00   # TP    decays
#          BR          NDA       ID1     ID2       ID3       ID4
      3.33333343E-01    3            2        -1         5             # TP     -->  UP     DB     BT          
      3.33333343E-01    3            4        -3         5             # TP     -->  CH     SB     BT          
      1.11111112E-01    3          -11        12         5             # TP     -->  E+     NUE    BT          
      1.11111112E-01    3          -13        14         5             # TP     -->  MU+    NUM    BT          
      1.11111112E-01    3          -15        16         5             # TP     -->  TAU+   NUT    BT          
#         PDG         Width
DECAY   1000021  6.70793056E+00   # GLSS  decays
#          BR          NDA       ID1     ID2       ID3       ID4
      3.74794414E-04    3      1000024         5        -6             # GLSS   -->  W1SS+  BT     TB          
      3.74794414E-04    3     -1000024         6        -5             # GLSS   -->  W1SS-  TP     BB          
      1.96737284E-03    3      1000037         5        -6             # GLSS   -->  W2SS+  BT     TB          
      1.96737284E-03    3     -1000037         6        -5             # GLSS   -->  W2SS-  TP     BB          
      6.85706937E-07    2      1000022        21                       # GLSS   -->  Z1SS   GL                 
      1.26911153E-04    3      1000022         6        -6             # GLSS   -->  Z1SS   TP     TB          
      1.94451641E-05    2      1000023        21                       # GLSS   -->  Z2SS   GL                 
      2.50233291E-03    3      1000023         6        -6             # GLSS   -->  Z2SS   TP     TB          
      6.86409985E-05    2      1000025        21                       # GLSS   -->  Z3SS   GL                 
      3.42722889E-03    3      1000025         6        -6             # GLSS   -->  Z3SS   TP     TB          
      4.84436387E-05    2      1000035        21                       # GLSS   -->  Z4SS   GL                 
      4.22173971E-03    3      1000035         6        -6             # GLSS   -->  Z4SS   TP     TB          
      1.89826023E-02    2     -1000002         2                       # GLSS   -->  UBL    UP                 
      1.89826023E-02    2      1000002        -2                       # GLSS   -->  UPL    UB                 
      1.76715236E-02    2     -1000001         1                       # GLSS   -->  DBL    DN                 
      1.76715236E-02    2      1000001        -1                       # GLSS   -->  DNL    DB                 
      5.67837618E-02    2     -2000002         2                       # GLSS   -->  UBR    UP                 
      5.67837618E-02    2      2000002        -2                       # GLSS   -->  UPR    UB                 
      6.07450977E-02    2     -2000001         1                       # GLSS   -->  DBR    DN                 
      6.07450977E-02    2      2000001        -1                       # GLSS   -->  DNR    DB                 
      1.76714417E-02    2     -1000003         3                       # GLSS   -->  SBL    ST                 
      1.76714417E-02    2      1000003        -3                       # GLSS   -->  STL    SB                 
      6.07447922E-02    2     -2000003         3                       # GLSS   -->  SBR    ST                 
      6.07447922E-02    2      2000003        -3                       # GLSS   -->  STR    SB                 
      1.89784765E-02    2     -1000004         4                       # GLSS   -->  CBL    CH                 
      1.89784765E-02    2      1000004        -4                       # GLSS   -->  CHL    CB                 
      5.67796156E-02    2     -2000004         4                       # GLSS   -->  CBR    CH                 
      5.67796156E-02    2      2000004        -4                       # GLSS   -->  CHR    CB                 
      6.16654977E-02    2     -1000005         5                       # GLSS   -->  BB1    BT                 
      6.16654977E-02    2      1000005        -5                       # GLSS   -->  BT1    BB                 
      5.30273058E-02    2     -2000005         5                       # GLSS   -->  BB2    BT                 
      5.30273058E-02    2      2000005        -5                       # GLSS   -->  BT2    BB                 
      6.94000050E-02    2     -1000006         6                       # GLSS   -->  TB1    TP                 
      6.94000050E-02    2      1000006        -6                       # GLSS   -->  TP1    TB                 
      2.91269749E-15    2      1000039        21                       # GLSS   -->  GVSS   GL                 
#         PDG         Width
DECAY   1000002  1.32485609E+01   # UPL   decays
#          BR          NDA       ID1     ID2       ID3       ID4
      9.12635680E-03    2      1000022         2                       # UPL    -->  Z1SS   UP                 
      1.11276060E-01    2      1000023         2                       # UPL    -->  Z2SS   UP                 
      6.01328444E-04    2      1000025         2                       # UPL    -->  Z3SS   UP                 
      2.19427004E-01    2      1000035         2                       # UPL    -->  Z4SS   UP                 
      2.36719295E-01    2      1000024         1                       # UPL    -->  W1SS+  DN                 
      4.22849953E-01    2      1000037         1                       # UPL    -->  W2SS+  DN                 
#         PDG         Width
DECAY   1000001  1.31583214E+01   # DNL   decays
#          BR          NDA       ID1     ID2       ID3       ID4
      1.89793799E-02    2      1000022         1                       # DNL    -->  Z1SS   DN                 
      8.92875642E-02    2      1000023         1                       # DNL    -->  Z2SS   DN                 
      1.04401703E-03    2      1000025         1                       # DNL    -->  Z3SS   DN                 
      2.33655110E-01    2      1000035         1                       # DNL    -->  Z4SS   DN                 
      1.72025070E-01    2     -1000024         2                       # DNL    -->  W1SS-  UP                 
      4.85008866E-01    2     -1000037         2                       # DNL    -->  W2SS-  UP                 
#         PDG         Width
DECAY   1000003  1.31582985E+01   # STL   decays
#          BR          NDA       ID1     ID2       ID3       ID4
      1.89794116E-02    2      1000022         3                       # STL    -->  Z1SS   ST                 
      8.92877132E-02    2      1000023         3                       # STL    -->  Z2SS   ST                 
      1.04401878E-03    2      1000025         3                       # STL    -->  Z3SS   ST                 
      2.33655497E-01    2      1000035         3                       # STL    -->  Z4SS   ST                 
      1.72024965E-01    2     -1000024         4                       # STL    -->  W1SS-  CH                 
      4.85008389E-01    2     -1000037         4                       # STL    -->  W2SS-  CH                 
#         PDG         Width
DECAY   1000004  1.32485609E+01   # CHL   decays
#          BR          NDA       ID1     ID2       ID3       ID4
      9.12634470E-03    2      1000022         4                       # CHL    -->  Z1SS   CH                 
      1.11275889E-01    2      1000023         4                       # CHL    -->  Z2SS   CH                 
      6.01327512E-04    2      1000025         4                       # CHL    -->  Z3SS   CH                 
      2.19426632E-01    2      1000035         4                       # CHL    -->  Z4SS   CH                 
      2.36719474E-01    2      1000024         3                       # CHL    -->  W1SS+  ST                 
      4.22850341E-01    2      1000037         3                       # CHL    -->  W2SS+  ST                 
#         PDG         Width
DECAY   1000005  3.70228004E+00   # BT1   decays
#          BR          NDA       ID1     ID2       ID3       ID4
      1.94508344E-01    2      1000022         5                       # BT1    -->  Z1SS   BT                 
      1.20166086E-01    2      1000023         5                       # BT1    -->  Z2SS   BT                 
      3.52862291E-02    2      1000025         5                       # BT1    -->  Z3SS   BT                 
      3.46239358E-02    2      1000035         5                       # BT1    -->  Z4SS   BT                 
      4.25152272E-01    2     -1000024         6                       # BT1    -->  W1SS-  TP                 
      1.89793453E-01    2     -1000037         6                       # BT1    -->  W2SS-  TP                 
      4.69683931E-04    2          -24   1000006                       # BT1    -->  W-     TP1                
#         PDG         Width
DECAY   1000006  2.62124462E+01   # TP1   decays
#          BR          NDA       ID1     ID2       ID3       ID4
      9.80051383E-02    2      1000022         6                       # TP1    -->  Z1SS   TP                 
      1.79517314E-01    2      1000023         6                       # TP1    -->  Z2SS   TP                 
      2.37794936E-01    2      1000025         6                       # TP1    -->  Z3SS   TP                 
      2.82193292E-02    2      1000035         6                       # TP1    -->  Z4SS   TP                 
      3.90456796E-01    2      1000024         5                       # TP1    -->  W1SS+  BT                 
      6.60064891E-02    2      1000037         5                       # TP1    -->  W2SS+  BT                 
#         PDG         Width
DECAY   2000002  2.82716775E+00   # UPR   decays
#          BR          NDA       ID1     ID2       ID3       ID4
      9.72971618E-01    2      1000022         2                       # UPR    -->  Z1SS   UP                 
      2.32264865E-02    2      1000023         2                       # UPR    -->  Z2SS   UP                 
      1.03370997E-03    2      1000025         2                       # UPR    -->  Z3SS   UP                 
      2.76817754E-03    2      1000035         2                       # UPR    -->  Z4SS   UP                 
#         PDG         Width
DECAY   2000001  7.04234600E-01   # DNR   decays
#          BR          NDA       ID1     ID2       ID3       ID4
      9.73001122E-01    2      1000022         1                       # DNR    -->  Z1SS   DN                 
      2.32042354E-02    2      1000023         1                       # DNR    -->  Z2SS   DN                 
      1.03246421E-03    2      1000025         1                       # DNR    -->  Z3SS   DN                 
      2.76216748E-03    2      1000035         1                       # DNR    -->  Z4SS   DN                 
#         PDG         Width
DECAY   2000003  7.04234719E-01   # STR   decays
#          BR          NDA       ID1     ID2       ID3       ID4
      9.73001122E-01    2      1000022         3                       # STR    -->  Z1SS   ST                 
      2.32042372E-02    2      1000023         3                       # STR    -->  Z2SS   ST                 
      1.03246432E-03    2      1000025         3                       # STR    -->  Z3SS   ST                 
      2.76216771E-03    2      1000035         3                       # STR    -->  Z4SS   ST                 
#         PDG         Width
DECAY   2000004  2.82716346E+00   # CHR   decays
#          BR          NDA       ID1     ID2       ID3       ID4
      9.72971618E-01    2      1000022         4                       # CHR    -->  Z1SS   CH                 
      2.32264809E-02    2      1000023         4                       # CHR    -->  Z2SS   CH                 
      1.03370973E-03    2      1000025         4                       # CHR    -->  Z3SS   CH                 
      2.76817637E-03    2      1000035         4                       # CHR    -->  Z4SS   CH                 
#         PDG         Width
DECAY   2000005  2.33247490E+01   # BT2   decays
#          BR          NDA       ID1     ID2       ID3       ID4
      9.43934638E-03    2      1000022         5                       # BT2    -->  Z1SS   BT                 
      4.01327796E-02    2      1000023         5                       # BT2    -->  Z2SS   BT                 
      9.01069958E-03    2      1000025         5                       # BT2    -->  Z3SS   BT                 
      1.21334337E-01    2      1000035         5                       # BT2    -->  Z4SS   BT                 
      3.86777788E-01    2     -1000024         6                       # BT2    -->  W1SS-  TP                 
      4.30845320E-01    2     -1000037         6                       # BT2    -->  W2SS-  TP                 
      2.45972211E-03    2          -24   1000006                       # BT2    -->  W-     TP1                
#         PDG         Width
DECAY   2000006  2.61633110E+01   # TP2   decays
#          BR          NDA       ID1     ID2       ID3       ID4
      4.76777516E-02    2      1000024         5                       # TP2    -->  W1SS+  BT                 
      2.85005718E-01    2      1000037         5                       # TP2    -->  W2SS+  BT                 
      2.00345716E-03    2           23   1000006                       # TP2    -->  Z0     TP1                
      2.77392357E-03    2           25   1000006                       # TP2    -->  HL0    TP1                
      6.58607669E-03    2      1000022         6                       # TP2    -->  Z1SS   TP                 
      1.82235777E-01    2      1000023         6                       # TP2    -->  Z2SS   TP                 
      2.41499886E-01    2      1000025         6                       # TP2    -->  Z3SS   TP                 
      2.32217401E-01    2      1000035         6                       # TP2    -->  Z4SS   TP                 
#         PDG         Width
DECAY   1000011  1.75096840E-01   # EL-   decays
#          BR          NDA       ID1     ID2       ID3       ID4
      9.99973655E-01    2      1000022        11                       # EL-    -->  Z1SS   E-                 
      1.24593480E-05    3      1000015        11       -15             # EL-    -->  TAU1-  E-     TAU+        
      1.38626165E-05    3     -1000015        11        15             # EL-    -->  TAU1+  E-     TAU-        
      2.27770336E-16    2           11   1000039                       # EL-    -->  E-     GVSS               
#         PDG         Width
DECAY   1000013  1.75096780E-01   # MUL-  decays
#          BR          NDA       ID1     ID2       ID3       ID4
      9.99973655E-01    2      1000022        13                       # MUL-   -->  Z1SS   MU-                
      1.24593516E-05    3      1000015        13       -15             # MUL-   -->  TAU1-  MU-    TAU+        
      1.38626210E-05    3     -1000015        13        15             # MUL-   -->  TAU1+  MU-    TAU-        
      2.27770336E-16    2           13   1000039                       # MUL-   -->  MU-    GVSS               
#         PDG         Width
#DECAY   1000015  9.10789754E-19   # TAU1- decays
DECAY   1000015  0.000000000   # TAU1- decays
#          BR          NDA       ID1     ID2       ID3       ID4
#      1.00000000E+00    2           15   1000039                       # TAU1-  -->  TAU-   GVSS               
#         PDG         Width
DECAY   1000012  1.98038459E-01   # NUEL  decays
#          BR          NDA       ID1     ID2       ID3       ID4
      9.99979496E-01    2      1000022        12                       # NUEL   -->  Z1SS   NUE                
      2.47381058E-06    3      1000015        12       -15             # NUEL   -->  TAU1-  NUE    TAU+        
      3.56112901E-06    3     -1000015        12        15             # NUEL   -->  TAU1+  NUE    TAU-        
      1.44848118E-05    3     -1000015        11        16             # NUEL   -->  TAU1+  E-     NUT         
      1.71940700E-16    2           12   1000039                       # NUEL   -->  NUE    GVSS               
#         PDG         Width
DECAY   1000014  1.98038459E-01   # NUML  decays
#          BR          NDA       ID1     ID2       ID3       ID4
      9.99979496E-01    2      1000022        14                       # NUML   -->  Z1SS   NUM                
      2.47381058E-06    3      1000015        14       -15             # NUML   -->  TAU1-  NUM    TAU+        
      3.56112901E-06    3     -1000015        14        15             # NUML   -->  TAU1+  NUM    TAU-        
      1.44870301E-05    3     -1000015        13        16             # NUML   -->  TAU1+  MU-    NUT         
      1.71940700E-16    2           14   1000039                       # NUML   -->  NUM    GVSS               
#         PDG         Width
DECAY   1000016  2.38291949E-01   # NUTL  decays
#          BR          NDA       ID1     ID2       ID3       ID4
      8.28767300E-01    2      1000022        16                       # NUTL   -->  Z1SS   NUT                
      1.71227247E-01    2           24   1000015                       # NUTL   -->  W+     TAU1-              
      2.52800100E-06    3     -1000015        16        15             # NUTL   -->  TAU1+  NUT    TAU-        
      2.92981508E-06    3      1000015        16       -15             # NUTL   -->  TAU1-  NUT    TAU+        
      1.42378496E-16    2           16   1000039                       # NUTL   -->  NUT    GVSS               
#         PDG         Width
DECAY   2000011  5.73017653E-13   # ER-   decays
#          BR          NDA       ID1     ID2       ID3       ID4
      3.66049409E-01    3      1000015        11       -15             # ER-    -->  TAU1-  E-     TAU+        
      6.33948863E-01    3     -1000015        11        15             # ER-    -->  TAU1+  E-     TAU-        
      1.12627182E-11    3      1000015        12       -16             # ER-    -->  TAU1-  NUE    ANUT        
      1.71372039E-06    2           11   1000039                       # ER-    -->  E-     GVSS               
#         PDG         Width
DECAY   2000013  5.73044379E-13   # MUR-  decays
#          BR          NDA       ID1     ID2       ID3       ID4
      3.66049260E-01    3      1000015        13       -15             # MUR-   -->  TAU1-  MU-    TAU+        
      6.33948565E-01    3     -1000015        13        15             # MUR-   -->  TAU1+  MU-    TAU-        
      4.79701669E-07    3      1000015        14       -16             # MUR-   -->  TAU1-  NUM    ANUT        
      1.71363945E-06    2           13   1000039                       # MUR-   -->  MU-    GVSS               
#         PDG         Width
DECAY   2000015  2.33944148E-01   # TAU2- decays
#          BR          NDA       ID1     ID2       ID3       ID4
      7.51855552E-01    2      1000022        15                       # TAU2-  -->  Z1SS   TAU-               
      9.87337604E-02    2           23   1000015                       # TAU2-  -->  Z0     TAU1-              
      1.49410665E-01    2           25   1000015                       # TAU2-  -->  HL0    TAU1-              
#         PDG         Width
DECAY   1000022  6.87746704E-01   # Z1SS  decays
#          BR          NDA       ID1     ID2       ID3       ID4
      1.62001759E-01    2      2000011       -11                       # Z1SS   -->  ER-    E+                 
      1.62001759E-01    2     -2000011        11                       # Z1SS   -->  ER+    E-                 
      1.62001520E-01    2      2000013       -13                       # Z1SS   -->  MUR-   MU+                
      1.62001520E-01    2     -2000013        13                       # Z1SS   -->  MUR+   MU-                
      1.75996706E-01    2      1000015       -15                       # Z1SS   -->  TAU1-  TAU+               
      1.75996706E-01    2     -1000015        15                       # Z1SS   -->  TAU1+  TAU-               
      3.86889619E-18    2      1000039        22                       # Z1SS   -->  GVSS   GM                 
      8.44266610E-20    3      1000039        11       -11             # Z1SS   -->  GVSS   E-     E+          
      8.45093777E-19    2      1000039        23                       # Z1SS   -->  GVSS   Z0                 
      7.31854429E-21    2      1000039        25                       # Z1SS   -->  GVSS   HL0                
#         PDG         Width
DECAY   1000023  3.69105786E-01   # Z2SS  decays
#          BR          NDA       ID1     ID2       ID3       ID4
      1.32427104E-07    2      1000022        22                       # Z2SS   -->  Z1SS   GM                 
      3.16579975E-02    2      1000022        23                       # Z2SS   -->  Z1SS   Z0                 
      2.84154904E-08    3      1000022         2        -2             # Z2SS   -->  Z1SS   UP     UB          
      2.10783817E-08    3      1000022         1        -1             # Z2SS   -->  Z1SS   DN     DB          
      2.10783817E-08    3      1000022         3        -3             # Z2SS   -->  Z1SS   ST     SB          
      2.84154265E-08    3      1000022         4        -4             # Z2SS   -->  Z1SS   CH     CB          
      4.25864243E-07    3      1000022         5        -5             # Z2SS   -->  Z1SS   BT     BB          
      6.29281658E-08    3      1000022        15       -15             # Z2SS   -->  Z1SS   TAU-   TAU+        
      5.13202310E-01    2      1000022        25                       # Z2SS   -->  Z1SS   HL0                
      4.76369821E-03    2      1000011       -11                       # Z2SS   -->  EL-    E+                 
      4.76369821E-03    2     -1000011        11                       # Z2SS   -->  EL+    E-                 
      4.76359949E-03    2      1000013       -13                       # Z2SS   -->  MUL-   MU+                
      4.76359949E-03    2     -1000013        13                       # Z2SS   -->  MUL+   MU-                
      5.09433523E-02    2      2000011       -11                       # Z2SS   -->  ER-    E+                 
      5.09433523E-02    2     -2000011        11                       # Z2SS   -->  ER+    E-                 
      5.09433523E-02    2      2000013       -13                       # Z2SS   -->  MUR-   MU+                
      5.09433523E-02    2     -2000013        13                       # Z2SS   -->  MUR+   MU-                
      8.76376331E-02    2      1000015       -15                       # Z2SS   -->  TAU1-  TAU+               
      8.76376331E-02    2     -1000015        15                       # Z2SS   -->  TAU1+  TAU-               
      5.12343692E-03    2      2000015       -15                       # Z2SS   -->  TAU2-  TAU+               
      5.12343692E-03    2     -2000015        15                       # Z2SS   -->  TAU2+  TAU-               
      7.74676260E-03    2      1000012       -12                       # Z2SS   -->  NUEL   ANUE               
      7.74676260E-03    2     -1000012        12                       # Z2SS   -->  ANUEL  NUE                
      7.74676260E-03    2      1000014       -14                       # Z2SS   -->  NUML   ANUM               
      7.74676260E-03    2     -1000014        14                       # Z2SS   -->  ANUML  NUM                
      7.90088996E-03    2      1000016       -16                       # Z2SS   -->  NUTL   ANUT               
      7.90088996E-03    2     -1000016        16                       # Z2SS   -->  ANUTL  NUT                
      2.03010851E-17    2      1000039        22                       # Z2SS   -->  GVSS   GM                 
      4.60227783E-19    3      1000039        11       -11             # Z2SS   -->  GVSS   E-     E+          
      3.76099040E-17    2      1000039        23                       # Z2SS   -->  GVSS   Z0                 
      1.26524231E-17    2      1000039        25                       # Z2SS   -->  GVSS   HL0                
#         PDG         Width
DECAY   1000025  2.97326356E-01   # Z3SS  decays
#          BR          NDA       ID1     ID2       ID3       ID4
      3.80421000E-07    2      1000022        22                       # Z3SS   -->  Z1SS   GM                 
      6.05005690E-09    2      1000023        22                       # Z3SS   -->  Z2SS   GM                 
      1.94675340E-05    3     -1000024         2        -1             # Z3SS   -->  W1SS-  UP     DB          
      6.48917830E-06    3     -1000024        12       -11             # Z3SS   -->  W1SS-  NUE    E+          
      6.48917830E-06    3     -1000024        14       -13             # Z3SS   -->  W1SS-  NUM    MU+         
      1.94675340E-05    3      1000024         1        -2             # Z3SS   -->  W1SS+  DN     UB          
      6.48917830E-06    3      1000024        11       -12             # Z3SS   -->  W1SS+  E-     ANUE        
      6.48917830E-06    3      1000024        13       -14             # Z3SS   -->  W1SS+  MU-    ANUM        
      1.94675340E-05    3     -1000024         4        -3             # Z3SS   -->  W1SS-  CH     SB          
      6.48917830E-06    3     -1000024        16       -15             # Z3SS   -->  W1SS-  NUT    TAU+        
      1.94675340E-05    3      1000024         3        -4             # Z3SS   -->  W1SS+  ST     CB          
      6.48917830E-06    3      1000024        15       -16             # Z3SS   -->  W1SS+  TAU-   ANUT        
      8.37340415E-01    2      1000022        23                       # Z3SS   -->  Z1SS   Z0                 
      7.75896125E-10    3      1000022         2        -2             # Z3SS   -->  Z1SS   UP     UB          
      2.76506540E-10    3      1000022         1        -1             # Z3SS   -->  Z1SS   DN     DB          
      2.76506512E-10    3      1000022         3        -3             # Z3SS   -->  Z1SS   ST     SB          
      7.75894349E-10    3      1000022         4        -4             # Z3SS   -->  Z1SS   CH     CB          
      9.76556180E-07    3      1000022         5        -5             # Z3SS   -->  Z1SS   BT     BB          
      1.55221400E-07    3      1000022        15       -15             # Z3SS   -->  Z1SS   TAU-   TAU+        
      8.71733755E-06    3      1000023         2        -2             # Z3SS   -->  Z2SS   UP     UB          
      1.12358202E-05    3      1000023         1        -1             # Z3SS   -->  Z2SS   DN     DB          
      1.12358202E-05    3      1000023         3        -3             # Z3SS   -->  Z2SS   ST     SB          
      8.71733755E-06    3      1000023         4        -4             # Z3SS   -->  Z2SS   CH     CB          
      8.44488386E-06    3      1000023         5        -5             # Z3SS   -->  Z2SS   BT     BB          
      2.54948282E-06    3      1000023        11       -11             # Z3SS   -->  Z2SS   E-     E+          
      2.54948282E-06    3      1000023        13       -13             # Z3SS   -->  Z2SS   MU-    MU+         
      2.43206159E-06    3      1000023        15       -15             # Z3SS   -->  Z2SS   TAU-   TAU+        
      5.07266896E-06    3      1000023        12       -12             # Z3SS   -->  Z2SS   NUE    ANUE        
      5.07266896E-06    3      1000023        14       -14             # Z3SS   -->  Z2SS   NUM    ANUM        
      5.07266896E-06    3      1000023        16       -16             # Z3SS   -->  Z2SS   NUT    ANUT        
      3.47913913E-02    2      1000022        25                       # Z3SS   -->  Z1SS   HL0                
      9.76475494E-05    2      1000011       -11                       # Z3SS   -->  EL-    E+                 
      9.76475494E-05    2     -1000011        11                       # Z3SS   -->  EL+    E-                 
      9.76473311E-05    2      1000013       -13                       # Z3SS   -->  MUL-   MU+                
      9.76473311E-05    2     -1000013        13                       # Z3SS   -->  MUL+   MU-                
      3.33836954E-03    2      2000011       -11                       # Z3SS   -->  ER-    E+                 
      3.33836954E-03    2     -2000011        11                       # Z3SS   -->  ER+    E-                 
      3.33836908E-03    2      2000013       -13                       # Z3SS   -->  MUR-   MU+                
      3.33836908E-03    2     -2000013        13                       # Z3SS   -->  MUR+   MU-                
      5.14270701E-02    2      1000015       -15                       # Z3SS   -->  TAU1-  TAU+               
      5.14270701E-02    2     -1000015        15                       # Z3SS   -->  TAU1+  TAU-               
      2.93884194E-03    2      2000015       -15                       # Z3SS   -->  TAU2-  TAU+               
      2.93884194E-03    2     -2000015        15                       # Z3SS   -->  TAU2+  TAU-               
      8.64478003E-04    2      1000012       -12                       # Z3SS   -->  NUEL   ANUE               
      8.64478003E-04    2     -1000012        12                       # Z3SS   -->  ANUEL  NUE                
      8.64478003E-04    2      1000014       -14                       # Z3SS   -->  NUML   ANUM               
      8.64478003E-04    2     -1000014        14                       # Z3SS   -->  ANUML  NUM                
      8.72473523E-04    2      1000016       -16                       # Z3SS   -->  NUTL   ANUT               
      8.72473523E-04    2     -1000016        16                       # Z3SS   -->  ANUTL  NUT                
      1.37279718E-20    2      1000039        22                       # Z3SS   -->  GVSS   GM                 
      3.12768001E-22    3      1000039        11       -11             # Z3SS   -->  GVSS   E-     E+          
      4.00525849E-17    2      1000039        23                       # Z3SS   -->  GVSS   Z0                 
      5.38365075E-17    2      1000039        25                       # Z3SS   -->  GVSS   HL0                
#         PDG         Width
DECAY   1000035  3.22559786E+00   # Z4SS  decays
#          BR          NDA       ID1     ID2       ID3       ID4
      8.64651462E-09    2      1000022        22                       # Z4SS   -->  Z1SS   GM                 
      2.12444149E-07    2      1000023        22                       # Z4SS   -->  Z2SS   GM                 
      3.92922175E-07    2      1000025        22                       # Z4SS   -->  Z3SS   GM                 
      1.19308412E-01    2      1000024       -24                       # Z4SS   -->  W1SS+  W-                 
      1.19308412E-01    2     -1000024        24                       # Z4SS   -->  W1SS-  W+                 
      1.27370881E-09    3     -1000037         2        -1             # Z4SS   -->  W2SS-  UP     DB          
      4.24569629E-10    3     -1000037        12       -11             # Z4SS   -->  W2SS-  NUE    E+          
      4.24569629E-10    3     -1000037        14       -13             # Z4SS   -->  W2SS-  NUM    MU+         
      1.27370881E-09    3      1000037         1        -2             # Z4SS   -->  W2SS+  DN     UB          
      4.24569629E-10    3      1000037        11       -12             # Z4SS   -->  W2SS+  E-     ANUE        
      4.24569629E-10    3      1000037        13       -14             # Z4SS   -->  W2SS+  MU-    ANUM        
      1.27370881E-09    3     -1000037         4        -3             # Z4SS   -->  W2SS-  CH     SB          
      4.24569629E-10    3     -1000037        16       -15             # Z4SS   -->  W2SS-  NUT    TAU+        
      1.27370881E-09    3      1000037         3        -4             # Z4SS   -->  W2SS+  ST     CB          
      4.24569629E-10    3      1000037        15       -16             # Z4SS   -->  W2SS+  TAU-   ANUT        
      1.54976267E-03    2      1000022        23                       # Z4SS   -->  Z1SS   Z0                 
      8.56768864E-04    2      1000023        23                       # Z4SS   -->  Z2SS   Z0                 
      9.30889882E-03    2      1000025        23                       # Z4SS   -->  Z3SS   Z0                 
      4.21902300E-08    3      1000022         2        -2             # Z4SS   -->  Z1SS   UP     UB          
      8.44458441E-08    3      1000022         1        -1             # Z4SS   -->  Z1SS   DN     DB          
      8.44458441E-08    3      1000022         3        -3             # Z4SS   -->  Z1SS   ST     SB          
      4.21901269E-08    3      1000022         4        -4             # Z4SS   -->  Z1SS   CH     CB          
      1.07069255E-07    3      1000022         5        -5             # Z4SS   -->  Z1SS   BT     BB          
      1.93524419E-09    3      1000022        15       -15             # Z4SS   -->  Z1SS   TAU-   TAU+        
      1.55584754E-08    3      1000023         2        -2             # Z4SS   -->  Z2SS   UP     UB          
      1.29378126E-08    3      1000023         1        -1             # Z4SS   -->  Z2SS   DN     DB          
      1.29378126E-08    3      1000023         3        -3             # Z4SS   -->  Z2SS   ST     SB          
      1.55584381E-08    3      1000023         4        -4             # Z4SS   -->  Z2SS   CH     CB          
      2.69579594E-08    3      1000023         5        -5             # Z4SS   -->  Z2SS   BT     BB          
      1.79808479E-09    3      1000023        15       -15             # Z4SS   -->  Z2SS   TAU-   TAU+        
      8.29258710E-12    3      1000025         2        -2             # Z4SS   -->  Z3SS   UP     UB          
      1.49008375E-11    3      1000025         1        -1             # Z4SS   -->  Z3SS   DN     DB          
      1.49008375E-11    3      1000025         3        -3             # Z4SS   -->  Z3SS   ST     SB          
      8.29256715E-12    3      1000025         4        -4             # Z4SS   -->  Z3SS   CH     CB          
      9.17639031E-09    3      1000025         5        -5             # Z4SS   -->  Z3SS   BT     BB          
      1.41377055E-09    3      1000025        15       -15             # Z4SS   -->  Z3SS   TAU-   TAU+        
      1.26895811E-02    2      1000022        25                       # Z4SS   -->  Z1SS   HL0                
      2.99593918E-02    2      1000023        25                       # Z4SS   -->  Z2SS   HL0                
      4.92675342E-02    2      1000011       -11                       # Z4SS   -->  EL-    E+                 
      4.92675342E-02    2     -1000011        11                       # Z4SS   -->  EL+    E-                 
      4.92675304E-02    2      1000013       -13                       # Z4SS   -->  MUL-   MU+                
      4.92675304E-02    2     -1000013        13                       # Z4SS   -->  MUL+   MU-                
      1.30288943E-03    2      2000011       -11                       # Z4SS   -->  ER-    E+                 
      1.30288943E-03    2     -2000011        11                       # Z4SS   -->  ER+    E-                 
      1.30288920E-03    2      2000013       -13                       # Z4SS   -->  MUR-   MU+                
      1.30288920E-03    2     -2000013        13                       # Z4SS   -->  MUR+   MU-                
      1.43479242E-03    2      1000015       -15                       # Z4SS   -->  TAU1-  TAU+               
      1.43479242E-03    2     -1000015        15                       # Z4SS   -->  TAU1+  TAU-               
      4.98925373E-02    2      2000015       -15                       # Z4SS   -->  TAU2-  TAU+               
      4.98925373E-02    2     -2000015        15                       # Z4SS   -->  TAU2+  TAU-               
      6.69429824E-02    2      1000012       -12                       # Z4SS   -->  NUEL   ANUE               
      6.69429824E-02    2     -1000012        12                       # Z4SS   -->  ANUEL  NUE                
      6.69429824E-02    2      1000014       -14                       # Z4SS   -->  NUML   ANUM               
      6.69429824E-02    2     -1000014        14                       # Z4SS   -->  ANUML  NUM                
      6.71547055E-02    2      1000016       -16                       # Z4SS   -->  NUTL   ANUT               
      6.71547055E-02    2     -1000016        16                       # Z4SS   -->  ANUTL  NUT                
      6.79571018E-18    2      1000039        22                       # Z4SS   -->  GVSS   GM                 
      1.56955919E-19    3      1000039        11       -11             # Z4SS   -->  GVSS   E-     E+          
      3.35678429E-17    2      1000039        23                       # Z4SS   -->  GVSS   Z0                 
      2.94126090E-18    2      1000039        25                       # Z4SS   -->  GVSS   HL0                
#         PDG         Width
DECAY   1000024  2.69852817E-01   # W1SS+ decays
#          BR          NDA       ID1     ID2       ID3       ID4
      4.75442690E-08    3      1000022         2        -1             # W1SS+  -->  Z1SS   UP     DB          
      4.75442263E-08    3      1000022         4        -3             # W1SS+  -->  Z1SS   CH     SB          
      7.97762851E-08    3      1000022       -15        16             # W1SS+  -->  Z1SS   TAU+   NUT         
      7.24541664E-01    2      1000022        24                       # W1SS+  -->  Z1SS   W+                 
      4.67252181E-10    3      1000023         2        -1             # W1SS+  -->  Z2SS   UP     DB          
      4.67252181E-10    3      1000023         4        -3             # W1SS+  -->  Z2SS   CH     SB          
      1.55502985E-10    3      1000023       -11        12             # W1SS+  -->  Z2SS   E+     NUE         
      1.55502985E-10    3      1000023       -13        14             # W1SS+  -->  Z2SS   MU+    NUM         
      1.55502999E-10    3      1000023       -15        16             # W1SS+  -->  Z2SS   TAU+   NUT         
      4.37897481E-02    2      1000012       -11                       # W1SS+  -->  NUEL   E+                 
      4.37895320E-02    2      1000014       -13                       # W1SS+  -->  NUML   MU+                
      4.80114967E-02    2      1000016       -15                       # W1SS+  -->  NUTL   TAU+               
      1.11578889E-02    2     -1000011        12                       # W1SS+  -->  EL+    NUE                
      1.11578889E-02    2     -1000013        14                       # W1SS+  -->  MUL+   NUM                
      1.06678352E-01    2     -1000015        16                       # W1SS+  -->  TAU1+  NUT                
      1.08732460E-02    2     -2000015        16                       # W1SS+  -->  TAU2+  NUT                
#         PDG         Width
DECAY   1000037  2.80651283E+00   # W2SS+ decays
#          BR          NDA       ID1     ID2       ID3       ID4
      1.29149925E-07    3      1000022         2        -1             # W2SS+  -->  Z1SS   UP     DB          
      1.29149825E-07    3      1000022         4        -3             # W2SS+  -->  Z1SS   CH     SB          
      8.93176366E-10    3      1000022       -15        16             # W2SS+  -->  Z1SS   TAU+   NUT         
      1.20245423E-02    2      1000022        24                       # W2SS+  -->  Z1SS   W+                 
      9.16133480E-09    3      1000023         2        -1             # W2SS+  -->  Z2SS   UP     DB          
      9.16132237E-09    3      1000023         4        -3             # W2SS+  -->  Z2SS   CH     SB          
      5.94497207E-09    3      1000023       -15        16             # W2SS+  -->  Z2SS   TAU+   NUT         
      1.20401986E-01    2      1000023        24                       # W2SS+  -->  Z2SS   W+                 
      6.05095973E-11    3      1000025         2        -1             # W2SS+  -->  Z3SS   UP     DB          
      6.05095488E-11    3      1000025         4        -3             # W2SS+  -->  Z3SS   CH     SB          
      1.00408049E-09    3      1000025       -15        16             # W2SS+  -->  Z3SS   TAU+   NUT         
      2.34890785E-02    2      1000025        24                       # W2SS+  -->  Z3SS   W+                 
      1.26408324E-01    2      1000012       -11                       # W2SS+  -->  NUEL   E+                 
      1.26408309E-01    2      1000014       -13                       # W2SS+  -->  NUML   MU+                
      1.27509803E-01    2      1000016       -15                       # W2SS+  -->  NUTL   TAU+               
      1.23140901E-01    2     -1000011        12                       # W2SS+  -->  EL+    NUE                
      1.23140901E-01    2     -1000013        14                       # W2SS+  -->  MUL+   NUM                
      5.22218994E-04    2     -1000015        16                       # W2SS+  -->  TAU1+  NUT                
      1.23919971E-01    2     -2000015        16                       # W2SS+  -->  TAU2+  NUT                
      7.34641254E-02    2      1000024        23                       # W2SS+  -->  W1SS+  Z0                 
      1.82494677E-08    3      1000024         1        -1             # W2SS+  -->  W1SS+  DN     DB          
      1.82494233E-08    3      1000024         3        -3             # W2SS+  -->  W1SS+  ST     SB          
      1.48068890E-08    3      1000024         2        -2             # W2SS+  -->  W1SS+  UP     UB          
      1.48068890E-08    3      1000024         4        -4             # W2SS+  -->  W1SS+  CH     CB          
      1.95694976E-02    2      1000024        25                       # W2SS+  -->  W1SS+  HL0                
#         PDG         Width
DECAY        25  5.27350791E-03   # HL0   decays
#          BR          NDA       ID1     ID2       ID3       ID4
      4.13934176E-09    2           11       -11                       # HL0    -->  E-     E+                 
      1.74769608E-04    2           13       -13                       # HL0    -->  MU-    MU+                
      4.99859676E-02    2           15       -15                       # HL0    -->  TAU-   TAU+               
      5.19491505E-06    2            1        -1                       # HL0    -->  DN     DB                 
      2.09900597E-03    2            3        -3                       # HL0    -->  ST     SB                 
      8.29389930E-01    2            5        -5                       # HL0    -->  BT     BB                 
      1.49398272E-06    2            2        -2                       # HL0    -->  UP     UB                 
      3.74926142E-02    2            4        -4                       # HL0    -->  CH     CB                 
      1.43237831E-03    2           22        22                       # HL0    -->  GM     GM                 
      3.09728459E-02    2           21        21                       # HL0    -->  GL     GL                 
      2.50004022E-03    3           24        11       -12             # HL0    -->  W+     E-     ANUE        
      2.50004022E-03    3           24        13       -14             # HL0    -->  W+     MU-    ANUM        
      2.50004022E-03    3           24        15       -16             # HL0    -->  W+     TAU-   ANUT        
      7.50012090E-03    3           24        -2         1             # HL0    -->  W+     UB     DN          
      7.50012090E-03    3           24        -4         3             # HL0    -->  W+     CB     ST          
      2.50004022E-03    3          -24       -11        12             # HL0    -->  W-     E+     NUE         
      2.50004022E-03    3          -24       -13        14             # HL0    -->  W-     MU+    NUM         
      2.50004022E-03    3          -24       -15        16             # HL0    -->  W-     TAU+   NUT         
      7.50012090E-03    3          -24         2        -1             # HL0    -->  W-     UP     DB          
      7.50012090E-03    3          -24         4        -3             # HL0    -->  W-     CH     SB          
      2.35609652E-04    3           23        12       -12             # HL0    -->  Z0     NUE    ANUE        
      2.35609652E-04    3           23        14       -14             # HL0    -->  Z0     NUM    ANUM        
      2.35609652E-04    3           23        16       -16             # HL0    -->  Z0     NUT    ANUT        
      1.18579970E-04    3           23        11       -11             # HL0    -->  Z0     E-     E+          
      1.18579970E-04    3           23        13       -13             # HL0    -->  Z0     MU-    MU+         
      1.18579970E-04    3           23        15       -15             # HL0    -->  Z0     TAU-   TAU+        
      4.06244915E-04    3           23         2        -2             # HL0    -->  Z0     UP     UB          
      4.06244915E-04    3           23         4        -4             # HL0    -->  Z0     CH     CB          
      5.23343566E-04    3           23         1        -1             # HL0    -->  Z0     DN     DB          
      5.23343566E-04    3           23         3        -3             # HL0    -->  Z0     ST     SB          
      5.23343566E-04    3           23         5        -5             # HL0    -->  Z0     BT     BB          
#         PDG         Width
DECAY        35  1.19972205E+00   # HH0   decays
#          BR          NDA       ID1     ID2       ID3       ID4
      8.86988616E-09    2           11       -11                       # HH0    -->  E-     E+                 
      3.74502531E-04    2           13       -13                       # HH0    -->  MU-    MU+                
      1.07258111E-01    2           15       -15                       # HH0    -->  TAU-   TAU+               
      1.09103848E-05    2            1        -1                       # HH0    -->  DN     DB                 
      4.40834742E-03    2            3        -3                       # HH0    -->  ST     SB                 
      6.55058801E-01    2            5        -5                       # HH0    -->  BT     BB                 
      3.88405197E-10    2            2        -2                       # HH0    -->  UP     UB                 
      7.73920692E-06    2            4        -4                       # HH0    -->  CH     CB                 
      2.19177619E-01    2            6        -6                       # HH0    -->  TP     TB                 
      1.05346749E-06    2           22        22                       # HH0    -->  GM     GM                 
      2.02040523E-04    2           21        21                       # HH0    -->  GL     GL                 
      1.78015477E-03    2           24       -24                       # HH0    -->  W+     W-                 
      8.88437266E-04    2           23        23                       # HH0    -->  Z0     Z0                 
      3.98443174E-03    2      1000022   1000022                       # HH0    -->  Z1SS   Z1SS               
      6.23726472E-03    2           25        25                       # HH0    -->  HL0    HL0                
      2.07453530E-04    2      2000011  -2000011                       # HH0    -->  ER-    ER+                
      2.07338453E-04    2      2000013  -2000013                       # HH0    -->  MUR-   MUR+               
      1.95754095E-04    2      1000015  -1000015                       # HH0    -->  TAU1-  TAU1+              
#         PDG         Width
DECAY        36  1.26596761E+00   # HA0   decays
#          BR          NDA       ID1     ID2       ID3       ID4
      8.35610603E-09    2           11       -11                       # HA0    -->  E-     E+                 
      3.52809817E-04    2           13       -13                       # HA0    -->  MU-    MU+                
      1.01048507E-01    2           15       -15                       # HA0    -->  TAU-   TAU+               
      1.02790691E-05    2            1        -1                       # HA0    -->  DN     DB                 
      4.15326422E-03    2            3        -3                       # HA0    -->  ST     SB                 
      6.17230296E-01    2            5        -5                       # HA0    -->  BT     BB                 
      3.28897243E-10    2            2        -2                       # HA0    -->  UP     UB                 
      6.55920030E-06    2            4        -4                       # HA0    -->  CH     CB                 
      2.58246660E-01    2            6        -6                       # HA0    -->  TP     TB                 
      1.09990640E-06    2           22        22                       # HA0    -->  GM     GM                 
      2.16943285E-04    2           21        21                       # HA0    -->  GL     GL                 
      1.71865318E-02    2      1000022   1000022                       # HA0    -->  Z1SS   Z1SS               
      1.54650409E-03    2           25        23                       # HA0    -->  HL0    Z0                 
      5.18783963E-07    2      1000015  -1000015                       # HA0    -->  TAU1-  TAU1+              
#         PDG         Width
DECAY        37  1.04031491E+00   # H+    decays
#          BR          NDA       ID1     ID2       ID3       ID4
      1.03196447E-08    2           12       -11                       # H+     -->  NUE    E+                 
      4.35714028E-04    2           14       -13                       # H+     -->  NUM    MU+                
      1.24793202E-01    2           16       -15                       # H+     -->  NUT    TAU+               
      1.16205993E-05    2            2        -1                       # H+     -->  UP     DB                 
      4.70251683E-03    2            4        -3                       # H+     -->  CH     SB                 
      8.68027925E-01    2            6        -5                       # H+     -->  TP     BB                 
      1.98295293E-03    2           25        24                       # H+     -->  HL0    W+                 
      4.60535812E-05    2     -1000015   1000016                       # H+     -->  TAU1+  NUTL               
