#  ISAJET decay tables in SUSY Les Houches accord format
#  Created by ISALHD. Last revision: C. Balazs, 2005 May 25
Block DCINFO   # Program information
    1             ISASUGRA from ISAJET          # Spectrum Calculator
    2   7.69   21-AUG-2003 11:39:06             # Version number
#  SUSY parameters in Les Houches accord format
Block MODSEL   # Model selection
    1    2   #  Minimal gauge mediated (GMSB) model              
Block MINPAR   # Input parameters
    1    1.000000000E+05   # Lambda
    2    2.000000000E+05   # M_mes
    3    3.000000000E+00   # N_5
    4    1.000000000E+01   # tan(beta
    5    1.000000000E+00   # sgn(mu)
    6    1.740000000E+02   # M_t
    7    1.000000000E+04   # C_grav
Block EXTPAR    # Input parameters - non-minimal models
    8    1.000000000E+00   # Rsl
    9    0.000000000E+00   # dmH_d^2
   10    0.000000000E+00   # dmH_u^2
   11    0.000000000E+00   # d_Y
   12    3.000000000E+00   # N5_1
   13    3.000000000E+00   # N5_2
   14    3.000000000E+00   # N5_3
#  
Block MASS   # Scalar and gaugino mass spectrum
#  PDG code   mass                 particle
         6    1.740000000E+02   #  top            
        25    1.177240906E+02   #  h^0            
        35    9.301329956E+02   #  H^0            
        36    9.238516235E+02   #  A^0            
        37    9.334172363E+02   #  H^+            
   1000001    2.095166992E+03   #  dnl            
   1000002    2.093554199E+03   #  upl            
   1000003    2.095166992E+03   #  stl            
   1000004    2.093554932E+03   #  chl            
   1000005    2.004323853E+03   #  b1             
   1000006    1.869709473E+03   #  t1             
   1000011    6.521492920E+02   #  el-            
   1000012    6.387877808E+02   #  nuel           
   1000013    6.521492920E+02   #  mul-           
   1000014    6.387877808E+02   #  numl           
   1000015    3.079582825E+02   #  tau1           
   1000016    6.383316040E+02   #  nutl           
   1000021    2.182268555E+03   #  glss           
   1000022    4.148484497E+02   #  z1ss           
   1000023    6.632467041E+02   #  z2ss           
   1000024    6.712907715E+02   #  w1ss           
   1000025   -6.812157593E+02   #  z3ss           
   1000035    8.453374023E+02   #  z4ss           
   1000037    8.349479370E+02   #  w2ss           
   2000001    2.005813477E+03   #  dnr            
   2000002    2.012989624E+03   #  upr            
   2000003    2.005813477E+03   #  str            
   2000004    2.012990112E+03   #  chr            
   2000005    2.025001587E+03   #  b2             
   2000006    2.041419800E+03   #  t2             
   2000011    3.116863403E+02   #  er-            
   2000013    3.116863708E+02   #  mur-           
   2000015    6.517277222E+02   #  tau2           
   1000039    4.811252438E-05   # gravitino       
Block ALPHA   # Higgs mixing
    1   -1.021594107E-01   # alpha
Block HMIX Q= 1.930416260E+03   # Higgs parameters
    1    6.708657837E+02   # mu
Block STOPMIX   # stop mixing matrix
  1  1    1.467434615E-01
  1  2   -9.891746044E-01
  2  1    9.891746044E-01
  2  2    1.467434615E-01
Block SBOTMIX   # sbottom mixing matrix
  1  1    1.877455115E-01
  1  2   -9.822177291E-01
  2  1    9.822177291E-01
  2  2    1.877455115E-01
Block STAUMIX   # stau mixing matrix
  1  1    3.000221960E-02
  1  2   -9.995498061E-01
  2  1    9.995498061E-01
  2  2    3.000221960E-02
Block NMIX   # neutralino mixing matrix
  1  1    9.907538295E-01   # N_11
  1  2   -1.710937545E-02   # N_12
  1  3    1.107983142E-01   # N_13
  1  4   -7.640622556E-02   # N_14
  2  1   -1.302707344E-01   # N_21
  2  2   -3.485305309E-01   # N_22
  2  3    6.633030772E-01   # N_23
  2  4   -6.492959261E-01   # N_24
  3  1    2.371116914E-02   # N_31
  3  2   -3.203961998E-02   # N_32
  3  3   -7.051581740E-01   # N_33
  3  4   -7.079290152E-01   # N_34
  4  1    2.956721000E-02   # N_41
  4  2   -9.365934134E-01   # N_42
  4  3   -2.247336060E-01   # N_43
  4  4    2.672329545E-01   # N_44
Block UMIX   # chargino U mixing matrix
  1  1   -3.285556734E-01
  1  2    9.444845915E-01
  2  1   -9.444845915E-01
  2  2   -3.285556734E-01
Block VMIX   # chargino V mixing matrix
  1  1   -3.926891983E-01
  1  2    9.196712375E-01
  2  1   -9.196712375E-01
  2  2   -3.926891983E-01
Block AU Q= 1.930416260E+03   #  The trilinear couplings
  3  3   -7.032592773E+02    7.199401757+165   #
Block AD Q= 1.930416260E+03   #  The trilinear couplings
  3  3   -7.752926636E+02    3.580431530+252   #
Block AE Q= 1.930416260E+03   #  The trilinear couplings
  3  3   -1.094970932E+02    1.456328742E+45   #
Block SPINFO   # Program information
    1                                ISASUGRA   # Spectrum Calculator
    2    ISAJET     V7.69   21-AUG-2003 11:39   # Version number
#         PDG         Width
DECAY         6  1.18783092E+00   # TP    decays
#          BR          NDA       ID1     ID2       ID3       ID4
      3.33333343E-01    3            2        -1         5             # TP     -->  UP     DB     BT          
      3.33333343E-01    3            4        -3         5             # TP     -->  CH     SB     BT          
      1.11111112E-01    3          -11        12         5             # TP     -->  E+     NUE    BT          
      1.11111112E-01    3          -13        14         5             # TP     -->  MU+    NUM    BT          
      1.11111112E-01    3          -15        16         5             # TP     -->  TAU+   NUT    BT          
#         PDG         Width
DECAY   1000021  1.00868063E+01   # GLSS  decays
#          BR          NDA       ID1     ID2       ID3       ID4
      3.76261421E-04    3      1000024         5        -6             # GLSS   -->  W1SS+  BT     TB          
      3.76261421E-04    3     -1000024         6        -5             # GLSS   -->  W1SS-  TP     BB          
      3.64962779E-03    3      1000037         5        -6             # GLSS   -->  W2SS+  BT     TB          
      3.64962779E-03    3     -1000037         6        -5             # GLSS   -->  W2SS-  TP     BB          
      1.03410162E-06    2      1000022        21                       # GLSS   -->  Z1SS   GL                 
      2.12836807E-04    3      1000022         6        -6             # GLSS   -->  Z1SS   TP     TB          
      2.64141399E-05    2      1000023        21                       # GLSS   -->  Z2SS   GL                 
      5.65146282E-03    3      1000023         6        -6             # GLSS   -->  Z2SS   TP     TB          
      5.69020704E-05    2      1000025        21                       # GLSS   -->  Z3SS   GL                 
      6.44653803E-03    3      1000025         6        -6             # GLSS   -->  Z3SS   TP     TB          
      3.66975473E-05    2      1000035        21                       # GLSS   -->  Z4SS   GL                 
      5.54313464E-03    3      1000035         6        -6             # GLSS   -->  Z4SS   TP     TB          
      1.46308299E-02    2     -1000002         2                       # GLSS   -->  UBL    UP                 
      1.46308299E-02    2      1000002        -2                       # GLSS   -->  UPL    UB                 
      1.41143436E-02    2     -1000001         1                       # GLSS   -->  DBL    DN                 
      1.41143436E-02    2      1000001        -1                       # GLSS   -->  DNL    DB                 
      5.12820110E-02    2     -2000002         2                       # GLSS   -->  UBR    UP                 
      5.12820110E-02    2      2000002        -2                       # GLSS   -->  UPR    UB                 
      5.55316620E-02    2     -2000001         1                       # GLSS   -->  DBR    DN                 
      5.55316620E-02    2      2000001        -1                       # GLSS   -->  DNR    DB                 
      1.41143100E-02    2     -1000003         3                       # GLSS   -->  SBL    ST                 
      1.41143100E-02    2      1000003        -3                       # GLSS   -->  STL    SB                 
      5.55316210E-02    2     -2000003         3                       # GLSS   -->  SBR    ST                 
      5.55316210E-02    2      2000003        -3                       # GLSS   -->  STR    SB                 
      1.46289775E-02    2     -1000004         4                       # GLSS   -->  CBL    CH                 
      1.46289775E-02    2      1000004        -4                       # GLSS   -->  CHL    CB                 
      5.12802266E-02    2     -2000004         4                       # GLSS   -->  CBR    CH                 
      5.12802266E-02    2      2000004        -4                       # GLSS   -->  CHR    CB                 
      5.58031574E-02    2     -1000005         5                       # GLSS   -->  BB1    BT                 
      5.58031574E-02    2      1000005        -5                       # GLSS   -->  BT1    BB                 
      4.50365208E-02    2     -2000005         5                       # GLSS   -->  BB2    BT                 
      4.50365208E-02    2      2000005        -5                       # GLSS   -->  BT2    BB                 
      1.15032941E-01    2     -1000006         6                       # GLSS   -->  TB1    TP                 
      1.15032941E-01    2      1000006        -6                       # GLSS   -->  TP1    TB                 
      2.44037985E-15    2      1000039        21                       # GLSS   -->  GVSS   GL                 
#         PDG         Width
DECAY   1000002  1.92967987E+01   # UPL   decays
#          BR          NDA       ID1     ID2       ID3       ID4
      1.13930749E-02    2      1000022         2                       # UPL    -->  Z1SS   UP                 
      5.12573756E-02    2      1000023         2                       # UPL    -->  Z2SS   UP                 
      2.80043983E-04    2      1000025         2                       # UPL    -->  Z3SS   UP                 
      2.77386576E-01    2      1000035         2                       # UPL    -->  Z4SS   UP                 
      1.13371477E-01    2      1000024         1                       # UPL    -->  W1SS+  DN                 
      5.46311438E-01    2      1000037         1                       # UPL    -->  W2SS+  DN                 
#         PDG         Width
DECAY   1000001  1.92354393E+01   # DNL   decays
#          BR          NDA       ID1     ID2       ID3       ID4
      1.66973174E-02    2      1000022         1                       # DNL    -->  Z1SS   DN                 
      3.91272157E-02    2      1000023         1                       # DNL    -->  Z2SS   DN                 
      4.85394354E-04    2      1000025         1                       # DNL    -->  Z3SS   DN                 
      2.85174489E-01    2      1000035         1                       # DNL    -->  Z4SS   DN                 
      7.97066465E-02    2     -1000024         2                       # DNL    -->  W1SS-  UP                 
      5.78808963E-01    2     -1000037         2                       # DNL    -->  W2SS-  UP                 
#         PDG         Width
DECAY   1000003  1.92354240E+01   # STL   decays
#          BR          NDA       ID1     ID2       ID3       ID4
      1.66973285E-02    2      1000022         3                       # STL    -->  Z1SS   ST                 
      3.91272418E-02    2      1000023         3                       # STL    -->  Z2SS   ST                 
      4.85394703E-04    2      1000025         3                       # STL    -->  Z3SS   ST                 
      2.85174698E-01    2      1000035         3                       # STL    -->  Z4SS   ST                 
      7.97066242E-02    2     -1000024         4                       # STL    -->  W1SS-  CH                 
      5.78808725E-01    2     -1000037         4                       # STL    -->  W2SS-  CH                 
#         PDG         Width
DECAY   1000004  1.92968025E+01   # CHL   decays
#          BR          NDA       ID1     ID2       ID3       ID4
      1.13930665E-02    2      1000022         4                       # CHL    -->  Z1SS   CH                 
      5.12573346E-02    2      1000023         4                       # CHL    -->  Z2SS   CH                 
      2.80043780E-04    2      1000025         4                       # CHL    -->  Z3SS   CH                 
      2.77386367E-01    2      1000035         4                       # CHL    -->  Z4SS   CH                 
      1.13371499E-01    2      1000024         3                       # CHL    -->  W1SS+  ST                 
      5.46311677E-01    2      1000037         3                       # CHL    -->  W2SS+  ST                 
#         PDG         Width
DECAY   1000005  3.20391226E+00   # BT1   decays
#          BR          NDA       ID1     ID2       ID3       ID4
      3.26828092E-01    2      1000022         5                       # BT1    -->  Z1SS   BT                 
      1.15415797E-01    2      1000023         5                       # BT1    -->  Z2SS   BT                 
      6.66762292E-02    2      1000025         5                       # BT1    -->  Z3SS   BT                 
      2.47825552E-02    2      1000035         5                       # BT1    -->  Z4SS   BT                 
      3.82137895E-01    2     -1000024         6                       # BT1    -->  W1SS-  TP                 
      8.27598572E-02    2     -1000037         6                       # BT1    -->  W2SS-  TP                 
      1.39958458E-03    2          -24   1000006                       # BT1    -->  W-     TP1                
#         PDG         Width
DECAY   1000006  3.86662064E+01   # TP1   decays
#          BR          NDA       ID1     ID2       ID3       ID4
      9.89822149E-02    2      1000022         6                       # TP1    -->  Z1SS   TP                 
      2.04749748E-01    2      1000023         6                       # TP1    -->  Z2SS   TP                 
      2.31619298E-01    2      1000025         6                       # TP1    -->  Z3SS   TP                 
      1.26912193E-02    2      1000035         6                       # TP1    -->  Z4SS   TP                 
      4.21894282E-01    2      1000024         5                       # TP1    -->  W1SS+  BT                 
      3.00632324E-02    2      1000037         5                       # TP1    -->  W2SS+  BT                 
#         PDG         Width
DECAY   2000002  4.16143990E+00   # UPR   decays
#          BR          NDA       ID1     ID2       ID3       ID4
      9.84122813E-01    2      1000022         2                       # UPR    -->  Z1SS   UP                 
      1.47466306E-02    2      1000023         2                       # UPR    -->  Z2SS   UP                 
      4.82032483E-04    2      1000025         2                       # UPR    -->  Z3SS   UP                 
      6.48514426E-04    2      1000035         2                       # UPR    -->  Z4SS   UP                 
#         PDG         Width
DECAY   2000001  1.03597283E+00   # DNR   decays
#          BR          NDA       ID1     ID2       ID3       ID4
      9.84141052E-01    2      1000022         1                       # DNR    -->  Z1SS   DN                 
      1.47305354E-02    2      1000023         1                       # DNR    -->  Z2SS   DN                 
      4.81454190E-04    2      1000025         1                       # DNR    -->  Z3SS   DN                 
      6.46948582E-04    2      1000035         1                       # DNR    -->  Z4SS   DN                 
#         PDG         Width
DECAY   2000003  1.03597283E+00   # STR   decays
#          BR          NDA       ID1     ID2       ID3       ID4
      9.84141052E-01    2      1000022         3                       # STR    -->  Z1SS   ST                 
      1.47305354E-02    2      1000023         3                       # STR    -->  Z2SS   ST                 
      4.81454190E-04    2      1000025         3                       # STR    -->  Z3SS   ST                 
      6.46948582E-04    2      1000035         3                       # STR    -->  Z4SS   ST                 
#         PDG         Width
DECAY   2000004  4.16143703E+00   # CHR   decays
#          BR          NDA       ID1     ID2       ID3       ID4
      9.84122813E-01    2      1000022         4                       # CHR    -->  Z1SS   CH                 
      1.47466306E-02    2      1000023         4                       # CHR    -->  Z2SS   CH                 
      4.82032483E-04    2      1000025         4                       # CHR    -->  Z3SS   CH                 
      6.48514251E-04    2      1000035         4                       # CHR    -->  Z4SS   CH                 
#         PDG         Width
DECAY   2000005  3.69421005E+01   # BT2   decays
#          BR          NDA       ID1     ID2       ID3       ID4
      7.93601666E-03    2      1000022         5                       # BT2    -->  Z1SS   BT                 
      2.11099088E-02    2      1000023         5                       # BT2    -->  Z2SS   BT                 
      7.20601622E-03    2      1000025         5                       # BT2    -->  Z3SS   BT                 
      1.38607591E-01    2      1000035         5                       # BT2    -->  Z4SS   BT                 
      4.51818287E-01    2     -1000024         6                       # BT2    -->  W1SS-  TP                 
      3.67221594E-01    2     -1000037         6                       # BT2    -->  W2SS-  TP                 
      6.10056892E-03    2          -24   1000006                       # BT2    -->  W-     TP1                
#         PDG         Width
DECAY   2000006  3.89419327E+01   # TP2   decays
#          BR          NDA       ID1     ID2       ID3       ID4
      2.84006782E-02    2      1000024         5                       # TP2    -->  W1SS+  BT                 
      2.95182228E-01    2      1000037         5                       # TP2    -->  W2SS+  BT                 
      3.86167341E-03    2           23   1000006                       # TP2    -->  Z0     TP1                
      7.98408501E-03    2           25   1000006                       # TP2    -->  HL0    TP1                
      6.78922841E-03    2      1000022         6                       # TP2    -->  Z1SS   TP                 
      2.20896408E-01    2      1000023         6                       # TP2    -->  Z2SS   TP                 
      2.48990297E-01    2      1000025         6                       # TP2    -->  Z3SS   TP                 
      1.87895417E-01    2      1000035         6                       # TP2    -->  Z4SS   TP                 
#         PDG         Width
DECAY   1000011  2.70664543E-01   # EL-   decays
#          BR          NDA       ID1     ID2       ID3       ID4
      9.99987483E-01    2      1000022        11                       # EL-    -->  Z1SS   E-                 
      5.70778684E-06    3      1000015        11       -15             # EL-    -->  TAU1-  E-     TAU+        
      6.79536743E-06    3     -1000015        11        15             # EL-    -->  TAU1+  E-     TAU-        
      2.16757399E-16    2           11   1000039                       # EL-    -->  E-     GVSS               
#         PDG         Width
DECAY   1000013  2.70664483E-01   # MUL-  decays
#          BR          NDA       ID1     ID2       ID3       ID4
      9.99987483E-01    2      1000022        13                       # MUL-   -->  Z1SS   MU-                
      5.70778820E-06    3      1000015        13       -15             # MUL-   -->  TAU1-  MU-    TAU+        
      6.79536879E-06    3     -1000015        13        15             # MUL-   -->  TAU1+  MU-    TAU-        
      2.16757425E-16    2           13   1000039                       # MUL-   -->  MU-    GVSS               
#         PDG         Width
#DECAY   1000015  1.37743698E-18   # TAU1- decays
DECAY   1000015  0.000000000000   # TAU1- decays
#          BR          NDA       ID1     ID2       ID3       ID4
#      1.00000000E+00    2           15   1000039                       # TAU1-  -->  TAU-   GVSS               
#         PDG         Width
DECAY   1000012  2.83608228E-01   # NUEL  decays
#          BR          NDA       ID1     ID2       ID3       ID4
      9.99988377E-01    2      1000022        12                       # NUEL   -->  Z1SS   NUE                
      1.12441944E-06    3      1000015        12       -15             # NUEL   -->  TAU1-  NUE    TAU+        
      1.87137925E-06    3     -1000015        12        15             # NUEL   -->  TAU1+  NUE    TAU-        
      8.61138506E-06    3     -1000015        11        16             # NUEL   -->  TAU1+  E-     NUT         
      1.86523828E-16    2           12   1000039                       # NUEL   -->  NUE    GVSS               
#         PDG         Width
DECAY   1000014  2.83608228E-01   # NUML  decays
#          BR          NDA       ID1     ID2       ID3       ID4
      9.99988377E-01    2      1000022        14                       # NUML   -->  Z1SS   NUM                
      1.12441944E-06    3      1000015        14       -15             # NUML   -->  TAU1-  NUM    TAU+        
      1.87137925E-06    3     -1000015        14        15             # NUML   -->  TAU1+  NUM    TAU-        
      8.61479384E-06    3     -1000015        13        16             # NUML   -->  TAU1+  MU-    NUT         
      1.86523828E-16    2           14   1000039                       # NUML   -->  NUM    GVSS               
#         PDG         Width
DECAY   1000016  3.44926745E-01   # NUTL  decays
#          BR          NDA       ID1     ID2       ID3       ID4
      8.19917798E-01    2      1000022        16                       # NUTL   -->  Z1SS   NUT                
      1.80079013E-01    2           24   1000015                       # NUTL   -->  W+     TAU1-              
      1.66214340E-06    3     -1000015        16        15             # NUTL   -->  TAU1+  NUT    TAU-        
      1.52051257E-06    3      1000015        16       -15             # NUTL   -->  TAU1-  NUT    TAU+        
      1.52818164E-16    2           16   1000039                       # NUTL   -->  NUT    GVSS               
#         PDG         Width
DECAY   2000011  4.88238898E-13   # ER-   decays
#          BR          NDA       ID1     ID2       ID3       ID4
      3.58165801E-01    3      1000015        11       -15             # ER-    -->  TAU1-  E-     TAU+        
      6.41831219E-01    3     -1000015        11        15             # ER-    -->  TAU1+  E-     TAU-        
      6.49043016E-12    3      1000015        12       -16             # ER-    -->  TAU1-  NUE    ANUT        
      2.99658495E-06    2           11   1000039                       # ER-    -->  E-     GVSS               
#         PDG         Width
DECAY   2000013  4.88268063E-13   # MUR-  decays
#          BR          NDA       ID1     ID2       ID3       ID4
      3.58165681E-01    3      1000015        13       -15             # MUR-   -->  TAU1-  MU-    TAU+        
      6.41831040E-01    3     -1000015        13        15             # MUR-   -->  TAU1+  MU-    TAU-        
      2.76139104E-07    3      1000015        14       -16             # MUR-   -->  TAU1-  NUM    ANUT        
      2.99640578E-06    2           13   1000039                       # MUR-   -->  MU-    GVSS               
#         PDG         Width
DECAY   2000015  3.57264996E-01   # TAU2- decays
#          BR          NDA       ID1     ID2       ID3       ID4
      7.57150590E-01    2      1000022        15                       # TAU2-  -->  Z1SS   TAU-               
      9.51956138E-02    2           23   1000015                       # TAU2-  -->  Z0     TAU1-              
      1.47653803E-01    2           25   1000015                       # TAU2-  -->  HL0    TAU1-              
#         PDG         Width
DECAY   1000022  1.20335853E+00   # Z1SS  decays
#          BR          NDA       ID1     ID2       ID3       ID4
      1.63226306E-01    2      2000011       -11                       # Z1SS   -->  ER-    E+                 
      1.63226306E-01    2     -2000011        11                       # Z1SS   -->  ER+    E-                 
      1.63226157E-01    2      2000013       -13                       # Z1SS   -->  MUR-   MU+                
      1.63226157E-01    2     -2000013        13                       # Z1SS   -->  MUR+   MU-                
      1.73547536E-01    2      1000015       -15                       # Z1SS   -->  TAU1-  TAU+               
      1.73547536E-01    2     -1000015        15                       # Z1SS   -->  TAU1+  TAU-               
      3.75605304E-18    2      1000039        22                       # Z1SS   -->  GVSS   GM                 
      8.47314706E-20    3      1000039        11       -11             # Z1SS   -->  GVSS   E-     E+          
      1.02507944E-18    2      1000039        23                       # Z1SS   -->  GVSS   Z0                 
      7.59918146E-21    2      1000039        25                       # Z1SS   -->  GVSS   HL0                
#         PDG         Width
DECAY   1000023  5.12522280E-01   # Z2SS  decays
#          BR          NDA       ID1     ID2       ID3       ID4
      1.08199458E-07    2      1000022        22                       # Z2SS   -->  Z1SS   GM                 
      2.82144137E-02    2      1000022        23                       # Z2SS   -->  Z1SS   Z0                 
      1.45740273E-08    3      1000022         2        -2             # Z2SS   -->  Z1SS   UP     UB          
      6.95890900E-09    3      1000022         1        -1             # Z2SS   -->  Z1SS   DN     DB          
      6.95890900E-09    3      1000022         3        -3             # Z2SS   -->  Z1SS   ST     SB          
      1.45740078E-08    3      1000022         4        -4             # Z2SS   -->  Z1SS   CH     CB          
      3.07748564E-07    3      1000022         5        -5             # Z2SS   -->  Z1SS   BT     BB          
      4.94327956E-08    3      1000022        15       -15             # Z2SS   -->  Z1SS   TAU-   TAU+        
      6.84187710E-01    2      1000022        25                       # Z2SS   -->  Z1SS   HL0                
      5.29380864E-04    2      1000011       -11                       # Z2SS   -->  EL-    E+                 
      5.29380864E-04    2     -1000011        11                       # Z2SS   -->  EL+    E-                 
      5.29357581E-04    2      1000013       -13                       # Z2SS   -->  MUL-   MU+                
      5.29357581E-04    2     -1000013        13                       # Z2SS   -->  MUL+   MU-                
      3.39057818E-02    2      2000011       -11                       # Z2SS   -->  ER-    E+                 
      3.39057818E-02    2     -2000011        11                       # Z2SS   -->  ER+    E-                 
      3.39057781E-02    2      2000013       -13                       # Z2SS   -->  MUR-   MU+                
      3.39057781E-02    2     -2000013        13                       # Z2SS   -->  MUR+   MU-                
      7.09260702E-02    2      1000015       -15                       # Z2SS   -->  TAU1-  TAU+               
      7.09260702E-02    2     -1000015        15                       # Z2SS   -->  TAU1+  TAU-               
      6.77693519E-04    2      2000015       -15                       # Z2SS   -->  TAU2-  TAU+               
      6.77693519E-04    2     -2000015        15                       # Z2SS   -->  TAU2+  TAU-               
      1.09472941E-03    2      1000012       -12                       # Z2SS   -->  NUEL   ANUE               
      1.09472941E-03    2     -1000012        12                       # Z2SS   -->  ANUEL  NUE                
      1.09472941E-03    2      1000014       -14                       # Z2SS   -->  NUML   ANUM               
      1.09472941E-03    2     -1000014        14                       # Z2SS   -->  ANUML  NUM                
      1.13514927E-03    2      1000016       -16                       # Z2SS   -->  NUTL   ANUT               
      1.13514927E-03    2     -1000016        16                       # Z2SS   -->  ANUTL  NUT                
      9.90713972E-18    2      1000039        22                       # Z2SS   -->  GVSS   GM                 
      2.31198661E-19    3      1000039        11       -11             # Z2SS   -->  GVSS   E-     E+          
      3.60527398E-17    2      1000039        23                       # Z2SS   -->  GVSS   Z0                 
      1.83209190E-17    2      1000039        25                       # Z2SS   -->  GVSS   HL0                
#         PDG         Width
DECAY   1000025  4.37096536E-01   # Z3SS  decays
#          BR          NDA       ID1     ID2       ID3       ID4
      4.61027412E-07    2      1000022        22                       # Z3SS   -->  Z1SS   GM                 
      4.28178204E-09    2      1000023        22                       # Z3SS   -->  Z2SS   GM                 
      8.16872117E-08    3     -1000024         2        -1             # Z3SS   -->  W1SS-  UP     DB          
      2.72290706E-08    3     -1000024        12       -11             # Z3SS   -->  W1SS-  NUE    E+          
      2.72290706E-08    3     -1000024        14       -13             # Z3SS   -->  W1SS-  NUM    MU+         
      8.16872117E-08    3      1000024         1        -2             # Z3SS   -->  W1SS+  DN     UB          
      2.72290706E-08    3      1000024        11       -12             # Z3SS   -->  W1SS+  E-     ANUE        
      2.72290706E-08    3      1000024        13       -14             # Z3SS   -->  W1SS+  MU-    ANUM        
      8.16872117E-08    3     -1000024         4        -3             # Z3SS   -->  W1SS-  CH     SB          
      2.72290706E-08    3     -1000024        16       -15             # Z3SS   -->  W1SS-  NUT    TAU+        
      8.16872117E-08    3      1000024         3        -4             # Z3SS   -->  W1SS+  ST     CB          
      2.72290706E-08    3      1000024        15       -16             # Z3SS   -->  W1SS+  TAU-   ANUT        
      8.70012164E-01    2      1000022        23                       # Z3SS   -->  Z1SS   Z0                 
      1.87265925E-10    3      1000022         2        -2             # Z3SS   -->  Z1SS   UP     UB          
      5.72647624E-11    3      1000022         1        -1             # Z3SS   -->  Z1SS   DN     DB          
      5.72647624E-11    3      1000022         3        -3             # Z3SS   -->  Z1SS   ST     SB          
      1.87265703E-10    3      1000022         4        -4             # Z3SS   -->  Z1SS   CH     CB          
      4.64410959E-07    3      1000022         5        -5             # Z3SS   -->  Z1SS   BT     BB          
      7.72504691E-08    3      1000022        15       -15             # Z3SS   -->  Z1SS   TAU-   TAU+        
      4.59343880E-07    3      1000023         2        -2             # Z3SS   -->  Z2SS   UP     UB          
      5.92276024E-07    3      1000023         1        -1             # Z3SS   -->  Z2SS   DN     DB          
      5.92276024E-07    3      1000023         3        -3             # Z3SS   -->  Z2SS   ST     SB          
      4.59343880E-07    3      1000023         4        -4             # Z3SS   -->  Z2SS   CH     CB          
      2.42651424E-07    3      1000023         5        -5             # Z3SS   -->  Z2SS   BT     BB          
      1.34363731E-07    3      1000023        11       -11             # Z3SS   -->  Z2SS   E-     E+          
      1.34363731E-07    3      1000023        13       -13             # Z3SS   -->  Z2SS   MU-    MU+         
      1.17830027E-07    3      1000023        15       -15             # Z3SS   -->  Z2SS   TAU-   TAU+        
      2.67341562E-07    3      1000023        12       -12             # Z3SS   -->  Z2SS   NUE    ANUE        
      2.67341562E-07    3      1000023        14       -14             # Z3SS   -->  Z2SS   NUM    ANUM        
      2.67341562E-07    3      1000023        16       -16             # Z3SS   -->  Z2SS   NUT    ANUT        
      2.91956104E-02    2      1000022        25                       # Z3SS   -->  Z1SS   HL0                
      8.26573978E-06    2      1000011       -11                       # Z3SS   -->  EL-    E+                 
      8.26573978E-06    2     -1000011        11                       # Z3SS   -->  EL+    E-                 
      8.26568703E-06    2      1000013       -13                       # Z3SS   -->  MUL-   MU+                
      8.26568703E-06    2     -1000013        13                       # Z3SS   -->  MUL+   MU-                
      1.39300991E-03    2      2000011       -11                       # Z3SS   -->  ER-    E+                 
      1.39300991E-03    2     -2000011        11                       # Z3SS   -->  ER+    E-                 
      1.39300991E-03    2      2000013       -13                       # Z3SS   -->  MUR-   MU+                
      1.39300991E-03    2     -2000013        13                       # Z3SS   -->  MUR+   MU-                
      4.67483327E-02    2      1000015       -15                       # Z3SS   -->  TAU1-  TAU+               
      4.67483327E-02    2     -1000015        15                       # Z3SS   -->  TAU1+  TAU-               
      5.49533230E-04    2      2000015       -15                       # Z3SS   -->  TAU2-  TAU+               
      5.49533230E-04    2     -2000015        15                       # Z3SS   -->  TAU2+  TAU-               
      9.70543406E-05    2      1000012       -12                       # Z3SS   -->  NUEL   ANUE               
      9.70543406E-05    2     -1000012        12                       # Z3SS   -->  ANUEL  NUE                
      9.70543406E-05    2      1000014       -14                       # Z3SS   -->  NUML   ANUM               
      9.70543406E-05    2     -1000014        14                       # Z3SS   -->  ANUML  NUM                
      9.90840490E-05    2      1000016       -16                       # Z3SS   -->  NUTL   ANUT               
      9.90840490E-05    2     -1000016        16                       # Z3SS   -->  ANUTL  NUT                
      4.77258374E-21    2      1000039        22                       # Z3SS   -->  GVSS   GM                 
      1.11587240E-22    3      1000039        11       -11             # Z3SS   -->  GVSS   E-     E+          
      3.14749436E-17    2      1000039        23                       # Z3SS   -->  GVSS   Z0                 
      4.45356656E-17    2      1000039        25                       # Z3SS   -->  GVSS   HL0                
#         PDG         Width
DECAY   1000035  6.25331116E+00   # Z4SS  decays
#          BR          NDA       ID1     ID2       ID3       ID4
      4.72842476E-09    2      1000022        22                       # Z4SS   -->  Z1SS   GM                 
      1.85026479E-07    2      1000023        22                       # Z4SS   -->  Z2SS   GM                 
      4.50575982E-07    2      1000025        22                       # Z4SS   -->  Z3SS   GM                 
      1.39860660E-01    2      1000024       -24                       # Z4SS   -->  W1SS+  W-                 
      1.39860660E-01    2     -1000024        24                       # Z4SS   -->  W1SS-  W+                 
      2.89948421E-08    3     -1000037         2        -1             # Z4SS   -->  W2SS-  UP     DB          
      9.66494706E-09    3     -1000037        12       -11             # Z4SS   -->  W2SS-  NUE    E+          
      9.66494706E-09    3     -1000037        14       -13             # Z4SS   -->  W2SS-  NUM    MU+         
      2.89948421E-08    3      1000037         1        -2             # Z4SS   -->  W2SS+  DN     UB          
      9.66494706E-09    3      1000037        11       -12             # Z4SS   -->  W2SS+  E-     ANUE        
      9.66494706E-09    3      1000037        13       -14             # Z4SS   -->  W2SS+  MU-    ANUM        
      2.89948421E-08    3     -1000037         4        -3             # Z4SS   -->  W2SS-  CH     SB          
      9.66494706E-09    3     -1000037        16       -15             # Z4SS   -->  W2SS-  NUT    TAU+        
      2.89948421E-08    3      1000037         3        -4             # Z4SS   -->  W2SS+  ST     CB          
      9.66494706E-09    3      1000037        15       -16             # Z4SS   -->  W2SS+  TAU-   ANUT        
      2.95763806E-04    2      1000022        23                       # Z4SS   -->  Z1SS   Z0                 
      1.39755243E-03    2      1000023        23                       # Z4SS   -->  Z2SS   Z0                 
      9.58886966E-02    2      1000025        23                       # Z4SS   -->  Z3SS   Z0                 
      3.66374415E-08    3      1000022         2        -2             # Z4SS   -->  Z1SS   UP     UB          
      5.38934444E-08    3      1000022         1        -1             # Z4SS   -->  Z1SS   DN     DB          
      5.38934444E-08    3      1000022         3        -3             # Z4SS   -->  Z1SS   ST     SB          
      3.66373882E-08    3      1000022         4        -4             # Z4SS   -->  Z1SS   CH     CB          
      6.23313241E-08    3      1000022         5        -5             # Z4SS   -->  Z1SS   BT     BB          
      8.26285221E-11    3      1000022        15       -15             # Z4SS   -->  Z1SS   TAU-   TAU+        
      5.04447950E-09    3      1000023         2        -2             # Z4SS   -->  Z2SS   UP     UB          
      3.90988397E-09    3      1000023         1        -1             # Z4SS   -->  Z2SS   DN     DB          
      3.90988397E-09    3      1000023         3        -3             # Z4SS   -->  Z2SS   ST     SB          
      5.04447195E-09    3      1000023         4        -4             # Z4SS   -->  Z2SS   CH     CB          
      1.85312157E-08    3      1000023         5        -5             # Z4SS   -->  Z2SS   BT     BB          
      2.19777174E-09    3      1000023        15       -15             # Z4SS   -->  Z2SS   TAU-   TAU+        
      5.88042202E-12    3      1000025         2        -2             # Z4SS   -->  Z3SS   UP     UB          
      1.03465301E-11    3      1000025         1        -1             # Z4SS   -->  Z3SS   DN     DB          
      1.03465301E-11    3      1000025         3        -3             # Z4SS   -->  Z3SS   ST     SB          
      5.88041161E-12    3      1000025         4        -4             # Z4SS   -->  Z3SS   CH     CB          
      1.25582185E-08    3      1000025         5        -5             # Z4SS   -->  Z3SS   BT     BB          
      1.98428229E-09    3      1000025        15       -15             # Z4SS   -->  Z3SS   TAU-   TAU+        
      2.84321071E-03    2      1000022        25                       # Z4SS   -->  Z1SS   HL0                
      9.47731361E-02    2      1000023        25                       # Z4SS   -->  Z2SS   HL0                
      4.40670789E-04    2      1000025        25                       # Z4SS   -->  Z3SS   HL0                
      3.94973159E-02    2      1000011       -11                       # Z4SS   -->  EL-    E+                 
      3.94973159E-02    2     -1000011        11                       # Z4SS   -->  EL+    E-                 
      3.94973159E-02    2      1000013       -13                       # Z4SS   -->  MUL-   MU+                
      3.94973159E-02    2     -1000013        13                       # Z4SS   -->  MUL+   MU-                
      2.24382238E-04    2      2000011       -11                       # Z4SS   -->  ER-    E+                 
      2.24382238E-04    2     -2000011        11                       # Z4SS   -->  ER+    E-                 
      2.24382224E-04    2      2000013       -13                       # Z4SS   -->  MUR-   MU+                
      2.24382224E-04    2     -2000013        13                       # Z4SS   -->  MUR+   MU-                
      2.89505231E-04    2      1000015       -15                       # Z4SS   -->  TAU1-  TAU+               
      2.89505231E-04    2     -1000015        15                       # Z4SS   -->  TAU1+  TAU-               
      3.97998728E-02    2      2000015       -15                       # Z4SS   -->  TAU2-  TAU+               
      3.97998728E-02    2     -2000015        15                       # Z4SS   -->  TAU2+  TAU-               
      4.75352146E-02    2      1000012       -12                       # Z4SS   -->  NUEL   ANUE               
      4.75352146E-02    2     -1000012        12                       # Z4SS   -->  ANUEL  NUE                
      4.75352146E-02    2      1000014       -14                       # Z4SS   -->  NUML   ANUM               
      4.75352146E-02    2     -1000014        14                       # Z4SS   -->  ANUML  NUM                
      4.77160662E-02    2      1000016       -16                       # Z4SS   -->  NUTL   ANUT               
      4.77160662E-02    2     -1000016        16                       # Z4SS   -->  ANUTL  NUT                
      6.20755995E-18    2      1000039        22                       # Z4SS   -->  GVSS   GM                 
      1.47359719E-19    3      1000039        11       -11             # Z4SS   -->  GVSS   E-     E+          
      2.42062660E-17    2      1000039        23                       # Z4SS   -->  GVSS   Z0                 
      9.36673683E-19    2      1000039        25                       # Z4SS   -->  GVSS   HL0                
#         PDG         Width
DECAY   1000024  4.40809637E-01   # W1SS+ decays
#          BR          NDA       ID1     ID2       ID3       ID4
      1.74782979E-08    3      1000022         2        -1             # W1SS+  -->  Z1SS   UP     DB          
      1.74782837E-08    3      1000022         4        -3             # W1SS+  -->  Z1SS   CH     SB          
      6.14680644E-08    3      1000022       -15        16             # W1SS+  -->  Z1SS   TAU+   NUT         
      8.74180973E-01    2      1000022        24                       # W1SS+  -->  Z1SS   W+                 
      4.06410265E-08    3      1000023         2        -1             # W1SS+  -->  Z2SS   UP     DB          
      4.06410265E-08    3      1000023         4        -3             # W1SS+  -->  Z2SS   CH     SB          
      1.35419880E-08    3      1000023       -11        12             # W1SS+  -->  Z2SS   E+     NUE         
      1.35419880E-08    3      1000023       -13        14             # W1SS+  -->  Z2SS   MU+    NUM         
      1.35419871E-08    3      1000023       -15        16             # W1SS+  -->  Z2SS   TAU+   NUT         
      8.82608537E-03    2      1000012       -11                       # W1SS+  -->  NUEL   E+                 
      8.82604159E-03    2      1000014       -13                       # W1SS+  -->  NUML   MU+                
      1.05857383E-02    2      1000016       -15                       # W1SS+  -->  NUTL   TAU+               
      2.18678685E-03    2     -1000011        12                       # W1SS+  -->  EL+    NUE                
      2.18678685E-03    2     -1000013        14                       # W1SS+  -->  MUL+   NUM                
      9.09851119E-02    2     -1000015        16                       # W1SS+  -->  TAU1+  NUT                
      2.22224230E-03    2     -2000015        16                       # W1SS+  -->  TAU2+  NUT                
#         PDG         Width
DECAY   1000037  5.25956774E+00   # W2SS+ decays
#          BR          NDA       ID1     ID2       ID3       ID4
      9.45284881E-08    3      1000022         2        -1             # W2SS+  -->  Z1SS   UP     DB          
      9.45284171E-08    3      1000022         4        -3             # W2SS+  -->  Z1SS   CH     SB          
      5.78028007E-11    3      1000022       -15        16             # W2SS+  -->  Z1SS   TAU+   NUT         
      3.59144760E-03    2      1000022        24                       # W2SS+  -->  Z1SS   W+                 
      2.71484502E-09    3      1000023         2        -1             # W2SS+  -->  Z2SS   UP     DB          
      2.71484280E-09    3      1000023         4        -3             # W2SS+  -->  Z2SS   CH     SB          
      3.13880988E-09    3      1000023       -15        16             # W2SS+  -->  Z2SS   TAU+   NUT         
      1.27388284E-01    2      1000023        24                       # W2SS+  -->  Z2SS   W+                 
      4.07898229E-11    3      1000025         2        -1             # W2SS+  -->  Z3SS   UP     DB          
      4.07898021E-11    3      1000025         4        -3             # W2SS+  -->  Z3SS   CH     SB          
      1.54931679E-09    3      1000025       -15        16             # W2SS+  -->  Z3SS   TAU+   NUT         
      1.10437751E-01    2      1000025        24                       # W2SS+  -->  Z3SS   W+                 
      9.71873775E-02    2      1000012       -11                       # W2SS+  -->  NUEL   E+                 
      9.71873626E-02    2      1000014       -13                       # W2SS+  -->  NUML   MU+                
      9.77477506E-02    2      1000016       -15                       # W2SS+  -->  NUTL   TAU+               
      9.06354859E-02    2     -1000011        12                       # W2SS+  -->  EL+    NUE                
      9.06354859E-02    2     -1000013        14                       # W2SS+  -->  MUL+   NUM                
      2.14251428E-04    2     -1000015        16                       # W2SS+  -->  TAU1+  NUT                
      9.12043527E-02    2     -2000015        16                       # W2SS+  -->  TAU2+  NUT                
      1.06103957E-01    2      1000024        23                       # W2SS+  -->  W1SS+  Z0                 
      5.28007371E-09    3      1000024         1        -1             # W2SS+  -->  W1SS+  DN     DB          
      5.28006527E-09    3      1000024         3        -3             # W2SS+  -->  W1SS+  ST     SB          
      3.88460020E-09    3      1000024         2        -2             # W2SS+  -->  W1SS+  UP     UB          
      3.88460020E-09    3      1000024         4        -4             # W2SS+  -->  W1SS+  CH     CB          
      8.76662731E-02    2      1000024        25                       # W2SS+  -->  W1SS+  HL0                
#         PDG         Width
DECAY        25  5.18943043E-03   # HL0   decays
#          BR          NDA       ID1     ID2       ID3       ID4
      4.04953848E-09    2           11       -11                       # HL0    -->  E-     E+                 
      1.70977990E-04    2           13       -13                       # HL0    -->  MU-    MU+                
      4.89040166E-02    2           15       -15                       # HL0    -->  TAU-   TAU+               
      5.08080984E-06    2            1        -1                       # HL0    -->  DN     DB                 
      2.05290178E-03    2            3        -3                       # HL0    -->  ST     SB                 
      8.09083223E-01    2            5        -5                       # HL0    -->  BT     BB                 
      1.54686757E-06    2            2        -2                       # HL0    -->  UP     UB                 
      3.87115367E-02    2            4        -4                       # HL0    -->  CH     CB                 
      1.56824535E-03    2           22        22                       # HL0    -->  GM     GM                 
      3.34511213E-02    2           21        21                       # HL0    -->  GL     GL                 
      3.38046020E-03    3           24        11       -12             # HL0    -->  W+     E-     ANUE        
      3.38046020E-03    3           24        13       -14             # HL0    -->  W+     MU-    ANUM        
      3.38046020E-03    3           24        15       -16             # HL0    -->  W+     TAU-   ANUT        
      1.01413811E-02    3           24        -2         1             # HL0    -->  W+     UB     DN          
      1.01413811E-02    3           24        -4         3             # HL0    -->  W+     CB     ST          
      3.38046020E-03    3          -24       -11        12             # HL0    -->  W-     E+     NUE         
      3.38046020E-03    3          -24       -13        14             # HL0    -->  W-     MU+    NUM         
      3.38046020E-03    3          -24       -15        16             # HL0    -->  W-     TAU+   NUT         
      1.01413811E-02    3          -24         2        -1             # HL0    -->  W-     UP     DB          
      1.01413811E-02    3          -24         4        -3             # HL0    -->  W-     CH     SB          
      3.55837808E-04    3           23        12       -12             # HL0    -->  Z0     NUE    ANUE        
      3.55837808E-04    3           23        14       -14             # HL0    -->  Z0     NUM    ANUM        
      3.55837808E-04    3           23        16       -16             # HL0    -->  Z0     NUT    ANUT        
      1.79089606E-04    3           23        11       -11             # HL0    -->  Z0     E-     E+          
      1.79089606E-04    3           23        13       -13             # HL0    -->  Z0     MU-    MU+         
      1.79089606E-04    3           23        15       -15             # HL0    -->  Z0     TAU-   TAU+        
      6.13545766E-04    3           23         2        -2             # HL0    -->  Z0     UP     UB          
      6.13545766E-04    3           23         4        -4             # HL0    -->  Z0     CH     CB          
      7.90398102E-04    3           23         1        -1             # HL0    -->  Z0     DN     DB          
      7.90398102E-04    3           23         3        -3             # HL0    -->  Z0     ST     SB          
      7.90398102E-04    3           23         5        -5             # HL0    -->  Z0     BT     BB          
#         PDG         Width
DECAY        35  1.77115846E+00   # HH0   decays
#          BR          NDA       ID1     ID2       ID3       ID4
      8.91993324E-09    2           11       -11                       # HH0    -->  E-     E+                 
      3.76615644E-04    2           13       -13                       # HH0    -->  MU-    MU+                
      1.07866138E-01    2           15       -15                       # HH0    -->  TAU-   TAU+               
      1.09340990E-05    2            1        -1                       # HH0    -->  DN     DB                 
      4.41792933E-03    2            3        -3                       # HH0    -->  ST     SB                 
      6.20975316E-01    2            5        -5                       # HH0    -->  BT     BB                 
      3.67684161E-10    2            2        -2                       # HH0    -->  UP     UB                 
      6.98584563E-06    2            4        -4                       # HH0    -->  CH     CB                 
      2.60172248E-01    2            6        -6                       # HH0    -->  TP     TB                 
      7.91083096E-07    2           22        22                       # HH0    -->  GM     GM                 
      1.32720525E-04    2           21        21                       # HH0    -->  GL     GL                 
      8.76936421E-04    2           24       -24                       # HH0    -->  W+     W-                 
      4.44403850E-04    2           23        23                       # HH0    -->  Z0     Z0                 
      1.35116105E-03    2      1000022   1000022                       # HH0    -->  Z1SS   Z1SS               
      3.10161384E-03    2           25        25                       # HH0    -->  HL0    HL0                
      8.99545266E-05    2      2000011  -2000011                       # HH0    -->  ER-    ER+                
      8.99039005E-05    2      2000013  -2000013                       # HH0    -->  MUR-   MUR+               
      8.63256500E-05    2      1000015  -1000015                       # HH0    -->  TAU1-  TAU1+              
#         PDG         Width
DECAY        36  1.80395460E+00   # HA0   decays
#          BR          NDA       ID1     ID2       ID3       ID4
      8.70301164E-09    2           11       -11                       # HA0    -->  E-     E+                 
      3.67456843E-04    2           13       -13                       # HA0    -->  MU-    MU+                
      1.05244502E-01    2           15       -15                       # HA0    -->  TAU-   TAU+               
      1.06688058E-05    2            1        -1                       # HA0    -->  DN     DB                 
      4.31073736E-03    2            3        -3                       # HA0    -->  ST     SB                 
      6.05940640E-01    2            5        -5                       # HA0    -->  BT     BB                 
      3.41367518E-10    2            2        -2                       # HA0    -->  UP     UB                 
      6.49105505E-06    2            4        -4                       # HA0    -->  CH     CB                 
      2.74797767E-01    2            6        -6                       # HA0    -->  TP     TB                 
      1.05758591E-06    2           22        22                       # HA0    -->  GM     GM                 
      1.87114259E-04    2           21        21                       # HA0    -->  GL     GL                 
      8.30793940E-03    2      1000022   1000022                       # HA0    -->  Z1SS   Z1SS               
      8.25312629E-04    2           25        23                       # HA0    -->  HL0    Z0                 
      2.97335163E-07    2      1000015  -1000015                       # HA0    -->  TAU1-  TAU1+              
#         PDG         Width
DECAY        37  1.58906806E+00   # H+    decays
#          BR          NDA       ID1     ID2       ID3       ID4
      9.98220084E-09    2           12       -11                       # H+     -->  NUE    E+                 
      4.21466510E-04    2           14       -13                       # H+     -->  NUM    MU+                
      1.20713599E-01    2           16       -15                       # H+     -->  NUT    TAU+               
      1.12406151E-05    2            2        -1                       # H+     -->  UP     DB                 
      4.54844255E-03    2            4        -3                       # H+     -->  CH     SB                 
      8.73343468E-01    2            6        -5                       # H+     -->  TP     BB                 
      9.61775659E-04    2           25        24                       # H+     -->  HL0    W+                 
