#  ISAJET decay tables in SUSY Les Houches accord format
#  Created by ISALHD. Last revision: C. Balazs, 2005 May 25
Block DCINFO   # Program information
    1             ISASUGRA from ISAJET          # Spectrum Calculator
    2   7.69   21-AUG-2003 11:39:06             # Version number
#  SUSY parameters in Les Houches accord format
Block MODSEL   # Model selection
    1    2   #  Minimal gauge mediated (GMSB) model              
Block MINPAR   # Input parameters
    1    8.000000000E+04   # Lambda
    2    1.600000000E+05   # M_mes
    3    3.000000000E+00   # N_5
    4    1.000000000E+01   # tan(beta
    5    1.000000000E+00   # sgn(mu)
    6    1.725000000E+02   # M_t
    7    1.000000000E+03   # C_grav
Block EXTPAR    # Input parameters - non-minimal models
    8    1.000000000E+00   # Rsl
    9    0.000000000E+00   # dmH_d^2
   10    0.000000000E+00   # dmH_u^2
   11    0.000000000E+00   # d_Y
   12    3.000000000E+00   # N5_1
   13    3.000000000E+00   # N5_2
   14    3.000000000E+00   # N5_3
#  
Block MASS   # Scalar and gaugino mass spectrum
#  PDG code   mass                 particle
         6    1.725000000E+02   #  top            
        25    1.158851166E+02   #  h^0            
        35    7.506687622E+02   #  H^0            
        36    7.455131836E+02   #  A^0            
        37    7.547308350E+02   #  H^+            
   1000001    1.707406128E+03   #  dnl            
   1000002    1.705425659E+03   #  upl            
   1000003    1.707406128E+03   #  stl            
   1000004    1.705426147E+03   #  chl            
   1000005    1.634951416E+03   #  b1             
   1000006    1.527222656E+03   #  t1             
   1000011    5.240400391E+02   #  el-            
   1000012    5.110345154E+02   #  nuel           
   1000013    5.240400391E+02   #  mul-           
   1000014    5.110345154E+02   #  numl           
   1000015    2.466393585E+02   #  tau1           
   1000016    5.106675415E+02   #  nutl           
   1000021    1.782012573E+03   #  glss           
   1000022    3.295656738E+02   #  z1ss           
   1000023    5.323476562E+02   #  z2ss           
   1000024    5.373592529E+02   #  w1ss           
   1000025   -5.549813232E+02   #  z3ss           
   1000035    6.875551758E+02   #  z4ss           
   1000037    6.799856567E+02   #  w2ss           
   2000001    1.636610352E+03   #  dnr            
   2000002    1.641955688E+03   #  upr            
   2000003    1.636610352E+03   #  str            
   2000004    1.641956299E+03   #  chr            
   2000005    1.651425049E+03   #  b2             
   2000006    1.667428955E+03   #  t2             
   2000011    2.498939514E+02   #  er-            
   2000013    2.498939667E+02   #  mur-           
   2000015    5.238021851E+02   #  tau2           
   1000039    3.079201633E-06   # gravitino       
Block ALPHA   # Higgs mixing
    1   -1.034438908E-01   # alpha
Block HMIX Q= 1.577475098E+03   # Higgs parameters
    1    5.458780518E+02   # mu
Block STOPMIX   # stop mixing matrix
  1  1    1.838999093E-01
  1  2   -9.829449654E-01
  2  1    9.829449654E-01
  2  2    1.838999093E-01
Block SBOTMIX   # sbottom mixing matrix
  1  1    2.325389683E-01
  1  2   -9.725871086E-01
  2  1    9.725871086E-01
  2  2    2.325389683E-01
Block STAUMIX   # stau mixing matrix
  1  1    3.866526484E-02
  1  2   -9.992522001E-01
  2  1    9.992522001E-01
  2  2    3.866526484E-02
Block NMIX   # neutralino mixing matrix
  1  1    9.866222143E-01   # N_11
  1  2   -2.500895038E-02   # N_12
  1  3    1.334434748E-01   # N_13
  1  4   -9.024362266E-02   # N_14
  2  1   -1.545888633E-01   # N_21
  2  2   -4.171395898E-01   # N_22
  2  3    6.436215043E-01   # N_23
  2  4   -6.227745414E-01   # N_24
  3  1    2.943492495E-02   # N_31
  3  2   -3.977915272E-02   # N_32
  3  3   -7.041212916E-01   # N_33
  3  4   -7.083533406E-01   # N_34
  4  1    4.257239774E-02   # N_41
  4  2   -9.076269269E-01   # N_42
  4  3   -2.686213851E-01   # N_43
  4  4    3.197552562E-01   # N_44
Block UMIX   # chargino U mixing matrix
  1  1   -3.885162771E-01
  1  2    9.214418530E-01
  2  1   -9.214418530E-01
  2  2   -3.885162771E-01
Block VMIX   # chargino V mixing matrix
  1  1   -4.654284418E-01
  1  2    8.850855231E-01
  2  1   -8.850855231E-01
  2  2   -4.654284418E-01
Block AU Q= 1.577475098E+03   #  The trilinear couplings
  3  3   -5.796485596E+02    7.199401757+165   #
Block AD Q= 1.577475098E+03   #  The trilinear couplings
  3  3   -6.383786011E+02    3.580431530+252   #
Block AE Q= 1.577475098E+03   #  The trilinear couplings
  3  3   -8.735213470E+01    1.456328742E+45   #
Block SPINFO   # Program information
    1                                ISASUGRA   # Spectrum Calculator
    2    ISAJET     V7.69   21-AUG-2003 11:39   # Version number
#         PDG         Width
DECAY         6  1.14680779E+00   # TP    decays
#          BR          NDA       ID1     ID2       ID3       ID4
      3.33333343E-01    3            2        -1         5             # TP     -->  UP     DB     BT          
      3.33333343E-01    3            4        -3         5             # TP     -->  CH     SB     BT          
      1.11111112E-01    3          -11        12         5             # TP     -->  E+     NUE    BT          
      1.11111112E-01    3          -13        14         5             # TP     -->  MU+    NUM    BT          
      1.11111112E-01    3          -15        16         5             # TP     -->  TAU+   NUT    BT          
         PDG         Width
DECAY   1000021  8.17842579E+00   # GLSS  decays
#          BR          NDA       ID1     ID2       ID3       ID4
      3.38079291E-04    3      1000024         5        -6             # GLSS   -->  W1SS+  BT     TB          
      3.38079291E-04    3     -1000024         6        -5             # GLSS   -->  W1SS-  TP     BB          
      2.61215889E-03    3      1000037         5        -6             # GLSS   -->  W2SS+  BT     TB          
      2.61215889E-03    3     -1000037         6        -5             # GLSS   -->  W2SS-  TP     BB          
      9.17997511E-07    2      1000022        21                       # GLSS   -->  Z1SS   GL                 
      1.62523051E-04    3      1000022         6        -6             # GLSS   -->  Z1SS   TP     TB          
      2.38816374E-05    2      1000023        21                       # GLSS   -->  Z2SS   GL                 
      3.75731592E-03    3      1000023         6        -6             # GLSS   -->  Z2SS   TP     TB          
      6.10417483E-05    2      1000025        21                       # GLSS   -->  Z3SS   GL                 
      4.56494093E-03    3      1000025         6        -6             # GLSS   -->  Z3SS   TP     TB          
      3.99259188E-05    2      1000035        21                       # GLSS   -->  Z4SS   GL                 
      4.58935183E-03    3      1000035         6        -6             # GLSS   -->  Z4SS   TP     TB          
      1.67539120E-02    2     -1000002         2                       # GLSS   -->  UBL    UP                 
      1.67539120E-02    2      1000002        -2                       # GLSS   -->  UPL    UB                 
      1.59166995E-02    2     -1000001         1                       # GLSS   -->  DBL    DN                 
      1.59166995E-02    2      1000001        -1                       # GLSS   -->  DNL    DB                 
      5.40085584E-02    2     -2000002         2                       # GLSS   -->  UBR    UP                 
      5.40085584E-02    2      2000002        -2                       # GLSS   -->  UPR    UB                 
      5.80281541E-02    2     -2000001         1                       # GLSS   -->  DBR    DN                 
      5.80281541E-02    2      2000001        -1                       # GLSS   -->  DNR    DB                 
      1.59166474E-02    2     -1000003         3                       # GLSS   -->  SBL    ST                 
      1.59166474E-02    2      1000003        -3                       # GLSS   -->  STL    SB                 
      5.80281056E-02    2     -2000003         3                       # GLSS   -->  SBR    ST                 
      5.80281056E-02    2      2000003        -3                       # GLSS   -->  STR    SB                 
      1.67512260E-02    2     -1000004         4                       # GLSS   -->  CBL    CH                 
      1.67512260E-02    2      1000004        -4                       # GLSS   -->  CHL    CB                 
      5.40057905E-02    2     -2000004         4                       # GLSS   -->  CBR    CH                 
      5.40057905E-02    2      2000004        -4                       # GLSS   -->  CHR    CB                 
      5.83201088E-02    2     -1000005         5                       # GLSS   -->  BB1    BT                 
      5.83201088E-02    2      1000005        -5                       # GLSS   -->  BT1    BB                 
      4.80284765E-02    2     -2000005         5                       # GLSS   -->  BB2    BT                 
      4.80284765E-02    2      2000005        -5                       # GLSS   -->  BT2    BB                 
      9.46921334E-02    2     -1000006         6                       # GLSS   -->  TB1    TP                 
      9.46921334E-02    2      1000006        -6                       # GLSS   -->  TP1    TB                 
      2.66805214E-13    2      1000039        21                       # GLSS   -->  GVSS   GL                 
#         PDG         Width
DECAY   1000002  1.58837996E+01   # UPL   decays
#          BR          NDA       ID1     ID2       ID3       ID4
      1.01595214E-02    2      1000022         2                       # UPL    -->  Z1SS   UP                 
      7.30575919E-02    2      1000023         2                       # UPL    -->  Z2SS   UP                 
      4.27207618E-04    2      1000025         2                       # UPL    -->  Z3SS   UP                 
      2.56649941E-01    2      1000035         2                       # UPL    -->  Z4SS   UP                 
      1.58856675E-01    2      1000024         1                       # UPL    -->  W1SS+  DN                 
      5.00849068E-01    2      1000037         1                       # UPL    -->  W2SS+  DN                 
#         PDG         Width
DECAY   1000001  1.58082752E+01   # DNL   decays
#          BR          NDA       ID1     ID2       ID3       ID4
      1.78413708E-02    2      1000022         1                       # DNL    -->  Z1SS   DN                 
      5.60181774E-02    2      1000023         1                       # DNL    -->  Z2SS   DN                 
      7.42013450E-04    2      1000025         1                       # DNL    -->  Z3SS   DN                 
      2.67444968E-01    2      1000035         1                       # DNL    -->  Z4SS   DN                 
      1.11407384E-01    2     -1000024         2                       # DNL    -->  W1SS-  UP                 
      5.46546102E-01    2     -1000037         2                       # DNL    -->  W2SS-  UP                 
#         PDG         Width
DECAY   1000003  1.58082581E+01   # STL   decays
#          BR          NDA       ID1     ID2       ID3       ID4
      1.78413913E-02    2      1000022         3                       # STL    -->  Z1SS   ST                 
      5.60182370E-02    2      1000023         3                       # STL    -->  Z2SS   ST                 
      7.42014265E-04    2      1000025         3                       # STL    -->  Z3SS   ST                 
      2.67445266E-01    2      1000035         3                       # STL    -->  Z4SS   ST                 
      1.11407340E-01    2     -1000024         4                       # STL    -->  W1SS-  CH                 
      5.46545744E-01    2     -1000037         4                       # STL    -->  W2SS-  CH                 
#         PDG         Width
DECAY   1000004  1.58837976E+01   # CHL   decays
#          BR          NDA       ID1     ID2       ID3       ID4
      1.01595111E-02    2      1000022         4                       # CHL    -->  Z1SS   CH                 
      7.30575249E-02    2      1000023         4                       # CHL    -->  Z2SS   CH                 
      4.27207182E-04    2      1000025         4                       # CHL    -->  Z3SS   CH                 
      2.56649643E-01    2      1000035         4                       # CHL    -->  Z4SS   CH                 
      1.58856764E-01    2      1000024         3                       # CHL    -->  W1SS+  ST                 
      5.00849366E-01    2      1000037         3                       # CHL    -->  W2SS+  ST                 
#         PDG         Width
DECAY   1000005  3.17467308E+00   # BT1   decays
#          BR          NDA       ID1     ID2       ID3       ID4
      2.72154391E-01    2      1000022         5                       # BT1    -->  Z1SS   BT                 
      1.17344700E-01    2      1000023         5                       # BT1    -->  Z2SS   BT                 
      5.38490117E-02    2      1000025         5                       # BT1    -->  Z3SS   BT                 
      2.96956208E-02    2      1000035         5                       # BT1    -->  Z4SS   BT                 
      4.06550229E-01    2     -1000024         6                       # BT1    -->  W1SS-  TP                 
      1.19408175E-01    2     -1000037         6                       # BT1    -->  W2SS-  TP                 
      9.97869181E-04    2          -24   1000006                       # BT1    -->  W-     TP1                
#         PDG         Width
DECAY   1000006  3.15054798E+01   # TP1   decays
#          BR          NDA       ID1     ID2       ID3       ID4
      9.96285677E-02    2      1000022         6                       # TP1    -->  Z1SS   TP                 
      1.95617408E-01    2      1000023         6                       # TP1    -->  Z2SS   TP                 
      2.34000951E-01    2      1000025         6                       # TP1    -->  Z3SS   TP                 
      1.74358506E-02    2      1000035         6                       # TP1    -->  Z4SS   TP                 
      4.12293226E-01    2      1000024         5                       # TP1    -->  W1SS+  BT                 
      4.10239883E-02    2      1000037         5                       # TP1    -->  W2SS+  BT                 
#         PDG         Width
DECAY   2000002  3.40597296E+00   # UPR   decays
#          BR          NDA       ID1     ID2       ID3       ID4
      9.77060258E-01    2      1000022         2                       # UPR    -->  Z1SS   UP                 
      2.08557900E-02    2      1000023         2                       # UPR    -->  Z2SS   UP                 
      7.40782125E-04    2      1000025         2                       # UPR    -->  Z3SS   UP                 
      1.34319102E-03    2      1000035         2                       # UPR    -->  Z4SS   UP                 
#         PDG         Width
DECAY   2000001  8.48234355E-01   # DNR   decays
#          BR          NDA       ID1     ID2       ID3       ID4
      9.77084100E-01    2      1000022         1                       # DNR    -->  Z1SS   DN                 
      2.08356958E-02    2      1000023         1                       # DNR    -->  Z2SS   DN                 
      7.39956857E-04    2      1000025         1                       # DNR    -->  Z3SS   DN                 
      1.34022522E-03    2      1000035         1                       # DNR    -->  Z4SS   DN                 
#         PDG         Width
DECAY   2000003  8.48234355E-01   # STR   decays
#          BR          NDA       ID1     ID2       ID3       ID4
      9.77084100E-01    2      1000022         3                       # STR    -->  Z1SS   ST                 
      2.08356958E-02    2      1000023         3                       # STR    -->  Z2SS   ST                 
      7.39956857E-04    2      1000025         3                       # STR    -->  Z3SS   ST                 
      1.34022522E-03    2      1000035         3                       # STR    -->  Z4SS   ST                 
#         PDG         Width
DECAY   2000004  3.40596962E+00   # CHR   decays
#          BR          NDA       ID1     ID2       ID3       ID4
      9.77060258E-01    2      1000022         4                       # CHR    -->  Z1SS   CH                 
      2.08557881E-02    2      1000023         4                       # CHR    -->  Z2SS   CH                 
      7.40782009E-04    2      1000025         4                       # CHR    -->  Z3SS   CH                 
      1.34319067E-03    2      1000035         4                       # CHR    -->  Z4SS   CH                 
#         PDG         Width
DECAY   2000005  2.94939480E+01   # BT2   decays
#          BR          NDA       ID1     ID2       ID3       ID4
      8.51287413E-03    2      1000022         5                       # BT2    -->  Z1SS   BT                 
      2.78335474E-02    2      1000023         5                       # BT2    -->  Z2SS   BT                 
      7.97277316E-03    2      1000025         5                       # BT2    -->  Z3SS   BT                 
      1.33518696E-01    2      1000035         5                       # BT2    -->  Z4SS   BT                 
      4.25845563E-01    2     -1000024         6                       # BT2    -->  W1SS-  TP                 
      3.92052561E-01    2     -1000037         6                       # BT2    -->  W2SS-  TP                 
      4.26399475E-03    2          -24   1000006                       # BT2    -->  W-     TP1                
#         PDG         Width
DECAY   2000006  3.16314182E+01   # TP2   decays
#          BR          NDA       ID1     ID2       ID3       ID4
      3.45329121E-02    2      1000024         5                       # TP2    -->  W1SS+  BT                 
      2.94625074E-01    2      1000037         5                       # TP2    -->  W2SS+  BT                 
      2.89116031E-03    2           23   1000006                       # TP2    -->  Z0     TP1                
      5.91649581E-03    2           25   1000006                       # TP2    -->  HL0    TP1                
      6.75327331E-03    2      1000022         6                       # TP2    -->  Z1SS   TP                 
      2.05385417E-01    2      1000023         6                       # TP2    -->  Z2SS   TP                 
      2.44778529E-01    2      1000025         6                       # TP2    -->  Z3SS   TP                 
      2.05117136E-01    2      1000035         6                       # TP2    -->  Z4SS   TP                 
#         PDG         Width
DECAY   1000011  2.15667441E-01   # EL-   decays
#          BR          NDA       ID1     ID2       ID3       ID4
      9.99977469E-01    2      1000022        11                       # EL-    -->  Z1SS   E-                 
      1.06486168E-05    3      1000015        11       -15             # EL-    -->  TAU1-  E-     TAU+        
      1.18711196E-05    3     -1000015        11        15             # EL-    -->  TAU1+  E-     TAU-        
      2.22509169E-14    2           11   1000039                       # EL-    -->  E-     GVSS               
#         PDG         Width
DECAY   1000013  2.15667397E-01   # MUL-  decays
#          BR          NDA       ID1     ID2       ID3       ID4
      9.99977469E-01    2      1000022        13                       # MUL-   -->  Z1SS   MU-                
      1.06486186E-05    3      1000015        13       -15             # MUL-   -->  TAU1-  MU-    TAU+        
      1.18711223E-05    3     -1000015        13        15             # MUL-   -->  TAU1+  MU-    TAU-        
      2.22509169E-14    2           13   1000039                       # MUL-   -->  MU-    GVSS               
#         PDG         Width
#DECAY   1000015  1.10797991E-16   # TAU1- decays
DECAY   1000015  0.000000000000   # TAU1- decays 
#          BR          NDA       ID1     ID2       ID3       ID4
#      1.00000000E+00    2           15   1000039                       # TAU1-  -->  TAU-   GVSS               
#         PDG         Width
DECAY   1000012  2.36179605E-01   # NUEL  decays
#          BR          NDA       ID1     ID2       ID3       ID4
      9.99983609E-01    2      1000022        12                       # NUEL   -->  Z1SS   NUE                
      1.92465700E-06    3      1000015        12       -15             # NUEL   -->  TAU1-  NUE    TAU+        
      2.86702357E-06    3     -1000015        12        15             # NUEL   -->  TAU1+  NUE    TAU-        
      1.15996099E-05    3     -1000015        11        16             # NUEL   -->  TAU1+  E-     NUT         
      1.79192141E-14    2           12   1000039                       # NUEL   -->  NUE    GVSS               
#         PDG         Width
DECAY   1000014  2.36179605E-01   # NUML  decays
#          BR          NDA       ID1     ID2       ID3       ID4
      9.99983609E-01    2      1000022        14                       # NUML   -->  Z1SS   NUM                
      1.92465700E-06    3      1000015        14       -15             # NUML   -->  TAU1-  NUM    TAU+        
      2.86702357E-06    3     -1000015        14        15             # NUML   -->  TAU1+  NUM    TAU-        
      1.16027950E-05    3     -1000015        13        16             # NUML   -->  TAU1+  MU-    NUT         
      1.79192141E-14    2           14   1000039                       # NUML   -->  NUM    GVSS               
#         PDG         Width
DECAY   1000016  2.85140872E-01   # NUTL  decays
#          BR          NDA       ID1     ID2       ID3       ID4
      8.25988829E-01    2      1000022        16                       # NUTL   -->  Z1SS   NUT                
      1.74006537E-01    2           24   1000015                       # NUTL   -->  W+     TAU1-              
      2.28020781E-06    3     -1000015        16        15             # NUTL   -->  TAU1+  NUT    TAU-        
      2.34712684E-06    3      1000015        16       -15             # NUTL   -->  TAU1-  NUT    TAU+        
      1.47891072E-14    2           16   1000039                       # NUTL   -->  NUT    GVSS               
#         PDG         Width
DECAY   2000011  4.34281490E-13   # ER-   decays
#          BR          NDA       ID1     ID2       ID3       ID4
      3.61829907E-01    3      1000015        11       -15             # ER-    -->  TAU1-  E-     TAU+        
      6.37897611E-01    3     -1000015        11        15             # ER-    -->  TAU1+  E-     TAU-        
      9.47842065E-12    3      1000015        12       -16             # ER-    -->  TAU1-  NUE    ANUT        
      2.72469304E-04    2           11   1000039                       # ER-    -->  E-     GVSS               
#         PDG         Width
DECAY   2000013  4.34298485E-13   # MUR-  decays
#          BR          NDA       ID1     ID2       ID3       ID4
      3.61829758E-01    3      1000015        13       -15             # MUR-   -->  TAU1-  MU-    TAU+        
      6.37897372E-01    3     -1000015        13        15             # MUR-   -->  TAU1+  MU-    TAU-        
      4.03790921E-07    3      1000015        14       -16             # MUR-   -->  TAU1-  NUM    ANUT        
      2.72458507E-04    2           13   1000039                       # MUR-   -->  MU-    GVSS               
#         PDG         Width
DECAY   2000015  2.85192460E-01   # TAU2- decays
#          BR          NDA       ID1     ID2       ID3       ID4
      7.57216334E-01    2      1000022        15                       # TAU2-  -->  Z1SS   TAU-               
      9.64065418E-02    2           23   1000015                       # TAU2-  -->  Z0     TAU1-              
      1.46377131E-01    2           25   1000015                       # TAU2-  -->  HL0    TAU1-              
#         PDG         Width
DECAY   1000022  9.05647755E-01   # Z1SS  decays
#          BR          NDA       ID1     ID2       ID3       ID4
      1.62757128E-01    2      2000011       -11                       # Z1SS   -->  ER-    E+                 
      1.62757128E-01    2     -2000011        11                       # Z1SS   -->  ER+    E-                 
      1.62756965E-01    2      2000013       -13                       # Z1SS   -->  MUR-   MU+                
      1.62756965E-01    2     -2000013        13                       # Z1SS   -->  MUR+   MU-                
      1.74485907E-01    2      1000015       -15                       # Z1SS   -->  TAU1-  TAU+               
      1.74485907E-01    2     -1000015        15                       # Z1SS   -->  TAU1+  TAU-               
      3.78911322E-16    2      1000039        22                       # Z1SS   -->  GVSS   GM                 
      8.40315827E-18    3      1000039        11       -11             # Z1SS   -->  GVSS   E-     E+          
      9.57069674E-17    2      1000039        23                       # Z1SS   -->  GVSS   Z0                 
      8.87512271E-19    2      1000039        25                       # Z1SS   -->  GVSS   HL0                
#         PDG         Width
DECAY   1000023  4.27285641E-01   # Z2SS  decays
#          BR          NDA       ID1     ID2       ID3       ID4
      1.25829160E-07    2      1000022        22                       # Z2SS   -->  Z1SS   GM                 
      2.96804924E-02    2      1000022        23                       # Z2SS   -->  Z1SS   Z0                 
      1.90254710E-08    3      1000022         2        -2             # Z2SS   -->  Z1SS   UP     UB          
      1.02844258E-08    3      1000022         1        -1             # Z2SS   -->  Z1SS   DN     DB          
      1.02844258E-08    3      1000022         3        -3             # Z2SS   -->  Z1SS   ST     SB          
      1.90254426E-08    3      1000022         4        -4             # Z2SS   -->  Z1SS   CH     CB          
      3.33207481E-07    3      1000022         5        -5             # Z2SS   -->  Z1SS   BT     BB          
      5.18237790E-08    3      1000022        15       -15             # Z2SS   -->  Z1SS   TAU-   TAU+        
      6.07080162E-01    2      1000022        25                       # Z2SS   -->  Z1SS   HL0                
      6.33966352E-04    2      1000011       -11                       # Z2SS   -->  EL-    E+                 
      6.33966352E-04    2     -1000011        11                       # Z2SS   -->  EL+    E-                 
      6.33916527E-04    2      1000013       -13                       # Z2SS   -->  MUL-   MU+                
      6.33916527E-04    2     -1000013        13                       # Z2SS   -->  MUL+   MU-                
      4.60253656E-02    2      2000011       -11                       # Z2SS   -->  ER-    E+                 
      4.60253656E-02    2     -2000011        11                       # Z2SS   -->  ER+    E-                 
      4.60253619E-02    2      2000013       -13                       # Z2SS   -->  MUR-   MU+                
      4.60253619E-02    2     -2000013        13                       # Z2SS   -->  MUR+   MU-                
      8.21241662E-02    2      1000015       -15                       # Z2SS   -->  TAU1-  TAU+               
      8.21241662E-02    2     -1000015        15                       # Z2SS   -->  TAU1+  TAU-               
      7.71449937E-04    2      2000015       -15                       # Z2SS   -->  TAU2-  TAU+               
      7.71449937E-04    2     -2000015        15                       # Z2SS   -->  TAU2+  TAU-               
      1.78152393E-03    2      1000012       -12                       # Z2SS   -->  NUEL   ANUE               
      1.78152393E-03    2     -1000012        12                       # Z2SS   -->  ANUEL  NUE                
      1.78152393E-03    2      1000014       -14                       # Z2SS   -->  NUML   ANUM               
      1.78152393E-03    2     -1000014        14                       # Z2SS   -->  ANUML  NUM                
      1.84210495E-03    2      1000016       -16                       # Z2SS   -->  NUTL   ANUT               
      1.84210495E-03    2     -1000016        16                       # Z2SS   -->  ANUTL  NUT                
      1.37489679E-15    2      1000039        22                       # Z2SS   -->  GVSS   GM                 
      3.15842506E-17    3      1000039        11       -11             # Z2SS   -->  GVSS   E-     E+          
      3.43510337E-15    2      1000039        23                       # Z2SS   -->  GVSS   Z0                 
      1.52978703E-15    2      1000039        25                       # Z2SS   -->  GVSS   HL0                
#         PDG         Width
DECAY   1000025  3.44866097E-01   # Z3SS  decays
#          BR          NDA       ID1     ID2       ID3       ID4
      4.89646368E-07    2      1000022        22                       # Z3SS   -->  Z1SS   GM                 
      7.32330596E-09    2      1000023        22                       # Z3SS   -->  Z2SS   GM                 
      1.70845396E-06    3     -1000024         2        -1             # Z3SS   -->  W1SS-  UP     DB          
      5.69484598E-07    3     -1000024        12       -11             # Z3SS   -->  W1SS-  NUE    E+          
      5.69484598E-07    3     -1000024        14       -13             # Z3SS   -->  W1SS-  NUM    MU+         
      1.70845396E-06    3      1000024         1        -2             # Z3SS   -->  W1SS+  DN     UB          
      5.69484598E-07    3      1000024        11       -12             # Z3SS   -->  W1SS+  E-     ANUE        
      5.69484598E-07    3      1000024        13       -14             # Z3SS   -->  W1SS+  MU-    ANUM        
      1.70845396E-06    3     -1000024         4        -3             # Z3SS   -->  W1SS-  CH     SB          
      5.69484598E-07    3     -1000024        16       -15             # Z3SS   -->  W1SS-  NUT    TAU+        
      1.70845396E-06    3      1000024         3        -4             # Z3SS   -->  W1SS+  ST     CB          
      5.69484598E-07    3      1000024        15       -16             # Z3SS   -->  W1SS+  TAU-   ANUT        
      8.58762681E-01    2      1000022        23                       # Z3SS   -->  Z1SS   Z0                 
      3.42511575E-10    3      1000022         2        -2             # Z3SS   -->  Z1SS   UP     UB          
      1.13123795E-10    3      1000022         1        -1             # Z3SS   -->  Z1SS   DN     DB          
      1.13123795E-10    3      1000022         3        -3             # Z3SS   -->  Z1SS   ST     SB          
      3.42511047E-10    3      1000022         4        -4             # Z3SS   -->  Z1SS   CH     CB          
      6.04849845E-07    3      1000022         5        -5             # Z3SS   -->  Z1SS   BT     BB          
      9.85475381E-08    3      1000022        15       -15             # Z3SS   -->  Z1SS   TAU-   TAU+        
      1.70202895E-06    3      1000023         2        -2             # Z3SS   -->  Z2SS   UP     UB          
      2.19434264E-06    3      1000023         1        -1             # Z3SS   -->  Z2SS   DN     DB          
      2.19434264E-06    3      1000023         3        -3             # Z3SS   -->  Z2SS   ST     SB          
      1.70202895E-06    3      1000023         4        -4             # Z3SS   -->  Z2SS   CH     CB          
      1.26766031E-06    3      1000023         5        -5             # Z3SS   -->  Z2SS   BT     BB          
      4.97838641E-07    3      1000023        11       -11             # Z3SS   -->  Z2SS   E-     E+          
      4.97838641E-07    3      1000023        13       -13             # Z3SS   -->  Z2SS   MU-    MU+         
      4.56601327E-07    3      1000023        15       -15             # Z3SS   -->  Z2SS   TAU-   TAU+        
      9.90542389E-07    3      1000023        12       -12             # Z3SS   -->  Z2SS   NUE    ANUE        
      9.90542389E-07    3      1000023        14       -14             # Z3SS   -->  Z2SS   NUM    ANUM        
      9.90542389E-07    3      1000023        16       -16             # Z3SS   -->  Z2SS   NUT    ANUT        
      3.00210733E-02    2      1000022        25                       # Z3SS   -->  Z1SS   HL0                
      2.21665287E-05    2      1000011       -11                       # Z3SS   -->  EL-    E+                 
      2.21665287E-05    2     -1000011        11                       # Z3SS   -->  EL+    E-                 
      2.21664104E-05    2      1000013       -13                       # Z3SS   -->  MUL-   MU+                
      2.21664104E-05    2     -1000013        13                       # Z3SS   -->  MUL+   MU-                
      2.25379621E-03    2      2000011       -11                       # Z3SS   -->  ER-    E+                 
      2.25379621E-03    2     -2000011        11                       # Z3SS   -->  ER+    E-                 
      2.25379597E-03    2      2000013       -13                       # Z3SS   -->  MUR-   MU+                
      2.25379597E-03    2     -2000013        13                       # Z3SS   -->  MUR+   MU-                
      4.93409149E-02    2      1000015       -15                       # Z3SS   -->  TAU1-  TAU+               
      4.93409149E-02    2     -1000015        15                       # Z3SS   -->  TAU1+  TAU-               
      9.62797902E-04    2      2000015       -15                       # Z3SS   -->  TAU2-  TAU+               
      9.62797902E-04    2     -2000015        15                       # Z3SS   -->  TAU2+  TAU-               
      2.45352479E-04    2      1000012       -12                       # Z3SS   -->  NUEL   ANUE               
      2.45352479E-04    2     -1000012        12                       # Z3SS   -->  ANUEL  NUE                
      2.45352479E-04    2      1000014       -14                       # Z3SS   -->  NUML   ANUM               
      2.45352479E-04    2     -1000014        14                       # Z3SS   -->  ANUML  NUM                
      2.49295437E-04    2      1000016       -16                       # Z3SS   -->  NUTL   ANUT               
      2.49295437E-04    2     -1000016        16                       # Z3SS   -->  ANUTL  NUT                
      8.16154915E-19    2      1000039        22                       # Z3SS   -->  GVSS   GM                 
      1.88051224E-20    3      1000039        11       -11             # Z3SS   -->  GVSS   E-     E+          
      3.38758185E-15    2      1000039        23                       # Z3SS   -->  GVSS   Z0                 
      4.68517471E-15    2      1000039        25                       # Z3SS   -->  GVSS   HL0                
#         PDG         Width
DECAY   1000035  4.62484694E+00   # Z4SS  decays
#          BR          NDA       ID1     ID2       ID3       ID4
      5.59897506E-09    2      1000022        22                       # Z4SS   -->  Z1SS   GM                 
      2.10076621E-07    2      1000023        22                       # Z4SS   -->  Z2SS   GM                 
      4.71418105E-07    2      1000025        22                       # Z4SS   -->  Z3SS   GM                 
      1.34274915E-01    2      1000024       -24                       # Z4SS   -->  W1SS+  W-                 
      1.34274915E-01    2     -1000024        24                       # Z4SS   -->  W1SS-  W+                 
      7.56800489E-09    3     -1000037         2        -1             # Z4SS   -->  W2SS-  UP     DB          
      2.52266807E-09    3     -1000037        12       -11             # Z4SS   -->  W2SS-  NUE    E+          
      2.52266807E-09    3     -1000037        14       -13             # Z4SS   -->  W2SS-  NUM    MU+         
      7.56800489E-09    3      1000037         1        -2             # Z4SS   -->  W2SS+  DN     UB          
      2.52266807E-09    3      1000037        11       -12             # Z4SS   -->  W2SS+  E-     ANUE        
      2.52266807E-09    3      1000037        13       -14             # Z4SS   -->  W2SS+  MU-    ANUM        
      7.56800489E-09    3     -1000037         4        -3             # Z4SS   -->  W2SS-  CH     SB          
      2.52266807E-09    3     -1000037        16       -15             # Z4SS   -->  W2SS-  NUT    TAU+        
      7.56800489E-09    3      1000037         3        -4             # Z4SS   -->  W2SS+  ST     CB          
      2.52266807E-09    3      1000037        15       -16             # Z4SS   -->  W2SS+  TAU-   ANUT        
      5.58367290E-04    2      1000022        23                       # Z4SS   -->  Z1SS   Z0                 
      1.39081350E-03    2      1000023        23                       # Z4SS   -->  Z2SS   Z0                 
      6.53325245E-02    2      1000025        23                       # Z4SS   -->  Z3SS   Z0                 
      3.69696025E-08    3      1000022         2        -2             # Z4SS   -->  Z1SS   UP     UB          
      6.45375238E-08    3      1000022         1        -1             # Z4SS   -->  Z1SS   DN     DB          
      6.45375238E-08    3      1000022         3        -3             # Z4SS   -->  Z1SS   ST     SB          
      3.69695599E-08    3      1000022         4        -4             # Z4SS   -->  Z1SS   CH     CB          
      7.45423563E-08    3      1000022         5        -5             # Z4SS   -->  Z1SS   BT     BB          
      2.05638645E-10    3      1000022        15       -15             # Z4SS   -->  Z1SS   TAU-   TAU+        
      9.10208264E-09    3      1000023         2        -2             # Z4SS   -->  Z2SS   UP     UB          
      7.13823578E-09    3      1000023         1        -1             # Z4SS   -->  Z2SS   DN     DB          
      7.13823578E-09    3      1000023         3        -3             # Z4SS   -->  Z2SS   ST     SB          
      9.10207110E-09    3      1000023         4        -4             # Z4SS   -->  Z2SS   CH     CB          
      2.44625689E-08    3      1000023         5        -5             # Z4SS   -->  Z2SS   BT     BB          
      2.50246135E-09    3      1000023        15       -15             # Z4SS   -->  Z2SS   TAU-   TAU+        
      8.95590980E-12    3      1000025         2        -2             # Z4SS   -->  Z3SS   UP     UB          
      1.59012907E-11    3      1000025         1        -1             # Z4SS   -->  Z3SS   DN     DB          
      1.59012907E-11    3      1000025         3        -3             # Z4SS   -->  Z3SS   ST     SB          
      8.95589766E-12    3      1000025         4        -4             # Z4SS   -->  Z3SS   CH     CB          
      1.36148506E-08    3      1000025         5        -5             # Z4SS   -->  Z3SS   BT     BB          
      2.11631401E-09    3      1000025        15       -15             # Z4SS   -->  Z3SS   TAU-   TAU+        
      4.86947363E-03    2      1000022        25                       # Z4SS   -->  Z1SS   HL0                
      7.10124671E-02    2      1000023        25                       # Z4SS   -->  Z2SS   HL0                
      1.49694679E-04    2      1000025        25                       # Z4SS   -->  Z3SS   HL0                
      4.29656841E-02    2      1000011       -11                       # Z4SS   -->  EL-    E+                 
      4.29656841E-02    2     -1000011        11                       # Z4SS   -->  EL+    E-                 
      4.29656804E-02    2      1000013       -13                       # Z4SS   -->  MUL-   MU+                
      4.29656804E-02    2     -1000013        13                       # Z4SS   -->  MUL+   MU-                
      5.16150496E-04    2      2000011       -11                       # Z4SS   -->  ER-    E+                 
      5.16150496E-04    2     -2000011        11                       # Z4SS   -->  ER+    E-                 
      5.16150438E-04    2      2000013       -13                       # Z4SS   -->  MUR-   MU+                
      5.16150438E-04    2     -2000013        13                       # Z4SS   -->  MUR+   MU-                
      5.89812873E-04    2      1000015       -15                       # Z4SS   -->  TAU1-  TAU+               
      5.89812873E-04    2     -1000015        15                       # Z4SS   -->  TAU1+  TAU-               
      4.33400534E-02    2      2000015       -15                       # Z4SS   -->  TAU2-  TAU+               
      4.33400534E-02    2     -2000015        15                       # Z4SS   -->  TAU2+  TAU-               
      5.43272085E-02    2      1000012       -12                       # Z4SS   -->  NUEL   ANUE               
      5.43272085E-02    2     -1000012        12                       # Z4SS   -->  ANUEL  NUE                
      5.43272085E-02    2      1000014       -14                       # Z4SS   -->  NUML   ANUM               
      5.43272085E-02    2     -1000014        14                       # Z4SS   -->  ANUML  NUM                
      5.45199253E-02    2      1000016       -16                       # Z4SS   -->  NUTL   ANUT               
      5.45199253E-02    2     -1000016        16                       # Z4SS   -->  ANUTL  NUT                
      6.45017707E-16    2      1000039        22                       # Z4SS   -->  GVSS   GM                 
      1.50909921E-17    3      1000039        11       -11             # Z4SS   -->  GVSS   E-     E+          
      2.72510807E-15    2      1000039        23                       # Z4SS   -->  GVSS   Z0                 
      1.51486893E-16    2      1000039        25                       # Z4SS   -->  GVSS   HL0                
#         PDG         Width
DECAY   1000024  3.25549006E-01   # W1SS+ decays
#          BR          NDA       ID1     ID2       ID3       ID4
      2.54765027E-08    3      1000022         2        -1             # W1SS+  -->  Z1SS   UP     DB          
      2.54764885E-08    3      1000022         4        -3             # W1SS+  -->  Z1SS   CH     SB          
      6.78498253E-08    3      1000022       -15        16             # W1SS+  -->  Z1SS   TAU+   NUT         
      8.48165333E-01    2      1000022        24                       # W1SS+  -->  Z1SS   W+                 
      5.66756375E-09    3      1000023         2        -1             # W1SS+  -->  Z2SS   UP     DB          
      5.66756375E-09    3      1000023         4        -3             # W1SS+  -->  Z2SS   CH     SB          
      1.88776772E-09    3      1000023       -11        12             # W1SS+  -->  Z2SS   E+     NUE         
      1.88776772E-09    3      1000023       -13        14             # W1SS+  -->  Z2SS   MU+    NUM         
      1.88776794E-09    3      1000023       -15        16             # W1SS+  -->  Z2SS   TAU+   NUT         
      1.37494169E-02    2      1000012       -11                       # W1SS+  -->  NUEL   E+                 
      1.37493126E-02    2      1000014       -13                       # W1SS+  -->  NUML   MU+                
      1.58997364E-02    2      1000016       -15                       # W1SS+  -->  NUTL   TAU+               
      2.51382333E-03    2     -1000011        12                       # W1SS+  -->  EL+    NUE                
      2.51382333E-03    2     -1000013        14                       # W1SS+  -->  MUL+   NUM                
      1.00879908E-01    2     -1000015        16                       # W1SS+  -->  TAU1+  NUT                
      2.52852403E-03    2     -2000015        16                       # W1SS+  -->  TAU2+  NUT                
#         PDG         Width
DECAY   1000037  3.94649363E+00   # W2SS+ decays
#          BR          NDA       ID1     ID2       ID3       ID4
      1.04839209E-07    3      1000022         2        -1             # W2SS+  -->  Z1SS   UP     DB          
      1.04839160E-07    3      1000022         4        -3             # W2SS+  -->  Z1SS   CH     SB          
      7.52074861E-11    3      1000022       -15        16             # W2SS+  -->  Z1SS   TAU+   NUT         
      5.30116539E-03    2      1000022        24                       # W2SS+  -->  Z1SS   W+                 
      5.06285103E-09    3      1000023         2        -1             # W2SS+  -->  Z2SS   UP     DB          
      5.06284703E-09    3      1000023         4        -3             # W2SS+  -->  Z2SS   CH     SB          
      4.63205652E-09    3      1000023       -15        16             # W2SS+  -->  Z2SS   TAU+   NUT         
      1.27143279E-01    2      1000023        24                       # W2SS+  -->  Z2SS   W+                 
      6.36455333E-11    3      1000025         2        -1             # W2SS+  -->  Z3SS   UP     DB          
      6.36454986E-11    3      1000025         4        -3             # W2SS+  -->  Z3SS   CH     SB          
      1.62317715E-09    3      1000025       -15        16             # W2SS+  -->  Z3SS   TAU+   NUT         
      8.11964273E-02    2      1000025        24                       # W2SS+  -->  Z3SS   W+                 
      1.07605003E-01    2      1000012       -11                       # W2SS+  -->  NUEL   E+                 
      1.07604980E-01    2      1000014       -13                       # W2SS+  -->  NUML   MU+                
      1.08297072E-01    2      1000016       -15                       # W2SS+  -->  NUTL   TAU+               
      1.01544201E-01    2     -1000011        12                       # W2SS+  -->  EL+    NUE                
      1.01544201E-01    2     -1000013        14                       # W2SS+  -->  MUL+   NUM                
      2.74549908E-04    2     -1000015        16                       # W2SS+  -->  TAU1+  NUT                
      1.02158204E-01    2     -2000015        16                       # W2SS+  -->  TAU2+  NUT                
      9.59256440E-02    2      1000024        23                       # W2SS+  -->  W1SS+  Z0                 
      1.01624664E-08    3      1000024         1        -1             # W2SS+  -->  W1SS+  DN     DB          
      1.01624531E-08    3      1000024         3        -3             # W2SS+  -->  W1SS+  ST     SB          
      7.63420704E-09    3      1000024         2        -2             # W2SS+  -->  W1SS+  UP     UB          
      7.63420704E-09    3      1000024         4        -4             # W2SS+  -->  W1SS+  CH     CB          
      6.14050105E-02    2      1000024        25                       # W2SS+  -->  W1SS+  HL0                
#         PDG         Width
DECAY        25  5.15334774E-03   # HL0   decays
#          BR          NDA       ID1     ID2       ID3       ID4
      4.11540713E-09    2           11       -11                       # HL0    -->  E-     E+                 
      1.73759065E-04    2           13       -13                       # HL0    -->  MU-    MU+                
      4.96973060E-02    2           15       -15                       # HL0    -->  TAU-   TAU+               
      5.16467253E-06    2            1        -1                       # HL0    -->  DN     DB                 
      2.08678655E-03    2            3        -3                       # HL0    -->  ST     SB                 
      8.24256659E-01    2            5        -5                       # HL0    -->  BT     BB                 
      1.53332144E-06    2            2        -2                       # HL0    -->  UP     UB                 
      3.84644270E-02    2            4        -4                       # HL0    -->  CH     CB                 
      1.48290454E-03    2           22        22                       # HL0    -->  GM     GM                 
      3.20898667E-02    2           21        21                       # HL0    -->  GL     GL                 
      2.66688270E-03    3           24        11       -12             # HL0    -->  W+     E-     ANUE        
      2.66688270E-03    3           24        13       -14             # HL0    -->  W+     MU-    ANUM        
      2.66688270E-03    3           24        15       -16             # HL0    -->  W+     TAU-   ANUT        
      8.00064765E-03    3           24        -2         1             # HL0    -->  W+     UB     DN          
      8.00064765E-03    3           24        -4         3             # HL0    -->  W+     CB     ST          
      2.66688270E-03    3          -24       -11        12             # HL0    -->  W-     E+     NUE         
      2.66688270E-03    3          -24       -13        14             # HL0    -->  W-     MU+    NUM         
      2.66688270E-03    3          -24       -15        16             # HL0    -->  W-     TAU+   NUT         
      8.00064765E-03    3          -24         2        -1             # HL0    -->  W-     UP     DB          
      8.00064765E-03    3          -24         4        -3             # HL0    -->  W-     CH     SB          
      2.55619874E-04    3           23        12       -12             # HL0    -->  Z0     NUE    ANUE        
      2.55619874E-04    3           23        14       -14             # HL0    -->  Z0     NUM    ANUM        
      2.55619874E-04    3           23        16       -16             # HL0    -->  Z0     NUT    ANUT        
      1.28650921E-04    3           23        11       -11             # HL0    -->  Z0     E-     E+          
      1.28650921E-04    3           23        13       -13             # HL0    -->  Z0     MU-    MU+         
      1.28650921E-04    3           23        15       -15             # HL0    -->  Z0     TAU-   TAU+        
      4.40747157E-04    3           23         2        -2             # HL0    -->  Z0     UP     UB          
      4.40747157E-04    3           23         4        -4             # HL0    -->  Z0     CH     CB          
      5.67790936E-04    3           23         1        -1             # HL0    -->  Z0     DN     DB          
      5.67790936E-04    3           23         3        -3             # HL0    -->  Z0     ST     SB          
      5.67790936E-04    3           23         5        -5             # HL0    -->  Z0     BT     BB          
#         PDG         Width
DECAY        35  1.43671417E+00   # HH0   decays
#          BR          NDA       ID1     ID2       ID3       ID4
      8.87231177E-09    2           11       -11                       # HH0    -->  E-     E+                 
      3.74604977E-04    2           13       -13                       # HH0    -->  MU-    MU+                
      1.07289016E-01    2           15       -15                       # HH0    -->  TAU-   TAU+               
      1.08958657E-05    2            1        -1                       # HH0    -->  DN     DB                 
      4.40248102E-03    2            3        -3                       # HH0    -->  ST     SB                 
      6.37981594E-01    2            5        -5                       # HH0    -->  BT     BB                 
      3.75736470E-10    2            2        -2                       # HH0    -->  UP     UB                 
      7.32394983E-06    2            4        -4                       # HH0    -->  CH     CB                 
      2.40542889E-01    2            6        -6                       # HH0    -->  TP     TB                 
      8.97614996E-07    2           22        22                       # HH0    -->  GM     GM                 
      1.61648306E-04    2           21        21                       # HH0    -->  GL     GL                 
      1.27460144E-03    2           24       -24                       # HH0    -->  W+     W-                 
      6.41533989E-04    2           23        23                       # HH0    -->  Z0     Z0                 
      2.36272020E-03    2      1000022   1000022                       # HH0    -->  Z1SS   Z1SS               
      4.53616260E-03    2           25        25                       # HH0    -->  HL0    HL0                
      1.39878277E-04    2      2000011  -2000011                       # HH0    -->  ER-    ER+                
      1.39800060E-04    2      2000013  -2000013                       # HH0    -->  MUR-   MUR+               
      1.33941139E-04    2      1000015  -1000015                       # HH0    -->  TAU1-  TAU1+              
#         PDG         Width
DECAY        36  1.48451686E+00   # HA0   decays
#          BR          NDA       ID1     ID2       ID3       ID4
      8.53420623E-09    2           11       -11                       # HA0    -->  E-     E+                 
      3.60329606E-04    2           13       -13                       # HA0    -->  MU-    MU+                
      1.03202745E-01    2           15       -15                       # HA0    -->  TAU-   TAU+               
      1.04812825E-05    2            1        -1                       # HA0    -->  DN     DB                 
      4.23496868E-03    2            3        -3                       # HA0    -->  ST     SB                 
      6.13757908E-01    2            5        -5                       # HA0    -->  BT     BB                 
      3.35367428E-10    2            2        -2                       # HA0    -->  UP     UB                 
      6.54254154E-06    2            4        -4                       # HA0    -->  CH     CB                 
      2.64284313E-01    2            6        -6                       # HA0    -->  TP     TB                 
      1.09557766E-06    2           22        22                       # HA0    -->  GM     GM                 
      2.05531018E-04    2           21        21                       # HA0    -->  GL     GL                 
      1.27748111E-02    2      1000022   1000022                       # HA0    -->  Z1SS   Z1SS               
      1.16081710E-03    2           25        23                       # HA0    -->  HL0    Z0                 
      4.46227943E-07    2      1000015  -1000015                       # HA0    -->  TAU1-  TAU1+              
#         PDG         Width
DECAY        37  1.26785934E+00   # H+    decays
#          BR          NDA       ID1     ID2       ID3       ID4
      1.01161213E-08    2           12       -11                       # H+     -->  NUE    E+                 
      4.27120860E-04    2           14       -13                       # H+     -->  NUM    MU+                
      1.22332603E-01    2           16       -15                       # H+     -->  NUT    TAU+               
      1.13914175E-05    2            2        -1                       # H+     -->  UP     DB                 
      4.60963091E-03    2            4        -3                       # H+     -->  CH     SB                 
      8.71208251E-01    2            6        -5                       # H+     -->  TP     BB                 
      1.41100679E-03    2           25        24                       # H+     -->  HL0    W+                 
