#  ISAJET decay tables in SUSY Les Houches accord format
#  Created by ISALHD. Last revision: C. Balazs, 2005 May 25
Block DCINFO   # Program information
    1             ISASUGRA from ISAJET          # Spectrum Calculator
    2   7.69   21-AUG-2003 11:39:06             # Version number
#  SUSY parameters in Les Houches accord format
Block MODSEL   # Model selection
    1    2   #  Minimal gauge mediated (GMSB) model              
Block MINPAR   # Input parameters
    1    1.000000000E+05   # Lambda
    2    2.000000000E+05   # M_mes
    3    1.000000000E+00   # N_5
    4    1.500000000E+01   # tan(beta
    5    1.000000000E+00   # sgn(mu)
    6    1.750000000E+02   # M_t
    7    4.675419998E+01   # C_grav
Block EXTPAR    # Input parameters - non-minimal models
    8    1.000000000E+00   # Rsl
    9    0.000000000E+00   # dmH_d^2
   10    0.000000000E+00   # dmH_u^2
   11    0.000000000E+00   # d_Y
   12    1.000000000E+00   # N5_1
   13    1.000000000E+00   # N5_2
   14    1.000000000E+00   # N5_3
#  
Block MASS   # Scalar and gaugino mass spectrum
#  PDG code   mass                 particle
         6    1.750000000E+02   #  top            
        25    1.149468079E+02   #  h^0            
        35    5.341026001E+02   #  H^0            
        36    5.304548950E+02   #  A^0            
        37    5.401115723E+02   #  H^+            
   1000001    1.121096802E+03   #  dnl            
   1000002    1.118212524E+03   #  upl            
   1000003    1.121096802E+03   #  stl            
   1000004    1.118213379E+03   #  chl            
   1000005    1.061282715E+03   #  b1             
   1000006    9.814339600E+02   #  t1             
   1000011    3.619776001E+02   #  el-            
   1000012    3.483947144E+02   #  nuel           
   1000013    3.619776306E+02   #  mul-           
   1000014    3.483947144E+02   #  numl           
   1000015    1.698646240E+02   #  tau1           
   1000016    3.477349548E+02   #  nutl           
   1000021    8.392071533E+02   #  glss           
   1000022    1.353045959E+02   #  z1ss           
   1000023    2.641048279E+02   #  z2ss           
   1000024    2.645391235E+02   #  w1ss           
   1000025   -4.213959656E+02   #  z3ss           
   1000035    4.407925415E+02   #  z4ss           
   1000037    4.405834961E+02   #  w2ss           
   2000001    1.068326904E+03   #  dnr            
   2000002    1.072062256E+03   #  upr            
   2000003    1.068326904E+03   #  str            
   2000004    1.072063110E+03   #  chr            
   2000005    1.077152832E+03   #  b2             
   2000006    1.090222656E+03   #  t2             
   2000011    1.770042114E+02   #  er-            
   2000013    1.770042419E+02   #  mur-           
   2000015    3.625160217E+02   #  tau2           
   1000039    2.249462625E-07   # gravitino       
Block ALPHA   # Higgs mixing
    1   -7.150852680E-02   # alpha
Block HMIX Q= 9.907816162E+02   # Higgs parameters
    1    4.134424133E+02   # mu
Block STOPMIX   # stop mixing matrix
  1  1    1.494529247E-01
  1  2   -9.887688160E-01
  2  1    9.887688160E-01
  2  2    1.494529247E-01
Block SBOTMIX   # sbottom mixing matrix
  1  1    4.181754589E-01
  1  2   -9.083662629E-01
  2  1    9.083662629E-01
  2  2    4.181754589E-01
Block STAUMIX   # stau mixing matrix
  1  1    1.008110791E-01
  1  2   -9.949055910E-01
  2  1    9.949055910E-01
  2  2    1.008110791E-01
Block NMIX   # neutralino mixing matrix
  1  1    9.907339811E-01   # N_11
  1  2   -3.226871416E-02   # N_12
  1  3    1.227932721E-01   # N_13
  1  4   -4.823346436E-02   # N_14
  2  1   -7.431515306E-02   # N_21
  2  2   -9.390515685E-01   # N_22
  2  3    2.802967727E-01   # N_23
  2  4   -1.846437007E-01   # N_24
  3  1    4.976577684E-02   # N_31
  3  2   -7.323265076E-02   # N_32
  3  3   -6.993681788E-01   # N_33
  3  4   -7.092562318E-01   # N_34
  4  1   -1.022084281E-01   # N_41
  4  2    3.343320787E-01   # N_42
  4  3    6.459411383E-01   # N_43
  4  4   -6.786276698E-01   # N_44
Block UMIX   # chargino U mixing matrix
  1  1   -9.086827636E-01
  1  2    4.174872637E-01
  2  1   -4.174872637E-01
  2  2   -9.086827636E-01
Block VMIX   # chargino V mixing matrix
  1  1   -9.617766142E-01
  1  2    2.738351524E-01
  2  1   -2.738351524E-01
  2  2   -9.617766142E-01
Block AU Q= 9.907816162E+02   #  The trilinear couplings
  3  3   -2.941159668E+02    7.199401757+165   #
Block AD Q= 9.907816162E+02   #  The trilinear couplings
  3  3   -3.296007385E+02    3.580431530+252   #
Block AE Q= 9.907816162E+02   #  The trilinear couplings
  3  3   -3.643833542E+01    1.456328742E+45   #
Block SPINFO   # Program information
    1                                ISASUGRA   # Spectrum Calculator
    2    ISAJET     V7.69   21-AUG-2003 11:39   # Version number
#         PDG         Width
DECAY         6  1.21561825E+00   # TP    decays
#          BR          NDA       ID1     ID2       ID3       ID4
      3.33333343E-01    3            2        -1         5             # TP     -->  UP     DB     BT          
      3.33333343E-01    3            4        -3         5             # TP     -->  CH     SB     BT          
      1.11111112E-01    3          -11        12         5             # TP     -->  E+     NUE    BT          
      1.11111112E-01    3          -13        14         5             # TP     -->  MU+    NUM    BT          
      1.11111112E-01    3          -15        16         5             # TP     -->  TAU+   NUT    BT          
#         PDG         Width
DECAY   1000021  1.82472467E-02   # GLSS  decays
#          BR          NDA       ID1     ID2       ID3       ID4
      8.64033028E-02    3      1000024         1        -2             # GLSS   -->  W1SS+  DN     UB          
      8.64033028E-02    3     -1000024         2        -1             # GLSS   -->  W1SS-  UP     DB          
      8.64031017E-02    3      1000024         3        -4             # GLSS   -->  W1SS+  ST     CB          
      8.64031017E-02    3     -1000024         4        -3             # GLSS   -->  W1SS-  CH     SB          
      4.80863079E-02    3      1000024         5        -6             # GLSS   -->  W1SS+  BT     TB          
      4.80863079E-02    3     -1000024         6        -5             # GLSS   -->  W1SS-  TP     BB          
      4.14189976E-03    3      1000037         1        -2             # GLSS   -->  W2SS+  DN     UB          
      4.14189976E-03    3     -1000037         2        -1             # GLSS   -->  W2SS-  UP     DB          
      4.14189277E-03    3      1000037         3        -4             # GLSS   -->  W2SS+  ST     CB          
      4.14189277E-03    3     -1000037         4        -3             # GLSS   -->  W2SS-  CH     SB          
      4.67032604E-02    3      1000037         5        -6             # GLSS   -->  W2SS+  BT     TB          
      4.67032604E-02    3     -1000037         6        -5             # GLSS   -->  W2SS-  TP     BB          
      4.56637608E-05    2      1000022        21                       # GLSS   -->  Z1SS   GL                 
      4.86085527E-02    3      1000022         2        -2             # GLSS   -->  Z1SS   UP     UB          
      1.51684117E-02    3      1000022         1        -1             # GLSS   -->  Z1SS   DN     DB          
      1.51684117E-02    3      1000022         3        -3             # GLSS   -->  Z1SS   ST     SB          
      4.86083329E-02    3      1000022         4        -4             # GLSS   -->  Z1SS   CH     CB          
      1.68461464E-02    3      1000022         5        -5             # GLSS   -->  Z1SS   BT     BB          
      2.37210561E-02    3      1000022         6        -6             # GLSS   -->  Z1SS   TP     TB          
      1.08778011E-03    2      1000023        21                       # GLSS   -->  Z2SS   GL                 
      4.53932956E-02    3      1000023         2        -2             # GLSS   -->  Z2SS   UP     UB          
      4.20798287E-02    3      1000023         1        -1             # GLSS   -->  Z2SS   DN     DB          
      4.20798287E-02    3      1000023         3        -3             # GLSS   -->  Z2SS   ST     SB          
      4.53930944E-02    3      1000023         4        -4             # GLSS   -->  Z2SS   CH     CB          
      5.57417534E-02    3      1000023         5        -5             # GLSS   -->  Z2SS   BT     BB          
      7.06312060E-03    3      1000023         6        -6             # GLSS   -->  Z2SS   TP     TB          
      7.09055038E-03    2      1000025        21                       # GLSS   -->  Z3SS   GL                 
      4.91591636E-05    3      1000025         2        -2             # GLSS   -->  Z3SS   UP     UB          
      5.95350575E-05    3      1000025         1        -1             # GLSS   -->  Z3SS   DN     DB          
      5.95350575E-05    3      1000025         3        -3             # GLSS   -->  Z3SS   ST     SB          
      4.91589090E-05    3      1000025         4        -4             # GLSS   -->  Z3SS   CH     CB          
      4.85076522E-03    3      1000025         5        -5             # GLSS   -->  Z3SS   BT     BB          
      2.22719018E-03    3      1000025         6        -6             # GLSS   -->  Z3SS   TP     TB          
      5.90420282E-03    2      1000035        21                       # GLSS   -->  Z4SS   GL                 
      1.83767371E-03    3      1000035         2        -2             # GLSS   -->  Z4SS   UP     UB          
      2.13966961E-03    3      1000035         1        -1             # GLSS   -->  Z4SS   DN     DB          
      2.13966961E-03    3      1000035         3        -3             # GLSS   -->  Z4SS   ST     SB          
      1.83766475E-03    3      1000035         4        -4             # GLSS   -->  Z4SS   CH     CB          
      6.40615681E-03    3      1000035         5        -5             # GLSS   -->  Z4SS   BT     BB          
      6.58424571E-03    3      1000035         6        -6             # GLSS   -->  Z4SS   TP     TB          
      5.19011889E-10    2      1000039        21                       # GLSS   -->  GVSS   GL                 
#         PDG         Width
DECAY   1000002  2.54717159E+01   # UPL   decays
#          BR          NDA       ID1     ID2       ID3       ID4
      3.99614917E-03    2      1000022         2                       # UPL    -->  Z1SS   UP                 
      1.49521470E-01    2      1000023         2                       # UPL    -->  Z2SS   UP                 
      5.59191452E-04    2      1000025         2                       # UPL    -->  Z3SS   UP                 
      1.31306006E-02    2      1000035         2                       # UPL    -->  Z4SS   UP                 
      5.08344948E-01    2      1000021         2                       # UPL    -->  GLSS   UP                 
      3.04671019E-01    2      1000024         1                       # UPL    -->  W1SS+  DN                 
      1.97766088E-02    2      1000037         1                       # UPL    -->  W2SS+  DN                 
#         PDG         Width
DECAY   1000001  2.55354271E+01   # DNL   decays
#          BR          NDA       ID1     ID2       ID3       ID4
      8.20150878E-03    2      1000022         1                       # DNL    -->  Z1SS   DN                 
      1.41192749E-01    2      1000023         1                       # DNL    -->  Z2SS   DN                 
      9.24142310E-04    2      1000025         1                       # DNL    -->  Z3SS   DN                 
      1.64640676E-02    2      1000035         1                       # DNL    -->  Z4SS   DN                 
      5.15010297E-01    2      1000021         1                       # DNL    -->  GLSS   DN                 
      2.72148371E-01    2     -1000024         2                       # DNL    -->  W1SS-  UP                 
      4.60589044E-02    2     -1000037         2                       # DNL    -->  W2SS-  UP                 
#         PDG         Width
DECAY   1000003  2.55353985E+01   # STL   decays
#          BR          NDA       ID1     ID2       ID3       ID4
      8.20151810E-03    2      1000022         3                       # STL    -->  Z1SS   ST                 
      1.41192898E-01    2      1000023         3                       # STL    -->  Z2SS   ST                 
      9.24143300E-04    2      1000025         3                       # STL    -->  Z3SS   ST                 
      1.64640844E-02    2      1000035         3                       # STL    -->  Z4SS   ST                 
      5.15010834E-01    2      1000021         3                       # STL    -->  GLSS   ST                 
      2.72147775E-01    2     -1000024         4                       # STL    -->  W1SS-  CH                 
      4.60587665E-02    2     -1000037         4                       # STL    -->  W2SS-  CH                 
#         PDG         Width
DECAY   1000004  2.54715748E+01   # CHL   decays
#          BR          NDA       ID1     ID2       ID3       ID4
      3.99616221E-03    2      1000022         4                       # CHL    -->  Z1SS   CH                 
      1.49521947E-01    2      1000023         4                       # CHL    -->  Z2SS   CH                 
      5.59192966E-04    2      1000025         4                       # CHL    -->  Z3SS   CH                 
      1.31306350E-02    2      1000035         4                       # CHL    -->  Z4SS   CH                 
      5.08342326E-01    2      1000021         4                       # CHL    -->  GLSS   CH                 
      3.04672986E-01    2      1000024         3                       # CHL    -->  W1SS+  ST                 
      1.97767448E-02    2      1000037         3                       # CHL    -->  W2SS+  ST                 
#         PDG         Width
DECAY   1000005  1.42113466E+01   # BT1   decays
#          BR          NDA       ID1     ID2       ID3       ID4
      4.30971272E-02    2      1000022         5                       # BT1    -->  Z1SS   BT                 
      6.74215928E-02    2      1000023         5                       # BT1    -->  Z2SS   BT                 
      1.43754035E-02    2      1000025         5                       # BT1    -->  Z3SS   BT                 
      3.34273069E-03    2      1000035         5                       # BT1    -->  Z4SS   BT                 
      6.39693081E-01    2      1000021         5                       # BT1    -->  GLSS   BT                 
      1.29988834E-01    2     -1000024         6                       # BT1    -->  W1SS-  TP                 
      1.02081209E-01    2     -1000037         6                       # BT1    -->  W2SS-  TP                 
#         PDG         Width
DECAY   1000006  1.93189220E+01   # TP1   decays
#          BR          NDA       ID1     ID2       ID3       ID4
      1.02647990E-01    2      1000022         6                       # TP1    -->  Z1SS   TP                 
      3.81731428E-02    2      1000023         6                       # TP1    -->  Z2SS   TP                 
      2.31789038E-01    2      1000025         6                       # TP1    -->  Z3SS   TP                 
      1.62078857E-01    2      1000035         6                       # TP1    -->  Z4SS   TP                 
      8.84127989E-02    2      1000024         5                       # TP1    -->  W1SS+  BT                 
      3.76898170E-01    2      1000037         5                       # TP1    -->  W2SS+  BT                 
#         PDG         Width
DECAY   2000002  1.21368618E+01   # UPR   decays
#          BR          NDA       ID1     ID2       ID3       ID4
      1.89800352E-01    2      1000022         2                       # UPR    -->  Z1SS   UP                 
      9.72978189E-04    2      1000023         2                       # UPR    -->  Z2SS   UP                 
      3.53520212E-04    2      1000025         2                       # UPR    -->  Z3SS   UP                 
      1.44028256E-03    2      1000035         2                       # UPR    -->  Z4SS   UP                 
      8.07432890E-01    2      1000021         2                       # UPR    -->  GLSS   UP                 
#         PDG         Width
DECAY   2000001  1.01357517E+01   # DNR   decays
#          BR          NDA       ID1     ID2       ID3       ID4
      5.66073880E-02    2      1000022         1                       # DNR    -->  Z1SS   DN                 
      2.89991003E-04    2      1000023         1                       # DNR    -->  Z2SS   DN                 
      1.05190440E-04    2      1000025         1                       # DNR    -->  Z3SS   DN                 
      4.28433588E-04    2      1000035         1                       # DNR    -->  Z4SS   DN                 
      9.42569017E-01    2      1000021         1                       # DNR    -->  GLSS   DN                 
#         PDG         Width
DECAY   2000003  1.01357517E+01   # STR   decays
#          BR          NDA       ID1     ID2       ID3       ID4
      5.66073880E-02    2      1000022         3                       # STR    -->  Z1SS   ST                 
      2.89991003E-04    2      1000023         3                       # STR    -->  Z2SS   ST                 
      1.05190440E-04    2      1000025         3                       # STR    -->  Z3SS   ST                 
      4.28433588E-04    2      1000035         3                       # STR    -->  Z4SS   ST                 
      9.42569017E-01    2      1000021         3                       # STR    -->  GLSS   ST                 
#         PDG         Width
DECAY   2000004  1.21367054E+01   # CHR   decays
#          BR          NDA       ID1     ID2       ID3       ID4
      1.89802349E-01    2      1000022         4                       # CHR    -->  Z1SS   CH                 
      9.72988259E-04    2      1000023         4                       # CHR    -->  Z2SS   CH                 
      3.53523676E-04    2      1000025         4                       # CHR    -->  Z3SS   CH                 
      1.44029653E-03    2      1000035         4                       # CHR    -->  Z4SS   CH                 
      8.07430863E-01    2      1000021         4                       # CHR    -->  GLSS   CH                 
#         PDG         Width
DECAY   2000005  2.87292118E+01   # BT2   decays
#          BR          NDA       ID1     ID2       ID3       ID4
      6.26471266E-03    2      1000022         5                       # BT2    -->  Z1SS   BT                 
      8.92560780E-02    2      1000023         5                       # BT2    -->  Z2SS   BT                 
      1.27408877E-02    2      1000025         5                       # BT2    -->  Z3SS   BT                 
      2.80689262E-02    2      1000035         5                       # BT2    -->  Z4SS   BT                 
      3.52761328E-01    2      1000021         5                       # BT2    -->  GLSS   BT                 
      1.72350466E-01    2     -1000024         6                       # BT2    -->  W1SS-  TP                 
      3.38150978E-01    2     -1000037         6                       # BT2    -->  W2SS-  TP                 
      4.06626001E-04    2          -24   1000006                       # BT2    -->  W-     TP1                
#         PDG         Width
DECAY   2000006  3.12559834E+01   # TP2   decays
#          BR          NDA       ID1     ID2       ID3       ID4
      2.80822456E-01    2      1000021         6                       # TP2    -->  GLSS   TP                 
      2.13740125E-01    2      1000024         5                       # TP2    -->  W1SS+  BT                 
      5.71269207E-02    2      1000037         5                       # TP2    -->  W2SS+  BT                 
      3.29533126E-04    2           23   1000006                       # TP2    -->  Z0     TP1                
      3.50534497E-03    2      1000022         6                       # TP2    -->  Z1SS   TP                 
      1.05332226E-01    2      1000023         6                       # TP2    -->  Z2SS   TP                 
      1.54324904E-01    2      1000025         6                       # TP2    -->  Z3SS   TP                 
      1.84818491E-01    2      1000035         6                       # TP2    -->  Z4SS   TP                 
#         PDG         Width
DECAY   1000011  1.16207433E+00   # EL-   decays
#          BR          NDA       ID1     ID2       ID3       ID4
      2.54635334E-01    2      1000022        11                       # EL-    -->  Z1SS   E-                 
      2.75347084E-01    2      1000023        11                       # EL-    -->  Z2SS   E-                 
      4.70017403E-01    2     -1000024        12                       # EL-    -->  W1SS-  NUE                
      9.98518388E-08    3      1000015        11       -15             # EL-    -->  TAU1-  E-     TAU+        
      8.63027694E-08    3     -1000015        11        15             # EL-    -->  TAU1+  E-     TAU-        
      1.21675578E-13    2           11   1000039                       # EL-    -->  E-     GVSS               
#         PDG         Width
DECAY   1000013  1.16207457E+00   # MUL-  decays
#          BR          NDA       ID1     ID2       ID3       ID4
      2.54635245E-01    2      1000022        13                       # MUL-   -->  Z1SS   MU-                
      2.75346994E-01    2      1000023        13                       # MUL-   -->  Z2SS   MU-                
      4.70017552E-01    2     -1000024        14                       # MUL-   -->  W1SS-  NUM                
      9.98519170E-08    3      1000015        13       -15             # MUL-   -->  TAU1-  MU-    TAU+        
      8.63028475E-08    3     -1000015        13        15             # MUL-   -->  TAU1+  MU-    TAU-        
      1.21675565E-13    2           13   1000039                       # MUL-   -->  MU-    GVSS               
#         PDG         Width
DECAY   1000015  1.12922750E-01   # TAU1- decays
#          BR          NDA       ID1     ID2       ID3       ID4
      1.00000000E+00    2      1000022        15                       # TAU1-  -->  Z1SS   TAU-               
      2.84820995E-14    2           15   1000039                       # TAU1-  -->  TAU-   GVSS               
#         PDG         Width
DECAY   1000012  1.05235219E+00   # NUEL  decays
#          BR          NDA       ID1     ID2       ID3       ID4
      3.34318042E-01    2      1000022        12                       # NUEL   -->  Z1SS   NUE                
      2.03400061E-01    2      1000023        12                       # NUEL   -->  Z2SS   NUE                
      4.62280929E-01    2      1000024        11                       # NUEL   -->  W1SS+  E-                 
      1.66131159E-07    3      1000015        12       -15             # NUEL   -->  TAU1-  NUE    TAU+        
      9.93511335E-08    3     -1000015        12        15             # NUEL   -->  TAU1+  NUE    TAU-        
      7.27239239E-07    3     -1000015        11        16             # NUEL   -->  TAU1+  E-     NUT         
      1.10975085E-13    2           12   1000039                       # NUEL   -->  NUE    GVSS               
#         PDG         Width
DECAY   1000014  1.05235171E+00   # NUML  decays
#          BR          NDA       ID1     ID2       ID3       ID4
      3.34318191E-01    2      1000022        14                       # NUML   -->  Z1SS   NUM                
      2.03400165E-01    2      1000023        14                       # NUML   -->  Z2SS   NUM                
      4.62280661E-01    2      1000024        13                       # NUML   -->  W1SS+  MU-                
      1.66131244E-07    3      1000015        14       -15             # NUML   -->  TAU1-  NUM    TAU+        
      9.93511833E-08    3     -1000015        14        15             # NUML   -->  TAU1+  NUM    TAU-        
      7.27473605E-07    3     -1000015        13        16             # NUML   -->  TAU1+  MU-    NUT         
      1.10975140E-13    2           14   1000039                       # NUML   -->  NUM    GVSS               
#         PDG         Width
DECAY   1000016  1.12947297E+00   # NUTL  decays
#          BR          NDA       ID1     ID2       ID3       ID4
      3.10481459E-01    2      1000022        16                       # NUTL   -->  Z1SS   NUT                
      1.87216654E-01    2      1000023        16                       # NUTL   -->  Z2SS   NUT                
      4.27959651E-01    2      1000024        15                       # NUTL   -->  W1SS+  TAU-               
      7.43419155E-02    2           24   1000015                       # NUTL   -->  W+     TAU1-              
      2.11968057E-07    3     -1000015        16        15             # NUTL   -->  TAU1+  NUT    TAU-        
      9.09354512E-08    3      1000015        16       -15             # NUTL   -->  TAU1-  NUT    TAU+        
      1.02422357E-13    2           16   1000039                       # NUTL   -->  NUT    GVSS               
#         PDG         Width
DECAY   2000011  1.52684376E-01   # ER-   decays
#          BR          NDA       ID1     ID2       ID3       ID4
      1.00000000E+00    2      1000022        11                       # ER-    -->  Z1SS   E-                 
      1.01576577E-13    3      1000015        11       -15             # ER-    -->  TAU1-  E-     TAU+        
      7.05383831E-14    3     -1000015        11        15             # ER-    -->  TAU1+  E-     TAU-        
      1.27952717E-19    3      1000015        12       -16             # ER-    -->  TAU1-  NUE    ANUT        
      2.58912053E-14    2           11   1000039                       # ER-    -->  E-     GVSS               
#         PDG         Width
DECAY   2000013  1.52683944E-01   # MUR-  decays
#          BR          NDA       ID1     ID2       ID3       ID4
      1.00000000E+00    2      1000022        13                       # MUR-   -->  Z1SS   MU-                
      1.01579403E-13    3      1000015        13       -15             # MUR-   -->  TAU1-  MU-    TAU+        
      7.05404024E-14    3     -1000015        13        15             # MUR-   -->  TAU1+  MU-    TAU-        
      5.44973968E-15    3      1000015        14       -16             # MUR-   -->  TAU1-  NUM    ANUT        
      2.58912646E-14    2           13   1000039                       # MUR-   -->  MU-    GVSS               
#         PDG         Width
DECAY   2000015  1.26581919E+00   # TAU2- decays
#          BR          NDA       ID1     ID2       ID3       ID4
      2.39739537E-01    2      1000022        15                       # TAU2-  -->  Z1SS   TAU-               
      2.49322087E-01    2      1000023        15                       # TAU2-  -->  Z2SS   TAU-               
      4.21558350E-01    2     -1000024        16                       # TAU2-  -->  W1SS-  NUT                
      3.87942940E-02    2           23   1000015                       # TAU2-  -->  Z0     TAU1-              
      5.05857430E-02    2           25   1000015                       # TAU2-  -->  HL0    TAU1-              
#         PDG         Width
DECAY   1000022  7.89305905E-16   # Z1SS  decays
#          BR          NDA       ID1     ID2       ID3       ID4
      9.50455427E-01    2      1000039        22                       # Z1SS   -->  GVSS   GM                 
      1.96755677E-02    3      1000039        11       -11             # Z1SS   -->  GVSS   E-     E+          
      2.98629459E-02    2      1000039        23                       # Z1SS   -->  GVSS   Z0                 
      6.06519552E-06    2      1000039        25                       # Z1SS   -->  GVSS   HL0                
#         PDG         Width
DECAY   1000023  3.25687788E-02   # Z2SS  decays
#          BR          NDA       ID1     ID2       ID3       ID4
      2.37084623E-06    2      1000022        22                       # Z2SS   -->  Z1SS   GM                 
      6.35557398E-02    2      1000022        23                       # Z2SS   -->  Z1SS   Z0                 
      1.78241393E-07    3      1000022         2        -2             # Z2SS   -->  Z1SS   UP     UB          
      3.13621456E-07    3      1000022         1        -1             # Z2SS   -->  Z1SS   DN     DB          
      3.13621456E-07    3      1000022         3        -3             # Z2SS   -->  Z1SS   ST     SB          
      1.78240825E-07    3      1000022         4        -4             # Z2SS   -->  Z1SS   CH     CB          
      2.02055139E-06    3      1000022         5        -5             # Z2SS   -->  Z1SS   BT     BB          
      1.26144179E-04    3      1000022        11       -11             # Z2SS   -->  Z1SS   E-     E+          
      1.26144107E-04    3      1000022        13       -13             # Z2SS   -->  Z1SS   MU-    MU+         
      1.22346348E-04    3      1000022        15       -15             # Z2SS   -->  Z1SS   TAU-   TAU+        
      1.69994528E-04    3      1000022        12       -12             # Z2SS   -->  Z1SS   NUE    ANUE        
      1.69994528E-04    3      1000022        14       -14             # Z2SS   -->  Z1SS   NUM    ANUM        
      1.72037049E-04    3      1000022        16       -16             # Z2SS   -->  Z1SS   NUT    ANUT        
      3.25356632E-01    2      1000022        25                       # Z2SS   -->  Z1SS   HL0                
      3.45563106E-02    2      2000011       -11                       # Z2SS   -->  ER-    E+                 
      3.45563106E-02    2     -2000011        11                       # Z2SS   -->  ER+    E-                 
      3.45562734E-02    2      2000013       -13                       # Z2SS   -->  MUR-   MU+                
      3.45562734E-02    2     -2000013        13                       # Z2SS   -->  MUR+   MU-                
      2.35985219E-01    2      1000015       -15                       # Z2SS   -->  TAU1-  TAU+               
      2.35985219E-01    2     -1000015        15                       # Z2SS   -->  TAU1+  TAU-               
      2.40335773E-13    2      1000039        22                       # Z2SS   -->  GVSS   GM                 
      5.24172490E-15    3      1000039        11       -11             # Z2SS   -->  GVSS   E-     E+          
      3.45931562E-13    2      1000039        23                       # Z2SS   -->  GVSS   Z0                 
      5.22041567E-15    2      1000039        25                       # Z2SS   -->  GVSS   HL0                
#         PDG         Width
DECAY   1000025  1.59615982E+00   # Z3SS  decays
#          BR          NDA       ID1     ID2       ID3       ID4
      1.31260682E-08    2      1000022        22                       # Z3SS   -->  Z1SS   GM                 
      6.20311823E-07    2      1000023        22                       # Z3SS   -->  Z2SS   GM                 
      2.84943104E-01    2      1000024       -24                       # Z3SS   -->  W1SS+  W-                 
      2.84943104E-01    2     -1000024        24                       # Z3SS   -->  W1SS-  W+                 
      1.42354831E-01    2      1000022        23                       # Z3SS   -->  Z1SS   Z0                 
      2.05439702E-01    2      1000023        23                       # Z3SS   -->  Z2SS   Z0                 
      2.41333642E-09    3      1000022         2        -2             # Z3SS   -->  Z1SS   UP     UB          
      9.30120148E-10    3      1000022         1        -1             # Z3SS   -->  Z1SS   DN     DB          
      9.30120148E-10    3      1000022         3        -3             # Z3SS   -->  Z1SS   ST     SB          
      2.41332776E-09    3      1000022         4        -4             # Z3SS   -->  Z1SS   CH     CB          
      2.94982601E-06    3      1000022         5        -5             # Z3SS   -->  Z1SS   BT     BB          
      4.70988567E-07    3      1000022        15       -15             # Z3SS   -->  Z1SS   TAU-   TAU+        
      8.81887452E-10    3      1000023         2        -2             # Z3SS   -->  Z2SS   UP     UB          
      1.35558931E-09    3      1000023         1        -1             # Z3SS   -->  Z2SS   DN     DB          
      1.35558931E-09    3      1000023         3        -3             # Z3SS   -->  Z2SS   ST     SB          
      8.81884399E-10    3      1000023         4        -4             # Z3SS   -->  Z2SS   CH     CB          
      5.87057229E-07    3      1000023         5        -5             # Z3SS   -->  Z2SS   BT     BB          
      8.58904841E-08    3      1000023        15       -15             # Z3SS   -->  Z2SS   TAU-   TAU+        
      2.55758744E-02    2      1000022        25                       # Z3SS   -->  Z1SS   HL0                
      5.50392643E-03    2      1000023        25                       # Z3SS   -->  Z2SS   HL0                
      8.03649891E-05    2      1000011       -11                       # Z3SS   -->  EL-    E+                 
      8.03649891E-05    2     -1000011        11                       # Z3SS   -->  EL+    E-                 
      8.03648072E-05    2      1000013       -13                       # Z3SS   -->  MUL-   MU+                
      8.03648072E-05    2     -1000013        13                       # Z3SS   -->  MUL+   MU-                
      1.12781860E-03    2      2000011       -11                       # Z3SS   -->  ER-    E+                 
      1.12781860E-03    2     -2000011        11                       # Z3SS   -->  ER+    E-                 
      1.12781848E-03    2      2000013       -13                       # Z3SS   -->  MUR-   MU+                
      1.12781848E-03    2     -2000013        13                       # Z3SS   -->  MUR+   MU-                
      1.93019807E-02    2      1000015       -15                       # Z3SS   -->  TAU1-  TAU+               
      1.93019807E-02    2     -1000015        15                       # Z3SS   -->  TAU1+  TAU-               
      2.20077042E-03    2      2000015       -15                       # Z3SS   -->  TAU2-  TAU+               
      2.20077042E-03    2     -2000015        15                       # Z3SS   -->  TAU2+  TAU-               
      5.62997651E-04    2      1000012       -12                       # Z3SS   -->  NUEL   ANUE               
      5.62997651E-04    2     -1000012        12                       # Z3SS   -->  ANUEL  NUE                
      5.62997651E-04    2      1000014       -14                       # Z3SS   -->  NUML   ANUM               
      5.62997651E-04    2     -1000014        14                       # Z3SS   -->  ANUML  NUM                
      5.72237826E-04    2      1000016       -16                       # Z3SS   -->  NUTL   ANUT               
      5.72237826E-04    2     -1000016        16                       # Z3SS   -->  ANUTL  NUT                
      1.31714988E-17    2      1000039        22                       # Z3SS   -->  GVSS   GM                 
      2.97473122E-19    3      1000039        11       -11             # Z3SS   -->  GVSS   E-     E+          
      3.53903342E-14    2      1000039        23                       # Z3SS   -->  GVSS   Z0                 
      3.98766645E-14    2      1000039        25                       # Z3SS   -->  GVSS   HL0                
#         PDG         Width
DECAY   1000035  1.96863735E+00   # Z4SS  decays
#          BR          NDA       ID1     ID2       ID3       ID4
      2.28317831E-09    2      1000022        22                       # Z4SS   -->  Z1SS   GM                 
      2.49873693E-07    2      1000023        22                       # Z4SS   -->  Z2SS   GM                 
      4.83792606E-09    2      1000025        22                       # Z4SS   -->  Z3SS   GM                 
      2.72110820E-01    2      1000024       -24                       # Z4SS   -->  W1SS+  W-                 
      2.72110820E-01    2     -1000024        24                       # Z4SS   -->  W1SS-  W+                 
      2.50391029E-02    2      1000022        23                       # Z4SS   -->  Z1SS   Z0                 
      1.50291370E-02    2      1000023        23                       # Z4SS   -->  Z2SS   Z0                 
      3.54449625E-08    3      1000022         2        -2             # Z4SS   -->  Z1SS   UP     UB          
      3.59978394E-08    3      1000022         1        -1             # Z4SS   -->  Z1SS   DN     DB          
      3.59978394E-08    3      1000022         3        -3             # Z4SS   -->  Z1SS   ST     SB          
      3.54448453E-08    3      1000022         4        -4             # Z4SS   -->  Z1SS   CH     CB          
      2.24775272E-06    3      1000022         5        -5             # Z4SS   -->  Z1SS   BT     BB          
      3.55585968E-07    3      1000022        15       -15             # Z4SS   -->  Z1SS   TAU-   TAU+        
      8.28450268E-08    3      1000023         2        -2             # Z4SS   -->  Z2SS   UP     UB          
      9.66948051E-08    3      1000023         1        -1             # Z4SS   -->  Z2SS   DN     DB          
      9.66948051E-08    3      1000023         3        -3             # Z4SS   -->  Z2SS   ST     SB          
      8.28447355E-08    3      1000023         4        -4             # Z4SS   -->  Z2SS   CH     CB          
      6.03522949E-07    3      1000023         5        -5             # Z4SS   -->  Z2SS   BT     BB          
      7.12466601E-08    3      1000023        15       -15             # Z4SS   -->  Z2SS   TAU-   TAU+        
      1.47755969E-07    3      1000025         2        -2             # Z4SS   -->  Z3SS   UP     UB          
      1.90675706E-07    3      1000025         1        -1             # Z4SS   -->  Z3SS   DN     DB          
      1.90675706E-07    3      1000025         3        -3             # Z4SS   -->  Z3SS   ST     SB          
      1.47755969E-07    3      1000025         4        -4             # Z4SS   -->  Z3SS   CH     CB          
      8.96497880E-08    3      1000025         5        -5             # Z4SS   -->  Z3SS   BT     BB          
      4.32364367E-08    3      1000025        11       -11             # Z4SS   -->  Z3SS   E-     E+          
      4.32364367E-08    3      1000025        13       -13             # Z4SS   -->  Z3SS   MU-    MU+         
      3.85722174E-08    3      1000025        15       -15             # Z4SS   -->  Z3SS   TAU-   TAU+        
      8.60269083E-08    3      1000025        12       -12             # Z4SS   -->  Z3SS   NUE    ANUE        
      8.60269083E-08    3      1000025        14       -14             # Z4SS   -->  Z3SS   NUM    ANUM        
      8.60269083E-08    3      1000025        16       -16             # Z4SS   -->  Z3SS   NUT    ANUT        
      9.90863219E-02    2      1000022        25                       # Z4SS   -->  Z1SS   HL0                
      1.82867005E-01    2      1000023        25                       # Z4SS   -->  Z2SS   HL0                
      3.86625621E-03    2      1000011       -11                       # Z4SS   -->  EL-    E+                 
      3.86625621E-03    2     -1000011        11                       # Z4SS   -->  EL+    E-                 
      3.86625086E-03    2      1000013       -13                       # Z4SS   -->  MUL-   MU+                
      3.86625086E-03    2     -1000013        13                       # Z4SS   -->  MUL+   MU-                
      4.18481370E-03    2      2000011       -11                       # Z4SS   -->  ER-    E+                 
      4.18481370E-03    2     -2000011        11                       # Z4SS   -->  ER+    E-                 
      4.18481324E-03    2      2000013       -13                       # Z4SS   -->  MUR-   MU+                
      4.18481324E-03    2     -2000013        13                       # Z4SS   -->  MUR+   MU-                
      1.37042245E-02    2      1000015       -15                       # Z4SS   -->  TAU1-  TAU+               
      1.37042245E-02    2     -1000015        15                       # Z4SS   -->  TAU1+  TAU-               
      6.57619443E-03    2      2000015       -15                       # Z4SS   -->  TAU2-  TAU+               
      6.57619443E-03    2     -2000015        15                       # Z4SS   -->  TAU2+  TAU-               
      1.01217851E-02    2      1000012       -12                       # Z4SS   -->  NUEL   ANUE               
      1.01217851E-02    2     -1000012        12                       # Z4SS   -->  ANUEL  NUE                
      1.01217851E-02    2      1000014       -14                       # Z4SS   -->  NUML   ANUM               
      1.01217851E-02    2     -1000014        14                       # Z4SS   -->  ANUML  NUM                
      1.02496902E-02    2      1000016       -16                       # Z4SS   -->  NUTL   ANUT               
      1.02496902E-02    2     -1000016        16                       # Z4SS   -->  ANUTL  NUT                
      9.82238676E-16    2      1000039        22                       # Z4SS   -->  GVSS   GM                 
      2.22567552E-17    3      1000039        11       -11             # Z4SS   -->  GVSS   E-     E+          
      6.07733197E-14    2      1000039        23                       # Z4SS   -->  GVSS   Z0                 
      2.88647077E-14    2      1000039        25                       # Z4SS   -->  GVSS   HL0                
#         PDG         Width
DECAY   1000024  2.92282477E-02   # W1SS+ decays
#          BR          NDA       ID1     ID2       ID3       ID4
      5.22097650E-07    3      1000022         2        -1             # W1SS+  -->  Z1SS   UP     DB          
      5.22096968E-07    3      1000022         4        -3             # W1SS+  -->  Z1SS   CH     SB          
      3.39978113E-04    3      1000022       -11        12             # W1SS+  -->  Z1SS   E+     NUE         
      3.39978084E-04    3      1000022       -13        14             # W1SS+  -->  Z1SS   MU+    NUM         
      3.38375161E-04    3      1000022       -15        16             # W1SS+  -->  Z1SS   TAU+   NUT         
      5.41783214E-01    2      1000022        24                       # W1SS+  -->  Z1SS   W+                 
      3.14643331E-13    3      1000023       -11        12             # W1SS+  -->  Z2SS   E+     NUE         
      3.14643331E-13    3      1000023       -13        14             # W1SS+  -->  Z2SS   MU+    NUM         
      4.57197398E-01    2     -1000015        16                       # W1SS+  -->  TAU1+  NUT                
#         PDG         Width
DECAY   1000037  1.98213637E+00   # W2SS+ decays
#          BR          NDA       ID1     ID2       ID3       ID4
      5.43654792E-08    3      1000022         2        -1             # W2SS+  -->  Z1SS   UP     DB          
      5.43654366E-08    3      1000022         4        -3             # W2SS+  -->  Z1SS   CH     SB          
      2.44150328E-07    3      1000022       -15        16             # W2SS+  -->  Z1SS   TAU+   NUT         
      9.61091816E-02    2      1000022        24                       # W2SS+  -->  Z1SS   W+                 
      7.49973026E-08    3      1000023         2        -1             # W2SS+  -->  Z2SS   UP     DB          
      7.49972671E-08    3      1000023         4        -3             # W2SS+  -->  Z2SS   CH     SB          
      1.75203596E-07    3      1000023       -15        16             # W2SS+  -->  Z2SS   TAU+   NUT         
      3.42672527E-01    2      1000023        24                       # W2SS+  -->  Z2SS   W+                 
      4.87000818E-07    3      1000025         2        -1             # W2SS+  -->  Z3SS   UP     DB          
      4.87000818E-07    3      1000025         4        -3             # W2SS+  -->  Z3SS   CH     SB          
      1.62313498E-07    3      1000025       -11        12             # W2SS+  -->  Z3SS   E+     NUE         
      1.62313498E-07    3      1000025       -13        14             # W2SS+  -->  Z3SS   MU+    NUM         
      1.62314038E-07    3      1000025       -15        16             # W2SS+  -->  Z3SS   TAU+   NUT         
      9.85050295E-03    2      1000012       -11                       # W2SS+  -->  NUEL   E+                 
      9.85049736E-03    2      1000014       -13                       # W2SS+  -->  NUML   MU+                
      1.53716113E-02    2      1000016       -15                       # W2SS+  -->  NUTL   TAU+               
      1.72245037E-02    2     -1000011        12                       # W2SS+  -->  EL+    NUE                
      1.72244925E-02    2     -1000013        14                       # W2SS+  -->  MUL+   NUM                
      1.82946716E-02    2     -1000015        16                       # W2SS+  -->  TAU1+  NUT                
      1.85771454E-02    2     -2000015        16                       # W2SS+  -->  TAU2+  NUT                
      2.62508959E-01    2      1000024        23                       # W2SS+  -->  W1SS+  Z0                 
      8.46334487E-08    3      1000024         1        -1             # W2SS+  -->  W1SS+  DN     DB          
      8.46331574E-08    3      1000024         3        -3             # W2SS+  -->  W1SS+  ST     SB          
      1.73594898E-07    3      1000024         2        -2             # W2SS+  -->  W1SS+  UP     UB          
      1.73594898E-07    3      1000024         4        -4             # W2SS+  -->  W1SS+  CH     CB          
      1.92313269E-01    2      1000024        25                       # W2SS+  -->  W1SS+  HL0                
#         PDG         Width
DECAY        25  5.40114334E-03   # HL0   decays
#          BR          NDA       ID1     ID2       ID3       ID4
      4.17241663E-09    2           11       -11                       # HL0    -->  E-     E+                 
      1.76166068E-04    2           13       -13                       # HL0    -->  MU-    MU+                
      5.03845811E-02    2           15       -15                       # HL0    -->  TAU-   TAU+               
      5.23685776E-06    2            1        -1                       # HL0    -->  DN     DB                 
      2.11595278E-03    2            3        -3                       # HL0    -->  ST     SB                 
      8.36730659E-01    2            5        -5                       # HL0    -->  BT     BB                 
      1.45143156E-06    2            2        -2                       # HL0    -->  UP     UB                 
      3.64552364E-02    2            4        -4                       # HL0    -->  CH     CB                 
      1.36852835E-03    2           22        22                       # HL0    -->  GM     GM                 
      2.95237098E-02    2           21        21                       # HL0    -->  GL     GL                 
      2.23701308E-03    3           24        11       -12             # HL0    -->  W+     E-     ANUE        
      2.23701308E-03    3           24        13       -14             # HL0    -->  W+     MU-    ANUM        
      2.23701308E-03    3           24        15       -16             # HL0    -->  W+     TAU-   ANUT        
      6.71103923E-03    3           24        -2         1             # HL0    -->  W+     UB     DN          
      6.71103923E-03    3           24        -4         3             # HL0    -->  W+     CB     ST          
      2.23701308E-03    3          -24       -11        12             # HL0    -->  W-     E+     NUE         
      2.23701308E-03    3          -24       -13        14             # HL0    -->  W-     MU+    NUM         
      2.23701308E-03    3          -24       -15        16             # HL0    -->  W-     TAU+   NUT         
      6.71103923E-03    3          -24         2        -1             # HL0    -->  W-     UP     DB          
      6.71103923E-03    3          -24         4        -3             # HL0    -->  W-     CH     SB          
      2.03270902E-04    3           23        12       -12             # HL0    -->  Z0     NUE    ANUE        
      2.03270902E-04    3           23        14       -14             # HL0    -->  Z0     NUM    ANUM        
      2.03270902E-04    3           23        16       -16             # HL0    -->  Z0     NUT    ANUT        
      1.02304206E-04    3           23        11       -11             # HL0    -->  Z0     E-     E+          
      1.02304206E-04    3           23        13       -13             # HL0    -->  Z0     MU-    MU+         
      1.02304206E-04    3           23        15       -15             # HL0    -->  Z0     TAU-   TAU+        
      3.50485527E-04    3           23         2        -2             # HL0    -->  Z0     UP     UB          
      3.50485527E-04    3           23         4        -4             # HL0    -->  Z0     CH     CB          
      4.51511703E-04    3           23         1        -1             # HL0    -->  Z0     DN     DB          
      4.51511703E-04    3           23         3        -3             # HL0    -->  Z0     ST     SB          
      4.51511703E-04    3           23         5        -5             # HL0    -->  Z0     BT     BB          
#         PDG         Width
DECAY        35  1.95434213E+00   # HH0   decays
#          BR          NDA       ID1     ID2       ID3       ID4
      1.04424531E-08    2           11       -11                       # HH0    -->  E-     E+                 
      4.40899137E-04    2           13       -13                       # HH0    -->  MU-    MU+                
      1.26271918E-01    2           15       -15                       # HH0    -->  TAU-   TAU+               
      1.28637321E-05    2            1        -1                       # HH0    -->  DN     DB                 
      5.19759860E-03    2            3        -3                       # HH0    -->  ST     SB                 
      7.92207897E-01    2            5        -5                       # HH0    -->  BT     BB                 
      9.38617378E-11    2            2        -2                       # HH0    -->  UP     UB                 
      1.90784544E-06    2            4        -4                       # HH0    -->  CH     CB                 
      4.26129587E-02    2            6        -6                       # HH0    -->  TP     TB                 
      6.01365400E-07    2           22        22                       # HH0    -->  GM     GM                 
      6.98992444E-05    2           21        21                       # HH0    -->  GL     GL                 
      5.40509529E-04    2           24       -24                       # HH0    -->  W+     W-                 
      2.66940071E-04    2           23        23                       # HH0    -->  Z0     Z0                 
      6.95008459E-03    2      1000022   1000022                       # HH0    -->  Z1SS   Z1SS               
      2.21816227E-02    2      1000022   1000023                       # HH0    -->  Z1SS   Z2SS               
      4.28203988E-04    2      1000023   1000023                       # HH0    -->  Z2SS   Z2SS               
      8.63568508E-04    2      1000024  -1000024                       # HH0    -->  W1SS+  W1SS-              
      1.76039629E-03    2           25        25                       # HH0    -->  HL0    HL0                
      6.75256742E-05    2      2000011  -2000011                       # HH0    -->  ER-    ER+                
      6.74426628E-05    2      2000013  -2000013                       # HH0    -->  MUR-   MUR+               
      5.55296392E-05    2      1000015  -1000015                       # HH0    -->  TAU1-  TAU1+              
      8.11301618E-07    2      1000015  -2000015                       # HH0    -->  TAU1-  TAU2+              
      8.11301618E-07    2      2000015  -1000015                       # HH0    -->  TAU2-  TAU1+              
#         PDG         Width
DECAY        36  2.07122540E+00   # HA0   decays
#          BR          NDA       ID1     ID2       ID3       ID4
      9.79256320E-09    2           11       -11                       # HA0    -->  E-     E+                 
      4.13459638E-04    2           13       -13                       # HA0    -->  MU-    MU+                
      1.18418530E-01    2           15       -15                       # HA0    -->  TAU-   TAU+               
      1.20639315E-05    2            1        -1                       # HA0    -->  DN     DB                 
      4.87443898E-03    2            3        -3                       # HA0    -->  ST     SB                 
      7.43080616E-01    2            5        -5                       # HA0    -->  BT     BB                 
      7.62483965E-11    2            2        -2                       # HA0    -->  UP     UB                 
      1.55118005E-06    2            4        -4                       # HA0    -->  CH     CB                 
      5.78958616E-02    2            6        -6                       # HA0    -->  TP     TB                 
      3.10156224E-07    2           22        22                       # HA0    -->  GM     GM                 
      7.24424826E-05    2           21        21                       # HA0    -->  GL     GL                 
      9.75277461E-03    2      1000022   1000022                       # HA0    -->  Z1SS   Z1SS               
      5.12575321E-02    2      1000022   1000023                       # HA0    -->  Z1SS   Z2SS               
      1.36275925E-02    2      1000023   1000023                       # HA0    -->  Z2SS   Z2SS               
      1.40054166E-04    2      1000024  -1000024                       # HA0    -->  W1SS+  W1SS-              
      4.52277221E-04    2           25        23                       # HA0    -->  HL0    Z0                 
      5.12260840E-07    2      1000015  -1000015                       # HA0    -->  TAU1-  TAU1+              
#         PDG         Width
DECAY        37  1.65254140E+00   # H+    decays
#          BR          NDA       ID1     ID2       ID3       ID4
      1.24970185E-08    2           12       -11                       # H+     -->  NUE    E+                 
      5.27646625E-04    2           14       -13                       # H+     -->  NUM    MU+                
      1.51122823E-01    2           16       -15                       # H+     -->  NUT    TAU+               
      1.40721031E-05    2            2        -1                       # H+     -->  UP     DB                 
      5.68753807E-03    2            4        -3                       # H+     -->  CH     SB                 
      7.53176630E-01    2            6        -5                       # H+     -->  TP     BB                 
      8.84767398E-02    2      1000024   1000022                       # H+     -->  W1SS+  Z1SS               
      3.64917942E-04    2      1000024   1000023                       # H+     -->  W1SS+  Z2SS               
      6.09826529E-04    2           25        24                       # H+     -->  HL0    W+                 
      1.97843838E-05    2     -1000015   1000016                       # H+     -->  TAU1+  NUTL               
