
[period1_physics/fill_4964/2017_01_17]
id=2,sh_x=-1.683,sh_x_unc=0.150,sh_y=0.852,sh_y_unc=0.100
id=3,sh_x=-4.125,sh_x_unc=0.150,sh_y=-0.497,sh_y_unc=0.100
id=102,sh_x=-3.758,sh_x_unc=0.150,sh_y=-0.322,sh_y_unc=0.100
id=103,sh_x=-3.375,sh_x_unc=0.150,sh_y=-0.423,sh_y_unc=0.100

[period1_physics/fill_4985/2017_01_17]
id=2,sh_x=-1.800,sh_x_unc=0.150,sh_y=0.839,sh_y_unc=0.100
id=3,sh_x=-4.167,sh_x_unc=0.150,sh_y=-0.489,sh_y_unc=0.100
id=102,sh_x=-3.900,sh_x_unc=0.150,sh_y=-0.349,sh_y_unc=0.100
id=103,sh_x=-3.575,sh_x_unc=0.150,sh_y=-0.439,sh_y_unc=0.100

[period1_physics/fill_4988/2017_01_17]
id=2,sh_x=-1.850,sh_x_unc=0.150,sh_y=0.775,sh_y_unc=0.100
id=3,sh_x=-4.192,sh_x_unc=0.150,sh_y=-0.491,sh_y_unc=0.100
id=102,sh_x=-3.858,sh_x_unc=0.150,sh_y=-0.336,sh_y_unc=0.100
id=103,sh_x=-3.475,sh_x_unc=0.150,sh_y=-0.444,sh_y_unc=0.100

[period1_physics/fill_4990/2017_01_17]
id=2,sh_x=-1.933,sh_x_unc=0.150,sh_y=0.740,sh_y_unc=0.100
id=3,sh_x=-4.150,sh_x_unc=0.150,sh_y=-0.504,sh_y_unc=0.100
id=102,sh_x=-3.900,sh_x_unc=0.150,sh_y=-0.332,sh_y_unc=0.100
id=103,sh_x=-3.500,sh_x_unc=0.150,sh_y=-0.468,sh_y_unc=0.100

[period1_physics/fill_5005/2017_01_17]
id=2,sh_x=-2.325,sh_x_unc=0.150,sh_y=0.706,sh_y_unc=0.100
id=3,sh_x=-4.075,sh_x_unc=0.150,sh_y=-0.458,sh_y_unc=0.100
id=102,sh_x=-4.000,sh_x_unc=0.150,sh_y=-0.304,sh_y_unc=0.100
id=103,sh_x=-3.600,sh_x_unc=0.150,sh_y=-0.385,sh_y_unc=0.100

[period1_physics/fill_5013/2017_01_17]
id=2,sh_x=-2.650,sh_x_unc=0.150,sh_y=0.570,sh_y_unc=0.100
id=3,sh_x=-4.225,sh_x_unc=0.150,sh_y=-0.498,sh_y_unc=0.100
id=102,sh_x=-3.975,sh_x_unc=0.150,sh_y=-0.343,sh_y_unc=0.100
id=103,sh_x=-3.558,sh_x_unc=0.150,sh_y=-0.439,sh_y_unc=0.100

[period1_physics/fill_5017/2017_01_17]
id=2,sh_x=-2.508,sh_x_unc=0.150,sh_y=0.503,sh_y_unc=0.100
id=3,sh_x=-4.175,sh_x_unc=0.150,sh_y=-0.519,sh_y_unc=0.100
id=102,sh_x=-3.892,sh_x_unc=0.150,sh_y=-0.345,sh_y_unc=0.100
id=103,sh_x=-3.517,sh_x_unc=0.150,sh_y=-0.437,sh_y_unc=0.100

[period1_physics/fill_5020/2017_01_17]
id=2,sh_x=-2.558,sh_x_unc=0.150,sh_y=0.372,sh_y_unc=0.100
id=3,sh_x=-4.167,sh_x_unc=0.150,sh_y=-0.563,sh_y_unc=0.100
id=102,sh_x=-3.933,sh_x_unc=0.150,sh_y=-0.329,sh_y_unc=0.100
id=103,sh_x=-3.525,sh_x_unc=0.150,sh_y=-0.481,sh_y_unc=0.100

[period1_physics/fill_5021/2017_01_17]
id=2,sh_x=-2.700,sh_x_unc=0.150,sh_y=0.289,sh_y_unc=0.100
id=3,sh_x=-4.150,sh_x_unc=0.150,sh_y=-0.564,sh_y_unc=0.100
id=102,sh_x=-3.950,sh_x_unc=0.150,sh_y=-0.342,sh_y_unc=0.100
id=103,sh_x=-3.575,sh_x_unc=0.150,sh_y=-0.458,sh_y_unc=0.100

[period1_physics/fill_5024/2017_01_17]
id=2,sh_x=-2.675,sh_x_unc=0.150,sh_y=0.295,sh_y_unc=0.100
id=3,sh_x=-4.133,sh_x_unc=0.150,sh_y=-0.505,sh_y_unc=0.100
id=102,sh_x=-3.883,sh_x_unc=0.150,sh_y=-0.339,sh_y_unc=0.100
id=103,sh_x=-3.508,sh_x_unc=0.150,sh_y=-0.454,sh_y_unc=0.100

[period1_physics/fill_5026/2017_01_17]
id=2,sh_x=-2.725,sh_x_unc=0.150,sh_y=0.242,sh_y_unc=0.100
id=3,sh_x=-4.125,sh_x_unc=0.150,sh_y=-0.536,sh_y_unc=0.100
id=102,sh_x=-3.875,sh_x_unc=0.150,sh_y=-0.338,sh_y_unc=0.100
id=103,sh_x=-3.525,sh_x_unc=0.150,sh_y=-0.462,sh_y_unc=0.100

[period1_physics/fill_5027/2017_01_17]
id=2,sh_x=-2.700,sh_x_unc=0.150,sh_y=0.164,sh_y_unc=0.100
id=3,sh_x=-4.167,sh_x_unc=0.150,sh_y=-0.587,sh_y_unc=0.100
id=102,sh_x=-3.950,sh_x_unc=0.150,sh_y=-0.335,sh_y_unc=0.100
id=103,sh_x=-3.617,sh_x_unc=0.150,sh_y=-0.475,sh_y_unc=0.100

[period1_physics/fill_5028/2017_01_17]
id=2,sh_x=-2.833,sh_x_unc=0.150,sh_y=0.138,sh_y_unc=0.100
id=3,sh_x=-4.150,sh_x_unc=0.150,sh_y=-0.587,sh_y_unc=0.100
id=102,sh_x=-3.967,sh_x_unc=0.150,sh_y=-0.362,sh_y_unc=0.100
id=103,sh_x=-3.583,sh_x_unc=0.150,sh_y=-0.478,sh_y_unc=0.100

[period1_physics/fill_5029/2017_01_17]
id=2,sh_x=-2.700,sh_x_unc=0.150,sh_y=0.139,sh_y_unc=0.100
id=3,sh_x=-4.125,sh_x_unc=0.150,sh_y=-0.539,sh_y_unc=0.100
id=102,sh_x=-3.983,sh_x_unc=0.150,sh_y=-0.330,sh_y_unc=0.100
id=103,sh_x=-3.642,sh_x_unc=0.150,sh_y=-0.485,sh_y_unc=0.100

[period1_physics/fill_5030/2017_01_17]
id=2,sh_x=-2.733,sh_x_unc=0.150,sh_y=0.061,sh_y_unc=0.100
id=3,sh_x=-4.125,sh_x_unc=0.150,sh_y=-0.574,sh_y_unc=0.100
id=102,sh_x=-3.950,sh_x_unc=0.150,sh_y=-0.372,sh_y_unc=0.100
id=103,sh_x=-3.542,sh_x_unc=0.150,sh_y=-0.514,sh_y_unc=0.100

[period1_physics/fill_5038/2017_01_17]
id=2,sh_x=-2.850,sh_x_unc=0.150,sh_y=0.069,sh_y_unc=0.100
id=3,sh_x=-4.150,sh_x_unc=0.150,sh_y=-0.545,sh_y_unc=0.100
id=102,sh_x=-3.950,sh_x_unc=0.150,sh_y=-0.303,sh_y_unc=0.100
id=103,sh_x=-3.542,sh_x_unc=0.150,sh_y=-0.394,sh_y_unc=0.100

[period1_physics/fill_5043/2017_01_17]
id=2,sh_x=-2.967,sh_x_unc=0.150,sh_y=-0.023,sh_y_unc=0.100
id=3,sh_x=-4.133,sh_x_unc=0.150,sh_y=-0.541,sh_y_unc=0.100
id=102,sh_x=-3.950,sh_x_unc=0.150,sh_y=-0.345,sh_y_unc=0.100
id=103,sh_x=-3.575,sh_x_unc=0.150,sh_y=-0.457,sh_y_unc=0.100

[period1_physics/fill_5045/2017_01_17]
id=2,sh_x=-2.900,sh_x_unc=0.150,sh_y=-0.097,sh_y_unc=0.100
id=3,sh_x=-4.200,sh_x_unc=0.150,sh_y=-0.605,sh_y_unc=0.100
id=102,sh_x=-3.950,sh_x_unc=0.150,sh_y=-0.370,sh_y_unc=0.100
id=103,sh_x=-3.542,sh_x_unc=0.150,sh_y=-0.504,sh_y_unc=0.100

[period1_physics/fill_5048/2017_01_17]
id=2,sh_x=-2.992,sh_x_unc=0.150,sh_y=-0.100,sh_y_unc=0.100
id=3,sh_x=-4.175,sh_x_unc=0.150,sh_y=-0.585,sh_y_unc=0.100
id=102,sh_x=-3.967,sh_x_unc=0.150,sh_y=-0.337,sh_y_unc=0.100
id=103,sh_x=-3.583,sh_x_unc=0.150,sh_y=-0.453,sh_y_unc=0.100

[period1_physics/fill_5052/2017_01_17]
id=2,sh_x=-3.033,sh_x_unc=0.150,sh_y=-0.211,sh_y_unc=0.100
id=3,sh_x=-4.167,sh_x_unc=0.150,sh_y=-0.681,sh_y_unc=0.100
id=102,sh_x=-4.050,sh_x_unc=0.150,sh_y=-0.316,sh_y_unc=0.100
id=103,sh_x=-3.625,sh_x_unc=0.150,sh_y=-0.425,sh_y_unc=0.100

[period1_physics/fill_5261/2017_01_17]
id=2,sh_x=-3.283,sh_x_unc=0.150,sh_y=-0.224,sh_y_unc=0.100
id=3,sh_x=-4.150,sh_x_unc=0.150,sh_y=-0.459,sh_y_unc=0.100
id=102,sh_x=-3.933,sh_x_unc=0.150,sh_y=-0.351,sh_y_unc=0.100
id=103,sh_x=-3.542,sh_x_unc=0.150,sh_y=-0.426,sh_y_unc=0.100

[period1_physics/fill_5264/2017_01_17]
id=2,sh_x=-3.375,sh_x_unc=0.150,sh_y=-0.244,sh_y_unc=0.100
id=3,sh_x=-4.208,sh_x_unc=0.150,sh_y=-0.443,sh_y_unc=0.100
id=102,sh_x=0.000,sh_x_unc=0.150,sh_y=0.000,sh_y_unc=0.100
id=103,sh_x=0.000,sh_x_unc=0.150,sh_y=0.000,sh_y_unc=0.100

[period1_physics/fill_5265/2017_01_17]
id=2,sh_x=-3.400,sh_x_unc=0.150,sh_y=-0.213,sh_y_unc=0.100
id=3,sh_x=-4.158,sh_x_unc=0.150,sh_y=-0.428,sh_y_unc=0.100
id=102,sh_x=-3.900,sh_x_unc=0.150,sh_y=-0.298,sh_y_unc=0.100
id=103,sh_x=-3.558,sh_x_unc=0.150,sh_y=-0.383,sh_y_unc=0.100

[period1_physics/fill_5266/2017_01_17]
id=2,sh_x=-3.375,sh_x_unc=0.150,sh_y=-0.225,sh_y_unc=0.100
id=3,sh_x=-4.200,sh_x_unc=0.150,sh_y=-0.438,sh_y_unc=0.100
id=102,sh_x=-3.878,sh_x_unc=0.150,sh_y=-0.311,sh_y_unc=0.100
id=103,sh_x=-3.550,sh_x_unc=0.150,sh_y=-0.402,sh_y_unc=0.100

[period1_physics/fill_5267/2017_01_17]
id=2,sh_x=-3.333,sh_x_unc=0.150,sh_y=-0.226,sh_y_unc=0.100
id=3,sh_x=-4.192,sh_x_unc=0.150,sh_y=-0.432,sh_y_unc=0.100
id=102,sh_x=-3.913,sh_x_unc=0.150,sh_y=-0.340,sh_y_unc=0.100
id=103,sh_x=-3.563,sh_x_unc=0.150,sh_y=-0.431,sh_y_unc=0.100

[period1_physics/fill_5274/2017_01_17]
id=2,sh_x=-3.300,sh_x_unc=0.150,sh_y=-0.210,sh_y_unc=0.100
id=3,sh_x=-4.125,sh_x_unc=0.150,sh_y=-0.434,sh_y_unc=0.100
id=102,sh_x=-3.913,sh_x_unc=0.150,sh_y=-0.333,sh_y_unc=0.100
id=103,sh_x=-3.508,sh_x_unc=0.150,sh_y=-0.414,sh_y_unc=0.100

[period1_physics/fill_5275/2017_01_17]
id=2,sh_x=-3.500,sh_x_unc=0.150,sh_y=-0.217,sh_y_unc=0.100
id=3,sh_x=-4.217,sh_x_unc=0.150,sh_y=-0.429,sh_y_unc=0.100
id=102,sh_x=-3.900,sh_x_unc=0.150,sh_y=-0.301,sh_y_unc=0.100
id=103,sh_x=-3.558,sh_x_unc=0.150,sh_y=-0.390,sh_y_unc=0.100

[period1_physics/fill_5276/2017_01_17]
id=2,sh_x=-3.375,sh_x_unc=0.150,sh_y=-0.223,sh_y_unc=0.100
id=3,sh_x=-4.175,sh_x_unc=0.150,sh_y=-0.432,sh_y_unc=0.100
id=102,sh_x=-3.912,sh_x_unc=0.150,sh_y=-0.319,sh_y_unc=0.100
id=103,sh_x=-3.555,sh_x_unc=0.150,sh_y=-0.403,sh_y_unc=0.100

[period1_physics/fill_5277/2017_01_17]
id=2,sh_x=-3.267,sh_x_unc=0.150,sh_y=-0.205,sh_y_unc=0.100
id=3,sh_x=-4.117,sh_x_unc=0.150,sh_y=-0.421,sh_y_unc=0.100
id=102,sh_x=-3.900,sh_x_unc=0.150,sh_y=-0.311,sh_y_unc=0.100
id=103,sh_x=-3.575,sh_x_unc=0.150,sh_y=-0.396,sh_y_unc=0.100

[period1_physics/fill_5279/2017_01_17]
id=2,sh_x=-3.342,sh_x_unc=0.150,sh_y=-0.264,sh_y_unc=0.100
id=3,sh_x=-4.158,sh_x_unc=0.150,sh_y=-0.470,sh_y_unc=0.100
id=102,sh_x=-3.900,sh_x_unc=0.150,sh_y=-0.336,sh_y_unc=0.100
id=103,sh_x=-3.542,sh_x_unc=0.150,sh_y=-0.414,sh_y_unc=0.100

[period1_physics/fill_5287/2017_01_17]
id=2,sh_x=-3.425,sh_x_unc=0.150,sh_y=-0.207,sh_y_unc=0.100
id=3,sh_x=-4.250,sh_x_unc=0.150,sh_y=-0.430,sh_y_unc=0.100
id=102,sh_x=-3.900,sh_x_unc=0.150,sh_y=-0.329,sh_y_unc=0.100
id=103,sh_x=-3.525,sh_x_unc=0.150,sh_y=-0.409,sh_y_unc=0.100

[period1_physics/fill_5288/2017_01_17]
id=2,sh_x=-3.375,sh_x_unc=0.150,sh_y=-0.232,sh_y_unc=0.100
id=3,sh_x=-4.200,sh_x_unc=0.150,sh_y=-0.444,sh_y_unc=0.100
id=102,sh_x=-3.903,sh_x_unc=0.150,sh_y=-0.311,sh_y_unc=0.100
id=103,sh_x=-3.575,sh_x_unc=0.150,sh_y=-0.401,sh_y_unc=0.100

[period1_physics_margin/fill_4947/2017_01_17]
id=2,sh_x=-1.050,sh_x_unc=0.150,sh_y=0.860,sh_y_unc=0.100
id=3,sh_x=-3.617,sh_x_unc=0.150,sh_y=-0.530,sh_y_unc=0.100
id=102,sh_x=-3.217,sh_x_unc=0.150,sh_y=-0.293,sh_y_unc=0.100
id=103,sh_x=-2.825,sh_x_unc=0.150,sh_y=-0.460,sh_y_unc=0.100

[period1_physics_margin/fill_4953/2017_01_17]
id=2,sh_x=-1.150,sh_x_unc=0.150,sh_y=0.850,sh_y_unc=0.100
id=3,sh_x=-3.625,sh_x_unc=0.150,sh_y=-0.584,sh_y_unc=0.100
id=102,sh_x=-3.275,sh_x_unc=0.150,sh_y=-0.280,sh_y_unc=0.100
id=103,sh_x=-2.942,sh_x_unc=0.150,sh_y=-0.473,sh_y_unc=0.100

[period1_physics_margin/fill_4961/2017_01_17]
id=2,sh_x=-1.150,sh_x_unc=0.150,sh_y=0.868,sh_y_unc=0.100
id=3,sh_x=-3.600,sh_x_unc=0.150,sh_y=-0.549,sh_y_unc=0.100
id=102,sh_x=-3.300,sh_x_unc=0.150,sh_y=-0.318,sh_y_unc=0.100
id=103,sh_x=-2.942,sh_x_unc=0.150,sh_y=-0.481,sh_y_unc=0.100

[period1_physics_margin/fill_4964/2017_01_17]
id=2,sh_x=-1.250,sh_x_unc=0.150,sh_y=0.845,sh_y_unc=0.100
id=3,sh_x=-3.675,sh_x_unc=0.150,sh_y=-0.528,sh_y_unc=0.100
id=102,sh_x=-3.383,sh_x_unc=0.150,sh_y=-0.313,sh_y_unc=0.100
id=103,sh_x=-3.025,sh_x_unc=0.150,sh_y=-0.477,sh_y_unc=0.100

[period1_physics_margin/fill_4976/2017_01_17]
id=2,sh_x=-1.167,sh_x_unc=0.150,sh_y=0.868,sh_y_unc=0.100
id=3,sh_x=-3.650,sh_x_unc=0.150,sh_y=-0.535,sh_y_unc=0.100
id=102,sh_x=-3.342,sh_x_unc=0.150,sh_y=-0.322,sh_y_unc=0.100
id=103,sh_x=-2.992,sh_x_unc=0.150,sh_y=-0.488,sh_y_unc=0.100
