CMSSWn_150x100:unif_field,3.8T@90deg,285um,rhe=0.97(mu_H=0.098),rhh=0.70        
    30   1  3.80  60   5  29   0  150.00  283.00     .00 1.00000  1750.0    -.59  106.31  150.  100.  285.  1750.0    -.30   53.20    1.50    1.20     .60
  3801   .000000   .000000 -1.000000
  26070.8  19406.1       .2     41.4     52.9     10.0
       .3     84.5     53.1     37.3  10669.4  11269.9
        .4      70.7        .9      39.8
       -.5      10.1       -.1      12.0
        .0       1.9       -.2       8.5
        .2       1.6       -.4       7.7
  3802   .000000  -.130455  -.991454
  26303.2  19560.9      -.4     36.1     52.9     10.1
      -.4     79.2     52.9     37.5  10670.9  11354.8
      -1.3      62.9       1.3      41.8
        .0       5.8       -.4      11.6
       -.1       3.2       -.3       8.5
        .0       3.0       -.1       7.9
  3803   .000000  -.254493  -.967075
  26695.7  20071.2       .0     29.4     53.1     10.0
      -.1     72.2     52.9     37.4  11024.3  11518.0
      -3.3      49.5        .8      40.5
       -.3       8.7       -.7      12.2
       -.3       6.2       -.5       8.4
        .0       6.1       -.2       8.1
  3804   .000000  -.367167  -.930155
  27857.2  20652.3      -.3     22.3     53.1      9.9
      -.4     64.8     53.1     37.0  10949.2  11793.1
      -6.0      50.0       1.3      42.9
       -.1      12.7       -.6      11.7
        .0       9.1       -.1       8.4
        .1       9.1       -.3       8.2
  3805   .000000  -.465746  -.884918
  29139.6  20759.9      -.3     16.0     53.1      9.9
      -.5     57.1     53.1     36.8  12399.1  13057.6
      -4.6      48.1        .8      43.3
       -.1      16.5       -.4      11.5
       -.1      12.0        .0       8.3
       -.1      11.6       -.2       8.0
  3806   .000000  -.549617  -.835417
  30937.4  20297.5      -.3     11.9     53.1      9.2
      -.5     48.6     53.0     36.3  12777.2  13498.3
      -5.2      51.3       1.6      43.5
       -.1      21.0       -.6      11.8
        .1      14.6       -.3       8.3
       -.1      14.4       -.2       7.8
  3807   .000000  -.619644  -.784883
  32865.2  18891.7      -.2     13.6     53.0      8.8
      -.3     40.6     52.9     35.8  13741.3  14811.7
      -5.4      57.8       -.8      44.5
       -.5      25.5       -.4      11.8
       -.1      17.9       -.2       8.1
       -.1      17.1       -.1       7.9
  3808   .000000  -.677476  -.735545
  34920.8  17378.0      8.5     17.4     53.0      8.3
      -.7     32.4     52.9     35.4  16102.8  16775.2
      -8.5      61.1       -.1      43.2
       -.1      29.2       -.1      11.5
       -.3      20.1       -.4       7.9
       -.4      19.5       -.2       7.6
  3809   .000000  -.724999  -.688749
  37291.7  16438.3      -.3     43.3     53.1      7.8
      -.7     24.3     53.0     34.9  17229.0  17816.9
      -5.7      60.8        .1      48.9
       -.2      31.2       -.2      11.9
       -.3      22.0       -.3       7.7
        .1      22.1       -.1       7.4
  3810   .000000  -.764030  -.645181
  39750.8  15751.6      -.3     43.3     53.1      7.2
      -.5     18.0     53.0     34.5  18312.2  19135.7
      -7.7      58.7        .1      46.7
       -.5      29.8       -.5      11.7
       -.8      23.5       -.4       7.7
       -.7      24.0       -.3       6.9
  3811   .000000  -.796162  -.605083
  42591.9  15207.0      -.3     43.3     53.1      6.8
      -.2     15.3     53.0     33.8  19258.5  20607.9
      -7.9      55.4       -.3      48.5
        .0      27.9       -.3      12.4
       -.7      24.0       -.3       7.4
       -.3      26.4       -.2       7.1
  3812   .000000  -.822730  -.568432
  45073.4  14759.3      -.3     43.3     53.1      6.5
      1.3     17.3     52.9     33.5  22235.6  23187.9
      -8.7      54.5       -.7      53.5
        .1      25.1       -.1      11.7
       -.3      22.3       -.2       7.5
       -.2      25.4       -.2       6.8
  3813   .000000  -.844819  -.535052
  48178.0  14420.4      -.3     43.3     53.0      6.0
      -.3     86.6     52.9     33.1  24025.5  24835.8
     -10.0      56.1       1.5      55.0
        .0      25.0       -.3      12.0
       -.2      20.3       -.2       7.1
       -.7      22.4       -.2       6.4
  3814   .000000  -.863297  -.504697
  50788.5  14125.3      -.3     43.3     53.0      5.6
      -.3     86.6     52.7     32.6  25904.2  26699.5
     -10.8      55.4       1.0      56.8
       -.8      25.7       -.5      12.3
       -.1      21.4       -.2       7.1
       -.6      21.1       -.3       6.2
  3815   .000000  -.878853  -.477092
  53802.1  13888.4      -.3     43.3     53.0      5.2
      -.3     86.6     53.0     32.4  27433.9  28295.4
     -10.0      54.2       1.5      56.7
       -.8      27.1       -.2      12.7
       -.6      24.9       -.2       7.0
       -.5      25.3       -.1       6.2
  3816   .000000  -.892036  -.451965
  56627.5  13735.0      -.3     43.3     53.1      4.9
      -.3     86.6     52.7     32.1  29481.8  30612.7
     -10.3      55.5       1.9      59.9
       -.8      27.6       -.4      12.9
       -.7      24.5       -.2       6.9
       -.4      26.8       -.2       6.1
  3817   .000000  -.903278  -.429057
  59755.4  13682.0      -.3     43.3     53.1      4.6
      -.3     86.6     53.0     31.8  31796.1  32875.1
      -9.3      54.2       1.6      60.0
       -.6      26.1       -.5      13.3
       -.3      21.8       -.2       6.5
       -.7      23.7       -.2       5.8
  3818   .000000  -.912924  -.408131
  62928.0  13570.6      -.3     43.3     53.2      4.4
      -.3     86.6     53.1     31.4  33894.1  35003.4
     -11.2      55.8       2.0      62.2
       -.3      26.1       -.1      13.8
       -.3      21.9       -.2       6.4
       -.5      21.5       -.2       5.4
  3819   .000000  -.921250  -.388972
  65904.6  13445.0      -.3     43.3     53.0      4.2
      -.3     86.6     52.8     31.2  34725.6  36038.4
      -9.2      55.6       2.9      62.3
       -.5      28.4        .1      14.6
       -.2      25.7       -.1       6.5
      -1.0      25.3       -.3       5.4
  3820   .000000  -.928477  -.371391
  68764.4  13373.0      -.3     43.3     53.1      4.1
      -.3     86.6     53.0     31.2  37738.1  39019.1
     -10.7      54.6       1.7      62.1
       -.6      27.7       -.2      13.5
       -.7      25.5       -.2       6.5
      -1.2      27.9       -.2       5.4
  3821   .000000  -.934784  -.355218
  72215.1  13311.3      -.3     43.3     53.0      3.8
      -.3     86.6     53.1     30.8  39854.2  41295.9
     -10.8      54.5       4.8      65.2
       -.5      26.9       -.1      15.9
       -.6      23.1       -.2       6.4
       -.9      24.2       -.3       5.1
  3822   .000000  -.940315  -.340305
  75402.7  13306.5      -.3     43.3     53.0      3.5
      -.3     86.6     53.3     30.6  41708.8  43072.6
     -10.2      53.5       1.7      70.1
      -1.3      26.5       -.5      15.4
       -.6      22.6       -.2       6.4
       -.5      22.2       -.2       5.1
  3823   .000000  -.945190  -.326520
  78517.9  13288.5      -.3     43.3     53.1      3.4
      -.3     86.6     53.1     30.7  43912.1  45088.0
     -10.1      53.7        .4      67.1
       -.8      28.8        .0      16.6
       -.9      26.2       -.1       6.2
      -1.2      25.5       -.2       5.0
  3824   .000000  -.949506  -.313750
  81620.8  13262.7      -.3     43.3     53.0      3.4
      -.3     86.6     53.1     30.4  46405.9  47647.5
     -12.3      56.5       2.3      73.5
       -.9      28.9       -.3      17.1
       -.5      26.0       -.1       6.1
      -1.3      27.9       -.3       4.9
  3825   .000000  -.953342  -.301892
  84827.4  13147.9      -.3     43.3     53.0      3.0
      -.3     86.6     53.2     30.3  48464.4  50184.4
     -10.3      51.7        .7      70.2
       -.9      27.1       -.1      18.2
       -.7      23.5       -.2       6.0
      -1.0      24.4       -.2       4.6
  3826   .000000  -.956767  -.290857
  88048.7  13158.7      -.3     43.3     53.1      3.0
      -.3     86.6     53.3     30.1  49055.5  51099.4
     -11.0      53.9       3.7      76.0
       -.6      26.8        .0      17.9
       -.5      22.8       -.1       6.5
       -.4      22.6       -.2       4.6
  3827   .000000  -.959834  -.280567
  91740.5  13268.4      -.3     43.3     53.0      2.8
      -.3     86.6     53.5     30.1  52509.7  53807.8
     -12.8      54.6       1.5      75.7
      -1.2      29.1        .1      19.1
       -.6      26.2       -.1       6.1
      -1.0      25.4       -.1       4.5
  3828   .000000  -.962593  -.270952
  94768.0  13090.9      -.3     43.3     53.1      2.7
      -.3     86.6     53.0     29.9  54475.6  56359.4
     -12.3      53.4      -2.0      75.1
      -1.5      29.3       -.3      20.4
       -.8      26.7       -.2       6.6
      -1.0      28.0       -.1       4.7
  3829   .000000  -.965081  -.261951
  98087.8  13114.9      -.3     43.3     53.1      3.1
      -.3     86.6     53.1     29.9  57225.8  58445.2
     -13.3      60.4        .2      75.6
      -1.4      27.9       -.6      20.7
       -.8      23.8       -.2       6.2
      -1.3      24.6       -.3       4.5
  3830   .000000  -.967333  -.253508
 101458.7  13211.3      -.3     43.3     53.0      2.5
      -.3     86.6     53.3     29.8  58284.8  59857.1
     -11.4      56.0       2.4      82.9
      -1.1      27.0       -.2      20.4
       -.8      23.3       -.2       6.1
       -.8      22.6       -.2       4.6
  3831   .000000  -.969377  -.245576
 104850.2  13135.2      -.3     43.3     53.0      3.0
      -.3     86.6     53.4     29.7  59865.4  62529.2
      -9.8      53.2       1.0      83.4
       -.9      29.2       -.3      21.9
       -.7      26.5       -.2       6.0
      -1.4      25.6       -.3       4.3
  3832   .000000  -.971238  -.238110
 107943.5  13078.4      -.3     43.3     53.1      2.3
      -.3     86.6     53.3     29.6  63194.8  64873.1
     -13.8      57.2        .9      81.9
      -1.5      29.5       -.2      23.8
       -.3      26.8       -.1       6.6
      -1.1      27.7       -.2       4.7
  3833   .000000  -.972937  -.231072
 111271.8  13139.7      -.3     43.3     53.0      2.6
      -.3     86.6     53.3     29.4  64939.0  67153.9
     -13.4      54.3       3.2      86.5
      -1.6      27.5        .0      24.3
       -.9      23.8       -.1       5.7
       -.6      24.7       -.1       4.3
  3834   .000000  -.974491  -.224428
 114101.4  13104.2      -.3     43.3     53.0      2.2
      -.3     86.6     53.3     29.2  66827.5  69231.0
     -12.7      54.5       3.1      86.0
      -1.1      27.0       -.1      23.0
       -.4      23.2        .0       6.5
       -.6      22.8        .0       4.2
  3835   .000000  -.975916  -.218146
 118039.3  13138.1      -.3     43.3     53.1      2.2
      -.3     86.6     53.5     29.2  70104.1  71768.0
     -11.4      58.1       -.6      86.1
      -1.2      29.6       -.4      25.4
       -.4      26.3       -.1       7.4
       -.8      25.6       -.2       4.6
  3836   .000000  -.977227  -.212198
 120984.0  13148.2      -.3     43.3     53.0      2.0
      -.3     86.6     53.2     29.1  72248.2  73666.3
      -8.3      51.8       2.2      88.0
      -1.6      29.9        .2      24.5
       -.7      26.9       -.2       7.0
      -1.5      27.8       -.2       4.2
  3837   .000000  -.978434  -.206558
 124509.3  13057.9      -.3     43.3     53.0      1.9
      -.3     86.6     53.3     29.0  74647.4  76427.0
     -11.5      51.7       2.8      96.4
      -1.6      27.9       -.4      26.4
      -1.1      24.2       -.2       7.3
       -.8      24.6       -.1       4.1
  3838   .000000  -.979549  -.201205
 127330.7  13084.7      -.3     43.3     53.1      2.6
      -.3     86.6     53.4     29.0  76108.1  78028.4
     -12.2      52.6      -3.7      92.2
      -1.0      27.3        .1      24.9
       -.5      23.4       -.1       7.1
       -.7      22.9       -.1       4.1
  3839   .000000  -.980581  -.196116
 130964.5  13157.1      -.3     43.3     53.3      2.2
      -.3     86.6     53.4     28.8  78606.3  81037.5
      -7.8      53.8       3.1      90.3
      -1.9      29.7       -.1      27.5
       -.9      26.3       -.2       7.2
       -.9      25.9       -.2       4.0
  3840   .000000  -.981537  -.191274
 134523.2  13219.6      -.3     43.3     53.2      1.7
      -.3     86.6     53.7     28.9  80859.1  82973.5
     -15.0      54.2      -1.4      95.1
      -1.6      30.2        .2      27.4
       -.6      27.3       -.1       7.7
       -.8      28.2       -.2       4.1
  3841   .000000  -.982424  -.186661
 137605.8  13168.4      -.3     43.3     53.0      6.6
      -.3     86.6     53.6     28.7  82115.1  84973.3
     -10.3      50.0       6.9      94.0
      -1.3      27.7       -.1      26.9
      -1.1      24.0       -.2       7.5
       -.8      24.7       -.2       4.1
  3842   .000000  -.983250  -.182261
 141288.6  13128.6      -.3     43.3     53.1      1.8
      -.3     86.6     53.4     28.8  84670.6  87481.1
     -13.2      57.3       6.6      92.6
      -1.5      28.1        .1      28.0
       -.8      23.5       -.3       7.5
      -1.1      22.7       -.1       4.4
  3843   .000000  -.984020  -.178061
 144478.8  13276.0      -.3     43.3     55.4     38.8
      -.3     86.6     53.3     28.6  87155.7  89315.9
     -12.8      56.4      -7.5      95.7
      -1.4      30.0       -.3      30.3
      -1.4      25.8       -.2       8.0
      -1.2      25.6       -.2       4.1
  3844   .000000  -.984737  -.174047
 147725.8  13129.0      -.3     43.3     53.1      1.5
      -.3     86.6     53.4     28.6  89918.8  91951.3
      -9.2      49.8       4.7      97.5
      -1.4      30.7       -.2      30.6
      -1.2      27.3       -.2       7.7
      -1.0      28.5       -.1       4.2
  3845   .000000  -.985408  -.170207
 151293.0  13165.0      -.3     43.3     52.9      1.5
      -.3     86.6     53.7     28.6  90854.0  94110.4
     -15.6      52.9       1.9      95.5
      -1.6      28.6       -.4      30.5
       -.5      24.5       -.1       7.3
      -1.0      24.6       -.1       4.8
  3846   .000000  -.986036  -.166531
 154280.6  13079.9      -.3     43.3     53.3      5.8
      -.3     86.6     53.7     28.6  94303.0  96444.8
     -12.5      52.1       2.1      94.1
      -1.4      27.7        .0      30.3
      -1.3      23.4       -.3       7.0
       -.7      22.7       -.1       4.1
  3847   .000000  -.986625  -.163008
 157846.9  13117.1      -.3     43.3     52.7      4.6
      -.3     86.6     53.7     28.4  95922.3  98291.4
     -14.0      54.1       3.2      98.8
      -1.2      29.4        .0      31.2
      -1.2      26.6       -.2       8.0
       -.9      26.0       -.2       4.0
  3848   .000000  -.987696  -.156385
 164329.0  13118.5      -.3     43.3     52.7      1.6
      -.3     86.6     53.4     28.4 101077.0 103441.7
     -13.2      53.2        .5     109.7
      -1.8      28.4        .2      31.0
      -1.0      24.4       -.1       8.6
      -1.0      24.9       -.1       4.7
  3849   .000000  -.988644  -.150274
 170980.2  13207.6      -.3     43.3     58.5     50.7
      -.3     86.6     53.7     28.3 103849.9 107065.1
     -13.0      54.5      -2.0     100.4
      -1.7      29.5        .1      33.7
       -.8      26.3       -.1       8.2
      -1.0      25.9       -.1       3.8
  3850   .000000  -.989488  -.144617
 177833.0  13142.4      -.3     43.3     52.6      6.5
      -.3     86.6     53.7     28.4 109007.3 112098.2
     -13.5      57.6       3.4     107.1
      -2.0      29.0       -.4      35.5
       -.8      24.8       -.1       9.8
      -1.0      25.0       -.1       4.8
  3851   .000000  -.990241  -.139367
 184779.2  13252.6      -.3     43.3     53.7      9.3
      -.3     86.6     53.8     28.1 113346.0 115779.3
      -9.6      52.7       4.6      99.0
      -1.9      30.0        .5      35.7
       -.9      26.7       -.2       9.5
       -.9      26.1       -.2       4.8
  3852   .000000  -.990916  -.134481
 191503.9  13231.1      -.3     43.3     50.7     13.5
      -.3     86.6     53.8     28.0 117685.9 121207.2
     -13.2      55.2      -4.7     109.5
      -2.2      28.4        .2      35.6
       -.5      25.0       -.2      10.6
      -1.1      25.1        .0       5.3
  3853   .000000  -.991524  -.129924
 197968.0  13172.1      -.3     43.3     54.4      8.2
      -.3     86.6     53.4     28.0 122395.5 125689.5
     -13.7      57.6       -.6     104.3
      -1.7      30.7        .3      38.1
      -1.0      26.4       -.2      10.9
       -.7      25.8        .0       5.3
  3854   .000000  -.992073  -.125663
 204934.5  13182.2      -.3     43.3     52.8      1.4
      -.3     86.6     54.0     27.9 127038.4 130298.1
     -11.2      53.2      -3.2     107.9
      -1.5      28.9        .8      39.3
      -1.1      24.9       -.1      11.8
      -1.8      25.1       -.1       5.2
  3855   .000000  -.992571  -.121670
 211897.8  13306.2      -.3     43.3     52.8      1.1
      -.3     86.6     53.7     27.9 132487.8 136681.1
      -5.9      53.9      -5.5     107.9
      -2.0      30.1        .2      40.8
      -1.0      26.6       -.1      10.4
      -2.1      25.8       -.1       5.2
  3856   .000000  -.993023  -.117921
 218525.4  13206.1      -.3     43.3     54.6      5.3
      -.3     86.6     53.7     27.7 137274.5 141314.8
     -10.9      50.8      10.4     114.8
      -2.3      29.0        .4      40.4
      -1.1      25.0        .0      11.7
      -1.7      24.6        .1       6.3
  3857   .000000  -.993435  -.114396
 225111.8  13269.0      -.3     43.3     53.2     28.9
      -.3     86.6     53.9     27.7 141573.7 144422.6
      -7.3      44.7      -1.6     111.5
      -2.3      30.9        .1      41.3
      -1.2      26.8       -.2      11.2
      -1.1      25.5        .0       6.7
  3858   .000000  -.993812  -.111073
 231881.6  13320.3      -.3     43.3     53.2     28.9
      -.3     86.6     53.9     27.6 146157.5 150673.7
     -12.8      48.7       2.2     103.2
      -2.0      28.5        .0      42.6
      -1.3      25.0       -.1      13.5
      -1.1      24.8       -.1       7.3
  3859   .000000  -.994158  -.107937
 238268.2  13382.8      -.3     43.3     53.2     28.9
      -.3     86.6     53.7     27.7 149857.1 154824.6
      -7.7      43.1       9.5     116.0
      -1.9      30.0       -.1      41.3
      -1.0      26.3       -.3      13.9
       -.9      25.8        .0       6.6
  3860   .000000  -.994475  -.104972
 245085.1  13315.7      -.3     43.3     53.2     28.9
      -.3     86.6     53.6     27.7 154560.9 159834.7
     -12.1      40.4       -.6     111.3
      -2.3      28.7        .0      42.1
      -1.2      24.7       -.2      13.1
      -1.1      25.1        .0       5.8
  3861   .903278   .000000  -.429057
  60424.7  11088.7      -.1     40.8     53.2     28.9
      -.1     83.9     53.2     57.7  32847.0  33786.0
      -2.8      85.8      10.1      48.5
        .4      28.4       1.1      25.5
        .0       3.9        .5      19.0
        .3       2.2        .8      18.8
  3862   .887877   .000000  -.460082
  55967.7  11411.8       .3     41.1     53.2     28.9
       .3     84.0     53.2     57.7  29200.8  30495.9
      -2.0      83.3       9.9      48.6
      -1.0      26.7        .3      24.7
        .3       6.9        .8      18.8
        .2       2.0       1.0      18.3
  3863   .868777   .000000  -.495203
  51905.7  11911.5       .0     41.1     53.2     28.9
       .0     84.1     53.2     57.7  27165.0  28397.1
        .0      79.6       9.0      50.7
       -.9      23.6       1.7      24.1
        .4       3.0        .6      17.6
        .4       1.8        .9      17.4
  3864   .844819   .000000  -.535052
  48060.6  12590.8      -.3     41.1     53.2     28.9
      -.3     84.1     53.2     57.7  23815.2  24716.2
       2.7      77.3       9.1      48.4
        .3      21.6        .3      23.1
        .4       4.7        .2      17.1
        .3       2.0        .7      16.7
  3865   .814421   .000000  -.580275
  44246.7  13539.3       .3     41.1     53.2     28.9
       .2     84.2     55.5     10.4  22238.6  23005.2
       2.4      79.1      11.1      48.8
       -.4      19.9       1.0      23.1
        .6       3.5        .4      16.2
        .6       2.8        .8      15.4
  3866   .775436   .000000  -.631426
  40829.7  14951.4       .0     41.0     53.2     28.9
       .0     84.1     54.1      8.5  18990.1  19966.6
       -.2      75.9       8.9      48.0
        .1      16.3        .4      19.9
        .3       2.8        .5      14.4
        .2       1.8        .7      14.4
  3867   .724999   .000000  -.688749
  37837.4  17101.3       .0     40.9     53.2     28.9
       .0     84.0     53.9     16.0  17704.5  18654.2
      -1.7      82.5       8.7      49.6
       1.1      16.2        .5      19.9
        .3       2.4        .5      13.7
        .3       1.9        .6      12.8
  3868   .659438   .000000  -.751759
  34781.1  20856.9       .0     40.9     55.1      6.3
       .0     84.0     53.7     26.9  16079.8  17376.9
      -3.2      75.3       9.1      47.4
        .6      12.3        .0      15.5
        .2       2.9        .1      10.6
        .3       2.2        .4       9.4
  3869   .574426   .000000  -.818557
  32305.6  25245.4       .0     41.1     53.7      9.9
       .0     84.0     53.6     38.0  14786.2  15559.1
       1.3      74.8       9.6      51.8
        .6      11.1        .4      10.0
        .3       2.1        .3       6.6
        .4       1.9        .4       6.1
  3870   .465746   .000000  -.884918
  30093.0  25380.9      -.3     41.0     53.4     19.8
      -.3     84.1     53.4     48.4  13702.6  14270.0
       5.2      71.6       9.6      57.2
       1.0      10.7        .4       6.2
        .3       2.4        .4       3.4
        .3       1.8        .4       2.9
  3871   .331088   .000000  -.943600
  28455.7  23749.0       .0     40.8     53.6     26.0
       .0     84.0     53.5     54.7  12755.4  13319.4
       4.3      70.4       8.3      67.8
        .1      11.6        .1      10.1
        .4       2.2        .0       2.1
        .2       1.9       -.1       1.4
  3872   .254493   .000000  -.967075
  27600.4  22995.3       .5     40.9     53.0     22.4
       .5     84.1     53.1     51.0  12148.9  12862.2
      -2.7      67.7       4.8      54.0
        .9      10.3       -.5       7.4
        .3       2.1       -.4       2.5
        .3       1.9       -.5       2.2
  3873   .172799   .000000  -.984957
  26845.7  22495.4       .1     41.1     52.8     18.0
       .1     84.3     52.9     46.5  11542.7  12103.0
       5.6      71.9       4.7      49.5
        .8       9.4       -.6       7.7
        .4       2.2       -.3       4.3
        .3       1.6       -.4       3.9
  3874   .087384   .000000  -.996175
  26395.5  21491.5      -.6     41.1     52.6     13.8
      -.5     84.3     52.7     42.1  11158.0  11696.1
       2.5      67.4       1.2      45.8
       -.8       9.3       -.5       9.5
        .1       2.2       -.4       6.5
        .3       1.7       -.4       5.9
  3875   .000000   .000000 -1.000000
  26067.3  19271.7       .1     41.2     52.8      9.9
       .0     84.4     52.9     37.3  10730.2  11360.9
       1.9      73.3        .9      41.3
        .0       8.3       -.3      11.9
        .2       1.9       -.1       8.6
        .3       1.5       -.3       7.7
  3876  -.087384   .000000  -.996175
  26045.8  16919.7      -.1     41.3     52.7      7.9
      -.1     84.4     52.7     32.8   9879.0  10331.3
       1.5      71.5       -.6      41.0
        .6       7.5       -.4      15.1
        .4       1.9       -.2      10.6
        .1       1.5       -.4      10.5
  3877  -.172799   .000000  -.984957
  26245.1  14553.7      -.2     41.6     52.4      8.2
      -.3     84.7     52.9     28.5   9510.9  10116.4
      -3.2      68.6      -1.1      45.0
       -.1      10.1       -.4      18.2
        .3       1.8       -.3      12.7
        .2       1.4       -.5      13.4
  3878  -.254493   .000000  -.967075
  26611.0  12766.8       .0     41.8     56.5     55.3
       .0     84.7     52.9     24.1  11290.0  12227.6
       1.7      71.5      -3.1      45.2
        .3       7.5       -.4      20.9
        .2       1.7       -.3      14.9
        .2       1.3       -.7      15.3
  3879  -.331088   .000000  -.943600
  27222.2  11543.8       .1     41.7     46.7     14.1
       .1     84.9     52.7     19.6  11867.2  12537.9
       1.8      70.7      -3.1      46.3
       1.2       7.6       -.3      22.4
        .3       1.7       -.5      16.7
        .2       1.3       -.8      17.0
  3880  -.465746   .000000  -.884918
  29188.9   9956.4      -.4     41.8     20.5     56.6
      -.4     84.9     52.3     13.1  11951.3  12531.3
       6.8      75.9      -2.6      48.3
       -.3      10.5       -.7      24.4
        .2       3.5       -.5      19.0
        .2       1.2      -1.0      19.6
  3881  -.574426   .000000  -.818557
  31714.2   9040.5       .1     42.0     30.9     85.3
       .2     85.0     49.0     16.3  12839.2  13984.0
       5.2      76.9      -4.0      51.0
        .3      12.2       -.7      26.2
        .3       2.2       -.9      20.4
        .3       1.1      -1.0      22.1
  3882  -.659438   .000000  -.751759
  34905.5   8534.2      -.3     41.9     45.5    103.1
      -.3     85.0     50.4     18.1  13115.1  15738.1
       1.2      79.3      -4.4      52.2
        .9      15.9      -1.6      27.6
        .2       2.2       -.8      21.6
        .3       1.0      -1.5      22.4
  3883  -.724999   .000000  -.688749
  38362.9   8228.0       .0     41.7     38.0    150.7
       .0     84.8     53.2     57.7  12264.3  14490.6
       5.1      73.7      -5.3      53.3
        .0      20.3      -1.1      28.7
        .4       2.2       -.6      22.8
        .3       1.1      -1.5      25.5
  3884  -.775436   .000000  -.631426
  42074.7   8017.2       .4     41.9     50.2    154.3
       .4     84.9     53.2     57.7   7745.4  12509.9
      -2.7      82.8      -5.4      51.4
       -.4      23.8       -.7      29.3
       -.1       8.6       -.9      23.3
        .4       1.2      -1.7      26.7
  3885  -.814421   .000000  -.580275
  45933.3   7897.2       .3     41.9     24.5    164.9
       .3     84.9     53.2     57.7  11898.3  13886.5
        .0      85.7      -6.3      50.9
        .0      26.3      -1.1      30.3
        .3       3.6       -.8      24.3
        .4       1.4      -2.0      30.5
  3886  -.844819   .000000  -.535052
  50136.5   7830.4       .0     41.8     29.3    191.0
       .0     84.8     53.2     57.7  10417.9  12988.7
       2.7      81.5      -7.7      52.8
       -.2      29.7      -1.7      31.0
       1.1       6.5       -.8      23.8
        .3       1.3      -2.8      30.8
  3887  -.868777   .000000  -.495203
  54184.5   7800.0      -.3     41.6     43.1    204.9
      -.3     84.6     53.2     57.7  11682.8  13789.9
       -.5      80.1      -8.5      50.3
       1.8      29.1      -1.3      31.5
      -1.5       9.9       -.5      25.1
        .8       8.0      -3.1      35.7
  3888  -.887877   .000000  -.460082
  58381.0   7771.2      -.5     41.5      4.7    223.3
      -.5     84.5     53.2     57.7  11302.5  14510.8
      -1.4      84.0      -8.3      49.5
        .3      31.7      -1.7      31.5
        .0       9.9       -.9      24.7
        .3       1.8      -3.3      36.9
  3889  -.903278   .000000  -.429057
  62786.7   7798.8      -.3     41.6     44.8    231.0
      -.3     84.5     53.2     57.7  11333.9  14234.1
        .1      83.0      -7.4      47.9
        .0      32.8      -1.2      30.4
       1.2       7.9       -.7      25.9
        .3       2.1      -3.4      40.1
  3890   .840060  -.367526  -.399028
  64187.5  11946.2      -.3     43.3     53.2     28.9
      -.1     23.2     53.2     57.7  35325.3  36416.4
      -5.1      60.4      11.2      49.8
       -.3      25.2       1.0      25.2
        .2      16.3        .3      19.4
        .1      14.5        .4      19.0
  3891   .817505  -.390173  -.423616
  60327.4  12467.3      -.3     43.3     53.2     28.9
      -.6     24.1     53.2     57.7  30707.2  32206.1
      -5.7      58.9      10.7      49.8
        .3      25.9        .6      24.5
        .2      16.5        .2      18.4
        .1      14.8        .7      18.9
  3892   .790440  -.414981  -.450551
  56776.9  13120.6      -.3     43.3     53.2     28.9
      -.1     24.8     53.2     57.7  29763.2  30892.9
      -6.5      61.8       8.7      48.6
       -.2      25.8        .8      23.5
        .0      17.2        .4      18.0
        .3      15.4        .0      17.4
  3893   .757796  -.442047  -.479937
  53523.3  14107.9      -.3     43.3     53.2     28.9
      -.2     25.5     53.2     57.7  26337.5  27675.1
      -6.7      60.7       8.0      50.5
       -.3      26.4        .4      22.3
        .5      17.9        .0      16.9
       -.1      15.9        .3      16.8
  3894   .718269  -.471364  -.511767
  50161.0  15366.2      -.3     43.3     53.2     28.9
      -.3     26.5     53.2     57.7  24846.1  25932.5
      -5.5      58.9       8.7      47.8
       -.3      26.9        .6      22.6
        .2      18.1        .5      16.3
       -.1      16.2        .5      15.8
  3895   .670317  -.502738  -.545830
  47096.7  17068.0      -.3     43.3     53.2     28.9
      -.4     27.3     53.3      9.8  22754.0  23701.2
      -8.4      62.5       8.1      50.1
        .0      27.4        .4      19.4
        .5      18.7        .0      14.0
       -.1      17.2        .6      13.8
  3896   .612205  -.535679  -.581595
  44381.8  19211.2      -.3     43.3     53.2     28.9
      -.5     28.0     53.5     15.0  21316.6  22389.6
      -6.0      59.0       7.5      48.4
       -.8      28.2        .8      19.0
        .0      19.1        .4      13.2
       -.3      17.1        .6      12.5
  3897   .542159  -.569267  -.618061
  41694.4  20376.5      -.3     43.3     55.2      7.9
       .0     29.0     53.5     25.9  19340.5  20693.1
      -6.9      58.5       8.1      50.0
       -.5      27.9        .5      15.4
       -.2      19.2        .4      10.3
       -.3      17.7        .3       9.3
  3898   .458673  -.602008  -.653609
  39715.7  19799.7      -.3     43.3     53.5      8.9
      -.3     29.7     53.4     36.9  18721.1  19632.0
      -8.4      61.3       8.5      54.9
        .2      28.7        .2      11.0
       -.1      19.0        .3       6.5
       -.3      17.6        .2       6.2
  3899   .361020  -.631785  -.685938
  37794.7  18767.5      -.3     43.3     53.3     19.1
      -.2     29.9     53.3     47.8  17829.6  18591.5
      -8.9      59.1      10.7      62.8
       -.5      28.4        .2       8.0
        .0      19.4        .4       3.5
       -.4      17.7        .4       2.9
  3900   .249898  -.655981  -.712208
  36464.2  18256.3      -.3     43.3     53.6     26.2
      -.5     30.5     53.7     54.9  17186.0  17834.1
      -8.1      60.4       8.8      76.2
       -.2      29.1        .7      14.5
       -.7      19.4        .0       2.3
       -.4      17.5        .0       1.4
  3901   .190037  -.665130  -.722141
  35947.5  17959.0      -.3     43.3     53.2     22.0
      -.4     31.1     53.3     50.6  16860.5  17537.8
      -7.9      62.4       3.8      67.3
       -.2      28.9       -.4       8.9
       -.4      19.6       -.3       2.4
       -.5      18.1       -.3       2.1
  3902   .127982  -.671905  -.729496
  35547.8  17760.8      -.3     43.3     53.4     16.9
      -.1     31.4     53.3     45.5  16806.7  17497.1
      -5.3      57.0       1.6      57.0
      -1.1      29.9       -.3       8.5
       -.2      20.4       -.4       4.5
       -.4      18.7       -.3       3.9
  3903   .064388  -.676070  -.734019
  35342.2  17605.3      -.3     43.3     52.9     12.2
       .0     32.2     52.9     40.3  16356.6  16907.6
      -7.4      59.8       1.6      50.7
       -.9      30.3       -.4      10.1
       -.2      20.0       -.3       6.0
       -.1      19.0       -.2       5.6
  3904   .000000  -.677476  -.735545
  34868.6  17449.3      -.3     43.3     52.9      8.4
      -.4     32.3     53.0     35.4  16144.8  16963.5
      -8.6      60.5       -.5      42.4
       -.7      29.5       -.4      11.6
       -.2      20.1       -.3       7.8
        .0      19.6        .0       7.5
  3905  -.064388  -.676070  -.734019
  34932.0  17396.8      2.1     12.5     53.1      7.4
      -.2     32.7     53.1     30.3  14755.5  15766.6
      -4.7      59.2       2.4      44.3
       -.3      29.3       -.5      14.6
       -.1      20.6       -.2       9.9
        .1      20.0       -.1       9.8
  3906  -.127982  -.671905  -.729496
  34971.4  16705.0     11.1     19.9     52.1     10.9
      -.8     32.9     53.1     25.4  15457.2  16233.5
      -5.4      61.1       -.6      45.2
       -.8      29.0       -.4      17.0
        .1      20.9       -.2      12.2
       -.2      21.4       -.4      11.8
  3907  -.190037  -.665130  -.722141
  35290.5  15960.4     13.4     15.3     53.2     28.9
      -.5     32.8     53.3     20.7  15617.8  16247.3
      -8.1      60.4      -2.4      43.7
       -.3      29.1       -.4      19.3
       -.1      20.6       -.3      14.1
       -.1      20.8       -.3      14.8
  3908  -.249898  -.655981  -.712208
  35770.5  14957.1      -.3     43.3     53.2     28.9
      -.3     32.9     53.1     16.7  15700.8  16494.6
      -7.2      58.6      -2.4      45.5
       -.6      28.7       -.6      20.7
       -.1      20.5       -.3      15.4
       -.5      20.8       -.4      16.9
  3909  -.361020  -.631785  -.685938
  36964.0  12868.8     -1.8     13.8     53.2     28.9
      -.8     32.5     52.8     14.1  16089.8  16645.6
      -6.9      59.5      -2.0      46.9
        .1      28.8       -.1      22.4
        .0      20.8       -.4      17.6
       -.1      21.3       -.6      18.5
  3910  -.458673  -.602008  -.653609
  38948.4  11395.1      -.3     43.3     53.2     28.9
      -.6     31.8     52.5     21.0  18111.4  19034.7
      -7.0      58.7      -3.9      48.6
      -1.0      28.6      -1.1      25.8
        .0      20.3       -.4      20.3
        .0      20.7       -.4      20.6
  3911  -.542159  -.569267  -.618061
  41124.7  10377.5    -14.6     64.9     53.2     28.9
      -.1     31.0     53.2     57.7  18932.2  19844.7
      -7.9      59.4      -5.3      48.8
        .3      27.5       -.3      26.0
        .1      19.7       -.4      21.1
       -.2      19.6       -.8      22.4
  3912  -.612205  -.535679  -.581595
  43960.3   9715.3     16.1     71.5    110.6    134.8
      -.4     29.9     53.2     57.7  13960.1  17481.8
      -6.2      61.3      -5.2      50.9
       -.5      27.4       -.5      27.6
       -.3      19.5       -.6      22.8
        .0      19.5       -.5      25.1
  3913  -.670317  -.502738  -.545830
  46990.0   9319.3       .8     81.1     50.3    170.3
      -.8     29.0     53.2     57.7  11460.8  16037.8
      -4.9      62.6      -6.0      51.1
       -.9      27.0      -1.1      29.2
       -.3      18.2       -.8      23.7
        .2      18.8       -.3      29.5
  3914  -.718269  -.471364  -.511767
  50337.8   9007.3     -4.5     82.4     58.9    189.9
       .2     27.7     53.2     57.7  11847.7  14938.9
      -6.1      59.1      -5.3      51.3
       -.1      26.5       -.9      30.4
       -.1      17.9       -.5      25.0
        .3      18.0       -.3      34.0
  3915  -.757796  -.442047  -.479937
  53855.3   8727.7       .6     83.0     38.2    219.0
      -.4     26.9     53.2     57.7  10160.4  13200.0
      -5.5      59.9      -3.5      50.9
       -.1      25.8       -.8      30.6
        .1      17.4       -.6      25.0
       -.2      16.4       -.3      39.2
  3916  -.790440  -.414981  -.450551
  57204.7   8607.4     -1.8     84.7     22.0    242.9
      -.2     26.0     53.2     57.7  11348.6  14994.2
      -5.5      60.0      -7.1      51.3
       -.4      25.7       -.5      31.5
       -.4      16.8      -1.0      25.6
        .0      16.5       -.6      47.4
  3917  -.817505  -.390173  -.423616
  60951.1   8471.8       .1     90.8     56.7    263.9
      -.3     24.8     53.2     57.7   9920.1  12496.5
      -6.5      62.4      -7.3      48.6
        .1      24.8      -1.0      32.0
       -.2      16.3       -.4      26.4
       -.1      16.6       -.1      53.2
  3918  -.840060  -.367526  -.399028
  65078.0   8419.1     -4.1     88.9     84.6    295.9
      -.3     24.1     53.2     57.7  11011.2  14147.0
      -5.8      59.5      -7.7      49.4
       -.4      24.8      -1.1      32.5
       -.3      16.2       -.7      27.8
       -.2      16.3      -1.2      60.1
  3919   .708659  -.620076  -.336613
  75984.7  14081.1      -.3     43.3     53.2     28.9
      -.3     86.6     53.2     57.7  41608.7  43410.4
      -8.3      56.0       7.9      47.8
       -.5      24.4       1.1      23.7
       -.2      21.0        .7      18.6
        .2      21.6        .4      17.5
  3920   .677337  -.646549  -.350984
  72940.4  14768.4      -.3     43.3     53.2     28.9
      -.3     86.6     53.2     57.7  39237.2  41245.2
      -9.1      56.9      10.0      50.6
       -.3      25.2        .9      22.4
        .1      21.6        .1      17.3
       -.3      21.5        .6      17.4
  3921   .641844  -.673936  -.365851
  70257.6  15471.4      -.3     43.3     53.2     28.9
      -.3     86.6     53.2     57.7  37009.2  38575.3
      -7.3      58.9       9.1      54.4
        .0      25.5        .6      22.5
        .0      21.9        .5      16.9
       -.1      22.9        .4      16.4
  3922   .601687  -.701968  -.381068
  67349.2  16127.2      -.3     43.3     53.2     28.9
      -.3     86.6     53.2     57.7  32975.7  34708.2
      -7.6      55.9       7.8      51.4
       -.1      25.0        .4      19.9
       -.5      22.5        .5      14.4
       -.5      23.8        .6      15.0
  3923   .556388  -.730259  -.396426
  64821.9  16246.0      -.3     43.3     53.2     28.9
      -.3     86.6     53.2     57.7  33421.4  34862.0
      -7.4      57.0       9.0      53.5
       -.6      25.5        .7      20.5
        .1      23.0        .3      14.4
       -.3      23.8        .5      14.0
  3924   .505524  -.758286  -.411641
  62532.4  15994.4      -.3     43.3     53.2     28.9
      -.3     86.6     53.1      8.5  32889.4  34431.0
      -9.5      55.7      10.3      58.2
       -.1      26.0        .3      18.8
        .0      23.2        .3      12.2
       -.1      24.3        .3      11.5
  3925   .448787  -.785377  -.426348
  60209.6  15602.8      -.3     43.3     53.2     28.9
      -.3     86.6     53.4     12.0  31276.5  32558.0
      -9.3      54.9       7.4      55.0
      -1.0      26.4        .6      17.3
       -.4      23.6        .4      11.4
       -.4      24.9        .5      10.3
  3926   .386057  -.810720  -.440105
  58356.2  15093.5      -.3     43.3     53.2     28.9
      -.3     86.6     53.1     23.3  30062.2  31584.4
      -8.5      54.9       7.8      56.5
       -.5      27.2        .4      15.9
       -.3      24.0        .4       9.2
       -.3      24.5        .2       8.2
  3927   .317480  -.833386  -.452409
  56704.9  14692.0      -.3     43.3     53.4      6.9
      -.3     86.6     53.4     34.9  29109.8  30244.6
      -8.8      53.7       5.7      60.9
       -.6      27.1        .2      13.3
       -.7      24.3        .4       5.8
       -.3      25.1        .2       5.2
  3928   .243541  -.852392  -.462727
  55604.7  14393.8      -.3     43.3     52.7     18.1
      -.3     86.6     52.8     46.6  28357.4  29437.5
      -9.8      53.1      11.2      72.6
       -.8      27.1        .4      17.1
       -.7      24.6        .2       3.4
       -.7      25.3        .4       2.5
  3929   .165103  -.866792  -.470544
  54874.1  14194.0      -.3     43.3     54.0     26.1
      -.3     86.6     54.0     54.6  28288.5  29444.3
     -10.3      55.6       6.4      87.0
       -.4      27.3        .2      30.1
       -.2      24.6        .3       5.7
       -.9      24.9        .2       1.5
  3930   .124573  -.872008  -.473376
  54282.5  14058.8      -.3     43.3     53.5     20.9
      -.3     86.6     53.5     49.6  27957.3  28832.2
      -6.6      54.0       8.2      76.2
       -.8      27.5       -.6      17.6
       -.6      24.7       -.2       3.5
       -.9      25.5       -.2       1.8
  3931   .083409  -.875791  -.475429
  54002.1  14116.2      -.3     43.3     53.1     15.3
      -.3     86.6     53.2     44.0  27780.6  28677.7
     -10.3      52.5       5.2      70.8
      -1.1      27.3        .1      14.4
       -.7      24.8       -.2       3.7
      -1.2      25.3       -.2       3.4
  3932   .041814  -.878085  -.476675
  53807.0  13940.6      -.3     43.3     53.1      9.8
      -.3     86.6     53.1     38.2  27524.1  28354.8
      -9.8      55.8      -1.2      59.9
        .1      28.1       -.2      12.2
       -.6      25.0       -.2       5.3
       -.6      25.5       -.3       4.6
  3933   .000000  -.878853  -.477092
  53852.6  13894.4      -.3     43.3     53.1      5.3
      -.3     86.6     53.2     32.3  27357.6  28342.3
      -8.5      54.3       1.3      57.3
       -.9      27.7       -.3      13.1
       -.1      24.9       -.2       6.9
        .0      25.0        .0       6.1
  3934  -.041814  -.878085  -.476675
  53847.5  13994.4      -.3     43.3     53.4      4.6
      -.3     86.6     53.1     26.7  26948.4  28396.3
      -9.5      54.5       2.0      55.2
       -.8      27.5       -.4      15.1
       -.8      25.3       -.3       8.7
        .3      25.6        .1       7.6
  3935  -.083409  -.875791  -.475429
  53822.0  13959.4      -.3     43.3     53.2     28.9
      -.3     86.6     53.2     21.0  26958.0  28059.2
     -11.5      55.0      -1.7      53.4
       -.3      28.3       -.3      16.6
        .2      25.3       -.1      10.3
       -.2      25.4       -.2       9.3
  3936  -.124573  -.872008  -.473376
  53984.9  14089.0      -.3     43.3     53.2     28.9
      -.3     86.6     53.1     15.6  26636.3  27579.8
      -9.9      55.8      -1.4      51.4
       -.3      27.7       -.3      17.3
       -.3      25.0       -.3      11.3
       -.1      25.7       -.2      10.8
  3937  -.165103  -.866792  -.470544
  54460.0  14087.4      -.3     43.3     53.2     28.9
      -.3     86.6     53.1     11.0  27534.7  28787.3
      -9.4      56.6      -2.0      51.0
       -.3      27.4       -.4      17.5
        .0      24.9       -.2      12.4
       -.3      25.5       -.3      11.6
  3938  -.243541  -.852392  -.462727
  55174.9  14088.3      -.3     43.3     53.2     28.9
      -.3     86.6     53.5      9.3  28246.4  29098.4
      -8.6      53.2       -.8      50.1
       -.2      27.8       -.1      19.2
       -.4      25.0       -.4      14.0
       -.1      26.5       -.1      13.5
  3939  -.317480  -.833386  -.452409
  56504.9  14000.8      -.3     43.3     53.2     28.9
      -.3     86.6     53.2     57.7  27754.4  28724.5
      -8.9      58.0      -2.2      50.3
       -.4      27.1       -.7      21.5
       -.5      25.1       -.6      17.0
       -.1      25.5       -.3      16.9
  3940  -.386057  -.810720  -.440105
  57981.6  13803.4      -.3     43.3     53.2     28.9
      -.3     86.6     53.2     57.7  27864.2  28748.7
     -11.5      56.6      -4.8      47.5
       -.8      26.8      -1.0      21.4
        .0      24.6       -.1      17.0
        .2      26.0       -.3      17.7
  3941  -.448787  -.785377  -.426348
  59733.2  12949.0      -.3     43.3     53.2     28.9
      -.3     86.6     53.2     57.7  29733.7  31148.0
      -8.6      56.3      -5.0      48.3
       -.3      27.2       -.5      24.4
        .0      24.5       -.5      19.7
       -.5      25.4       -.4      19.6
  3942  -.505524  -.758286  -.411641
  62016.6  12217.4      -.3     43.3     53.2     28.9
      -.3     86.6     53.2     57.7  31982.8  33308.9
     -10.9      56.3      -6.6      49.0
       -.6      26.9       -.5      24.8
        .2      23.7       -.1      20.4
       -.2      23.7       -.2      20.9
  3943  -.556388  -.730259  -.396426
  64363.4  11629.0      -.3     43.3     53.2     28.9
      -.3     86.6     53.2     57.7  32793.0  34205.6
      -8.9      55.7      -5.6      48.2
        .0      26.5       -.1      26.7
       -.5      23.0       -.6      21.5
       -.5      24.9       -.7      21.4
  3944  -.601687  -.701968  -.381068
  67113.5  11116.5      -.3     43.3     53.2     28.9
      -.3     86.6     53.2     57.7  32460.1  35098.6
     -10.5      60.5      -6.6      50.9
       -.8      26.2      -1.3      27.0
       -.1      22.6       -.6      21.9
        .5      25.1        .0      24.1
  3945  -.641844  -.673936  -.365851
  69799.9  10684.2     15.5    190.3    166.4    191.5
      -.3     86.6     53.2     57.7  26359.0  34351.9
     -10.3      56.8      -7.4      45.8
       -.3      25.5       -.7      27.2
       -.2      22.3       -.4      23.0
       -.1      26.1       -.5      25.6
  3946  -.677337  -.646549  -.350984
  72872.1  10244.2    -13.3    186.0      1.0    273.0
      -.3     86.6     53.2     57.7  20462.7  27828.3
      -8.6      57.7      -6.9      49.0
       -.2      25.1       -.7      28.2
        .1      21.3       -.5      23.8
        .6      28.8        .3      31.1
  3947  -.708659  -.620076  -.336613
  76119.6   9971.1    -22.1    196.0    105.7    274.6
      -.3     86.6     53.2     57.7  20997.0  28309.0
     -10.9      60.3      -5.7      46.3
       -.4      25.8       -.9      29.3
        .0      22.7       -.4      25.3
        .1      30.3       -.4      34.5
  3948   .482910  -.845093  -.229382
 111698.7  14818.8      -.3     43.3     53.2     28.9
      -.3     86.6     53.2     57.7  63668.4  66327.5
     -10.0      55.0       9.1      55.3
       -.7      26.2       1.4      22.2
       -.2      23.2        .4      15.0
        .1      23.8        .3      14.1
  3949   .451149  -.861285  -.233777
 109734.5  14613.1      -.3     43.3     53.2     28.9
      -.3     86.6     53.2     57.7  63376.3  65677.7
      -9.7      54.3       6.2      58.0
       -.8      26.8        .7      20.4
       -.6      22.8        .5      13.0
        .1      23.7        .1      11.8
  3950   .417577  -.876913  -.238019
 107934.3  14374.2      -.3     43.3     53.2     28.9
      -.3     86.6     53.2     57.7  62695.2  64265.6
     -10.6      56.0       8.0      59.8
      -1.5      27.7       1.2      21.2
       -.6      22.6        .7      12.9
       -.4      23.6        .6      11.8
  3951   .382204  -.891810  -.242063
 106355.4  14183.5      -.3     43.3     53.2     28.9
      -.3     86.6     53.2     57.7  60698.1  62206.5
     -11.8      52.5       7.1      61.1
      -1.4      27.0       1.3      21.1
       -.2      23.1        .4      11.5
       -.2      24.4        .4      10.4
  3952   .345068  -.905804  -.245861
 104558.9  13959.1      -.3     43.3     53.2     28.9
      -.3     86.6     53.2     57.7  60565.8  62438.5
     -11.1      56.0      11.4      67.8
      -1.0      27.4        .9      21.4
       -.3      23.6        .2      11.7
       -.3      24.0        .2       9.7
  3953   .306238  -.918714  -.249365
 102944.7  13731.0      -.3     43.3     53.2     28.9
      -.3     86.6     53.2     57.7  58806.6  60682.3
     -12.7      57.4      10.4      67.7
      -1.2      27.7       1.2      21.6
       -.8      23.6        .4       9.7
       -.5      23.9        .2       8.3
  3954   .265817  -.930361  -.252527
 101516.2  13531.1      -.3     43.3     53.2     28.9
      -.3     86.6     53.4      7.9  59466.6  60898.3
      -9.9      50.5       7.6      72.5
      -1.5      27.1        .9      19.2
       -.4      23.3        .3       8.7
       -.3      24.5        .4       7.2
  3955   .223945  -.940570  -.255298
 100802.6  13463.4      -.3     43.3     53.2     28.9
      -.3     86.6     53.0     20.0  58170.2  59698.8
     -10.5      52.7      10.1      78.1
      -1.4      27.2        .8      21.2
       -.5      24.0        .3       7.9
       -.8      24.2        .2       5.9
  3956   .180796  -.949177  -.257634
  99614.8  13344.1      -.3     43.3     53.2      4.6
      -.3     86.6     53.1     32.8  57902.5  59623.2
     -10.4      53.5       5.0      84.3
      -1.4      27.3        .5      21.5
       -.7      23.6        .2       5.1
      -1.3      24.8        .2       3.9
  3957   .136577  -.956038  -.259496
  98902.7  13374.2      -.3     43.3     52.6     16.9
      -.3     86.6     52.7     45.4  57511.0  59170.3
     -11.4      54.7       5.9      93.9
      -1.3      27.5       1.4      32.6
      -1.5      23.5        .2       6.8
      -1.0      24.1        .2       2.1
  3958   .091527  -.961030  -.260851
  98534.9  13237.5      -.3     43.3     54.4     25.6
      -.3     86.6     54.2     54.0  56776.4  58491.4
      -9.8      54.7       3.1     101.5
       -.9      27.3       1.7      51.3
      -1.0      23.4        .8      15.1
      -1.3      24.2        .2       5.4
  3959   .068771  -.962796  -.261330
  98389.5  13178.4      -.3     43.3     53.9     20.0
      -.3     86.6     54.0     48.5  56947.1  58392.2
     -13.3      56.6       1.9      99.4
      -1.5      27.3       1.5      37.5
       -.9      23.8       -.1       7.5
      -1.5      25.0       -.1       2.2
  3960   .045908  -.964064  -.261674
  98418.3  13171.6      -.3     43.3     53.6     13.9
      -.3     86.6     53.6     42.4  56789.2  58019.0
      -8.1      52.7       4.7      94.5
       -.9      27.4       -.4      28.4
       -.9      23.8       -.2       6.0
      -1.1      25.0       -.1       2.9
  3961   .022972  -.964827  -.261882
  97908.2  13090.4      -.3     43.3     53.4      7.7
      -.3     86.6     53.4     36.2  56950.1  58463.3
     -13.9      54.4       1.9      83.7
      -1.1      27.2        .0      22.9
       -.7      23.8       -.2       6.2
       -.7      24.9       -.2       3.4
  3962   .000000  -.965081  -.261951
  97972.6  13122.7      -.3     43.3     53.0      2.9
      -.3     86.6     53.3     29.7  56543.5  58316.0
     -10.2      51.1       5.0      81.0
      -1.3      27.6       -.1      20.1
       -.5      23.5       -.1       6.7
      -1.2      24.7       -.2       4.5
  3963  -.022972  -.964827  -.261882
  98024.3  13108.5      -.3     43.3     53.2     28.9
      -.3     86.6     53.5     23.3  55698.3  57847.4
     -11.9      58.3       1.8      78.2
       -.7      27.5       -.2      19.0
       -.9      23.9       -.3       7.3
       -.8      25.1       -.2       5.6
  3964  -.045908  -.964064  -.261674
  98420.6  13135.6      -.3     43.3     53.2     28.9
      -.3     86.6     52.9     17.2  56685.0  58059.9
     -13.5      54.2      -4.8      72.0
      -1.7      28.0       -.8      21.4
       -.6      23.9       -.2       8.9
       -.6      25.6       -.4       6.6
  3965  -.068771  -.962796  -.261330
  98273.0  13273.8      -.3     43.3     53.2     28.9
      -.3     86.6     53.2     10.9  55715.1  57803.8
      -9.8      53.6      -1.7      68.5
       -.9      27.9       -.6      19.2
       -.6      24.4       -.2       8.8
      -1.0      25.2       -.4       7.2
  3966  -.091527  -.961030  -.260851
  98561.3  13193.5      -.3     43.3     53.2     28.9
      -.3     86.6     53.0      5.7  56231.7  58144.8
     -12.0      55.8       1.8      69.8
      -1.1      28.0       -.6      18.4
       -.3      24.1       -.3       9.3
       -.8      25.4       -.3       7.8
  3967  -.136577  -.956038  -.259496
  98841.5  13191.8      -.3     43.3     53.2     28.9
      -.3     86.6     53.2     57.7  55998.6  58433.6
     -11.3      53.1      -2.0      61.6
      -1.2      28.0       -.4      19.5
       -.2      24.5       -.3      10.4
       -.9      25.3       -.4       9.1
  3968  -.180796  -.949177  -.257634
  99636.3  13343.1      -.3     43.3     53.2     28.9
      -.3     86.6     53.2     57.7  57387.0  59577.0
     -11.5      55.6      -3.3      60.1
       -.5      27.6       -.4      19.4
       -.2      24.2       -.3      11.8
        .0      25.9       -.2      10.4
  3969  -.223945  -.940570  -.255298
 100317.0  13505.3      -.3     43.3     53.2     28.9
      -.3     86.6     53.2     57.7  56793.9  58868.7
      -9.3      55.6      -4.5      58.0
       -.8      27.9       -.3      18.6
       -.3      24.5       -.3      12.6
       -.2      25.2       -.4      11.4
  3970  -.265817  -.930361  -.252527
 101384.1  13490.2      -.3     43.3     53.2     28.9
      -.3     86.6     53.2     57.7  58120.5  59852.6
     -10.6      55.8      -4.1      56.1
      -1.0      28.3       -.7      20.9
       -.2      24.5       -.1      13.9
       -.2      26.1       -.3      12.9
  3971  -.306238  -.918714  -.249365
 102828.9  13613.2      -.3     43.3     53.2     28.9
      -.3     86.6     53.2     57.7  58248.6  60473.7
     -11.3      54.1      -6.7      54.0
      -1.0      28.0       -.9      20.7
       -.5      24.1       -.3      14.0
       -.4      26.0       -.4      12.9
  3972  -.345068  -.905804  -.245861
 104063.5  13802.6      -.3     43.3     53.2     28.9
      -.3     86.6     53.2     57.7  60162.8  62178.7
     -10.3      49.4      -6.1      52.1
      -1.1      28.0       -.9      22.1
       -.1      24.6       -.2      16.0
       -.4      25.5       -.6      15.4
  3973  -.382204  -.891810  -.242063
 105792.8  13927.6      -.3     43.3     53.2     28.9
      -.3     86.6     53.2     57.7  60284.0  62363.5
      -9.9      55.9      -5.3      50.2
      -1.0      27.6      -1.0      21.5
        .0      24.2       -.2      15.5
       -.1      25.5       -.4      15.2
  3974  -.417577  -.876913  -.238019
 107705.0  13797.4      -.3     43.3     53.2     28.9
      -.3     86.6     53.2     57.7  62396.6  64519.7
      -9.2      55.6      -3.9      48.9
       -.6      28.4       -.4      23.5
       -.4      24.0       -.5      17.4
       -.4      26.0       -.5      17.1
  3975  -.451149  -.861285  -.233777
 109519.7  13918.7      -.3     43.3     53.2     28.9
      -.3     86.6     53.2     57.7  61148.2  63344.6
     -11.1      55.1      -6.0      45.0
       -.9      27.5       -.7      22.8
       -.5      24.0       -.5      18.1
       -.2      26.1       -.4      17.5
  3976  -.482910  -.845093  -.229382
 111684.4  13641.7      -.3     43.3     53.2     28.9
      -.3     86.6     53.2     57.7  60052.4  62055.6
      -6.5      55.0      -5.1      46.1
      -1.0      27.1       -.9      23.3
        .1      24.7       -.2      19.8
        .0      25.9       -.1      20.1
  3977   .337328  -.927651  -.160231
 160054.0  13881.5      -.3     43.3     53.2     28.9
      -.3     86.6     53.2     57.7  97795.5 101341.3
      -9.4      56.0       6.9      61.6
      -1.3      28.2        .9      23.0
        .2      24.2        .2      12.3
       -.5      24.6        .4      10.7
  3978   .312066  -.936198  -.161707
 158935.1  13819.4      -.3     43.3     53.2     28.9
      -.3     86.6     53.2     57.7  94267.3  98006.3
      -8.8      49.4       7.3      68.5
       -.7      28.2        .9      24.0
       -.8      24.4        .4      11.6
       -.7      24.7        .4       9.7
  3979   .286124  -.944211  -.163091
 157790.3  13691.8      -.3     43.3     53.2     28.9
      -.3     86.6     53.2     57.7  93444.5  97748.4
      -7.3      51.6       6.2      71.1
      -1.2      28.3       1.0      24.4
       -.5      24.8        .4      11.2
       -.6      24.9        .4       9.3
  3980   .259539  -.951641  -.164374
 156179.0  13663.3      -.3     43.3     53.2     28.9
      -.3     86.6     53.2     57.7  94053.0  96946.2
      -9.4      53.0       7.2      73.8
      -1.2      28.0       1.4      24.9
       -.4      24.9        .3      10.4
        .0      25.1        .3       8.4
  3981   .232349  -.958440  -.165549
 155177.7  13417.1      -.3     43.3     53.2     28.9
      -.3     86.6     53.2     57.7  93598.3  96348.1
     -11.4      52.8       7.2      83.3
      -1.6      28.5       1.2      25.6
       -.4      24.8        .5       9.5
       -.8      24.9        .4       7.8
  3982   .204604  -.964562  -.166606
 154009.3  13432.6      -.3     43.3     53.2     28.9
      -.3     86.6     53.2     57.7  93906.0  95699.3
      -9.8      51.3      10.6      83.9
      -1.3      27.9        .9      27.2
       -.7      24.7        .4       9.8
      -1.0      24.7        .4       6.8
  3983   .176357  -.969963  -.167539
 153449.0  13331.8      -.3     43.3     53.2     28.9
      -.3     86.6     53.2      5.7  93648.1  96270.8
      -7.5      49.6      10.7      88.7
      -1.1      28.4       1.1      27.7
       -.7      24.4        .3       8.7
       -.8      25.0        .3       5.8
  3984   .147667  -.974605  -.168341
 152741.2  13348.2      -.3     43.3     53.2     28.9
      -.3     86.6     53.3     18.6  92663.0  95425.7
      -9.2      53.4      13.0      94.4
      -1.7      28.2       1.4      31.1
       -.8      24.5        .1       8.4
      -1.2      24.5        .2       5.2
  3985   .118600  -.978453  -.169006
 152075.4  13305.6      -.3     43.3     52.8      3.6
      -.3     86.6     52.8     31.8  92818.9  95044.7
     -10.8      49.4       4.7      98.9
      -1.3      28.3        .8      33.8
      -1.1      24.6        .3       7.9
       -.5      24.8        .1       4.0
  3986   .089225  -.981478  -.169528
 151940.3  13189.5      -.3     43.3     52.6     16.2
      -.3     86.6     52.6     44.6  91775.6  94832.8
      -9.5      53.6       9.8     112.4
      -2.2      28.6        .5      46.5
      -1.0      24.3       -.2      11.6
       -.6      24.9        .1       4.7
  3987   .059616  -.983656  -.169904
 151744.5  13256.5      -.3     43.3     54.0     25.3
      -.3     86.6     54.0     53.3  91580.6  94087.5
     -12.1      54.4       5.3     116.6
      -1.7      28.3       2.5      65.8
      -1.0      24.2        .1      27.8
       -.9      24.7       -.3      10.9
  3988   .044746  -.984421  -.170036
 151300.1  13151.8      -.3     43.3     54.2     19.5
      -.3     86.6     54.0     47.9  91756.6  94702.6
     -11.9      56.1      -3.3     115.2
      -1.8      28.6        .3      51.8
       -.2      24.3       -.7      14.4
       -.9      25.0        .0       4.6
  3989   .029848  -.984969  -.170131
 151270.5  13187.0      -.3     43.3     53.9     13.1
      -.3     86.6     53.9     41.4  91292.3  94181.5
     -13.1      56.1       2.4     106.3
      -1.5      28.5        .0      39.8
       -.9      24.3       -.2      11.6
       -.8      25.1       -.1       4.5
  3990   .014929  -.985299  -.170188
 151184.9  13219.5      -.3     43.3     53.4     11.3
      -.3     86.6     53.7     35.1  92682.4  94992.4
     -12.0      54.6      -1.5     102.0
      -1.9      28.0        .0      33.5
      -1.1      24.5       -.3       9.0
      -1.7      24.9       -.1       3.1
  3991   .000000  -.985408  -.170207
 151187.6  13154.6      -.3     43.3     53.2      1.6
      -.3     86.6     53.3     28.7  91521.0  93489.9
     -11.8      54.0        .9      97.6
      -1.9      28.4       -.1      29.4
       -.7      24.8        .1       8.1
       -.7      25.0       -.1       4.4
  3992  -.014929  -.985299  -.170188
 151047.6  13059.7      -.3     43.3     53.2     28.9
      -.3     86.6     53.6     22.1  90495.2  94429.1
     -11.2      54.1       4.3      93.6
      -1.5      28.1        .0      28.8
      -1.0      24.2       -.1       8.4
      -1.0      25.1       -.2       5.1
  3993  -.029848  -.984969  -.170131
 151060.0  13127.0      -.3     43.3     53.2     28.9
      -.3     86.6     53.3     15.4  90528.8  93918.2
     -12.0      50.7       5.2      97.7
      -1.6      28.9       -.4      26.8
      -1.0      24.8       -.1       8.4
      -1.2      25.4       -.2       5.9
  3994  -.044746  -.984421  -.170036
 151208.2  13127.3      -.3     43.3     53.2     28.9
      -.3     86.6     53.3      9.0  91128.4  93921.9
      -8.5      53.3       4.3      85.8
      -1.8      28.4        .0      26.5
       -.5      24.8       -.3       8.0
       -.9      25.5       -.2       5.8
  3995  -.059616  -.983656  -.169904
 151390.4  13129.2      -.3     43.3     53.2     28.9
      -.3     86.6     53.2      3.4  91493.1  93642.6
     -11.0      53.9        .2      88.8
      -1.2      28.3       -.5      24.6
       -.9      24.6       -.2       8.5
      -1.3      24.8       -.3       6.1
  3996  -.089225  -.981478  -.169528
 151411.7  13177.9      -.3     43.3     53.2     28.9
      -.3     86.6     53.2     57.7  90965.7  94034.4
      -9.9      49.2      -3.0      76.1
      -1.6      29.1       -.4      24.8
       -.7      25.0       -.2       9.8
       -.3      25.8       -.2       7.4
  3997  -.118600  -.978453  -.169006
 152223.3  13235.8      -.3     43.3     53.2     28.9
      -.3     86.6     53.2     57.7  91913.5  95080.1
     -12.3      53.0        .2      75.4
      -1.8      28.5      -1.0      23.3
       -.9      24.8       -.5       9.3
       -.7      25.5       -.4       7.9
  3998  -.147667  -.974605  -.168341
 152540.3  13260.1      -.3     43.3     53.2     28.9
      -.3     86.6     53.2     57.7  91633.6  94024.5
     -11.7      53.3      -5.6      73.9
      -1.5      28.4       -.5      21.7
      -1.1      25.1       -.4      10.6
       -.6      26.5       -.5       8.9
  3999  -.176357  -.969963  -.167539
 153376.0  13231.7      -.3     43.3     53.2     28.9
      -.3     86.6     53.2     57.7  91279.7  95045.6
     -11.1      52.9      -3.9      67.0
      -1.2      29.1       -.4      22.1
       -.8      25.1       -.4      11.3
       -.5      26.2       -.5       9.6
  4000  -.204604  -.964562  -.166606
 154195.4  13429.0      -.3     43.3     53.2     28.9
      -.3     86.6     53.2     57.7  93329.4  96026.8
      -8.2      56.3      -4.2      64.1
      -1.3      28.8       -.9      22.7
       -.7      25.4       -.2      12.0
       -.6      25.3       -.2      10.4
  4001  -.232349  -.958440  -.165549
 155350.0  13477.5      -.3     43.3     53.2     28.9
      -.3     86.6     53.2     57.7  95119.5  97106.5
     -13.6      56.7      -7.5      59.3
      -1.2      28.7       -.8      21.9
       -.8      25.1       -.5      12.8
       -.6      25.7       -.5      11.1
  4002  -.259539  -.951641  -.164374
 156213.2  13649.3      -.3     43.3     53.2     28.9
      -.3     86.6     53.2     57.7  91239.8  93588.8
      -9.4      53.8      -6.3      56.9
      -1.5      29.5      -1.0      21.3
       -.1      25.4       -.3      13.1
        .1      25.8        .0      12.0
  4003  -.286124  -.944211  -.163091
 157419.7  13755.6      -.3     43.3     53.2     28.9
      -.3     86.6     53.2     57.7  96237.0  99052.2
      -8.5      49.5      -9.6      57.0
      -1.0      28.4       -.7      21.4
       -.5      24.7       -.5      13.7
        .0      25.4       -.4      12.5
  4004  -.312066  -.936198  -.161707
 158753.5  13815.8      -.3     43.3     53.2     28.9
      -.3     86.6     53.2     57.7  94933.7  98487.5
      -9.5      51.5      -5.2      50.7
      -1.2      28.8      -1.3      21.4
       -.6      25.3       -.3      14.2
        .0      25.6        .0      13.0
  4005  -.337328  -.927651  -.160231
 160094.6  13947.8      -.3     43.3     53.2     28.9
      -.3     86.6     53.2     57.7  95527.1  99646.7
     -12.6      55.7      -6.3      44.6
      -1.0      29.3       -.7      21.8
       -.2      24.9       -.3      15.0
       -.4      25.7       -.5      14.4
