CMSSWn_150x100:unif_field,3.8T@20deg,270um,rhe=0.8645(mu_H=0.058),rhh=0.70      
    31   1  3.80  28   3  29   1  300.00  283.00     .00 1.00000  1500.0   -5.60   19.02  150.  100.  270.  1500.0   -2.80    9.51    1.50    1.20     .60
  4006  -.105828   .952448  -.285734
  88938.5  13202.6     -2.8     43.3      9.5     28.9
     -2.8     86.6      9.8     26.4  51503.2  52853.5
      13.6      55.1       6.7      75.5
       1.5      24.9        .5      17.0
       1.5      21.4        .1       6.6
       1.8      22.1        .1       5.3
  4007  -.114443   .944153  -.308995
  82335.1  13231.2     -2.8     43.3      9.5      2.0
     -2.8     86.6      9.8     26.6  47726.6  48885.4
      15.0      57.8       4.4      73.4
       1.8      28.2        .1      14.8
        .7      26.2        .3       6.8
       1.5      26.7        .1       5.4
  4008  -.124476   .933570  -.336085
  75710.6  13326.7     -2.8     43.3     10.5      3.9
     -2.8     86.6      9.4     27.1  41999.1  43694.8
      13.8      54.4       5.6      66.2
       1.3      24.4        .1      13.8
       1.5      20.9        .1       6.8
       1.2      21.3        .1       5.6
  4009  -.136269   .919816  -.367926
  69233.2  13355.6     -2.8     43.3      9.5      3.3
     -2.8     86.6      9.7     27.5  38277.5  39793.1
      14.9      56.8       2.3      63.0
       1.5      27.5        .4      14.2
        .9      25.4        .2       7.0
       1.1      26.2        .3       6.0
  4010  -.150261   .901568  -.405706
  62649.6  13521.6     -2.8     43.3     10.0      4.1
     -2.8     86.6      9.8     27.9  33866.6  35560.3
      11.8      56.1       1.6      59.0
       1.5      24.4        .0      12.6
       1.6      20.9        .0       7.3
       1.2      21.0        .2       6.1
  4011  -.167009   .876798  -.450925
  56540.9  13849.0     -2.8     43.3      9.9      4.6
     -2.8     86.6      9.6     28.4  29556.7  30943.8
       8.3      51.8       3.6      54.3
       1.6      26.3        .0      12.6
       1.0      24.5        .1       7.6
       1.3      26.3        .1       6.7
  4012  -.187186   .842336  -.505402
  50580.7  14277.2     -2.8     43.3      9.8      4.5
     -2.8     86.6      9.7     29.1  26071.3  26975.2
       8.0      50.9       -.3      53.5
       1.7      23.7        .0      12.8
       1.0      19.9        .1       7.8
       1.1      20.2        .3       7.0
  4013  -.211513   .793174  -.571085
  44896.5  14977.9     -2.8     43.3      9.8      5.1
     -2.5     15.1      9.4     29.8  21982.1  22865.8
      12.6      54.0       1.1      51.6
       1.1      25.2        .1      12.5
       1.1      22.8        .2       8.2
       1.2      25.1        .1       7.9
  4014  -.240493   .721479  -.649331
  39360.1  16339.8     -2.8     43.3      9.8      5.8
     -1.8     20.1      9.8     30.7  18550.6  19362.2
       7.2      58.1        .1      46.1
       1.3      28.0        .3      12.5
        .8      21.1        .3       8.5
       1.2      21.1        .1       8.2
  4015  -.273665   .615745  -.738895
  34778.7  18381.3     -1.7     12.3      9.7      6.3
     -1.8     37.2      9.7     31.9  15534.4  16457.0
       7.8      58.4        .8      45.9
       1.3      25.4       -.3      13.1
        .5      17.8        .4       9.1
       1.0      16.5        .2       9.0
  4016  -.308021   .462031  -.831656
  30834.9  19850.3     -2.2     13.3      9.5      7.1
     -1.8     54.2      9.7     32.6  13464.5  14196.6
       5.5      49.5       -.2      41.9
       1.3      16.7       -.2      12.7
        .8      12.2        .1       9.4
       1.2      11.7        .2       9.3
  4017  -.336099   .252074  -.907467
  28270.4  19361.3     -2.0     27.3      9.6      7.1
     -2.0     70.3      9.6     33.4  11879.9  12605.4
       8.7      50.2      -3.2      39.5
       1.0       8.8       -.1      12.8
        .9       6.5        .1       9.6
        .8       6.3        .3       9.4
  4018  -.347314   .000000  -.937749
  27261.7  18606.9     -2.8     41.5      9.6      6.8
     -2.8     84.7      9.5     33.2  11406.8  11923.3
       3.5      66.7      -3.6      36.7
        .6      10.2       -.2      13.0
        .8       2.9        .1       9.9
        .9        .6        .1       9.1
  4019  -.344406  -.129152  -.929895
  27472.5  18759.5     -1.9     36.4     10.0      7.1
     -1.9     79.4      9.4     33.2  11775.2  12328.0
      -3.1      59.2      -2.4      39.1
        .7       7.3       -.1      12.8
        .5       2.9        .1       9.8
        .6       2.7        .0       9.3
  4020  -.336099  -.252074  -.907467
  28247.3  19298.6     -2.4     28.9      9.6      7.3
     -2.3     71.8      9.6     33.3  11934.5  12691.0
        .0      54.0      -3.4      38.9
        .6       8.1        .0      13.0
        .9       5.9        .3       9.7
        .7       5.8        .0       9.3
  4021  -.323497  -.363934  -.873442
  29188.0  19769.6     -2.1     21.2      9.6      7.2
     -2.1     63.7      9.6     32.9  12562.1  13243.6
      -2.0      47.6      -4.4      40.5
        .6      11.6        .0      12.8
        .7       8.9        .0       9.7
        .6       8.6        .2       9.3
  4022  -.308021  -.462031  -.831656
  30874.5  19528.1     -2.3     14.3      9.8      7.1
     -2.1     55.9      9.7     32.5  13394.6  14279.6
      -3.9      48.7      -3.1      41.8
        .6      15.5       -.1      12.8
        .7      11.7        .2       9.4
        .7      11.2        .1       9.1
  4023  -.291042  -.545704  -.785813
  32606.8  19441.4     -2.4     10.1      9.7      6.8
     -2.4     47.5      9.8     32.1  14227.3  15072.8
      -4.6      51.1      -5.0      43.7
       -.1      19.6        .0      12.5
        .8      14.3        .3       9.2
        .5      13.9        .1       9.0
  4024  -.273665  -.615745  -.738895
  34571.9  18682.7     -2.3     12.7      9.7      6.6
     -2.2     38.6      9.7     31.6  15656.9  16326.5
      -5.7      54.1      -2.7      42.6
        .2      23.8       -.1      12.6
        .6      17.0        .2       9.1
        .4      16.0        .0       8.9
  4025  -.240493  -.721479  -.649331
  39474.6  16836.4     -2.8     43.3      9.8      5.8
     -1.9     21.7      9.7     30.7  18654.5  19317.9
      -6.8      56.4      -3.3      45.3
        .2      27.8        .0      12.4
        .5      20.7        .0       8.7
        .4      20.2        .2       8.1
  4026  -.211513  -.793174  -.571085
  44639.7  15436.6     -2.8     43.3     10.2      5.1
     -1.8     14.8      9.6     29.7  22004.3  22946.5
      -7.0      53.1      -6.1      48.8
        .5      25.6        .1      12.4
        .0      22.5       -.1       8.3
        .5      25.0        .2       7.8
  4027  -.187186  -.842336  -.505402
  50609.6  14533.0     -2.8     43.3     10.0      4.8
     -2.8     86.6      9.8     29.0  26031.2  27110.1
      -8.3      56.0      -6.9      51.8
        .8      23.8        .2      12.0
        .7      19.5        .2       7.8
        .5      20.4        .2       7.1
  4028  -.167009  -.876798  -.450925
  56532.6  13999.3     -2.8     43.3     10.1      4.3
     -2.8     86.6      9.8     28.5  29673.5  30793.0
      -9.8      56.2      -4.9      58.9
        .1      26.3       -.2      12.3
        .4      24.3        .2       7.5
        .3      25.1        .2       6.7
  4029  -.150261  -.901568  -.405706
  62558.8  13768.8     -2.8     43.3      9.4      4.2
     -2.8     86.6      9.7     27.8  33930.6  35209.6
     -10.3      55.5      -9.0      56.2
       -.1      24.2       -.1      12.2
        .6      20.3        .1       7.2
        .4      21.4        .1       6.2
  4030  -.136269  -.919816  -.367926
  69173.2  13514.3     -2.8     43.3     10.1      3.1
     -2.8     86.6     10.0     27.3  38865.3  40091.9
     -13.9      54.7      -7.4      62.0
       -.1      27.3       -.3      13.3
        .9      25.1        .2       7.0
        .1      25.6        .2       5.9
  4031  -.124476  -.933570  -.336085
  75767.4  13375.0     -2.8     43.3     10.3      3.9
     -2.8     86.6      9.7     26.9  42468.1  43744.2
     -12.4      55.6      -8.8      69.1
        .2      24.4       -.1      13.9
        .5      21.3        .2       7.0
        .3      22.0        .2       5.6
  4032  -.114443  -.944153  -.308995
  82264.4  13228.1     -2.8     43.3     10.0      2.2
     -2.8     86.6      9.8     26.6  47014.9  48287.1
      -8.3      57.1      -7.2      70.1
        .5      28.1        .1      14.6
        .4      25.9        .2       6.7
        .2      25.8        .2       5.5
  4033  -.105828  -.952448  -.285734
  88962.7  13243.6     -2.8     43.3      9.5     28.9
     -2.8     86.6      9.5     26.4  51070.1  52589.1
      -9.9      52.0      -6.6      79.7
        .0      24.9       -.2      16.2
        .7      21.7        .2       6.4
        .3      22.1        .1       5.2
  4034   .872340  -.130851  -.471064
  54996.4   9787.0     -2.3     26.2      9.5     28.9
     -2.3     69.3      9.5     57.7  30117.9  31439.9
      -6.1      60.6       7.0      46.1
        .3      10.7        .7      24.0
        .8       4.4        .3      19.1
        .7       4.0        .7      19.8
  4035   .848868  -.141478  -.509321
  50776.6   9998.2     -2.3     26.2      9.5     28.9
     -2.3     69.5      9.5     57.7  27256.2  28240.5
      -9.5      65.7       8.1      48.2
        .2      11.0        .8      24.6
        .6       4.4        .6      19.3
        .7       4.1        .8      18.8
  4036   .819017  -.153566  -.552837
  46737.8  10442.5     -1.9     26.7      9.5     28.9
     -2.1     69.8      9.5     57.7  24785.5  25631.1
      -7.0      63.5       8.5      45.9
        .3      10.2        .4      23.6
        .6       4.8        .5      18.2
        .6       4.5        .8      18.6
  4037   .780626  -.167277  -.602197
  42669.4  10896.1     -2.2     27.0      9.5     28.9
     -2.4     70.1      9.5     57.7  21798.8  22537.0
      -7.7      60.8       8.8      47.0
        .3       8.7        .9      23.4
        .5       4.9        .6      18.1
        .6       4.6        .6      17.7
  4038   .730784  -.182696  -.657706
  38838.2  11670.8     -2.0     27.3      9.5     28.9
     -2.2     70.3      9.9     15.4  19936.0  20690.3
      -7.0      56.1       7.0      46.6
        .5       8.7        .9      22.1
        .7       5.1        .5      16.0
        .6       4.9        .6      16.4
  4039   .665721  -.199716  -.718978
  35509.5  12949.0     -2.0     27.8      9.5     28.9
     -2.1     70.8      9.9     10.5  16682.4  17302.8
      -9.1      58.0       5.3      43.9
        .6       8.3        .6      20.7
        .5       5.4        .5      15.8
        .7       5.2        .5      15.8
  4040   .580932  -.217849  -.784258
  32676.0  15066.5     -1.9     28.2      9.5     28.9
     -2.1     71.1     10.2     19.4  15337.7  16110.5
     -10.4      55.9       6.2      42.3
        .3       8.6        .8      19.3
        .6       5.4        .6      13.7
        .6       5.4        .6      13.0
  4041   .471929  -.235965  -.849473
  30202.9  19100.0     -2.0     28.3      9.9      6.4
     -2.0     71.4      9.8     30.1  12593.5  13787.4
      -8.1      55.1       5.3      44.3
        .8       8.2        .7      14.1
        .7       5.6        .1      10.2
        .7       5.6        .3      10.1
  4042   .336099  -.252074  -.907467
  28195.3  23057.1     -2.4     28.6     10.1     12.6
     -2.5     71.7     10.0     40.9  12851.1  13330.1
     -10.0      57.6       3.1      45.6
        .7       7.8        .3       8.5
        .5       5.8        .4       6.4
        .6       5.5        .5       6.0
  4043   .175655  -.263482  -.948537
  26843.6  22294.4     -2.4     28.7      9.8     22.4
     -2.4     71.7      9.8     51.2  12395.1  12863.8
      -6.6      51.8       3.8      57.7
        .6       8.1        .5       5.7
        .7       5.8        .4       2.4
        .6       5.6        .4       2.3
  4044   .000000  -.267644  -.963518
  26371.3  21809.7     -1.9     28.9     10.0     24.6
     -1.9     71.9     10.0     53.4  11691.8  12478.5
      -5.4      51.8        .3      59.0
        .7       7.8       -.1       6.3
        .7       5.7        .1       1.6
        .7       5.4        .1       1.5
  4045  -.088862  -.266585  -.959706
  26644.7  21944.6     -2.5     28.8      9.8     19.9
     -2.4     71.9      9.8     48.5  11785.5  12276.8
      -2.3      49.8        .1      46.0
        .3       8.3        .0       5.8
        .6       5.9        .0       3.7
        .5       5.6        .0       3.5
  4046  -.175655  -.263482  -.948537
  26817.3  22128.9     -2.1     29.0      9.7     15.0
     -2.1     72.1      9.6     43.4  11945.7  12421.3
      -3.5      50.0      -5.4      48.3
        .5       7.7        .0       7.6
        .4       5.9        .2       5.6
        .9       5.6        .0       5.4
  4047  -.258544  -.258544  -.930758
  27419.7  21618.1     -2.2     29.0      9.8     10.4
     -2.3     72.2      9.7     38.3  12231.6  12825.0
      -3.5      51.2      -4.9      39.4
        .6       8.0        .3      10.3
        .8       6.0        .3       7.6
        .6       5.7        .0       7.4
  4048  -.336099  -.252074  -.907467
  28254.9  19375.5     -1.8     28.8      9.9      7.3
     -1.9     71.9      9.7     33.0  12020.8  12703.2
      -2.0      50.7      -4.2      38.1
        .3       8.1       -.1      12.9
        .6       5.8        .3       9.6
        .6       5.8        .1       9.4
  4049  -.407380  -.244428  -.879941
  29059.2  16589.2     -2.0     28.6      9.8      8.2
     -2.1     71.8      9.7     27.7  12450.0  13356.7
      -1.0      52.4      -3.9      40.5
        .3       7.6       -.2      15.7
        .7       5.9        .2      11.4
        .7       6.0        .1      11.6
  4050  -.471929  -.235965  -.849473
  30182.5  14756.5     -2.3     28.6      7.3     14.4
     -2.3     71.6     10.0     22.7  14226.6  14805.5
      -4.8      50.7      -3.2      43.2
        .7       8.0        .1      18.3
        .6       5.7        .1      13.4
        .6       5.7        .3      13.0
  4051  -.529695  -.227012  -.817244
  31235.0  13401.9     -2.2     28.3      9.5     28.9
     -2.2     71.4      9.7     17.7  14723.6  15277.3
      -1.9      54.4      -5.3      44.4
        .6       7.6        .1      20.4
        .5       5.6        .0      15.4
        .7       5.6        .2      14.9
  4052  -.580932  -.217849  -.784258
  32617.2  12455.6     -2.2     28.4      9.5     28.9
     -2.2     71.3      9.6     13.5  15167.9  15675.2
       1.0      49.9      -3.9      42.4
        .6       7.8        .0      21.3
        .6       5.4       -.3      16.2
        .8       5.4        .0      16.5
  4053  -.665721  -.199716  -.718978
  35852.6  11176.5     -2.1     27.7      9.5     28.9
     -2.1     70.8      9.2     12.5  17115.2  17925.3
        .7      54.0      -3.9      44.8
        .3       8.8       -.2      22.1
        .5       5.5       -.2      16.9
        .5       5.4       -.1      17.7
  4054  -.730784  -.182696  -.657706
  39173.0  10295.5     -2.1     27.5      9.5     28.9
     -2.1     70.5      9.5     57.7  20007.7  20683.3
        .2      54.5      -3.4      45.8
        .4       8.6        .1      24.2
        .6       5.4       -.4      18.6
        .7       4.8        .1      18.5
  4055  -.780626  -.167277  -.602197
  43195.8   9810.3     -2.3     27.0      9.5     28.9
     -2.3     70.1      9.5     57.7  21920.5  23113.0
      -1.5      62.1      -9.3      48.7
        .8       9.9       -.2      24.1
        .6       5.1       -.2      19.0
        .6       4.8        .1      20.0
  4056  -.819017  -.153566  -.552837
  47088.3   9442.2     -2.4     26.9      9.5     28.9
     -2.3     69.9      9.5     57.7  25400.4  26243.6
       2.1      64.4      -6.9      49.8
       1.0       9.8       -.2      25.7
        .5       4.8       -.3      19.9
        .8       4.4        .0      20.1
  4057  -.848868  -.141478  -.509321
  51240.6   9149.5     -1.9     26.6      9.5     28.9
     -2.0     69.4      9.5     57.7  26668.6  28187.3
       2.0      59.6      -7.2      45.3
        .6      10.7       -.1      25.2
        .5       4.6       -.1      20.7
        .7       4.1       -.1      21.4
  4058  -.872340  -.130851  -.471064
  55457.4   9052.0     -2.1     27.3      9.5     28.9
     -2.2     69.2      9.5     57.7  30439.9  31800.0
       1.1      63.3      -9.2      47.4
        .9      11.0       -.3      26.0
        .7       4.3        .0      20.6
        .7       3.7        .0      21.4
  4059  -.891017  -.121502  -.437408
  59896.8   8932.3     -2.2     26.1      9.5     28.9
     -2.2     69.0      9.5     57.7  32041.6  33640.3
       3.9      65.8      -8.7      46.9
        .8      11.9        .0      25.8
        .5       4.4        .0      21.4
        .7       3.7       -.3      22.7
  4060  -.906054  -.113257  -.407724
  64556.0   8841.7     -2.4     26.0      9.5     28.9
     -2.4     68.9      9.5     57.7  35126.7  37543.7
       3.9      66.7      -8.0      46.4
        .8      12.7       -.7      26.2
        .7       4.1        .0      20.9
        .6       3.5       -.5      22.2
  4061  -.918298  -.105957  -.381447
  69082.3   8780.4     -1.8     26.4      9.5     28.9
     -1.9     68.4      9.5     57.7  37104.6  40090.1
        .2      67.6      -8.2      45.8
        .7      13.9       -.9      26.1
        .7       4.2        .3      21.9
        .6       3.4       -.2      23.8
  4062  -.928375  -.099469  -.358087
  73500.1   8747.0     -1.8     25.9      9.5     28.9
     -1.9     68.5      9.5     57.7  38724.5  42754.4
       4.7      72.8      -8.4      46.5
        .9      13.8       -.4      26.3
        .6       3.8       -.2      21.5
        .7       3.3       -.3      25.5
  4063   .850763  -.255229  -.459412
  56261.1   9988.0     -2.0      9.3      9.5     28.9
     -2.0     51.1      9.5     57.7  30335.5  31499.9
      -8.5      56.4       8.0      45.1
        .5      14.1        .6      24.1
        .6       9.0        .5      19.2
        .7       8.2        .4      20.2
  4064   .824475  -.274825  -.494685
  52212.5  10353.3     -2.0      9.9      9.5     28.9
     -2.6     51.6      9.5     57.7  27112.2  28684.6
      -8.0      53.3       9.3      48.4
        .5      14.4        .4      24.7
        .7       8.9        .6      19.3
        .7       8.3        .6      19.0
  4065   .791497  -.296812  -.534261
  48227.5  10726.4     -2.0     10.3      9.5     28.9
     -2.4     52.2      9.5     57.7  25396.8  26427.6
      -6.7      53.4       6.6      47.6
        .3      14.7        .9      23.0
        .6       9.6        .5      18.1
        .7       9.2        .1      18.5
  4066   .749790  -.321338  -.578409
  44412.9  11399.0     -2.3     10.9      9.5     28.9
     -2.2     52.5      9.5     57.7  22247.8  23187.6
      -7.0      51.3       7.1      45.9
        .4      14.7        .9      22.4
        .5      10.0        .7      18.2
        .8       9.2        .3      18.3
  4067   .696733  -.348367  -.627060
  40912.8  12340.5     -1.9     11.8      9.5     28.9
     -2.1     53.3     10.3     15.5  20326.3  21213.5
      -8.4      50.2       6.4      47.1
        .5      14.9        .8      21.5
        .5      10.4        .7      16.5
        .8      10.0        .1      16.8
  4068   .629142  -.377485  -.679474
  37785.6  13800.2     -2.3     12.3      9.5     28.9
     -2.1     54.0      9.9     10.7  17777.3  18428.7
      -4.4      46.8       5.8      45.2
        .6      15.4        .6      20.0
        .4      10.9        .6      15.3
        .7      10.2        .6      15.9
  4069   .543526  -.407645  -.733761
  34945.8  16234.0     -2.3     13.0      9.5     28.9
     -2.3     54.6      9.9     19.0  16399.5  17246.4
      -7.3      52.1       4.8      44.8
        .6      15.2        .4      18.8
        .6      11.1        .3      13.5
        .6      10.5        .5      13.3
  4070   .436852  -.436852  -.786334
  32504.1  20083.5     -2.2     13.7     10.1      6.8
     -2.3     55.1      9.9     29.8  14074.1  15132.6
      -5.6      46.1       4.4      43.2
        .5      15.6        .3      13.7
        .5      11.4        .4       9.8
        .5      11.1        .5       9.8
  4071   .308021  -.462031  -.831656
  30597.7  22674.6     -2.1     13.8      9.9     12.2
     -2.0     55.3      9.9     40.5  14171.8  14884.5
      -4.7      48.9       3.0      40.1
        .4      15.6        .7       8.9
        .8      11.2        .4       6.2
        .5      10.7        .3       6.0
  4072   .159801  -.479402  -.862924
  29629.4  21902.8     -2.1     13.8      9.9     22.3
     -2.2     55.5      9.9     51.0  13572.1  14443.1
      -6.3      47.2        .5      56.0
        .1      15.6        .4       7.1
        .6      11.3        .4       2.4
        .7      10.6        .5       2.2
  4073   .000000  -.485643  -.874157
  29128.7  21666.2     -2.3     13.9      9.9     24.4
     -2.1     55.7      9.9     53.2  13564.9  14173.1
      -4.4      46.2      -4.5      61.3
        .6      15.6        .1       7.4
        .6      11.4        .1       1.7
        .6      10.6        .0       1.5
  4074  -.080677  -.484060  -.871308
  29329.0  21707.2     -2.2     13.9      9.8     19.5
     -2.2     55.6      9.8     48.2  13304.6  13886.7
      -4.8      48.5      -4.6      51.4
        .5      15.5        .0       6.5
        .8      11.7        .1       3.5
        .7      10.8        .2       3.5
  4075  -.159801  -.479402  -.862924
  29667.0  22069.5     -2.3     14.2      9.8     14.4
     -2.5     55.8      9.8     43.0  13220.5  14122.8
      -3.9      49.3      -4.9      47.9
        .4      15.7        .3       7.7
        .4      11.6        .1       5.7
        .4      11.0        .0       5.4
  4076  -.235965  -.471929  -.849473
  30140.2  21663.1     -2.0     14.4      9.6     10.0
     -2.4     56.1      9.7     37.8  13604.3  14286.4
      -4.4      48.4      -3.6      44.9
        .3      15.6        .1      10.2
        .4      11.7        .0       7.5
        .6      11.2        .2       7.2
  4077  -.308021  -.462031  -.831656
  30742.8  19806.0     -2.0     14.5      9.7      7.0
     -2.0     56.0      9.7     32.5  13609.2  14257.3
      -5.3      50.6      -3.5      42.9
        .5      15.5        .0      12.8
        .6      11.6        .1       9.7
        .7      11.2        .0       9.2
  4078  -.375145  -.450175  -.810314
  31635.1  17471.4     -2.3     14.3      9.7      9.3
     -2.3     55.8     10.0     27.4  13149.6  14652.0
      -5.7      48.7      -5.2      45.1
        .4      15.5        .1      15.7
        .7      11.6       -.1      11.1
        .8      11.5        .3      11.2
  4079  -.436852  -.436852  -.786334
  32602.9  15911.7     -2.2     13.9      4.4     15.3
     -2.1     55.4      9.9     21.9  15132.6  15683.3
      -2.4      47.2      -2.9      41.1
        .3      15.6       -.1      18.3
        .8      11.5        .3      13.3
        .6      11.2        .0      12.9
  4080  -.492958  -.422535  -.760563
  33648.1  14396.3     -2.1     13.7      9.5     28.9
     -2.2     55.1     10.0     17.2  15694.9  16176.8
      -2.3      45.2      -3.8      43.8
        .4      15.5       -.3      19.8
        .7      11.4        .3      14.6
        .4      11.0        .3      15.0
  4081  -.543526  -.407645  -.733761
  34814.1  13268.9     -1.9     13.3      9.5     28.9
     -2.1     55.0      9.9     13.0  16134.9  16690.4
      -1.2      48.9      -4.9      43.5
        .3      15.0       -.1      20.5
        .7      11.1        .3      15.7
        .5      10.7        .1      16.4
  4082  -.629142  -.377485  -.679474
  37733.8  11753.9     -2.2     12.8      9.5     28.9
     -1.9     54.3      9.7     13.6  18242.9  19072.0
       -.5      47.9      -6.5      45.4
        .7      15.1       -.2      21.5
        .7      10.8        .3      16.3
        .9      10.7        .2      17.4
  4083  -.696733  -.348367  -.627060
  41147.8  10876.3     -2.1     12.0      9.5     28.9
     -2.3     53.3      9.5     57.7  21082.4  21686.3
      -2.4      50.6      -6.7      47.7
        .6      15.1        .1      23.9
        .7      10.2        .1      18.8
        .6       9.8        .1      19.0
  4084  -.749790  -.321338  -.578409
  44820.9  10204.1     -2.2     11.0      9.5     28.9
     -1.9     52.7      9.5     57.7  22924.8  23944.9
       1.0      56.0      -6.9      47.3
        .8      14.9       -.1      23.3
        .7      10.1        .0      19.1
        .9       9.7       -.1      19.8
  4085  -.791497  -.296812  -.534261
  48611.2   9752.8     -2.2     10.7      9.5     28.9
     -2.0     52.3      9.5     57.7  25486.4  26563.1
        .4      56.7      -5.9      48.5
        .9      14.6        .0      24.9
        .5       9.5       -.2      20.3
        .7       8.9        .2      20.1
  4086  -.824475  -.274825  -.494685
  52454.3   9537.4     -2.2     10.4      9.5     28.9
     -2.4     51.7      9.5     57.7  27408.4  28519.4
        .6      57.6      -8.1      48.8
        .5      14.3        .0      24.6
        .7       9.2        .1      20.6
        .8       8.7       -.4      21.6
  4087  -.850763  -.255229  -.459412
  56824.0   9265.0     -2.5     10.1      9.5     28.9
     -2.2     51.1      9.5     57.7  31405.7  32291.2
       1.5      57.7      -7.6      46.4
        .5      14.2       -.2      26.2
        .5       8.6       -.5      20.6
        .7       8.0       -.5      21.5
  4088  -.871918  -.237796  -.428033
  61260.1   9165.2     -2.0     11.0      9.5     28.9
     -2.1     50.5      9.5     57.7  31454.5  34019.2
       4.6      61.7      -7.9      48.3
        .4      13.9       -.4      25.4
        .9       8.5        .2      21.7
        .8       7.7        .1      23.7
  4089  -.889108  -.222277  -.400099
  65452.2   9021.4     -2.1     14.2      9.5     28.9
     -2.2     50.0      9.5     57.7  33968.8  36937.8
        .7      57.4      -9.6      48.7
        .2      14.0       -.7      26.0
        .6       8.1        .2      21.3
        .6       7.3        .2      23.4
  4090  -.903213  -.208434  -.375181
  70036.0   8933.9     -2.1     11.7      9.5     28.9
     -2.2     49.7      9.5     57.7  33308.9  37867.5
       1.4      62.8      -9.0      47.1
        .4      14.4       -.6      25.8
        .7       7.8       -.1      21.9
        .7       7.0       -.1      25.0
  4091  -.914896  -.196049  -.352888
  74608.8   8860.6     -1.8     17.1      9.5     28.9
     -2.0     49.6      9.5     57.7  34124.0  41080.9
       4.0      65.4      -8.9      45.4
       1.0      14.4       -.3      26.5
        .7       7.6        .2      21.5
        .5       6.7       -.4      26.3
  4092   .469758  -.845564  -.253669
 101384.7  14619.6     -2.8     43.3      9.5     28.9
     -2.8     86.6      9.5     57.7  58166.5  60830.3
     -12.6      58.0       5.1      54.4
       -.3      25.3       1.0      20.4
        .7      20.8        .4      14.7
        .4      21.4        .3      13.6
  4093   .431934  -.863868  -.259161
  98962.6  14559.2     -2.8     43.3      9.5     28.9
     -2.8     86.6      9.5     57.7  57553.5  59469.4
     -12.7      52.3       3.6      55.2
        .1      25.0        .5      18.6
        .2      21.4        .6      13.0
        .3      21.8        .5      12.2
  4094   .391687  -.881295  -.264388
  96901.3  14395.9     -2.8     43.3      9.5     28.9
     -2.8     86.6      9.5     57.7  55917.0  58431.0
     -11.7      53.0       2.5      56.8
        .0      24.5        .8      18.8
        .3      21.2        .4      12.9
        .5      21.6        .4      12.0
  4095   .349059  -.897580  -.269274
  95022.6  14116.7     -2.8     43.3      9.5     28.9
     -2.8     86.6      9.5     57.7  54125.3  55907.7
     -11.6      56.8       2.4      60.5
        .3      24.8        .5      17.0
        .6      21.9        .3      11.4
        .7      22.0        .3      10.5
  4096   .304150  -.912449  -.273735
  93124.0  13776.8     -2.8     43.3      9.5     28.9
     -2.8     86.6      9.5     57.7  54526.8  55829.1
     -12.5      55.3       3.9      67.0
       -.4      25.0        .8      18.2
        .7      21.4        .3      10.9
        .5      22.5        .5       9.8
  4097   .257118  -.925624  -.277687
  91850.4  13677.6     -2.8     43.3      9.5     28.9
     -2.8     86.6      8.7      5.6  52959.0  54739.9
     -13.6      57.6       3.2      64.5
        .2      25.8        .2      17.4
        .4      21.6        .4       9.2
       1.1      22.4        .3       8.1
  4098   .208187  -.936839  -.281052
  90570.7  13479.2     -2.8     43.3      9.5     28.9
     -2.8     86.6      9.8     10.9  51637.5  53605.6
     -10.8      56.7       -.4      67.7
       -.2      25.1        .0      16.8
        .5      21.9        .4       8.7
        .6      22.3        .5       7.3
  4099   .157642  -.945850  -.283755
  89510.5  13315.0     -2.8     43.3      9.5     28.9
     -2.8     86.6      9.6     23.6  51059.9  52607.5
     -13.9      55.5       -.9      70.9
       -.1      25.2        .4      16.7
        .8      21.6        .3       7.1
        .6      22.1        .3       5.8
  4100   .105828  -.952448  -.285734
  88456.5  13232.5     -2.8     43.3     10.0      7.9
     -2.8     86.6      9.8     36.4  50724.9  52364.9
     -12.7      52.2      -1.4      83.7
       -.6      24.8        .4      17.0
        .6      21.3        .4       4.8
        .0      21.7        .4       3.5
  4101   .053137  -.956473  -.286942
  88400.0  13258.4     -2.8     43.3      9.3     20.5
     -2.8     86.6      9.3     49.0  51660.2  53085.5
     -10.4      51.2      -3.0      93.0
       -.3      25.0       -.6      31.3
        .4      21.4        .2       4.6
       -.6      21.7        .4       2.6
  4102   .000000  -.957826  -.287348
  87931.9  13175.9     -2.8     43.3     10.2     23.3
     -2.8     86.6     10.2     51.7  51452.2  53066.3
     -11.0      52.2      -8.4     101.7
       -.1      24.8       -.6      35.1
        .2      21.3        .2       6.5
        .3      21.9        .2       1.6
  4103  -.026597  -.957487  -.287246
  87927.9  13182.4     -2.8     43.3     10.1     17.0
     -2.8     86.6     10.0     45.5  51088.1  52777.9
     -11.2      54.6      -8.8      95.4
        .1      24.6      -1.0      25.3
        .0      21.5        .1       4.8
        .1      22.4        .1       3.0
  4104  -.053137  -.956473  -.286942
  88501.4  13298.1     -2.8     43.3     10.0     10.6
     -2.8     86.6     10.0     39.1  51310.0  52602.3
     -10.2      53.7      -7.5      84.8
       -.2      25.3       -.7      20.4
        .3      21.3        .3       4.9
        .0      21.8        .2       3.1
  4105  -.079566  -.954790  -.286437
  88542.2  13209.8     -2.8     43.3      9.8      4.5
     -2.8     86.6      9.8     32.8  51005.0  52654.0
     -10.8      56.4      -8.1      78.2
       -.7      25.7        .0      17.4
        .5      21.4        .2       5.2
        .2      22.1        .2       4.2
  4106  -.105828  -.952448  -.285734
  88667.2  13228.8     -2.8     43.3      9.5     28.9
     -2.8     86.6      9.8     26.5  51392.1  52583.2
     -11.0      53.8     -12.5      77.0
       -.3      24.7       -.1      16.0
        .6      21.3        .2       6.6
        .3      22.1        .2       5.1
  4107  -.131870  -.949462  -.284838
  89464.3  13251.9     -2.8     43.3      9.5     28.9
     -2.8     86.6      9.8     20.1  51426.8  52809.2
      -9.4      52.1     -11.3      71.5
        .4      25.0       -.5      16.7
        .6      21.4        .2       7.7
        .2      22.5        .2       6.2
  4108  -.157642  -.945850  -.283755
  89403.3  13325.3     -2.8     43.3      9.5     28.9
     -2.8     86.6      9.8     13.7  51511.4  52862.9
     -11.3      54.3      -7.6      71.1
       -.1      25.2       -.3      17.5
        .3      22.0        .1       8.5
        .2      22.5        .2       7.1
  4109  -.183096  -.941634  -.282490
  90083.0  13381.7     -2.8     43.3      9.5     28.9
     -2.8     86.6      9.9      7.8  51475.5  52868.1
     -11.6      51.1      -9.1      62.1
        .3      25.6       -.2      17.0
        .6      21.9        .2       8.6
       -.3      22.5       -.1       7.7
  4110  -.208187  -.936839  -.281052
  90787.1  13412.4     -2.8     43.3      9.5     28.9
     -2.8     86.6      9.7      4.8  51872.6  53643.3
     -11.9      52.9      -8.6      66.5
       -.2      25.3       -.4      16.9
        .3      22.0        .1       9.1
        .8      21.7        .2       7.5
  4111  -.257118  -.925624  -.277687
  91594.4  13675.4     -2.8     43.3      9.5     28.9
     -2.8     86.6      9.5     57.7  52383.0  54456.6
     -10.7      50.7     -15.2      64.3
        .2      25.7       -.4      17.9
        .8      21.6        .2      10.7
        .3      23.1        .1       9.7
  4112  -.304150  -.912449  -.273735
  93628.0  13840.3     -2.8     43.3      9.5     28.9
     -2.8     86.6      9.5     57.7  53444.8  55247.9
     -11.2      54.7     -12.2      60.1
        .2      25.7       -.2      18.1
        .6      21.9        .3      11.2
        .5      22.0        .1      10.6
  4113  -.349059  -.897580  -.269274
  95102.0  14075.9     -2.8     43.3      9.5     28.9
     -2.8     86.6      9.5     57.7  54926.8  57262.4
      -7.5      54.8     -12.5      57.9
       -.2      24.8       -.4      18.5
        .3      21.7        .2      12.9
        .5      22.0        .4      11.9
  4114  -.391687  -.881295  -.264388
  96955.6  14240.1     -2.8     43.3      9.5     28.9
     -2.8     86.6      9.5     57.7  56642.6  58177.9
     -10.4      54.7     -13.1      54.4
        .0      24.8       -.4      18.7
        .7      21.4        .1      13.4
        .3      22.3        .1      13.1
  4115  -.431934  -.863868  -.259161
  99066.6  14314.5     -2.8     43.3      9.5     28.9
     -2.8     86.6      9.5     57.7  57453.7  60037.3
      -9.1      56.9     -11.4      54.7
       -.5      24.9       -.8      19.5
        .7      21.6        .1      14.4
        .4      21.8        .1      13.2
  4116  -.469758  -.845564  -.253669
 101507.2  14330.1     -2.8     43.3      9.5     28.9
     -2.8     86.6      9.5     57.7  58544.2  60379.1
      -9.0      55.7      -9.8      49.2
        .4      25.1       -.3      20.6
        .9      20.7        .2      15.2
        .4      22.2       -.1      15.2
  4117  -.505162  -.826628  -.247988
 103842.0  14161.4     -2.8     43.3      9.5     28.9
     -2.8     86.6      9.5     57.7  57878.9  60074.8
     -10.5      55.1     -13.2      50.4
        .1      24.4       -.6      21.6
        .8      20.8        .1      15.9
        .4      22.5        .2      15.1
  4118  -.538187  -.807280  -.242184
 106229.8  13959.4     -2.8     43.3      9.5     28.9
     -2.8     86.6      9.5     57.7  59454.7  61305.7
      -6.9      59.3      -9.5      49.8
        .1      24.1       -.7      21.0
        .4      21.0       -.1      17.5
        .7      21.3        .1      17.9
  4119  -.568907  -.787718  -.236315
 108912.9  13650.8     -2.8     43.3      9.5     28.9
     -2.8     86.6      9.5     57.7  62912.6  64997.9
      -8.0      57.7      -7.2      43.7
        .3      24.7       -.5      21.5
        .3      21.3       -.1      17.3
        .8      20.4        .2      17.3
  4120  -.597418  -.768109  -.230433
 111782.7  13252.4     -2.8     43.3      9.5     28.9
     -2.8     86.6      9.5     57.7  66800.3  68431.6
      -8.0      60.3      -9.8      41.7
       -.1      24.1       -.7      22.6
        .7      19.6        .1      18.1
        .4      19.9        .0      17.4
